[  0%] [34m[1mPerforming build step for 'int32_publisher'[0m
[  0%] [34m[1mPerforming build step for 'subscription_count'[0m
[  1%] [34m[1mPerforming build step for 'graph_visualizer'[0m
[  1%] [34m[1mPerforming build step for 'publisher_count'[0m
[  2%] [34m[1mPerforming build step for 'configured_subscriber'[0m
[  3%] [34m[1mPerforming build step for 'int32_subscriber'[0m
[  4%] [34m[1mPerforming build step for 'configured_publisher'[0m
[100%] Built target subscription_count
[100%] Built target graph_visualizer
[100%] Built target int32_publisher
[100%] Built target publisher_count
[100%] Built target int32_subscriber
[100%] Built target configured_publisher
[100%] Built target configured_subscriber
[  4%] [34m[1mPerforming install step for 'subscription_count'[0m
[  5%] [34m[1mPerforming install step for 'int32_publisher'[0m
[  5%] [34m[1mPerforming install step for 'graph_visualizer'[0m
[  6%] [34m[1mPerforming install step for 'publisher_count'[0m
[  6%] [34m[1mPerforming install step for 'configured_publisher'[0m
[  6%] [34m[1mPerforming install step for 'configured_subscriber'[0m
[  6%] [34m[1mPerforming install step for 'int32_subscriber'[0m
[100%] Built target int32_publisher
[100%] Built target publisher_count
[100%] Built target subscription_count
[100%] Built target graph_visualizer
[100%] Built target configured_subscriber
[36mInstall the project...[0m
[100%] Built target configured_publisher
[100%] Built target int32_subscriber
[36mInstall the project...[0m
[36mInstall the project...[0m
[36mInstall the project...[0m
-- Install configuration: ""
-- Up-to-date: /home/robot/app/robot_ws/build/micro_ros_demos_rclc/temp_install/int32_publisher/int32_publisher
-- Install configuration: ""
-- Up-to-date: /home/robot/app/robot_ws/build/micro_ros_demos_rclc/temp_install/publisher_count/publisher_count
-- Install configuration: ""
-- Install configuration: ""
-- Up-to-date: /home/robot/app/robot_ws/build/micro_ros_demos_rclc/temp_install/graph_visualizer/graph_visualizer
-- Up-to-date: /home/robot/app/robot_ws/build/micro_ros_demos_rclc/temp_install/subscription_count/subscription_count
[36mInstall the project...[0m
[36mInstall the project...[0m
[36mInstall the project...[0m
[  7%] [34m[1mCompleted 'int32_publisher'[0m
-- Install configuration: ""
-- Up-to-date: /home/robot/app/robot_ws/build/micro_ros_demos_rclc/temp_install/configured_subscriber/configured_subscriber
-- Install configuration: ""
[  7%] [34m[1mCompleted 'graph_visualizer'[0m
-- Up-to-date: /home/robot/app/robot_ws/build/micro_ros_demos_rclc/temp_install/configured_publisher/configured_publisher
[  8%] [34m[1mCompleted 'publisher_count'[0m
[  9%] [34m[1mCompleted 'subscription_count'[0m
-- Install configuration: ""
-- Up-to-date: /home/robot/app/robot_ws/build/micro_ros_demos_rclc/temp_install/int32_subscriber/int32_subscriber
[  9%] [34m[1mCompleted 'configured_subscriber'[0m
[  9%] [34m[1mCompleted 'configured_publisher'[0m
[  9%] [34m[1mCompleted 'int32_subscriber'[0m
[ 11%] Built target int32_publisher
[ 13%] Built target publisher_count
[ 16%] Built target graph_visualizer
[ 19%] Built target subscription_count
[ 19%] [34m[1mPerforming build step for 'addtwoints_server'[0m
[ 21%] Built target int32_subscriber
[ 23%] Built target configured_subscriber
[ 23%] [34m[1mPerforming build step for 'addtwoints_client'[0m
[ 26%] Built target configured_publisher
[ 27%] [34m[1mPerforming build step for 'fibonacci_action_server'[0m
[ 27%] [34m[1mPerforming build step for 'fibonacci_action_client'[0m
[ 28%] [34m[1mPerforming build step for 'int32_multinode'[0m
[ 28%] [34m[1mPerforming build step for 'int32_publisher_subscriber'[0m
[ 29%] [34m[1mPerforming build step for 'ping_pong'[0m
[100%] Built target addtwoints_server
[100%] Built target fibonacci_action_server
[100%] Built target addtwoints_client
[100%] Built target fibonacci_action_client
[100%] Built target int32_multinode
[ 29%] [34m[1mPerforming install step for 'fibonacci_action_server'[0m
[ 30%] [34m[1mPerforming install step for 'addtwoints_server'[0m
[100%] Built target int32_publisher_subscriber
[ 31%] [34m[1mPerforming install step for 'addtwoints_client'[0m
[100%] Built target ping_pong
[ 31%] [34m[1mPerforming install step for 'fibonacci_action_client'[0m
[ 31%] [34m[1mPerforming install step for 'int32_multinode'[0m
[ 31%] [34m[1mPerforming install step for 'int32_publisher_subscriber'[0m
[ 31%] [34m[1mPerforming install step for 'ping_pong'[0m
[100%] Built target addtwoints_server
[100%] Built target fibonacci_action_server
[100%] Built target addtwoints_client
[100%] Built target fibonacci_action_client
[100%] Built target int32_multinode
[36mInstall the project...[0m
[36mInstall the project...[0m
[100%] Built target int32_publisher_subscriber
[36mInstall the project...[0m
-- Install configuration: ""
-- Up-to-date: /home/robot/app/robot_ws/build/micro_ros_demos_rclc/temp_install/addtwoints_server/addtwoints_server
[100%] Built target ping_pong
-- Install configuration: ""
-- Up-to-date: /home/robot/app/robot_ws/build/micro_ros_demos_rclc/temp_install/fibonacci_action_server/fibonacci_action_server
[36mInstall the project...[0m
-- Install configuration: ""
[36mInstall the project...[0m
-- Up-to-date: /home/robot/app/robot_ws/build/micro_ros_demos_rclc/temp_install/fibonacci_action_client/fibonacci_action_client
-- Install configuration: ""
-- Up-to-date: /home/robot/app/robot_ws/build/micro_ros_demos_rclc/temp_install/addtwoints_client/addtwoints_client
[36mInstall the project...[0m
[ 31%] [34m[1mCompleted 'fibonacci_action_server'[0m
-- Install configuration: ""
-- Up-to-date: /home/robot/app/robot_ws/build/micro_ros_demos_rclc/temp_install/int32_multinode/int32_multinode
[36mInstall the project...[0m
[ 32%] [34m[1mCompleted 'addtwoints_server'[0m
-- Install configuration: ""
-- Up-to-date: /home/robot/app/robot_ws/build/micro_ros_demos_rclc/temp_install/ping_pong/ping_pong
[ 33%] [34m[1mCompleted 'fibonacci_action_client'[0m
-- Install configuration: ""
-- Up-to-date: /home/robot/app/robot_ws/build/micro_ros_demos_rclc/temp_install/int32_publisher_subscriber/int32_publisher_subscriber
[ 33%] [34m[1mCompleted 'addtwoints_client'[0m
[ 33%] [34m[1mCompleted 'int32_multinode'[0m
[ 33%] [34m[1mCompleted 'ping_pong'[0m
[ 34%] [34m[1mCompleted 'int32_publisher_subscriber'[0m
[ 36%] Built target addtwoints_server
[ 39%] Built target fibonacci_action_server
[ 41%] Built target addtwoints_client
[ 42%] [34m[1mPerforming build step for 'ping_uros_agent'[0m
[ 45%] Built target ping_pong
[ 48%] Built target fibonacci_action_client
[ 51%] Built target int32_publisher_subscriber
[ 51%] [34m[1mPerforming build step for 'fragmented_publication'[0m
[ 53%] Built target int32_multinode
[ 54%] [34m[1mPerforming build step for 'complex_msg_publisher'[0m
[ 54%] [34m[1mPerforming build step for 'fragmented_subscription'[0m
[ 55%] [34m[1mPerforming build step for 'timer'[0m
[ 55%] [34m[1mPerforming build step for 'complex_msg_subscriber'[0m
[ 56%] [34m[1mPerforming build step for 'string_publisher'[0m
[ 56%] [34m[1mPerforming build step for 'string_subscriber'[0m
[100%] Built target ping_uros_agent
[100%] Built target fragmented_subscription
[100%] Built target fragmented_publication
[100%] Built target complex_msg_publisher
[ 57%] [34m[1mPerforming install step for 'ping_uros_agent'[0m
[100%] Built target timer
[100%] Built target complex_msg_subscriber
[100%] Built target string_publisher
[100%] Built target string_subscriber
[ 58%] [34m[1mPerforming install step for 'fragmented_subscription'[0m
[ 58%] [34m[1mPerforming install step for 'string_publisher'[0m
[ 58%] [34m[1mPerforming install step for 'timer'[0m
[ 59%] [34m[1mPerforming install step for 'fragmented_publication'[0m
[ 60%] [34m[1mPerforming install step for 'complex_msg_publisher'[0m
[ 61%] [34m[1mPerforming install step for 'complex_msg_subscriber'[0m
[ 62%] [34m[1mPerforming install step for 'string_subscriber'[0m
[100%] Built target ping_uros_agent
[100%] Built target fragmented_subscription
[100%] Built target fragmented_publication
[36mInstall the project...[0m
[100%] Built target complex_msg_subscriber
[100%] Built target complex_msg_publisher
[36mInstall the project...[0m
[100%] Built target string_publisher
[100%] Built target timer
-- Install configuration: ""
-- Up-to-date: /home/robot/app/robot_ws/build/micro_ros_demos_rclc/temp_install/ping_uros_agent/ping_uros_agent
-- Install configuration: ""
-- Up-to-date: /home/robot/app/robot_ws/build/micro_ros_demos_rclc/temp_install/fragmented_subscription/fragmented_subscription
[36mInstall the project...[0m
[100%] Built target string_subscriber
[36mInstall the project...[0m
[ 62%] [34m[1mCompleted 'ping_uros_agent'[0m
[36mInstall the project...[0m
-- Install configuration: ""
-- Up-to-date: /home/robot/app/robot_ws/build/micro_ros_demos_rclc/temp_install/timer/timer
[36mInstall the project...[0m
-- Install configuration: ""
-- Up-to-date: /home/robot/app/robot_ws/build/micro_ros_demos_rclc/temp_install/fragmented_publication/fragmented_publication
[ 63%] [34m[1mCompleted 'fragmented_subscription'[0m
[36mInstall the project...[0m
-- Install configuration: ""
-- Up-to-date: /home/robot/app/robot_ws/build/micro_ros_demos_rclc/temp_install/complex_msg_publisher/complex_msg_publisher
-- Install configuration: ""
-- Up-to-date: /home/robot/app/robot_ws/build/micro_ros_demos_rclc/temp_install/string_publisher/string_publisher
[36mInstall the project...[0m
[ 63%] [34m[1mCompleted 'timer'[0m
-- Install configuration: ""
-- Up-to-date: /home/robot/app/robot_ws/build/micro_ros_demos_rclc/temp_install/complex_msg_subscriber/complex_msg_subscriber
[ 64%] Built target ping_uros_agent
[ 64%] [34m[1mCompleted 'string_publisher'[0m
-- Install configuration: ""
-- Up-to-date: /home/robot/app/robot_ws/build/micro_ros_demos_rclc/temp_install/string_subscriber/string_subscriber
[ 64%] [34m[1mCompleted 'complex_msg_publisher'[0m
[ 64%] [34m[1mCompleted 'fragmented_publication'[0m
[ 65%] [34m[1mCompleted 'complex_msg_subscriber'[0m
[ 66%] [34m[1mCompleted 'string_subscriber'[0m
[ 68%] Built target fragmented_subscription
[ 69%] [34m[1mPerforming build step for 'autodiscover_agent'[0m
[ 70%] Built target complex_msg_publisher
[ 73%] Built target timer
[ 75%] Built target string_publisher
[ 77%] Built target fragmented_publication
[ 78%] [34m[1mPerforming build step for 'static_type_handling'[0m
[ 80%] Built target string_subscriber
[ 80%] [34m[1mPerforming build step for 'epoch_synchronization'[0m
[ 82%] Built target complex_msg_subscriber
[ 82%] [34m[1mPerforming build step for 'multithread_publisher_subscriber'[0m
[ 82%] [34m[1mPerforming build step for 'parameter_server'[0m
[100%] Built target autodiscover_agent
[ 82%] [34m[1mPerforming install step for 'autodiscover_agent'[0m
[100%] Built target static_type_handling
[100%] Built target epoch_synchronization
[ 82%] [34m[1mPerforming install step for 'static_type_handling'[0m
[100%] Built target multithread_publisher_subscriber
[100%] Built target parameter_server
[ 83%] [34m[1mPerforming install step for 'epoch_synchronization'[0m
[ 84%] [34m[1mPerforming install step for 'multithread_publisher_subscriber'[0m
[100%] Built target autodiscover_agent
[ 84%] [34m[1mPerforming install step for 'parameter_server'[0m
[36mInstall the project...[0m
[100%] Built target static_type_handling
-- Install configuration: ""
-- Up-to-date: /home/robot/app/robot_ws/build/micro_ros_demos_rclc/temp_install/autodiscover_agent/autodiscover_agent
[100%] Built target epoch_synchronization
[36mInstall the project...[0m
[ 84%] [34m[1mCompleted 'autodiscover_agent'[0m
[100%] Built target multithread_publisher_subscriber
-- Install configuration: ""
-- Up-to-date: /home/robot/app/robot_ws/build/micro_ros_demos_rclc/temp_install/static_type_handling/static_type_handling
[100%] Built target parameter_server
[36mInstall the project...[0m
-- Install configuration: ""
-- Up-to-date: /home/robot/app/robot_ws/build/micro_ros_demos_rclc/temp_install/epoch_synchronization/epoch_synchronization
[ 84%] [34m[1mCompleted 'static_type_handling'[0m
[36mInstall the project...[0m
[36mInstall the project...[0m
-- Install configuration: ""
-- Up-to-date: /home/robot/app/robot_ws/build/micro_ros_demos_rclc/temp_install/parameter_server/parameter_server
-- Install configuration: ""
-- Up-to-date: /home/robot/app/robot_ws/build/micro_ros_demos_rclc/temp_install/multithread_publisher_subscriber/multithread_publisher_subscriber
[ 87%] Built target autodiscover_agent
[ 88%] [34m[1mCompleted 'epoch_synchronization'[0m
[ 90%] [34m[1mCompleted 'parameter_server'[0m
[ 90%] [34m[1mCompleted 'multithread_publisher_subscriber'[0m
[ 93%] Built target static_type_handling
[ 95%] Built target epoch_synchronization
[ 98%] Built target parameter_server
[100%] Built target multithread_publisher_subscriber
-- Install configuration: ""
-- Up-to-date: /home/robot/app/robot_ws/install/micro_ros_demos_rclc/lib/micro_ros_demos_rclc
-- Up-to-date: /home/robot/app/robot_ws/install/micro_ros_demos_rclc/lib/micro_ros_demos_rclc/subscription_count
-- Up-to-date: /home/robot/app/robot_ws/install/micro_ros_demos_rclc/lib/micro_ros_demos_rclc/subscription_count/subscription_count
-- Up-to-date: /home/robot/app/robot_ws/install/micro_ros_demos_rclc/lib/micro_ros_demos_rclc/complex_msg_publisher
-- Up-to-date: /home/robot/app/robot_ws/install/micro_ros_demos_rclc/lib/micro_ros_demos_rclc/complex_msg_publisher/complex_msg_publisher
-- Up-to-date: /home/robot/app/robot_ws/install/micro_ros_demos_rclc/lib/micro_ros_demos_rclc/fibonacci_action_client
-- Up-to-date: /home/robot/app/robot_ws/install/micro_ros_demos_rclc/lib/micro_ros_demos_rclc/fibonacci_action_client/fibonacci_action_client
-- Up-to-date: /home/robot/app/robot_ws/install/micro_ros_demos_rclc/lib/micro_ros_demos_rclc/fragmented_subscription
-- Up-to-date: /home/robot/app/robot_ws/install/micro_ros_demos_rclc/lib/micro_ros_demos_rclc/fragmented_subscription/fragmented_subscription
-- Up-to-date: /home/robot/app/robot_ws/install/micro_ros_demos_rclc/lib/micro_ros_demos_rclc/ping_uros_agent
-- Up-to-date: /home/robot/app/robot_ws/install/micro_ros_demos_rclc/lib/micro_ros_demos_rclc/ping_uros_agent/ping_uros_agent
-- Up-to-date: /home/robot/app/robot_ws/install/micro_ros_demos_rclc/lib/micro_ros_demos_rclc/ping_pong
-- Up-to-date: /home/robot/app/robot_ws/install/micro_ros_demos_rclc/lib/micro_ros_demos_rclc/ping_pong/ping_pong
-- Up-to-date: /home/robot/app/robot_ws/install/micro_ros_demos_rclc/lib/micro_ros_demos_rclc/int32_publisher
-- Up-to-date: /home/robot/app/robot_ws/install/micro_ros_demos_rclc/lib/micro_ros_demos_rclc/int32_publisher/int32_publisher
-- Up-to-date: /home/robot/app/robot_ws/install/micro_ros_demos_rclc/lib/micro_ros_demos_rclc/string_publisher
-- Up-to-date: /home/robot/app/robot_ws/install/micro_ros_demos_rclc/lib/micro_ros_demos_rclc/string_publisher/string_publisher
-- Up-to-date: /home/robot/app/robot_ws/install/micro_ros_demos_rclc/lib/micro_ros_demos_rclc/parameter_server
-- Up-to-date: /home/robot/app/robot_ws/install/micro_ros_demos_rclc/lib/micro_ros_demos_rclc/parameter_server/parameter_server
-- Up-to-date: /home/robot/app/robot_ws/install/micro_ros_demos_rclc/lib/micro_ros_demos_rclc/int32_subscriber
-- Up-to-date: /home/robot/app/robot_ws/install/micro_ros_demos_rclc/lib/micro_ros_demos_rclc/int32_subscriber/int32_subscriber
-- Up-to-date: /home/robot/app/robot_ws/install/micro_ros_demos_rclc/lib/micro_ros_demos_rclc/static_type_handling
-- Up-to-date: /home/robot/app/robot_ws/install/micro_ros_demos_rclc/lib/micro_ros_demos_rclc/static_type_handling/static_type_handling
-- Up-to-date: /home/robot/app/robot_ws/install/micro_ros_demos_rclc/lib/micro_ros_demos_rclc/configured_publisher
-- Up-to-date: /home/robot/app/robot_ws/install/micro_ros_demos_rclc/lib/micro_ros_demos_rclc/configured_publisher/configured_publisher
-- Up-to-date: /home/robot/app/robot_ws/install/micro_ros_demos_rclc/lib/micro_ros_demos_rclc/fibonacci_action_server
-- Up-to-date: /home/robot/app/robot_ws/install/micro_ros_demos_rclc/lib/micro_ros_demos_rclc/fibonacci_action_server/fibonacci_action_server
-- Up-to-date: /home/robot/app/robot_ws/install/micro_ros_demos_rclc/lib/micro_ros_demos_rclc/complex_msg_subscriber
-- Up-to-date: /home/robot/app/robot_ws/install/micro_ros_demos_rclc/lib/micro_ros_demos_rclc/complex_msg_subscriber/complex_msg_subscriber
-- Up-to-date: /home/robot/app/robot_ws/install/micro_ros_demos_rclc/lib/micro_ros_demos_rclc/addtwoints_client
-- Up-to-date: /home/robot/app/robot_ws/install/micro_ros_demos_rclc/lib/micro_ros_demos_rclc/addtwoints_client/addtwoints_client
-- Up-to-date: /home/robot/app/robot_ws/install/micro_ros_demos_rclc/lib/micro_ros_demos_rclc/configured_subscriber
-- Up-to-date: /home/robot/app/robot_ws/install/micro_ros_demos_rclc/lib/micro_ros_demos_rclc/configured_subscriber/configured_subscriber
-- Up-to-date: /home/robot/app/robot_ws/install/micro_ros_demos_rclc/lib/micro_ros_demos_rclc/int32_publisher_subscriber
-- Up-to-date: /home/robot/app/robot_ws/install/micro_ros_demos_rclc/lib/micro_ros_demos_rclc/int32_publisher_subscriber/int32_publisher_subscriber
-- Up-to-date: /home/robot/app/robot_ws/install/micro_ros_demos_rclc/lib/micro_ros_demos_rclc/publisher_count
-- Up-to-date: /home/robot/app/robot_ws/install/micro_ros_demos_rclc/lib/micro_ros_demos_rclc/publisher_count/publisher_count
-- Up-to-date: /home/robot/app/robot_ws/install/micro_ros_demos_rclc/lib/micro_ros_demos_rclc/addtwoints_server
-- Up-to-date: /home/robot/app/robot_ws/install/micro_ros_demos_rclc/lib/micro_ros_demos_rclc/addtwoints_server/addtwoints_server
-- Up-to-date: /home/robot/app/robot_ws/install/micro_ros_demos_rclc/lib/micro_ros_demos_rclc/fragmented_publication
-- Up-to-date: /home/robot/app/robot_ws/install/micro_ros_demos_rclc/lib/micro_ros_demos_rclc/fragmented_publication/fragmented_publication
-- Up-to-date: /home/robot/app/robot_ws/install/micro_ros_demos_rclc/lib/micro_ros_demos_rclc/multithread_publisher_subscriber
-- Up-to-date: /home/robot/app/robot_ws/install/micro_ros_demos_rclc/lib/micro_ros_demos_rclc/multithread_publisher_subscriber/multithread_publisher_subscriber
-- Up-to-date: /home/robot/app/robot_ws/install/micro_ros_demos_rclc/lib/micro_ros_demos_rclc/string_subscriber
-- Up-to-date: /home/robot/app/robot_ws/install/micro_ros_demos_rclc/lib/micro_ros_demos_rclc/string_subscriber/string_subscriber
-- Up-to-date: /home/robot/app/robot_ws/install/micro_ros_demos_rclc/lib/micro_ros_demos_rclc/graph_visualizer
-- Up-to-date: /home/robot/app/robot_ws/install/micro_ros_demos_rclc/lib/micro_ros_demos_rclc/graph_visualizer/graph_visualizer
-- Up-to-date: /home/robot/app/robot_ws/install/micro_ros_demos_rclc/lib/micro_ros_demos_rclc/timer
-- Up-to-date: /home/robot/app/robot_ws/install/micro_ros_demos_rclc/lib/micro_ros_demos_rclc/timer/timer
-- Up-to-date: /home/robot/app/robot_ws/install/micro_ros_demos_rclc/lib/micro_ros_demos_rclc/epoch_synchronization
-- Up-to-date: /home/robot/app/robot_ws/install/micro_ros_demos_rclc/lib/micro_ros_demos_rclc/epoch_synchronization/epoch_synchronization
-- Up-to-date: /home/robot/app/robot_ws/install/micro_ros_demos_rclc/lib/micro_ros_demos_rclc/autodiscover_agent
-- Up-to-date: /home/robot/app/robot_ws/install/micro_ros_demos_rclc/lib/micro_ros_demos_rclc/autodiscover_agent/autodiscover_agent
-- Up-to-date: /home/robot/app/robot_ws/install/micro_ros_demos_rclc/lib/micro_ros_demos_rclc/int32_multinode
-- Up-to-date: /home/robot/app/robot_ws/install/micro_ros_demos_rclc/lib/micro_ros_demos_rclc/int32_multinode/int32_multinode
-- Up-to-date: /home/robot/app/robot_ws/install/micro_ros_demos_rclc/share/ament_index/resource_index/package_run_dependencies/micro_ros_demos_rclc
-- Up-to-date: /home/robot/app/robot_ws/install/micro_ros_demos_rclc/share/ament_index/resource_index/parent_prefix_path/micro_ros_demos_rclc
-- Up-to-date: /home/robot/app/robot_ws/install/micro_ros_demos_rclc/share/micro_ros_demos_rclc/environment/ament_prefix_path.sh
-- Up-to-date: /home/robot/app/robot_ws/install/micro_ros_demos_rclc/share/micro_ros_demos_rclc/environment/ament_prefix_path.dsv
-- Up-to-date: /home/robot/app/robot_ws/install/micro_ros_demos_rclc/share/micro_ros_demos_rclc/environment/path.sh
-- Up-to-date: /home/robot/app/robot_ws/install/micro_ros_demos_rclc/share/micro_ros_demos_rclc/environment/path.dsv
-- Up-to-date: /home/robot/app/robot_ws/install/micro_ros_demos_rclc/share/micro_ros_demos_rclc/local_setup.bash
-- Up-to-date: /home/robot/app/robot_ws/install/micro_ros_demos_rclc/share/micro_ros_demos_rclc/local_setup.sh
-- Up-to-date: /home/robot/app/robot_ws/install/micro_ros_demos_rclc/share/micro_ros_demos_rclc/local_setup.zsh
-- Up-to-date: /home/robot/app/robot_ws/install/micro_ros_demos_rclc/share/micro_ros_demos_rclc/local_setup.dsv
-- Installing: /home/robot/app/robot_ws/install/micro_ros_demos_rclc/share/micro_ros_demos_rclc/package.dsv
-- Up-to-date: /home/robot/app/robot_ws/install/micro_ros_demos_rclc/share/ament_index/resource_index/packages/micro_ros_demos_rclc
-- Up-to-date: /home/robot/app/robot_ws/install/micro_ros_demos_rclc/share/micro_ros_demos_rclc/cmake/micro_ros_demos_rclcConfig.cmake
-- Up-to-date: /home/robot/app/robot_ws/install/micro_ros_demos_rclc/share/micro_ros_demos_rclc/cmake/micro_ros_demos_rclcConfig-version.cmake
-- Up-to-date: /home/robot/app/robot_ws/install/micro_ros_demos_rclc/share/micro_ros_demos_rclc/package.xml
