[0.030s] Invoking command in '/home/robot/app/robot_ws/build/diagnostic_msgs': AMENT_PREFIX_PATH=/home/robot/app/robot_ws/install/geometry_msgs:/home/robot/app/robot_ws/install/std_msgs:/home/robot/app/robot_ws/install/builtin_interfaces:${AMENT_PREFIX_PATH} CMAKE_PREFIX_PATH=/home/robot/app/robot_ws/install/geometry_msgs:/home/robot/app/robot_ws/install/std_msgs:/home/robot/app/robot_ws/install/builtin_interfaces:/home/robot/app/robot_ws/install/rosidl_typesupport_microxrcedds_cpp:/home/robot/app/robot_ws/install/rosidl_typesupport_microxrcedds_c:/home/robot/app/robot_ws/install/microcdr:/home/robot/app/robot_ws/install/micro_ros_setup:/opt/ros/humble LD_LIBRARY_PATH=/home/robot/app/robot_ws/install/geometry_msgs/lib:/home/robot/app/robot_ws/install/std_msgs/lib:/home/robot/app/robot_ws/install/builtin_interfaces/lib:${LD_LIBRARY_PATH} PYTHONPATH=/home/robot/app/robot_ws/install/geometry_msgs/local/lib/python3.10/dist-packages:/home/robot/app/robot_ws/install/std_msgs/local/lib/python3.10/dist-packages:/home/robot/app/robot_ws/install/builtin_interfaces/local/lib/python3.10/dist-packages:${PYTHONPATH} /usr/bin/cmake /home/robot/app/robot_ws/src/ros2/common_interfaces/diagnostic_msgs -DBUILD_TESTING=OFF -DBUILD_SHARED_LIBS=ON -DCMAKE_INSTALL_PREFIX=/home/robot/app/robot_ws/install/diagnostic_msgs
[0.116s] -- The C compiler identification is GNU 11.4.0
[0.208s] -- The CXX compiler identification is GNU 11.4.0
[0.220s] -- Detecting C compiler ABI info
[0.333s] -- Detecting C compiler ABI info - done
[0.344s] -- Check for working C compiler: /usr/bin/cc - skipped
[0.345s] -- Detecting C compile features
[0.345s] -- Detecting C compile features - done
[0.350s] -- Detecting CXX compiler ABI info
[0.472s] -- Detecting CXX compiler ABI info - done
[0.492s] -- Check for working CXX compiler: /usr/bin/c++ - skipped
[0.492s] -- Detecting CXX compile features
[0.492s] -- Detecting CXX compile features - done
[0.495s] -- Found ament_cmake: 1.3.10 (/opt/ros/humble/share/ament_cmake/cmake)
[0.757s] -- Found Python3: /usr/bin/python3 (found version "3.10.12") found components: Interpreter 
[0.901s] -- Found rosidl_default_generators: 1.2.0 (/opt/ros/humble/share/rosidl_default_generators/cmake)
[0.906s] -- Using all available rosidl_typesupport_c: rosidl_typesupport_microxrcedds_c;rosidl_typesupport_fastrtps_c;rosidl_typesupport_introspection_c
[0.922s] -- Found rosidl_adapter: 3.1.5 (/opt/ros/humble/share/rosidl_adapter/cmake)
[1.045s] -- Using all available rosidl_typesupport_cpp: rosidl_typesupport_microxrcedds_cpp;rosidl_typesupport_fastrtps_cpp;rosidl_typesupport_introspection_cpp
[1.116s] -- Found std_msgs: 4.2.4 (/home/robot/app/robot_ws/install/std_msgs/share/std_msgs/cmake)
[1.668s] -- Found ament_cmake_ros: 0.10.0 (/opt/ros/humble/share/ament_cmake_ros/cmake)
[2.130s] -- Using all available rosidl_typesupport_c: rosidl_typesupport_microxrcedds_c;rosidl_typesupport_fastrtps_c;rosidl_typesupport_introspection_c
[2.744s] -- Using all available rosidl_typesupport_cpp: rosidl_typesupport_microxrcedds_cpp;rosidl_typesupport_fastrtps_cpp;rosidl_typesupport_introspection_cpp
[2.786s] -- Found PythonInterp: /usr/bin/python3 (found suitable version "3.10.12", minimum required is "3.6") 
[2.791s] -- Found python_cmake_module: 0.10.0 (/opt/ros/humble/share/python_cmake_module/cmake)
[2.833s] -- Found PythonLibs: /usr/lib/x86_64-linux-gnu/libpython3.10.so (found suitable version "3.10.12", minimum required is "3.5") 
[2.833s] -- Using PYTHON_EXECUTABLE: /usr/bin/python3
[2.834s] -- Using PYTHON_INCLUDE_DIRS: /usr/include/python3.10
[2.834s] -- Using PYTHON_LIBRARIES: /usr/lib/x86_64-linux-gnu/libpython3.10.so
[2.870s] -- Found PythonExtra: .so  
[2.970s] -- Configuring done
[3.057s] -- Generating done
[3.062s] -- Build files have been written to: /home/robot/app/robot_ws/build/diagnostic_msgs
[3.071s] Invoked command in '/home/robot/app/robot_ws/build/diagnostic_msgs' returned '0': AMENT_PREFIX_PATH=/home/robot/app/robot_ws/install/geometry_msgs:/home/robot/app/robot_ws/install/std_msgs:/home/robot/app/robot_ws/install/builtin_interfaces:${AMENT_PREFIX_PATH} CMAKE_PREFIX_PATH=/home/robot/app/robot_ws/install/geometry_msgs:/home/robot/app/robot_ws/install/std_msgs:/home/robot/app/robot_ws/install/builtin_interfaces:/home/robot/app/robot_ws/install/rosidl_typesupport_microxrcedds_cpp:/home/robot/app/robot_ws/install/rosidl_typesupport_microxrcedds_c:/home/robot/app/robot_ws/install/microcdr:/home/robot/app/robot_ws/install/micro_ros_setup:/opt/ros/humble LD_LIBRARY_PATH=/home/robot/app/robot_ws/install/geometry_msgs/lib:/home/robot/app/robot_ws/install/std_msgs/lib:/home/robot/app/robot_ws/install/builtin_interfaces/lib:${LD_LIBRARY_PATH} PYTHONPATH=/home/robot/app/robot_ws/install/geometry_msgs/local/lib/python3.10/dist-packages:/home/robot/app/robot_ws/install/std_msgs/local/lib/python3.10/dist-packages:/home/robot/app/robot_ws/install/builtin_interfaces/local/lib/python3.10/dist-packages:${PYTHONPATH} /usr/bin/cmake /home/robot/app/robot_ws/src/ros2/common_interfaces/diagnostic_msgs -DBUILD_TESTING=OFF -DBUILD_SHARED_LIBS=ON -DCMAKE_INSTALL_PREFIX=/home/robot/app/robot_ws/install/diagnostic_msgs
[3.072s] Invoking command in '/home/robot/app/robot_ws/build/diagnostic_msgs': AMENT_PREFIX_PATH=/home/robot/app/robot_ws/install/geometry_msgs:/home/robot/app/robot_ws/install/std_msgs:/home/robot/app/robot_ws/install/builtin_interfaces:${AMENT_PREFIX_PATH} CMAKE_PREFIX_PATH=/home/robot/app/robot_ws/install/geometry_msgs:/home/robot/app/robot_ws/install/std_msgs:/home/robot/app/robot_ws/install/builtin_interfaces:/home/robot/app/robot_ws/install/rosidl_typesupport_microxrcedds_cpp:/home/robot/app/robot_ws/install/rosidl_typesupport_microxrcedds_c:/home/robot/app/robot_ws/install/microcdr:/home/robot/app/robot_ws/install/micro_ros_setup:/opt/ros/humble LD_LIBRARY_PATH=/home/robot/app/robot_ws/install/geometry_msgs/lib:/home/robot/app/robot_ws/install/std_msgs/lib:/home/robot/app/robot_ws/install/builtin_interfaces/lib:${LD_LIBRARY_PATH} PYTHONPATH=/home/robot/app/robot_ws/install/geometry_msgs/local/lib/python3.10/dist-packages:/home/robot/app/robot_ws/install/std_msgs/local/lib/python3.10/dist-packages:/home/robot/app/robot_ws/install/builtin_interfaces/local/lib/python3.10/dist-packages:${PYTHONPATH} /usr/bin/cmake --build /home/robot/app/robot_ws/build/diagnostic_msgs -- -j8 -l8
[3.151s] [  1%] [34m[1mGenerating C code for ROS interfaces[0m
[3.186s] [  2%] [34m[1mGenerating C++ code for ROS interfaces[0m
[3.186s] [  2%] Built target ament_cmake_python_copy_diagnostic_msgs
[3.672s] running egg_info
[3.673s] creating diagnostic_msgs.egg-info
[3.674s] writing diagnostic_msgs.egg-info/PKG-INFO
[3.674s] writing dependency_links to diagnostic_msgs.egg-info/dependency_links.txt
[3.679s] writing top-level names to diagnostic_msgs.egg-info/top_level.txt
[3.679s] writing manifest file 'diagnostic_msgs.egg-info/SOURCES.txt'
[3.684s] reading manifest file 'diagnostic_msgs.egg-info/SOURCES.txt'
[3.684s] writing manifest file 'diagnostic_msgs.egg-info/SOURCES.txt'
[3.810s] [  2%] Built target ament_cmake_python_build_diagnostic_msgs_egg
[5.320s] [  2%] Built target diagnostic_msgs__cpp
[5.356s] [  3%] [34m[1mGenerating C++ type support dispatch for ROS interfaces[0m
[5.376s] [  5%] [34m[1mGenerating C++ type support for eProsima Micro XRCE-DDS[0m
[5.626s] [  6%] [32mBuilding C object CMakeFiles/diagnostic_msgs__rosidl_generator_c.dir/rosidl_generator_c/diagnostic_msgs/msg/detail/key_value__functions.c.o[0m
[5.627s] [  7%] [32mBuilding C object CMakeFiles/diagnostic_msgs__rosidl_generator_c.dir/rosidl_generator_c/diagnostic_msgs/msg/detail/diagnostic_status__functions.c.o[0m
[5.628s] [  8%] [32mBuilding C object CMakeFiles/diagnostic_msgs__rosidl_generator_c.dir/rosidl_generator_c/diagnostic_msgs/msg/detail/diagnostic_array__functions.c.o[0m
[5.794s] [ 11%] [32mBuilding C object CMakeFiles/diagnostic_msgs__rosidl_generator_c.dir/rosidl_generator_c/diagnostic_msgs/srv/detail/add_diagnostics__functions.c.o[0m
[5.798s] [ 10%] [32mBuilding C object CMakeFiles/diagnostic_msgs__rosidl_generator_c.dir/rosidl_generator_c/diagnostic_msgs/srv/detail/self_test__functions.c.o[0m
[6.049s] [ 12%] [32m[1mLinking C shared library libdiagnostic_msgs__rosidl_generator_c.so[0m
[6.188s] [ 12%] Built target diagnostic_msgs__rosidl_generator_c
[6.837s] [ 13%] [32mBuilding CXX object CMakeFiles/diagnostic_msgs__rosidl_typesupport_cpp.dir/rosidl_typesupport_cpp/diagnostic_msgs/msg/diagnostic_array__type_support.cpp.o[0m
[7.466s] [ 15%] [32mBuilding CXX object CMakeFiles/diagnostic_msgs__rosidl_typesupport_cpp.dir/rosidl_typesupport_cpp/diagnostic_msgs/msg/diagnostic_status__type_support.cpp.o[0m
[7.603s] [ 16%] [32mBuilding CXX object CMakeFiles/diagnostic_msgs__rosidl_typesupport_microxrcedds_cpp.dir/rosidl_typesupport_microxrcedds_cpp/diagnostic_msgs/msg/detail/microxrcedds/diagnostic_array__type_support_cpp.cpp.o[0m
[7.967s] [ 17%] [32mBuilding CXX object CMakeFiles/diagnostic_msgs__rosidl_typesupport_cpp.dir/rosidl_typesupport_cpp/diagnostic_msgs/msg/key_value__type_support.cpp.o[0m
[8.339s] [ 18%] [32mBuilding CXX object CMakeFiles/diagnostic_msgs__rosidl_typesupport_microxrcedds_cpp.dir/rosidl_typesupport_microxrcedds_cpp/diagnostic_msgs/msg/detail/microxrcedds/diagnostic_status__type_support_cpp.cpp.o[0m
[8.554s] [ 20%] [32mBuilding CXX object CMakeFiles/diagnostic_msgs__rosidl_typesupport_cpp.dir/rosidl_typesupport_cpp/diagnostic_msgs/srv/add_diagnostics__type_support.cpp.o[0m
[9.073s] [ 21%] [32mBuilding CXX object CMakeFiles/diagnostic_msgs__rosidl_typesupport_microxrcedds_cpp.dir/rosidl_typesupport_microxrcedds_cpp/diagnostic_msgs/msg/detail/microxrcedds/key_value__type_support_cpp.cpp.o[0m
[9.117s] [ 22%] [32mBuilding CXX object CMakeFiles/diagnostic_msgs__rosidl_typesupport_cpp.dir/rosidl_typesupport_cpp/diagnostic_msgs/srv/self_test__type_support.cpp.o[0m
[9.683s] [ 24%] [32mBuilding CXX object CMakeFiles/diagnostic_msgs__rosidl_typesupport_microxrcedds_cpp.dir/rosidl_typesupport_microxrcedds_cpp/diagnostic_msgs/srv/detail/microxrcedds/add_diagnostics__type_support_cpp.cpp.o[0m
[9.729s] [ 25%] [32m[1mLinking CXX shared library libdiagnostic_msgs__rosidl_typesupport_cpp.so[0m
[9.809s] [ 25%] Built target diagnostic_msgs__rosidl_typesupport_cpp
[10.240s] [ 26%] [32mBuilding CXX object CMakeFiles/diagnostic_msgs__rosidl_typesupport_microxrcedds_cpp.dir/rosidl_typesupport_microxrcedds_cpp/diagnostic_msgs/srv/detail/microxrcedds/self_test__type_support_cpp.cpp.o[0m
[11.009s] [ 27%] [32m[1mLinking CXX shared library libdiagnostic_msgs__rosidl_typesupport_microxrcedds_cpp.so[0m
[11.240s] [ 27%] Built target diagnostic_msgs__rosidl_typesupport_microxrcedds_cpp
[11.280s] [ 29%] [34m[1mGenerating C type support dispatch for ROS interfaces[0m
[12.422s] [ 30%] [32mBuilding CXX object CMakeFiles/diagnostic_msgs__rosidl_typesupport_c.dir/rosidl_typesupport_c/diagnostic_msgs/msg/diagnostic_array__type_support.cpp.o[0m
[12.517s] [ 31%] [32mBuilding CXX object CMakeFiles/diagnostic_msgs__rosidl_typesupport_c.dir/rosidl_typesupport_c/diagnostic_msgs/msg/key_value__type_support.cpp.o[0m
[12.619s] [ 32%] [32mBuilding CXX object CMakeFiles/diagnostic_msgs__rosidl_typesupport_c.dir/rosidl_typesupport_c/diagnostic_msgs/srv/add_diagnostics__type_support.cpp.o[0m
[12.706s] [ 34%] [32mBuilding CXX object CMakeFiles/diagnostic_msgs__rosidl_typesupport_c.dir/rosidl_typesupport_c/diagnostic_msgs/srv/self_test__type_support.cpp.o[0m
[12.764s] [ 35%] [32mBuilding CXX object CMakeFiles/diagnostic_msgs__rosidl_typesupport_c.dir/rosidl_typesupport_c/diagnostic_msgs/msg/diagnostic_status__type_support.cpp.o[0m
[12.844s] [ 36%] [32m[1mLinking CXX shared library libdiagnostic_msgs__rosidl_typesupport_c.so[0m
[12.930s] [ 36%] Built target diagnostic_msgs__rosidl_typesupport_c
[12.962s] [ 37%] [34m[1mGenerating C introspection for ROS interfaces[0m
[14.420s] [ 39%] [32mBuilding C object CMakeFiles/diagnostic_msgs__rosidl_typesupport_introspection_c.dir/rosidl_typesupport_introspection_c/diagnostic_msgs/msg/detail/diagnostic_array__type_support.c.o[0m
[14.523s] [ 40%] [32mBuilding C object CMakeFiles/diagnostic_msgs__rosidl_typesupport_introspection_c.dir/rosidl_typesupport_introspection_c/diagnostic_msgs/srv/detail/add_diagnostics__type_support.c.o[0m
[14.589s] [ 41%] [32mBuilding C object CMakeFiles/diagnostic_msgs__rosidl_typesupport_introspection_c.dir/rosidl_typesupport_introspection_c/diagnostic_msgs/srv/detail/self_test__type_support.c.o[0m
[14.669s] [ 43%] [32mBuilding C object CMakeFiles/diagnostic_msgs__rosidl_typesupport_introspection_c.dir/rosidl_typesupport_introspection_c/diagnostic_msgs/msg/detail/key_value__type_support.c.o[0m
[14.729s] [ 44%] [32mBuilding C object CMakeFiles/diagnostic_msgs__rosidl_typesupport_introspection_c.dir/rosidl_typesupport_introspection_c/diagnostic_msgs/msg/detail/diagnostic_status__type_support.c.o[0m
[14.791s] [ 45%] [32m[1mLinking C shared library libdiagnostic_msgs__rosidl_typesupport_introspection_c.so[0m
[14.871s] [ 45%] Built target diagnostic_msgs__rosidl_typesupport_introspection_c
[14.895s] [ 46%] [34m[1mGenerating C type support for eProsima Fast-RTPS[0m
[16.451s] [ 48%] [32mBuilding CXX object CMakeFiles/diagnostic_msgs__rosidl_typesupport_fastrtps_c.dir/rosidl_typesupport_fastrtps_c/diagnostic_msgs/msg/detail/diagnostic_array__type_support_c.cpp.o[0m
[17.078s] [ 49%] [32mBuilding CXX object CMakeFiles/diagnostic_msgs__rosidl_typesupport_fastrtps_c.dir/rosidl_typesupport_fastrtps_c/diagnostic_msgs/srv/detail/self_test__type_support_c.cpp.o[0m
[17.840s] [ 50%] [32mBuilding CXX object CMakeFiles/diagnostic_msgs__rosidl_typesupport_fastrtps_c.dir/rosidl_typesupport_fastrtps_c/diagnostic_msgs/srv/detail/add_diagnostics__type_support_c.cpp.o[0m
[18.547s] [ 51%] [32mBuilding CXX object CMakeFiles/diagnostic_msgs__rosidl_typesupport_fastrtps_c.dir/rosidl_typesupport_fastrtps_c/diagnostic_msgs/msg/detail/key_value__type_support_c.cpp.o[0m
[19.159s] [ 53%] [32mBuilding CXX object CMakeFiles/diagnostic_msgs__rosidl_typesupport_fastrtps_c.dir/rosidl_typesupport_fastrtps_c/diagnostic_msgs/msg/detail/diagnostic_status__type_support_c.cpp.o[0m
[19.795s] [ 54%] [32m[1mLinking CXX shared library libdiagnostic_msgs__rosidl_typesupport_fastrtps_c.so[0m
[19.963s] [ 54%] Built target diagnostic_msgs__rosidl_typesupport_fastrtps_c
[19.992s] [ 55%] [34m[1mGenerating C type support for eProsima Micro XRCE-DDS[0m
[21.292s] [ 56%] [32mBuilding C object CMakeFiles/diagnostic_msgs__rosidl_typesupport_microxrcedds_c.dir/rosidl_typesupport_microxrcedds_c/diagnostic_msgs/msg/detail/microxrcedds/diagnostic_array__type_support_c.c.o[0m
[21.376s] [ 58%] [32mBuilding C object CMakeFiles/diagnostic_msgs__rosidl_typesupport_microxrcedds_c.dir/rosidl_typesupport_microxrcedds_c/diagnostic_msgs/srv/detail/microxrcedds/self_test__type_support_c.c.o[0m
[21.462s] [ 59%] [32mBuilding C object CMakeFiles/diagnostic_msgs__rosidl_typesupport_microxrcedds_c.dir/rosidl_typesupport_microxrcedds_c/diagnostic_msgs/srv/detail/microxrcedds/add_diagnostics__type_support_c.c.o[0m
[21.552s] [ 60%] [32mBuilding C object CMakeFiles/diagnostic_msgs__rosidl_typesupport_microxrcedds_c.dir/rosidl_typesupport_microxrcedds_c/diagnostic_msgs/msg/detail/microxrcedds/key_value__type_support_c.c.o[0m
[21.636s] [ 62%] [32mBuilding C object CMakeFiles/diagnostic_msgs__rosidl_typesupport_microxrcedds_c.dir/rosidl_typesupport_microxrcedds_c/diagnostic_msgs/msg/detail/microxrcedds/diagnostic_status__type_support_c.c.o[0m
[21.733s] [ 63%] [32m[1mLinking C shared library libdiagnostic_msgs__rosidl_typesupport_microxrcedds_c.so[0m
[21.827s] [ 63%] Built target diagnostic_msgs__rosidl_typesupport_microxrcedds_c
[21.852s] [ 64%] [34m[1mGenerating C++ introspection for ROS interfaces[0m
[22.999s] [ 65%] [32mBuilding CXX object CMakeFiles/diagnostic_msgs__rosidl_typesupport_introspection_cpp.dir/rosidl_typesupport_introspection_cpp/diagnostic_msgs/msg/detail/diagnostic_array__type_support.cpp.o[0m
[23.682s] [ 67%] [32mBuilding CXX object CMakeFiles/diagnostic_msgs__rosidl_typesupport_introspection_cpp.dir/rosidl_typesupport_introspection_cpp/diagnostic_msgs/srv/detail/self_test__type_support.cpp.o[0m
[24.417s] [ 68%] [32mBuilding CXX object CMakeFiles/diagnostic_msgs__rosidl_typesupport_introspection_cpp.dir/rosidl_typesupport_introspection_cpp/diagnostic_msgs/srv/detail/add_diagnostics__type_support.cpp.o[0m
[25.020s] [ 69%] [32mBuilding CXX object CMakeFiles/diagnostic_msgs__rosidl_typesupport_introspection_cpp.dir/rosidl_typesupport_introspection_cpp/diagnostic_msgs/msg/detail/key_value__type_support.cpp.o[0m
[25.643s] [ 70%] [32mBuilding CXX object CMakeFiles/diagnostic_msgs__rosidl_typesupport_introspection_cpp.dir/rosidl_typesupport_introspection_cpp/diagnostic_msgs/msg/detail/diagnostic_status__type_support.cpp.o[0m
[26.279s] [ 72%] [32m[1mLinking CXX shared library libdiagnostic_msgs__rosidl_typesupport_introspection_cpp.so[0m
[26.428s] [ 72%] Built target diagnostic_msgs__rosidl_typesupport_introspection_cpp
[26.451s] [ 73%] [34m[1mGenerating C++ type support for eProsima Fast-RTPS[0m
[27.728s] [ 74%] [32mBuilding CXX object CMakeFiles/diagnostic_msgs__rosidl_typesupport_fastrtps_cpp.dir/rosidl_typesupport_fastrtps_cpp/diagnostic_msgs/msg/detail/dds_fastrtps/diagnostic_array__type_support.cpp.o[0m
[28.510s] [ 75%] [32mBuilding CXX object CMakeFiles/diagnostic_msgs__rosidl_typesupport_fastrtps_cpp.dir/rosidl_typesupport_fastrtps_cpp/diagnostic_msgs/srv/detail/dds_fastrtps/self_test__type_support.cpp.o[0m
[29.325s] [ 77%] [32mBuilding CXX object CMakeFiles/diagnostic_msgs__rosidl_typesupport_fastrtps_cpp.dir/rosidl_typesupport_fastrtps_cpp/diagnostic_msgs/srv/detail/dds_fastrtps/add_diagnostics__type_support.cpp.o[0m
[29.920s] [ 78%] [32mBuilding CXX object CMakeFiles/diagnostic_msgs__rosidl_typesupport_fastrtps_cpp.dir/rosidl_typesupport_fastrtps_cpp/diagnostic_msgs/msg/detail/dds_fastrtps/key_value__type_support.cpp.o[0m
[30.629s] [ 79%] [32mBuilding CXX object CMakeFiles/diagnostic_msgs__rosidl_typesupport_fastrtps_cpp.dir/rosidl_typesupport_fastrtps_cpp/diagnostic_msgs/msg/detail/dds_fastrtps/diagnostic_status__type_support.cpp.o[0m
[31.415s] [ 81%] [32m[1mLinking CXX shared library libdiagnostic_msgs__rosidl_typesupport_fastrtps_cpp.so[0m
[31.590s] [ 81%] Built target diagnostic_msgs__rosidl_typesupport_fastrtps_cpp
[31.630s] [ 81%] Built target diagnostic_msgs
[31.674s] [ 82%] [34m[1mGenerating Python code for ROS interfaces[0m
[34.106s] [ 82%] Built target diagnostic_msgs__py
[34.139s] [ 83%] [32mBuilding C object CMakeFiles/diagnostic_msgs__rosidl_generator_py.dir/rosidl_generator_py/diagnostic_msgs/msg/_diagnostic_array_s.c.o[0m
[34.313s] [ 84%] [32mBuilding C object CMakeFiles/diagnostic_msgs__rosidl_generator_py.dir/rosidl_generator_py/diagnostic_msgs/srv/_self_test_s.c.o[0m
[34.532s] [ 86%] [32mBuilding C object CMakeFiles/diagnostic_msgs__rosidl_generator_py.dir/rosidl_generator_py/diagnostic_msgs/srv/_add_diagnostics_s.c.o[0m
[34.716s] [ 87%] [32mBuilding C object CMakeFiles/diagnostic_msgs__rosidl_generator_py.dir/rosidl_generator_py/diagnostic_msgs/msg/_key_value_s.c.o[0m
[34.892s] [ 88%] [32mBuilding C object CMakeFiles/diagnostic_msgs__rosidl_generator_py.dir/rosidl_generator_py/diagnostic_msgs/msg/_diagnostic_status_s.c.o[0m
[35.048s] [ 89%] [32m[1mLinking C shared library rosidl_generator_py/diagnostic_msgs/libdiagnostic_msgs__rosidl_generator_py.so[0m
[35.112s] [ 89%] Built target diagnostic_msgs__rosidl_generator_py
[35.153s] [ 91%] [32mBuilding C object CMakeFiles/diagnostic_msgs__rosidl_typesupport_microxrcedds_c__pyext.dir/rosidl_generator_py/diagnostic_msgs/_diagnostic_msgs_s.ep.rosidl_typesupport_microxrcedds_c.c.o[0m
[35.357s] [ 92%] [32m[1mLinking C shared library rosidl_generator_py/diagnostic_msgs/diagnostic_msgs_s__rosidl_typesupport_microxrcedds_c.cpython-310-x86_64-linux-gnu.so[0m
[35.410s] [ 92%] Built target diagnostic_msgs__rosidl_typesupport_microxrcedds_c__pyext
[35.438s] [ 93%] [32mBuilding C object CMakeFiles/diagnostic_msgs__rosidl_typesupport_c__pyext.dir/rosidl_generator_py/diagnostic_msgs/_diagnostic_msgs_s.ep.rosidl_typesupport_c.c.o[0m
[35.634s] [ 94%] [32m[1mLinking C shared library rosidl_generator_py/diagnostic_msgs/diagnostic_msgs_s__rosidl_typesupport_c.cpython-310-x86_64-linux-gnu.so[0m
[35.708s] [ 94%] Built target diagnostic_msgs__rosidl_typesupport_c__pyext
[35.742s] [ 96%] [32mBuilding C object CMakeFiles/diagnostic_msgs__rosidl_typesupport_introspection_c__pyext.dir/rosidl_generator_py/diagnostic_msgs/_diagnostic_msgs_s.ep.rosidl_typesupport_introspection_c.c.o[0m
[35.981s] [ 97%] [32m[1mLinking C shared library rosidl_generator_py/diagnostic_msgs/diagnostic_msgs_s__rosidl_typesupport_introspection_c.cpython-310-x86_64-linux-gnu.so[0m
[36.042s] [ 97%] Built target diagnostic_msgs__rosidl_typesupport_introspection_c__pyext
[36.071s] [ 98%] [32mBuilding C object CMakeFiles/diagnostic_msgs__rosidl_typesupport_fastrtps_c__pyext.dir/rosidl_generator_py/diagnostic_msgs/_diagnostic_msgs_s.ep.rosidl_typesupport_fastrtps_c.c.o[0m
[36.256s] [100%] [32m[1mLinking C shared library rosidl_generator_py/diagnostic_msgs/diagnostic_msgs_s__rosidl_typesupport_fastrtps_c.cpython-310-x86_64-linux-gnu.so[0m
[36.315s] [100%] Built target diagnostic_msgs__rosidl_typesupport_fastrtps_c__pyext
[36.331s] Invoked command in '/home/robot/app/robot_ws/build/diagnostic_msgs' returned '0': AMENT_PREFIX_PATH=/home/robot/app/robot_ws/install/geometry_msgs:/home/robot/app/robot_ws/install/std_msgs:/home/robot/app/robot_ws/install/builtin_interfaces:${AMENT_PREFIX_PATH} CMAKE_PREFIX_PATH=/home/robot/app/robot_ws/install/geometry_msgs:/home/robot/app/robot_ws/install/std_msgs:/home/robot/app/robot_ws/install/builtin_interfaces:/home/robot/app/robot_ws/install/rosidl_typesupport_microxrcedds_cpp:/home/robot/app/robot_ws/install/rosidl_typesupport_microxrcedds_c:/home/robot/app/robot_ws/install/microcdr:/home/robot/app/robot_ws/install/micro_ros_setup:/opt/ros/humble LD_LIBRARY_PATH=/home/robot/app/robot_ws/install/geometry_msgs/lib:/home/robot/app/robot_ws/install/std_msgs/lib:/home/robot/app/robot_ws/install/builtin_interfaces/lib:${LD_LIBRARY_PATH} PYTHONPATH=/home/robot/app/robot_ws/install/geometry_msgs/local/lib/python3.10/dist-packages:/home/robot/app/robot_ws/install/std_msgs/local/lib/python3.10/dist-packages:/home/robot/app/robot_ws/install/builtin_interfaces/local/lib/python3.10/dist-packages:${PYTHONPATH} /usr/bin/cmake --build /home/robot/app/robot_ws/build/diagnostic_msgs -- -j8 -l8
[36.546s] Invoking command in '/home/robot/app/robot_ws/build/diagnostic_msgs': AMENT_PREFIX_PATH=/home/robot/app/robot_ws/install/geometry_msgs:/home/robot/app/robot_ws/install/std_msgs:/home/robot/app/robot_ws/install/builtin_interfaces:${AMENT_PREFIX_PATH} CMAKE_PREFIX_PATH=/home/robot/app/robot_ws/install/geometry_msgs:/home/robot/app/robot_ws/install/std_msgs:/home/robot/app/robot_ws/install/builtin_interfaces:/home/robot/app/robot_ws/install/rosidl_typesupport_microxrcedds_cpp:/home/robot/app/robot_ws/install/rosidl_typesupport_microxrcedds_c:/home/robot/app/robot_ws/install/microcdr:/home/robot/app/robot_ws/install/micro_ros_setup:/opt/ros/humble LD_LIBRARY_PATH=/home/robot/app/robot_ws/install/geometry_msgs/lib:/home/robot/app/robot_ws/install/std_msgs/lib:/home/robot/app/robot_ws/install/builtin_interfaces/lib:${LD_LIBRARY_PATH} PYTHONPATH=/home/robot/app/robot_ws/install/geometry_msgs/local/lib/python3.10/dist-packages:/home/robot/app/robot_ws/install/std_msgs/local/lib/python3.10/dist-packages:/home/robot/app/robot_ws/install/builtin_interfaces/local/lib/python3.10/dist-packages:${PYTHONPATH} /usr/bin/cmake --install /home/robot/app/robot_ws/build/diagnostic_msgs
[36.555s] -- Install configuration: ""
[36.555s] -- Installing: /home/robot/app/robot_ws/install/diagnostic_msgs/share/ament_index/resource_index/rosidl_interfaces/diagnostic_msgs
[36.555s] -- Installing: /home/robot/app/robot_ws/install/diagnostic_msgs/include/diagnostic_msgs/diagnostic_msgs
[36.557s] -- Installing: /home/robot/app/robot_ws/install/diagnostic_msgs/include/diagnostic_msgs/diagnostic_msgs/srv
[36.557s] -- Installing: /home/robot/app/robot_ws/install/diagnostic_msgs/include/diagnostic_msgs/diagnostic_msgs/srv/add_diagnostics.h
[36.557s] -- Installing: /home/robot/app/robot_ws/install/diagnostic_msgs/include/diagnostic_msgs/diagnostic_msgs/srv/self_test.h
[36.557s] -- Installing: /home/robot/app/robot_ws/install/diagnostic_msgs/include/diagnostic_msgs/diagnostic_msgs/srv/detail
[36.557s] -- Installing: /home/robot/app/robot_ws/install/diagnostic_msgs/include/diagnostic_msgs/diagnostic_msgs/srv/detail/add_diagnostics__functions.c
[36.558s] -- Installing: /home/robot/app/robot_ws/install/diagnostic_msgs/include/diagnostic_msgs/diagnostic_msgs/srv/detail/self_test__functions.c
[36.558s] -- Installing: /home/robot/app/robot_ws/install/diagnostic_msgs/include/diagnostic_msgs/diagnostic_msgs/srv/detail/add_diagnostics__functions.h
[36.558s] -- Installing: /home/robot/app/robot_ws/install/diagnostic_msgs/include/diagnostic_msgs/diagnostic_msgs/srv/detail/self_test__struct.h
[36.558s] -- Installing: /home/robot/app/robot_ws/install/diagnostic_msgs/include/diagnostic_msgs/diagnostic_msgs/srv/detail/self_test__type_support.h
[36.558s] -- Installing: /home/robot/app/robot_ws/install/diagnostic_msgs/include/diagnostic_msgs/diagnostic_msgs/srv/detail/self_test__functions.h
[36.558s] -- Installing: /home/robot/app/robot_ws/install/diagnostic_msgs/include/diagnostic_msgs/diagnostic_msgs/srv/detail/add_diagnostics__struct.h
[36.558s] -- Installing: /home/robot/app/robot_ws/install/diagnostic_msgs/include/diagnostic_msgs/diagnostic_msgs/srv/detail/add_diagnostics__type_support.h
[36.559s] -- Installing: /home/robot/app/robot_ws/install/diagnostic_msgs/include/diagnostic_msgs/diagnostic_msgs/msg
[36.559s] -- Installing: /home/robot/app/robot_ws/install/diagnostic_msgs/include/diagnostic_msgs/diagnostic_msgs/msg/key_value.h
[36.559s] -- Installing: /home/robot/app/robot_ws/install/diagnostic_msgs/include/diagnostic_msgs/diagnostic_msgs/msg/diagnostic_status.h
[36.559s] -- Installing: /home/robot/app/robot_ws/install/diagnostic_msgs/include/diagnostic_msgs/diagnostic_msgs/msg/detail
[36.559s] -- Installing: /home/robot/app/robot_ws/install/diagnostic_msgs/include/diagnostic_msgs/diagnostic_msgs/msg/detail/diagnostic_status__struct.h
[36.559s] -- Installing: /home/robot/app/robot_ws/install/diagnostic_msgs/include/diagnostic_msgs/diagnostic_msgs/msg/detail/key_value__struct.h
[36.560s] -- Installing: /home/robot/app/robot_ws/install/diagnostic_msgs/include/diagnostic_msgs/diagnostic_msgs/msg/detail/diagnostic_array__struct.h
[36.560s] -- Installing: /home/robot/app/robot_ws/install/diagnostic_msgs/include/diagnostic_msgs/diagnostic_msgs/msg/detail/diagnostic_status__functions.c
[36.560s] -- Installing: /home/robot/app/robot_ws/install/diagnostic_msgs/include/diagnostic_msgs/diagnostic_msgs/msg/detail/key_value__type_support.h
[36.560s] -- Installing: /home/robot/app/robot_ws/install/diagnostic_msgs/include/diagnostic_msgs/diagnostic_msgs/msg/detail/diagnostic_array__functions.c
[36.561s] -- Installing: /home/robot/app/robot_ws/install/diagnostic_msgs/include/diagnostic_msgs/diagnostic_msgs/msg/detail/diagnostic_status__type_support.h
[36.562s] -- Installing: /home/robot/app/robot_ws/install/diagnostic_msgs/include/diagnostic_msgs/diagnostic_msgs/msg/detail/diagnostic_status__functions.h
[36.562s] -- Installing: /home/robot/app/robot_ws/install/diagnostic_msgs/include/diagnostic_msgs/diagnostic_msgs/msg/detail/key_value__functions.c
[36.562s] -- Installing: /home/robot/app/robot_ws/install/diagnostic_msgs/include/diagnostic_msgs/diagnostic_msgs/msg/detail/diagnostic_array__type_support.h
[36.562s] -- Installing: /home/robot/app/robot_ws/install/diagnostic_msgs/include/diagnostic_msgs/diagnostic_msgs/msg/detail/key_value__functions.h
[36.562s] -- Installing: /home/robot/app/robot_ws/install/diagnostic_msgs/include/diagnostic_msgs/diagnostic_msgs/msg/detail/diagnostic_array__functions.h
[36.562s] -- Installing: /home/robot/app/robot_ws/install/diagnostic_msgs/include/diagnostic_msgs/diagnostic_msgs/msg/diagnostic_array.h
[36.562s] -- Installing: /home/robot/app/robot_ws/install/diagnostic_msgs/include/diagnostic_msgs/diagnostic_msgs/msg/rosidl_generator_c__visibility_control.h
[36.562s] -- Installing: /home/robot/app/robot_ws/install/diagnostic_msgs/share/diagnostic_msgs/environment/library_path.sh
[36.562s] -- Installing: /home/robot/app/robot_ws/install/diagnostic_msgs/share/diagnostic_msgs/environment/library_path.dsv
[36.565s] -- Installing: /home/robot/app/robot_ws/install/diagnostic_msgs/lib/libdiagnostic_msgs__rosidl_generator_c.so
[36.565s] -- Set runtime path of "/home/robot/app/robot_ws/install/diagnostic_msgs/lib/libdiagnostic_msgs__rosidl_generator_c.so" to ""
[36.565s] -- Up-to-date: /home/robot/app/robot_ws/install/diagnostic_msgs/include/diagnostic_msgs
[36.565s] -- Installing: /home/robot/app/robot_ws/install/diagnostic_msgs/include/diagnostic_msgs/srv
[36.565s] -- Installing: /home/robot/app/robot_ws/install/diagnostic_msgs/include/diagnostic_msgs/srv/detail
[36.565s] -- Installing: /home/robot/app/robot_ws/install/diagnostic_msgs/include/diagnostic_msgs/srv/detail/self_test__rosidl_typesupport_microxrcedds_c.h
[36.565s] -- Installing: /home/robot/app/robot_ws/install/diagnostic_msgs/include/diagnostic_msgs/srv/detail/microxrcedds
[36.566s] -- Installing: /home/robot/app/robot_ws/install/diagnostic_msgs/include/diagnostic_msgs/srv/detail/add_diagnostics__rosidl_typesupport_microxrcedds_c.h
[36.566s] -- Installing: /home/robot/app/robot_ws/install/diagnostic_msgs/include/diagnostic_msgs/msg
[36.566s] -- Installing: /home/robot/app/robot_ws/install/diagnostic_msgs/include/diagnostic_msgs/msg/detail
[36.566s] -- Installing: /home/robot/app/robot_ws/install/diagnostic_msgs/include/diagnostic_msgs/msg/detail/diagnostic_array__rosidl_typesupport_microxrcedds_c.h
[36.566s] -- Installing: /home/robot/app/robot_ws/install/diagnostic_msgs/include/diagnostic_msgs/msg/detail/microxrcedds
[36.566s] -- Installing: /home/robot/app/robot_ws/install/diagnostic_msgs/include/diagnostic_msgs/msg/detail/key_value__rosidl_typesupport_microxrcedds_c.h
[36.566s] -- Installing: /home/robot/app/robot_ws/install/diagnostic_msgs/include/diagnostic_msgs/msg/detail/diagnostic_status__rosidl_typesupport_microxrcedds_c.h
[36.566s] -- Installing: /home/robot/app/robot_ws/install/diagnostic_msgs/include/diagnostic_msgs/msg/rosidl_typesupport_microxrcedds_c__visibility_control.h
[36.566s] -- Installing: /home/robot/app/robot_ws/install/diagnostic_msgs/lib/libdiagnostic_msgs__rosidl_typesupport_microxrcedds_c.so
[36.566s] -- Set runtime path of "/home/robot/app/robot_ws/install/diagnostic_msgs/lib/libdiagnostic_msgs__rosidl_typesupport_microxrcedds_c.so" to ""
[36.566s] -- Up-to-date: /home/robot/app/robot_ws/install/diagnostic_msgs/include/diagnostic_msgs/diagnostic_msgs
[36.567s] -- Up-to-date: /home/robot/app/robot_ws/install/diagnostic_msgs/include/diagnostic_msgs/diagnostic_msgs/srv
[36.567s] -- Up-to-date: /home/robot/app/robot_ws/install/diagnostic_msgs/include/diagnostic_msgs/diagnostic_msgs/srv/detail
[36.567s] -- Installing: /home/robot/app/robot_ws/install/diagnostic_msgs/include/diagnostic_msgs/diagnostic_msgs/srv/detail/self_test__rosidl_typesupport_fastrtps_c.h
[36.567s] -- Installing: /home/robot/app/robot_ws/install/diagnostic_msgs/include/diagnostic_msgs/diagnostic_msgs/srv/detail/add_diagnostics__rosidl_typesupport_fastrtps_c.h
[36.567s] -- Up-to-date: /home/robot/app/robot_ws/install/diagnostic_msgs/include/diagnostic_msgs/diagnostic_msgs/msg
[36.567s] -- Up-to-date: /home/robot/app/robot_ws/install/diagnostic_msgs/include/diagnostic_msgs/diagnostic_msgs/msg/detail
[36.567s] -- Installing: /home/robot/app/robot_ws/install/diagnostic_msgs/include/diagnostic_msgs/diagnostic_msgs/msg/detail/diagnostic_array__rosidl_typesupport_fastrtps_c.h
[36.567s] -- Installing: /home/robot/app/robot_ws/install/diagnostic_msgs/include/diagnostic_msgs/diagnostic_msgs/msg/detail/key_value__rosidl_typesupport_fastrtps_c.h
[36.568s] -- Installing: /home/robot/app/robot_ws/install/diagnostic_msgs/include/diagnostic_msgs/diagnostic_msgs/msg/detail/diagnostic_status__rosidl_typesupport_fastrtps_c.h
[36.568s] -- Installing: /home/robot/app/robot_ws/install/diagnostic_msgs/include/diagnostic_msgs/diagnostic_msgs/msg/rosidl_typesupport_fastrtps_c__visibility_control.h
[36.568s] -- Installing: /home/robot/app/robot_ws/install/diagnostic_msgs/lib/libdiagnostic_msgs__rosidl_typesupport_fastrtps_c.so
[36.568s] -- Set runtime path of "/home/robot/app/robot_ws/install/diagnostic_msgs/lib/libdiagnostic_msgs__rosidl_typesupport_fastrtps_c.so" to ""
[36.568s] -- Up-to-date: /home/robot/app/robot_ws/install/diagnostic_msgs/include/diagnostic_msgs/diagnostic_msgs
[36.568s] -- Up-to-date: /home/robot/app/robot_ws/install/diagnostic_msgs/include/diagnostic_msgs/diagnostic_msgs/srv
[36.568s] -- Up-to-date: /home/robot/app/robot_ws/install/diagnostic_msgs/include/diagnostic_msgs/diagnostic_msgs/srv/detail
[36.568s] -- Installing: /home/robot/app/robot_ws/install/diagnostic_msgs/include/diagnostic_msgs/diagnostic_msgs/srv/detail/self_test__type_support.c
[36.568s] -- Installing: /home/robot/app/robot_ws/install/diagnostic_msgs/include/diagnostic_msgs/diagnostic_msgs/srv/detail/self_test__rosidl_typesupport_introspection_c.h
[36.569s] -- Installing: /home/robot/app/robot_ws/install/diagnostic_msgs/include/diagnostic_msgs/diagnostic_msgs/srv/detail/add_diagnostics__type_support.c
[36.569s] -- Installing: /home/robot/app/robot_ws/install/diagnostic_msgs/include/diagnostic_msgs/diagnostic_msgs/srv/detail/add_diagnostics__rosidl_typesupport_introspection_c.h
[36.569s] -- Up-to-date: /home/robot/app/robot_ws/install/diagnostic_msgs/include/diagnostic_msgs/diagnostic_msgs/msg
[36.569s] -- Installing: /home/robot/app/robot_ws/install/diagnostic_msgs/include/diagnostic_msgs/diagnostic_msgs/msg/rosidl_typesupport_introspection_c__visibility_control.h
[36.569s] -- Up-to-date: /home/robot/app/robot_ws/install/diagnostic_msgs/include/diagnostic_msgs/diagnostic_msgs/msg/detail
[36.570s] -- Installing: /home/robot/app/robot_ws/install/diagnostic_msgs/include/diagnostic_msgs/diagnostic_msgs/msg/detail/key_value__rosidl_typesupport_introspection_c.h
[36.570s] -- Installing: /home/robot/app/robot_ws/install/diagnostic_msgs/include/diagnostic_msgs/diagnostic_msgs/msg/detail/diagnostic_status__type_support.c
[36.570s] -- Installing: /home/robot/app/robot_ws/install/diagnostic_msgs/include/diagnostic_msgs/diagnostic_msgs/msg/detail/key_value__type_support.c
[36.570s] -- Installing: /home/robot/app/robot_ws/install/diagnostic_msgs/include/diagnostic_msgs/diagnostic_msgs/msg/detail/diagnostic_array__type_support.c
[36.570s] -- Installing: /home/robot/app/robot_ws/install/diagnostic_msgs/include/diagnostic_msgs/diagnostic_msgs/msg/detail/diagnostic_status__rosidl_typesupport_introspection_c.h
[36.571s] -- Installing: /home/robot/app/robot_ws/install/diagnostic_msgs/include/diagnostic_msgs/diagnostic_msgs/msg/detail/diagnostic_array__rosidl_typesupport_introspection_c.h
[36.571s] -- Installing: /home/robot/app/robot_ws/install/diagnostic_msgs/lib/libdiagnostic_msgs__rosidl_typesupport_introspection_c.so
[36.571s] -- Set runtime path of "/home/robot/app/robot_ws/install/diagnostic_msgs/lib/libdiagnostic_msgs__rosidl_typesupport_introspection_c.so" to ""
[36.572s] -- Installing: /home/robot/app/robot_ws/install/diagnostic_msgs/lib/libdiagnostic_msgs__rosidl_typesupport_c.so
[36.572s] -- Set runtime path of "/home/robot/app/robot_ws/install/diagnostic_msgs/lib/libdiagnostic_msgs__rosidl_typesupport_c.so" to ""
[36.572s] -- Up-to-date: /home/robot/app/robot_ws/install/diagnostic_msgs/include/diagnostic_msgs/diagnostic_msgs
[36.572s] -- Up-to-date: /home/robot/app/robot_ws/install/diagnostic_msgs/include/diagnostic_msgs/diagnostic_msgs/srv
[36.572s] -- Installing: /home/robot/app/robot_ws/install/diagnostic_msgs/include/diagnostic_msgs/diagnostic_msgs/srv/self_test.hpp
[36.573s] -- Up-to-date: /home/robot/app/robot_ws/install/diagnostic_msgs/include/diagnostic_msgs/diagnostic_msgs/srv/detail
[36.573s] -- Installing: /home/robot/app/robot_ws/install/diagnostic_msgs/include/diagnostic_msgs/diagnostic_msgs/srv/detail/add_diagnostics__builder.hpp
[36.573s] -- Installing: /home/robot/app/robot_ws/install/diagnostic_msgs/include/diagnostic_msgs/diagnostic_msgs/srv/detail/self_test__struct.hpp
[36.573s] -- Installing: /home/robot/app/robot_ws/install/diagnostic_msgs/include/diagnostic_msgs/diagnostic_msgs/srv/detail/self_test__builder.hpp
[36.573s] -- Installing: /home/robot/app/robot_ws/install/diagnostic_msgs/include/diagnostic_msgs/diagnostic_msgs/srv/detail/add_diagnostics__traits.hpp
[36.573s] -- Installing: /home/robot/app/robot_ws/install/diagnostic_msgs/include/diagnostic_msgs/diagnostic_msgs/srv/detail/self_test__traits.hpp
[36.574s] -- Installing: /home/robot/app/robot_ws/install/diagnostic_msgs/include/diagnostic_msgs/diagnostic_msgs/srv/detail/add_diagnostics__struct.hpp
[36.574s] -- Installing: /home/robot/app/robot_ws/install/diagnostic_msgs/include/diagnostic_msgs/diagnostic_msgs/srv/add_diagnostics.hpp
[36.574s] -- Up-to-date: /home/robot/app/robot_ws/install/diagnostic_msgs/include/diagnostic_msgs/diagnostic_msgs/msg
[36.574s] -- Installing: /home/robot/app/robot_ws/install/diagnostic_msgs/include/diagnostic_msgs/diagnostic_msgs/msg/key_value.hpp
[36.575s] -- Installing: /home/robot/app/robot_ws/install/diagnostic_msgs/include/diagnostic_msgs/diagnostic_msgs/msg/diagnostic_status.hpp
[36.575s] -- Up-to-date: /home/robot/app/robot_ws/install/diagnostic_msgs/include/diagnostic_msgs/diagnostic_msgs/msg/detail
[36.575s] -- Installing: /home/robot/app/robot_ws/install/diagnostic_msgs/include/diagnostic_msgs/diagnostic_msgs/msg/detail/diagnostic_array__builder.hpp
[36.575s] -- Installing: /home/robot/app/robot_ws/install/diagnostic_msgs/include/diagnostic_msgs/diagnostic_msgs/msg/detail/diagnostic_status__struct.hpp
[36.575s] -- Installing: /home/robot/app/robot_ws/install/diagnostic_msgs/include/diagnostic_msgs/diagnostic_msgs/msg/detail/key_value__builder.hpp
[36.576s] -- Installing: /home/robot/app/robot_ws/install/diagnostic_msgs/include/diagnostic_msgs/diagnostic_msgs/msg/detail/key_value__struct.hpp
[36.576s] -- Installing: /home/robot/app/robot_ws/install/diagnostic_msgs/include/diagnostic_msgs/diagnostic_msgs/msg/detail/diagnostic_array__traits.hpp
[36.576s] -- Installing: /home/robot/app/robot_ws/install/diagnostic_msgs/include/diagnostic_msgs/diagnostic_msgs/msg/detail/diagnostic_status__builder.hpp
[36.576s] -- Installing: /home/robot/app/robot_ws/install/diagnostic_msgs/include/diagnostic_msgs/diagnostic_msgs/msg/detail/diagnostic_array__struct.hpp
[36.577s] -- Installing: /home/robot/app/robot_ws/install/diagnostic_msgs/include/diagnostic_msgs/diagnostic_msgs/msg/detail/diagnostic_status__traits.hpp
[36.577s] -- Installing: /home/robot/app/robot_ws/install/diagnostic_msgs/include/diagnostic_msgs/diagnostic_msgs/msg/detail/key_value__traits.hpp
[36.578s] -- Installing: /home/robot/app/robot_ws/install/diagnostic_msgs/include/diagnostic_msgs/diagnostic_msgs/msg/diagnostic_array.hpp
[36.578s] -- Up-to-date: /home/robot/app/robot_ws/install/diagnostic_msgs/include/diagnostic_msgs
[36.578s] -- Up-to-date: /home/robot/app/robot_ws/install/diagnostic_msgs/include/diagnostic_msgs/srv
[36.578s] -- Up-to-date: /home/robot/app/robot_ws/install/diagnostic_msgs/include/diagnostic_msgs/srv/detail
[36.578s] -- Up-to-date: /home/robot/app/robot_ws/install/diagnostic_msgs/include/diagnostic_msgs/srv/detail/microxrcedds
[36.578s] -- Installing: /home/robot/app/robot_ws/install/diagnostic_msgs/include/diagnostic_msgs/srv/detail/microxrcedds/add_diagnostics__type_support_cpp.cpp
[36.579s] -- Installing: /home/robot/app/robot_ws/install/diagnostic_msgs/include/diagnostic_msgs/srv/detail/microxrcedds/self_test__type_support_cpp.cpp
[36.579s] -- Installing: /home/robot/app/robot_ws/install/diagnostic_msgs/include/diagnostic_msgs/srv/detail/add_diagnostics__rosidl_typesupport_microxrcedds_cpp.hpp
[36.579s] -- Installing: /home/robot/app/robot_ws/install/diagnostic_msgs/include/diagnostic_msgs/srv/detail/self_test__rosidl_typesupport_microxrcedds_cpp.hpp
[36.579s] -- Up-to-date: /home/robot/app/robot_ws/install/diagnostic_msgs/include/diagnostic_msgs/msg
[36.579s] -- Up-to-date: /home/robot/app/robot_ws/install/diagnostic_msgs/include/diagnostic_msgs/msg/detail
[36.580s] -- Installing: /home/robot/app/robot_ws/install/diagnostic_msgs/include/diagnostic_msgs/msg/detail/key_value__rosidl_typesupport_microxrcedds_cpp.hpp
[36.580s] -- Installing: /home/robot/app/robot_ws/install/diagnostic_msgs/include/diagnostic_msgs/msg/detail/diagnostic_array__rosidl_typesupport_microxrcedds_cpp.hpp
[36.581s] -- Installing: /home/robot/app/robot_ws/install/diagnostic_msgs/include/diagnostic_msgs/msg/detail/diagnostic_status__rosidl_typesupport_microxrcedds_cpp.hpp
[36.581s] -- Up-to-date: /home/robot/app/robot_ws/install/diagnostic_msgs/include/diagnostic_msgs/msg/detail/microxrcedds
[36.581s] -- Installing: /home/robot/app/robot_ws/install/diagnostic_msgs/include/diagnostic_msgs/msg/detail/microxrcedds/key_value__type_support_cpp.cpp
[36.583s] -- Installing: /home/robot/app/robot_ws/install/diagnostic_msgs/include/diagnostic_msgs/msg/detail/microxrcedds/diagnostic_status__type_support_cpp.cpp
[36.583s] -- Installing: /home/robot/app/robot_ws/install/diagnostic_msgs/include/diagnostic_msgs/msg/detail/microxrcedds/diagnostic_array__type_support_cpp.cpp
[36.584s] -- Installing: /home/robot/app/robot_ws/install/diagnostic_msgs/include/diagnostic_msgs/msg/rosidl_typesupport_microxrcedds_cpp__visibility_control.h
[36.584s] -- Installing: /home/robot/app/robot_ws/install/diagnostic_msgs/lib/libdiagnostic_msgs__rosidl_typesupport_microxrcedds_cpp.so
[36.584s] -- Set runtime path of "/home/robot/app/robot_ws/install/diagnostic_msgs/lib/libdiagnostic_msgs__rosidl_typesupport_microxrcedds_cpp.so" to ""
[36.584s] -- Up-to-date: /home/robot/app/robot_ws/install/diagnostic_msgs/include/diagnostic_msgs/diagnostic_msgs
[36.584s] -- Up-to-date: /home/robot/app/robot_ws/install/diagnostic_msgs/include/diagnostic_msgs/diagnostic_msgs/srv
[36.584s] -- Up-to-date: /home/robot/app/robot_ws/install/diagnostic_msgs/include/diagnostic_msgs/diagnostic_msgs/srv/detail
[36.584s] -- Installing: /home/robot/app/robot_ws/install/diagnostic_msgs/include/diagnostic_msgs/diagnostic_msgs/srv/detail/add_diagnostics__rosidl_typesupport_fastrtps_cpp.hpp
[36.584s] -- Installing: /home/robot/app/robot_ws/install/diagnostic_msgs/include/diagnostic_msgs/diagnostic_msgs/srv/detail/dds_fastrtps
[36.585s] -- Installing: /home/robot/app/robot_ws/install/diagnostic_msgs/include/diagnostic_msgs/diagnostic_msgs/srv/detail/self_test__rosidl_typesupport_fastrtps_cpp.hpp
[36.585s] -- Up-to-date: /home/robot/app/robot_ws/install/diagnostic_msgs/include/diagnostic_msgs/diagnostic_msgs/msg
[36.585s] -- Installing: /home/robot/app/robot_ws/install/diagnostic_msgs/include/diagnostic_msgs/diagnostic_msgs/msg/rosidl_typesupport_fastrtps_cpp__visibility_control.h
[36.585s] -- Up-to-date: /home/robot/app/robot_ws/install/diagnostic_msgs/include/diagnostic_msgs/diagnostic_msgs/msg/detail
[36.585s] -- Installing: /home/robot/app/robot_ws/install/diagnostic_msgs/include/diagnostic_msgs/diagnostic_msgs/msg/detail/dds_fastrtps
[36.585s] -- Installing: /home/robot/app/robot_ws/install/diagnostic_msgs/include/diagnostic_msgs/diagnostic_msgs/msg/detail/diagnostic_status__rosidl_typesupport_fastrtps_cpp.hpp
[36.585s] -- Installing: /home/robot/app/robot_ws/install/diagnostic_msgs/include/diagnostic_msgs/diagnostic_msgs/msg/detail/diagnostic_array__rosidl_typesupport_fastrtps_cpp.hpp
[36.585s] -- Installing: /home/robot/app/robot_ws/install/diagnostic_msgs/include/diagnostic_msgs/diagnostic_msgs/msg/detail/key_value__rosidl_typesupport_fastrtps_cpp.hpp
[36.586s] -- Installing: /home/robot/app/robot_ws/install/diagnostic_msgs/lib/libdiagnostic_msgs__rosidl_typesupport_fastrtps_cpp.so
[36.587s] -- Set runtime path of "/home/robot/app/robot_ws/install/diagnostic_msgs/lib/libdiagnostic_msgs__rosidl_typesupport_fastrtps_cpp.so" to ""
[36.587s] -- Up-to-date: /home/robot/app/robot_ws/install/diagnostic_msgs/include/diagnostic_msgs/diagnostic_msgs
[36.587s] -- Up-to-date: /home/robot/app/robot_ws/install/diagnostic_msgs/include/diagnostic_msgs/diagnostic_msgs/srv
[36.587s] -- Up-to-date: /home/robot/app/robot_ws/install/diagnostic_msgs/include/diagnostic_msgs/diagnostic_msgs/srv/detail
[36.587s] -- Installing: /home/robot/app/robot_ws/install/diagnostic_msgs/include/diagnostic_msgs/diagnostic_msgs/srv/detail/self_test__type_support.cpp
[36.588s] -- Installing: /home/robot/app/robot_ws/install/diagnostic_msgs/include/diagnostic_msgs/diagnostic_msgs/srv/detail/add_diagnostics__rosidl_typesupport_introspection_cpp.hpp
[36.588s] -- Installing: /home/robot/app/robot_ws/install/diagnostic_msgs/include/diagnostic_msgs/diagnostic_msgs/srv/detail/self_test__rosidl_typesupport_introspection_cpp.hpp
[36.588s] -- Installing: /home/robot/app/robot_ws/install/diagnostic_msgs/include/diagnostic_msgs/diagnostic_msgs/srv/detail/add_diagnostics__type_support.cpp
[36.588s] -- Up-to-date: /home/robot/app/robot_ws/install/diagnostic_msgs/include/diagnostic_msgs/diagnostic_msgs/msg
[36.588s] -- Up-to-date: /home/robot/app/robot_ws/install/diagnostic_msgs/include/diagnostic_msgs/diagnostic_msgs/msg/detail
[36.588s] -- Installing: /home/robot/app/robot_ws/install/diagnostic_msgs/include/diagnostic_msgs/diagnostic_msgs/msg/detail/diagnostic_status__type_support.cpp
[36.588s] -- Installing: /home/robot/app/robot_ws/install/diagnostic_msgs/include/diagnostic_msgs/diagnostic_msgs/msg/detail/diagnostic_array__rosidl_typesupport_introspection_cpp.hpp
[36.589s] -- Installing: /home/robot/app/robot_ws/install/diagnostic_msgs/include/diagnostic_msgs/diagnostic_msgs/msg/detail/key_value__type_support.cpp
[36.589s] -- Installing: /home/robot/app/robot_ws/install/diagnostic_msgs/include/diagnostic_msgs/diagnostic_msgs/msg/detail/diagnostic_status__rosidl_typesupport_introspection_cpp.hpp
[36.589s] -- Installing: /home/robot/app/robot_ws/install/diagnostic_msgs/include/diagnostic_msgs/diagnostic_msgs/msg/detail/diagnostic_array__type_support.cpp
[36.589s] -- Installing: /home/robot/app/robot_ws/install/diagnostic_msgs/include/diagnostic_msgs/diagnostic_msgs/msg/detail/key_value__rosidl_typesupport_introspection_cpp.hpp
[36.589s] -- Installing: /home/robot/app/robot_ws/install/diagnostic_msgs/lib/libdiagnostic_msgs__rosidl_typesupport_introspection_cpp.so
[36.589s] -- Set runtime path of "/home/robot/app/robot_ws/install/diagnostic_msgs/lib/libdiagnostic_msgs__rosidl_typesupport_introspection_cpp.so" to ""
[36.589s] -- Installing: /home/robot/app/robot_ws/install/diagnostic_msgs/lib/libdiagnostic_msgs__rosidl_typesupport_cpp.so
[36.590s] -- Set runtime path of "/home/robot/app/robot_ws/install/diagnostic_msgs/lib/libdiagnostic_msgs__rosidl_typesupport_cpp.so" to ""
[36.590s] -- Installing: /home/robot/app/robot_ws/install/diagnostic_msgs/share/diagnostic_msgs/environment/pythonpath.sh
[36.590s] -- Installing: /home/robot/app/robot_ws/install/diagnostic_msgs/share/diagnostic_msgs/environment/pythonpath.dsv
[36.590s] -- Installing: /home/robot/app/robot_ws/install/diagnostic_msgs/local/lib/python3.10/dist-packages/diagnostic_msgs-4.2.4-py3.10.egg-info
[36.590s] -- Installing: /home/robot/app/robot_ws/install/diagnostic_msgs/local/lib/python3.10/dist-packages/diagnostic_msgs-4.2.4-py3.10.egg-info/dependency_links.txt
[36.590s] -- Installing: /home/robot/app/robot_ws/install/diagnostic_msgs/local/lib/python3.10/dist-packages/diagnostic_msgs-4.2.4-py3.10.egg-info/PKG-INFO
[36.590s] -- Installing: /home/robot/app/robot_ws/install/diagnostic_msgs/local/lib/python3.10/dist-packages/diagnostic_msgs-4.2.4-py3.10.egg-info/SOURCES.txt
[36.591s] -- Installing: /home/robot/app/robot_ws/install/diagnostic_msgs/local/lib/python3.10/dist-packages/diagnostic_msgs-4.2.4-py3.10.egg-info/top_level.txt
[36.592s] -- Installing: /home/robot/app/robot_ws/install/diagnostic_msgs/local/lib/python3.10/dist-packages/diagnostic_msgs
[36.592s] -- Installing: /home/robot/app/robot_ws/install/diagnostic_msgs/local/lib/python3.10/dist-packages/diagnostic_msgs/__init__.py
[36.592s] -- Installing: /home/robot/app/robot_ws/install/diagnostic_msgs/local/lib/python3.10/dist-packages/diagnostic_msgs/srv
[36.592s] -- Installing: /home/robot/app/robot_ws/install/diagnostic_msgs/local/lib/python3.10/dist-packages/diagnostic_msgs/srv/__init__.py
[36.593s] -- Installing: /home/robot/app/robot_ws/install/diagnostic_msgs/local/lib/python3.10/dist-packages/diagnostic_msgs/srv/_add_diagnostics_s.c
[36.593s] -- Installing: /home/robot/app/robot_ws/install/diagnostic_msgs/local/lib/python3.10/dist-packages/diagnostic_msgs/srv/_add_diagnostics.py
[36.593s] -- Installing: /home/robot/app/robot_ws/install/diagnostic_msgs/local/lib/python3.10/dist-packages/diagnostic_msgs/srv/_self_test.py
[36.594s] -- Installing: /home/robot/app/robot_ws/install/diagnostic_msgs/local/lib/python3.10/dist-packages/diagnostic_msgs/srv/_self_test_s.c
[36.594s] -- Installing: /home/robot/app/robot_ws/install/diagnostic_msgs/local/lib/python3.10/dist-packages/diagnostic_msgs/diagnostic_msgs_s__rosidl_typesupport_introspection_c.cpython-310-x86_64-linux-gnu.so
[36.594s] -- Installing: /home/robot/app/robot_ws/install/diagnostic_msgs/local/lib/python3.10/dist-packages/diagnostic_msgs/libdiagnostic_msgs__rosidl_generator_py.so
[36.594s] -- Installing: /home/robot/app/robot_ws/install/diagnostic_msgs/local/lib/python3.10/dist-packages/diagnostic_msgs/diagnostic_msgs_s__rosidl_typesupport_c.cpython-310-x86_64-linux-gnu.so
[36.594s] -- Installing: /home/robot/app/robot_ws/install/diagnostic_msgs/local/lib/python3.10/dist-packages/diagnostic_msgs/_diagnostic_msgs_s.ep.rosidl_typesupport_c.c
[36.594s] -- Installing: /home/robot/app/robot_ws/install/diagnostic_msgs/local/lib/python3.10/dist-packages/diagnostic_msgs/diagnostic_msgs_s__rosidl_typesupport_fastrtps_c.cpython-310-x86_64-linux-gnu.so
[36.595s] -- Installing: /home/robot/app/robot_ws/install/diagnostic_msgs/local/lib/python3.10/dist-packages/diagnostic_msgs/diagnostic_msgs_s__rosidl_typesupport_microxrcedds_c.cpython-310-x86_64-linux-gnu.so
[36.595s] -- Installing: /home/robot/app/robot_ws/install/diagnostic_msgs/local/lib/python3.10/dist-packages/diagnostic_msgs/_diagnostic_msgs_s.ep.rosidl_typesupport_introspection_c.c
[36.595s] -- Installing: /home/robot/app/robot_ws/install/diagnostic_msgs/local/lib/python3.10/dist-packages/diagnostic_msgs/_diagnostic_msgs_s.ep.rosidl_typesupport_fastrtps_c.c
[36.595s] -- Installing: /home/robot/app/robot_ws/install/diagnostic_msgs/local/lib/python3.10/dist-packages/diagnostic_msgs/_diagnostic_msgs_s.ep.rosidl_typesupport_microxrcedds_c.c
[36.596s] -- Installing: /home/robot/app/robot_ws/install/diagnostic_msgs/local/lib/python3.10/dist-packages/diagnostic_msgs/msg
[36.597s] -- Installing: /home/robot/app/robot_ws/install/diagnostic_msgs/local/lib/python3.10/dist-packages/diagnostic_msgs/msg/__init__.py
[36.597s] -- Installing: /home/robot/app/robot_ws/install/diagnostic_msgs/local/lib/python3.10/dist-packages/diagnostic_msgs/msg/_diagnostic_array_s.c
[36.597s] -- Installing: /home/robot/app/robot_ws/install/diagnostic_msgs/local/lib/python3.10/dist-packages/diagnostic_msgs/msg/_diagnostic_status_s.c
[36.597s] -- Installing: /home/robot/app/robot_ws/install/diagnostic_msgs/local/lib/python3.10/dist-packages/diagnostic_msgs/msg/_diagnostic_status.py
[36.597s] -- Installing: /home/robot/app/robot_ws/install/diagnostic_msgs/local/lib/python3.10/dist-packages/diagnostic_msgs/msg/_diagnostic_array.py
[36.597s] -- Installing: /home/robot/app/robot_ws/install/diagnostic_msgs/local/lib/python3.10/dist-packages/diagnostic_msgs/msg/_key_value_s.c
[36.597s] -- Installing: /home/robot/app/robot_ws/install/diagnostic_msgs/local/lib/python3.10/dist-packages/diagnostic_msgs/msg/_key_value.py
[36.675s] Listing '/home/robot/app/robot_ws/install/diagnostic_msgs/local/lib/python3.10/dist-packages/diagnostic_msgs'...
[36.675s] Compiling '/home/robot/app/robot_ws/install/diagnostic_msgs/local/lib/python3.10/dist-packages/diagnostic_msgs/__init__.py'...
[36.675s] Listing '/home/robot/app/robot_ws/install/diagnostic_msgs/local/lib/python3.10/dist-packages/diagnostic_msgs/msg'...
[36.675s] Compiling '/home/robot/app/robot_ws/install/diagnostic_msgs/local/lib/python3.10/dist-packages/diagnostic_msgs/msg/__init__.py'...
[36.675s] Compiling '/home/robot/app/robot_ws/install/diagnostic_msgs/local/lib/python3.10/dist-packages/diagnostic_msgs/msg/_diagnostic_array.py'...
[36.675s] Compiling '/home/robot/app/robot_ws/install/diagnostic_msgs/local/lib/python3.10/dist-packages/diagnostic_msgs/msg/_diagnostic_status.py'...
[36.676s] Compiling '/home/robot/app/robot_ws/install/diagnostic_msgs/local/lib/python3.10/dist-packages/diagnostic_msgs/msg/_key_value.py'...
[36.678s] Listing '/home/robot/app/robot_ws/install/diagnostic_msgs/local/lib/python3.10/dist-packages/diagnostic_msgs/srv'...
[36.678s] Compiling '/home/robot/app/robot_ws/install/diagnostic_msgs/local/lib/python3.10/dist-packages/diagnostic_msgs/srv/__init__.py'...
[36.678s] Compiling '/home/robot/app/robot_ws/install/diagnostic_msgs/local/lib/python3.10/dist-packages/diagnostic_msgs/srv/_add_diagnostics.py'...
[36.679s] Compiling '/home/robot/app/robot_ws/install/diagnostic_msgs/local/lib/python3.10/dist-packages/diagnostic_msgs/srv/_self_test.py'...
[36.685s] -- Installing: /home/robot/app/robot_ws/install/diagnostic_msgs/local/lib/python3.10/dist-packages/diagnostic_msgs/diagnostic_msgs_s__rosidl_typesupport_microxrcedds_c.cpython-310-x86_64-linux-gnu.so
[36.685s] -- Set runtime path of "/home/robot/app/robot_ws/install/diagnostic_msgs/local/lib/python3.10/dist-packages/diagnostic_msgs/diagnostic_msgs_s__rosidl_typesupport_microxrcedds_c.cpython-310-x86_64-linux-gnu.so" to ""
[36.685s] -- Installing: /home/robot/app/robot_ws/install/diagnostic_msgs/local/lib/python3.10/dist-packages/diagnostic_msgs/diagnostic_msgs_s__rosidl_typesupport_fastrtps_c.cpython-310-x86_64-linux-gnu.so
[36.685s] -- Set runtime path of "/home/robot/app/robot_ws/install/diagnostic_msgs/local/lib/python3.10/dist-packages/diagnostic_msgs/diagnostic_msgs_s__rosidl_typesupport_fastrtps_c.cpython-310-x86_64-linux-gnu.so" to ""
[36.685s] -- Installing: /home/robot/app/robot_ws/install/diagnostic_msgs/local/lib/python3.10/dist-packages/diagnostic_msgs/diagnostic_msgs_s__rosidl_typesupport_introspection_c.cpython-310-x86_64-linux-gnu.so
[36.686s] -- Set runtime path of "/home/robot/app/robot_ws/install/diagnostic_msgs/local/lib/python3.10/dist-packages/diagnostic_msgs/diagnostic_msgs_s__rosidl_typesupport_introspection_c.cpython-310-x86_64-linux-gnu.so" to ""
[36.686s] -- Installing: /home/robot/app/robot_ws/install/diagnostic_msgs/local/lib/python3.10/dist-packages/diagnostic_msgs/diagnostic_msgs_s__rosidl_typesupport_c.cpython-310-x86_64-linux-gnu.so
[36.687s] -- Set runtime path of "/home/robot/app/robot_ws/install/diagnostic_msgs/local/lib/python3.10/dist-packages/diagnostic_msgs/diagnostic_msgs_s__rosidl_typesupport_c.cpython-310-x86_64-linux-gnu.so" to ""
[36.687s] -- Installing: /home/robot/app/robot_ws/install/diagnostic_msgs/lib/libdiagnostic_msgs__rosidl_generator_py.so
[36.687s] -- Set runtime path of "/home/robot/app/robot_ws/install/diagnostic_msgs/lib/libdiagnostic_msgs__rosidl_generator_py.so" to ""
[36.687s] -- Installing: /home/robot/app/robot_ws/install/diagnostic_msgs/share/diagnostic_msgs/msg/DiagnosticArray.idl
[36.688s] -- Installing: /home/robot/app/robot_ws/install/diagnostic_msgs/share/diagnostic_msgs/msg/DiagnosticStatus.idl
[36.688s] -- Installing: /home/robot/app/robot_ws/install/diagnostic_msgs/share/diagnostic_msgs/msg/KeyValue.idl
[36.688s] -- Installing: /home/robot/app/robot_ws/install/diagnostic_msgs/share/diagnostic_msgs/srv/AddDiagnostics.idl
[36.688s] -- Installing: /home/robot/app/robot_ws/install/diagnostic_msgs/share/diagnostic_msgs/srv/SelfTest.idl
[36.689s] -- Installing: /home/robot/app/robot_ws/install/diagnostic_msgs/share/diagnostic_msgs/msg/DiagnosticArray.msg
[36.689s] -- Installing: /home/robot/app/robot_ws/install/diagnostic_msgs/share/diagnostic_msgs/msg/DiagnosticStatus.msg
[36.690s] -- Installing: /home/robot/app/robot_ws/install/diagnostic_msgs/share/diagnostic_msgs/msg/KeyValue.msg
[36.690s] -- Installing: /home/robot/app/robot_ws/install/diagnostic_msgs/share/diagnostic_msgs/srv/AddDiagnostics.srv
[36.690s] -- Installing: /home/robot/app/robot_ws/install/diagnostic_msgs/share/diagnostic_msgs/srv/AddDiagnostics_Request.msg
[36.691s] -- Installing: /home/robot/app/robot_ws/install/diagnostic_msgs/share/diagnostic_msgs/srv/AddDiagnostics_Response.msg
[36.692s] -- Installing: /home/robot/app/robot_ws/install/diagnostic_msgs/share/diagnostic_msgs/srv/SelfTest.srv
[36.692s] -- Installing: /home/robot/app/robot_ws/install/diagnostic_msgs/share/diagnostic_msgs/srv/SelfTest_Request.msg
[36.695s] -- Installing: /home/robot/app/robot_ws/install/diagnostic_msgs/share/diagnostic_msgs/srv/SelfTest_Response.msg
[36.695s] -- Installing: /home/robot/app/robot_ws/install/diagnostic_msgs/share/ament_index/resource_index/package_run_dependencies/diagnostic_msgs
[36.695s] -- Installing: /home/robot/app/robot_ws/install/diagnostic_msgs/share/ament_index/resource_index/parent_prefix_path/diagnostic_msgs
[36.695s] -- Installing: /home/robot/app/robot_ws/install/diagnostic_msgs/share/diagnostic_msgs/environment/ament_prefix_path.sh
[36.695s] -- Installing: /home/robot/app/robot_ws/install/diagnostic_msgs/share/diagnostic_msgs/environment/ament_prefix_path.dsv
[36.696s] -- Installing: /home/robot/app/robot_ws/install/diagnostic_msgs/share/diagnostic_msgs/environment/path.sh
[36.696s] -- Installing: /home/robot/app/robot_ws/install/diagnostic_msgs/share/diagnostic_msgs/environment/path.dsv
[36.696s] -- Installing: /home/robot/app/robot_ws/install/diagnostic_msgs/share/diagnostic_msgs/local_setup.bash
[36.696s] -- Installing: /home/robot/app/robot_ws/install/diagnostic_msgs/share/diagnostic_msgs/local_setup.sh
[36.696s] -- Installing: /home/robot/app/robot_ws/install/diagnostic_msgs/share/diagnostic_msgs/local_setup.zsh
[36.697s] -- Installing: /home/robot/app/robot_ws/install/diagnostic_msgs/share/diagnostic_msgs/local_setup.dsv
[36.697s] -- Installing: /home/robot/app/robot_ws/install/diagnostic_msgs/share/diagnostic_msgs/package.dsv
[36.698s] -- Installing: /home/robot/app/robot_ws/install/diagnostic_msgs/share/ament_index/resource_index/packages/diagnostic_msgs
[36.698s] -- Installing: /home/robot/app/robot_ws/install/diagnostic_msgs/share/diagnostic_msgs/cmake/export_diagnostic_msgs__rosidl_generator_cExport.cmake
[36.698s] -- Installing: /home/robot/app/robot_ws/install/diagnostic_msgs/share/diagnostic_msgs/cmake/export_diagnostic_msgs__rosidl_generator_cExport-noconfig.cmake
[36.699s] -- Installing: /home/robot/app/robot_ws/install/diagnostic_msgs/share/diagnostic_msgs/cmake/export_diagnostic_msgs__rosidl_typesupport_fastrtps_cExport.cmake
[36.699s] -- Installing: /home/robot/app/robot_ws/install/diagnostic_msgs/share/diagnostic_msgs/cmake/export_diagnostic_msgs__rosidl_typesupport_fastrtps_cExport-noconfig.cmake
[36.699s] -- Installing: /home/robot/app/robot_ws/install/diagnostic_msgs/share/diagnostic_msgs/cmake/diagnostic_msgs__rosidl_typesupport_introspection_cExport.cmake
[36.700s] -- Installing: /home/robot/app/robot_ws/install/diagnostic_msgs/share/diagnostic_msgs/cmake/diagnostic_msgs__rosidl_typesupport_introspection_cExport-noconfig.cmake
[36.700s] -- Installing: /home/robot/app/robot_ws/install/diagnostic_msgs/share/diagnostic_msgs/cmake/diagnostic_msgs__rosidl_typesupport_cExport.cmake
[36.700s] -- Installing: /home/robot/app/robot_ws/install/diagnostic_msgs/share/diagnostic_msgs/cmake/diagnostic_msgs__rosidl_typesupport_cExport-noconfig.cmake
[36.701s] -- Installing: /home/robot/app/robot_ws/install/diagnostic_msgs/share/diagnostic_msgs/cmake/export_diagnostic_msgs__rosidl_generator_cppExport.cmake
[36.701s] -- Installing: /home/robot/app/robot_ws/install/diagnostic_msgs/share/diagnostic_msgs/cmake/export_diagnostic_msgs__rosidl_typesupport_fastrtps_cppExport.cmake
[36.701s] -- Installing: /home/robot/app/robot_ws/install/diagnostic_msgs/share/diagnostic_msgs/cmake/export_diagnostic_msgs__rosidl_typesupport_fastrtps_cppExport-noconfig.cmake
[36.701s] -- Installing: /home/robot/app/robot_ws/install/diagnostic_msgs/share/diagnostic_msgs/cmake/diagnostic_msgs__rosidl_typesupport_introspection_cppExport.cmake
[36.701s] -- Installing: /home/robot/app/robot_ws/install/diagnostic_msgs/share/diagnostic_msgs/cmake/diagnostic_msgs__rosidl_typesupport_introspection_cppExport-noconfig.cmake
[36.702s] -- Installing: /home/robot/app/robot_ws/install/diagnostic_msgs/share/diagnostic_msgs/cmake/diagnostic_msgs__rosidl_typesupport_cppExport.cmake
[36.702s] -- Installing: /home/robot/app/robot_ws/install/diagnostic_msgs/share/diagnostic_msgs/cmake/diagnostic_msgs__rosidl_typesupport_cppExport-noconfig.cmake
[36.703s] -- Installing: /home/robot/app/robot_ws/install/diagnostic_msgs/share/diagnostic_msgs/cmake/export_diagnostic_msgs__rosidl_generator_pyExport.cmake
[36.703s] -- Installing: /home/robot/app/robot_ws/install/diagnostic_msgs/share/diagnostic_msgs/cmake/export_diagnostic_msgs__rosidl_generator_pyExport-noconfig.cmake
[36.703s] -- Installing: /home/robot/app/robot_ws/install/diagnostic_msgs/share/diagnostic_msgs/cmake/rosidl_cmake-extras.cmake
[36.703s] -- Installing: /home/robot/app/robot_ws/install/diagnostic_msgs/share/diagnostic_msgs/cmake/ament_cmake_export_dependencies-extras.cmake
[36.704s] -- Installing: /home/robot/app/robot_ws/install/diagnostic_msgs/share/diagnostic_msgs/cmake/ament_cmake_export_include_directories-extras.cmake
[36.704s] -- Installing: /home/robot/app/robot_ws/install/diagnostic_msgs/share/diagnostic_msgs/cmake/ament_cmake_export_libraries-extras.cmake
[36.704s] -- Installing: /home/robot/app/robot_ws/install/diagnostic_msgs/share/diagnostic_msgs/cmake/ament_cmake_export_targets-extras.cmake
[36.705s] -- Installing: /home/robot/app/robot_ws/install/diagnostic_msgs/share/diagnostic_msgs/cmake/rosidl_cmake_export_typesupport_targets-extras.cmake
[36.705s] -- Installing: /home/robot/app/robot_ws/install/diagnostic_msgs/share/diagnostic_msgs/cmake/rosidl_cmake_export_typesupport_libraries-extras.cmake
[36.705s] -- Installing: /home/robot/app/robot_ws/install/diagnostic_msgs/share/diagnostic_msgs/cmake/diagnostic_msgsConfig.cmake
[36.705s] -- Installing: /home/robot/app/robot_ws/install/diagnostic_msgs/share/diagnostic_msgs/cmake/diagnostic_msgsConfig-version.cmake
[36.705s] -- Installing: /home/robot/app/robot_ws/install/diagnostic_msgs/share/diagnostic_msgs/package.xml
[36.709s] Invoked command in '/home/robot/app/robot_ws/build/diagnostic_msgs' returned '0': AMENT_PREFIX_PATH=/home/robot/app/robot_ws/install/geometry_msgs:/home/robot/app/robot_ws/install/std_msgs:/home/robot/app/robot_ws/install/builtin_interfaces:${AMENT_PREFIX_PATH} CMAKE_PREFIX_PATH=/home/robot/app/robot_ws/install/geometry_msgs:/home/robot/app/robot_ws/install/std_msgs:/home/robot/app/robot_ws/install/builtin_interfaces:/home/robot/app/robot_ws/install/rosidl_typesupport_microxrcedds_cpp:/home/robot/app/robot_ws/install/rosidl_typesupport_microxrcedds_c:/home/robot/app/robot_ws/install/microcdr:/home/robot/app/robot_ws/install/micro_ros_setup:/opt/ros/humble LD_LIBRARY_PATH=/home/robot/app/robot_ws/install/geometry_msgs/lib:/home/robot/app/robot_ws/install/std_msgs/lib:/home/robot/app/robot_ws/install/builtin_interfaces/lib:${LD_LIBRARY_PATH} PYTHONPATH=/home/robot/app/robot_ws/install/geometry_msgs/local/lib/python3.10/dist-packages:/home/robot/app/robot_ws/install/std_msgs/local/lib/python3.10/dist-packages:/home/robot/app/robot_ws/install/builtin_interfaces/local/lib/python3.10/dist-packages:${PYTHONPATH} /usr/bin/cmake --install /home/robot/app/robot_ws/build/diagnostic_msgs
