[0.047s] Invoking command in '/home/robot/app/robot_ws/build/statistics_msgs': AMENT_PREFIX_PATH=/home/robot/app/robot_ws/install/builtin_interfaces:${AMENT_PREFIX_PATH} CMAKE_PREFIX_PATH=/home/robot/app/robot_ws/install/builtin_interfaces:/home/robot/app/robot_ws/install/rosidl_typesupport_microxrcedds_cpp:/home/robot/app/robot_ws/install/rosidl_typesupport_microxrcedds_c:/home/robot/app/robot_ws/install/microcdr:/home/robot/app/robot_ws/install/micro_ros_setup:/home/robot/app/robot_ws/install/my_custom_message:/opt/ros/humble LD_LIBRARY_PATH=/home/robot/app/robot_ws/install/builtin_interfaces/lib:${LD_LIBRARY_PATH} PYTHONPATH=/home/robot/app/robot_ws/install/builtin_interfaces/local/lib/python3.10/dist-packages:${PYTHONPATH} /usr/bin/cmake /home/robot/app/robot_ws/src/ros2/rcl_interfaces/statistics_msgs -DBUILD_TESTING=OFF -DBUILD_SHARED_LIBS=ON -DCMAKE_INSTALL_PREFIX=/home/robot/app/robot_ws/install/statistics_msgs
[0.605s] -- The C compiler identification is GNU 11.4.0
[0.618s] -- The CXX compiler identification is GNU 11.4.0
[0.635s] -- Detecting C compiler ABI info
[0.914s] -- Detecting C compiler ABI info - done
[0.950s] -- Check for working C compiler: /usr/bin/cc - skipped
[0.953s] -- Detecting C compile features
[0.954s] -- Detecting C compile features - done
[0.964s] -- Detecting CXX compiler ABI info
[1.245s] -- Detecting CXX compiler ABI info - done
[1.274s] -- Check for working CXX compiler: /usr/bin/c++ - skipped
[1.275s] -- Detecting CXX compile features
[1.282s] -- Detecting CXX compile features - done
[1.289s] -- Found ament_cmake: 1.3.10 (/opt/ros/humble/share/ament_cmake/cmake)
[1.737s] -- Found Python3: /usr/bin/python3 (found version "3.10.12") found components: Interpreter 
[2.028s] -- Found builtin_interfaces: 1.2.1 (/home/robot/app/robot_ws/install/builtin_interfaces/share/builtin_interfaces/cmake)
[2.145s] -- Found rosidl_generator_c: 3.1.5 (/opt/ros/humble/share/rosidl_generator_c/cmake)
[2.167s] -- Found rosidl_adapter: 3.1.5 (/opt/ros/humble/share/rosidl_adapter/cmake)
[2.203s] -- Found rosidl_generator_cpp: 3.1.5 (/opt/ros/humble/share/rosidl_generator_cpp/cmake)
[2.246s] -- Using all available rosidl_typesupport_c: rosidl_typesupport_microxrcedds_c;rosidl_typesupport_fastrtps_c;rosidl_typesupport_introspection_c
[2.329s] -- Using all available rosidl_typesupport_cpp: rosidl_typesupport_microxrcedds_cpp;rosidl_typesupport_fastrtps_cpp;rosidl_typesupport_introspection_cpp
[2.406s] -- Found rosidl_default_generators: 1.2.0 (/opt/ros/humble/share/rosidl_default_generators/cmake)
[3.231s] -- Found ament_cmake_ros: 0.10.0 (/opt/ros/humble/share/ament_cmake_ros/cmake)
[4.402s] -- Using all available rosidl_typesupport_c: rosidl_typesupport_microxrcedds_c;rosidl_typesupport_fastrtps_c;rosidl_typesupport_introspection_c
[4.959s] -- Using all available rosidl_typesupport_cpp: rosidl_typesupport_microxrcedds_cpp;rosidl_typesupport_fastrtps_cpp;rosidl_typesupport_introspection_cpp
[5.043s] -- Found PythonInterp: /usr/bin/python3 (found suitable version "3.10.12", minimum required is "3.6") 
[5.053s] -- Found python_cmake_module: 0.10.0 (/opt/ros/humble/share/python_cmake_module/cmake)
[5.127s] -- Found PythonLibs: /usr/lib/x86_64-linux-gnu/libpython3.10.so (found suitable version "3.10.12", minimum required is "3.5") 
[5.128s] -- Using PYTHON_EXECUTABLE: /usr/bin/python3
[5.129s] -- Using PYTHON_INCLUDE_DIRS: /usr/include/python3.10
[5.129s] -- Using PYTHON_LIBRARIES: /usr/lib/x86_64-linux-gnu/libpython3.10.so
[5.191s] -- Found PythonExtra: .so  
[5.353s] -- Configuring done
[5.489s] -- Generating done
[5.508s] -- Build files have been written to: /home/robot/app/robot_ws/build/statistics_msgs
[5.526s] Invoked command in '/home/robot/app/robot_ws/build/statistics_msgs' returned '0': AMENT_PREFIX_PATH=/home/robot/app/robot_ws/install/builtin_interfaces:${AMENT_PREFIX_PATH} CMAKE_PREFIX_PATH=/home/robot/app/robot_ws/install/builtin_interfaces:/home/robot/app/robot_ws/install/rosidl_typesupport_microxrcedds_cpp:/home/robot/app/robot_ws/install/rosidl_typesupport_microxrcedds_c:/home/robot/app/robot_ws/install/microcdr:/home/robot/app/robot_ws/install/micro_ros_setup:/home/robot/app/robot_ws/install/my_custom_message:/opt/ros/humble LD_LIBRARY_PATH=/home/robot/app/robot_ws/install/builtin_interfaces/lib:${LD_LIBRARY_PATH} PYTHONPATH=/home/robot/app/robot_ws/install/builtin_interfaces/local/lib/python3.10/dist-packages:${PYTHONPATH} /usr/bin/cmake /home/robot/app/robot_ws/src/ros2/rcl_interfaces/statistics_msgs -DBUILD_TESTING=OFF -DBUILD_SHARED_LIBS=ON -DCMAKE_INSTALL_PREFIX=/home/robot/app/robot_ws/install/statistics_msgs
[5.527s] Invoking command in '/home/robot/app/robot_ws/build/statistics_msgs': AMENT_PREFIX_PATH=/home/robot/app/robot_ws/install/builtin_interfaces:${AMENT_PREFIX_PATH} CMAKE_PREFIX_PATH=/home/robot/app/robot_ws/install/builtin_interfaces:/home/robot/app/robot_ws/install/rosidl_typesupport_microxrcedds_cpp:/home/robot/app/robot_ws/install/rosidl_typesupport_microxrcedds_c:/home/robot/app/robot_ws/install/microcdr:/home/robot/app/robot_ws/install/micro_ros_setup:/home/robot/app/robot_ws/install/my_custom_message:/opt/ros/humble LD_LIBRARY_PATH=/home/robot/app/robot_ws/install/builtin_interfaces/lib:${LD_LIBRARY_PATH} PYTHONPATH=/home/robot/app/robot_ws/install/builtin_interfaces/local/lib/python3.10/dist-packages:${PYTHONPATH} /usr/bin/cmake --build /home/robot/app/robot_ws/build/statistics_msgs -- -j8 -l8
[20.305s] [  1%] [34m[1mGenerating C++ code for ROS interfaces[0m
[20.306s] [  1%] Built target statistics_msgs__cpp
[20.306s] [  1%] Built target ament_cmake_python_copy_statistics_msgs
[20.306s] [  3%] [34m[1mGenerating C++ introspection for ROS interfaces[0m
[20.306s] [  5%] [32mBuilding CXX object CMakeFiles/statistics_msgs__rosidl_typesupport_introspection_cpp.dir/rosidl_typesupport_introspection_cpp/statistics_msgs/msg/detail/metrics_message__type_support.cpp.o[0m
[20.307s] [  6%] [32mBuilding CXX object CMakeFiles/statistics_msgs__rosidl_typesupport_introspection_cpp.dir/rosidl_typesupport_introspection_cpp/statistics_msgs/msg/detail/statistic_data_type__type_support.cpp.o[0m
[20.307s] [  8%] [32mBuilding CXX object CMakeFiles/statistics_msgs__rosidl_typesupport_introspection_cpp.dir/rosidl_typesupport_introspection_cpp/statistics_msgs/msg/detail/statistic_data_point__type_support.cpp.o[0m
[20.307s] [ 10%] [32m[1mLinking CXX shared library libstatistics_msgs__rosidl_typesupport_introspection_cpp.so[0m
[20.307s] [ 10%] Built target statistics_msgs__rosidl_typesupport_introspection_cpp
[20.314s] running egg_info
[20.314s] creating statistics_msgs.egg-info
[20.314s] writing statistics_msgs.egg-info/PKG-INFO
[20.314s] writing dependency_links to statistics_msgs.egg-info/dependency_links.txt
[20.315s] writing top-level names to statistics_msgs.egg-info/top_level.txt
[20.315s] writing manifest file 'statistics_msgs.egg-info/SOURCES.txt'
[20.317s] reading manifest file 'statistics_msgs.egg-info/SOURCES.txt'
[20.317s] writing manifest file 'statistics_msgs.egg-info/SOURCES.txt'
[20.318s] [ 10%] Built target ament_cmake_python_build_statistics_msgs_egg
[20.318s] [ 11%] [34m[1mGenerating C++ type support for eProsima Micro XRCE-DDS[0m
[20.318s] [ 13%] [32mBuilding CXX object CMakeFiles/statistics_msgs__rosidl_typesupport_microxrcedds_cpp.dir/rosidl_typesupport_microxrcedds_cpp/statistics_msgs/msg/detail/microxrcedds/metrics_message__type_support_cpp.cpp.o[0m
[20.318s] [ 15%] [32mBuilding CXX object CMakeFiles/statistics_msgs__rosidl_typesupport_microxrcedds_cpp.dir/rosidl_typesupport_microxrcedds_cpp/statistics_msgs/msg/detail/microxrcedds/statistic_data_type__type_support_cpp.cpp.o[0m
[20.319s] [ 16%] [32mBuilding CXX object CMakeFiles/statistics_msgs__rosidl_typesupport_microxrcedds_cpp.dir/rosidl_typesupport_microxrcedds_cpp/statistics_msgs/msg/detail/microxrcedds/statistic_data_point__type_support_cpp.cpp.o[0m
[20.319s] [ 18%] [32m[1mLinking CXX shared library libstatistics_msgs__rosidl_typesupport_microxrcedds_cpp.so[0m
[20.319s] [ 18%] Built target statistics_msgs__rosidl_typesupport_microxrcedds_cpp
[20.319s] [ 20%] [34m[1mGenerating C++ type support for eProsima Fast-RTPS[0m
[21.384s] [ 22%] [32mBuilding CXX object CMakeFiles/statistics_msgs__rosidl_typesupport_fastrtps_cpp.dir/rosidl_typesupport_fastrtps_cpp/statistics_msgs/msg/detail/dds_fastrtps/metrics_message__type_support.cpp.o[0m
[22.689s] [ 23%] [32mBuilding CXX object CMakeFiles/statistics_msgs__rosidl_typesupport_fastrtps_cpp.dir/rosidl_typesupport_fastrtps_cpp/statistics_msgs/msg/detail/dds_fastrtps/statistic_data_type__type_support.cpp.o[0m
[23.859s] [ 25%] [32mBuilding CXX object CMakeFiles/statistics_msgs__rosidl_typesupport_fastrtps_cpp.dir/rosidl_typesupport_fastrtps_cpp/statistics_msgs/msg/detail/dds_fastrtps/statistic_data_point__type_support.cpp.o[0m
[24.752s] [ 27%] [32m[1mLinking CXX shared library libstatistics_msgs__rosidl_typesupport_fastrtps_cpp.so[0m
[24.960s] [ 27%] Built target statistics_msgs__rosidl_typesupport_fastrtps_cpp
[24.989s] [ 28%] [34m[1mGenerating C++ type support dispatch for ROS interfaces[0m
[26.194s] [ 30%] [32mBuilding CXX object CMakeFiles/statistics_msgs__rosidl_typesupport_cpp.dir/rosidl_typesupport_cpp/statistics_msgs/msg/metrics_message__type_support.cpp.o[0m
[26.988s] [ 32%] [32mBuilding CXX object CMakeFiles/statistics_msgs__rosidl_typesupport_cpp.dir/rosidl_typesupport_cpp/statistics_msgs/msg/statistic_data_type__type_support.cpp.o[0m
[27.764s] [ 33%] [32mBuilding CXX object CMakeFiles/statistics_msgs__rosidl_typesupport_cpp.dir/rosidl_typesupport_cpp/statistics_msgs/msg/statistic_data_point__type_support.cpp.o[0m
[28.517s] [ 35%] [32m[1mLinking CXX shared library libstatistics_msgs__rosidl_typesupport_cpp.so[0m
[28.631s] [ 35%] Built target statistics_msgs__rosidl_typesupport_cpp
[28.658s] [ 37%] [34m[1mGenerating C code for ROS interfaces[0m
[30.700s] [ 38%] [32mBuilding C object CMakeFiles/statistics_msgs__rosidl_generator_c.dir/rosidl_generator_c/statistics_msgs/msg/detail/metrics_message__functions.c.o[0m
[30.844s] [ 40%] [32mBuilding C object CMakeFiles/statistics_msgs__rosidl_generator_c.dir/rosidl_generator_c/statistics_msgs/msg/detail/statistic_data_type__functions.c.o[0m
[30.982s] [ 42%] [32mBuilding C object CMakeFiles/statistics_msgs__rosidl_generator_c.dir/rosidl_generator_c/statistics_msgs/msg/detail/statistic_data_point__functions.c.o[0m
[31.118s] [ 44%] [32m[1mLinking C shared library libstatistics_msgs__rosidl_generator_c.so[0m
[31.218s] [ 44%] Built target statistics_msgs__rosidl_generator_c
[31.244s] [ 45%] [34m[1mGenerating C type support for eProsima Fast-RTPS[0m
[32.861s] [ 47%] [32mBuilding CXX object CMakeFiles/statistics_msgs__rosidl_typesupport_fastrtps_c.dir/rosidl_typesupport_fastrtps_c/statistics_msgs/msg/detail/metrics_message__type_support_c.cpp.o[0m
[33.852s] [ 49%] [32mBuilding CXX object CMakeFiles/statistics_msgs__rosidl_typesupport_fastrtps_c.dir/rosidl_typesupport_fastrtps_c/statistics_msgs/msg/detail/statistic_data_type__type_support_c.cpp.o[0m
[34.767s] [ 50%] [32mBuilding CXX object CMakeFiles/statistics_msgs__rosidl_typesupport_fastrtps_c.dir/rosidl_typesupport_fastrtps_c/statistics_msgs/msg/detail/statistic_data_point__type_support_c.cpp.o[0m
[35.460s] [ 52%] [32m[1mLinking CXX shared library libstatistics_msgs__rosidl_typesupport_fastrtps_c.so[0m
[35.619s] [ 52%] Built target statistics_msgs__rosidl_typesupport_fastrtps_c
[35.637s] [ 54%] [34m[1mGenerating C type support dispatch for ROS interfaces[0m
[36.978s] [ 55%] [32mBuilding CXX object CMakeFiles/statistics_msgs__rosidl_typesupport_c.dir/rosidl_typesupport_c/statistics_msgs/msg/metrics_message__type_support.cpp.o[0m
[37.040s] [ 57%] [32mBuilding CXX object CMakeFiles/statistics_msgs__rosidl_typesupport_c.dir/rosidl_typesupport_c/statistics_msgs/msg/statistic_data_type__type_support.cpp.o[0m
[37.095s] [ 59%] [32mBuilding CXX object CMakeFiles/statistics_msgs__rosidl_typesupport_c.dir/rosidl_typesupport_c/statistics_msgs/msg/statistic_data_point__type_support.cpp.o[0m
[37.154s] [ 61%] [32m[1mLinking CXX shared library libstatistics_msgs__rosidl_typesupport_c.so[0m
[37.267s] [ 61%] Built target statistics_msgs__rosidl_typesupport_c
[37.299s] [ 62%] [34m[1mGenerating C introspection for ROS interfaces[0m
[38.395s] [ 64%] [32mBuilding C object CMakeFiles/statistics_msgs__rosidl_typesupport_introspection_c.dir/rosidl_typesupport_introspection_c/statistics_msgs/msg/detail/metrics_message__type_support.c.o[0m
[38.468s] [ 66%] [32mBuilding C object CMakeFiles/statistics_msgs__rosidl_typesupport_introspection_c.dir/rosidl_typesupport_introspection_c/statistics_msgs/msg/detail/statistic_data_type__type_support.c.o[0m
[38.557s] [ 67%] [32mBuilding C object CMakeFiles/statistics_msgs__rosidl_typesupport_introspection_c.dir/rosidl_typesupport_introspection_c/statistics_msgs/msg/detail/statistic_data_point__type_support.c.o[0m
[38.628s] [ 69%] [32m[1mLinking C shared library libstatistics_msgs__rosidl_typesupport_introspection_c.so[0m
[38.685s] [ 69%] Built target statistics_msgs__rosidl_typesupport_introspection_c
[38.705s] [ 71%] [34m[1mGenerating C type support for eProsima Micro XRCE-DDS[0m
[39.842s] [ 72%] [32mBuilding C object CMakeFiles/statistics_msgs__rosidl_typesupport_microxrcedds_c.dir/rosidl_typesupport_microxrcedds_c/statistics_msgs/msg/detail/microxrcedds/metrics_message__type_support_c.c.o[0m
[39.939s] [ 74%] [32mBuilding C object CMakeFiles/statistics_msgs__rosidl_typesupport_microxrcedds_c.dir/rosidl_typesupport_microxrcedds_c/statistics_msgs/msg/detail/microxrcedds/statistic_data_type__type_support_c.c.o[0m
[40.019s] [ 76%] [32mBuilding C object CMakeFiles/statistics_msgs__rosidl_typesupport_microxrcedds_c.dir/rosidl_typesupport_microxrcedds_c/statistics_msgs/msg/detail/microxrcedds/statistic_data_point__type_support_c.c.o[0m
[40.101s] [ 77%] [32m[1mLinking C shared library libstatistics_msgs__rosidl_typesupport_microxrcedds_c.so[0m
[40.172s] [ 77%] Built target statistics_msgs__rosidl_typesupport_microxrcedds_c
[40.214s] [ 77%] Built target statistics_msgs
[40.251s] [ 79%] [34m[1mGenerating Python code for ROS interfaces[0m
[43.185s] [ 79%] Built target statistics_msgs__py
[43.234s] [ 81%] [32mBuilding C object CMakeFiles/statistics_msgs__rosidl_generator_py.dir/rosidl_generator_py/statistics_msgs/msg/_metrics_message_s.c.o[0m
[43.460s] [ 83%] [32mBuilding C object CMakeFiles/statistics_msgs__rosidl_generator_py.dir/rosidl_generator_py/statistics_msgs/msg/_statistic_data_type_s.c.o[0m
[43.649s] [ 84%] [32mBuilding C object CMakeFiles/statistics_msgs__rosidl_generator_py.dir/rosidl_generator_py/statistics_msgs/msg/_statistic_data_point_s.c.o[0m
[43.849s] [ 86%] [32m[1mLinking C shared library rosidl_generator_py/statistics_msgs/libstatistics_msgs__rosidl_generator_py.so[0m
[43.928s] [ 86%] Built target statistics_msgs__rosidl_generator_py
[43.965s] [ 88%] [32mBuilding C object CMakeFiles/statistics_msgs__rosidl_typesupport_microxrcedds_c__pyext.dir/rosidl_generator_py/statistics_msgs/_statistics_msgs_s.ep.rosidl_typesupport_microxrcedds_c.c.o[0m
[44.184s] [ 89%] [32m[1mLinking C shared library rosidl_generator_py/statistics_msgs/statistics_msgs_s__rosidl_typesupport_microxrcedds_c.cpython-310-x86_64-linux-gnu.so[0m
[44.266s] [ 89%] Built target statistics_msgs__rosidl_typesupport_microxrcedds_c__pyext
[44.313s] [ 91%] [32mBuilding C object CMakeFiles/statistics_msgs__rosidl_typesupport_c__pyext.dir/rosidl_generator_py/statistics_msgs/_statistics_msgs_s.ep.rosidl_typesupport_c.c.o[0m
[44.590s] [ 93%] [32m[1mLinking C shared library rosidl_generator_py/statistics_msgs/statistics_msgs_s__rosidl_typesupport_c.cpython-310-x86_64-linux-gnu.so[0m
[44.676s] [ 93%] Built target statistics_msgs__rosidl_typesupport_c__pyext
[44.729s] [ 94%] [32mBuilding C object CMakeFiles/statistics_msgs__rosidl_typesupport_introspection_c__pyext.dir/rosidl_generator_py/statistics_msgs/_statistics_msgs_s.ep.rosidl_typesupport_introspection_c.c.o[0m
[44.967s] [ 96%] [32m[1mLinking C shared library rosidl_generator_py/statistics_msgs/statistics_msgs_s__rosidl_typesupport_introspection_c.cpython-310-x86_64-linux-gnu.so[0m
[45.049s] [ 96%] Built target statistics_msgs__rosidl_typesupport_introspection_c__pyext
[45.092s] [ 98%] [32mBuilding C object CMakeFiles/statistics_msgs__rosidl_typesupport_fastrtps_c__pyext.dir/rosidl_generator_py/statistics_msgs/_statistics_msgs_s.ep.rosidl_typesupport_fastrtps_c.c.o[0m
[45.344s] [100%] [32m[1mLinking C shared library rosidl_generator_py/statistics_msgs/statistics_msgs_s__rosidl_typesupport_fastrtps_c.cpython-310-x86_64-linux-gnu.so[0m
[45.431s] [100%] Built target statistics_msgs__rosidl_typesupport_fastrtps_c__pyext
[45.455s] Invoked command in '/home/robot/app/robot_ws/build/statistics_msgs' returned '0': AMENT_PREFIX_PATH=/home/robot/app/robot_ws/install/builtin_interfaces:${AMENT_PREFIX_PATH} CMAKE_PREFIX_PATH=/home/robot/app/robot_ws/install/builtin_interfaces:/home/robot/app/robot_ws/install/rosidl_typesupport_microxrcedds_cpp:/home/robot/app/robot_ws/install/rosidl_typesupport_microxrcedds_c:/home/robot/app/robot_ws/install/microcdr:/home/robot/app/robot_ws/install/micro_ros_setup:/home/robot/app/robot_ws/install/my_custom_message:/opt/ros/humble LD_LIBRARY_PATH=/home/robot/app/robot_ws/install/builtin_interfaces/lib:${LD_LIBRARY_PATH} PYTHONPATH=/home/robot/app/robot_ws/install/builtin_interfaces/local/lib/python3.10/dist-packages:${PYTHONPATH} /usr/bin/cmake --build /home/robot/app/robot_ws/build/statistics_msgs -- -j8 -l8
[45.679s] Invoking command in '/home/robot/app/robot_ws/build/statistics_msgs': AMENT_PREFIX_PATH=/home/robot/app/robot_ws/install/builtin_interfaces:${AMENT_PREFIX_PATH} CMAKE_PREFIX_PATH=/home/robot/app/robot_ws/install/builtin_interfaces:/home/robot/app/robot_ws/install/rosidl_typesupport_microxrcedds_cpp:/home/robot/app/robot_ws/install/rosidl_typesupport_microxrcedds_c:/home/robot/app/robot_ws/install/microcdr:/home/robot/app/robot_ws/install/micro_ros_setup:/home/robot/app/robot_ws/install/my_custom_message:/opt/ros/humble LD_LIBRARY_PATH=/home/robot/app/robot_ws/install/builtin_interfaces/lib:${LD_LIBRARY_PATH} PYTHONPATH=/home/robot/app/robot_ws/install/builtin_interfaces/local/lib/python3.10/dist-packages:${PYTHONPATH} /usr/bin/cmake --install /home/robot/app/robot_ws/build/statistics_msgs
[45.693s] -- Install configuration: ""
[45.693s] -- Installing: /home/robot/app/robot_ws/install/statistics_msgs/share/ament_index/resource_index/rosidl_interfaces/statistics_msgs
[45.694s] -- Installing: /home/robot/app/robot_ws/install/statistics_msgs/include/statistics_msgs/statistics_msgs
[45.694s] -- Installing: /home/robot/app/robot_ws/install/statistics_msgs/include/statistics_msgs/statistics_msgs/msg
[45.694s] -- Installing: /home/robot/app/robot_ws/install/statistics_msgs/include/statistics_msgs/statistics_msgs/msg/statistic_data_type.h
[45.695s] -- Installing: /home/robot/app/robot_ws/install/statistics_msgs/include/statistics_msgs/statistics_msgs/msg/metrics_message.h
[45.695s] -- Installing: /home/robot/app/robot_ws/install/statistics_msgs/include/statistics_msgs/statistics_msgs/msg/statistic_data_point.h
[45.695s] -- Installing: /home/robot/app/robot_ws/install/statistics_msgs/include/statistics_msgs/statistics_msgs/msg/detail
[45.695s] -- Installing: /home/robot/app/robot_ws/install/statistics_msgs/include/statistics_msgs/statistics_msgs/msg/detail/statistic_data_point__type_support.h
[45.696s] -- Installing: /home/robot/app/robot_ws/install/statistics_msgs/include/statistics_msgs/statistics_msgs/msg/detail/statistic_data_point__struct.h
[45.696s] -- Installing: /home/robot/app/robot_ws/install/statistics_msgs/include/statistics_msgs/statistics_msgs/msg/detail/metrics_message__functions.c
[45.696s] -- Installing: /home/robot/app/robot_ws/install/statistics_msgs/include/statistics_msgs/statistics_msgs/msg/detail/metrics_message__functions.h
[45.697s] -- Installing: /home/robot/app/robot_ws/install/statistics_msgs/include/statistics_msgs/statistics_msgs/msg/detail/statistic_data_type__type_support.h
[45.697s] -- Installing: /home/robot/app/robot_ws/install/statistics_msgs/include/statistics_msgs/statistics_msgs/msg/detail/metrics_message__struct.h
[45.697s] -- Installing: /home/robot/app/robot_ws/install/statistics_msgs/include/statistics_msgs/statistics_msgs/msg/detail/statistic_data_point__functions.c
[45.698s] -- Installing: /home/robot/app/robot_ws/install/statistics_msgs/include/statistics_msgs/statistics_msgs/msg/detail/statistic_data_type__functions.h
[45.698s] -- Installing: /home/robot/app/robot_ws/install/statistics_msgs/include/statistics_msgs/statistics_msgs/msg/detail/statistic_data_type__struct.h
[45.699s] -- Installing: /home/robot/app/robot_ws/install/statistics_msgs/include/statistics_msgs/statistics_msgs/msg/detail/statistic_data_point__functions.h
[45.699s] -- Installing: /home/robot/app/robot_ws/install/statistics_msgs/include/statistics_msgs/statistics_msgs/msg/detail/metrics_message__type_support.h
[45.699s] -- Installing: /home/robot/app/robot_ws/install/statistics_msgs/include/statistics_msgs/statistics_msgs/msg/detail/statistic_data_type__functions.c
[45.703s] -- Installing: /home/robot/app/robot_ws/install/statistics_msgs/include/statistics_msgs/statistics_msgs/msg/rosidl_generator_c__visibility_control.h
[45.703s] -- Installing: /home/robot/app/robot_ws/install/statistics_msgs/share/statistics_msgs/environment/library_path.sh
[45.703s] -- Installing: /home/robot/app/robot_ws/install/statistics_msgs/share/statistics_msgs/environment/library_path.dsv
[45.703s] -- Installing: /home/robot/app/robot_ws/install/statistics_msgs/lib/libstatistics_msgs__rosidl_generator_c.so
[45.704s] -- Set runtime path of "/home/robot/app/robot_ws/install/statistics_msgs/lib/libstatistics_msgs__rosidl_generator_c.so" to ""
[45.704s] -- Up-to-date: /home/robot/app/robot_ws/install/statistics_msgs/include/statistics_msgs/statistics_msgs
[45.704s] -- Up-to-date: /home/robot/app/robot_ws/install/statistics_msgs/include/statistics_msgs/statistics_msgs/msg
[45.704s] -- Up-to-date: /home/robot/app/robot_ws/install/statistics_msgs/include/statistics_msgs/statistics_msgs/msg/detail
[45.704s] -- Installing: /home/robot/app/robot_ws/install/statistics_msgs/include/statistics_msgs/statistics_msgs/msg/detail/statistic_data_type__rosidl_typesupport_fastrtps_c.h
[45.704s] -- Installing: /home/robot/app/robot_ws/install/statistics_msgs/include/statistics_msgs/statistics_msgs/msg/detail/metrics_message__rosidl_typesupport_fastrtps_c.h
[45.705s] -- Installing: /home/robot/app/robot_ws/install/statistics_msgs/include/statistics_msgs/statistics_msgs/msg/detail/statistic_data_point__rosidl_typesupport_fastrtps_c.h
[45.705s] -- Installing: /home/robot/app/robot_ws/install/statistics_msgs/include/statistics_msgs/statistics_msgs/msg/rosidl_typesupport_fastrtps_c__visibility_control.h
[45.705s] -- Installing: /home/robot/app/robot_ws/install/statistics_msgs/lib/libstatistics_msgs__rosidl_typesupport_fastrtps_c.so
[45.705s] -- Set runtime path of "/home/robot/app/robot_ws/install/statistics_msgs/lib/libstatistics_msgs__rosidl_typesupport_fastrtps_c.so" to ""
[45.706s] -- Up-to-date: /home/robot/app/robot_ws/install/statistics_msgs/include/statistics_msgs/statistics_msgs
[45.706s] -- Up-to-date: /home/robot/app/robot_ws/install/statistics_msgs/include/statistics_msgs/statistics_msgs/msg
[45.706s] -- Installing: /home/robot/app/robot_ws/install/statistics_msgs/include/statistics_msgs/statistics_msgs/msg/statistic_data_point.hpp
[45.706s] -- Up-to-date: /home/robot/app/robot_ws/install/statistics_msgs/include/statistics_msgs/statistics_msgs/msg/detail
[45.706s] -- Installing: /home/robot/app/robot_ws/install/statistics_msgs/include/statistics_msgs/statistics_msgs/msg/detail/statistic_data_point__traits.hpp
[45.707s] -- Installing: /home/robot/app/robot_ws/install/statistics_msgs/include/statistics_msgs/statistics_msgs/msg/detail/statistic_data_type__builder.hpp
[45.707s] -- Installing: /home/robot/app/robot_ws/install/statistics_msgs/include/statistics_msgs/statistics_msgs/msg/detail/metrics_message__builder.hpp
[45.707s] -- Installing: /home/robot/app/robot_ws/install/statistics_msgs/include/statistics_msgs/statistics_msgs/msg/detail/statistic_data_type__traits.hpp
[45.708s] -- Installing: /home/robot/app/robot_ws/install/statistics_msgs/include/statistics_msgs/statistics_msgs/msg/detail/metrics_message__struct.hpp
[45.708s] -- Installing: /home/robot/app/robot_ws/install/statistics_msgs/include/statistics_msgs/statistics_msgs/msg/detail/statistic_data_point__struct.hpp
[45.708s] -- Installing: /home/robot/app/robot_ws/install/statistics_msgs/include/statistics_msgs/statistics_msgs/msg/detail/statistic_data_point__builder.hpp
[45.708s] -- Installing: /home/robot/app/robot_ws/install/statistics_msgs/include/statistics_msgs/statistics_msgs/msg/detail/statistic_data_type__struct.hpp
[45.709s] -- Installing: /home/robot/app/robot_ws/install/statistics_msgs/include/statistics_msgs/statistics_msgs/msg/detail/metrics_message__traits.hpp
[45.709s] -- Installing: /home/robot/app/robot_ws/install/statistics_msgs/include/statistics_msgs/statistics_msgs/msg/metrics_message.hpp
[45.711s] -- Installing: /home/robot/app/robot_ws/install/statistics_msgs/include/statistics_msgs/statistics_msgs/msg/statistic_data_type.hpp
[45.711s] -- Up-to-date: /home/robot/app/robot_ws/install/statistics_msgs/include/statistics_msgs/statistics_msgs
[45.711s] -- Up-to-date: /home/robot/app/robot_ws/install/statistics_msgs/include/statistics_msgs/statistics_msgs/msg
[45.711s] -- Installing: /home/robot/app/robot_ws/install/statistics_msgs/include/statistics_msgs/statistics_msgs/msg/rosidl_typesupport_fastrtps_cpp__visibility_control.h
[45.712s] -- Up-to-date: /home/robot/app/robot_ws/install/statistics_msgs/include/statistics_msgs/statistics_msgs/msg/detail
[45.712s] -- Installing: /home/robot/app/robot_ws/install/statistics_msgs/include/statistics_msgs/statistics_msgs/msg/detail/dds_fastrtps
[45.712s] -- Installing: /home/robot/app/robot_ws/install/statistics_msgs/include/statistics_msgs/statistics_msgs/msg/detail/statistic_data_point__rosidl_typesupport_fastrtps_cpp.hpp
[45.712s] -- Installing: /home/robot/app/robot_ws/install/statistics_msgs/include/statistics_msgs/statistics_msgs/msg/detail/statistic_data_type__rosidl_typesupport_fastrtps_cpp.hpp
[45.713s] -- Installing: /home/robot/app/robot_ws/install/statistics_msgs/include/statistics_msgs/statistics_msgs/msg/detail/metrics_message__rosidl_typesupport_fastrtps_cpp.hpp
[45.713s] -- Installing: /home/robot/app/robot_ws/install/statistics_msgs/lib/libstatistics_msgs__rosidl_typesupport_fastrtps_cpp.so
[45.713s] -- Set runtime path of "/home/robot/app/robot_ws/install/statistics_msgs/lib/libstatistics_msgs__rosidl_typesupport_fastrtps_cpp.so" to ""
[45.713s] -- Up-to-date: /home/robot/app/robot_ws/install/statistics_msgs/include/statistics_msgs
[45.713s] -- Installing: /home/robot/app/robot_ws/install/statistics_msgs/include/statistics_msgs/msg
[45.714s] -- Installing: /home/robot/app/robot_ws/install/statistics_msgs/include/statistics_msgs/msg/detail
[45.714s] -- Installing: /home/robot/app/robot_ws/install/statistics_msgs/include/statistics_msgs/msg/detail/microxrcedds
[45.714s] -- Installing: /home/robot/app/robot_ws/install/statistics_msgs/include/statistics_msgs/msg/detail/metrics_message__rosidl_typesupport_microxrcedds_c.h
[45.714s] -- Installing: /home/robot/app/robot_ws/install/statistics_msgs/include/statistics_msgs/msg/detail/statistic_data_point__rosidl_typesupport_microxrcedds_c.h
[45.715s] -- Installing: /home/robot/app/robot_ws/install/statistics_msgs/include/statistics_msgs/msg/detail/statistic_data_type__rosidl_typesupport_microxrcedds_c.h
[45.715s] -- Installing: /home/robot/app/robot_ws/install/statistics_msgs/include/statistics_msgs/msg/rosidl_typesupport_microxrcedds_c__visibility_control.h
[45.715s] -- Installing: /home/robot/app/robot_ws/install/statistics_msgs/lib/libstatistics_msgs__rosidl_typesupport_microxrcedds_c.so
[45.715s] -- Set runtime path of "/home/robot/app/robot_ws/install/statistics_msgs/lib/libstatistics_msgs__rosidl_typesupport_microxrcedds_c.so" to ""
[45.715s] -- Up-to-date: /home/robot/app/robot_ws/install/statistics_msgs/include/statistics_msgs/statistics_msgs
[45.716s] -- Up-to-date: /home/robot/app/robot_ws/install/statistics_msgs/include/statistics_msgs/statistics_msgs/msg
[45.716s] -- Installing: /home/robot/app/robot_ws/install/statistics_msgs/include/statistics_msgs/statistics_msgs/msg/rosidl_typesupport_introspection_c__visibility_control.h
[45.716s] -- Up-to-date: /home/robot/app/robot_ws/install/statistics_msgs/include/statistics_msgs/statistics_msgs/msg/detail
[45.716s] -- Installing: /home/robot/app/robot_ws/install/statistics_msgs/include/statistics_msgs/statistics_msgs/msg/detail/statistic_data_point__rosidl_typesupport_introspection_c.h
[45.716s] -- Installing: /home/robot/app/robot_ws/install/statistics_msgs/include/statistics_msgs/statistics_msgs/msg/detail/statistic_data_type__type_support.c
[45.717s] -- Installing: /home/robot/app/robot_ws/install/statistics_msgs/include/statistics_msgs/statistics_msgs/msg/detail/metrics_message__rosidl_typesupport_introspection_c.h
[45.717s] -- Installing: /home/robot/app/robot_ws/install/statistics_msgs/include/statistics_msgs/statistics_msgs/msg/detail/metrics_message__type_support.c
[45.717s] -- Installing: /home/robot/app/robot_ws/install/statistics_msgs/include/statistics_msgs/statistics_msgs/msg/detail/statistic_data_type__rosidl_typesupport_introspection_c.h
[45.717s] -- Installing: /home/robot/app/robot_ws/install/statistics_msgs/include/statistics_msgs/statistics_msgs/msg/detail/statistic_data_point__type_support.c
[45.717s] -- Installing: /home/robot/app/robot_ws/install/statistics_msgs/lib/libstatistics_msgs__rosidl_typesupport_introspection_c.so
[45.718s] -- Set runtime path of "/home/robot/app/robot_ws/install/statistics_msgs/lib/libstatistics_msgs__rosidl_typesupport_introspection_c.so" to ""
[45.718s] -- Installing: /home/robot/app/robot_ws/install/statistics_msgs/lib/libstatistics_msgs__rosidl_typesupport_c.so
[45.719s] -- Set runtime path of "/home/robot/app/robot_ws/install/statistics_msgs/lib/libstatistics_msgs__rosidl_typesupport_c.so" to ""
[45.719s] -- Up-to-date: /home/robot/app/robot_ws/install/statistics_msgs/include/statistics_msgs
[45.719s] -- Up-to-date: /home/robot/app/robot_ws/install/statistics_msgs/include/statistics_msgs/msg
[45.720s] -- Up-to-date: /home/robot/app/robot_ws/install/statistics_msgs/include/statistics_msgs/msg/detail
[45.720s] -- Up-to-date: /home/robot/app/robot_ws/install/statistics_msgs/include/statistics_msgs/msg/detail/microxrcedds
[45.720s] -- Installing: /home/robot/app/robot_ws/install/statistics_msgs/include/statistics_msgs/msg/detail/microxrcedds/statistic_data_type__type_support_cpp.cpp
[45.720s] -- Installing: /home/robot/app/robot_ws/install/statistics_msgs/include/statistics_msgs/msg/detail/microxrcedds/metrics_message__type_support_cpp.cpp
[45.720s] -- Installing: /home/robot/app/robot_ws/install/statistics_msgs/include/statistics_msgs/msg/detail/microxrcedds/statistic_data_point__type_support_cpp.cpp
[45.721s] -- Installing: /home/robot/app/robot_ws/install/statistics_msgs/include/statistics_msgs/msg/detail/statistic_data_type__rosidl_typesupport_microxrcedds_cpp.hpp
[45.721s] -- Installing: /home/robot/app/robot_ws/install/statistics_msgs/include/statistics_msgs/msg/detail/metrics_message__rosidl_typesupport_microxrcedds_cpp.hpp
[45.721s] -- Installing: /home/robot/app/robot_ws/install/statistics_msgs/include/statistics_msgs/msg/detail/statistic_data_point__rosidl_typesupport_microxrcedds_cpp.hpp
[45.722s] -- Installing: /home/robot/app/robot_ws/install/statistics_msgs/include/statistics_msgs/msg/rosidl_typesupport_microxrcedds_cpp__visibility_control.h
[45.722s] -- Installing: /home/robot/app/robot_ws/install/statistics_msgs/lib/libstatistics_msgs__rosidl_typesupport_microxrcedds_cpp.so
[45.723s] -- Set runtime path of "/home/robot/app/robot_ws/install/statistics_msgs/lib/libstatistics_msgs__rosidl_typesupport_microxrcedds_cpp.so" to ""
[45.723s] -- Up-to-date: /home/robot/app/robot_ws/install/statistics_msgs/include/statistics_msgs/statistics_msgs
[45.723s] -- Up-to-date: /home/robot/app/robot_ws/install/statistics_msgs/include/statistics_msgs/statistics_msgs/msg
[45.723s] -- Up-to-date: /home/robot/app/robot_ws/install/statistics_msgs/include/statistics_msgs/statistics_msgs/msg/detail
[45.724s] -- Installing: /home/robot/app/robot_ws/install/statistics_msgs/include/statistics_msgs/statistics_msgs/msg/detail/metrics_message__type_support.cpp
[45.724s] -- Installing: /home/robot/app/robot_ws/install/statistics_msgs/include/statistics_msgs/statistics_msgs/msg/detail/statistic_data_type__type_support.cpp
[45.724s] -- Installing: /home/robot/app/robot_ws/install/statistics_msgs/include/statistics_msgs/statistics_msgs/msg/detail/statistic_data_point__type_support.cpp
[45.724s] -- Installing: /home/robot/app/robot_ws/install/statistics_msgs/include/statistics_msgs/statistics_msgs/msg/detail/statistic_data_point__rosidl_typesupport_introspection_cpp.hpp
[45.725s] -- Installing: /home/robot/app/robot_ws/install/statistics_msgs/include/statistics_msgs/statistics_msgs/msg/detail/statistic_data_type__rosidl_typesupport_introspection_cpp.hpp
[45.725s] -- Installing: /home/robot/app/robot_ws/install/statistics_msgs/include/statistics_msgs/statistics_msgs/msg/detail/metrics_message__rosidl_typesupport_introspection_cpp.hpp
[45.726s] -- Installing: /home/robot/app/robot_ws/install/statistics_msgs/lib/libstatistics_msgs__rosidl_typesupport_introspection_cpp.so
[45.726s] -- Set runtime path of "/home/robot/app/robot_ws/install/statistics_msgs/lib/libstatistics_msgs__rosidl_typesupport_introspection_cpp.so" to ""
[45.727s] -- Installing: /home/robot/app/robot_ws/install/statistics_msgs/lib/libstatistics_msgs__rosidl_typesupport_cpp.so
[45.727s] -- Set runtime path of "/home/robot/app/robot_ws/install/statistics_msgs/lib/libstatistics_msgs__rosidl_typesupport_cpp.so" to ""
[45.727s] -- Installing: /home/robot/app/robot_ws/install/statistics_msgs/share/statistics_msgs/environment/pythonpath.sh
[45.728s] -- Installing: /home/robot/app/robot_ws/install/statistics_msgs/share/statistics_msgs/environment/pythonpath.dsv
[45.728s] -- Installing: /home/robot/app/robot_ws/install/statistics_msgs/local/lib/python3.10/dist-packages/statistics_msgs-1.2.1-py3.10.egg-info
[45.728s] -- Installing: /home/robot/app/robot_ws/install/statistics_msgs/local/lib/python3.10/dist-packages/statistics_msgs-1.2.1-py3.10.egg-info/dependency_links.txt
[45.729s] -- Installing: /home/robot/app/robot_ws/install/statistics_msgs/local/lib/python3.10/dist-packages/statistics_msgs-1.2.1-py3.10.egg-info/PKG-INFO
[45.729s] -- Installing: /home/robot/app/robot_ws/install/statistics_msgs/local/lib/python3.10/dist-packages/statistics_msgs-1.2.1-py3.10.egg-info/SOURCES.txt
[45.729s] -- Installing: /home/robot/app/robot_ws/install/statistics_msgs/local/lib/python3.10/dist-packages/statistics_msgs-1.2.1-py3.10.egg-info/top_level.txt
[45.730s] -- Installing: /home/robot/app/robot_ws/install/statistics_msgs/local/lib/python3.10/dist-packages/statistics_msgs
[45.730s] -- Installing: /home/robot/app/robot_ws/install/statistics_msgs/local/lib/python3.10/dist-packages/statistics_msgs/__init__.py
[45.730s] -- Installing: /home/robot/app/robot_ws/install/statistics_msgs/local/lib/python3.10/dist-packages/statistics_msgs/statistics_msgs_s__rosidl_typesupport_introspection_c.cpython-310-x86_64-linux-gnu.so
[45.731s] -- Installing: /home/robot/app/robot_ws/install/statistics_msgs/local/lib/python3.10/dist-packages/statistics_msgs/_statistics_msgs_s.ep.rosidl_typesupport_microxrcedds_c.c
[45.731s] -- Installing: /home/robot/app/robot_ws/install/statistics_msgs/local/lib/python3.10/dist-packages/statistics_msgs/statistics_msgs_s__rosidl_typesupport_c.cpython-310-x86_64-linux-gnu.so
[45.731s] -- Installing: /home/robot/app/robot_ws/install/statistics_msgs/local/lib/python3.10/dist-packages/statistics_msgs/_statistics_msgs_s.ep.rosidl_typesupport_c.c
[45.732s] -- Installing: /home/robot/app/robot_ws/install/statistics_msgs/local/lib/python3.10/dist-packages/statistics_msgs/statistics_msgs_s__rosidl_typesupport_microxrcedds_c.cpython-310-x86_64-linux-gnu.so
[45.732s] -- Installing: /home/robot/app/robot_ws/install/statistics_msgs/local/lib/python3.10/dist-packages/statistics_msgs/statistics_msgs_s__rosidl_typesupport_fastrtps_c.cpython-310-x86_64-linux-gnu.so
[45.732s] -- Installing: /home/robot/app/robot_ws/install/statistics_msgs/local/lib/python3.10/dist-packages/statistics_msgs/_statistics_msgs_s.ep.rosidl_typesupport_fastrtps_c.c
[45.733s] -- Installing: /home/robot/app/robot_ws/install/statistics_msgs/local/lib/python3.10/dist-packages/statistics_msgs/_statistics_msgs_s.ep.rosidl_typesupport_introspection_c.c
[45.733s] -- Installing: /home/robot/app/robot_ws/install/statistics_msgs/local/lib/python3.10/dist-packages/statistics_msgs/libstatistics_msgs__rosidl_generator_py.so
[45.734s] -- Installing: /home/robot/app/robot_ws/install/statistics_msgs/local/lib/python3.10/dist-packages/statistics_msgs/msg
[45.734s] -- Installing: /home/robot/app/robot_ws/install/statistics_msgs/local/lib/python3.10/dist-packages/statistics_msgs/msg/__init__.py
[45.734s] -- Installing: /home/robot/app/robot_ws/install/statistics_msgs/local/lib/python3.10/dist-packages/statistics_msgs/msg/_metrics_message_s.c
[45.734s] -- Installing: /home/robot/app/robot_ws/install/statistics_msgs/local/lib/python3.10/dist-packages/statistics_msgs/msg/_statistic_data_point.py
[45.735s] -- Installing: /home/robot/app/robot_ws/install/statistics_msgs/local/lib/python3.10/dist-packages/statistics_msgs/msg/_metrics_message.py
[45.735s] -- Installing: /home/robot/app/robot_ws/install/statistics_msgs/local/lib/python3.10/dist-packages/statistics_msgs/msg/_statistic_data_type_s.c
[45.736s] -- Installing: /home/robot/app/robot_ws/install/statistics_msgs/local/lib/python3.10/dist-packages/statistics_msgs/msg/_statistic_data_point_s.c
[45.736s] -- Installing: /home/robot/app/robot_ws/install/statistics_msgs/local/lib/python3.10/dist-packages/statistics_msgs/msg/_statistic_data_type.py
[45.811s] Listing '/home/robot/app/robot_ws/install/statistics_msgs/local/lib/python3.10/dist-packages/statistics_msgs'...
[45.811s] Compiling '/home/robot/app/robot_ws/install/statistics_msgs/local/lib/python3.10/dist-packages/statistics_msgs/__init__.py'...
[45.811s] Listing '/home/robot/app/robot_ws/install/statistics_msgs/local/lib/python3.10/dist-packages/statistics_msgs/msg'...
[45.811s] Compiling '/home/robot/app/robot_ws/install/statistics_msgs/local/lib/python3.10/dist-packages/statistics_msgs/msg/__init__.py'...
[45.811s] Compiling '/home/robot/app/robot_ws/install/statistics_msgs/local/lib/python3.10/dist-packages/statistics_msgs/msg/_metrics_message.py'...
[45.812s] Compiling '/home/robot/app/robot_ws/install/statistics_msgs/local/lib/python3.10/dist-packages/statistics_msgs/msg/_statistic_data_point.py'...
[45.812s] Compiling '/home/robot/app/robot_ws/install/statistics_msgs/local/lib/python3.10/dist-packages/statistics_msgs/msg/_statistic_data_type.py'...
[45.822s] -- Installing: /home/robot/app/robot_ws/install/statistics_msgs/local/lib/python3.10/dist-packages/statistics_msgs/statistics_msgs_s__rosidl_typesupport_microxrcedds_c.cpython-310-x86_64-linux-gnu.so
[45.822s] -- Set runtime path of "/home/robot/app/robot_ws/install/statistics_msgs/local/lib/python3.10/dist-packages/statistics_msgs/statistics_msgs_s__rosidl_typesupport_microxrcedds_c.cpython-310-x86_64-linux-gnu.so" to ""
[45.823s] -- Installing: /home/robot/app/robot_ws/install/statistics_msgs/local/lib/python3.10/dist-packages/statistics_msgs/statistics_msgs_s__rosidl_typesupport_fastrtps_c.cpython-310-x86_64-linux-gnu.so
[45.824s] -- Set runtime path of "/home/robot/app/robot_ws/install/statistics_msgs/local/lib/python3.10/dist-packages/statistics_msgs/statistics_msgs_s__rosidl_typesupport_fastrtps_c.cpython-310-x86_64-linux-gnu.so" to ""
[45.824s] -- Installing: /home/robot/app/robot_ws/install/statistics_msgs/local/lib/python3.10/dist-packages/statistics_msgs/statistics_msgs_s__rosidl_typesupport_introspection_c.cpython-310-x86_64-linux-gnu.so
[45.825s] -- Set runtime path of "/home/robot/app/robot_ws/install/statistics_msgs/local/lib/python3.10/dist-packages/statistics_msgs/statistics_msgs_s__rosidl_typesupport_introspection_c.cpython-310-x86_64-linux-gnu.so" to ""
[45.826s] -- Installing: /home/robot/app/robot_ws/install/statistics_msgs/local/lib/python3.10/dist-packages/statistics_msgs/statistics_msgs_s__rosidl_typesupport_c.cpython-310-x86_64-linux-gnu.so
[45.826s] -- Set runtime path of "/home/robot/app/robot_ws/install/statistics_msgs/local/lib/python3.10/dist-packages/statistics_msgs/statistics_msgs_s__rosidl_typesupport_c.cpython-310-x86_64-linux-gnu.so" to ""
[45.827s] -- Installing: /home/robot/app/robot_ws/install/statistics_msgs/lib/libstatistics_msgs__rosidl_generator_py.so
[45.827s] -- Set runtime path of "/home/robot/app/robot_ws/install/statistics_msgs/lib/libstatistics_msgs__rosidl_generator_py.so" to ""
[45.828s] -- Installing: /home/robot/app/robot_ws/install/statistics_msgs/share/statistics_msgs/msg/MetricsMessage.idl
[45.828s] -- Installing: /home/robot/app/robot_ws/install/statistics_msgs/share/statistics_msgs/msg/StatisticDataPoint.idl
[45.828s] -- Installing: /home/robot/app/robot_ws/install/statistics_msgs/share/statistics_msgs/msg/StatisticDataType.idl
[45.829s] -- Installing: /home/robot/app/robot_ws/install/statistics_msgs/share/statistics_msgs/msg/MetricsMessage.msg
[45.829s] -- Installing: /home/robot/app/robot_ws/install/statistics_msgs/share/statistics_msgs/msg/StatisticDataPoint.msg
[45.829s] -- Installing: /home/robot/app/robot_ws/install/statistics_msgs/share/statistics_msgs/msg/StatisticDataType.msg
[45.830s] -- Installing: /home/robot/app/robot_ws/install/statistics_msgs/share/ament_index/resource_index/package_run_dependencies/statistics_msgs
[45.831s] -- Installing: /home/robot/app/robot_ws/install/statistics_msgs/share/ament_index/resource_index/parent_prefix_path/statistics_msgs
[45.831s] -- Installing: /home/robot/app/robot_ws/install/statistics_msgs/share/statistics_msgs/environment/ament_prefix_path.sh
[45.831s] -- Installing: /home/robot/app/robot_ws/install/statistics_msgs/share/statistics_msgs/environment/ament_prefix_path.dsv
[45.832s] -- Installing: /home/robot/app/robot_ws/install/statistics_msgs/share/statistics_msgs/environment/path.sh
[45.832s] -- Installing: /home/robot/app/robot_ws/install/statistics_msgs/share/statistics_msgs/environment/path.dsv
[45.832s] -- Installing: /home/robot/app/robot_ws/install/statistics_msgs/share/statistics_msgs/local_setup.bash
[45.833s] -- Installing: /home/robot/app/robot_ws/install/statistics_msgs/share/statistics_msgs/local_setup.sh
[45.833s] -- Installing: /home/robot/app/robot_ws/install/statistics_msgs/share/statistics_msgs/local_setup.zsh
[45.834s] -- Installing: /home/robot/app/robot_ws/install/statistics_msgs/share/statistics_msgs/local_setup.dsv
[45.834s] -- Installing: /home/robot/app/robot_ws/install/statistics_msgs/share/statistics_msgs/package.dsv
[45.834s] -- Installing: /home/robot/app/robot_ws/install/statistics_msgs/share/ament_index/resource_index/packages/statistics_msgs
[45.837s] -- Installing: /home/robot/app/robot_ws/install/statistics_msgs/share/statistics_msgs/cmake/export_statistics_msgs__rosidl_generator_cExport.cmake
[45.837s] -- Installing: /home/robot/app/robot_ws/install/statistics_msgs/share/statistics_msgs/cmake/export_statistics_msgs__rosidl_generator_cExport-noconfig.cmake
[45.837s] -- Installing: /home/robot/app/robot_ws/install/statistics_msgs/share/statistics_msgs/cmake/export_statistics_msgs__rosidl_typesupport_fastrtps_cExport.cmake
[45.838s] -- Installing: /home/robot/app/robot_ws/install/statistics_msgs/share/statistics_msgs/cmake/export_statistics_msgs__rosidl_typesupport_fastrtps_cExport-noconfig.cmake
[45.838s] -- Installing: /home/robot/app/robot_ws/install/statistics_msgs/share/statistics_msgs/cmake/export_statistics_msgs__rosidl_generator_cppExport.cmake
[45.838s] -- Installing: /home/robot/app/robot_ws/install/statistics_msgs/share/statistics_msgs/cmake/export_statistics_msgs__rosidl_typesupport_fastrtps_cppExport.cmake
[45.838s] -- Installing: /home/robot/app/robot_ws/install/statistics_msgs/share/statistics_msgs/cmake/export_statistics_msgs__rosidl_typesupport_fastrtps_cppExport-noconfig.cmake
[45.839s] -- Installing: /home/robot/app/robot_ws/install/statistics_msgs/share/statistics_msgs/cmake/statistics_msgs__rosidl_typesupport_introspection_cExport.cmake
[45.839s] -- Installing: /home/robot/app/robot_ws/install/statistics_msgs/share/statistics_msgs/cmake/statistics_msgs__rosidl_typesupport_introspection_cExport-noconfig.cmake
[45.839s] -- Installing: /home/robot/app/robot_ws/install/statistics_msgs/share/statistics_msgs/cmake/statistics_msgs__rosidl_typesupport_cExport.cmake
[45.839s] -- Installing: /home/robot/app/robot_ws/install/statistics_msgs/share/statistics_msgs/cmake/statistics_msgs__rosidl_typesupport_cExport-noconfig.cmake
[45.840s] -- Installing: /home/robot/app/robot_ws/install/statistics_msgs/share/statistics_msgs/cmake/statistics_msgs__rosidl_typesupport_introspection_cppExport.cmake
[45.840s] -- Installing: /home/robot/app/robot_ws/install/statistics_msgs/share/statistics_msgs/cmake/statistics_msgs__rosidl_typesupport_introspection_cppExport-noconfig.cmake
[45.841s] -- Installing: /home/robot/app/robot_ws/install/statistics_msgs/share/statistics_msgs/cmake/statistics_msgs__rosidl_typesupport_cppExport.cmake
[45.841s] -- Installing: /home/robot/app/robot_ws/install/statistics_msgs/share/statistics_msgs/cmake/statistics_msgs__rosidl_typesupport_cppExport-noconfig.cmake
[45.842s] -- Installing: /home/robot/app/robot_ws/install/statistics_msgs/share/statistics_msgs/cmake/export_statistics_msgs__rosidl_generator_pyExport.cmake
[45.842s] -- Installing: /home/robot/app/robot_ws/install/statistics_msgs/share/statistics_msgs/cmake/export_statistics_msgs__rosidl_generator_pyExport-noconfig.cmake
[45.842s] -- Installing: /home/robot/app/robot_ws/install/statistics_msgs/share/statistics_msgs/cmake/rosidl_cmake-extras.cmake
[45.843s] -- Installing: /home/robot/app/robot_ws/install/statistics_msgs/share/statistics_msgs/cmake/ament_cmake_export_dependencies-extras.cmake
[45.843s] -- Installing: /home/robot/app/robot_ws/install/statistics_msgs/share/statistics_msgs/cmake/ament_cmake_export_include_directories-extras.cmake
[45.843s] -- Installing: /home/robot/app/robot_ws/install/statistics_msgs/share/statistics_msgs/cmake/ament_cmake_export_libraries-extras.cmake
[45.844s] -- Installing: /home/robot/app/robot_ws/install/statistics_msgs/share/statistics_msgs/cmake/ament_cmake_export_targets-extras.cmake
[45.844s] -- Installing: /home/robot/app/robot_ws/install/statistics_msgs/share/statistics_msgs/cmake/rosidl_cmake_export_typesupport_targets-extras.cmake
[45.845s] -- Installing: /home/robot/app/robot_ws/install/statistics_msgs/share/statistics_msgs/cmake/rosidl_cmake_export_typesupport_libraries-extras.cmake
[45.845s] -- Installing: /home/robot/app/robot_ws/install/statistics_msgs/share/statistics_msgs/cmake/statistics_msgsConfig.cmake
[45.845s] -- Installing: /home/robot/app/robot_ws/install/statistics_msgs/share/statistics_msgs/cmake/statistics_msgsConfig-version.cmake
[45.846s] -- Installing: /home/robot/app/robot_ws/install/statistics_msgs/share/statistics_msgs/package.xml
[45.851s] Invoked command in '/home/robot/app/robot_ws/build/statistics_msgs' returned '0': AMENT_PREFIX_PATH=/home/robot/app/robot_ws/install/builtin_interfaces:${AMENT_PREFIX_PATH} CMAKE_PREFIX_PATH=/home/robot/app/robot_ws/install/builtin_interfaces:/home/robot/app/robot_ws/install/rosidl_typesupport_microxrcedds_cpp:/home/robot/app/robot_ws/install/rosidl_typesupport_microxrcedds_c:/home/robot/app/robot_ws/install/microcdr:/home/robot/app/robot_ws/install/micro_ros_setup:/home/robot/app/robot_ws/install/my_custom_message:/opt/ros/humble LD_LIBRARY_PATH=/home/robot/app/robot_ws/install/builtin_interfaces/lib:${LD_LIBRARY_PATH} PYTHONPATH=/home/robot/app/robot_ws/install/builtin_interfaces/local/lib/python3.10/dist-packages:${PYTHONPATH} /usr/bin/cmake --install /home/robot/app/robot_ws/build/statistics_msgs
