[0.066s] Invoking command in '/home/robot/app/robot_ws/build/unique_identifier_msgs': CMAKE_PREFIX_PATH=${CMAKE_PREFIX_PATH}:/opt/ros/humble /usr/bin/cmake /home/robot/app/robot_ws/src/ros2/unique_identifier_msgs -DBUILD_TESTING=OFF -DBUILD_SHARED_LIBS=ON -DCMAKE_INSTALL_PREFIX=/home/robot/app/robot_ws/install/unique_identifier_msgs
[0.225s] -- The C compiler identification is GNU 11.4.0
[0.393s] -- The CXX compiler identification is GNU 11.4.0
[0.424s] -- Detecting C compiler ABI info
[0.630s] -- Detecting C compiler ABI info - done
[0.688s] -- Check for working C compiler: /usr/bin/cc - skipped
[0.688s] -- Detecting C compile features
[0.689s] -- Detecting C compile features - done
[0.705s] -- Detecting CXX compiler ABI info
[0.912s] -- Detecting CXX compiler ABI info - done
[0.941s] -- Check for working CXX compiler: /usr/bin/c++ - skipped
[0.941s] -- Detecting CXX compile features
[0.943s] -- Detecting CXX compile features - done
[0.951s] -- Found ament_cmake: 1.3.10 (/opt/ros/humble/share/ament_cmake/cmake)
[1.356s] -- Found Python3: /usr/bin/python3 (found version "3.10.12") found components: Interpreter 
[1.618s] -- Found rosidl_default_generators: 1.2.0 (/opt/ros/humble/share/rosidl_default_generators/cmake)
[1.629s] -- Using all available rosidl_typesupport_c: rosidl_typesupport_microxrcedds_c;rosidl_typesupport_fastrtps_c;rosidl_typesupport_introspection_c
[1.653s] -- Found rosidl_adapter: 3.1.5 (/opt/ros/humble/share/rosidl_adapter/cmake)
[1.787s] -- Using all available rosidl_typesupport_cpp: rosidl_typesupport_microxrcedds_cpp;rosidl_typesupport_fastrtps_cpp;rosidl_typesupport_introspection_cpp
[2.650s] -- Found ament_cmake_ros: 0.10.0 (/opt/ros/humble/share/ament_cmake_ros/cmake)
[3.590s] -- Using all available rosidl_typesupport_c: rosidl_typesupport_microxrcedds_c;rosidl_typesupport_fastrtps_c;rosidl_typesupport_introspection_c
[4.556s] -- Using all available rosidl_typesupport_cpp: rosidl_typesupport_microxrcedds_cpp;rosidl_typesupport_fastrtps_cpp;rosidl_typesupport_introspection_cpp
[4.764s] -- Found PythonInterp: /usr/bin/python3 (found suitable version "3.10.12", minimum required is "3.6") 
[4.851s] -- Found python_cmake_module: 0.10.0 (/opt/ros/humble/share/python_cmake_module/cmake)
[5.016s] -- Found PythonLibs: /usr/lib/x86_64-linux-gnu/libpython3.10.so (found suitable version "3.10.12", minimum required is "3.5") 
[5.017s] -- Using PYTHON_EXECUTABLE: /usr/bin/python3
[5.017s] -- Using PYTHON_INCLUDE_DIRS: /usr/include/python3.10
[5.017s] -- Using PYTHON_LIBRARIES: /usr/lib/x86_64-linux-gnu/libpython3.10.so
[5.099s] -- Found PythonExtra: .so  
[5.296s] -- Configuring done
[5.602s] -- Generating done
[5.638s] -- Build files have been written to: /home/robot/app/robot_ws/build/unique_identifier_msgs
[5.691s] Invoked command in '/home/robot/app/robot_ws/build/unique_identifier_msgs' returned '0': CMAKE_PREFIX_PATH=${CMAKE_PREFIX_PATH}:/opt/ros/humble /usr/bin/cmake /home/robot/app/robot_ws/src/ros2/unique_identifier_msgs -DBUILD_TESTING=OFF -DBUILD_SHARED_LIBS=ON -DCMAKE_INSTALL_PREFIX=/home/robot/app/robot_ws/install/unique_identifier_msgs
[5.692s] Invoking command in '/home/robot/app/robot_ws/build/unique_identifier_msgs': CMAKE_PREFIX_PATH=${CMAKE_PREFIX_PATH}:/opt/ros/humble /usr/bin/cmake --build /home/robot/app/robot_ws/build/unique_identifier_msgs -- -j8 -l8
[5.967s] [  2%] [34m[1mGenerating C++ code for ROS interfaces[0m
[5.977s] [  5%] [34m[1mGenerating C code for ROS interfaces[0m
[6.168s] [  5%] Built target ament_cmake_python_copy_unique_identifier_msgs
[6.945s] running egg_info
[6.945s] creating unique_identifier_msgs.egg-info
[6.945s] writing unique_identifier_msgs.egg-info/PKG-INFO
[6.946s] writing dependency_links to unique_identifier_msgs.egg-info/dependency_links.txt
[6.946s] writing top-level names to unique_identifier_msgs.egg-info/top_level.txt
[6.946s] writing manifest file 'unique_identifier_msgs.egg-info/SOURCES.txt'
[6.946s] reading manifest file 'unique_identifier_msgs.egg-info/SOURCES.txt'
[6.947s] writing manifest file 'unique_identifier_msgs.egg-info/SOURCES.txt'
[7.018s] [  5%] Built target ament_cmake_python_build_unique_identifier_msgs_egg
[8.424s] [  7%] [32mBuilding C object CMakeFiles/unique_identifier_msgs__rosidl_generator_c.dir/rosidl_generator_c/unique_identifier_msgs/msg/detail/uuid__functions.c.o[0m
[8.814s] [ 10%] [32m[1mLinking C shared library libunique_identifier_msgs__rosidl_generator_c.so[0m
[9.017s] [ 10%] Built target unique_identifier_msgs__rosidl_generator_c
[9.072s] [ 12%] [34m[1mGenerating C introspection for ROS interfaces[0m
[9.084s] [ 15%] [34m[1mGenerating C type support for eProsima Micro XRCE-DDS[0m
[9.144s] [ 20%] [34m[1mGenerating C type support for eProsima Fast-RTPS[0m
[9.144s] [ 20%] [34m[1mGenerating C type support dispatch for ROS interfaces[0m
[9.153s] [ 17%] Built target unique_identifier_msgs__cpp
[9.261s] [ 23%] [34m[1mGenerating C++ type support dispatch for ROS interfaces[0m
[9.322s] [ 25%] [34m[1mGenerating C++ type support for eProsima Fast-RTPS[0m
[9.353s] [ 28%] [34m[1mGenerating C++ introspection for ROS interfaces[0m
[9.376s] [ 30%] [34m[1mGenerating C++ type support for eProsima Micro XRCE-DDS[0m
[11.205s] [ 33%] [32mBuilding CXX object CMakeFiles/unique_identifier_msgs__rosidl_typesupport_cpp.dir/rosidl_typesupport_cpp/unique_identifier_msgs/msg/uuid__type_support.cpp.o[0m
[12.284s] [ 35%] [32mBuilding CXX object CMakeFiles/unique_identifier_msgs__rosidl_typesupport_introspection_cpp.dir/rosidl_typesupport_introspection_cpp/unique_identifier_msgs/msg/detail/uuid__type_support.cpp.o[0m
[12.301s] [ 38%] [32mBuilding CXX object CMakeFiles/unique_identifier_msgs__rosidl_typesupport_c.dir/rosidl_typesupport_c/unique_identifier_msgs/msg/uuid__type_support.cpp.o[0m
[12.522s] [ 41%] [32m[1mLinking CXX shared library libunique_identifier_msgs__rosidl_typesupport_c.so[0m
[12.640s] [ 43%] [32mBuilding C object CMakeFiles/unique_identifier_msgs__rosidl_typesupport_introspection_c.dir/rosidl_typesupport_introspection_c/unique_identifier_msgs/msg/detail/uuid__type_support.c.o[0m
[12.855s] [ 46%] [32m[1mLinking C shared library libunique_identifier_msgs__rosidl_typesupport_introspection_c.so[0m
[12.956s] [ 46%] Built target unique_identifier_msgs__rosidl_typesupport_c
[13.166s] [ 48%] [32mBuilding CXX object CMakeFiles/unique_identifier_msgs__rosidl_typesupport_fastrtps_cpp.dir/rosidl_typesupport_fastrtps_cpp/unique_identifier_msgs/msg/detail/dds_fastrtps/uuid__type_support.cpp.o[0m
[13.178s] [ 48%] Built target unique_identifier_msgs__rosidl_typesupport_introspection_c
[13.931s] [ 51%] [32mBuilding C object CMakeFiles/unique_identifier_msgs__rosidl_typesupport_microxrcedds_c.dir/rosidl_typesupport_microxrcedds_c/unique_identifier_msgs/msg/detail/microxrcedds/uuid__type_support_c.c.o[0m
[14.214s] [ 53%] [32m[1mLinking C shared library libunique_identifier_msgs__rosidl_typesupport_microxrcedds_c.so[0m
[14.408s] [ 56%] [32mBuilding CXX object CMakeFiles/unique_identifier_msgs__rosidl_typesupport_fastrtps_c.dir/rosidl_typesupport_fastrtps_c/unique_identifier_msgs/msg/detail/uuid__type_support_c.cpp.o[0m
[14.742s] [ 56%] Built target unique_identifier_msgs__rosidl_typesupport_microxrcedds_c
[15.019s] [ 58%] [32mBuilding CXX object CMakeFiles/unique_identifier_msgs__rosidl_typesupport_microxrcedds_cpp.dir/rosidl_typesupport_microxrcedds_cpp/unique_identifier_msgs/msg/detail/microxrcedds/uuid__type_support_cpp.cpp.o[0m
[15.578s] [ 61%] [32m[1mLinking CXX shared library libunique_identifier_msgs__rosidl_typesupport_cpp.so[0m
[16.173s] [ 61%] Built target unique_identifier_msgs__rosidl_typesupport_cpp
[18.142s] [ 64%] [32m[1mLinking CXX shared library libunique_identifier_msgs__rosidl_typesupport_fastrtps_cpp.so[0m
[19.054s] [ 64%] Built target unique_identifier_msgs__rosidl_typesupport_fastrtps_cpp
[19.066s] [ 66%] [32m[1mLinking CXX shared library libunique_identifier_msgs__rosidl_typesupport_microxrcedds_cpp.so[0m
[19.403s] [ 66%] Built target unique_identifier_msgs__rosidl_typesupport_microxrcedds_cpp
[19.559s] [ 69%] [32m[1mLinking CXX shared library libunique_identifier_msgs__rosidl_typesupport_introspection_cpp.so[0m
[19.799s] [ 71%] [32m[1mLinking CXX shared library libunique_identifier_msgs__rosidl_typesupport_fastrtps_c.so[0m
[20.269s] [ 71%] Built target unique_identifier_msgs__rosidl_typesupport_introspection_cpp
[20.556s] [ 71%] Built target unique_identifier_msgs__rosidl_typesupport_fastrtps_c
[20.790s] [ 71%] Built target unique_identifier_msgs
[20.947s] [ 74%] [34m[1mGenerating Python code for ROS interfaces[0m
[24.490s] [ 74%] Built target unique_identifier_msgs__py
[24.608s] [ 76%] [32mBuilding C object CMakeFiles/unique_identifier_msgs__rosidl_generator_py.dir/rosidl_generator_py/unique_identifier_msgs/msg/_uuid_s.c.o[0m
[25.232s] [ 79%] [32m[1mLinking C shared library rosidl_generator_py/unique_identifier_msgs/libunique_identifier_msgs__rosidl_generator_py.so[0m
[25.426s] [ 79%] Built target unique_identifier_msgs__rosidl_generator_py
[25.501s] [ 82%] [32mBuilding C object CMakeFiles/unique_identifier_msgs__rosidl_typesupport_microxrcedds_c__pyext.dir/rosidl_generator_py/unique_identifier_msgs/_unique_identifier_msgs_s.ep.rosidl_typesupport_microxrcedds_c.c.o[0m
[25.982s] [ 84%] [32m[1mLinking C shared library rosidl_generator_py/unique_identifier_msgs/unique_identifier_msgs_s__rosidl_typesupport_microxrcedds_c.cpython-310-x86_64-linux-gnu.so[0m
[26.099s] [ 84%] Built target unique_identifier_msgs__rosidl_typesupport_microxrcedds_c__pyext
[26.180s] [ 87%] [32mBuilding C object CMakeFiles/unique_identifier_msgs__rosidl_typesupport_c__pyext.dir/rosidl_generator_py/unique_identifier_msgs/_unique_identifier_msgs_s.ep.rosidl_typesupport_c.c.o[0m
[26.398s] [ 89%] [32m[1mLinking C shared library rosidl_generator_py/unique_identifier_msgs/unique_identifier_msgs_s__rosidl_typesupport_c.cpython-310-x86_64-linux-gnu.so[0m
[26.484s] [ 89%] Built target unique_identifier_msgs__rosidl_typesupport_c__pyext
[26.533s] [ 92%] [32mBuilding C object CMakeFiles/unique_identifier_msgs__rosidl_typesupport_introspection_c__pyext.dir/rosidl_generator_py/unique_identifier_msgs/_unique_identifier_msgs_s.ep.rosidl_typesupport_introspection_c.c.o[0m
[26.714s] [ 94%] [32m[1mLinking C shared library rosidl_generator_py/unique_identifier_msgs/unique_identifier_msgs_s__rosidl_typesupport_introspection_c.cpython-310-x86_64-linux-gnu.so[0m
[26.778s] [ 94%] Built target unique_identifier_msgs__rosidl_typesupport_introspection_c__pyext
[26.815s] [ 97%] [32mBuilding C object CMakeFiles/unique_identifier_msgs__rosidl_typesupport_fastrtps_c__pyext.dir/rosidl_generator_py/unique_identifier_msgs/_unique_identifier_msgs_s.ep.rosidl_typesupport_fastrtps_c.c.o[0m
[27.044s] [100%] [32m[1mLinking C shared library rosidl_generator_py/unique_identifier_msgs/unique_identifier_msgs_s__rosidl_typesupport_fastrtps_c.cpython-310-x86_64-linux-gnu.so[0m
[27.118s] [100%] Built target unique_identifier_msgs__rosidl_typesupport_fastrtps_c__pyext
[27.136s] Invoked command in '/home/robot/app/robot_ws/build/unique_identifier_msgs' returned '0': CMAKE_PREFIX_PATH=${CMAKE_PREFIX_PATH}:/opt/ros/humble /usr/bin/cmake --build /home/robot/app/robot_ws/build/unique_identifier_msgs -- -j8 -l8
[27.258s] Invoking command in '/home/robot/app/robot_ws/build/unique_identifier_msgs': CMAKE_PREFIX_PATH=${CMAKE_PREFIX_PATH}:/opt/ros/humble /usr/bin/cmake --install /home/robot/app/robot_ws/build/unique_identifier_msgs
[27.279s] -- Install configuration: ""
[27.279s] -- Installing: /home/robot/app/robot_ws/install/unique_identifier_msgs/share/ament_index/resource_index/rosidl_interfaces/unique_identifier_msgs
[27.280s] -- Installing: /home/robot/app/robot_ws/install/unique_identifier_msgs/include/unique_identifier_msgs/unique_identifier_msgs
[27.285s] -- Installing: /home/robot/app/robot_ws/install/unique_identifier_msgs/include/unique_identifier_msgs/unique_identifier_msgs/msg
[27.285s] -- Installing: /home/robot/app/robot_ws/install/unique_identifier_msgs/include/unique_identifier_msgs/unique_identifier_msgs/msg/uuid.h
[27.285s] -- Installing: /home/robot/app/robot_ws/install/unique_identifier_msgs/include/unique_identifier_msgs/unique_identifier_msgs/msg/detail
[27.285s] -- Installing: /home/robot/app/robot_ws/install/unique_identifier_msgs/include/unique_identifier_msgs/unique_identifier_msgs/msg/detail/uuid__struct.h
[27.286s] -- Installing: /home/robot/app/robot_ws/install/unique_identifier_msgs/include/unique_identifier_msgs/unique_identifier_msgs/msg/detail/uuid__functions.c
[27.286s] -- Installing: /home/robot/app/robot_ws/install/unique_identifier_msgs/include/unique_identifier_msgs/unique_identifier_msgs/msg/detail/uuid__type_support.h
[27.286s] -- Installing: /home/robot/app/robot_ws/install/unique_identifier_msgs/include/unique_identifier_msgs/unique_identifier_msgs/msg/detail/uuid__functions.h
[27.286s] -- Installing: /home/robot/app/robot_ws/install/unique_identifier_msgs/include/unique_identifier_msgs/unique_identifier_msgs/msg/rosidl_generator_c__visibility_control.h
[27.329s] -- Installing: /home/robot/app/robot_ws/install/unique_identifier_msgs/share/unique_identifier_msgs/environment/library_path.sh
[27.330s] -- Installing: /home/robot/app/robot_ws/install/unique_identifier_msgs/share/unique_identifier_msgs/environment/library_path.dsv
[27.330s] -- Installing: /home/robot/app/robot_ws/install/unique_identifier_msgs/lib/libunique_identifier_msgs__rosidl_generator_c.so
[27.331s] -- Set runtime path of "/home/robot/app/robot_ws/install/unique_identifier_msgs/lib/libunique_identifier_msgs__rosidl_generator_c.so" to ""
[27.331s] -- Up-to-date: /home/robot/app/robot_ws/install/unique_identifier_msgs/include/unique_identifier_msgs
[27.331s] -- Installing: /home/robot/app/robot_ws/install/unique_identifier_msgs/include/unique_identifier_msgs/msg
[27.331s] -- Installing: /home/robot/app/robot_ws/install/unique_identifier_msgs/include/unique_identifier_msgs/msg/detail
[27.331s] -- Installing: /home/robot/app/robot_ws/install/unique_identifier_msgs/include/unique_identifier_msgs/msg/detail/microxrcedds
[27.332s] -- Installing: /home/robot/app/robot_ws/install/unique_identifier_msgs/include/unique_identifier_msgs/msg/detail/uuid__rosidl_typesupport_microxrcedds_c.h
[27.332s] -- Installing: /home/robot/app/robot_ws/install/unique_identifier_msgs/include/unique_identifier_msgs/msg/rosidl_typesupport_microxrcedds_c__visibility_control.h
[27.332s] -- Installing: /home/robot/app/robot_ws/install/unique_identifier_msgs/lib/libunique_identifier_msgs__rosidl_typesupport_microxrcedds_c.so
[27.332s] -- Set runtime path of "/home/robot/app/robot_ws/install/unique_identifier_msgs/lib/libunique_identifier_msgs__rosidl_typesupport_microxrcedds_c.so" to ""
[27.333s] -- Up-to-date: /home/robot/app/robot_ws/install/unique_identifier_msgs/include/unique_identifier_msgs/unique_identifier_msgs
[27.333s] -- Up-to-date: /home/robot/app/robot_ws/install/unique_identifier_msgs/include/unique_identifier_msgs/unique_identifier_msgs/msg
[27.333s] -- Up-to-date: /home/robot/app/robot_ws/install/unique_identifier_msgs/include/unique_identifier_msgs/unique_identifier_msgs/msg/detail
[27.333s] -- Installing: /home/robot/app/robot_ws/install/unique_identifier_msgs/include/unique_identifier_msgs/unique_identifier_msgs/msg/detail/uuid__rosidl_typesupport_fastrtps_c.h
[27.333s] -- Installing: /home/robot/app/robot_ws/install/unique_identifier_msgs/include/unique_identifier_msgs/unique_identifier_msgs/msg/rosidl_typesupport_fastrtps_c__visibility_control.h
[27.333s] -- Installing: /home/robot/app/robot_ws/install/unique_identifier_msgs/lib/libunique_identifier_msgs__rosidl_typesupport_fastrtps_c.so
[27.334s] -- Set runtime path of "/home/robot/app/robot_ws/install/unique_identifier_msgs/lib/libunique_identifier_msgs__rosidl_typesupport_fastrtps_c.so" to ""
[27.334s] -- Up-to-date: /home/robot/app/robot_ws/install/unique_identifier_msgs/include/unique_identifier_msgs/unique_identifier_msgs
[27.334s] -- Up-to-date: /home/robot/app/robot_ws/install/unique_identifier_msgs/include/unique_identifier_msgs/unique_identifier_msgs/msg
[27.334s] -- Installing: /home/robot/app/robot_ws/install/unique_identifier_msgs/include/unique_identifier_msgs/unique_identifier_msgs/msg/rosidl_typesupport_introspection_c__visibility_control.h
[27.334s] -- Up-to-date: /home/robot/app/robot_ws/install/unique_identifier_msgs/include/unique_identifier_msgs/unique_identifier_msgs/msg/detail
[27.335s] -- Installing: /home/robot/app/robot_ws/install/unique_identifier_msgs/include/unique_identifier_msgs/unique_identifier_msgs/msg/detail/uuid__rosidl_typesupport_introspection_c.h
[27.335s] -- Installing: /home/robot/app/robot_ws/install/unique_identifier_msgs/include/unique_identifier_msgs/unique_identifier_msgs/msg/detail/uuid__type_support.c
[27.335s] -- Installing: /home/robot/app/robot_ws/install/unique_identifier_msgs/lib/libunique_identifier_msgs__rosidl_typesupport_introspection_c.so
[27.335s] -- Set runtime path of "/home/robot/app/robot_ws/install/unique_identifier_msgs/lib/libunique_identifier_msgs__rosidl_typesupport_introspection_c.so" to ""
[27.335s] -- Installing: /home/robot/app/robot_ws/install/unique_identifier_msgs/lib/libunique_identifier_msgs__rosidl_typesupport_c.so
[27.336s] -- Set runtime path of "/home/robot/app/robot_ws/install/unique_identifier_msgs/lib/libunique_identifier_msgs__rosidl_typesupport_c.so" to ""
[27.336s] -- Up-to-date: /home/robot/app/robot_ws/install/unique_identifier_msgs/include/unique_identifier_msgs/unique_identifier_msgs
[27.336s] -- Up-to-date: /home/robot/app/robot_ws/install/unique_identifier_msgs/include/unique_identifier_msgs/unique_identifier_msgs/msg
[27.336s] -- Up-to-date: /home/robot/app/robot_ws/install/unique_identifier_msgs/include/unique_identifier_msgs/unique_identifier_msgs/msg/detail
[27.336s] -- Installing: /home/robot/app/robot_ws/install/unique_identifier_msgs/include/unique_identifier_msgs/unique_identifier_msgs/msg/detail/uuid__builder.hpp
[27.337s] -- Installing: /home/robot/app/robot_ws/install/unique_identifier_msgs/include/unique_identifier_msgs/unique_identifier_msgs/msg/detail/uuid__traits.hpp
[27.337s] -- Installing: /home/robot/app/robot_ws/install/unique_identifier_msgs/include/unique_identifier_msgs/unique_identifier_msgs/msg/detail/uuid__struct.hpp
[27.337s] -- Installing: /home/robot/app/robot_ws/install/unique_identifier_msgs/include/unique_identifier_msgs/unique_identifier_msgs/msg/uuid.hpp
[27.337s] -- Up-to-date: /home/robot/app/robot_ws/install/unique_identifier_msgs/include/unique_identifier_msgs
[27.337s] -- Up-to-date: /home/robot/app/robot_ws/install/unique_identifier_msgs/include/unique_identifier_msgs/msg
[27.337s] -- Up-to-date: /home/robot/app/robot_ws/install/unique_identifier_msgs/include/unique_identifier_msgs/msg/detail
[27.338s] -- Up-to-date: /home/robot/app/robot_ws/install/unique_identifier_msgs/include/unique_identifier_msgs/msg/detail/microxrcedds
[27.338s] -- Installing: /home/robot/app/robot_ws/install/unique_identifier_msgs/include/unique_identifier_msgs/msg/detail/microxrcedds/uuid__type_support_cpp.cpp
[27.338s] -- Installing: /home/robot/app/robot_ws/install/unique_identifier_msgs/include/unique_identifier_msgs/msg/detail/uuid__rosidl_typesupport_microxrcedds_cpp.hpp
[27.338s] -- Installing: /home/robot/app/robot_ws/install/unique_identifier_msgs/include/unique_identifier_msgs/msg/rosidl_typesupport_microxrcedds_cpp__visibility_control.h
[27.338s] -- Installing: /home/robot/app/robot_ws/install/unique_identifier_msgs/lib/libunique_identifier_msgs__rosidl_typesupport_microxrcedds_cpp.so
[27.339s] -- Set runtime path of "/home/robot/app/robot_ws/install/unique_identifier_msgs/lib/libunique_identifier_msgs__rosidl_typesupport_microxrcedds_cpp.so" to ""
[27.339s] -- Up-to-date: /home/robot/app/robot_ws/install/unique_identifier_msgs/include/unique_identifier_msgs/unique_identifier_msgs
[27.339s] -- Up-to-date: /home/robot/app/robot_ws/install/unique_identifier_msgs/include/unique_identifier_msgs/unique_identifier_msgs/msg
[27.339s] -- Installing: /home/robot/app/robot_ws/install/unique_identifier_msgs/include/unique_identifier_msgs/unique_identifier_msgs/msg/rosidl_typesupport_fastrtps_cpp__visibility_control.h
[27.339s] -- Up-to-date: /home/robot/app/robot_ws/install/unique_identifier_msgs/include/unique_identifier_msgs/unique_identifier_msgs/msg/detail
[27.340s] -- Installing: /home/robot/app/robot_ws/install/unique_identifier_msgs/include/unique_identifier_msgs/unique_identifier_msgs/msg/detail/uuid__rosidl_typesupport_fastrtps_cpp.hpp
[27.340s] -- Installing: /home/robot/app/robot_ws/install/unique_identifier_msgs/include/unique_identifier_msgs/unique_identifier_msgs/msg/detail/dds_fastrtps
[27.340s] -- Installing: /home/robot/app/robot_ws/install/unique_identifier_msgs/lib/libunique_identifier_msgs__rosidl_typesupport_fastrtps_cpp.so
[27.340s] -- Set runtime path of "/home/robot/app/robot_ws/install/unique_identifier_msgs/lib/libunique_identifier_msgs__rosidl_typesupport_fastrtps_cpp.so" to ""
[27.340s] -- Up-to-date: /home/robot/app/robot_ws/install/unique_identifier_msgs/include/unique_identifier_msgs/unique_identifier_msgs
[27.341s] -- Up-to-date: /home/robot/app/robot_ws/install/unique_identifier_msgs/include/unique_identifier_msgs/unique_identifier_msgs/msg
[27.341s] -- Up-to-date: /home/robot/app/robot_ws/install/unique_identifier_msgs/include/unique_identifier_msgs/unique_identifier_msgs/msg/detail
[27.342s] -- Installing: /home/robot/app/robot_ws/install/unique_identifier_msgs/include/unique_identifier_msgs/unique_identifier_msgs/msg/detail/uuid__rosidl_typesupport_introspection_cpp.hpp
[27.342s] -- Installing: /home/robot/app/robot_ws/install/unique_identifier_msgs/include/unique_identifier_msgs/unique_identifier_msgs/msg/detail/uuid__type_support.cpp
[27.343s] -- Installing: /home/robot/app/robot_ws/install/unique_identifier_msgs/lib/libunique_identifier_msgs__rosidl_typesupport_introspection_cpp.so
[27.345s] -- Set runtime path of "/home/robot/app/robot_ws/install/unique_identifier_msgs/lib/libunique_identifier_msgs__rosidl_typesupport_introspection_cpp.so" to ""
[27.345s] -- Installing: /home/robot/app/robot_ws/install/unique_identifier_msgs/lib/libunique_identifier_msgs__rosidl_typesupport_cpp.so
[27.345s] -- Set runtime path of "/home/robot/app/robot_ws/install/unique_identifier_msgs/lib/libunique_identifier_msgs__rosidl_typesupport_cpp.so" to ""
[27.346s] -- Installing: /home/robot/app/robot_ws/install/unique_identifier_msgs/share/unique_identifier_msgs/environment/pythonpath.sh
[27.346s] -- Installing: /home/robot/app/robot_ws/install/unique_identifier_msgs/share/unique_identifier_msgs/environment/pythonpath.dsv
[27.346s] -- Installing: /home/robot/app/robot_ws/install/unique_identifier_msgs/local/lib/python3.10/dist-packages/unique_identifier_msgs-2.2.1-py3.10.egg-info
[27.347s] -- Installing: /home/robot/app/robot_ws/install/unique_identifier_msgs/local/lib/python3.10/dist-packages/unique_identifier_msgs-2.2.1-py3.10.egg-info/dependency_links.txt
[27.347s] -- Installing: /home/robot/app/robot_ws/install/unique_identifier_msgs/local/lib/python3.10/dist-packages/unique_identifier_msgs-2.2.1-py3.10.egg-info/PKG-INFO
[27.347s] -- Installing: /home/robot/app/robot_ws/install/unique_identifier_msgs/local/lib/python3.10/dist-packages/unique_identifier_msgs-2.2.1-py3.10.egg-info/SOURCES.txt
[27.348s] -- Installing: /home/robot/app/robot_ws/install/unique_identifier_msgs/local/lib/python3.10/dist-packages/unique_identifier_msgs-2.2.1-py3.10.egg-info/top_level.txt
[27.348s] -- Installing: /home/robot/app/robot_ws/install/unique_identifier_msgs/local/lib/python3.10/dist-packages/unique_identifier_msgs
[27.348s] -- Installing: /home/robot/app/robot_ws/install/unique_identifier_msgs/local/lib/python3.10/dist-packages/unique_identifier_msgs/__init__.py
[27.348s] -- Installing: /home/robot/app/robot_ws/install/unique_identifier_msgs/local/lib/python3.10/dist-packages/unique_identifier_msgs/_unique_identifier_msgs_s.ep.rosidl_typesupport_microxrcedds_c.c
[27.348s] -- Installing: /home/robot/app/robot_ws/install/unique_identifier_msgs/local/lib/python3.10/dist-packages/unique_identifier_msgs/unique_identifier_msgs_s__rosidl_typesupport_microxrcedds_c.cpython-310-x86_64-linux-gnu.so
[27.349s] -- Installing: /home/robot/app/robot_ws/install/unique_identifier_msgs/local/lib/python3.10/dist-packages/unique_identifier_msgs/_unique_identifier_msgs_s.ep.rosidl_typesupport_c.c
[27.349s] -- Installing: /home/robot/app/robot_ws/install/unique_identifier_msgs/local/lib/python3.10/dist-packages/unique_identifier_msgs/unique_identifier_msgs_s__rosidl_typesupport_fastrtps_c.cpython-310-x86_64-linux-gnu.so
[27.349s] -- Installing: /home/robot/app/robot_ws/install/unique_identifier_msgs/local/lib/python3.10/dist-packages/unique_identifier_msgs/unique_identifier_msgs_s__rosidl_typesupport_introspection_c.cpython-310-x86_64-linux-gnu.so
[27.349s] -- Installing: /home/robot/app/robot_ws/install/unique_identifier_msgs/local/lib/python3.10/dist-packages/unique_identifier_msgs/libunique_identifier_msgs__rosidl_generator_py.so
[27.349s] -- Installing: /home/robot/app/robot_ws/install/unique_identifier_msgs/local/lib/python3.10/dist-packages/unique_identifier_msgs/_unique_identifier_msgs_s.ep.rosidl_typesupport_introspection_c.c
[27.350s] -- Installing: /home/robot/app/robot_ws/install/unique_identifier_msgs/local/lib/python3.10/dist-packages/unique_identifier_msgs/_unique_identifier_msgs_s.ep.rosidl_typesupport_fastrtps_c.c
[27.350s] -- Installing: /home/robot/app/robot_ws/install/unique_identifier_msgs/local/lib/python3.10/dist-packages/unique_identifier_msgs/msg
[27.350s] -- Installing: /home/robot/app/robot_ws/install/unique_identifier_msgs/local/lib/python3.10/dist-packages/unique_identifier_msgs/msg/__init__.py
[27.350s] -- Installing: /home/robot/app/robot_ws/install/unique_identifier_msgs/local/lib/python3.10/dist-packages/unique_identifier_msgs/msg/_uuid_s.c
[27.350s] -- Installing: /home/robot/app/robot_ws/install/unique_identifier_msgs/local/lib/python3.10/dist-packages/unique_identifier_msgs/msg/_uuid.py
[27.351s] -- Installing: /home/robot/app/robot_ws/install/unique_identifier_msgs/local/lib/python3.10/dist-packages/unique_identifier_msgs/unique_identifier_msgs_s__rosidl_typesupport_c.cpython-310-x86_64-linux-gnu.so
[27.428s] Listing '/home/robot/app/robot_ws/install/unique_identifier_msgs/local/lib/python3.10/dist-packages/unique_identifier_msgs'...
[27.428s] Compiling '/home/robot/app/robot_ws/install/unique_identifier_msgs/local/lib/python3.10/dist-packages/unique_identifier_msgs/__init__.py'...
[27.431s] Listing '/home/robot/app/robot_ws/install/unique_identifier_msgs/local/lib/python3.10/dist-packages/unique_identifier_msgs/msg'...
[27.431s] Compiling '/home/robot/app/robot_ws/install/unique_identifier_msgs/local/lib/python3.10/dist-packages/unique_identifier_msgs/msg/__init__.py'...
[27.432s] Compiling '/home/robot/app/robot_ws/install/unique_identifier_msgs/local/lib/python3.10/dist-packages/unique_identifier_msgs/msg/_uuid.py'...
[27.441s] -- Installing: /home/robot/app/robot_ws/install/unique_identifier_msgs/local/lib/python3.10/dist-packages/unique_identifier_msgs/unique_identifier_msgs_s__rosidl_typesupport_microxrcedds_c.cpython-310-x86_64-linux-gnu.so
[27.443s] -- Set runtime path of "/home/robot/app/robot_ws/install/unique_identifier_msgs/local/lib/python3.10/dist-packages/unique_identifier_msgs/unique_identifier_msgs_s__rosidl_typesupport_microxrcedds_c.cpython-310-x86_64-linux-gnu.so" to ""
[27.443s] -- Installing: /home/robot/app/robot_ws/install/unique_identifier_msgs/local/lib/python3.10/dist-packages/unique_identifier_msgs/unique_identifier_msgs_s__rosidl_typesupport_fastrtps_c.cpython-310-x86_64-linux-gnu.so
[27.444s] -- Set runtime path of "/home/robot/app/robot_ws/install/unique_identifier_msgs/local/lib/python3.10/dist-packages/unique_identifier_msgs/unique_identifier_msgs_s__rosidl_typesupport_fastrtps_c.cpython-310-x86_64-linux-gnu.so" to ""
[27.445s] -- Installing: /home/robot/app/robot_ws/install/unique_identifier_msgs/local/lib/python3.10/dist-packages/unique_identifier_msgs/unique_identifier_msgs_s__rosidl_typesupport_introspection_c.cpython-310-x86_64-linux-gnu.so
[27.446s] -- Set runtime path of "/home/robot/app/robot_ws/install/unique_identifier_msgs/local/lib/python3.10/dist-packages/unique_identifier_msgs/unique_identifier_msgs_s__rosidl_typesupport_introspection_c.cpython-310-x86_64-linux-gnu.so" to ""
[27.447s] -- Installing: /home/robot/app/robot_ws/install/unique_identifier_msgs/local/lib/python3.10/dist-packages/unique_identifier_msgs/unique_identifier_msgs_s__rosidl_typesupport_c.cpython-310-x86_64-linux-gnu.so
[27.448s] -- Set runtime path of "/home/robot/app/robot_ws/install/unique_identifier_msgs/local/lib/python3.10/dist-packages/unique_identifier_msgs/unique_identifier_msgs_s__rosidl_typesupport_c.cpython-310-x86_64-linux-gnu.so" to ""
[27.448s] -- Installing: /home/robot/app/robot_ws/install/unique_identifier_msgs/lib/libunique_identifier_msgs__rosidl_generator_py.so
[27.449s] -- Set runtime path of "/home/robot/app/robot_ws/install/unique_identifier_msgs/lib/libunique_identifier_msgs__rosidl_generator_py.so" to ""
[27.450s] -- Installing: /home/robot/app/robot_ws/install/unique_identifier_msgs/share/unique_identifier_msgs/msg/UUID.idl
[27.451s] -- Installing: /home/robot/app/robot_ws/install/unique_identifier_msgs/share/unique_identifier_msgs/msg/UUID.msg
[27.451s] -- Installing: /home/robot/app/robot_ws/install/unique_identifier_msgs/share/ament_index/resource_index/package_run_dependencies/unique_identifier_msgs
[27.453s] -- Installing: /home/robot/app/robot_ws/install/unique_identifier_msgs/share/ament_index/resource_index/parent_prefix_path/unique_identifier_msgs
[27.454s] -- Installing: /home/robot/app/robot_ws/install/unique_identifier_msgs/share/unique_identifier_msgs/environment/ament_prefix_path.sh
[27.454s] -- Installing: /home/robot/app/robot_ws/install/unique_identifier_msgs/share/unique_identifier_msgs/environment/ament_prefix_path.dsv
[27.458s] -- Installing: /home/robot/app/robot_ws/install/unique_identifier_msgs/share/unique_identifier_msgs/environment/path.sh
[27.458s] -- Installing: /home/robot/app/robot_ws/install/unique_identifier_msgs/share/unique_identifier_msgs/environment/path.dsv
[27.458s] -- Installing: /home/robot/app/robot_ws/install/unique_identifier_msgs/share/unique_identifier_msgs/local_setup.bash
[27.458s] -- Installing: /home/robot/app/robot_ws/install/unique_identifier_msgs/share/unique_identifier_msgs/local_setup.sh
[27.459s] -- Installing: /home/robot/app/robot_ws/install/unique_identifier_msgs/share/unique_identifier_msgs/local_setup.zsh
[27.459s] -- Installing: /home/robot/app/robot_ws/install/unique_identifier_msgs/share/unique_identifier_msgs/local_setup.dsv
[27.459s] -- Installing: /home/robot/app/robot_ws/install/unique_identifier_msgs/share/unique_identifier_msgs/package.dsv
[27.461s] -- Installing: /home/robot/app/robot_ws/install/unique_identifier_msgs/share/ament_index/resource_index/packages/unique_identifier_msgs
[27.461s] -- Installing: /home/robot/app/robot_ws/install/unique_identifier_msgs/share/unique_identifier_msgs/cmake/export_unique_identifier_msgs__rosidl_generator_cExport.cmake
[27.461s] -- Installing: /home/robot/app/robot_ws/install/unique_identifier_msgs/share/unique_identifier_msgs/cmake/export_unique_identifier_msgs__rosidl_generator_cExport-noconfig.cmake
[27.462s] -- Installing: /home/robot/app/robot_ws/install/unique_identifier_msgs/share/unique_identifier_msgs/cmake/export_unique_identifier_msgs__rosidl_typesupport_fastrtps_cExport.cmake
[27.462s] -- Installing: /home/robot/app/robot_ws/install/unique_identifier_msgs/share/unique_identifier_msgs/cmake/export_unique_identifier_msgs__rosidl_typesupport_fastrtps_cExport-noconfig.cmake
[27.462s] -- Installing: /home/robot/app/robot_ws/install/unique_identifier_msgs/share/unique_identifier_msgs/cmake/unique_identifier_msgs__rosidl_typesupport_introspection_cExport.cmake
[27.465s] -- Installing: /home/robot/app/robot_ws/install/unique_identifier_msgs/share/unique_identifier_msgs/cmake/unique_identifier_msgs__rosidl_typesupport_introspection_cExport-noconfig.cmake
[27.465s] -- Installing: /home/robot/app/robot_ws/install/unique_identifier_msgs/share/unique_identifier_msgs/cmake/unique_identifier_msgs__rosidl_typesupport_cExport.cmake
[27.465s] -- Installing: /home/robot/app/robot_ws/install/unique_identifier_msgs/share/unique_identifier_msgs/cmake/unique_identifier_msgs__rosidl_typesupport_cExport-noconfig.cmake
[27.465s] -- Installing: /home/robot/app/robot_ws/install/unique_identifier_msgs/share/unique_identifier_msgs/cmake/export_unique_identifier_msgs__rosidl_generator_cppExport.cmake
[27.466s] -- Installing: /home/robot/app/robot_ws/install/unique_identifier_msgs/share/unique_identifier_msgs/cmake/export_unique_identifier_msgs__rosidl_typesupport_fastrtps_cppExport.cmake
[27.466s] -- Installing: /home/robot/app/robot_ws/install/unique_identifier_msgs/share/unique_identifier_msgs/cmake/export_unique_identifier_msgs__rosidl_typesupport_fastrtps_cppExport-noconfig.cmake
[27.466s] -- Installing: /home/robot/app/robot_ws/install/unique_identifier_msgs/share/unique_identifier_msgs/cmake/unique_identifier_msgs__rosidl_typesupport_introspection_cppExport.cmake
[27.466s] -- Installing: /home/robot/app/robot_ws/install/unique_identifier_msgs/share/unique_identifier_msgs/cmake/unique_identifier_msgs__rosidl_typesupport_introspection_cppExport-noconfig.cmake
[27.471s] -- Installing: /home/robot/app/robot_ws/install/unique_identifier_msgs/share/unique_identifier_msgs/cmake/unique_identifier_msgs__rosidl_typesupport_cppExport.cmake
[27.471s] -- Installing: /home/robot/app/robot_ws/install/unique_identifier_msgs/share/unique_identifier_msgs/cmake/unique_identifier_msgs__rosidl_typesupport_cppExport-noconfig.cmake
[27.471s] -- Installing: /home/robot/app/robot_ws/install/unique_identifier_msgs/share/unique_identifier_msgs/cmake/export_unique_identifier_msgs__rosidl_generator_pyExport.cmake
[27.471s] -- Installing: /home/robot/app/robot_ws/install/unique_identifier_msgs/share/unique_identifier_msgs/cmake/export_unique_identifier_msgs__rosidl_generator_pyExport-noconfig.cmake
[27.472s] -- Installing: /home/robot/app/robot_ws/install/unique_identifier_msgs/share/unique_identifier_msgs/cmake/rosidl_cmake-extras.cmake
[27.472s] -- Installing: /home/robot/app/robot_ws/install/unique_identifier_msgs/share/unique_identifier_msgs/cmake/ament_cmake_export_include_directories-extras.cmake
[27.472s] -- Installing: /home/robot/app/robot_ws/install/unique_identifier_msgs/share/unique_identifier_msgs/cmake/ament_cmake_export_libraries-extras.cmake
[27.473s] -- Installing: /home/robot/app/robot_ws/install/unique_identifier_msgs/share/unique_identifier_msgs/cmake/ament_cmake_export_targets-extras.cmake
[27.473s] -- Installing: /home/robot/app/robot_ws/install/unique_identifier_msgs/share/unique_identifier_msgs/cmake/rosidl_cmake_export_typesupport_targets-extras.cmake
[27.473s] -- Installing: /home/robot/app/robot_ws/install/unique_identifier_msgs/share/unique_identifier_msgs/cmake/ament_cmake_export_dependencies-extras.cmake
[27.473s] -- Installing: /home/robot/app/robot_ws/install/unique_identifier_msgs/share/unique_identifier_msgs/cmake/rosidl_cmake_export_typesupport_libraries-extras.cmake
[27.473s] -- Installing: /home/robot/app/robot_ws/install/unique_identifier_msgs/share/unique_identifier_msgs/cmake/unique_identifier_msgsConfig.cmake
[27.474s] -- Installing: /home/robot/app/robot_ws/install/unique_identifier_msgs/share/unique_identifier_msgs/cmake/unique_identifier_msgsConfig-version.cmake
[27.474s] -- Installing: /home/robot/app/robot_ws/install/unique_identifier_msgs/share/unique_identifier_msgs/package.xml
[27.474s] -- Installing: /home/robot/app/robot_ws/install/unique_identifier_msgs/share/unique_identifier_msgs/mapping_rules.yaml
[27.480s] Invoked command in '/home/robot/app/robot_ws/build/unique_identifier_msgs' returned '0': CMAKE_PREFIX_PATH=${CMAKE_PREFIX_PATH}:/opt/ros/humble /usr/bin/cmake --install /home/robot/app/robot_ws/build/unique_identifier_msgs
