[0.099s] Invoking command in '/home/robot/app/robot_ws/build/micro_ros_utilities': CMAKE_PREFIX_PATH=${CMAKE_PREFIX_PATH}:/home/robot/app/robot_ws/install/sensor_msgs_py:/opt/ros/humble /usr/bin/cmake /home/robot/app/robot_ws/src/uros/micro_ros_utilities -DCMAKE_INSTALL_PREFIX=/home/robot/app/robot_ws/install/micro_ros_utilities
[0.151s] -- Found ament_cmake: 1.3.10 (/opt/ros/humble/share/ament_cmake/cmake)
[0.971s] -- Found rosidl_typesupport_introspection_c: 3.1.5 (/opt/ros/humble/share/rosidl_typesupport_introspection_c/cmake)
[0.979s] -- Found rosidl_adapter: 3.1.5 (/opt/ros/humble/share/rosidl_adapter/cmake)
[1.400s] -- Configuring done
[1.458s] -- Generating done
[1.466s] -- Build files have been written to: /home/robot/app/robot_ws/build/micro_ros_utilities
[1.480s] Invoked command in '/home/robot/app/robot_ws/build/micro_ros_utilities' returned '0': CMAKE_PREFIX_PATH=${CMAKE_PREFIX_PATH}:/home/robot/app/robot_ws/install/sensor_msgs_py:/opt/ros/humble /usr/bin/cmake /home/robot/app/robot_ws/src/uros/micro_ros_utilities -DCMAKE_INSTALL_PREFIX=/home/robot/app/robot_ws/install/micro_ros_utilities
[1.498s] Invoking command in '/home/robot/app/robot_ws/build/micro_ros_utilities': CMAKE_PREFIX_PATH=${CMAKE_PREFIX_PATH}:/home/robot/app/robot_ws/install/sensor_msgs_py:/opt/ros/humble /usr/bin/cmake --build /home/robot/app/robot_ws/build/micro_ros_utilities -- -j8 -l8
[1.795s] [35m[1mConsolidate compiler generated dependencies of target micro_ros_utilities[0m
[1.856s] [100%] Built target micro_ros_utilities
[1.932s] Invoked command in '/home/robot/app/robot_ws/build/micro_ros_utilities' returned '0': CMAKE_PREFIX_PATH=${CMAKE_PREFIX_PATH}:/home/robot/app/robot_ws/install/sensor_msgs_py:/opt/ros/humble /usr/bin/cmake --build /home/robot/app/robot_ws/build/micro_ros_utilities -- -j8 -l8
[2.168s] Invoking command in '/home/robot/app/robot_ws/build/micro_ros_utilities': CMAKE_PREFIX_PATH=${CMAKE_PREFIX_PATH}:/home/robot/app/robot_ws/install/sensor_msgs_py:/opt/ros/humble /usr/bin/cmake --install /home/robot/app/robot_ws/build/micro_ros_utilities
[3.589s] -- Install configuration: ""
[3.589s] -- Up-to-date: /home/robot/app/robot_ws/install/micro_ros_utilities/include
[3.590s] -- Up-to-date: /home/robot/app/robot_ws/install/micro_ros_utilities/include/micro_ros_utilities
[3.590s] -- Up-to-date: /home/robot/app/robot_ws/install/micro_ros_utilities/include/micro_ros_utilities/string_utilities.h
[3.590s] -- Up-to-date: /home/robot/app/robot_ws/install/micro_ros_utilities/include/micro_ros_utilities/type_utilities.h
[3.590s] -- Up-to-date: /home/robot/app/robot_ws/install/micro_ros_utilities/include/micro_ros_utilities/visibility_control.h
[3.590s] -- Up-to-date: /home/robot/app/robot_ws/install/micro_ros_utilities/lib/libmicro_ros_utilities.so
[3.591s] -- Up-to-date: /home/robot/app/robot_ws/install/micro_ros_utilities/share/micro_ros_utilities/environment/library_path.sh
[3.591s] -- Installing: /home/robot/app/robot_ws/install/micro_ros_utilities/share/micro_ros_utilities/environment/library_path.dsv
[3.591s] -- Up-to-date: /home/robot/app/robot_ws/install/micro_ros_utilities/share/ament_index/resource_index/package_run_dependencies/micro_ros_utilities
[3.591s] -- Installing: /home/robot/app/robot_ws/install/micro_ros_utilities/share/ament_index/resource_index/parent_prefix_path/micro_ros_utilities
[3.604s] -- Up-to-date: /home/robot/app/robot_ws/install/micro_ros_utilities/share/micro_ros_utilities/environment/ament_prefix_path.sh
[3.604s] -- Installing: /home/robot/app/robot_ws/install/micro_ros_utilities/share/micro_ros_utilities/environment/ament_prefix_path.dsv
[3.604s] -- Up-to-date: /home/robot/app/robot_ws/install/micro_ros_utilities/share/micro_ros_utilities/environment/path.sh
[3.605s] -- Installing: /home/robot/app/robot_ws/install/micro_ros_utilities/share/micro_ros_utilities/environment/path.dsv
[3.605s] -- Up-to-date: /home/robot/app/robot_ws/install/micro_ros_utilities/share/micro_ros_utilities/local_setup.bash
[3.605s] -- Up-to-date: /home/robot/app/robot_ws/install/micro_ros_utilities/share/micro_ros_utilities/local_setup.sh
[3.605s] -- Up-to-date: /home/robot/app/robot_ws/install/micro_ros_utilities/share/micro_ros_utilities/local_setup.zsh
[3.605s] -- Installing: /home/robot/app/robot_ws/install/micro_ros_utilities/share/micro_ros_utilities/local_setup.dsv
[3.617s] -- Installing: /home/robot/app/robot_ws/install/micro_ros_utilities/share/micro_ros_utilities/package.dsv
[3.617s] -- Up-to-date: /home/robot/app/robot_ws/install/micro_ros_utilities/share/ament_index/resource_index/packages/micro_ros_utilities
[3.617s] -- Up-to-date: /home/robot/app/robot_ws/install/micro_ros_utilities/share/micro_ros_utilities/cmake/ament_cmake_export_include_directories-extras.cmake
[3.618s] -- Up-to-date: /home/robot/app/robot_ws/install/micro_ros_utilities/share/micro_ros_utilities/cmake/ament_cmake_export_libraries-extras.cmake
[3.618s] -- Up-to-date: /home/robot/app/robot_ws/install/micro_ros_utilities/share/micro_ros_utilities/cmake/ament_cmake_export_dependencies-extras.cmake
[3.618s] -- Up-to-date: /home/robot/app/robot_ws/install/micro_ros_utilities/share/micro_ros_utilities/cmake/micro_ros_utilitiesConfig.cmake
[3.618s] -- Up-to-date: /home/robot/app/robot_ws/install/micro_ros_utilities/share/micro_ros_utilities/cmake/micro_ros_utilitiesConfig-version.cmake
[3.619s] -- Up-to-date: /home/robot/app/robot_ws/install/micro_ros_utilities/share/micro_ros_utilities/package.xml
[3.625s] Invoked command in '/home/robot/app/robot_ws/build/micro_ros_utilities' returned '0': CMAKE_PREFIX_PATH=${CMAKE_PREFIX_PATH}:/home/robot/app/robot_ws/install/sensor_msgs_py:/opt/ros/humble /usr/bin/cmake --install /home/robot/app/robot_ws/build/micro_ros_utilities
