[0.071s] Invoking command in '/home/robot/app/robot_ws/build/builtin_interfaces': CMAKE_PREFIX_PATH=${CMAKE_PREFIX_PATH}:/home/robot/app/robot_ws/install/sensor_msgs_py:/opt/ros/humble /usr/bin/cmake --build /home/robot/app/robot_ws/build/builtin_interfaces -- -j8 -l8
[0.178s] [35m[1mConsolidate compiler generated dependencies of target builtin_interfaces__rosidl_generator_c[0m
[0.199s] [  2%] Built target builtin_interfaces__cpp
[0.248s] [ 10%] Built target builtin_interfaces__rosidl_generator_c
[0.249s] [ 10%] Built target ament_cmake_python_copy_builtin_interfaces
[0.279s] [35m[1mConsolidate compiler generated dependencies of target builtin_interfaces__rosidl_typesupport_fastrtps_cpp[0m
[0.311s] [35m[1mConsolidate compiler generated dependencies of target builtin_interfaces__rosidl_typesupport_microxrcedds_cpp[0m
[0.321s] [35m[1mConsolidate compiler generated dependencies of target builtin_interfaces__rosidl_typesupport_introspection_cpp[0m
[0.322s] [35m[1mConsolidate compiler generated dependencies of target builtin_interfaces__rosidl_typesupport_microxrcedds_c[0m
[0.337s] [35m[1mConsolidate compiler generated dependencies of target builtin_interfaces__rosidl_typesupport_cpp[0m
[0.365s] [35m[1mConsolidate compiler generated dependencies of target builtin_interfaces__rosidl_typesupport_fastrtps_c[0m
[0.422s] [ 18%] Built target builtin_interfaces__rosidl_typesupport_fastrtps_cpp
[0.425s] [35m[1mConsolidate compiler generated dependencies of target builtin_interfaces__rosidl_typesupport_introspection_c[0m
[0.426s] [35m[1mConsolidate compiler generated dependencies of target builtin_interfaces__rosidl_typesupport_c[0m
[0.450s] [ 26%] Built target builtin_interfaces__rosidl_typesupport_introspection_cpp
[0.466s] [ 34%] Built target builtin_interfaces__rosidl_typesupport_microxrcedds_c
[0.479s] [ 42%] Built target builtin_interfaces__rosidl_typesupport_microxrcedds_cpp
[0.511s] [ 51%] Built target builtin_interfaces__rosidl_typesupport_fastrtps_c
[0.534s] [ 59%] Built target builtin_interfaces__rosidl_typesupport_introspection_c
[0.553s] [ 67%] Built target builtin_interfaces__rosidl_typesupport_cpp
[0.571s] [ 75%] Built target builtin_interfaces__rosidl_typesupport_c
[0.803s] [ 75%] Built target builtin_interfaces
[0.889s] [ 77%] Built target builtin_interfaces__py
[0.946s] [35m[1mConsolidate compiler generated dependencies of target builtin_interfaces__rosidl_generator_py[0m
[1.000s] [ 83%] Built target builtin_interfaces__rosidl_generator_py
[1.041s] [35m[1mConsolidate compiler generated dependencies of target builtin_interfaces__rosidl_typesupport_fastrtps_c__pyext[0m
[1.056s] [35m[1mConsolidate compiler generated dependencies of target builtin_interfaces__rosidl_typesupport_microxrcedds_c__pyext[0m
[1.073s] [35m[1mConsolidate compiler generated dependencies of target builtin_interfaces__rosidl_typesupport_c__pyext[0m
[1.073s] [35m[1mConsolidate compiler generated dependencies of target builtin_interfaces__rosidl_typesupport_introspection_c__pyext[0m
[1.131s] [ 87%] Built target builtin_interfaces__rosidl_typesupport_microxrcedds_c__pyext
[1.137s] [ 91%] Built target builtin_interfaces__rosidl_typesupport_introspection_c__pyext
[1.151s] [ 95%] Built target builtin_interfaces__rosidl_typesupport_fastrtps_c__pyext
[1.151s] [100%] Built target builtin_interfaces__rosidl_typesupport_c__pyext
[1.601s] running egg_info
[1.602s] writing builtin_interfaces.egg-info/PKG-INFO
[1.603s] writing dependency_links to builtin_interfaces.egg-info/dependency_links.txt
[1.603s] writing top-level names to builtin_interfaces.egg-info/top_level.txt
[1.617s] reading manifest file 'builtin_interfaces.egg-info/SOURCES.txt'
[1.619s] writing manifest file 'builtin_interfaces.egg-info/SOURCES.txt'
[1.720s] [100%] Built target ament_cmake_python_build_builtin_interfaces_egg
[1.754s] Invoked command in '/home/robot/app/robot_ws/build/builtin_interfaces' returned '0': CMAKE_PREFIX_PATH=${CMAKE_PREFIX_PATH}:/home/robot/app/robot_ws/install/sensor_msgs_py:/opt/ros/humble /usr/bin/cmake --build /home/robot/app/robot_ws/build/builtin_interfaces -- -j8 -l8
[2.115s] Invoking command in '/home/robot/app/robot_ws/build/builtin_interfaces': CMAKE_PREFIX_PATH=${CMAKE_PREFIX_PATH}:/home/robot/app/robot_ws/install/sensor_msgs_py:/opt/ros/humble /usr/bin/cmake --install /home/robot/app/robot_ws/build/builtin_interfaces
[2.130s] -- Install configuration: ""
[2.130s] -- Up-to-date: /home/robot/app/robot_ws/install/builtin_interfaces/share/ament_index/resource_index/rosidl_interfaces/builtin_interfaces
[2.130s] -- Up-to-date: /home/robot/app/robot_ws/install/builtin_interfaces/include/builtin_interfaces/builtin_interfaces
[2.131s] -- Up-to-date: /home/robot/app/robot_ws/install/builtin_interfaces/include/builtin_interfaces/builtin_interfaces/msg
[2.133s] -- Up-to-date: /home/robot/app/robot_ws/install/builtin_interfaces/include/builtin_interfaces/builtin_interfaces/msg/duration.h
[2.133s] -- Up-to-date: /home/robot/app/robot_ws/install/builtin_interfaces/include/builtin_interfaces/builtin_interfaces/msg/time.h
[2.134s] -- Up-to-date: /home/robot/app/robot_ws/install/builtin_interfaces/include/builtin_interfaces/builtin_interfaces/msg/detail
[2.134s] -- Up-to-date: /home/robot/app/robot_ws/install/builtin_interfaces/include/builtin_interfaces/builtin_interfaces/msg/detail/time__struct.h
[2.134s] -- Up-to-date: /home/robot/app/robot_ws/install/builtin_interfaces/include/builtin_interfaces/builtin_interfaces/msg/detail/time__functions.c
[2.134s] -- Up-to-date: /home/robot/app/robot_ws/install/builtin_interfaces/include/builtin_interfaces/builtin_interfaces/msg/detail/duration__functions.h
[2.134s] -- Up-to-date: /home/robot/app/robot_ws/install/builtin_interfaces/include/builtin_interfaces/builtin_interfaces/msg/detail/duration__type_support.h
[2.134s] -- Up-to-date: /home/robot/app/robot_ws/install/builtin_interfaces/include/builtin_interfaces/builtin_interfaces/msg/detail/time__type_support.h
[2.134s] -- Up-to-date: /home/robot/app/robot_ws/install/builtin_interfaces/include/builtin_interfaces/builtin_interfaces/msg/detail/duration__struct.h
[2.134s] -- Up-to-date: /home/robot/app/robot_ws/install/builtin_interfaces/include/builtin_interfaces/builtin_interfaces/msg/detail/time__functions.h
[2.134s] -- Up-to-date: /home/robot/app/robot_ws/install/builtin_interfaces/include/builtin_interfaces/builtin_interfaces/msg/detail/duration__functions.c
[2.135s] -- Up-to-date: /home/robot/app/robot_ws/install/builtin_interfaces/include/builtin_interfaces/builtin_interfaces/msg/rosidl_generator_c__visibility_control.h
[2.135s] -- Up-to-date: /home/robot/app/robot_ws/install/builtin_interfaces/share/builtin_interfaces/environment/library_path.sh
[2.135s] -- Up-to-date: /home/robot/app/robot_ws/install/builtin_interfaces/share/builtin_interfaces/environment/library_path.dsv
[2.135s] -- Up-to-date: /home/robot/app/robot_ws/install/builtin_interfaces/lib/libbuiltin_interfaces__rosidl_generator_c.so
[2.135s] -- Up-to-date: /home/robot/app/robot_ws/install/builtin_interfaces/include/builtin_interfaces
[2.135s] -- Up-to-date: /home/robot/app/robot_ws/install/builtin_interfaces/include/builtin_interfaces/msg
[2.135s] -- Up-to-date: /home/robot/app/robot_ws/install/builtin_interfaces/include/builtin_interfaces/msg/detail
[2.135s] -- Up-to-date: /home/robot/app/robot_ws/install/builtin_interfaces/include/builtin_interfaces/msg/detail/time__rosidl_typesupport_microxrcedds_c.h
[2.135s] -- Up-to-date: /home/robot/app/robot_ws/install/builtin_interfaces/include/builtin_interfaces/msg/detail/duration__rosidl_typesupport_microxrcedds_c.h
[2.136s] -- Up-to-date: /home/robot/app/robot_ws/install/builtin_interfaces/include/builtin_interfaces/msg/detail/microxrcedds
[2.136s] -- Up-to-date: /home/robot/app/robot_ws/install/builtin_interfaces/include/builtin_interfaces/msg/rosidl_typesupport_microxrcedds_c__visibility_control.h
[2.136s] -- Up-to-date: /home/robot/app/robot_ws/install/builtin_interfaces/lib/libbuiltin_interfaces__rosidl_typesupport_microxrcedds_c.so
[2.136s] -- Up-to-date: /home/robot/app/robot_ws/install/builtin_interfaces/include/builtin_interfaces/builtin_interfaces
[2.136s] -- Up-to-date: /home/robot/app/robot_ws/install/builtin_interfaces/include/builtin_interfaces/builtin_interfaces/msg
[2.136s] -- Up-to-date: /home/robot/app/robot_ws/install/builtin_interfaces/include/builtin_interfaces/builtin_interfaces/msg/detail
[2.137s] -- Up-to-date: /home/robot/app/robot_ws/install/builtin_interfaces/include/builtin_interfaces/builtin_interfaces/msg/detail/time__rosidl_typesupport_fastrtps_c.h
[2.137s] -- Up-to-date: /home/robot/app/robot_ws/install/builtin_interfaces/include/builtin_interfaces/builtin_interfaces/msg/detail/duration__rosidl_typesupport_fastrtps_c.h
[2.137s] -- Up-to-date: /home/robot/app/robot_ws/install/builtin_interfaces/include/builtin_interfaces/builtin_interfaces/msg/rosidl_typesupport_fastrtps_c__visibility_control.h
[2.137s] -- Up-to-date: /home/robot/app/robot_ws/install/builtin_interfaces/lib/libbuiltin_interfaces__rosidl_typesupport_fastrtps_c.so
[2.137s] -- Up-to-date: /home/robot/app/robot_ws/install/builtin_interfaces/include/builtin_interfaces/builtin_interfaces
[2.137s] -- Up-to-date: /home/robot/app/robot_ws/install/builtin_interfaces/include/builtin_interfaces/builtin_interfaces/msg
[2.142s] -- Up-to-date: /home/robot/app/robot_ws/install/builtin_interfaces/include/builtin_interfaces/builtin_interfaces/msg/rosidl_typesupport_introspection_c__visibility_control.h
[2.142s] -- Up-to-date: /home/robot/app/robot_ws/install/builtin_interfaces/include/builtin_interfaces/builtin_interfaces/msg/detail
[2.142s] -- Up-to-date: /home/robot/app/robot_ws/install/builtin_interfaces/include/builtin_interfaces/builtin_interfaces/msg/detail/time__rosidl_typesupport_introspection_c.h
[2.146s] -- Up-to-date: /home/robot/app/robot_ws/install/builtin_interfaces/include/builtin_interfaces/builtin_interfaces/msg/detail/duration__rosidl_typesupport_introspection_c.h
[2.146s] -- Up-to-date: /home/robot/app/robot_ws/install/builtin_interfaces/include/builtin_interfaces/builtin_interfaces/msg/detail/time__type_support.c
[2.146s] -- Up-to-date: /home/robot/app/robot_ws/install/builtin_interfaces/include/builtin_interfaces/builtin_interfaces/msg/detail/duration__type_support.c
[2.146s] -- Up-to-date: /home/robot/app/robot_ws/install/builtin_interfaces/lib/libbuiltin_interfaces__rosidl_typesupport_introspection_c.so
[2.146s] -- Up-to-date: /home/robot/app/robot_ws/install/builtin_interfaces/lib/libbuiltin_interfaces__rosidl_typesupport_c.so
[2.146s] -- Up-to-date: /home/robot/app/robot_ws/install/builtin_interfaces/include/builtin_interfaces/builtin_interfaces
[2.146s] -- Up-to-date: /home/robot/app/robot_ws/install/builtin_interfaces/include/builtin_interfaces/builtin_interfaces/msg
[2.146s] -- Up-to-date: /home/robot/app/robot_ws/install/builtin_interfaces/include/builtin_interfaces/builtin_interfaces/msg/detail
[2.147s] -- Up-to-date: /home/robot/app/robot_ws/install/builtin_interfaces/include/builtin_interfaces/builtin_interfaces/msg/detail/duration__struct.hpp
[2.147s] -- Up-to-date: /home/robot/app/robot_ws/install/builtin_interfaces/include/builtin_interfaces/builtin_interfaces/msg/detail/duration__traits.hpp
[2.147s] -- Up-to-date: /home/robot/app/robot_ws/install/builtin_interfaces/include/builtin_interfaces/builtin_interfaces/msg/detail/duration__builder.hpp
[2.155s] -- Up-to-date: /home/robot/app/robot_ws/install/builtin_interfaces/include/builtin_interfaces/builtin_interfaces/msg/detail/time__builder.hpp
[2.155s] -- Up-to-date: /home/robot/app/robot_ws/install/builtin_interfaces/include/builtin_interfaces/builtin_interfaces/msg/detail/time__struct.hpp
[2.156s] -- Up-to-date: /home/robot/app/robot_ws/install/builtin_interfaces/include/builtin_interfaces/builtin_interfaces/msg/detail/time__traits.hpp
[2.156s] -- Up-to-date: /home/robot/app/robot_ws/install/builtin_interfaces/include/builtin_interfaces/builtin_interfaces/msg/duration.hpp
[2.156s] -- Up-to-date: /home/robot/app/robot_ws/install/builtin_interfaces/include/builtin_interfaces/builtin_interfaces/msg/time.hpp
[2.156s] -- Up-to-date: /home/robot/app/robot_ws/install/builtin_interfaces/include/builtin_interfaces
[2.156s] -- Up-to-date: /home/robot/app/robot_ws/install/builtin_interfaces/include/builtin_interfaces/msg
[2.156s] -- Up-to-date: /home/robot/app/robot_ws/install/builtin_interfaces/include/builtin_interfaces/msg/detail
[2.156s] -- Up-to-date: /home/robot/app/robot_ws/install/builtin_interfaces/include/builtin_interfaces/msg/detail/time__rosidl_typesupport_microxrcedds_cpp.hpp
[2.156s] -- Up-to-date: /home/robot/app/robot_ws/install/builtin_interfaces/include/builtin_interfaces/msg/detail/microxrcedds
[2.157s] -- Up-to-date: /home/robot/app/robot_ws/install/builtin_interfaces/include/builtin_interfaces/msg/detail/microxrcedds/time__type_support_cpp.cpp
[2.157s] -- Up-to-date: /home/robot/app/robot_ws/install/builtin_interfaces/include/builtin_interfaces/msg/detail/microxrcedds/duration__type_support_cpp.cpp
[2.157s] -- Up-to-date: /home/robot/app/robot_ws/install/builtin_interfaces/include/builtin_interfaces/msg/detail/duration__rosidl_typesupport_microxrcedds_cpp.hpp
[2.157s] -- Up-to-date: /home/robot/app/robot_ws/install/builtin_interfaces/include/builtin_interfaces/msg/rosidl_typesupport_microxrcedds_cpp__visibility_control.h
[2.157s] -- Up-to-date: /home/robot/app/robot_ws/install/builtin_interfaces/lib/libbuiltin_interfaces__rosidl_typesupport_microxrcedds_cpp.so
[2.157s] -- Up-to-date: /home/robot/app/robot_ws/install/builtin_interfaces/include/builtin_interfaces/builtin_interfaces
[2.157s] -- Up-to-date: /home/robot/app/robot_ws/install/builtin_interfaces/include/builtin_interfaces/builtin_interfaces/msg
[2.157s] -- Up-to-date: /home/robot/app/robot_ws/install/builtin_interfaces/include/builtin_interfaces/builtin_interfaces/msg/rosidl_typesupport_fastrtps_cpp__visibility_control.h
[2.157s] -- Up-to-date: /home/robot/app/robot_ws/install/builtin_interfaces/include/builtin_interfaces/builtin_interfaces/msg/detail
[2.158s] -- Up-to-date: /home/robot/app/robot_ws/install/builtin_interfaces/include/builtin_interfaces/builtin_interfaces/msg/detail/dds_fastrtps
[2.158s] -- Up-to-date: /home/robot/app/robot_ws/install/builtin_interfaces/include/builtin_interfaces/builtin_interfaces/msg/detail/duration__rosidl_typesupport_fastrtps_cpp.hpp
[2.158s] -- Up-to-date: /home/robot/app/robot_ws/install/builtin_interfaces/include/builtin_interfaces/builtin_interfaces/msg/detail/time__rosidl_typesupport_fastrtps_cpp.hpp
[2.158s] -- Up-to-date: /home/robot/app/robot_ws/install/builtin_interfaces/lib/libbuiltin_interfaces__rosidl_typesupport_fastrtps_cpp.so
[2.158s] -- Up-to-date: /home/robot/app/robot_ws/install/builtin_interfaces/include/builtin_interfaces/builtin_interfaces
[2.158s] -- Up-to-date: /home/robot/app/robot_ws/install/builtin_interfaces/include/builtin_interfaces/builtin_interfaces/msg
[2.158s] -- Up-to-date: /home/robot/app/robot_ws/install/builtin_interfaces/include/builtin_interfaces/builtin_interfaces/msg/detail
[2.158s] -- Up-to-date: /home/robot/app/robot_ws/install/builtin_interfaces/include/builtin_interfaces/builtin_interfaces/msg/detail/time__type_support.cpp
[2.158s] -- Up-to-date: /home/robot/app/robot_ws/install/builtin_interfaces/include/builtin_interfaces/builtin_interfaces/msg/detail/duration__type_support.cpp
[2.158s] -- Up-to-date: /home/robot/app/robot_ws/install/builtin_interfaces/include/builtin_interfaces/builtin_interfaces/msg/detail/duration__rosidl_typesupport_introspection_cpp.hpp
[2.159s] -- Up-to-date: /home/robot/app/robot_ws/install/builtin_interfaces/include/builtin_interfaces/builtin_interfaces/msg/detail/time__rosidl_typesupport_introspection_cpp.hpp
[2.159s] -- Up-to-date: /home/robot/app/robot_ws/install/builtin_interfaces/lib/libbuiltin_interfaces__rosidl_typesupport_introspection_cpp.so
[2.159s] -- Up-to-date: /home/robot/app/robot_ws/install/builtin_interfaces/lib/libbuiltin_interfaces__rosidl_typesupport_cpp.so
[2.159s] -- Up-to-date: /home/robot/app/robot_ws/install/builtin_interfaces/share/builtin_interfaces/environment/pythonpath.sh
[2.159s] -- Up-to-date: /home/robot/app/robot_ws/install/builtin_interfaces/share/builtin_interfaces/environment/pythonpath.dsv
[2.159s] -- Up-to-date: /home/robot/app/robot_ws/install/builtin_interfaces/local/lib/python3.10/dist-packages/builtin_interfaces-1.2.1-py3.10.egg-info
[2.160s] -- Installing: /home/robot/app/robot_ws/install/builtin_interfaces/local/lib/python3.10/dist-packages/builtin_interfaces-1.2.1-py3.10.egg-info/dependency_links.txt
[2.160s] -- Installing: /home/robot/app/robot_ws/install/builtin_interfaces/local/lib/python3.10/dist-packages/builtin_interfaces-1.2.1-py3.10.egg-info/PKG-INFO
[2.160s] -- Installing: /home/robot/app/robot_ws/install/builtin_interfaces/local/lib/python3.10/dist-packages/builtin_interfaces-1.2.1-py3.10.egg-info/SOURCES.txt
[2.161s] -- Installing: /home/robot/app/robot_ws/install/builtin_interfaces/local/lib/python3.10/dist-packages/builtin_interfaces-1.2.1-py3.10.egg-info/top_level.txt
[2.161s] -- Up-to-date: /home/robot/app/robot_ws/install/builtin_interfaces/local/lib/python3.10/dist-packages/builtin_interfaces
[2.161s] -- Up-to-date: /home/robot/app/robot_ws/install/builtin_interfaces/local/lib/python3.10/dist-packages/builtin_interfaces/__init__.py
[2.161s] -- Up-to-date: /home/robot/app/robot_ws/install/builtin_interfaces/local/lib/python3.10/dist-packages/builtin_interfaces/libbuiltin_interfaces__rosidl_generator_py.so
[2.161s] -- Up-to-date: /home/robot/app/robot_ws/install/builtin_interfaces/local/lib/python3.10/dist-packages/builtin_interfaces/builtin_interfaces_s__rosidl_typesupport_introspection_c.cpython-310-x86_64-linux-gnu.so
[2.161s] -- Up-to-date: /home/robot/app/robot_ws/install/builtin_interfaces/local/lib/python3.10/dist-packages/builtin_interfaces/_builtin_interfaces_s.ep.rosidl_typesupport_microxrcedds_c.c
[2.161s] -- Up-to-date: /home/robot/app/robot_ws/install/builtin_interfaces/local/lib/python3.10/dist-packages/builtin_interfaces/builtin_interfaces_s__rosidl_typesupport_c.cpython-310-x86_64-linux-gnu.so
[2.161s] -- Up-to-date: /home/robot/app/robot_ws/install/builtin_interfaces/local/lib/python3.10/dist-packages/builtin_interfaces/_builtin_interfaces_s.ep.rosidl_typesupport_fastrtps_c.c
[2.162s] -- Up-to-date: /home/robot/app/robot_ws/install/builtin_interfaces/local/lib/python3.10/dist-packages/builtin_interfaces/builtin_interfaces_s__rosidl_typesupport_microxrcedds_c.cpython-310-x86_64-linux-gnu.so
[2.162s] -- Up-to-date: /home/robot/app/robot_ws/install/builtin_interfaces/local/lib/python3.10/dist-packages/builtin_interfaces/builtin_interfaces_s__rosidl_typesupport_fastrtps_c.cpython-310-x86_64-linux-gnu.so
[2.162s] -- Up-to-date: /home/robot/app/robot_ws/install/builtin_interfaces/local/lib/python3.10/dist-packages/builtin_interfaces/_builtin_interfaces_s.ep.rosidl_typesupport_introspection_c.c
[2.162s] -- Up-to-date: /home/robot/app/robot_ws/install/builtin_interfaces/local/lib/python3.10/dist-packages/builtin_interfaces/_builtin_interfaces_s.ep.rosidl_typesupport_c.c
[2.162s] -- Up-to-date: /home/robot/app/robot_ws/install/builtin_interfaces/local/lib/python3.10/dist-packages/builtin_interfaces/msg
[2.162s] -- Up-to-date: /home/robot/app/robot_ws/install/builtin_interfaces/local/lib/python3.10/dist-packages/builtin_interfaces/msg/__init__.py
[2.162s] -- Up-to-date: /home/robot/app/robot_ws/install/builtin_interfaces/local/lib/python3.10/dist-packages/builtin_interfaces/msg/_time_s.c
[2.162s] -- Up-to-date: /home/robot/app/robot_ws/install/builtin_interfaces/local/lib/python3.10/dist-packages/builtin_interfaces/msg/_duration_s.c
[2.162s] -- Up-to-date: /home/robot/app/robot_ws/install/builtin_interfaces/local/lib/python3.10/dist-packages/builtin_interfaces/msg/_time.py
[2.162s] -- Up-to-date: /home/robot/app/robot_ws/install/builtin_interfaces/local/lib/python3.10/dist-packages/builtin_interfaces/msg/_duration.py
[2.244s] Listing '/home/robot/app/robot_ws/install/builtin_interfaces/local/lib/python3.10/dist-packages/builtin_interfaces'...
[2.244s] Listing '/home/robot/app/robot_ws/install/builtin_interfaces/local/lib/python3.10/dist-packages/builtin_interfaces/msg'...
[2.244s] -- Up-to-date: /home/robot/app/robot_ws/install/builtin_interfaces/local/lib/python3.10/dist-packages/builtin_interfaces/builtin_interfaces_s__rosidl_typesupport_microxrcedds_c.cpython-310-x86_64-linux-gnu.so
[2.244s] -- Up-to-date: /home/robot/app/robot_ws/install/builtin_interfaces/local/lib/python3.10/dist-packages/builtin_interfaces/builtin_interfaces_s__rosidl_typesupport_fastrtps_c.cpython-310-x86_64-linux-gnu.so
[2.244s] -- Up-to-date: /home/robot/app/robot_ws/install/builtin_interfaces/local/lib/python3.10/dist-packages/builtin_interfaces/builtin_interfaces_s__rosidl_typesupport_introspection_c.cpython-310-x86_64-linux-gnu.so
[2.244s] -- Up-to-date: /home/robot/app/robot_ws/install/builtin_interfaces/local/lib/python3.10/dist-packages/builtin_interfaces/builtin_interfaces_s__rosidl_typesupport_c.cpython-310-x86_64-linux-gnu.so
[2.244s] -- Up-to-date: /home/robot/app/robot_ws/install/builtin_interfaces/lib/libbuiltin_interfaces__rosidl_generator_py.so
[2.245s] -- Up-to-date: /home/robot/app/robot_ws/install/builtin_interfaces/share/builtin_interfaces/msg/Duration.idl
[2.245s] -- Up-to-date: /home/robot/app/robot_ws/install/builtin_interfaces/share/builtin_interfaces/msg/Time.idl
[2.245s] -- Up-to-date: /home/robot/app/robot_ws/install/builtin_interfaces/share/builtin_interfaces/msg/Duration.msg
[2.245s] -- Up-to-date: /home/robot/app/robot_ws/install/builtin_interfaces/share/builtin_interfaces/msg/Time.msg
[2.245s] -- Up-to-date: /home/robot/app/robot_ws/install/builtin_interfaces/share/ament_index/resource_index/package_run_dependencies/builtin_interfaces
[2.245s] -- Up-to-date: /home/robot/app/robot_ws/install/builtin_interfaces/share/ament_index/resource_index/parent_prefix_path/builtin_interfaces
[2.245s] -- Up-to-date: /home/robot/app/robot_ws/install/builtin_interfaces/share/builtin_interfaces/environment/ament_prefix_path.sh
[2.245s] -- Up-to-date: /home/robot/app/robot_ws/install/builtin_interfaces/share/builtin_interfaces/environment/ament_prefix_path.dsv
[2.246s] -- Up-to-date: /home/robot/app/robot_ws/install/builtin_interfaces/share/builtin_interfaces/environment/path.sh
[2.246s] -- Up-to-date: /home/robot/app/robot_ws/install/builtin_interfaces/share/builtin_interfaces/environment/path.dsv
[2.246s] -- Up-to-date: /home/robot/app/robot_ws/install/builtin_interfaces/share/builtin_interfaces/local_setup.bash
[2.246s] -- Up-to-date: /home/robot/app/robot_ws/install/builtin_interfaces/share/builtin_interfaces/local_setup.sh
[2.246s] -- Up-to-date: /home/robot/app/robot_ws/install/builtin_interfaces/share/builtin_interfaces/local_setup.zsh
[2.246s] -- Up-to-date: /home/robot/app/robot_ws/install/builtin_interfaces/share/builtin_interfaces/local_setup.dsv
[2.246s] -- Installing: /home/robot/app/robot_ws/install/builtin_interfaces/share/builtin_interfaces/package.dsv
[2.246s] -- Up-to-date: /home/robot/app/robot_ws/install/builtin_interfaces/share/ament_index/resource_index/packages/builtin_interfaces
[2.246s] -- Up-to-date: /home/robot/app/robot_ws/install/builtin_interfaces/share/builtin_interfaces/cmake/export_builtin_interfaces__rosidl_generator_cExport.cmake
[2.247s] -- Up-to-date: /home/robot/app/robot_ws/install/builtin_interfaces/share/builtin_interfaces/cmake/export_builtin_interfaces__rosidl_generator_cExport-noconfig.cmake
[2.247s] -- Up-to-date: /home/robot/app/robot_ws/install/builtin_interfaces/share/builtin_interfaces/cmake/export_builtin_interfaces__rosidl_typesupport_fastrtps_cExport.cmake
[2.247s] -- Up-to-date: /home/robot/app/robot_ws/install/builtin_interfaces/share/builtin_interfaces/cmake/export_builtin_interfaces__rosidl_typesupport_fastrtps_cExport-noconfig.cmake
[2.249s] -- Up-to-date: /home/robot/app/robot_ws/install/builtin_interfaces/share/builtin_interfaces/cmake/builtin_interfaces__rosidl_typesupport_introspection_cExport.cmake
[2.249s] -- Up-to-date: /home/robot/app/robot_ws/install/builtin_interfaces/share/builtin_interfaces/cmake/builtin_interfaces__rosidl_typesupport_introspection_cExport-noconfig.cmake
[2.249s] -- Up-to-date: /home/robot/app/robot_ws/install/builtin_interfaces/share/builtin_interfaces/cmake/builtin_interfaces__rosidl_typesupport_cExport.cmake
[2.249s] -- Up-to-date: /home/robot/app/robot_ws/install/builtin_interfaces/share/builtin_interfaces/cmake/builtin_interfaces__rosidl_typesupport_cExport-noconfig.cmake
[2.250s] -- Up-to-date: /home/robot/app/robot_ws/install/builtin_interfaces/share/builtin_interfaces/cmake/export_builtin_interfaces__rosidl_generator_cppExport.cmake
[2.250s] -- Up-to-date: /home/robot/app/robot_ws/install/builtin_interfaces/share/builtin_interfaces/cmake/export_builtin_interfaces__rosidl_typesupport_fastrtps_cppExport.cmake
[2.250s] -- Up-to-date: /home/robot/app/robot_ws/install/builtin_interfaces/share/builtin_interfaces/cmake/export_builtin_interfaces__rosidl_typesupport_fastrtps_cppExport-noconfig.cmake
[2.250s] -- Up-to-date: /home/robot/app/robot_ws/install/builtin_interfaces/share/builtin_interfaces/cmake/builtin_interfaces__rosidl_typesupport_introspection_cppExport.cmake
[2.250s] -- Up-to-date: /home/robot/app/robot_ws/install/builtin_interfaces/share/builtin_interfaces/cmake/builtin_interfaces__rosidl_typesupport_introspection_cppExport-noconfig.cmake
[2.251s] -- Up-to-date: /home/robot/app/robot_ws/install/builtin_interfaces/share/builtin_interfaces/cmake/builtin_interfaces__rosidl_typesupport_cppExport.cmake
[2.251s] -- Up-to-date: /home/robot/app/robot_ws/install/builtin_interfaces/share/builtin_interfaces/cmake/builtin_interfaces__rosidl_typesupport_cppExport-noconfig.cmake
[2.251s] -- Up-to-date: /home/robot/app/robot_ws/install/builtin_interfaces/share/builtin_interfaces/cmake/export_builtin_interfaces__rosidl_generator_pyExport.cmake
[2.251s] -- Up-to-date: /home/robot/app/robot_ws/install/builtin_interfaces/share/builtin_interfaces/cmake/export_builtin_interfaces__rosidl_generator_pyExport-noconfig.cmake
[2.251s] -- Up-to-date: /home/robot/app/robot_ws/install/builtin_interfaces/share/builtin_interfaces/cmake/rosidl_cmake-extras.cmake
[2.251s] -- Up-to-date: /home/robot/app/robot_ws/install/builtin_interfaces/share/builtin_interfaces/cmake/ament_cmake_export_include_directories-extras.cmake
[2.251s] -- Up-to-date: /home/robot/app/robot_ws/install/builtin_interfaces/share/builtin_interfaces/cmake/ament_cmake_export_libraries-extras.cmake
[2.251s] -- Up-to-date: /home/robot/app/robot_ws/install/builtin_interfaces/share/builtin_interfaces/cmake/ament_cmake_export_targets-extras.cmake
[2.252s] -- Up-to-date: /home/robot/app/robot_ws/install/builtin_interfaces/share/builtin_interfaces/cmake/rosidl_cmake_export_typesupport_targets-extras.cmake
[2.252s] -- Up-to-date: /home/robot/app/robot_ws/install/builtin_interfaces/share/builtin_interfaces/cmake/ament_cmake_export_dependencies-extras.cmake
[2.252s] -- Up-to-date: /home/robot/app/robot_ws/install/builtin_interfaces/share/builtin_interfaces/cmake/rosidl_cmake_export_typesupport_libraries-extras.cmake
[2.252s] -- Up-to-date: /home/robot/app/robot_ws/install/builtin_interfaces/share/builtin_interfaces/cmake/builtin_interfacesConfig.cmake
[2.252s] -- Up-to-date: /home/robot/app/robot_ws/install/builtin_interfaces/share/builtin_interfaces/cmake/builtin_interfacesConfig-version.cmake
[2.252s] -- Up-to-date: /home/robot/app/robot_ws/install/builtin_interfaces/share/builtin_interfaces/package.xml
[2.267s] Invoked command in '/home/robot/app/robot_ws/build/builtin_interfaces' returned '0': CMAKE_PREFIX_PATH=${CMAKE_PREFIX_PATH}:/home/robot/app/robot_ws/install/sensor_msgs_py:/opt/ros/humble /usr/bin/cmake --install /home/robot/app/robot_ws/build/builtin_interfaces
