[0.108s] Invoking command in '/home/robot/app/robot_ws/build/rcl_interfaces': CMAKE_PREFIX_PATH=/home/robot/app/robot_ws/install/builtin_interfaces:/home/robot/app/robot_ws/install/micro_ros_demos_rclc:/home/robot/app/robot_ws/install/common_interfaces:/home/robot/app/robot_ws/install/visualization_msgs:/home/robot/app/robot_ws/install/test_msgs:/home/robot/app/robot_ws/install/example_interfaces:/home/robot/app/robot_ws/install/action_msgs:/home/robot/app/robot_ws/install/unique_identifier_msgs:/home/robot/app/robot_ws/install/trajectory_msgs:/home/robot/app/robot_ws/install/stereo_msgs:/home/robot/app/robot_ws/install/std_srvs:/home/robot/app/robot_ws/install/shape_msgs:/home/robot/app/robot_ws/install/sensor_msgs:/home/robot/app/robot_ws/install/nav_msgs:/home/robot/app/robot_ws/install/diagnostic_msgs:/home/robot/app/robot_ws/install/geometry_msgs:/home/robot/app/robot_ws/install/actionlib_msgs:/home/robot/app/robot_ws/install/std_msgs:/home/robot/app/robot_ws/install/statistics_msgs:/home/robot/app/robot_ws/install/rosidl_typesupport_microxrcedds_test_msg:/home/robot/app/robot_ws/install/rosidl_typesupport_microxrcedds_cpp_tests:/home/robot/app/robot_ws/install/rmw_microxrcedds:/home/robot/app/robot_ws/install/rosidl_typesupport_microxrcedds_cpp:/home/robot/app/robot_ws/install/rosidl_typesupport_microxrcedds_c_tests:/home/robot/app/robot_ws/install/rosidl_typesupport_microxrcedds_c:/home/robot/app/robot_ws/install/rosgraph_msgs:/home/robot/app/robot_ws/install/rclc_parameter:/home/robot/app/robot_ws/install/rclc:/home/robot/app/robot_ws/install/composition_interfaces:/home/robot/app/robot_ws/install/rcl_interfaces:/home/robot/app/robot_ws/install/microxrcedds_client:/home/robot/app/robot_ws/install/microcdr:/home/robot/app/robot_ws/install/micro_ros_utilities:/home/robot/app/robot_ws/install/micro_ros_msgs:/home/robot/app/robot_ws/install/lifecycle_msgs:/home/robot/app/robot_ws/install/complex_msgs:/home/robot/app/robot_ws/install/micro_ros_setup:/home/robot/app/robot_ws/install/my_custom_message:/home/robot/app/robot_ws/install/sensor_msgs_py:/opt/ros/humble LD_LIBRARY_PATH=/home/robot/app/robot_ws/install/builtin_interfaces/lib:/home/robot/app/robot_ws/install/visualization_msgs/lib:/home/robot/app/robot_ws/install/test_msgs/lib:/home/robot/app/robot_ws/install/example_interfaces/lib:/home/robot/app/robot_ws/install/action_msgs/lib:/home/robot/app/robot_ws/install/unique_identifier_msgs/lib:/home/robot/app/robot_ws/install/trajectory_msgs/lib:/home/robot/app/robot_ws/install/stereo_msgs/lib:/home/robot/app/robot_ws/install/std_srvs/lib:/home/robot/app/robot_ws/install/shape_msgs/lib:/home/robot/app/robot_ws/install/sensor_msgs/lib:/home/robot/app/robot_ws/install/nav_msgs/lib:/home/robot/app/robot_ws/install/diagnostic_msgs/lib:/home/robot/app/robot_ws/install/geometry_msgs/lib:/home/robot/app/robot_ws/install/actionlib_msgs/lib:/home/robot/app/robot_ws/install/std_msgs/lib:/home/robot/app/robot_ws/install/statistics_msgs/lib:/home/robot/app/robot_ws/install/rmw_microxrcedds/lib:/home/robot/app/robot_ws/install/rosidl_typesupport_microxrcedds_cpp/lib:/home/robot/app/robot_ws/install/rosidl_typesupport_microxrcedds_c/lib:/home/robot/app/robot_ws/install/rosgraph_msgs/lib:/home/robot/app/robot_ws/install/rclc_parameter/lib:/home/robot/app/robot_ws/install/rclc/lib:/home/robot/app/robot_ws/install/composition_interfaces/lib:/home/robot/app/robot_ws/install/rcl_interfaces/lib:/home/robot/app/robot_ws/install/microxrcedds_client/lib:/home/robot/app/robot_ws/install/microcdr/lib:/home/robot/app/robot_ws/install/micro_ros_utilities/lib:/home/robot/app/robot_ws/install/micro_ros_msgs/lib:/home/robot/app/robot_ws/install/lifecycle_msgs/lib:/home/robot/app/robot_ws/install/complex_msgs/lib:/home/robot/app/robot_ws/install/my_custom_message/lib:/opt/ros/humble/opt/rviz_ogre_vendor/lib:/opt/ros/humble/lib/x86_64-linux-gnu:/opt/ros/humble/lib /usr/bin/cmake --build /home/robot/app/robot_ws/build/rcl_interfaces -- -j8 -l8
[0.540s] [  9%] Built target rcl_interfaces__rosidl_generator_c
[0.676s] [  9%] Built target rcl_interfaces__cpp
[0.676s] [  9%] Built target ament_cmake_python_copy_rcl_interfaces
[0.833s] [ 19%] Built target rcl_interfaces__rosidl_typesupport_microxrcedds_c
[0.906s] [ 29%] Built target rcl_interfaces__rosidl_typesupport_introspection_c
[0.973s] [ 39%] Built target rcl_interfaces__rosidl_typesupport_microxrcedds_cpp
[0.980s] [ 49%] Built target rcl_interfaces__rosidl_typesupport_c
[1.022s] [ 58%] Built target rcl_interfaces__rosidl_typesupport_cpp
[1.080s] [ 77%] Built target rcl_interfaces__rosidl_typesupport_fastrtps_cpp
[1.082s] [ 77%] Built target rcl_interfaces__rosidl_typesupport_fastrtps_c
[1.117s] [ 86%] Built target rcl_interfaces__rosidl_typesupport_introspection_cpp
[1.239s] [ 86%] Built target rcl_interfaces
[1.477s] [ 87%] Built target rcl_interfaces__py
[1.895s] [ 96%] Built target rcl_interfaces__rosidl_generator_py
[2.102s] [ 97%] Built target rcl_interfaces__rosidl_typesupport_c__pyext
[2.117s] [ 99%] Built target rcl_interfaces__rosidl_typesupport_fastrtps_c__pyext
[2.122s] [ 99%] Built target rcl_interfaces__rosidl_typesupport_microxrcedds_c__pyext
[2.156s] [100%] Built target rcl_interfaces__rosidl_typesupport_introspection_c__pyext
[2.635s] running egg_info
[2.637s] writing rcl_interfaces.egg-info/PKG-INFO
[2.637s] writing dependency_links to rcl_interfaces.egg-info/dependency_links.txt
[2.638s] writing top-level names to rcl_interfaces.egg-info/top_level.txt
[2.645s] reading manifest file 'rcl_interfaces.egg-info/SOURCES.txt'
[2.649s] writing manifest file 'rcl_interfaces.egg-info/SOURCES.txt'
[2.757s] [100%] Built target ament_cmake_python_build_rcl_interfaces_egg
[2.822s] Invoked command in '/home/robot/app/robot_ws/build/rcl_interfaces' returned '0': CMAKE_PREFIX_PATH=/home/robot/app/robot_ws/install/builtin_interfaces:/home/robot/app/robot_ws/install/micro_ros_demos_rclc:/home/robot/app/robot_ws/install/common_interfaces:/home/robot/app/robot_ws/install/visualization_msgs:/home/robot/app/robot_ws/install/test_msgs:/home/robot/app/robot_ws/install/example_interfaces:/home/robot/app/robot_ws/install/action_msgs:/home/robot/app/robot_ws/install/unique_identifier_msgs:/home/robot/app/robot_ws/install/trajectory_msgs:/home/robot/app/robot_ws/install/stereo_msgs:/home/robot/app/robot_ws/install/std_srvs:/home/robot/app/robot_ws/install/shape_msgs:/home/robot/app/robot_ws/install/sensor_msgs:/home/robot/app/robot_ws/install/nav_msgs:/home/robot/app/robot_ws/install/diagnostic_msgs:/home/robot/app/robot_ws/install/geometry_msgs:/home/robot/app/robot_ws/install/actionlib_msgs:/home/robot/app/robot_ws/install/std_msgs:/home/robot/app/robot_ws/install/statistics_msgs:/home/robot/app/robot_ws/install/rosidl_typesupport_microxrcedds_test_msg:/home/robot/app/robot_ws/install/rosidl_typesupport_microxrcedds_cpp_tests:/home/robot/app/robot_ws/install/rmw_microxrcedds:/home/robot/app/robot_ws/install/rosidl_typesupport_microxrcedds_cpp:/home/robot/app/robot_ws/install/rosidl_typesupport_microxrcedds_c_tests:/home/robot/app/robot_ws/install/rosidl_typesupport_microxrcedds_c:/home/robot/app/robot_ws/install/rosgraph_msgs:/home/robot/app/robot_ws/install/rclc_parameter:/home/robot/app/robot_ws/install/rclc:/home/robot/app/robot_ws/install/composition_interfaces:/home/robot/app/robot_ws/install/rcl_interfaces:/home/robot/app/robot_ws/install/microxrcedds_client:/home/robot/app/robot_ws/install/microcdr:/home/robot/app/robot_ws/install/micro_ros_utilities:/home/robot/app/robot_ws/install/micro_ros_msgs:/home/robot/app/robot_ws/install/lifecycle_msgs:/home/robot/app/robot_ws/install/complex_msgs:/home/robot/app/robot_ws/install/micro_ros_setup:/home/robot/app/robot_ws/install/my_custom_message:/home/robot/app/robot_ws/install/sensor_msgs_py:/opt/ros/humble LD_LIBRARY_PATH=/home/robot/app/robot_ws/install/builtin_interfaces/lib:/home/robot/app/robot_ws/install/visualization_msgs/lib:/home/robot/app/robot_ws/install/test_msgs/lib:/home/robot/app/robot_ws/install/example_interfaces/lib:/home/robot/app/robot_ws/install/action_msgs/lib:/home/robot/app/robot_ws/install/unique_identifier_msgs/lib:/home/robot/app/robot_ws/install/trajectory_msgs/lib:/home/robot/app/robot_ws/install/stereo_msgs/lib:/home/robot/app/robot_ws/install/std_srvs/lib:/home/robot/app/robot_ws/install/shape_msgs/lib:/home/robot/app/robot_ws/install/sensor_msgs/lib:/home/robot/app/robot_ws/install/nav_msgs/lib:/home/robot/app/robot_ws/install/diagnostic_msgs/lib:/home/robot/app/robot_ws/install/geometry_msgs/lib:/home/robot/app/robot_ws/install/actionlib_msgs/lib:/home/robot/app/robot_ws/install/std_msgs/lib:/home/robot/app/robot_ws/install/statistics_msgs/lib:/home/robot/app/robot_ws/install/rmw_microxrcedds/lib:/home/robot/app/robot_ws/install/rosidl_typesupport_microxrcedds_cpp/lib:/home/robot/app/robot_ws/install/rosidl_typesupport_microxrcedds_c/lib:/home/robot/app/robot_ws/install/rosgraph_msgs/lib:/home/robot/app/robot_ws/install/rclc_parameter/lib:/home/robot/app/robot_ws/install/rclc/lib:/home/robot/app/robot_ws/install/composition_interfaces/lib:/home/robot/app/robot_ws/install/rcl_interfaces/lib:/home/robot/app/robot_ws/install/microxrcedds_client/lib:/home/robot/app/robot_ws/install/microcdr/lib:/home/robot/app/robot_ws/install/micro_ros_utilities/lib:/home/robot/app/robot_ws/install/micro_ros_msgs/lib:/home/robot/app/robot_ws/install/lifecycle_msgs/lib:/home/robot/app/robot_ws/install/complex_msgs/lib:/home/robot/app/robot_ws/install/my_custom_message/lib:/opt/ros/humble/opt/rviz_ogre_vendor/lib:/opt/ros/humble/lib/x86_64-linux-gnu:/opt/ros/humble/lib /usr/bin/cmake --build /home/robot/app/robot_ws/build/rcl_interfaces -- -j8 -l8
[5.666s] Invoking command in '/home/robot/app/robot_ws/build/rcl_interfaces': CMAKE_PREFIX_PATH=/home/robot/app/robot_ws/install/builtin_interfaces:/home/robot/app/robot_ws/install/micro_ros_demos_rclc:/home/robot/app/robot_ws/install/common_interfaces:/home/robot/app/robot_ws/install/visualization_msgs:/home/robot/app/robot_ws/install/test_msgs:/home/robot/app/robot_ws/install/example_interfaces:/home/robot/app/robot_ws/install/action_msgs:/home/robot/app/robot_ws/install/unique_identifier_msgs:/home/robot/app/robot_ws/install/trajectory_msgs:/home/robot/app/robot_ws/install/stereo_msgs:/home/robot/app/robot_ws/install/std_srvs:/home/robot/app/robot_ws/install/shape_msgs:/home/robot/app/robot_ws/install/sensor_msgs:/home/robot/app/robot_ws/install/nav_msgs:/home/robot/app/robot_ws/install/diagnostic_msgs:/home/robot/app/robot_ws/install/geometry_msgs:/home/robot/app/robot_ws/install/actionlib_msgs:/home/robot/app/robot_ws/install/std_msgs:/home/robot/app/robot_ws/install/statistics_msgs:/home/robot/app/robot_ws/install/rosidl_typesupport_microxrcedds_test_msg:/home/robot/app/robot_ws/install/rosidl_typesupport_microxrcedds_cpp_tests:/home/robot/app/robot_ws/install/rmw_microxrcedds:/home/robot/app/robot_ws/install/rosidl_typesupport_microxrcedds_cpp:/home/robot/app/robot_ws/install/rosidl_typesupport_microxrcedds_c_tests:/home/robot/app/robot_ws/install/rosidl_typesupport_microxrcedds_c:/home/robot/app/robot_ws/install/rosgraph_msgs:/home/robot/app/robot_ws/install/rclc_parameter:/home/robot/app/robot_ws/install/rclc:/home/robot/app/robot_ws/install/composition_interfaces:/home/robot/app/robot_ws/install/rcl_interfaces:/home/robot/app/robot_ws/install/microxrcedds_client:/home/robot/app/robot_ws/install/microcdr:/home/robot/app/robot_ws/install/micro_ros_utilities:/home/robot/app/robot_ws/install/micro_ros_msgs:/home/robot/app/robot_ws/install/lifecycle_msgs:/home/robot/app/robot_ws/install/complex_msgs:/home/robot/app/robot_ws/install/micro_ros_setup:/home/robot/app/robot_ws/install/my_custom_message:/home/robot/app/robot_ws/install/sensor_msgs_py:/opt/ros/humble LD_LIBRARY_PATH=/home/robot/app/robot_ws/install/builtin_interfaces/lib:/home/robot/app/robot_ws/install/visualization_msgs/lib:/home/robot/app/robot_ws/install/test_msgs/lib:/home/robot/app/robot_ws/install/example_interfaces/lib:/home/robot/app/robot_ws/install/action_msgs/lib:/home/robot/app/robot_ws/install/unique_identifier_msgs/lib:/home/robot/app/robot_ws/install/trajectory_msgs/lib:/home/robot/app/robot_ws/install/stereo_msgs/lib:/home/robot/app/robot_ws/install/std_srvs/lib:/home/robot/app/robot_ws/install/shape_msgs/lib:/home/robot/app/robot_ws/install/sensor_msgs/lib:/home/robot/app/robot_ws/install/nav_msgs/lib:/home/robot/app/robot_ws/install/diagnostic_msgs/lib:/home/robot/app/robot_ws/install/geometry_msgs/lib:/home/robot/app/robot_ws/install/actionlib_msgs/lib:/home/robot/app/robot_ws/install/std_msgs/lib:/home/robot/app/robot_ws/install/statistics_msgs/lib:/home/robot/app/robot_ws/install/rmw_microxrcedds/lib:/home/robot/app/robot_ws/install/rosidl_typesupport_microxrcedds_cpp/lib:/home/robot/app/robot_ws/install/rosidl_typesupport_microxrcedds_c/lib:/home/robot/app/robot_ws/install/rosgraph_msgs/lib:/home/robot/app/robot_ws/install/rclc_parameter/lib:/home/robot/app/robot_ws/install/rclc/lib:/home/robot/app/robot_ws/install/composition_interfaces/lib:/home/robot/app/robot_ws/install/rcl_interfaces/lib:/home/robot/app/robot_ws/install/microxrcedds_client/lib:/home/robot/app/robot_ws/install/microcdr/lib:/home/robot/app/robot_ws/install/micro_ros_utilities/lib:/home/robot/app/robot_ws/install/micro_ros_msgs/lib:/home/robot/app/robot_ws/install/lifecycle_msgs/lib:/home/robot/app/robot_ws/install/complex_msgs/lib:/home/robot/app/robot_ws/install/my_custom_message/lib:/opt/ros/humble/opt/rviz_ogre_vendor/lib:/opt/ros/humble/lib/x86_64-linux-gnu:/opt/ros/humble/lib /usr/bin/cmake --install /home/robot/app/robot_ws/build/rcl_interfaces
[5.695s] -- Install configuration: ""
[5.696s] -- Up-to-date: /home/robot/app/robot_ws/install/rcl_interfaces/share/ament_index/resource_index/rosidl_interfaces/rcl_interfaces
[5.697s] -- Up-to-date: /home/robot/app/robot_ws/install/rcl_interfaces/include/rcl_interfaces/rcl_interfaces
[5.697s] -- Up-to-date: /home/robot/app/robot_ws/install/rcl_interfaces/include/rcl_interfaces/rcl_interfaces/srv
[5.697s] -- Up-to-date: /home/robot/app/robot_ws/install/rcl_interfaces/include/rcl_interfaces/rcl_interfaces/srv/set_parameters_atomically.h
[5.698s] -- Up-to-date: /home/robot/app/robot_ws/install/rcl_interfaces/include/rcl_interfaces/rcl_interfaces/srv/detail
[5.699s] -- Up-to-date: /home/robot/app/robot_ws/install/rcl_interfaces/include/rcl_interfaces/rcl_interfaces/srv/detail/describe_parameters__struct.h
[5.699s] -- Up-to-date: /home/robot/app/robot_ws/install/rcl_interfaces/include/rcl_interfaces/rcl_interfaces/srv/detail/get_parameter_types__type_support.h
[5.700s] -- Up-to-date: /home/robot/app/robot_ws/install/rcl_interfaces/include/rcl_interfaces/rcl_interfaces/srv/detail/get_parameter_types__functions.h
[5.700s] -- Up-to-date: /home/robot/app/robot_ws/install/rcl_interfaces/include/rcl_interfaces/rcl_interfaces/srv/detail/set_parameters__functions.c
[5.700s] -- Up-to-date: /home/robot/app/robot_ws/install/rcl_interfaces/include/rcl_interfaces/rcl_interfaces/srv/detail/set_parameters_atomically__struct.h
[5.701s] -- Up-to-date: /home/robot/app/robot_ws/install/rcl_interfaces/include/rcl_interfaces/rcl_interfaces/srv/detail/list_parameters__struct.h
[5.701s] -- Up-to-date: /home/robot/app/robot_ws/install/rcl_interfaces/include/rcl_interfaces/rcl_interfaces/srv/detail/set_parameters_atomically__type_support.h
[5.704s] -- Up-to-date: /home/robot/app/robot_ws/install/rcl_interfaces/include/rcl_interfaces/rcl_interfaces/srv/detail/describe_parameters__functions.h
[5.704s] -- Up-to-date: /home/robot/app/robot_ws/install/rcl_interfaces/include/rcl_interfaces/rcl_interfaces/srv/detail/set_parameters_atomically__functions.c
[5.705s] -- Up-to-date: /home/robot/app/robot_ws/install/rcl_interfaces/include/rcl_interfaces/rcl_interfaces/srv/detail/set_parameters__type_support.h
[5.705s] -- Up-to-date: /home/robot/app/robot_ws/install/rcl_interfaces/include/rcl_interfaces/rcl_interfaces/srv/detail/describe_parameters__functions.c
[5.705s] -- Up-to-date: /home/robot/app/robot_ws/install/rcl_interfaces/include/rcl_interfaces/rcl_interfaces/srv/detail/list_parameters__type_support.h
[5.705s] -- Up-to-date: /home/robot/app/robot_ws/install/rcl_interfaces/include/rcl_interfaces/rcl_interfaces/srv/detail/get_parameters__functions.h
[5.706s] -- Up-to-date: /home/robot/app/robot_ws/install/rcl_interfaces/include/rcl_interfaces/rcl_interfaces/srv/detail/set_parameters__struct.h
[5.706s] -- Up-to-date: /home/robot/app/robot_ws/install/rcl_interfaces/include/rcl_interfaces/rcl_interfaces/srv/detail/describe_parameters__type_support.h
[5.707s] -- Up-to-date: /home/robot/app/robot_ws/install/rcl_interfaces/include/rcl_interfaces/rcl_interfaces/srv/detail/set_parameters__functions.h
[5.708s] -- Up-to-date: /home/robot/app/robot_ws/install/rcl_interfaces/include/rcl_interfaces/rcl_interfaces/srv/detail/set_parameters_atomically__functions.h
[5.708s] -- Up-to-date: /home/robot/app/robot_ws/install/rcl_interfaces/include/rcl_interfaces/rcl_interfaces/srv/detail/list_parameters__functions.c
[5.709s] -- Up-to-date: /home/robot/app/robot_ws/install/rcl_interfaces/include/rcl_interfaces/rcl_interfaces/srv/detail/get_parameters__struct.h
[5.710s] -- Up-to-date: /home/robot/app/robot_ws/install/rcl_interfaces/include/rcl_interfaces/rcl_interfaces/srv/detail/get_parameters__type_support.h
[5.710s] -- Up-to-date: /home/robot/app/robot_ws/install/rcl_interfaces/include/rcl_interfaces/rcl_interfaces/srv/detail/get_parameter_types__functions.c
[5.710s] -- Up-to-date: /home/robot/app/robot_ws/install/rcl_interfaces/include/rcl_interfaces/rcl_interfaces/srv/detail/get_parameters__functions.c
[5.710s] -- Up-to-date: /home/robot/app/robot_ws/install/rcl_interfaces/include/rcl_interfaces/rcl_interfaces/srv/detail/list_parameters__functions.h
[5.711s] -- Up-to-date: /home/robot/app/robot_ws/install/rcl_interfaces/include/rcl_interfaces/rcl_interfaces/srv/detail/get_parameter_types__struct.h
[5.711s] -- Up-to-date: /home/robot/app/robot_ws/install/rcl_interfaces/include/rcl_interfaces/rcl_interfaces/srv/list_parameters.h
[5.711s] -- Up-to-date: /home/robot/app/robot_ws/install/rcl_interfaces/include/rcl_interfaces/rcl_interfaces/srv/set_parameters.h
[5.711s] -- Up-to-date: /home/robot/app/robot_ws/install/rcl_interfaces/include/rcl_interfaces/rcl_interfaces/srv/describe_parameters.h
[5.712s] -- Up-to-date: /home/robot/app/robot_ws/install/rcl_interfaces/include/rcl_interfaces/rcl_interfaces/srv/get_parameter_types.h
[5.712s] -- Up-to-date: /home/robot/app/robot_ws/install/rcl_interfaces/include/rcl_interfaces/rcl_interfaces/srv/get_parameters.h
[5.712s] -- Up-to-date: /home/robot/app/robot_ws/install/rcl_interfaces/include/rcl_interfaces/rcl_interfaces/msg
[5.712s] -- Up-to-date: /home/robot/app/robot_ws/install/rcl_interfaces/include/rcl_interfaces/rcl_interfaces/msg/parameter.h
[5.713s] -- Up-to-date: /home/robot/app/robot_ws/install/rcl_interfaces/include/rcl_interfaces/rcl_interfaces/msg/parameter_type.h
[5.713s] -- Up-to-date: /home/robot/app/robot_ws/install/rcl_interfaces/include/rcl_interfaces/rcl_interfaces/msg/parameter_descriptor.h
[5.714s] -- Up-to-date: /home/robot/app/robot_ws/install/rcl_interfaces/include/rcl_interfaces/rcl_interfaces/msg/integer_range.h
[5.714s] -- Up-to-date: /home/robot/app/robot_ws/install/rcl_interfaces/include/rcl_interfaces/rcl_interfaces/msg/parameter_value.h
[5.715s] -- Up-to-date: /home/robot/app/robot_ws/install/rcl_interfaces/include/rcl_interfaces/rcl_interfaces/msg/log.h
[5.715s] -- Up-to-date: /home/robot/app/robot_ws/install/rcl_interfaces/include/rcl_interfaces/rcl_interfaces/msg/detail
[5.715s] -- Up-to-date: /home/robot/app/robot_ws/install/rcl_interfaces/include/rcl_interfaces/rcl_interfaces/msg/detail/parameter_type__functions.c
[5.716s] -- Up-to-date: /home/robot/app/robot_ws/install/rcl_interfaces/include/rcl_interfaces/rcl_interfaces/msg/detail/parameter_descriptor__functions.c
[5.716s] -- Up-to-date: /home/robot/app/robot_ws/install/rcl_interfaces/include/rcl_interfaces/rcl_interfaces/msg/detail/parameter_event__struct.h
[5.716s] -- Up-to-date: /home/robot/app/robot_ws/install/rcl_interfaces/include/rcl_interfaces/rcl_interfaces/msg/detail/parameter__struct.h
[5.716s] -- Up-to-date: /home/robot/app/robot_ws/install/rcl_interfaces/include/rcl_interfaces/rcl_interfaces/msg/detail/integer_range__struct.h
[5.716s] -- Up-to-date: /home/robot/app/robot_ws/install/rcl_interfaces/include/rcl_interfaces/rcl_interfaces/msg/detail/list_parameters_result__type_support.h
[5.719s] -- Up-to-date: /home/robot/app/robot_ws/install/rcl_interfaces/include/rcl_interfaces/rcl_interfaces/msg/detail/log__struct.h
[5.720s] -- Up-to-date: /home/robot/app/robot_ws/install/rcl_interfaces/include/rcl_interfaces/rcl_interfaces/msg/detail/parameter_value__struct.h
[5.720s] -- Up-to-date: /home/robot/app/robot_ws/install/rcl_interfaces/include/rcl_interfaces/rcl_interfaces/msg/detail/set_parameters_result__functions.h
[5.721s] -- Up-to-date: /home/robot/app/robot_ws/install/rcl_interfaces/include/rcl_interfaces/rcl_interfaces/msg/detail/parameter_event_descriptors__type_support.h
[5.721s] -- Up-to-date: /home/robot/app/robot_ws/install/rcl_interfaces/include/rcl_interfaces/rcl_interfaces/msg/detail/parameter_event__type_support.h
[5.721s] -- Up-to-date: /home/robot/app/robot_ws/install/rcl_interfaces/include/rcl_interfaces/rcl_interfaces/msg/detail/integer_range__type_support.h
[5.721s] -- Up-to-date: /home/robot/app/robot_ws/install/rcl_interfaces/include/rcl_interfaces/rcl_interfaces/msg/detail/parameter_type__type_support.h
[5.722s] -- Up-to-date: /home/robot/app/robot_ws/install/rcl_interfaces/include/rcl_interfaces/rcl_interfaces/msg/detail/parameter_descriptor__struct.h
[5.722s] -- Up-to-date: /home/robot/app/robot_ws/install/rcl_interfaces/include/rcl_interfaces/rcl_interfaces/msg/detail/log__functions.h
[5.722s] -- Up-to-date: /home/robot/app/robot_ws/install/rcl_interfaces/include/rcl_interfaces/rcl_interfaces/msg/detail/integer_range__functions.c
[5.722s] -- Up-to-date: /home/robot/app/robot_ws/install/rcl_interfaces/include/rcl_interfaces/rcl_interfaces/msg/detail/parameter__functions.c
[5.722s] -- Up-to-date: /home/robot/app/robot_ws/install/rcl_interfaces/include/rcl_interfaces/rcl_interfaces/msg/detail/log__functions.c
[5.723s] -- Up-to-date: /home/robot/app/robot_ws/install/rcl_interfaces/include/rcl_interfaces/rcl_interfaces/msg/detail/parameter_event_descriptors__functions.c
[5.723s] -- Up-to-date: /home/robot/app/robot_ws/install/rcl_interfaces/include/rcl_interfaces/rcl_interfaces/msg/detail/list_parameters_result__functions.h
[5.723s] -- Up-to-date: /home/robot/app/robot_ws/install/rcl_interfaces/include/rcl_interfaces/rcl_interfaces/msg/detail/floating_point_range__struct.h
[5.723s] -- Up-to-date: /home/robot/app/robot_ws/install/rcl_interfaces/include/rcl_interfaces/rcl_interfaces/msg/detail/set_parameters_result__type_support.h
[5.723s] -- Up-to-date: /home/robot/app/robot_ws/install/rcl_interfaces/include/rcl_interfaces/rcl_interfaces/msg/detail/list_parameters_result__struct.h
[5.724s] -- Up-to-date: /home/robot/app/robot_ws/install/rcl_interfaces/include/rcl_interfaces/rcl_interfaces/msg/detail/set_parameters_result__functions.c
[5.724s] -- Up-to-date: /home/robot/app/robot_ws/install/rcl_interfaces/include/rcl_interfaces/rcl_interfaces/msg/detail/floating_point_range__functions.h
[5.725s] -- Up-to-date: /home/robot/app/robot_ws/install/rcl_interfaces/include/rcl_interfaces/rcl_interfaces/msg/detail/list_parameters_result__functions.c
[5.725s] -- Up-to-date: /home/robot/app/robot_ws/install/rcl_interfaces/include/rcl_interfaces/rcl_interfaces/msg/detail/parameter_event_descriptors__struct.h
[5.725s] -- Up-to-date: /home/robot/app/robot_ws/install/rcl_interfaces/include/rcl_interfaces/rcl_interfaces/msg/detail/parameter_descriptor__functions.h
[5.726s] -- Up-to-date: /home/robot/app/robot_ws/install/rcl_interfaces/include/rcl_interfaces/rcl_interfaces/msg/detail/parameter_event_descriptors__functions.h
[5.726s] -- Up-to-date: /home/robot/app/robot_ws/install/rcl_interfaces/include/rcl_interfaces/rcl_interfaces/msg/detail/parameter_event__functions.c
[5.727s] -- Up-to-date: /home/robot/app/robot_ws/install/rcl_interfaces/include/rcl_interfaces/rcl_interfaces/msg/detail/parameter_value__functions.h
[5.727s] -- Up-to-date: /home/robot/app/robot_ws/install/rcl_interfaces/include/rcl_interfaces/rcl_interfaces/msg/detail/integer_range__functions.h
[5.727s] -- Up-to-date: /home/robot/app/robot_ws/install/rcl_interfaces/include/rcl_interfaces/rcl_interfaces/msg/detail/parameter__type_support.h
[5.728s] -- Up-to-date: /home/robot/app/robot_ws/install/rcl_interfaces/include/rcl_interfaces/rcl_interfaces/msg/detail/log__type_support.h
[5.728s] -- Up-to-date: /home/robot/app/robot_ws/install/rcl_interfaces/include/rcl_interfaces/rcl_interfaces/msg/detail/floating_point_range__type_support.h
[5.728s] -- Up-to-date: /home/robot/app/robot_ws/install/rcl_interfaces/include/rcl_interfaces/rcl_interfaces/msg/detail/parameter_descriptor__type_support.h
[5.728s] -- Up-to-date: /home/robot/app/robot_ws/install/rcl_interfaces/include/rcl_interfaces/rcl_interfaces/msg/detail/set_parameters_result__struct.h
[5.729s] -- Up-to-date: /home/robot/app/robot_ws/install/rcl_interfaces/include/rcl_interfaces/rcl_interfaces/msg/detail/parameter__functions.h
[5.729s] -- Up-to-date: /home/robot/app/robot_ws/install/rcl_interfaces/include/rcl_interfaces/rcl_interfaces/msg/detail/parameter_type__functions.h
[5.729s] -- Up-to-date: /home/robot/app/robot_ws/install/rcl_interfaces/include/rcl_interfaces/rcl_interfaces/msg/detail/parameter_event__functions.h
[5.730s] -- Up-to-date: /home/robot/app/robot_ws/install/rcl_interfaces/include/rcl_interfaces/rcl_interfaces/msg/detail/parameter_value__type_support.h
[5.731s] -- Up-to-date: /home/robot/app/robot_ws/install/rcl_interfaces/include/rcl_interfaces/rcl_interfaces/msg/detail/parameter_value__functions.c
[5.731s] -- Up-to-date: /home/robot/app/robot_ws/install/rcl_interfaces/include/rcl_interfaces/rcl_interfaces/msg/detail/floating_point_range__functions.c
[5.732s] -- Up-to-date: /home/robot/app/robot_ws/install/rcl_interfaces/include/rcl_interfaces/rcl_interfaces/msg/detail/parameter_type__struct.h
[5.732s] -- Up-to-date: /home/robot/app/robot_ws/install/rcl_interfaces/include/rcl_interfaces/rcl_interfaces/msg/parameter_event_descriptors.h
[5.732s] -- Up-to-date: /home/robot/app/robot_ws/install/rcl_interfaces/include/rcl_interfaces/rcl_interfaces/msg/set_parameters_result.h
[5.732s] -- Up-to-date: /home/robot/app/robot_ws/install/rcl_interfaces/include/rcl_interfaces/rcl_interfaces/msg/floating_point_range.h
[5.732s] -- Up-to-date: /home/robot/app/robot_ws/install/rcl_interfaces/include/rcl_interfaces/rcl_interfaces/msg/parameter_event.h
[5.733s] -- Up-to-date: /home/robot/app/robot_ws/install/rcl_interfaces/include/rcl_interfaces/rcl_interfaces/msg/list_parameters_result.h
[5.733s] -- Up-to-date: /home/robot/app/robot_ws/install/rcl_interfaces/include/rcl_interfaces/rcl_interfaces/msg/rosidl_generator_c__visibility_control.h
[5.733s] -- Up-to-date: /home/robot/app/robot_ws/install/rcl_interfaces/share/rcl_interfaces/environment/library_path.sh
[5.733s] -- Up-to-date: /home/robot/app/robot_ws/install/rcl_interfaces/share/rcl_interfaces/environment/library_path.dsv
[5.734s] -- Up-to-date: /home/robot/app/robot_ws/install/rcl_interfaces/lib/librcl_interfaces__rosidl_generator_c.so
[5.734s] -- Up-to-date: /home/robot/app/robot_ws/install/rcl_interfaces/include/rcl_interfaces
[5.734s] -- Up-to-date: /home/robot/app/robot_ws/install/rcl_interfaces/include/rcl_interfaces/srv
[5.734s] -- Up-to-date: /home/robot/app/robot_ws/install/rcl_interfaces/include/rcl_interfaces/srv/detail
[5.735s] -- Up-to-date: /home/robot/app/robot_ws/install/rcl_interfaces/include/rcl_interfaces/srv/detail/get_parameter_types__rosidl_typesupport_microxrcedds_c.h
[5.735s] -- Up-to-date: /home/robot/app/robot_ws/install/rcl_interfaces/include/rcl_interfaces/srv/detail/describe_parameters__rosidl_typesupport_microxrcedds_c.h
[5.735s] -- Up-to-date: /home/robot/app/robot_ws/install/rcl_interfaces/include/rcl_interfaces/srv/detail/list_parameters__rosidl_typesupport_microxrcedds_c.h
[5.735s] -- Up-to-date: /home/robot/app/robot_ws/install/rcl_interfaces/include/rcl_interfaces/srv/detail/get_parameters__rosidl_typesupport_microxrcedds_c.h
[5.736s] -- Up-to-date: /home/robot/app/robot_ws/install/rcl_interfaces/include/rcl_interfaces/srv/detail/set_parameters_atomically__rosidl_typesupport_microxrcedds_c.h
[5.736s] -- Up-to-date: /home/robot/app/robot_ws/install/rcl_interfaces/include/rcl_interfaces/srv/detail/microxrcedds
[5.736s] -- Up-to-date: /home/robot/app/robot_ws/install/rcl_interfaces/include/rcl_interfaces/srv/detail/set_parameters__rosidl_typesupport_microxrcedds_c.h
[5.737s] -- Up-to-date: /home/robot/app/robot_ws/install/rcl_interfaces/include/rcl_interfaces/msg
[5.737s] -- Up-to-date: /home/robot/app/robot_ws/install/rcl_interfaces/include/rcl_interfaces/msg/detail
[5.738s] -- Up-to-date: /home/robot/app/robot_ws/install/rcl_interfaces/include/rcl_interfaces/msg/detail/parameter_event_descriptors__rosidl_typesupport_microxrcedds_c.h
[5.738s] -- Up-to-date: /home/robot/app/robot_ws/install/rcl_interfaces/include/rcl_interfaces/msg/detail/log__rosidl_typesupport_microxrcedds_c.h
[5.738s] -- Up-to-date: /home/robot/app/robot_ws/install/rcl_interfaces/include/rcl_interfaces/msg/detail/microxrcedds
[5.738s] -- Up-to-date: /home/robot/app/robot_ws/install/rcl_interfaces/include/rcl_interfaces/msg/detail/list_parameters_result__rosidl_typesupport_microxrcedds_c.h
[5.738s] -- Up-to-date: /home/robot/app/robot_ws/install/rcl_interfaces/include/rcl_interfaces/msg/detail/integer_range__rosidl_typesupport_microxrcedds_c.h
[5.739s] -- Up-to-date: /home/robot/app/robot_ws/install/rcl_interfaces/include/rcl_interfaces/msg/detail/set_parameters_result__rosidl_typesupport_microxrcedds_c.h
[5.739s] -- Up-to-date: /home/robot/app/robot_ws/install/rcl_interfaces/include/rcl_interfaces/msg/detail/parameter_type__rosidl_typesupport_microxrcedds_c.h
[5.739s] -- Up-to-date: /home/robot/app/robot_ws/install/rcl_interfaces/include/rcl_interfaces/msg/detail/parameter_descriptor__rosidl_typesupport_microxrcedds_c.h
[5.739s] -- Up-to-date: /home/robot/app/robot_ws/install/rcl_interfaces/include/rcl_interfaces/msg/detail/parameter_value__rosidl_typesupport_microxrcedds_c.h
[5.739s] -- Up-to-date: /home/robot/app/robot_ws/install/rcl_interfaces/include/rcl_interfaces/msg/detail/parameter__rosidl_typesupport_microxrcedds_c.h
[5.740s] -- Up-to-date: /home/robot/app/robot_ws/install/rcl_interfaces/include/rcl_interfaces/msg/detail/floating_point_range__rosidl_typesupport_microxrcedds_c.h
[5.740s] -- Up-to-date: /home/robot/app/robot_ws/install/rcl_interfaces/include/rcl_interfaces/msg/detail/parameter_event__rosidl_typesupport_microxrcedds_c.h
[5.740s] -- Up-to-date: /home/robot/app/robot_ws/install/rcl_interfaces/include/rcl_interfaces/msg/rosidl_typesupport_microxrcedds_c__visibility_control.h
[5.741s] -- Up-to-date: /home/robot/app/robot_ws/install/rcl_interfaces/lib/librcl_interfaces__rosidl_typesupport_microxrcedds_c.so
[5.741s] -- Up-to-date: /home/robot/app/robot_ws/install/rcl_interfaces/include/rcl_interfaces/rcl_interfaces
[5.741s] -- Up-to-date: /home/robot/app/robot_ws/install/rcl_interfaces/include/rcl_interfaces/rcl_interfaces/srv
[5.741s] -- Up-to-date: /home/robot/app/robot_ws/install/rcl_interfaces/include/rcl_interfaces/rcl_interfaces/srv/detail
[5.742s] -- Up-to-date: /home/robot/app/robot_ws/install/rcl_interfaces/include/rcl_interfaces/rcl_interfaces/srv/detail/set_parameters__rosidl_typesupport_fastrtps_c.h
[5.742s] -- Up-to-date: /home/robot/app/robot_ws/install/rcl_interfaces/include/rcl_interfaces/rcl_interfaces/srv/detail/get_parameters__rosidl_typesupport_fastrtps_c.h
[5.742s] -- Up-to-date: /home/robot/app/robot_ws/install/rcl_interfaces/include/rcl_interfaces/rcl_interfaces/srv/detail/list_parameters__rosidl_typesupport_fastrtps_c.h
[5.742s] -- Up-to-date: /home/robot/app/robot_ws/install/rcl_interfaces/include/rcl_interfaces/rcl_interfaces/srv/detail/describe_parameters__rosidl_typesupport_fastrtps_c.h
[5.743s] -- Up-to-date: /home/robot/app/robot_ws/install/rcl_interfaces/include/rcl_interfaces/rcl_interfaces/srv/detail/set_parameters_atomically__rosidl_typesupport_fastrtps_c.h
[5.743s] -- Up-to-date: /home/robot/app/robot_ws/install/rcl_interfaces/include/rcl_interfaces/rcl_interfaces/srv/detail/get_parameter_types__rosidl_typesupport_fastrtps_c.h
[5.743s] -- Up-to-date: /home/robot/app/robot_ws/install/rcl_interfaces/include/rcl_interfaces/rcl_interfaces/msg
[5.744s] -- Up-to-date: /home/robot/app/robot_ws/install/rcl_interfaces/include/rcl_interfaces/rcl_interfaces/msg/detail
[5.744s] -- Up-to-date: /home/robot/app/robot_ws/install/rcl_interfaces/include/rcl_interfaces/rcl_interfaces/msg/detail/set_parameters_result__rosidl_typesupport_fastrtps_c.h
[5.745s] -- Up-to-date: /home/robot/app/robot_ws/install/rcl_interfaces/include/rcl_interfaces/rcl_interfaces/msg/detail/parameter__rosidl_typesupport_fastrtps_c.h
[5.745s] -- Up-to-date: /home/robot/app/robot_ws/install/rcl_interfaces/include/rcl_interfaces/rcl_interfaces/msg/detail/parameter_type__rosidl_typesupport_fastrtps_c.h
[5.746s] -- Up-to-date: /home/robot/app/robot_ws/install/rcl_interfaces/include/rcl_interfaces/rcl_interfaces/msg/detail/parameter_descriptor__rosidl_typesupport_fastrtps_c.h
[5.746s] -- Up-to-date: /home/robot/app/robot_ws/install/rcl_interfaces/include/rcl_interfaces/rcl_interfaces/msg/detail/parameter_event__rosidl_typesupport_fastrtps_c.h
[5.746s] -- Up-to-date: /home/robot/app/robot_ws/install/rcl_interfaces/include/rcl_interfaces/rcl_interfaces/msg/detail/parameter_value__rosidl_typesupport_fastrtps_c.h
[5.746s] -- Up-to-date: /home/robot/app/robot_ws/install/rcl_interfaces/include/rcl_interfaces/rcl_interfaces/msg/detail/list_parameters_result__rosidl_typesupport_fastrtps_c.h
[5.747s] -- Up-to-date: /home/robot/app/robot_ws/install/rcl_interfaces/include/rcl_interfaces/rcl_interfaces/msg/detail/parameter_event_descriptors__rosidl_typesupport_fastrtps_c.h
[5.747s] -- Up-to-date: /home/robot/app/robot_ws/install/rcl_interfaces/include/rcl_interfaces/rcl_interfaces/msg/detail/floating_point_range__rosidl_typesupport_fastrtps_c.h
[5.747s] -- Up-to-date: /home/robot/app/robot_ws/install/rcl_interfaces/include/rcl_interfaces/rcl_interfaces/msg/detail/integer_range__rosidl_typesupport_fastrtps_c.h
[5.747s] -- Up-to-date: /home/robot/app/robot_ws/install/rcl_interfaces/include/rcl_interfaces/rcl_interfaces/msg/detail/log__rosidl_typesupport_fastrtps_c.h
[5.748s] -- Up-to-date: /home/robot/app/robot_ws/install/rcl_interfaces/include/rcl_interfaces/rcl_interfaces/msg/rosidl_typesupport_fastrtps_c__visibility_control.h
[5.748s] -- Up-to-date: /home/robot/app/robot_ws/install/rcl_interfaces/lib/librcl_interfaces__rosidl_typesupport_fastrtps_c.so
[5.748s] -- Up-to-date: /home/robot/app/robot_ws/install/rcl_interfaces/include/rcl_interfaces/rcl_interfaces
[5.748s] -- Up-to-date: /home/robot/app/robot_ws/install/rcl_interfaces/include/rcl_interfaces/rcl_interfaces/srv
[5.749s] -- Up-to-date: /home/robot/app/robot_ws/install/rcl_interfaces/include/rcl_interfaces/rcl_interfaces/srv/detail
[5.749s] -- Up-to-date: /home/robot/app/robot_ws/install/rcl_interfaces/include/rcl_interfaces/rcl_interfaces/srv/detail/get_parameters__type_support.c
[5.749s] -- Up-to-date: /home/robot/app/robot_ws/install/rcl_interfaces/include/rcl_interfaces/rcl_interfaces/srv/detail/set_parameters__type_support.c
[5.749s] -- Up-to-date: /home/robot/app/robot_ws/install/rcl_interfaces/include/rcl_interfaces/rcl_interfaces/srv/detail/get_parameters__rosidl_typesupport_introspection_c.h
[5.749s] -- Up-to-date: /home/robot/app/robot_ws/install/rcl_interfaces/include/rcl_interfaces/rcl_interfaces/srv/detail/set_parameters_atomically__rosidl_typesupport_introspection_c.h
[5.750s] -- Up-to-date: /home/robot/app/robot_ws/install/rcl_interfaces/include/rcl_interfaces/rcl_interfaces/srv/detail/list_parameters__type_support.c
[5.750s] -- Up-to-date: /home/robot/app/robot_ws/install/rcl_interfaces/include/rcl_interfaces/rcl_interfaces/srv/detail/set_parameters__rosidl_typesupport_introspection_c.h
[5.750s] -- Up-to-date: /home/robot/app/robot_ws/install/rcl_interfaces/include/rcl_interfaces/rcl_interfaces/srv/detail/describe_parameters__type_support.c
[5.750s] -- Up-to-date: /home/robot/app/robot_ws/install/rcl_interfaces/include/rcl_interfaces/rcl_interfaces/srv/detail/get_parameter_types__rosidl_typesupport_introspection_c.h
[5.750s] -- Up-to-date: /home/robot/app/robot_ws/install/rcl_interfaces/include/rcl_interfaces/rcl_interfaces/srv/detail/set_parameters_atomically__type_support.c
[5.751s] -- Up-to-date: /home/robot/app/robot_ws/install/rcl_interfaces/include/rcl_interfaces/rcl_interfaces/srv/detail/describe_parameters__rosidl_typesupport_introspection_c.h
[5.751s] -- Up-to-date: /home/robot/app/robot_ws/install/rcl_interfaces/include/rcl_interfaces/rcl_interfaces/srv/detail/get_parameter_types__type_support.c
[5.751s] -- Up-to-date: /home/robot/app/robot_ws/install/rcl_interfaces/include/rcl_interfaces/rcl_interfaces/srv/detail/list_parameters__rosidl_typesupport_introspection_c.h
[5.751s] -- Up-to-date: /home/robot/app/robot_ws/install/rcl_interfaces/include/rcl_interfaces/rcl_interfaces/msg
[5.751s] -- Up-to-date: /home/robot/app/robot_ws/install/rcl_interfaces/include/rcl_interfaces/rcl_interfaces/msg/rosidl_typesupport_introspection_c__visibility_control.h
[5.751s] -- Up-to-date: /home/robot/app/robot_ws/install/rcl_interfaces/include/rcl_interfaces/rcl_interfaces/msg/detail
[5.752s] -- Up-to-date: /home/robot/app/robot_ws/install/rcl_interfaces/include/rcl_interfaces/rcl_interfaces/msg/detail/list_parameters_result__rosidl_typesupport_introspection_c.h
[5.752s] -- Up-to-date: /home/robot/app/robot_ws/install/rcl_interfaces/include/rcl_interfaces/rcl_interfaces/msg/detail/parameter_type__rosidl_typesupport_introspection_c.h
[5.752s] -- Up-to-date: /home/robot/app/robot_ws/install/rcl_interfaces/include/rcl_interfaces/rcl_interfaces/msg/detail/parameter_event_descriptors__type_support.c
[5.752s] -- Up-to-date: /home/robot/app/robot_ws/install/rcl_interfaces/include/rcl_interfaces/rcl_interfaces/msg/detail/integer_range__rosidl_typesupport_introspection_c.h
[5.752s] -- Up-to-date: /home/robot/app/robot_ws/install/rcl_interfaces/include/rcl_interfaces/rcl_interfaces/msg/detail/set_parameters_result__type_support.c
[5.753s] -- Up-to-date: /home/robot/app/robot_ws/install/rcl_interfaces/include/rcl_interfaces/rcl_interfaces/msg/detail/parameter_event__type_support.c
[5.753s] -- Up-to-date: /home/robot/app/robot_ws/install/rcl_interfaces/include/rcl_interfaces/rcl_interfaces/msg/detail/parameter_event__rosidl_typesupport_introspection_c.h
[5.753s] -- Up-to-date: /home/robot/app/robot_ws/install/rcl_interfaces/include/rcl_interfaces/rcl_interfaces/msg/detail/floating_point_range__rosidl_typesupport_introspection_c.h
[5.753s] -- Up-to-date: /home/robot/app/robot_ws/install/rcl_interfaces/include/rcl_interfaces/rcl_interfaces/msg/detail/parameter_value__rosidl_typesupport_introspection_c.h
[5.753s] -- Up-to-date: /home/robot/app/robot_ws/install/rcl_interfaces/include/rcl_interfaces/rcl_interfaces/msg/detail/log__type_support.c
[5.754s] -- Up-to-date: /home/robot/app/robot_ws/install/rcl_interfaces/include/rcl_interfaces/rcl_interfaces/msg/detail/log__rosidl_typesupport_introspection_c.h
[5.754s] -- Up-to-date: /home/robot/app/robot_ws/install/rcl_interfaces/include/rcl_interfaces/rcl_interfaces/msg/detail/list_parameters_result__type_support.c
[5.754s] -- Up-to-date: /home/robot/app/robot_ws/install/rcl_interfaces/include/rcl_interfaces/rcl_interfaces/msg/detail/parameter_type__type_support.c
[5.754s] -- Up-to-date: /home/robot/app/robot_ws/install/rcl_interfaces/include/rcl_interfaces/rcl_interfaces/msg/detail/parameter_value__type_support.c
[5.754s] -- Up-to-date: /home/robot/app/robot_ws/install/rcl_interfaces/include/rcl_interfaces/rcl_interfaces/msg/detail/parameter__rosidl_typesupport_introspection_c.h
[5.754s] -- Up-to-date: /home/robot/app/robot_ws/install/rcl_interfaces/include/rcl_interfaces/rcl_interfaces/msg/detail/parameter_descriptor__type_support.c
[5.755s] -- Up-to-date: /home/robot/app/robot_ws/install/rcl_interfaces/include/rcl_interfaces/rcl_interfaces/msg/detail/floating_point_range__type_support.c
[5.755s] -- Up-to-date: /home/robot/app/robot_ws/install/rcl_interfaces/include/rcl_interfaces/rcl_interfaces/msg/detail/parameter_event_descriptors__rosidl_typesupport_introspection_c.h
[5.755s] -- Up-to-date: /home/robot/app/robot_ws/install/rcl_interfaces/include/rcl_interfaces/rcl_interfaces/msg/detail/set_parameters_result__rosidl_typesupport_introspection_c.h
[5.755s] -- Up-to-date: /home/robot/app/robot_ws/install/rcl_interfaces/include/rcl_interfaces/rcl_interfaces/msg/detail/integer_range__type_support.c
[5.755s] -- Up-to-date: /home/robot/app/robot_ws/install/rcl_interfaces/include/rcl_interfaces/rcl_interfaces/msg/detail/parameter_descriptor__rosidl_typesupport_introspection_c.h
[5.756s] -- Up-to-date: /home/robot/app/robot_ws/install/rcl_interfaces/include/rcl_interfaces/rcl_interfaces/msg/detail/parameter__type_support.c
[5.756s] -- Up-to-date: /home/robot/app/robot_ws/install/rcl_interfaces/lib/librcl_interfaces__rosidl_typesupport_introspection_c.so
[5.756s] -- Up-to-date: /home/robot/app/robot_ws/install/rcl_interfaces/lib/librcl_interfaces__rosidl_typesupport_c.so
[5.756s] -- Up-to-date: /home/robot/app/robot_ws/install/rcl_interfaces/include/rcl_interfaces/rcl_interfaces
[5.756s] -- Up-to-date: /home/robot/app/robot_ws/install/rcl_interfaces/include/rcl_interfaces/rcl_interfaces/srv
[5.756s] -- Up-to-date: /home/robot/app/robot_ws/install/rcl_interfaces/include/rcl_interfaces/rcl_interfaces/srv/get_parameter_types.hpp
[5.757s] -- Up-to-date: /home/robot/app/robot_ws/install/rcl_interfaces/include/rcl_interfaces/rcl_interfaces/srv/get_parameters.hpp
[5.757s] -- Up-to-date: /home/robot/app/robot_ws/install/rcl_interfaces/include/rcl_interfaces/rcl_interfaces/srv/list_parameters.hpp
[5.757s] -- Up-to-date: /home/robot/app/robot_ws/install/rcl_interfaces/include/rcl_interfaces/rcl_interfaces/srv/set_parameters_atomically.hpp
[5.757s] -- Up-to-date: /home/robot/app/robot_ws/install/rcl_interfaces/include/rcl_interfaces/rcl_interfaces/srv/detail
[5.757s] -- Up-to-date: /home/robot/app/robot_ws/install/rcl_interfaces/include/rcl_interfaces/rcl_interfaces/srv/detail/get_parameters__builder.hpp
[5.758s] -- Up-to-date: /home/robot/app/robot_ws/install/rcl_interfaces/include/rcl_interfaces/rcl_interfaces/srv/detail/set_parameters_atomically__builder.hpp
[5.758s] -- Up-to-date: /home/robot/app/robot_ws/install/rcl_interfaces/include/rcl_interfaces/rcl_interfaces/srv/detail/get_parameter_types__builder.hpp
[5.758s] -- Up-to-date: /home/robot/app/robot_ws/install/rcl_interfaces/include/rcl_interfaces/rcl_interfaces/srv/detail/get_parameters__struct.hpp
[5.758s] -- Up-to-date: /home/robot/app/robot_ws/install/rcl_interfaces/include/rcl_interfaces/rcl_interfaces/srv/detail/describe_parameters__traits.hpp
[5.758s] -- Up-to-date: /home/robot/app/robot_ws/install/rcl_interfaces/include/rcl_interfaces/rcl_interfaces/srv/detail/get_parameters__traits.hpp
[5.758s] -- Up-to-date: /home/robot/app/robot_ws/install/rcl_interfaces/include/rcl_interfaces/rcl_interfaces/srv/detail/describe_parameters__struct.hpp
[5.759s] -- Up-to-date: /home/robot/app/robot_ws/install/rcl_interfaces/include/rcl_interfaces/rcl_interfaces/srv/detail/list_parameters__builder.hpp
[5.759s] -- Up-to-date: /home/robot/app/robot_ws/install/rcl_interfaces/include/rcl_interfaces/rcl_interfaces/srv/detail/set_parameters__traits.hpp
[5.759s] -- Up-to-date: /home/robot/app/robot_ws/install/rcl_interfaces/include/rcl_interfaces/rcl_interfaces/srv/detail/set_parameters__struct.hpp
[5.759s] -- Up-to-date: /home/robot/app/robot_ws/install/rcl_interfaces/include/rcl_interfaces/rcl_interfaces/srv/detail/get_parameter_types__traits.hpp
[5.760s] -- Up-to-date: /home/robot/app/robot_ws/install/rcl_interfaces/include/rcl_interfaces/rcl_interfaces/srv/detail/set_parameters__builder.hpp
[5.760s] -- Up-to-date: /home/robot/app/robot_ws/install/rcl_interfaces/include/rcl_interfaces/rcl_interfaces/srv/detail/set_parameters_atomically__struct.hpp
[5.760s] -- Up-to-date: /home/robot/app/robot_ws/install/rcl_interfaces/include/rcl_interfaces/rcl_interfaces/srv/detail/list_parameters__struct.hpp
[5.760s] -- Up-to-date: /home/robot/app/robot_ws/install/rcl_interfaces/include/rcl_interfaces/rcl_interfaces/srv/detail/get_parameter_types__struct.hpp
[5.760s] -- Up-to-date: /home/robot/app/robot_ws/install/rcl_interfaces/include/rcl_interfaces/rcl_interfaces/srv/detail/set_parameters_atomically__traits.hpp
[5.762s] -- Up-to-date: /home/robot/app/robot_ws/install/rcl_interfaces/include/rcl_interfaces/rcl_interfaces/srv/detail/describe_parameters__builder.hpp
[5.763s] -- Up-to-date: /home/robot/app/robot_ws/install/rcl_interfaces/include/rcl_interfaces/rcl_interfaces/srv/detail/list_parameters__traits.hpp
[5.763s] -- Up-to-date: /home/robot/app/robot_ws/install/rcl_interfaces/include/rcl_interfaces/rcl_interfaces/srv/set_parameters.hpp
[5.763s] -- Up-to-date: /home/robot/app/robot_ws/install/rcl_interfaces/include/rcl_interfaces/rcl_interfaces/srv/describe_parameters.hpp
[5.763s] -- Up-to-date: /home/robot/app/robot_ws/install/rcl_interfaces/include/rcl_interfaces/rcl_interfaces/msg
[5.763s] -- Up-to-date: /home/robot/app/robot_ws/install/rcl_interfaces/include/rcl_interfaces/rcl_interfaces/msg/parameter_event.hpp
[5.763s] -- Up-to-date: /home/robot/app/robot_ws/install/rcl_interfaces/include/rcl_interfaces/rcl_interfaces/msg/parameter.hpp
[5.764s] -- Up-to-date: /home/robot/app/robot_ws/install/rcl_interfaces/include/rcl_interfaces/rcl_interfaces/msg/parameter_type.hpp
[5.765s] -- Up-to-date: /home/robot/app/robot_ws/install/rcl_interfaces/include/rcl_interfaces/rcl_interfaces/msg/log.hpp
[5.765s] -- Up-to-date: /home/robot/app/robot_ws/install/rcl_interfaces/include/rcl_interfaces/rcl_interfaces/msg/parameter_event_descriptors.hpp
[5.768s] -- Up-to-date: /home/robot/app/robot_ws/install/rcl_interfaces/include/rcl_interfaces/rcl_interfaces/msg/floating_point_range.hpp
[5.769s] -- Up-to-date: /home/robot/app/robot_ws/install/rcl_interfaces/include/rcl_interfaces/rcl_interfaces/msg/parameter_value.hpp
[5.769s] -- Up-to-date: /home/robot/app/robot_ws/install/rcl_interfaces/include/rcl_interfaces/rcl_interfaces/msg/set_parameters_result.hpp
[5.769s] -- Up-to-date: /home/robot/app/robot_ws/install/rcl_interfaces/include/rcl_interfaces/rcl_interfaces/msg/detail
[5.769s] -- Up-to-date: /home/robot/app/robot_ws/install/rcl_interfaces/include/rcl_interfaces/rcl_interfaces/msg/detail/integer_range__traits.hpp
[5.770s] -- Up-to-date: /home/robot/app/robot_ws/install/rcl_interfaces/include/rcl_interfaces/rcl_interfaces/msg/detail/parameter_descriptor__builder.hpp
[5.770s] -- Up-to-date: /home/robot/app/robot_ws/install/rcl_interfaces/include/rcl_interfaces/rcl_interfaces/msg/detail/integer_range__struct.hpp
[5.770s] -- Up-to-date: /home/robot/app/robot_ws/install/rcl_interfaces/include/rcl_interfaces/rcl_interfaces/msg/detail/parameter__traits.hpp
[5.770s] -- Up-to-date: /home/robot/app/robot_ws/install/rcl_interfaces/include/rcl_interfaces/rcl_interfaces/msg/detail/parameter_event__builder.hpp
[5.770s] -- Up-to-date: /home/robot/app/robot_ws/install/rcl_interfaces/include/rcl_interfaces/rcl_interfaces/msg/detail/parameter__struct.hpp
[5.770s] -- Up-to-date: /home/robot/app/robot_ws/install/rcl_interfaces/include/rcl_interfaces/rcl_interfaces/msg/detail/parameter_value__builder.hpp
[5.771s] -- Up-to-date: /home/robot/app/robot_ws/install/rcl_interfaces/include/rcl_interfaces/rcl_interfaces/msg/detail/set_parameters_result__builder.hpp
[5.771s] -- Up-to-date: /home/robot/app/robot_ws/install/rcl_interfaces/include/rcl_interfaces/rcl_interfaces/msg/detail/floating_point_range__builder.hpp
[5.771s] -- Up-to-date: /home/robot/app/robot_ws/install/rcl_interfaces/include/rcl_interfaces/rcl_interfaces/msg/detail/set_parameters_result__struct.hpp
[5.771s] -- Up-to-date: /home/robot/app/robot_ws/install/rcl_interfaces/include/rcl_interfaces/rcl_interfaces/msg/detail/parameter_value__traits.hpp
[5.771s] -- Up-to-date: /home/robot/app/robot_ws/install/rcl_interfaces/include/rcl_interfaces/rcl_interfaces/msg/detail/floating_point_range__struct.hpp
[5.771s] -- Up-to-date: /home/robot/app/robot_ws/install/rcl_interfaces/include/rcl_interfaces/rcl_interfaces/msg/detail/parameter_event__traits.hpp
[5.772s] -- Up-to-date: /home/robot/app/robot_ws/install/rcl_interfaces/include/rcl_interfaces/rcl_interfaces/msg/detail/parameter__builder.hpp
[5.772s] -- Up-to-date: /home/robot/app/robot_ws/install/rcl_interfaces/include/rcl_interfaces/rcl_interfaces/msg/detail/parameter_descriptor__traits.hpp
[5.772s] -- Up-to-date: /home/robot/app/robot_ws/install/rcl_interfaces/include/rcl_interfaces/rcl_interfaces/msg/detail/parameter_event__struct.hpp
[5.772s] -- Up-to-date: /home/robot/app/robot_ws/install/rcl_interfaces/include/rcl_interfaces/rcl_interfaces/msg/detail/parameter_type__builder.hpp
[5.772s] -- Up-to-date: /home/robot/app/robot_ws/install/rcl_interfaces/include/rcl_interfaces/rcl_interfaces/msg/detail/list_parameters_result__struct.hpp
[5.772s] -- Up-to-date: /home/robot/app/robot_ws/install/rcl_interfaces/include/rcl_interfaces/rcl_interfaces/msg/detail/log__struct.hpp
[5.773s] -- Up-to-date: /home/robot/app/robot_ws/install/rcl_interfaces/include/rcl_interfaces/rcl_interfaces/msg/detail/integer_range__builder.hpp
[5.773s] -- Up-to-date: /home/robot/app/robot_ws/install/rcl_interfaces/include/rcl_interfaces/rcl_interfaces/msg/detail/list_parameters_result__builder.hpp
[5.773s] -- Up-to-date: /home/robot/app/robot_ws/install/rcl_interfaces/include/rcl_interfaces/rcl_interfaces/msg/detail/parameter_value__struct.hpp
[5.773s] -- Up-to-date: /home/robot/app/robot_ws/install/rcl_interfaces/include/rcl_interfaces/rcl_interfaces/msg/detail/list_parameters_result__traits.hpp
[5.773s] -- Up-to-date: /home/robot/app/robot_ws/install/rcl_interfaces/include/rcl_interfaces/rcl_interfaces/msg/detail/parameter_descriptor__struct.hpp
[5.774s] -- Up-to-date: /home/robot/app/robot_ws/install/rcl_interfaces/include/rcl_interfaces/rcl_interfaces/msg/detail/parameter_event_descriptors__struct.hpp
[5.774s] -- Up-to-date: /home/robot/app/robot_ws/install/rcl_interfaces/include/rcl_interfaces/rcl_interfaces/msg/detail/parameter_type__traits.hpp
[5.774s] -- Up-to-date: /home/robot/app/robot_ws/install/rcl_interfaces/include/rcl_interfaces/rcl_interfaces/msg/detail/log__traits.hpp
[5.775s] -- Up-to-date: /home/robot/app/robot_ws/install/rcl_interfaces/include/rcl_interfaces/rcl_interfaces/msg/detail/set_parameters_result__traits.hpp
[5.775s] -- Up-to-date: /home/robot/app/robot_ws/install/rcl_interfaces/include/rcl_interfaces/rcl_interfaces/msg/detail/parameter_type__struct.hpp
[5.775s] -- Up-to-date: /home/robot/app/robot_ws/install/rcl_interfaces/include/rcl_interfaces/rcl_interfaces/msg/detail/log__builder.hpp
[5.775s] -- Up-to-date: /home/robot/app/robot_ws/install/rcl_interfaces/include/rcl_interfaces/rcl_interfaces/msg/detail/parameter_event_descriptors__traits.hpp
[5.775s] -- Up-to-date: /home/robot/app/robot_ws/install/rcl_interfaces/include/rcl_interfaces/rcl_interfaces/msg/detail/floating_point_range__traits.hpp
[5.775s] -- Up-to-date: /home/robot/app/robot_ws/install/rcl_interfaces/include/rcl_interfaces/rcl_interfaces/msg/detail/parameter_event_descriptors__builder.hpp
[5.776s] -- Up-to-date: /home/robot/app/robot_ws/install/rcl_interfaces/include/rcl_interfaces/rcl_interfaces/msg/parameter_descriptor.hpp
[5.776s] -- Up-to-date: /home/robot/app/robot_ws/install/rcl_interfaces/include/rcl_interfaces/rcl_interfaces/msg/integer_range.hpp
[5.776s] -- Up-to-date: /home/robot/app/robot_ws/install/rcl_interfaces/include/rcl_interfaces/rcl_interfaces/msg/list_parameters_result.hpp
[5.776s] -- Up-to-date: /home/robot/app/robot_ws/install/rcl_interfaces/include/rcl_interfaces
[5.776s] -- Up-to-date: /home/robot/app/robot_ws/install/rcl_interfaces/include/rcl_interfaces/srv
[5.776s] -- Up-to-date: /home/robot/app/robot_ws/install/rcl_interfaces/include/rcl_interfaces/srv/detail
[5.776s] -- Up-to-date: /home/robot/app/robot_ws/install/rcl_interfaces/include/rcl_interfaces/srv/detail/get_parameters__rosidl_typesupport_microxrcedds_cpp.hpp
[5.777s] -- Up-to-date: /home/robot/app/robot_ws/install/rcl_interfaces/include/rcl_interfaces/srv/detail/describe_parameters__rosidl_typesupport_microxrcedds_cpp.hpp
[5.777s] -- Up-to-date: /home/robot/app/robot_ws/install/rcl_interfaces/include/rcl_interfaces/srv/detail/microxrcedds
[5.777s] -- Up-to-date: /home/robot/app/robot_ws/install/rcl_interfaces/include/rcl_interfaces/srv/detail/microxrcedds/describe_parameters__type_support_cpp.cpp
[5.777s] -- Up-to-date: /home/robot/app/robot_ws/install/rcl_interfaces/include/rcl_interfaces/srv/detail/microxrcedds/set_parameters_atomically__type_support_cpp.cpp
[5.777s] -- Up-to-date: /home/robot/app/robot_ws/install/rcl_interfaces/include/rcl_interfaces/srv/detail/microxrcedds/get_parameters__type_support_cpp.cpp
[5.778s] -- Up-to-date: /home/robot/app/robot_ws/install/rcl_interfaces/include/rcl_interfaces/srv/detail/microxrcedds/set_parameters__type_support_cpp.cpp
[5.778s] -- Up-to-date: /home/robot/app/robot_ws/install/rcl_interfaces/include/rcl_interfaces/srv/detail/microxrcedds/get_parameter_types__type_support_cpp.cpp
[5.778s] -- Up-to-date: /home/robot/app/robot_ws/install/rcl_interfaces/include/rcl_interfaces/srv/detail/microxrcedds/list_parameters__type_support_cpp.cpp
[5.778s] -- Up-to-date: /home/robot/app/robot_ws/install/rcl_interfaces/include/rcl_interfaces/srv/detail/list_parameters__rosidl_typesupport_microxrcedds_cpp.hpp
[5.778s] -- Up-to-date: /home/robot/app/robot_ws/install/rcl_interfaces/include/rcl_interfaces/srv/detail/set_parameters__rosidl_typesupport_microxrcedds_cpp.hpp
[5.779s] -- Up-to-date: /home/robot/app/robot_ws/install/rcl_interfaces/include/rcl_interfaces/srv/detail/get_parameter_types__rosidl_typesupport_microxrcedds_cpp.hpp
[5.779s] -- Up-to-date: /home/robot/app/robot_ws/install/rcl_interfaces/include/rcl_interfaces/srv/detail/set_parameters_atomically__rosidl_typesupport_microxrcedds_cpp.hpp
[5.779s] -- Up-to-date: /home/robot/app/robot_ws/install/rcl_interfaces/include/rcl_interfaces/msg
[5.779s] -- Up-to-date: /home/robot/app/robot_ws/install/rcl_interfaces/include/rcl_interfaces/msg/detail
[5.779s] -- Up-to-date: /home/robot/app/robot_ws/install/rcl_interfaces/include/rcl_interfaces/msg/detail/parameter_event_descriptors__rosidl_typesupport_microxrcedds_cpp.hpp
[5.780s] -- Up-to-date: /home/robot/app/robot_ws/install/rcl_interfaces/include/rcl_interfaces/msg/detail/parameter_descriptor__rosidl_typesupport_microxrcedds_cpp.hpp
[5.780s] -- Up-to-date: /home/robot/app/robot_ws/install/rcl_interfaces/include/rcl_interfaces/msg/detail/parameter__rosidl_typesupport_microxrcedds_cpp.hpp
[5.780s] -- Up-to-date: /home/robot/app/robot_ws/install/rcl_interfaces/include/rcl_interfaces/msg/detail/parameter_event__rosidl_typesupport_microxrcedds_cpp.hpp
[5.780s] -- Up-to-date: /home/robot/app/robot_ws/install/rcl_interfaces/include/rcl_interfaces/msg/detail/parameter_value__rosidl_typesupport_microxrcedds_cpp.hpp
[5.780s] -- Up-to-date: /home/robot/app/robot_ws/install/rcl_interfaces/include/rcl_interfaces/msg/detail/log__rosidl_typesupport_microxrcedds_cpp.hpp
[5.780s] -- Up-to-date: /home/robot/app/robot_ws/install/rcl_interfaces/include/rcl_interfaces/msg/detail/microxrcedds
[5.781s] -- Up-to-date: /home/robot/app/robot_ws/install/rcl_interfaces/include/rcl_interfaces/msg/detail/microxrcedds/parameter_type__type_support_cpp.cpp
[5.781s] -- Up-to-date: /home/robot/app/robot_ws/install/rcl_interfaces/include/rcl_interfaces/msg/detail/microxrcedds/list_parameters_result__type_support_cpp.cpp
[5.781s] -- Up-to-date: /home/robot/app/robot_ws/install/rcl_interfaces/include/rcl_interfaces/msg/detail/microxrcedds/integer_range__type_support_cpp.cpp
[5.781s] -- Up-to-date: /home/robot/app/robot_ws/install/rcl_interfaces/include/rcl_interfaces/msg/detail/microxrcedds/parameter__type_support_cpp.cpp
[5.781s] -- Up-to-date: /home/robot/app/robot_ws/install/rcl_interfaces/include/rcl_interfaces/msg/detail/microxrcedds/set_parameters_result__type_support_cpp.cpp
[5.781s] -- Up-to-date: /home/robot/app/robot_ws/install/rcl_interfaces/include/rcl_interfaces/msg/detail/microxrcedds/parameter_event__type_support_cpp.cpp
[5.782s] -- Up-to-date: /home/robot/app/robot_ws/install/rcl_interfaces/include/rcl_interfaces/msg/detail/microxrcedds/parameter_value__type_support_cpp.cpp
[5.782s] -- Up-to-date: /home/robot/app/robot_ws/install/rcl_interfaces/include/rcl_interfaces/msg/detail/microxrcedds/log__type_support_cpp.cpp
[5.782s] -- Up-to-date: /home/robot/app/robot_ws/install/rcl_interfaces/include/rcl_interfaces/msg/detail/microxrcedds/parameter_event_descriptors__type_support_cpp.cpp
[5.782s] -- Up-to-date: /home/robot/app/robot_ws/install/rcl_interfaces/include/rcl_interfaces/msg/detail/microxrcedds/parameter_descriptor__type_support_cpp.cpp
[5.782s] -- Up-to-date: /home/robot/app/robot_ws/install/rcl_interfaces/include/rcl_interfaces/msg/detail/microxrcedds/floating_point_range__type_support_cpp.cpp
[5.782s] -- Up-to-date: /home/robot/app/robot_ws/install/rcl_interfaces/include/rcl_interfaces/msg/detail/list_parameters_result__rosidl_typesupport_microxrcedds_cpp.hpp
[5.786s] -- Up-to-date: /home/robot/app/robot_ws/install/rcl_interfaces/include/rcl_interfaces/msg/detail/floating_point_range__rosidl_typesupport_microxrcedds_cpp.hpp
[5.787s] -- Up-to-date: /home/robot/app/robot_ws/install/rcl_interfaces/include/rcl_interfaces/msg/detail/parameter_type__rosidl_typesupport_microxrcedds_cpp.hpp
[5.787s] -- Up-to-date: /home/robot/app/robot_ws/install/rcl_interfaces/include/rcl_interfaces/msg/detail/integer_range__rosidl_typesupport_microxrcedds_cpp.hpp
[5.787s] -- Up-to-date: /home/robot/app/robot_ws/install/rcl_interfaces/include/rcl_interfaces/msg/detail/set_parameters_result__rosidl_typesupport_microxrcedds_cpp.hpp
[5.787s] -- Up-to-date: /home/robot/app/robot_ws/install/rcl_interfaces/include/rcl_interfaces/msg/rosidl_typesupport_microxrcedds_cpp__visibility_control.h
[5.787s] -- Up-to-date: /home/robot/app/robot_ws/install/rcl_interfaces/lib/librcl_interfaces__rosidl_typesupport_microxrcedds_cpp.so
[5.788s] -- Up-to-date: /home/robot/app/robot_ws/install/rcl_interfaces/include/rcl_interfaces/rcl_interfaces
[5.788s] -- Up-to-date: /home/robot/app/robot_ws/install/rcl_interfaces/include/rcl_interfaces/rcl_interfaces/srv
[5.788s] -- Up-to-date: /home/robot/app/robot_ws/install/rcl_interfaces/include/rcl_interfaces/rcl_interfaces/srv/detail
[5.788s] -- Up-to-date: /home/robot/app/robot_ws/install/rcl_interfaces/include/rcl_interfaces/rcl_interfaces/srv/detail/dds_fastrtps
[5.788s] -- Up-to-date: /home/robot/app/robot_ws/install/rcl_interfaces/include/rcl_interfaces/rcl_interfaces/srv/detail/get_parameter_types__rosidl_typesupport_fastrtps_cpp.hpp
[5.788s] -- Up-to-date: /home/robot/app/robot_ws/install/rcl_interfaces/include/rcl_interfaces/rcl_interfaces/srv/detail/list_parameters__rosidl_typesupport_fastrtps_cpp.hpp
[5.789s] -- Up-to-date: /home/robot/app/robot_ws/install/rcl_interfaces/include/rcl_interfaces/rcl_interfaces/srv/detail/get_parameters__rosidl_typesupport_fastrtps_cpp.hpp
[5.789s] -- Up-to-date: /home/robot/app/robot_ws/install/rcl_interfaces/include/rcl_interfaces/rcl_interfaces/srv/detail/set_parameters__rosidl_typesupport_fastrtps_cpp.hpp
[5.789s] -- Up-to-date: /home/robot/app/robot_ws/install/rcl_interfaces/include/rcl_interfaces/rcl_interfaces/srv/detail/describe_parameters__rosidl_typesupport_fastrtps_cpp.hpp
[5.789s] -- Up-to-date: /home/robot/app/robot_ws/install/rcl_interfaces/include/rcl_interfaces/rcl_interfaces/srv/detail/set_parameters_atomically__rosidl_typesupport_fastrtps_cpp.hpp
[5.791s] -- Up-to-date: /home/robot/app/robot_ws/install/rcl_interfaces/include/rcl_interfaces/rcl_interfaces/msg
[5.791s] -- Up-to-date: /home/robot/app/robot_ws/install/rcl_interfaces/include/rcl_interfaces/rcl_interfaces/msg/rosidl_typesupport_fastrtps_cpp__visibility_control.h
[5.791s] -- Up-to-date: /home/robot/app/robot_ws/install/rcl_interfaces/include/rcl_interfaces/rcl_interfaces/msg/detail
[5.791s] -- Up-to-date: /home/robot/app/robot_ws/install/rcl_interfaces/include/rcl_interfaces/rcl_interfaces/msg/detail/integer_range__rosidl_typesupport_fastrtps_cpp.hpp
[5.791s] -- Up-to-date: /home/robot/app/robot_ws/install/rcl_interfaces/include/rcl_interfaces/rcl_interfaces/msg/detail/log__rosidl_typesupport_fastrtps_cpp.hpp
[5.792s] -- Up-to-date: /home/robot/app/robot_ws/install/rcl_interfaces/include/rcl_interfaces/rcl_interfaces/msg/detail/dds_fastrtps
[5.792s] -- Up-to-date: /home/robot/app/robot_ws/install/rcl_interfaces/include/rcl_interfaces/rcl_interfaces/msg/detail/parameter_type__rosidl_typesupport_fastrtps_cpp.hpp
[5.792s] -- Up-to-date: /home/robot/app/robot_ws/install/rcl_interfaces/include/rcl_interfaces/rcl_interfaces/msg/detail/parameter_value__rosidl_typesupport_fastrtps_cpp.hpp
[5.792s] -- Up-to-date: /home/robot/app/robot_ws/install/rcl_interfaces/include/rcl_interfaces/rcl_interfaces/msg/detail/parameter_descriptor__rosidl_typesupport_fastrtps_cpp.hpp
[5.792s] -- Up-to-date: /home/robot/app/robot_ws/install/rcl_interfaces/include/rcl_interfaces/rcl_interfaces/msg/detail/parameter_event__rosidl_typesupport_fastrtps_cpp.hpp
[5.792s] -- Up-to-date: /home/robot/app/robot_ws/install/rcl_interfaces/include/rcl_interfaces/rcl_interfaces/msg/detail/parameter_event_descriptors__rosidl_typesupport_fastrtps_cpp.hpp
[5.793s] -- Up-to-date: /home/robot/app/robot_ws/install/rcl_interfaces/include/rcl_interfaces/rcl_interfaces/msg/detail/floating_point_range__rosidl_typesupport_fastrtps_cpp.hpp
[5.793s] -- Up-to-date: /home/robot/app/robot_ws/install/rcl_interfaces/include/rcl_interfaces/rcl_interfaces/msg/detail/set_parameters_result__rosidl_typesupport_fastrtps_cpp.hpp
[5.793s] -- Up-to-date: /home/robot/app/robot_ws/install/rcl_interfaces/include/rcl_interfaces/rcl_interfaces/msg/detail/parameter__rosidl_typesupport_fastrtps_cpp.hpp
[5.793s] -- Up-to-date: /home/robot/app/robot_ws/install/rcl_interfaces/include/rcl_interfaces/rcl_interfaces/msg/detail/list_parameters_result__rosidl_typesupport_fastrtps_cpp.hpp
[5.793s] -- Up-to-date: /home/robot/app/robot_ws/install/rcl_interfaces/lib/librcl_interfaces__rosidl_typesupport_fastrtps_cpp.so
[5.793s] -- Up-to-date: /home/robot/app/robot_ws/install/rcl_interfaces/include/rcl_interfaces/rcl_interfaces
[5.794s] -- Up-to-date: /home/robot/app/robot_ws/install/rcl_interfaces/include/rcl_interfaces/rcl_interfaces/srv
[5.794s] -- Up-to-date: /home/robot/app/robot_ws/install/rcl_interfaces/include/rcl_interfaces/rcl_interfaces/srv/detail
[5.794s] -- Up-to-date: /home/robot/app/robot_ws/install/rcl_interfaces/include/rcl_interfaces/rcl_interfaces/srv/detail/get_parameter_types__type_support.cpp
[5.794s] -- Up-to-date: /home/robot/app/robot_ws/install/rcl_interfaces/include/rcl_interfaces/rcl_interfaces/srv/detail/get_parameter_types__rosidl_typesupport_introspection_cpp.hpp
[5.798s] -- Up-to-date: /home/robot/app/robot_ws/install/rcl_interfaces/include/rcl_interfaces/rcl_interfaces/srv/detail/get_parameters__rosidl_typesupport_introspection_cpp.hpp
[5.799s] -- Up-to-date: /home/robot/app/robot_ws/install/rcl_interfaces/include/rcl_interfaces/rcl_interfaces/srv/detail/list_parameters__type_support.cpp
[5.799s] -- Up-to-date: /home/robot/app/robot_ws/install/rcl_interfaces/include/rcl_interfaces/rcl_interfaces/srv/detail/describe_parameters__rosidl_typesupport_introspection_cpp.hpp
[5.799s] -- Up-to-date: /home/robot/app/robot_ws/install/rcl_interfaces/include/rcl_interfaces/rcl_interfaces/srv/detail/set_parameters__rosidl_typesupport_introspection_cpp.hpp
[5.799s] -- Up-to-date: /home/robot/app/robot_ws/install/rcl_interfaces/include/rcl_interfaces/rcl_interfaces/srv/detail/set_parameters__type_support.cpp
[5.799s] -- Up-to-date: /home/robot/app/robot_ws/install/rcl_interfaces/include/rcl_interfaces/rcl_interfaces/srv/detail/set_parameters_atomically__type_support.cpp
[5.800s] -- Up-to-date: /home/robot/app/robot_ws/install/rcl_interfaces/include/rcl_interfaces/rcl_interfaces/srv/detail/set_parameters_atomically__rosidl_typesupport_introspection_cpp.hpp
[5.800s] -- Up-to-date: /home/robot/app/robot_ws/install/rcl_interfaces/include/rcl_interfaces/rcl_interfaces/srv/detail/list_parameters__rosidl_typesupport_introspection_cpp.hpp
[5.800s] -- Up-to-date: /home/robot/app/robot_ws/install/rcl_interfaces/include/rcl_interfaces/rcl_interfaces/srv/detail/describe_parameters__type_support.cpp
[5.800s] -- Up-to-date: /home/robot/app/robot_ws/install/rcl_interfaces/include/rcl_interfaces/rcl_interfaces/srv/detail/get_parameters__type_support.cpp
[5.800s] -- Up-to-date: /home/robot/app/robot_ws/install/rcl_interfaces/include/rcl_interfaces/rcl_interfaces/msg
[5.800s] -- Up-to-date: /home/robot/app/robot_ws/install/rcl_interfaces/include/rcl_interfaces/rcl_interfaces/msg/detail
[5.801s] -- Up-to-date: /home/robot/app/robot_ws/install/rcl_interfaces/include/rcl_interfaces/rcl_interfaces/msg/detail/parameter__rosidl_typesupport_introspection_cpp.hpp
[5.801s] -- Up-to-date: /home/robot/app/robot_ws/install/rcl_interfaces/include/rcl_interfaces/rcl_interfaces/msg/detail/list_parameters_result__type_support.cpp
[5.801s] -- Up-to-date: /home/robot/app/robot_ws/install/rcl_interfaces/include/rcl_interfaces/rcl_interfaces/msg/detail/parameter_event__rosidl_typesupport_introspection_cpp.hpp
[5.801s] -- Up-to-date: /home/robot/app/robot_ws/install/rcl_interfaces/include/rcl_interfaces/rcl_interfaces/msg/detail/parameter_descriptor__type_support.cpp
[5.802s] -- Up-to-date: /home/robot/app/robot_ws/install/rcl_interfaces/include/rcl_interfaces/rcl_interfaces/msg/detail/list_parameters_result__rosidl_typesupport_introspection_cpp.hpp
[5.802s] -- Up-to-date: /home/robot/app/robot_ws/install/rcl_interfaces/include/rcl_interfaces/rcl_interfaces/msg/detail/log__rosidl_typesupport_introspection_cpp.hpp
[5.802s] -- Up-to-date: /home/robot/app/robot_ws/install/rcl_interfaces/include/rcl_interfaces/rcl_interfaces/msg/detail/parameter__type_support.cpp
[5.804s] -- Up-to-date: /home/robot/app/robot_ws/install/rcl_interfaces/include/rcl_interfaces/rcl_interfaces/msg/detail/parameter_type__type_support.cpp
[5.804s] -- Up-to-date: /home/robot/app/robot_ws/install/rcl_interfaces/include/rcl_interfaces/rcl_interfaces/msg/detail/floating_point_range__rosidl_typesupport_introspection_cpp.hpp
[5.804s] -- Up-to-date: /home/robot/app/robot_ws/install/rcl_interfaces/include/rcl_interfaces/rcl_interfaces/msg/detail/parameter_event_descriptors__type_support.cpp
[5.804s] -- Up-to-date: /home/robot/app/robot_ws/install/rcl_interfaces/include/rcl_interfaces/rcl_interfaces/msg/detail/parameter_type__rosidl_typesupport_introspection_cpp.hpp
[5.804s] -- Up-to-date: /home/robot/app/robot_ws/install/rcl_interfaces/include/rcl_interfaces/rcl_interfaces/msg/detail/integer_range__type_support.cpp
[5.805s] -- Up-to-date: /home/robot/app/robot_ws/install/rcl_interfaces/include/rcl_interfaces/rcl_interfaces/msg/detail/parameter_value__type_support.cpp
[5.805s] -- Up-to-date: /home/robot/app/robot_ws/install/rcl_interfaces/include/rcl_interfaces/rcl_interfaces/msg/detail/log__type_support.cpp
[5.805s] -- Up-to-date: /home/robot/app/robot_ws/install/rcl_interfaces/include/rcl_interfaces/rcl_interfaces/msg/detail/parameter_event_descriptors__rosidl_typesupport_introspection_cpp.hpp
[5.806s] -- Up-to-date: /home/robot/app/robot_ws/install/rcl_interfaces/include/rcl_interfaces/rcl_interfaces/msg/detail/parameter_descriptor__rosidl_typesupport_introspection_cpp.hpp
[5.806s] -- Up-to-date: /home/robot/app/robot_ws/install/rcl_interfaces/include/rcl_interfaces/rcl_interfaces/msg/detail/set_parameters_result__rosidl_typesupport_introspection_cpp.hpp
[5.810s] -- Up-to-date: /home/robot/app/robot_ws/install/rcl_interfaces/include/rcl_interfaces/rcl_interfaces/msg/detail/parameter_event__type_support.cpp
[5.811s] -- Up-to-date: /home/robot/app/robot_ws/install/rcl_interfaces/include/rcl_interfaces/rcl_interfaces/msg/detail/floating_point_range__type_support.cpp
[5.811s] -- Up-to-date: /home/robot/app/robot_ws/install/rcl_interfaces/include/rcl_interfaces/rcl_interfaces/msg/detail/parameter_value__rosidl_typesupport_introspection_cpp.hpp
[5.811s] -- Up-to-date: /home/robot/app/robot_ws/install/rcl_interfaces/include/rcl_interfaces/rcl_interfaces/msg/detail/set_parameters_result__type_support.cpp
[5.811s] -- Up-to-date: /home/robot/app/robot_ws/install/rcl_interfaces/include/rcl_interfaces/rcl_interfaces/msg/detail/integer_range__rosidl_typesupport_introspection_cpp.hpp
[5.811s] -- Up-to-date: /home/robot/app/robot_ws/install/rcl_interfaces/lib/librcl_interfaces__rosidl_typesupport_introspection_cpp.so
[5.812s] -- Up-to-date: /home/robot/app/robot_ws/install/rcl_interfaces/lib/librcl_interfaces__rosidl_typesupport_cpp.so
[5.812s] -- Up-to-date: /home/robot/app/robot_ws/install/rcl_interfaces/share/rcl_interfaces/environment/pythonpath.sh
[5.812s] -- Up-to-date: /home/robot/app/robot_ws/install/rcl_interfaces/share/rcl_interfaces/environment/pythonpath.dsv
[5.812s] -- Up-to-date: /home/robot/app/robot_ws/install/rcl_interfaces/local/lib/python3.10/dist-packages/rcl_interfaces-1.2.1-py3.10.egg-info
[5.812s] -- Installing: /home/robot/app/robot_ws/install/rcl_interfaces/local/lib/python3.10/dist-packages/rcl_interfaces-1.2.1-py3.10.egg-info/dependency_links.txt
[5.812s] -- Installing: /home/robot/app/robot_ws/install/rcl_interfaces/local/lib/python3.10/dist-packages/rcl_interfaces-1.2.1-py3.10.egg-info/PKG-INFO
[5.813s] -- Installing: /home/robot/app/robot_ws/install/rcl_interfaces/local/lib/python3.10/dist-packages/rcl_interfaces-1.2.1-py3.10.egg-info/SOURCES.txt
[5.813s] -- Installing: /home/robot/app/robot_ws/install/rcl_interfaces/local/lib/python3.10/dist-packages/rcl_interfaces-1.2.1-py3.10.egg-info/top_level.txt
[5.813s] -- Up-to-date: /home/robot/app/robot_ws/install/rcl_interfaces/local/lib/python3.10/dist-packages/rcl_interfaces
[5.813s] -- Up-to-date: /home/robot/app/robot_ws/install/rcl_interfaces/local/lib/python3.10/dist-packages/rcl_interfaces/__init__.py
[5.813s] -- Up-to-date: /home/robot/app/robot_ws/install/rcl_interfaces/local/lib/python3.10/dist-packages/rcl_interfaces/rcl_interfaces_s__rosidl_typesupport_c.cpython-310-x86_64-linux-gnu.so
[5.814s] -- Up-to-date: /home/robot/app/robot_ws/install/rcl_interfaces/local/lib/python3.10/dist-packages/rcl_interfaces/_rcl_interfaces_s.ep.rosidl_typesupport_microxrcedds_c.c
[5.814s] -- Up-to-date: /home/robot/app/robot_ws/install/rcl_interfaces/local/lib/python3.10/dist-packages/rcl_interfaces/srv
[5.814s] -- Up-to-date: /home/robot/app/robot_ws/install/rcl_interfaces/local/lib/python3.10/dist-packages/rcl_interfaces/srv/__init__.py
[5.814s] -- Up-to-date: /home/robot/app/robot_ws/install/rcl_interfaces/local/lib/python3.10/dist-packages/rcl_interfaces/srv/_get_parameter_types_s.c
[5.814s] -- Up-to-date: /home/robot/app/robot_ws/install/rcl_interfaces/local/lib/python3.10/dist-packages/rcl_interfaces/srv/_set_parameters_atomically.py
[5.818s] -- Up-to-date: /home/robot/app/robot_ws/install/rcl_interfaces/local/lib/python3.10/dist-packages/rcl_interfaces/srv/_describe_parameters.py
[5.819s] -- Up-to-date: /home/robot/app/robot_ws/install/rcl_interfaces/local/lib/python3.10/dist-packages/rcl_interfaces/srv/_list_parameters.py
[5.819s] -- Up-to-date: /home/robot/app/robot_ws/install/rcl_interfaces/local/lib/python3.10/dist-packages/rcl_interfaces/srv/_set_parameters_atomically_s.c
[5.819s] -- Up-to-date: /home/robot/app/robot_ws/install/rcl_interfaces/local/lib/python3.10/dist-packages/rcl_interfaces/srv/_set_parameters_s.c
[5.819s] -- Up-to-date: /home/robot/app/robot_ws/install/rcl_interfaces/local/lib/python3.10/dist-packages/rcl_interfaces/srv/_set_parameters.py
[5.820s] -- Up-to-date: /home/robot/app/robot_ws/install/rcl_interfaces/local/lib/python3.10/dist-packages/rcl_interfaces/srv/_get_parameter_types.py
[5.820s] -- Up-to-date: /home/robot/app/robot_ws/install/rcl_interfaces/local/lib/python3.10/dist-packages/rcl_interfaces/srv/_get_parameters_s.c
[5.820s] -- Up-to-date: /home/robot/app/robot_ws/install/rcl_interfaces/local/lib/python3.10/dist-packages/rcl_interfaces/srv/_describe_parameters_s.c
[5.820s] -- Up-to-date: /home/robot/app/robot_ws/install/rcl_interfaces/local/lib/python3.10/dist-packages/rcl_interfaces/srv/_get_parameters.py
[5.820s] -- Up-to-date: /home/robot/app/robot_ws/install/rcl_interfaces/local/lib/python3.10/dist-packages/rcl_interfaces/srv/_list_parameters_s.c
[5.820s] -- Up-to-date: /home/robot/app/robot_ws/install/rcl_interfaces/local/lib/python3.10/dist-packages/rcl_interfaces/_rcl_interfaces_s.ep.rosidl_typesupport_c.c
[5.821s] -- Up-to-date: /home/robot/app/robot_ws/install/rcl_interfaces/local/lib/python3.10/dist-packages/rcl_interfaces/rcl_interfaces_s__rosidl_typesupport_introspection_c.cpython-310-x86_64-linux-gnu.so
[5.821s] -- Up-to-date: /home/robot/app/robot_ws/install/rcl_interfaces/local/lib/python3.10/dist-packages/rcl_interfaces/rcl_interfaces_s__rosidl_typesupport_fastrtps_c.cpython-310-x86_64-linux-gnu.so
[5.821s] -- Up-to-date: /home/robot/app/robot_ws/install/rcl_interfaces/local/lib/python3.10/dist-packages/rcl_interfaces/_rcl_interfaces_s.ep.rosidl_typesupport_introspection_c.c
[5.821s] -- Up-to-date: /home/robot/app/robot_ws/install/rcl_interfaces/local/lib/python3.10/dist-packages/rcl_interfaces/librcl_interfaces__rosidl_generator_py.so
[5.824s] -- Up-to-date: /home/robot/app/robot_ws/install/rcl_interfaces/local/lib/python3.10/dist-packages/rcl_interfaces/rcl_interfaces_s__rosidl_typesupport_microxrcedds_c.cpython-310-x86_64-linux-gnu.so
[5.824s] -- Up-to-date: /home/robot/app/robot_ws/install/rcl_interfaces/local/lib/python3.10/dist-packages/rcl_interfaces/msg
[5.824s] -- Up-to-date: /home/robot/app/robot_ws/install/rcl_interfaces/local/lib/python3.10/dist-packages/rcl_interfaces/msg/__init__.py
[5.824s] -- Up-to-date: /home/robot/app/robot_ws/install/rcl_interfaces/local/lib/python3.10/dist-packages/rcl_interfaces/msg/_parameter_event_s.c
[5.826s] -- Up-to-date: /home/robot/app/robot_ws/install/rcl_interfaces/local/lib/python3.10/dist-packages/rcl_interfaces/msg/_set_parameters_result_s.c
[5.826s] -- Up-to-date: /home/robot/app/robot_ws/install/rcl_interfaces/local/lib/python3.10/dist-packages/rcl_interfaces/msg/_integer_range.py
[5.826s] -- Up-to-date: /home/robot/app/robot_ws/install/rcl_interfaces/local/lib/python3.10/dist-packages/rcl_interfaces/msg/_set_parameters_result.py
[5.826s] -- Up-to-date: /home/robot/app/robot_ws/install/rcl_interfaces/local/lib/python3.10/dist-packages/rcl_interfaces/msg/_parameter_descriptor.py
[5.827s] -- Up-to-date: /home/robot/app/robot_ws/install/rcl_interfaces/local/lib/python3.10/dist-packages/rcl_interfaces/msg/_list_parameters_result.py
[5.827s] -- Up-to-date: /home/robot/app/robot_ws/install/rcl_interfaces/local/lib/python3.10/dist-packages/rcl_interfaces/msg/_parameter_s.c
[5.827s] -- Up-to-date: /home/robot/app/robot_ws/install/rcl_interfaces/local/lib/python3.10/dist-packages/rcl_interfaces/msg/_integer_range_s.c
[5.827s] -- Up-to-date: /home/robot/app/robot_ws/install/rcl_interfaces/local/lib/python3.10/dist-packages/rcl_interfaces/msg/_floating_point_range_s.c
[5.827s] -- Up-to-date: /home/robot/app/robot_ws/install/rcl_interfaces/local/lib/python3.10/dist-packages/rcl_interfaces/msg/_parameter_value.py
[5.827s] -- Up-to-date: /home/robot/app/robot_ws/install/rcl_interfaces/local/lib/python3.10/dist-packages/rcl_interfaces/msg/_floating_point_range.py
[5.828s] -- Up-to-date: /home/robot/app/robot_ws/install/rcl_interfaces/local/lib/python3.10/dist-packages/rcl_interfaces/msg/_log.py
[5.828s] -- Up-to-date: /home/robot/app/robot_ws/install/rcl_interfaces/local/lib/python3.10/dist-packages/rcl_interfaces/msg/_parameter.py
[5.828s] -- Up-to-date: /home/robot/app/robot_ws/install/rcl_interfaces/local/lib/python3.10/dist-packages/rcl_interfaces/msg/_parameter_event_descriptors.py
[5.828s] -- Up-to-date: /home/robot/app/robot_ws/install/rcl_interfaces/local/lib/python3.10/dist-packages/rcl_interfaces/msg/_log_s.c
[5.829s] -- Up-to-date: /home/robot/app/robot_ws/install/rcl_interfaces/local/lib/python3.10/dist-packages/rcl_interfaces/msg/_parameter_event_descriptors_s.c
[5.829s] -- Up-to-date: /home/robot/app/robot_ws/install/rcl_interfaces/local/lib/python3.10/dist-packages/rcl_interfaces/msg/_parameter_event.py
[5.830s] -- Up-to-date: /home/robot/app/robot_ws/install/rcl_interfaces/local/lib/python3.10/dist-packages/rcl_interfaces/msg/_list_parameters_result_s.c
[5.830s] -- Up-to-date: /home/robot/app/robot_ws/install/rcl_interfaces/local/lib/python3.10/dist-packages/rcl_interfaces/msg/_parameter_type_s.c
[5.830s] -- Up-to-date: /home/robot/app/robot_ws/install/rcl_interfaces/local/lib/python3.10/dist-packages/rcl_interfaces/msg/_parameter_value_s.c
[5.830s] -- Up-to-date: /home/robot/app/robot_ws/install/rcl_interfaces/local/lib/python3.10/dist-packages/rcl_interfaces/msg/_parameter_type.py
[5.830s] -- Up-to-date: /home/robot/app/robot_ws/install/rcl_interfaces/local/lib/python3.10/dist-packages/rcl_interfaces/msg/_parameter_descriptor_s.c
[5.831s] -- Up-to-date: /home/robot/app/robot_ws/install/rcl_interfaces/local/lib/python3.10/dist-packages/rcl_interfaces/_rcl_interfaces_s.ep.rosidl_typesupport_fastrtps_c.c
[5.983s] Listing '/home/robot/app/robot_ws/install/rcl_interfaces/local/lib/python3.10/dist-packages/rcl_interfaces'...
[5.983s] Listing '/home/robot/app/robot_ws/install/rcl_interfaces/local/lib/python3.10/dist-packages/rcl_interfaces/msg'...
[5.984s] Listing '/home/robot/app/robot_ws/install/rcl_interfaces/local/lib/python3.10/dist-packages/rcl_interfaces/srv'...
[5.996s] -- Up-to-date: /home/robot/app/robot_ws/install/rcl_interfaces/local/lib/python3.10/dist-packages/rcl_interfaces/rcl_interfaces_s__rosidl_typesupport_microxrcedds_c.cpython-310-x86_64-linux-gnu.so
[5.996s] -- Up-to-date: /home/robot/app/robot_ws/install/rcl_interfaces/local/lib/python3.10/dist-packages/rcl_interfaces/rcl_interfaces_s__rosidl_typesupport_fastrtps_c.cpython-310-x86_64-linux-gnu.so
[5.996s] -- Up-to-date: /home/robot/app/robot_ws/install/rcl_interfaces/local/lib/python3.10/dist-packages/rcl_interfaces/rcl_interfaces_s__rosidl_typesupport_introspection_c.cpython-310-x86_64-linux-gnu.so
[5.997s] -- Up-to-date: /home/robot/app/robot_ws/install/rcl_interfaces/local/lib/python3.10/dist-packages/rcl_interfaces/rcl_interfaces_s__rosidl_typesupport_c.cpython-310-x86_64-linux-gnu.so
[5.998s] -- Up-to-date: /home/robot/app/robot_ws/install/rcl_interfaces/lib/librcl_interfaces__rosidl_generator_py.so
[5.999s] -- Up-to-date: /home/robot/app/robot_ws/install/rcl_interfaces/share/rcl_interfaces/msg/FloatingPointRange.idl
[5.999s] -- Up-to-date: /home/robot/app/robot_ws/install/rcl_interfaces/share/rcl_interfaces/msg/IntegerRange.idl
[5.999s] -- Up-to-date: /home/robot/app/robot_ws/install/rcl_interfaces/share/rcl_interfaces/msg/ListParametersResult.idl
[6.000s] -- Up-to-date: /home/robot/app/robot_ws/install/rcl_interfaces/share/rcl_interfaces/msg/Log.idl
[6.003s] -- Up-to-date: /home/robot/app/robot_ws/install/rcl_interfaces/share/rcl_interfaces/msg/ParameterDescriptor.idl
[6.004s] -- Up-to-date: /home/robot/app/robot_ws/install/rcl_interfaces/share/rcl_interfaces/msg/ParameterEventDescriptors.idl
[6.004s] -- Up-to-date: /home/robot/app/robot_ws/install/rcl_interfaces/share/rcl_interfaces/msg/ParameterEvent.idl
[6.005s] -- Up-to-date: /home/robot/app/robot_ws/install/rcl_interfaces/share/rcl_interfaces/msg/Parameter.idl
[6.006s] -- Up-to-date: /home/robot/app/robot_ws/install/rcl_interfaces/share/rcl_interfaces/msg/ParameterType.idl
[6.007s] -- Up-to-date: /home/robot/app/robot_ws/install/rcl_interfaces/share/rcl_interfaces/msg/ParameterValue.idl
[6.009s] -- Up-to-date: /home/robot/app/robot_ws/install/rcl_interfaces/share/rcl_interfaces/msg/SetParametersResult.idl
[6.013s] -- Up-to-date: /home/robot/app/robot_ws/install/rcl_interfaces/share/rcl_interfaces/srv/DescribeParameters.idl
[6.013s] -- Up-to-date: /home/robot/app/robot_ws/install/rcl_interfaces/share/rcl_interfaces/srv/GetParameters.idl
[6.013s] -- Up-to-date: /home/robot/app/robot_ws/install/rcl_interfaces/share/rcl_interfaces/srv/GetParameterTypes.idl
[6.014s] -- Up-to-date: /home/robot/app/robot_ws/install/rcl_interfaces/share/rcl_interfaces/srv/ListParameters.idl
[6.014s] -- Up-to-date: /home/robot/app/robot_ws/install/rcl_interfaces/share/rcl_interfaces/srv/SetParametersAtomically.idl
[6.014s] -- Up-to-date: /home/robot/app/robot_ws/install/rcl_interfaces/share/rcl_interfaces/srv/SetParameters.idl
[6.014s] -- Up-to-date: /home/robot/app/robot_ws/install/rcl_interfaces/share/rcl_interfaces/msg/FloatingPointRange.msg
[6.014s] -- Up-to-date: /home/robot/app/robot_ws/install/rcl_interfaces/share/rcl_interfaces/msg/IntegerRange.msg
[6.014s] -- Up-to-date: /home/robot/app/robot_ws/install/rcl_interfaces/share/rcl_interfaces/msg/ListParametersResult.msg
[6.015s] -- Up-to-date: /home/robot/app/robot_ws/install/rcl_interfaces/share/rcl_interfaces/msg/Log.msg
[6.016s] -- Up-to-date: /home/robot/app/robot_ws/install/rcl_interfaces/share/rcl_interfaces/msg/ParameterDescriptor.msg
[6.016s] -- Up-to-date: /home/robot/app/robot_ws/install/rcl_interfaces/share/rcl_interfaces/msg/ParameterEventDescriptors.msg
[6.017s] -- Up-to-date: /home/robot/app/robot_ws/install/rcl_interfaces/share/rcl_interfaces/msg/ParameterEvent.msg
[6.017s] -- Up-to-date: /home/robot/app/robot_ws/install/rcl_interfaces/share/rcl_interfaces/msg/Parameter.msg
[6.017s] -- Up-to-date: /home/robot/app/robot_ws/install/rcl_interfaces/share/rcl_interfaces/msg/ParameterType.msg
[6.017s] -- Up-to-date: /home/robot/app/robot_ws/install/rcl_interfaces/share/rcl_interfaces/msg/ParameterValue.msg
[6.018s] -- Up-to-date: /home/robot/app/robot_ws/install/rcl_interfaces/share/rcl_interfaces/msg/SetParametersResult.msg
[6.018s] -- Up-to-date: /home/robot/app/robot_ws/install/rcl_interfaces/share/rcl_interfaces/srv/DescribeParameters.srv
[6.018s] -- Up-to-date: /home/robot/app/robot_ws/install/rcl_interfaces/share/rcl_interfaces/srv/DescribeParameters_Request.msg
[6.019s] -- Up-to-date: /home/robot/app/robot_ws/install/rcl_interfaces/share/rcl_interfaces/srv/DescribeParameters_Response.msg
[6.019s] -- Up-to-date: /home/robot/app/robot_ws/install/rcl_interfaces/share/rcl_interfaces/srv/GetParameters.srv
[6.019s] -- Up-to-date: /home/robot/app/robot_ws/install/rcl_interfaces/share/rcl_interfaces/srv/GetParameters_Request.msg
[6.020s] -- Up-to-date: /home/robot/app/robot_ws/install/rcl_interfaces/share/rcl_interfaces/srv/GetParameters_Response.msg
[6.020s] -- Up-to-date: /home/robot/app/robot_ws/install/rcl_interfaces/share/rcl_interfaces/srv/GetParameterTypes.srv
[6.020s] -- Up-to-date: /home/robot/app/robot_ws/install/rcl_interfaces/share/rcl_interfaces/srv/GetParameterTypes_Request.msg
[6.020s] -- Up-to-date: /home/robot/app/robot_ws/install/rcl_interfaces/share/rcl_interfaces/srv/GetParameterTypes_Response.msg
[6.020s] -- Up-to-date: /home/robot/app/robot_ws/install/rcl_interfaces/share/rcl_interfaces/srv/ListParameters.srv
[6.021s] -- Up-to-date: /home/robot/app/robot_ws/install/rcl_interfaces/share/rcl_interfaces/srv/ListParameters_Request.msg
[6.021s] -- Up-to-date: /home/robot/app/robot_ws/install/rcl_interfaces/share/rcl_interfaces/srv/ListParameters_Response.msg
[6.021s] -- Up-to-date: /home/robot/app/robot_ws/install/rcl_interfaces/share/rcl_interfaces/srv/SetParametersAtomically.srv
[6.021s] -- Up-to-date: /home/robot/app/robot_ws/install/rcl_interfaces/share/rcl_interfaces/srv/SetParametersAtomically_Request.msg
[6.021s] -- Up-to-date: /home/robot/app/robot_ws/install/rcl_interfaces/share/rcl_interfaces/srv/SetParametersAtomically_Response.msg
[6.021s] -- Up-to-date: /home/robot/app/robot_ws/install/rcl_interfaces/share/rcl_interfaces/srv/SetParameters.srv
[6.022s] -- Up-to-date: /home/robot/app/robot_ws/install/rcl_interfaces/share/rcl_interfaces/srv/SetParameters_Request.msg
[6.022s] -- Up-to-date: /home/robot/app/robot_ws/install/rcl_interfaces/share/rcl_interfaces/srv/SetParameters_Response.msg
[6.022s] -- Up-to-date: /home/robot/app/robot_ws/install/rcl_interfaces/share/rcl_interfaces/mapping_rules.yaml
[6.023s] -- Up-to-date: /home/robot/app/robot_ws/install/rcl_interfaces/share/ament_index/resource_index/package_run_dependencies/rcl_interfaces
[6.023s] -- Up-to-date: /home/robot/app/robot_ws/install/rcl_interfaces/share/ament_index/resource_index/parent_prefix_path/rcl_interfaces
[6.023s] -- Up-to-date: /home/robot/app/robot_ws/install/rcl_interfaces/share/rcl_interfaces/environment/ament_prefix_path.sh
[6.023s] -- Up-to-date: /home/robot/app/robot_ws/install/rcl_interfaces/share/rcl_interfaces/environment/ament_prefix_path.dsv
[6.026s] -- Up-to-date: /home/robot/app/robot_ws/install/rcl_interfaces/share/rcl_interfaces/environment/path.sh
[6.026s] -- Up-to-date: /home/robot/app/robot_ws/install/rcl_interfaces/share/rcl_interfaces/environment/path.dsv
[6.026s] -- Up-to-date: /home/robot/app/robot_ws/install/rcl_interfaces/share/rcl_interfaces/local_setup.bash
[6.030s] -- Up-to-date: /home/robot/app/robot_ws/install/rcl_interfaces/share/rcl_interfaces/local_setup.sh
[6.031s] -- Up-to-date: /home/robot/app/robot_ws/install/rcl_interfaces/share/rcl_interfaces/local_setup.zsh
[6.032s] -- Up-to-date: /home/robot/app/robot_ws/install/rcl_interfaces/share/rcl_interfaces/local_setup.dsv
[6.032s] -- Installing: /home/robot/app/robot_ws/install/rcl_interfaces/share/rcl_interfaces/package.dsv
[6.033s] -- Up-to-date: /home/robot/app/robot_ws/install/rcl_interfaces/share/ament_index/resource_index/packages/rcl_interfaces
[6.033s] -- Up-to-date: /home/robot/app/robot_ws/install/rcl_interfaces/share/rcl_interfaces/cmake/export_rcl_interfaces__rosidl_generator_cExport.cmake
[6.036s] -- Up-to-date: /home/robot/app/robot_ws/install/rcl_interfaces/share/rcl_interfaces/cmake/export_rcl_interfaces__rosidl_generator_cExport-noconfig.cmake
[6.037s] -- Up-to-date: /home/robot/app/robot_ws/install/rcl_interfaces/share/rcl_interfaces/cmake/export_rcl_interfaces__rosidl_typesupport_fastrtps_cExport.cmake
[6.037s] -- Up-to-date: /home/robot/app/robot_ws/install/rcl_interfaces/share/rcl_interfaces/cmake/export_rcl_interfaces__rosidl_typesupport_fastrtps_cExport-noconfig.cmake
[6.037s] -- Up-to-date: /home/robot/app/robot_ws/install/rcl_interfaces/share/rcl_interfaces/cmake/rcl_interfaces__rosidl_typesupport_introspection_cExport.cmake
[6.037s] -- Up-to-date: /home/robot/app/robot_ws/install/rcl_interfaces/share/rcl_interfaces/cmake/rcl_interfaces__rosidl_typesupport_introspection_cExport-noconfig.cmake
[6.038s] -- Up-to-date: /home/robot/app/robot_ws/install/rcl_interfaces/share/rcl_interfaces/cmake/rcl_interfaces__rosidl_typesupport_cExport.cmake
[6.038s] -- Up-to-date: /home/robot/app/robot_ws/install/rcl_interfaces/share/rcl_interfaces/cmake/rcl_interfaces__rosidl_typesupport_cExport-noconfig.cmake
[6.038s] -- Up-to-date: /home/robot/app/robot_ws/install/rcl_interfaces/share/rcl_interfaces/cmake/export_rcl_interfaces__rosidl_generator_cppExport.cmake
[6.038s] -- Up-to-date: /home/robot/app/robot_ws/install/rcl_interfaces/share/rcl_interfaces/cmake/export_rcl_interfaces__rosidl_typesupport_fastrtps_cppExport.cmake
[6.038s] -- Up-to-date: /home/robot/app/robot_ws/install/rcl_interfaces/share/rcl_interfaces/cmake/export_rcl_interfaces__rosidl_typesupport_fastrtps_cppExport-noconfig.cmake
[6.039s] -- Up-to-date: /home/robot/app/robot_ws/install/rcl_interfaces/share/rcl_interfaces/cmake/rcl_interfaces__rosidl_typesupport_introspection_cppExport.cmake
[6.039s] -- Up-to-date: /home/robot/app/robot_ws/install/rcl_interfaces/share/rcl_interfaces/cmake/rcl_interfaces__rosidl_typesupport_introspection_cppExport-noconfig.cmake
[6.039s] -- Up-to-date: /home/robot/app/robot_ws/install/rcl_interfaces/share/rcl_interfaces/cmake/rcl_interfaces__rosidl_typesupport_cppExport.cmake
[6.039s] -- Up-to-date: /home/robot/app/robot_ws/install/rcl_interfaces/share/rcl_interfaces/cmake/rcl_interfaces__rosidl_typesupport_cppExport-noconfig.cmake
[6.039s] -- Up-to-date: /home/robot/app/robot_ws/install/rcl_interfaces/share/rcl_interfaces/cmake/export_rcl_interfaces__rosidl_generator_pyExport.cmake
[6.039s] -- Up-to-date: /home/robot/app/robot_ws/install/rcl_interfaces/share/rcl_interfaces/cmake/export_rcl_interfaces__rosidl_generator_pyExport-noconfig.cmake
[6.040s] -- Up-to-date: /home/robot/app/robot_ws/install/rcl_interfaces/share/rcl_interfaces/cmake/rosidl_cmake-extras.cmake
[6.040s] -- Up-to-date: /home/robot/app/robot_ws/install/rcl_interfaces/share/rcl_interfaces/cmake/ament_cmake_export_dependencies-extras.cmake
[6.040s] -- Up-to-date: /home/robot/app/robot_ws/install/rcl_interfaces/share/rcl_interfaces/cmake/ament_cmake_export_include_directories-extras.cmake
[6.040s] -- Up-to-date: /home/robot/app/robot_ws/install/rcl_interfaces/share/rcl_interfaces/cmake/ament_cmake_export_libraries-extras.cmake
[6.042s] -- Up-to-date: /home/robot/app/robot_ws/install/rcl_interfaces/share/rcl_interfaces/cmake/ament_cmake_export_targets-extras.cmake
[6.042s] -- Up-to-date: /home/robot/app/robot_ws/install/rcl_interfaces/share/rcl_interfaces/cmake/rosidl_cmake_export_typesupport_targets-extras.cmake
[6.042s] -- Up-to-date: /home/robot/app/robot_ws/install/rcl_interfaces/share/rcl_interfaces/cmake/rosidl_cmake_export_typesupport_libraries-extras.cmake
[6.042s] -- Up-to-date: /home/robot/app/robot_ws/install/rcl_interfaces/share/rcl_interfaces/cmake/rcl_interfacesConfig.cmake
[6.042s] -- Up-to-date: /home/robot/app/robot_ws/install/rcl_interfaces/share/rcl_interfaces/cmake/rcl_interfacesConfig-version.cmake
[6.043s] -- Up-to-date: /home/robot/app/robot_ws/install/rcl_interfaces/share/rcl_interfaces/package.xml
[6.043s] Invoked command in '/home/robot/app/robot_ws/build/rcl_interfaces' returned '0': CMAKE_PREFIX_PATH=/home/robot/app/robot_ws/install/builtin_interfaces:/home/robot/app/robot_ws/install/micro_ros_demos_rclc:/home/robot/app/robot_ws/install/common_interfaces:/home/robot/app/robot_ws/install/visualization_msgs:/home/robot/app/robot_ws/install/test_msgs:/home/robot/app/robot_ws/install/example_interfaces:/home/robot/app/robot_ws/install/action_msgs:/home/robot/app/robot_ws/install/unique_identifier_msgs:/home/robot/app/robot_ws/install/trajectory_msgs:/home/robot/app/robot_ws/install/stereo_msgs:/home/robot/app/robot_ws/install/std_srvs:/home/robot/app/robot_ws/install/shape_msgs:/home/robot/app/robot_ws/install/sensor_msgs:/home/robot/app/robot_ws/install/nav_msgs:/home/robot/app/robot_ws/install/diagnostic_msgs:/home/robot/app/robot_ws/install/geometry_msgs:/home/robot/app/robot_ws/install/actionlib_msgs:/home/robot/app/robot_ws/install/std_msgs:/home/robot/app/robot_ws/install/statistics_msgs:/home/robot/app/robot_ws/install/rosidl_typesupport_microxrcedds_test_msg:/home/robot/app/robot_ws/install/rosidl_typesupport_microxrcedds_cpp_tests:/home/robot/app/robot_ws/install/rmw_microxrcedds:/home/robot/app/robot_ws/install/rosidl_typesupport_microxrcedds_cpp:/home/robot/app/robot_ws/install/rosidl_typesupport_microxrcedds_c_tests:/home/robot/app/robot_ws/install/rosidl_typesupport_microxrcedds_c:/home/robot/app/robot_ws/install/rosgraph_msgs:/home/robot/app/robot_ws/install/rclc_parameter:/home/robot/app/robot_ws/install/rclc:/home/robot/app/robot_ws/install/composition_interfaces:/home/robot/app/robot_ws/install/rcl_interfaces:/home/robot/app/robot_ws/install/microxrcedds_client:/home/robot/app/robot_ws/install/microcdr:/home/robot/app/robot_ws/install/micro_ros_utilities:/home/robot/app/robot_ws/install/micro_ros_msgs:/home/robot/app/robot_ws/install/lifecycle_msgs:/home/robot/app/robot_ws/install/complex_msgs:/home/robot/app/robot_ws/install/micro_ros_setup:/home/robot/app/robot_ws/install/my_custom_message:/home/robot/app/robot_ws/install/sensor_msgs_py:/opt/ros/humble LD_LIBRARY_PATH=/home/robot/app/robot_ws/install/builtin_interfaces/lib:/home/robot/app/robot_ws/install/visualization_msgs/lib:/home/robot/app/robot_ws/install/test_msgs/lib:/home/robot/app/robot_ws/install/example_interfaces/lib:/home/robot/app/robot_ws/install/action_msgs/lib:/home/robot/app/robot_ws/install/unique_identifier_msgs/lib:/home/robot/app/robot_ws/install/trajectory_msgs/lib:/home/robot/app/robot_ws/install/stereo_msgs/lib:/home/robot/app/robot_ws/install/std_srvs/lib:/home/robot/app/robot_ws/install/shape_msgs/lib:/home/robot/app/robot_ws/install/sensor_msgs/lib:/home/robot/app/robot_ws/install/nav_msgs/lib:/home/robot/app/robot_ws/install/diagnostic_msgs/lib:/home/robot/app/robot_ws/install/geometry_msgs/lib:/home/robot/app/robot_ws/install/actionlib_msgs/lib:/home/robot/app/robot_ws/install/std_msgs/lib:/home/robot/app/robot_ws/install/statistics_msgs/lib:/home/robot/app/robot_ws/install/rmw_microxrcedds/lib:/home/robot/app/robot_ws/install/rosidl_typesupport_microxrcedds_cpp/lib:/home/robot/app/robot_ws/install/rosidl_typesupport_microxrcedds_c/lib:/home/robot/app/robot_ws/install/rosgraph_msgs/lib:/home/robot/app/robot_ws/install/rclc_parameter/lib:/home/robot/app/robot_ws/install/rclc/lib:/home/robot/app/robot_ws/install/composition_interfaces/lib:/home/robot/app/robot_ws/install/rcl_interfaces/lib:/home/robot/app/robot_ws/install/microxrcedds_client/lib:/home/robot/app/robot_ws/install/microcdr/lib:/home/robot/app/robot_ws/install/micro_ros_utilities/lib:/home/robot/app/robot_ws/install/micro_ros_msgs/lib:/home/robot/app/robot_ws/install/lifecycle_msgs/lib:/home/robot/app/robot_ws/install/complex_msgs/lib:/home/robot/app/robot_ws/install/my_custom_message/lib:/opt/ros/humble/opt/rviz_ogre_vendor/lib:/opt/ros/humble/lib/x86_64-linux-gnu:/opt/ros/humble/lib /usr/bin/cmake --install /home/robot/app/robot_ws/build/rcl_interfaces
