[0.093s] Invoking command in '/home/robot/app/robot_ws/build/unique_identifier_msgs': CMAKE_PREFIX_PATH=${CMAKE_PREFIX_PATH}:/home/robot/app/robot_ws/install/sensor_msgs_py:/opt/ros/humble /usr/bin/cmake /home/robot/app/robot_ws/src/ros2/unique_identifier_msgs -DBUILD_TESTING=OFF -DBUILD_SHARED_LIBS=ON -DCMAKE_INSTALL_PREFIX=/home/robot/app/robot_ws/install/unique_identifier_msgs
[0.136s] -- Found ament_cmake: 1.3.10 (/opt/ros/humble/share/ament_cmake/cmake)
[0.802s] -- Found rosidl_default_generators: 1.2.0 (/opt/ros/humble/share/rosidl_default_generators/cmake)
[0.822s] -- Using all available rosidl_typesupport_c: rosidl_typesupport_microxrcedds_c;rosidl_typesupport_fastrtps_c;rosidl_typesupport_introspection_c
[0.831s] -- Found rosidl_adapter: 3.1.5 (/opt/ros/humble/share/rosidl_adapter/cmake)
[0.955s] -- Using all available rosidl_typesupport_cpp: rosidl_typesupport_microxrcedds_cpp;rosidl_typesupport_fastrtps_cpp;rosidl_typesupport_introspection_cpp
[2.110s] -- Found ament_cmake_ros: 0.10.0 (/opt/ros/humble/share/ament_cmake_ros/cmake)
[3.089s] -- Using all available rosidl_typesupport_c: rosidl_typesupport_microxrcedds_c;rosidl_typesupport_fastrtps_c;rosidl_typesupport_introspection_c
[4.975s] -- Using all available rosidl_typesupport_cpp: rosidl_typesupport_microxrcedds_cpp;rosidl_typesupport_fastrtps_cpp;rosidl_typesupport_introspection_cpp
[5.090s] -- Found python_cmake_module: 0.10.0 (/opt/ros/humble/share/python_cmake_module/cmake)
[5.224s] -- Using PYTHON_EXECUTABLE: /usr/bin/python3
[5.224s] -- Using PYTHON_INCLUDE_DIRS: /usr/include/python3.10
[5.225s] -- Using PYTHON_LIBRARIES: /usr/lib/x86_64-linux-gnu/libpython3.10.so
[5.397s] -- Configuring done
[5.644s] -- Generating done
[5.668s] -- Build files have been written to: /home/robot/app/robot_ws/build/unique_identifier_msgs
[5.704s] Invoked command in '/home/robot/app/robot_ws/build/unique_identifier_msgs' returned '0': CMAKE_PREFIX_PATH=${CMAKE_PREFIX_PATH}:/home/robot/app/robot_ws/install/sensor_msgs_py:/opt/ros/humble /usr/bin/cmake /home/robot/app/robot_ws/src/ros2/unique_identifier_msgs -DBUILD_TESTING=OFF -DBUILD_SHARED_LIBS=ON -DCMAKE_INSTALL_PREFIX=/home/robot/app/robot_ws/install/unique_identifier_msgs
[5.705s] Invoking command in '/home/robot/app/robot_ws/build/unique_identifier_msgs': CMAKE_PREFIX_PATH=${CMAKE_PREFIX_PATH}:/home/robot/app/robot_ws/install/sensor_msgs_py:/opt/ros/humble /usr/bin/cmake --build /home/robot/app/robot_ws/build/unique_identifier_msgs -- -j8 -l8
[5.920s] [35m[1mConsolidate compiler generated dependencies of target unique_identifier_msgs__rosidl_generator_c[0m
[6.006s] [  7%] Built target unique_identifier_msgs__rosidl_generator_c
[6.097s] [ 10%] Built target unique_identifier_msgs__cpp
[6.097s] [ 12%] [34m[1mGenerating C type support for eProsima Micro XRCE-DDS[0m
[6.121s] [35m[1mConsolidate compiler generated dependencies of target unique_identifier_msgs__rosidl_typesupport_introspection_c[0m
[6.151s] [35m[1mConsolidate compiler generated dependencies of target unique_identifier_msgs__rosidl_typesupport_fastrtps_c[0m
[6.169s] [ 15%] [34m[1mGenerating C type support dispatch for ROS interfaces[0m
[6.242s] [35m[1mConsolidate compiler generated dependencies of target unique_identifier_msgs__rosidl_typesupport_fastrtps_cpp[0m
[6.261s] [ 15%] Built target ament_cmake_python_copy_unique_identifier_msgs
[6.290s] [ 17%] [34m[1mGenerating C++ type support dispatch for ROS interfaces[0m
[6.292s] [35m[1mConsolidate compiler generated dependencies of target unique_identifier_msgs__rosidl_typesupport_introspection_cpp[0m
[6.293s] [ 25%] Built target unique_identifier_msgs__rosidl_typesupport_introspection_c
[6.359s] [ 33%] Built target unique_identifier_msgs__rosidl_typesupport_fastrtps_c
[6.450s] [ 35%] [34m[1mGenerating C++ type support for eProsima Micro XRCE-DDS[0m
[6.472s] [ 43%] Built target unique_identifier_msgs__rosidl_typesupport_introspection_cpp
[6.509s] [ 51%] Built target unique_identifier_msgs__rosidl_typesupport_fastrtps_cpp
[7.830s] [35m[1mConsolidate compiler generated dependencies of target unique_identifier_msgs__rosidl_typesupport_cpp[0m
[8.107s] [ 53%] [32mBuilding CXX object CMakeFiles/unique_identifier_msgs__rosidl_typesupport_cpp.dir/rosidl_typesupport_cpp/unique_identifier_msgs/msg/uuid__type_support.cpp.o[0m
[9.461s] [35m[1mConsolidate compiler generated dependencies of target unique_identifier_msgs__rosidl_typesupport_microxrcedds_cpp[0m
[9.589s] [ 56%] [32mBuilding CXX object CMakeFiles/unique_identifier_msgs__rosidl_typesupport_microxrcedds_cpp.dir/rosidl_typesupport_microxrcedds_cpp/unique_identifier_msgs/msg/detail/microxrcedds/uuid__type_support_cpp.cpp.o[0m
[10.171s] running egg_info
[10.175s] writing unique_identifier_msgs.egg-info/PKG-INFO
[10.175s] writing dependency_links to unique_identifier_msgs.egg-info/dependency_links.txt
[10.175s] writing top-level names to unique_identifier_msgs.egg-info/top_level.txt
[10.190s] reading manifest file 'unique_identifier_msgs.egg-info/SOURCES.txt'
[10.191s] writing manifest file 'unique_identifier_msgs.egg-info/SOURCES.txt'
[10.360s] [ 56%] Built target ament_cmake_python_build_unique_identifier_msgs_egg
[10.832s] [35m[1mConsolidate compiler generated dependencies of target unique_identifier_msgs__rosidl_typesupport_c[0m
[10.956s] [ 58%] [32mBuilding CXX object CMakeFiles/unique_identifier_msgs__rosidl_typesupport_c.dir/rosidl_typesupport_c/unique_identifier_msgs/msg/uuid__type_support.cpp.o[0m
[11.120s] [ 61%] [32m[1mLinking CXX shared library libunique_identifier_msgs__rosidl_typesupport_c.so[0m
[11.727s] [ 61%] Built target unique_identifier_msgs__rosidl_typesupport_c
[11.879s] [35m[1mConsolidate compiler generated dependencies of target unique_identifier_msgs__rosidl_typesupport_microxrcedds_c[0m
[12.134s] [ 64%] [32mBuilding C object CMakeFiles/unique_identifier_msgs__rosidl_typesupport_microxrcedds_c.dir/rosidl_typesupport_microxrcedds_c/unique_identifier_msgs/msg/detail/microxrcedds/uuid__type_support_c.c.o[0m
[12.687s] [ 66%] [32m[1mLinking C shared library libunique_identifier_msgs__rosidl_typesupport_microxrcedds_c.so[0m
[12.718s] [ 69%] [32m[1mLinking CXX shared library libunique_identifier_msgs__rosidl_typesupport_cpp.so[0m
[13.151s] [ 69%] Built target unique_identifier_msgs__rosidl_typesupport_microxrcedds_c
[13.318s] [ 69%] Built target unique_identifier_msgs__rosidl_typesupport_cpp
[14.284s] [ 71%] [32m[1mLinking CXX shared library libunique_identifier_msgs__rosidl_typesupport_microxrcedds_cpp.so[0m
[14.637s] [ 71%] Built target unique_identifier_msgs__rosidl_typesupport_microxrcedds_cpp
[14.784s] [ 71%] Built target unique_identifier_msgs
[14.947s] [ 74%] Built target unique_identifier_msgs__py
[15.054s] [35m[1mConsolidate compiler generated dependencies of target unique_identifier_msgs__rosidl_generator_py[0m
[15.154s] [ 76%] [32m[1mLinking C shared library rosidl_generator_py/unique_identifier_msgs/libunique_identifier_msgs__rosidl_generator_py.so[0m
[15.439s] [ 79%] Built target unique_identifier_msgs__rosidl_generator_py
[15.520s] [35m[1mConsolidate compiler generated dependencies of target unique_identifier_msgs__rosidl_typesupport_introspection_c__pyext[0m
[15.532s] [35m[1mConsolidate compiler generated dependencies of target unique_identifier_msgs__rosidl_typesupport_fastrtps_c__pyext[0m
[15.534s] [35m[1mConsolidate compiler generated dependencies of target unique_identifier_msgs__rosidl_typesupport_microxrcedds_c__pyext[0m
[15.535s] [35m[1mConsolidate compiler generated dependencies of target unique_identifier_msgs__rosidl_typesupport_c__pyext[0m
[15.607s] [ 82%] [32m[1mLinking C shared library rosidl_generator_py/unique_identifier_msgs/unique_identifier_msgs_s__rosidl_typesupport_microxrcedds_c.cpython-310-x86_64-linux-gnu.so[0m
[15.634s] [ 84%] [32m[1mLinking C shared library rosidl_generator_py/unique_identifier_msgs/unique_identifier_msgs_s__rosidl_typesupport_fastrtps_c.cpython-310-x86_64-linux-gnu.so[0m
[15.683s] [ 87%] [32m[1mLinking C shared library rosidl_generator_py/unique_identifier_msgs/unique_identifier_msgs_s__rosidl_typesupport_c.cpython-310-x86_64-linux-gnu.so[0m
[15.683s] [ 89%] [32m[1mLinking C shared library rosidl_generator_py/unique_identifier_msgs/unique_identifier_msgs_s__rosidl_typesupport_introspection_c.cpython-310-x86_64-linux-gnu.so[0m
[15.865s] [ 92%] Built target unique_identifier_msgs__rosidl_typesupport_microxrcedds_c__pyext
[15.886s] [ 94%] Built target unique_identifier_msgs__rosidl_typesupport_fastrtps_c__pyext
[15.917s] [ 97%] Built target unique_identifier_msgs__rosidl_typesupport_introspection_c__pyext
[15.925s] [100%] Built target unique_identifier_msgs__rosidl_typesupport_c__pyext
[15.981s] Invoked command in '/home/robot/app/robot_ws/build/unique_identifier_msgs' returned '0': CMAKE_PREFIX_PATH=${CMAKE_PREFIX_PATH}:/home/robot/app/robot_ws/install/sensor_msgs_py:/opt/ros/humble /usr/bin/cmake --build /home/robot/app/robot_ws/build/unique_identifier_msgs -- -j8 -l8
[16.703s] Invoking command in '/home/robot/app/robot_ws/build/unique_identifier_msgs': CMAKE_PREFIX_PATH=${CMAKE_PREFIX_PATH}:/home/robot/app/robot_ws/install/sensor_msgs_py:/opt/ros/humble /usr/bin/cmake --install /home/robot/app/robot_ws/build/unique_identifier_msgs
[16.735s] -- Install configuration: ""
[16.735s] -- Up-to-date: /home/robot/app/robot_ws/install/unique_identifier_msgs/share/ament_index/resource_index/rosidl_interfaces/unique_identifier_msgs
[16.736s] -- Up-to-date: /home/robot/app/robot_ws/install/unique_identifier_msgs/include/unique_identifier_msgs/unique_identifier_msgs
[16.736s] -- Up-to-date: /home/robot/app/robot_ws/install/unique_identifier_msgs/include/unique_identifier_msgs/unique_identifier_msgs/msg
[16.737s] -- Up-to-date: /home/robot/app/robot_ws/install/unique_identifier_msgs/include/unique_identifier_msgs/unique_identifier_msgs/msg/uuid.h
[16.737s] -- Up-to-date: /home/robot/app/robot_ws/install/unique_identifier_msgs/include/unique_identifier_msgs/unique_identifier_msgs/msg/detail
[16.737s] -- Up-to-date: /home/robot/app/robot_ws/install/unique_identifier_msgs/include/unique_identifier_msgs/unique_identifier_msgs/msg/detail/uuid__struct.h
[16.739s] -- Up-to-date: /home/robot/app/robot_ws/install/unique_identifier_msgs/include/unique_identifier_msgs/unique_identifier_msgs/msg/detail/uuid__functions.c
[16.739s] -- Up-to-date: /home/robot/app/robot_ws/install/unique_identifier_msgs/include/unique_identifier_msgs/unique_identifier_msgs/msg/detail/uuid__type_support.h
[16.739s] -- Up-to-date: /home/robot/app/robot_ws/install/unique_identifier_msgs/include/unique_identifier_msgs/unique_identifier_msgs/msg/detail/uuid__functions.h
[16.740s] -- Up-to-date: /home/robot/app/robot_ws/install/unique_identifier_msgs/include/unique_identifier_msgs/unique_identifier_msgs/msg/rosidl_generator_c__visibility_control.h
[16.740s] -- Up-to-date: /home/robot/app/robot_ws/install/unique_identifier_msgs/share/unique_identifier_msgs/environment/library_path.sh
[16.740s] -- Installing: /home/robot/app/robot_ws/install/unique_identifier_msgs/share/unique_identifier_msgs/environment/library_path.dsv
[16.740s] -- Up-to-date: /home/robot/app/robot_ws/install/unique_identifier_msgs/lib/libunique_identifier_msgs__rosidl_generator_c.so
[16.744s] -- Up-to-date: /home/robot/app/robot_ws/install/unique_identifier_msgs/include/unique_identifier_msgs
[16.744s] -- Up-to-date: /home/robot/app/robot_ws/install/unique_identifier_msgs/include/unique_identifier_msgs/msg
[16.744s] -- Up-to-date: /home/robot/app/robot_ws/install/unique_identifier_msgs/include/unique_identifier_msgs/msg/detail
[16.744s] -- Up-to-date: /home/robot/app/robot_ws/install/unique_identifier_msgs/include/unique_identifier_msgs/msg/detail/microxrcedds
[16.745s] -- Installing: /home/robot/app/robot_ws/install/unique_identifier_msgs/include/unique_identifier_msgs/msg/detail/uuid__rosidl_typesupport_microxrcedds_c.h
[16.745s] -- Up-to-date: /home/robot/app/robot_ws/install/unique_identifier_msgs/include/unique_identifier_msgs/msg/rosidl_typesupport_microxrcedds_c__visibility_control.h
[16.745s] -- Installing: /home/robot/app/robot_ws/install/unique_identifier_msgs/lib/libunique_identifier_msgs__rosidl_typesupport_microxrcedds_c.so
[16.747s] -- Set runtime path of "/home/robot/app/robot_ws/install/unique_identifier_msgs/lib/libunique_identifier_msgs__rosidl_typesupport_microxrcedds_c.so" to ""
[16.747s] -- Up-to-date: /home/robot/app/robot_ws/install/unique_identifier_msgs/include/unique_identifier_msgs/unique_identifier_msgs
[16.747s] -- Up-to-date: /home/robot/app/robot_ws/install/unique_identifier_msgs/include/unique_identifier_msgs/unique_identifier_msgs/msg
[16.748s] -- Up-to-date: /home/robot/app/robot_ws/install/unique_identifier_msgs/include/unique_identifier_msgs/unique_identifier_msgs/msg/detail
[16.748s] -- Up-to-date: /home/robot/app/robot_ws/install/unique_identifier_msgs/include/unique_identifier_msgs/unique_identifier_msgs/msg/detail/uuid__rosidl_typesupport_fastrtps_c.h
[16.748s] -- Up-to-date: /home/robot/app/robot_ws/install/unique_identifier_msgs/include/unique_identifier_msgs/unique_identifier_msgs/msg/rosidl_typesupport_fastrtps_c__visibility_control.h
[16.748s] -- Up-to-date: /home/robot/app/robot_ws/install/unique_identifier_msgs/lib/libunique_identifier_msgs__rosidl_typesupport_fastrtps_c.so
[16.752s] -- Up-to-date: /home/robot/app/robot_ws/install/unique_identifier_msgs/include/unique_identifier_msgs/unique_identifier_msgs
[16.752s] -- Up-to-date: /home/robot/app/robot_ws/install/unique_identifier_msgs/include/unique_identifier_msgs/unique_identifier_msgs/msg
[16.752s] -- Up-to-date: /home/robot/app/robot_ws/install/unique_identifier_msgs/include/unique_identifier_msgs/unique_identifier_msgs/msg/rosidl_typesupport_introspection_c__visibility_control.h
[16.752s] -- Up-to-date: /home/robot/app/robot_ws/install/unique_identifier_msgs/include/unique_identifier_msgs/unique_identifier_msgs/msg/detail
[16.753s] -- Up-to-date: /home/robot/app/robot_ws/install/unique_identifier_msgs/include/unique_identifier_msgs/unique_identifier_msgs/msg/detail/uuid__rosidl_typesupport_introspection_c.h
[16.753s] -- Up-to-date: /home/robot/app/robot_ws/install/unique_identifier_msgs/include/unique_identifier_msgs/unique_identifier_msgs/msg/detail/uuid__type_support.c
[16.753s] -- Up-to-date: /home/robot/app/robot_ws/install/unique_identifier_msgs/lib/libunique_identifier_msgs__rosidl_typesupport_introspection_c.so
[16.754s] -- Installing: /home/robot/app/robot_ws/install/unique_identifier_msgs/lib/libunique_identifier_msgs__rosidl_typesupport_c.so
[16.754s] -- Set runtime path of "/home/robot/app/robot_ws/install/unique_identifier_msgs/lib/libunique_identifier_msgs__rosidl_typesupport_c.so" to ""
[16.754s] -- Up-to-date: /home/robot/app/robot_ws/install/unique_identifier_msgs/include/unique_identifier_msgs/unique_identifier_msgs
[16.755s] -- Up-to-date: /home/robot/app/robot_ws/install/unique_identifier_msgs/include/unique_identifier_msgs/unique_identifier_msgs/msg
[16.756s] -- Up-to-date: /home/robot/app/robot_ws/install/unique_identifier_msgs/include/unique_identifier_msgs/unique_identifier_msgs/msg/detail
[16.756s] -- Up-to-date: /home/robot/app/robot_ws/install/unique_identifier_msgs/include/unique_identifier_msgs/unique_identifier_msgs/msg/detail/uuid__builder.hpp
[16.757s] -- Up-to-date: /home/robot/app/robot_ws/install/unique_identifier_msgs/include/unique_identifier_msgs/unique_identifier_msgs/msg/detail/uuid__traits.hpp
[16.757s] -- Up-to-date: /home/robot/app/robot_ws/install/unique_identifier_msgs/include/unique_identifier_msgs/unique_identifier_msgs/msg/detail/uuid__struct.hpp
[16.757s] -- Up-to-date: /home/robot/app/robot_ws/install/unique_identifier_msgs/include/unique_identifier_msgs/unique_identifier_msgs/msg/uuid.hpp
[16.757s] -- Up-to-date: /home/robot/app/robot_ws/install/unique_identifier_msgs/include/unique_identifier_msgs
[16.758s] -- Up-to-date: /home/robot/app/robot_ws/install/unique_identifier_msgs/include/unique_identifier_msgs/msg
[16.759s] -- Up-to-date: /home/robot/app/robot_ws/install/unique_identifier_msgs/include/unique_identifier_msgs/msg/detail
[16.760s] -- Up-to-date: /home/robot/app/robot_ws/install/unique_identifier_msgs/include/unique_identifier_msgs/msg/detail/microxrcedds
[16.760s] -- Installing: /home/robot/app/robot_ws/install/unique_identifier_msgs/include/unique_identifier_msgs/msg/detail/microxrcedds/uuid__type_support_cpp.cpp
[16.761s] -- Installing: /home/robot/app/robot_ws/install/unique_identifier_msgs/include/unique_identifier_msgs/msg/detail/uuid__rosidl_typesupport_microxrcedds_cpp.hpp
[16.761s] -- Up-to-date: /home/robot/app/robot_ws/install/unique_identifier_msgs/include/unique_identifier_msgs/msg/rosidl_typesupport_microxrcedds_cpp__visibility_control.h
[16.761s] -- Installing: /home/robot/app/robot_ws/install/unique_identifier_msgs/lib/libunique_identifier_msgs__rosidl_typesupport_microxrcedds_cpp.so
[16.761s] -- Set runtime path of "/home/robot/app/robot_ws/install/unique_identifier_msgs/lib/libunique_identifier_msgs__rosidl_typesupport_microxrcedds_cpp.so" to ""
[16.761s] -- Up-to-date: /home/robot/app/robot_ws/install/unique_identifier_msgs/include/unique_identifier_msgs/unique_identifier_msgs
[16.762s] -- Up-to-date: /home/robot/app/robot_ws/install/unique_identifier_msgs/include/unique_identifier_msgs/unique_identifier_msgs/msg
[16.762s] -- Up-to-date: /home/robot/app/robot_ws/install/unique_identifier_msgs/include/unique_identifier_msgs/unique_identifier_msgs/msg/rosidl_typesupport_fastrtps_cpp__visibility_control.h
[16.762s] -- Up-to-date: /home/robot/app/robot_ws/install/unique_identifier_msgs/include/unique_identifier_msgs/unique_identifier_msgs/msg/detail
[16.762s] -- Up-to-date: /home/robot/app/robot_ws/install/unique_identifier_msgs/include/unique_identifier_msgs/unique_identifier_msgs/msg/detail/uuid__rosidl_typesupport_fastrtps_cpp.hpp
[16.762s] -- Up-to-date: /home/robot/app/robot_ws/install/unique_identifier_msgs/include/unique_identifier_msgs/unique_identifier_msgs/msg/detail/dds_fastrtps
[16.763s] -- Up-to-date: /home/robot/app/robot_ws/install/unique_identifier_msgs/lib/libunique_identifier_msgs__rosidl_typesupport_fastrtps_cpp.so
[16.763s] -- Up-to-date: /home/robot/app/robot_ws/install/unique_identifier_msgs/include/unique_identifier_msgs/unique_identifier_msgs
[16.763s] -- Up-to-date: /home/robot/app/robot_ws/install/unique_identifier_msgs/include/unique_identifier_msgs/unique_identifier_msgs/msg
[16.763s] -- Up-to-date: /home/robot/app/robot_ws/install/unique_identifier_msgs/include/unique_identifier_msgs/unique_identifier_msgs/msg/detail
[16.763s] -- Up-to-date: /home/robot/app/robot_ws/install/unique_identifier_msgs/include/unique_identifier_msgs/unique_identifier_msgs/msg/detail/uuid__rosidl_typesupport_introspection_cpp.hpp
[16.764s] -- Up-to-date: /home/robot/app/robot_ws/install/unique_identifier_msgs/include/unique_identifier_msgs/unique_identifier_msgs/msg/detail/uuid__type_support.cpp
[16.764s] -- Up-to-date: /home/robot/app/robot_ws/install/unique_identifier_msgs/lib/libunique_identifier_msgs__rosidl_typesupport_introspection_cpp.so
[16.767s] -- Installing: /home/robot/app/robot_ws/install/unique_identifier_msgs/lib/libunique_identifier_msgs__rosidl_typesupport_cpp.so
[16.768s] -- Set runtime path of "/home/robot/app/robot_ws/install/unique_identifier_msgs/lib/libunique_identifier_msgs__rosidl_typesupport_cpp.so" to ""
[16.768s] -- Up-to-date: /home/robot/app/robot_ws/install/unique_identifier_msgs/share/unique_identifier_msgs/environment/pythonpath.sh
[16.773s] -- Installing: /home/robot/app/robot_ws/install/unique_identifier_msgs/share/unique_identifier_msgs/environment/pythonpath.dsv
[16.773s] -- Up-to-date: /home/robot/app/robot_ws/install/unique_identifier_msgs/local/lib/python3.10/dist-packages/unique_identifier_msgs-2.2.1-py3.10.egg-info
[16.773s] -- Installing: /home/robot/app/robot_ws/install/unique_identifier_msgs/local/lib/python3.10/dist-packages/unique_identifier_msgs-2.2.1-py3.10.egg-info/dependency_links.txt
[16.779s] -- Installing: /home/robot/app/robot_ws/install/unique_identifier_msgs/local/lib/python3.10/dist-packages/unique_identifier_msgs-2.2.1-py3.10.egg-info/PKG-INFO
[16.780s] -- Installing: /home/robot/app/robot_ws/install/unique_identifier_msgs/local/lib/python3.10/dist-packages/unique_identifier_msgs-2.2.1-py3.10.egg-info/SOURCES.txt
[16.780s] -- Installing: /home/robot/app/robot_ws/install/unique_identifier_msgs/local/lib/python3.10/dist-packages/unique_identifier_msgs-2.2.1-py3.10.egg-info/top_level.txt
[16.780s] -- Up-to-date: /home/robot/app/robot_ws/install/unique_identifier_msgs/local/lib/python3.10/dist-packages/unique_identifier_msgs
[16.780s] -- Installing: /home/robot/app/robot_ws/install/unique_identifier_msgs/local/lib/python3.10/dist-packages/unique_identifier_msgs/__init__.py
[16.782s] -- Up-to-date: /home/robot/app/robot_ws/install/unique_identifier_msgs/local/lib/python3.10/dist-packages/unique_identifier_msgs/_unique_identifier_msgs_s.ep.rosidl_typesupport_microxrcedds_c.c
[16.782s] -- Installing: /home/robot/app/robot_ws/install/unique_identifier_msgs/local/lib/python3.10/dist-packages/unique_identifier_msgs/unique_identifier_msgs_s__rosidl_typesupport_microxrcedds_c.cpython-310-x86_64-linux-gnu.so
[16.782s] -- Up-to-date: /home/robot/app/robot_ws/install/unique_identifier_msgs/local/lib/python3.10/dist-packages/unique_identifier_msgs/_unique_identifier_msgs_s.ep.rosidl_typesupport_c.c
[16.783s] -- Installing: /home/robot/app/robot_ws/install/unique_identifier_msgs/local/lib/python3.10/dist-packages/unique_identifier_msgs/unique_identifier_msgs_s__rosidl_typesupport_fastrtps_c.cpython-310-x86_64-linux-gnu.so
[16.785s] -- Installing: /home/robot/app/robot_ws/install/unique_identifier_msgs/local/lib/python3.10/dist-packages/unique_identifier_msgs/unique_identifier_msgs_s__rosidl_typesupport_introspection_c.cpython-310-x86_64-linux-gnu.so
[16.789s] -- Installing: /home/robot/app/robot_ws/install/unique_identifier_msgs/local/lib/python3.10/dist-packages/unique_identifier_msgs/libunique_identifier_msgs__rosidl_generator_py.so
[16.789s] -- Up-to-date: /home/robot/app/robot_ws/install/unique_identifier_msgs/local/lib/python3.10/dist-packages/unique_identifier_msgs/_unique_identifier_msgs_s.ep.rosidl_typesupport_introspection_c.c
[16.789s] -- Up-to-date: /home/robot/app/robot_ws/install/unique_identifier_msgs/local/lib/python3.10/dist-packages/unique_identifier_msgs/_unique_identifier_msgs_s.ep.rosidl_typesupport_fastrtps_c.c
[16.790s] -- Up-to-date: /home/robot/app/robot_ws/install/unique_identifier_msgs/local/lib/python3.10/dist-packages/unique_identifier_msgs/msg
[16.790s] -- Up-to-date: /home/robot/app/robot_ws/install/unique_identifier_msgs/local/lib/python3.10/dist-packages/unique_identifier_msgs/msg/__init__.py
[16.790s] -- Up-to-date: /home/robot/app/robot_ws/install/unique_identifier_msgs/local/lib/python3.10/dist-packages/unique_identifier_msgs/msg/_uuid_s.c
[16.790s] -- Up-to-date: /home/robot/app/robot_ws/install/unique_identifier_msgs/local/lib/python3.10/dist-packages/unique_identifier_msgs/msg/_uuid.py
[16.790s] -- Installing: /home/robot/app/robot_ws/install/unique_identifier_msgs/local/lib/python3.10/dist-packages/unique_identifier_msgs/unique_identifier_msgs_s__rosidl_typesupport_c.cpython-310-x86_64-linux-gnu.so
[17.028s] Listing '/home/robot/app/robot_ws/install/unique_identifier_msgs/local/lib/python3.10/dist-packages/unique_identifier_msgs'...
[17.029s] Compiling '/home/robot/app/robot_ws/install/unique_identifier_msgs/local/lib/python3.10/dist-packages/unique_identifier_msgs/__init__.py'...
[17.029s] Listing '/home/robot/app/robot_ws/install/unique_identifier_msgs/local/lib/python3.10/dist-packages/unique_identifier_msgs/msg'...
[17.080s] -- Installing: /home/robot/app/robot_ws/install/unique_identifier_msgs/local/lib/python3.10/dist-packages/unique_identifier_msgs/unique_identifier_msgs_s__rosidl_typesupport_microxrcedds_c.cpython-310-x86_64-linux-gnu.so
[17.080s] -- Set runtime path of "/home/robot/app/robot_ws/install/unique_identifier_msgs/local/lib/python3.10/dist-packages/unique_identifier_msgs/unique_identifier_msgs_s__rosidl_typesupport_microxrcedds_c.cpython-310-x86_64-linux-gnu.so" to ""
[17.081s] -- Installing: /home/robot/app/robot_ws/install/unique_identifier_msgs/local/lib/python3.10/dist-packages/unique_identifier_msgs/unique_identifier_msgs_s__rosidl_typesupport_fastrtps_c.cpython-310-x86_64-linux-gnu.so
[17.081s] -- Set runtime path of "/home/robot/app/robot_ws/install/unique_identifier_msgs/local/lib/python3.10/dist-packages/unique_identifier_msgs/unique_identifier_msgs_s__rosidl_typesupport_fastrtps_c.cpython-310-x86_64-linux-gnu.so" to ""
[17.081s] -- Installing: /home/robot/app/robot_ws/install/unique_identifier_msgs/local/lib/python3.10/dist-packages/unique_identifier_msgs/unique_identifier_msgs_s__rosidl_typesupport_introspection_c.cpython-310-x86_64-linux-gnu.so
[17.081s] -- Set runtime path of "/home/robot/app/robot_ws/install/unique_identifier_msgs/local/lib/python3.10/dist-packages/unique_identifier_msgs/unique_identifier_msgs_s__rosidl_typesupport_introspection_c.cpython-310-x86_64-linux-gnu.so" to ""
[17.081s] -- Installing: /home/robot/app/robot_ws/install/unique_identifier_msgs/local/lib/python3.10/dist-packages/unique_identifier_msgs/unique_identifier_msgs_s__rosidl_typesupport_c.cpython-310-x86_64-linux-gnu.so
[17.082s] -- Set runtime path of "/home/robot/app/robot_ws/install/unique_identifier_msgs/local/lib/python3.10/dist-packages/unique_identifier_msgs/unique_identifier_msgs_s__rosidl_typesupport_c.cpython-310-x86_64-linux-gnu.so" to ""
[17.082s] -- Installing: /home/robot/app/robot_ws/install/unique_identifier_msgs/lib/libunique_identifier_msgs__rosidl_generator_py.so
[17.082s] -- Set runtime path of "/home/robot/app/robot_ws/install/unique_identifier_msgs/lib/libunique_identifier_msgs__rosidl_generator_py.so" to ""
[17.082s] -- Up-to-date: /home/robot/app/robot_ws/install/unique_identifier_msgs/share/unique_identifier_msgs/msg/UUID.idl
[17.082s] -- Installing: /home/robot/app/robot_ws/install/unique_identifier_msgs/share/unique_identifier_msgs/msg/UUID.msg
[17.083s] -- Up-to-date: /home/robot/app/robot_ws/install/unique_identifier_msgs/share/ament_index/resource_index/package_run_dependencies/unique_identifier_msgs
[17.083s] -- Installing: /home/robot/app/robot_ws/install/unique_identifier_msgs/share/ament_index/resource_index/parent_prefix_path/unique_identifier_msgs
[17.083s] -- Up-to-date: /home/robot/app/robot_ws/install/unique_identifier_msgs/share/unique_identifier_msgs/environment/ament_prefix_path.sh
[17.083s] -- Installing: /home/robot/app/robot_ws/install/unique_identifier_msgs/share/unique_identifier_msgs/environment/ament_prefix_path.dsv
[17.114s] -- Up-to-date: /home/robot/app/robot_ws/install/unique_identifier_msgs/share/unique_identifier_msgs/environment/path.sh
[17.114s] -- Installing: /home/robot/app/robot_ws/install/unique_identifier_msgs/share/unique_identifier_msgs/environment/path.dsv
[17.114s] -- Up-to-date: /home/robot/app/robot_ws/install/unique_identifier_msgs/share/unique_identifier_msgs/local_setup.bash
[17.114s] -- Up-to-date: /home/robot/app/robot_ws/install/unique_identifier_msgs/share/unique_identifier_msgs/local_setup.sh
[17.115s] -- Up-to-date: /home/robot/app/robot_ws/install/unique_identifier_msgs/share/unique_identifier_msgs/local_setup.zsh
[17.115s] -- Installing: /home/robot/app/robot_ws/install/unique_identifier_msgs/share/unique_identifier_msgs/local_setup.dsv
[17.115s] -- Installing: /home/robot/app/robot_ws/install/unique_identifier_msgs/share/unique_identifier_msgs/package.dsv
[17.115s] -- Up-to-date: /home/robot/app/robot_ws/install/unique_identifier_msgs/share/ament_index/resource_index/packages/unique_identifier_msgs
[17.116s] -- Up-to-date: /home/robot/app/robot_ws/install/unique_identifier_msgs/share/unique_identifier_msgs/cmake/export_unique_identifier_msgs__rosidl_generator_cExport.cmake
[17.116s] -- Up-to-date: /home/robot/app/robot_ws/install/unique_identifier_msgs/share/unique_identifier_msgs/cmake/export_unique_identifier_msgs__rosidl_generator_cExport-noconfig.cmake
[17.116s] -- Up-to-date: /home/robot/app/robot_ws/install/unique_identifier_msgs/share/unique_identifier_msgs/cmake/export_unique_identifier_msgs__rosidl_typesupport_fastrtps_cExport.cmake
[17.116s] -- Up-to-date: /home/robot/app/robot_ws/install/unique_identifier_msgs/share/unique_identifier_msgs/cmake/export_unique_identifier_msgs__rosidl_typesupport_fastrtps_cExport-noconfig.cmake
[17.116s] -- Up-to-date: /home/robot/app/robot_ws/install/unique_identifier_msgs/share/unique_identifier_msgs/cmake/unique_identifier_msgs__rosidl_typesupport_introspection_cExport.cmake
[17.117s] -- Up-to-date: /home/robot/app/robot_ws/install/unique_identifier_msgs/share/unique_identifier_msgs/cmake/unique_identifier_msgs__rosidl_typesupport_introspection_cExport-noconfig.cmake
[17.120s] -- Up-to-date: /home/robot/app/robot_ws/install/unique_identifier_msgs/share/unique_identifier_msgs/cmake/unique_identifier_msgs__rosidl_typesupport_cExport.cmake
[17.120s] -- Up-to-date: /home/robot/app/robot_ws/install/unique_identifier_msgs/share/unique_identifier_msgs/cmake/unique_identifier_msgs__rosidl_typesupport_cExport-noconfig.cmake
[17.120s] -- Up-to-date: /home/robot/app/robot_ws/install/unique_identifier_msgs/share/unique_identifier_msgs/cmake/export_unique_identifier_msgs__rosidl_generator_cppExport.cmake
[17.121s] -- Up-to-date: /home/robot/app/robot_ws/install/unique_identifier_msgs/share/unique_identifier_msgs/cmake/export_unique_identifier_msgs__rosidl_typesupport_fastrtps_cppExport.cmake
[17.121s] -- Up-to-date: /home/robot/app/robot_ws/install/unique_identifier_msgs/share/unique_identifier_msgs/cmake/export_unique_identifier_msgs__rosidl_typesupport_fastrtps_cppExport-noconfig.cmake
[17.121s] -- Up-to-date: /home/robot/app/robot_ws/install/unique_identifier_msgs/share/unique_identifier_msgs/cmake/unique_identifier_msgs__rosidl_typesupport_introspection_cppExport.cmake
[17.121s] -- Up-to-date: /home/robot/app/robot_ws/install/unique_identifier_msgs/share/unique_identifier_msgs/cmake/unique_identifier_msgs__rosidl_typesupport_introspection_cppExport-noconfig.cmake
[17.121s] -- Up-to-date: /home/robot/app/robot_ws/install/unique_identifier_msgs/share/unique_identifier_msgs/cmake/unique_identifier_msgs__rosidl_typesupport_cppExport.cmake
[17.122s] -- Up-to-date: /home/robot/app/robot_ws/install/unique_identifier_msgs/share/unique_identifier_msgs/cmake/unique_identifier_msgs__rosidl_typesupport_cppExport-noconfig.cmake
[17.122s] -- Up-to-date: /home/robot/app/robot_ws/install/unique_identifier_msgs/share/unique_identifier_msgs/cmake/export_unique_identifier_msgs__rosidl_generator_pyExport.cmake
[17.122s] -- Up-to-date: /home/robot/app/robot_ws/install/unique_identifier_msgs/share/unique_identifier_msgs/cmake/export_unique_identifier_msgs__rosidl_generator_pyExport-noconfig.cmake
[17.122s] -- Up-to-date: /home/robot/app/robot_ws/install/unique_identifier_msgs/share/unique_identifier_msgs/cmake/rosidl_cmake-extras.cmake
[17.122s] -- Installing: /home/robot/app/robot_ws/install/unique_identifier_msgs/share/unique_identifier_msgs/cmake/ament_cmake_export_include_directories-extras.cmake
[17.123s] -- Up-to-date: /home/robot/app/robot_ws/install/unique_identifier_msgs/share/unique_identifier_msgs/cmake/ament_cmake_export_libraries-extras.cmake
[17.123s] -- Up-to-date: /home/robot/app/robot_ws/install/unique_identifier_msgs/share/unique_identifier_msgs/cmake/ament_cmake_export_targets-extras.cmake
[17.123s] -- Up-to-date: /home/robot/app/robot_ws/install/unique_identifier_msgs/share/unique_identifier_msgs/cmake/rosidl_cmake_export_typesupport_targets-extras.cmake
[17.123s] -- Up-to-date: /home/robot/app/robot_ws/install/unique_identifier_msgs/share/unique_identifier_msgs/cmake/ament_cmake_export_dependencies-extras.cmake
[17.123s] -- Installing: /home/robot/app/robot_ws/install/unique_identifier_msgs/share/unique_identifier_msgs/cmake/rosidl_cmake_export_typesupport_libraries-extras.cmake
[17.128s] -- Up-to-date: /home/robot/app/robot_ws/install/unique_identifier_msgs/share/unique_identifier_msgs/cmake/unique_identifier_msgsConfig.cmake
[17.128s] -- Up-to-date: /home/robot/app/robot_ws/install/unique_identifier_msgs/share/unique_identifier_msgs/cmake/unique_identifier_msgsConfig-version.cmake
[17.128s] -- Installing: /home/robot/app/robot_ws/install/unique_identifier_msgs/share/unique_identifier_msgs/package.xml
[17.129s] -- Installing: /home/robot/app/robot_ws/install/unique_identifier_msgs/share/unique_identifier_msgs/mapping_rules.yaml
[17.138s] Invoked command in '/home/robot/app/robot_ws/build/unique_identifier_msgs' returned '0': CMAKE_PREFIX_PATH=${CMAKE_PREFIX_PATH}:/home/robot/app/robot_ws/install/sensor_msgs_py:/opt/ros/humble /usr/bin/cmake --install /home/robot/app/robot_ws/build/unique_identifier_msgs
