-- The C compiler identification is GNU 11.4.0
-- Detecting C compiler ABI info
-- Detecting C compiler ABI info - done
-- Check for working C compiler: /usr/bin/cc - skipped
-- Detecting C compile features
-- Detecting C compile features - done
-- Setting build type to 'Release' as none was specified.
-- Looking for pthread.h
-- Looking for pthread.h - found
-- Performing Test CMAKE_HAVE_LIBC_PTHREAD
-- Performing Test CMAKE_HAVE_LIBC_PTHREAD - Success
-- Found Threads: TRUE  
-- Configuring done
-- Generating done
[33mCMake Warning:
  Manually-specified variables were not used by the project:

    BUILD_TESTING

[0m
-- Build files have been written to: /home/robot/app/robot_ws/build/microxrcedds_client
[  2%] [32mBuilding C object CMakeFiles/microxrcedds_client.dir/src/c/core/session/stream/output_best_effort_stream.c.o[0m
[  5%] [32mBuilding C object CMakeFiles/microxrcedds_client.dir/src/c/core/session/stream/input_best_effort_stream.c.o[0m
[  8%] [32mBuilding C object CMakeFiles/microxrcedds_client.dir/src/c/core/session/stream/input_reliable_stream.c.o[0m
[ 11%] [32mBuilding C object CMakeFiles/microxrcedds_client.dir/src/c/core/session/session.c.o[0m
[ 14%] [32mBuilding C object CMakeFiles/microxrcedds_client.dir/src/c/core/session/stream/stream_storage.c.o[0m
[ 17%] [32mBuilding C object CMakeFiles/microxrcedds_client.dir/src/c/core/session/stream/output_reliable_stream.c.o[0m
[ 20%] [32mBuilding C object CMakeFiles/microxrcedds_client.dir/src/c/core/session/stream/seq_num.c.o[0m
[ 22%] [32mBuilding C object CMakeFiles/microxrcedds_client.dir/src/c/core/session/stream/stream_id.c.o[0m
[ 25%] [32mBuilding C object CMakeFiles/microxrcedds_client.dir/src/c/core/session/object_id.c.o[0m
[ 28%] [32mBuilding C object CMakeFiles/microxrcedds_client.dir/src/c/core/session/session_info.c.o[0m
[ 31%] [32mBuilding C object CMakeFiles/microxrcedds_client.dir/src/c/core/session/submessage.c.o[0m
[ 34%] [32mBuilding C object CMakeFiles/microxrcedds_client.dir/src/c/core/serialization/xrce_types.c.o[0m
[ 37%] [32mBuilding C object CMakeFiles/microxrcedds_client.dir/src/c/core/serialization/xrce_header.c.o[0m
[ 40%] [32mBuilding C object CMakeFiles/microxrcedds_client.dir/src/c/core/serialization/xrce_subheader.c.o[0m
[ 42%] [32mBuilding C object CMakeFiles/microxrcedds_client.dir/src/c/util/time.c.o[0m
[ 45%] [32mBuilding C object CMakeFiles/microxrcedds_client.dir/src/c/util/ping.c.o[0m
[ 48%] [32mBuilding C object CMakeFiles/microxrcedds_client.dir/src/c/core/session/common_create_entities.c.o[0m
[ 51%] [32mBuilding C object CMakeFiles/microxrcedds_client.dir/src/c/core/session/create_entities_ref.c.o[0m
[ 54%] [32mBuilding C object CMakeFiles/microxrcedds_client.dir/src/c/core/session/create_entities_xml.c.o[0m
[ 57%] [32mBuilding C object CMakeFiles/microxrcedds_client.dir/src/c/core/session/read_access.c.o[0m
[ 60%] [32mBuilding C object CMakeFiles/microxrcedds_client.dir/src/c/core/session/create_entities_bin.c.o[0m
[ 62%] [32mBuilding C object CMakeFiles/microxrcedds_client.dir/src/c/core/session/write_access.c.o[0m
[ 65%] [32mBuilding C object CMakeFiles/microxrcedds_client.dir/src/c/profile/transport/stream_framing/stream_framing_protocol.c.o[0m
[ 68%] [32mBuilding C object CMakeFiles/microxrcedds_client.dir/src/c/profile/multithread/multithread.c.o[0m
[ 71%] [32mBuilding C object CMakeFiles/microxrcedds_client.dir/src/c/profile/transport/ip/udp/udp_transport.c.o[0m
[ 74%] [32mBuilding C object CMakeFiles/microxrcedds_client.dir/src/c/profile/transport/ip/udp/udp_transport_posix.c.o[0m
[ 77%] [32mBuilding C object CMakeFiles/microxrcedds_client.dir/src/c/profile/transport/ip/tcp/tcp_transport.c.o[0m
[ 80%] [32mBuilding C object CMakeFiles/microxrcedds_client.dir/src/c/profile/transport/ip/tcp/tcp_transport_posix.c.o[0m
[ 82%] [32mBuilding C object CMakeFiles/microxrcedds_client.dir/src/c/profile/transport/serial/serial_transport.c.o[0m
[ 85%] [32mBuilding C object CMakeFiles/microxrcedds_client.dir/src/c/profile/transport/serial/serial_transport_posix.c.o[0m
[ 88%] [32mBuilding C object CMakeFiles/microxrcedds_client.dir/src/c/profile/transport/ip/ip_posix.c.o[0m
[ 91%] [32mBuilding C object CMakeFiles/microxrcedds_client.dir/src/c/profile/discovery/discovery.c.o[0m
[ 94%] [32mBuilding C object CMakeFiles/microxrcedds_client.dir/src/c/profile/discovery/transport/udp_transport_datagram_posix.c.o[0m
[ 97%] [32mBuilding C object CMakeFiles/microxrcedds_client.dir/src/c/profile/transport/custom/custom_transport.c.o[0m
[100%] [32m[1mLinking C shared library libmicroxrcedds_client.so[0m
[100%] Built target microxrcedds_client
-- Install configuration: "Release"
-- Installing: /home/robot/app/robot_ws/install/microxrcedds_client/lib/libmicroxrcedds_client.so.2.4.2
-- Installing: /home/robot/app/robot_ws/install/microxrcedds_client/lib/libmicroxrcedds_client.so.2.4
-- Set runtime path of "/home/robot/app/robot_ws/install/microxrcedds_client/lib/libmicroxrcedds_client.so.2.4.2" to ""
-- Installing: /home/robot/app/robot_ws/install/microxrcedds_client/lib/libmicroxrcedds_client.so
-- Installing: /home/robot/app/robot_ws/install/microxrcedds_client/include/uxr/client
-- Installing: /home/robot/app/robot_ws/install/microxrcedds_client/include/uxr/client/client.h
-- Installing: /home/robot/app/robot_ws/install/microxrcedds_client/include/uxr/client/visibility.h
-- Installing: /home/robot/app/robot_ws/install/microxrcedds_client/include/uxr/client/core
-- Installing: /home/robot/app/robot_ws/install/microxrcedds_client/include/uxr/client/core/communication
-- Installing: /home/robot/app/robot_ws/install/microxrcedds_client/include/uxr/client/core/communication/communication.h
-- Installing: /home/robot/app/robot_ws/install/microxrcedds_client/include/uxr/client/core/session
-- Installing: /home/robot/app/robot_ws/install/microxrcedds_client/include/uxr/client/core/session/create_entities_ref.h
-- Installing: /home/robot/app/robot_ws/install/microxrcedds_client/include/uxr/client/core/session/write_access.h
-- Installing: /home/robot/app/robot_ws/install/microxrcedds_client/include/uxr/client/core/session/read_access.h
-- Installing: /home/robot/app/robot_ws/install/microxrcedds_client/include/uxr/client/core/session/time_sync.h
-- Installing: /home/robot/app/robot_ws/install/microxrcedds_client/include/uxr/client/core/session/common_create_entities.h
-- Installing: /home/robot/app/robot_ws/install/microxrcedds_client/include/uxr/client/core/session/session_info.h
-- Installing: /home/robot/app/robot_ws/install/microxrcedds_client/include/uxr/client/core/session/create_entities_xml.h
-- Installing: /home/robot/app/robot_ws/install/microxrcedds_client/include/uxr/client/core/session/session.h
-- Installing: /home/robot/app/robot_ws/install/microxrcedds_client/include/uxr/client/core/session/stream
-- Installing: /home/robot/app/robot_ws/install/microxrcedds_client/include/uxr/client/core/session/stream/seq_num.h
-- Installing: /home/robot/app/robot_ws/install/microxrcedds_client/include/uxr/client/core/session/stream/output_reliable_stream.h
-- Installing: /home/robot/app/robot_ws/install/microxrcedds_client/include/uxr/client/core/session/stream/reliable_stream.h
-- Installing: /home/robot/app/robot_ws/install/microxrcedds_client/include/uxr/client/core/session/stream/stream_id.h
-- Installing: /home/robot/app/robot_ws/install/microxrcedds_client/include/uxr/client/core/session/stream/input_best_effort_stream.h
-- Installing: /home/robot/app/robot_ws/install/microxrcedds_client/include/uxr/client/core/session/stream/output_best_effort_stream.h
-- Installing: /home/robot/app/robot_ws/install/microxrcedds_client/include/uxr/client/core/session/stream/input_reliable_stream.h
-- Installing: /home/robot/app/robot_ws/install/microxrcedds_client/include/uxr/client/core/session/stream/stream_storage.h
-- Installing: /home/robot/app/robot_ws/install/microxrcedds_client/include/uxr/client/core/session/object_id.h
-- Installing: /home/robot/app/robot_ws/install/microxrcedds_client/include/uxr/client/core/session/create_entities_bin.h
-- Installing: /home/robot/app/robot_ws/install/microxrcedds_client/include/uxr/client/core/type
-- Installing: /home/robot/app/robot_ws/install/microxrcedds_client/include/uxr/client/core/type/xrce_types.h
-- Installing: /home/robot/app/robot_ws/install/microxrcedds_client/include/uxr/client/util
-- Installing: /home/robot/app/robot_ws/install/microxrcedds_client/include/uxr/client/util/time.h
-- Installing: /home/robot/app/robot_ws/install/microxrcedds_client/include/uxr/client/util/ping.h
-- Installing: /home/robot/app/robot_ws/install/microxrcedds_client/include/uxr/client/transport.h
-- Installing: /home/robot/app/robot_ws/install/microxrcedds_client/include/uxr/client/defines.h
-- Installing: /home/robot/app/robot_ws/install/microxrcedds_client/include/uxr/client/profile
-- Installing: /home/robot/app/robot_ws/install/microxrcedds_client/include/uxr/client/profile/discovery
-- Installing: /home/robot/app/robot_ws/install/microxrcedds_client/include/uxr/client/profile/discovery/discovery.h
-- Installing: /home/robot/app/robot_ws/install/microxrcedds_client/include/uxr/client/profile/multithread
-- Installing: /home/robot/app/robot_ws/install/microxrcedds_client/include/uxr/client/profile/multithread/multithread.h
-- Installing: /home/robot/app/robot_ws/install/microxrcedds_client/include/uxr/client/profile/transport
-- Installing: /home/robot/app/robot_ws/install/microxrcedds_client/include/uxr/client/profile/transport/serial
-- Installing: /home/robot/app/robot_ws/install/microxrcedds_client/include/uxr/client/profile/transport/serial/serial_transport.h
-- Installing: /home/robot/app/robot_ws/install/microxrcedds_client/include/uxr/client/profile/transport/serial/serial_transport_posix.h
-- Installing: /home/robot/app/robot_ws/install/microxrcedds_client/include/uxr/client/profile/transport/serial/serial_transport_platform.h
-- Installing: /home/robot/app/robot_ws/install/microxrcedds_client/include/uxr/client/profile/transport/serial/serial_transport_rtems_bsd_net.h
-- Installing: /home/robot/app/robot_ws/install/microxrcedds_client/include/uxr/client/profile/transport/can
-- Installing: /home/robot/app/robot_ws/install/microxrcedds_client/include/uxr/client/profile/transport/can/can_transport.h
-- Installing: /home/robot/app/robot_ws/install/microxrcedds_client/include/uxr/client/profile/transport/can/can_transport_posix.h
-- Installing: /home/robot/app/robot_ws/install/microxrcedds_client/include/uxr/client/profile/transport/stream_framing
-- Installing: /home/robot/app/robot_ws/install/microxrcedds_client/include/uxr/client/profile/transport/stream_framing/stream_framing_protocol.h
-- Installing: /home/robot/app/robot_ws/install/microxrcedds_client/include/uxr/client/profile/transport/ip
-- Installing: /home/robot/app/robot_ws/install/microxrcedds_client/include/uxr/client/profile/transport/ip/udp
-- Installing: /home/robot/app/robot_ws/install/microxrcedds_client/include/uxr/client/profile/transport/ip/udp/udp_transport_posix.h
-- Installing: /home/robot/app/robot_ws/install/microxrcedds_client/include/uxr/client/profile/transport/ip/udp/udp_transport_posix_nopoll.h
-- Installing: /home/robot/app/robot_ws/install/microxrcedds_client/include/uxr/client/profile/transport/ip/udp/udp_transport_rtems_bsd_net.h
-- Installing: /home/robot/app/robot_ws/install/microxrcedds_client/include/uxr/client/profile/transport/ip/udp/udp_transport_windows.h
-- Installing: /home/robot/app/robot_ws/install/microxrcedds_client/include/uxr/client/profile/transport/ip/udp/udp_transport.h
-- Installing: /home/robot/app/robot_ws/install/microxrcedds_client/include/uxr/client/profile/transport/ip/udp/udp_transport_freertos_plus_tcp.h
-- Installing: /home/robot/app/robot_ws/install/microxrcedds_client/include/uxr/client/profile/transport/ip/tcp
-- Installing: /home/robot/app/robot_ws/install/microxrcedds_client/include/uxr/client/profile/transport/ip/tcp/tcp_transport_windows.h
-- Installing: /home/robot/app/robot_ws/install/microxrcedds_client/include/uxr/client/profile/transport/ip/tcp/tcp_transport.h
-- Installing: /home/robot/app/robot_ws/install/microxrcedds_client/include/uxr/client/profile/transport/ip/tcp/tcp_transport_rtems_bsd_net.h
-- Installing: /home/robot/app/robot_ws/install/microxrcedds_client/include/uxr/client/profile/transport/ip/tcp/tcp_transport_posix.h
-- Installing: /home/robot/app/robot_ws/install/microxrcedds_client/include/uxr/client/profile/transport/ip/tcp/tcp_transport_posix_nopoll.h
-- Installing: /home/robot/app/robot_ws/install/microxrcedds_client/include/uxr/client/profile/transport/ip/tcp/tcp_transport_freertos_plus_tcp.h
-- Installing: /home/robot/app/robot_ws/install/microxrcedds_client/include/uxr/client/profile/transport/ip/ip.h
-- Installing: /home/robot/app/robot_ws/install/microxrcedds_client/include/uxr/client/profile/transport/custom
-- Installing: /home/robot/app/robot_ws/install/microxrcedds_client/include/uxr/client/profile/transport/custom/custom_transport.h
-- Installing: /home/robot/app/robot_ws/install/microxrcedds_client/include/uxr/client/config.h
-- Installing: /home/robot/app/robot_ws/install/microxrcedds_client/share/microxrcedds_client/cmake/microxrcedds_clientTargets.cmake
-- Installing: /home/robot/app/robot_ws/install/microxrcedds_client/share/microxrcedds_client/cmake/microxrcedds_clientTargets-release.cmake
-- Installing: /home/robot/app/robot_ws/install/microxrcedds_client/share/microxrcedds_client/cmake/microxrcedds_clientConfig.cmake
-- Installing: /home/robot/app/robot_ws/install/microxrcedds_client/share/microxrcedds_client/cmake/microxrcedds_clientConfigVersion.cmake
