[0.218s] DEBUG:colcon:Command line arguments: ['/usr/bin/colcon', 'build']
[0.218s] DEBUG:colcon:Parsed command line arguments: Namespace(log_base=None, log_level=None, verb_name='build', build_base='build', install_base='install', merge_install=False, symlink_install=False, test_result_base=None, continue_on_error=False, executor='parallel', parallel_workers=8, event_handlers=None, ignore_user_meta=False, metas=['./colcon.meta'], base_paths=['.'], packages_ignore=None, packages_ignore_regex=None, paths=None, packages_up_to=None, packages_up_to_regex=None, packages_above=None, packages_above_and_dependencies=None, packages_above_depth=None, packages_select_by_dep=None, packages_skip_by_dep=None, packages_skip_up_to=None, packages_select_build_failed=False, packages_skip_build_finished=False, packages_select_test_failures=False, packages_skip_test_passed=False, packages_select=None, packages_skip=None, packages_select_regex=None, packages_skip_regex=None, packages_start=None, packages_end=None, cmake_args=None, cmake_target=None, cmake_target_skip_unavailable=False, cmake_clean_cache=False, cmake_clean_first=False, cmake_force_configure=False, ament_cmake_args=None, catkin_cmake_args=None, catkin_skip_building_tests=False, mixin_files=None, mixin=None, verb_parser=<colcon_mixin.mixin.mixin_argument.MixinArgumentDecorator object at 0x71b1d70ebcd0>, verb_extension=<colcon_core.verb.build.BuildVerb object at 0x71b1d71e7940>, main=<bound method BuildVerb.main of <colcon_core.verb.build.BuildVerb object at 0x71b1d71e7940>>, mixin_verb=('build',))
[0.464s] Level 1:colcon.colcon_core.package_discovery:discover_packages(colcon_meta) check parameters
[0.464s] Level 1:colcon.colcon_core.package_discovery:discover_packages(recursive) check parameters
[0.465s] Level 1:colcon.colcon_core.package_discovery:discover_packages(ignore) check parameters
[0.465s] Level 1:colcon.colcon_core.package_discovery:discover_packages(path) check parameters
[0.465s] Level 1:colcon.colcon_core.package_discovery:discover_packages(colcon_meta) discover
[0.465s] Level 1:colcon.colcon_core.package_discovery:discover_packages(recursive) discover
[0.465s] INFO:colcon.colcon_core.package_discovery:Crawling recursively for packages in '/home/robot/app/robot_ws'
[0.465s] Level 1:colcon.colcon_core.package_identification:_identify(.) by extensions ['ignore', 'ignore_ament_install']
[0.465s] Level 1:colcon.colcon_core.package_identification:_identify(.) by extension 'ignore'
[0.465s] Level 1:colcon.colcon_core.package_identification:_identify(.) by extension 'ignore_ament_install'
[0.465s] Level 1:colcon.colcon_core.package_identification:_identify(.) by extensions ['colcon_pkg']
[0.465s] Level 1:colcon.colcon_core.package_identification:_identify(.) by extension 'colcon_pkg'
[0.465s] Level 1:colcon.colcon_core.package_identification:_identify(.) by extensions ['colcon_meta']
[0.465s] Level 1:colcon.colcon_core.package_identification:_identify(.) by extension 'colcon_meta'
[0.466s] Level 1:colcon.colcon_core.package_identification:_identify(.) by extensions ['ros']
[0.466s] Level 1:colcon.colcon_core.package_identification:_identify(.) by extension 'ros'
[0.483s] Level 1:colcon.colcon_core.package_identification:_identify(.) by extensions ['cmake', 'python']
[0.483s] Level 1:colcon.colcon_core.package_identification:_identify(.) by extension 'cmake'
[0.484s] Level 1:colcon.colcon_core.package_identification:_identify(.) by extension 'python'
[0.484s] Level 1:colcon.colcon_core.package_identification:_identify(.) by extensions ['python_setup_py']
[0.484s] Level 1:colcon.colcon_core.package_identification:_identify(.) by extension 'python_setup_py'
[0.484s] Level 1:colcon.colcon_core.package_identification:_identify(build) by extensions ['ignore', 'ignore_ament_install']
[0.484s] Level 1:colcon.colcon_core.package_identification:_identify(build) by extension 'ignore'
[0.484s] Level 1:colcon.colcon_core.package_identification:_identify(build) ignored
[0.484s] Level 1:colcon.colcon_core.package_identification:_identify(install) by extensions ['ignore', 'ignore_ament_install']
[0.485s] Level 1:colcon.colcon_core.package_identification:_identify(install) by extension 'ignore'
[0.485s] Level 1:colcon.colcon_core.package_identification:_identify(install) ignored
[0.485s] Level 1:colcon.colcon_core.package_identification:_identify(log) by extensions ['ignore', 'ignore_ament_install']
[0.485s] Level 1:colcon.colcon_core.package_identification:_identify(log) by extension 'ignore'
[0.485s] Level 1:colcon.colcon_core.package_identification:_identify(log) ignored
[0.485s] Level 1:colcon.colcon_core.package_identification:_identify(src) by extensions ['ignore', 'ignore_ament_install']
[0.485s] Level 1:colcon.colcon_core.package_identification:_identify(src) by extension 'ignore'
[0.485s] Level 1:colcon.colcon_core.package_identification:_identify(src) by extension 'ignore_ament_install'
[0.485s] Level 1:colcon.colcon_core.package_identification:_identify(src) by extensions ['colcon_pkg']
[0.486s] Level 1:colcon.colcon_core.package_identification:_identify(src) by extension 'colcon_pkg'
[0.486s] Level 1:colcon.colcon_core.package_identification:_identify(src) by extensions ['colcon_meta']
[0.486s] Level 1:colcon.colcon_core.package_identification:_identify(src) by extension 'colcon_meta'
[0.486s] Level 1:colcon.colcon_core.package_identification:_identify(src) by extensions ['ros']
[0.486s] Level 1:colcon.colcon_core.package_identification:_identify(src) by extension 'ros'
[0.486s] Level 1:colcon.colcon_core.package_identification:_identify(src) by extensions ['cmake', 'python']
[0.486s] Level 1:colcon.colcon_core.package_identification:_identify(src) by extension 'cmake'
[0.486s] Level 1:colcon.colcon_core.package_identification:_identify(src) by extension 'python'
[0.486s] Level 1:colcon.colcon_core.package_identification:_identify(src) by extensions ['python_setup_py']
[0.486s] Level 1:colcon.colcon_core.package_identification:_identify(src) by extension 'python_setup_py'
[0.486s] Level 1:colcon.colcon_core.package_identification:_identify(src/micro_ros_setup) by extensions ['ignore', 'ignore_ament_install']
[0.487s] Level 1:colcon.colcon_core.package_identification:_identify(src/micro_ros_setup) by extension 'ignore'
[0.487s] Level 1:colcon.colcon_core.package_identification:_identify(src/micro_ros_setup) by extension 'ignore_ament_install'
[0.487s] Level 1:colcon.colcon_core.package_identification:_identify(src/micro_ros_setup) by extensions ['colcon_pkg']
[0.487s] Level 1:colcon.colcon_core.package_identification:_identify(src/micro_ros_setup) by extension 'colcon_pkg'
[0.487s] Level 1:colcon.colcon_core.package_identification:_identify(src/micro_ros_setup) by extensions ['colcon_meta']
[0.487s] Level 1:colcon.colcon_core.package_identification:_identify(src/micro_ros_setup) by extension 'colcon_meta'
[0.487s] Level 1:colcon.colcon_core.package_identification:_identify(src/micro_ros_setup) by extensions ['ros']
[0.487s] Level 1:colcon.colcon_core.package_identification:_identify(src/micro_ros_setup) by extension 'ros'
[0.492s] DEBUG:colcon.colcon_core.package_identification:Package 'src/micro_ros_setup' with type 'ros.ament_cmake' and name 'micro_ros_setup'
[0.492s] Level 1:colcon.colcon_core.package_discovery:discover_packages(recursive) using defaults
[0.492s] Level 1:colcon.colcon_core.package_discovery:discover_packages(ignore) discover
[0.492s] Level 1:colcon.colcon_core.package_discovery:discover_packages(ignore) using defaults
[0.492s] Level 1:colcon.colcon_core.package_discovery:discover_packages(path) discover
[0.492s] Level 1:colcon.colcon_core.package_discovery:discover_packages(path) using defaults
[0.527s] Level 5:colcon.colcon_core.verb:set package 'micro_ros_setup' build argument 'cmake_args' from command line to 'None'
[0.527s] Level 5:colcon.colcon_core.verb:set package 'micro_ros_setup' build argument 'cmake_target' from command line to 'None'
[0.527s] Level 5:colcon.colcon_core.verb:set package 'micro_ros_setup' build argument 'cmake_target_skip_unavailable' from command line to 'False'
[0.527s] Level 5:colcon.colcon_core.verb:set package 'micro_ros_setup' build argument 'cmake_clean_cache' from command line to 'False'
[0.527s] Level 5:colcon.colcon_core.verb:set package 'micro_ros_setup' build argument 'cmake_clean_first' from command line to 'False'
[0.527s] Level 5:colcon.colcon_core.verb:set package 'micro_ros_setup' build argument 'cmake_force_configure' from command line to 'False'
[0.527s] Level 5:colcon.colcon_core.verb:set package 'micro_ros_setup' build argument 'ament_cmake_args' from command line to 'None'
[0.527s] Level 5:colcon.colcon_core.verb:set package 'micro_ros_setup' build argument 'catkin_cmake_args' from command line to 'None'
[0.527s] Level 5:colcon.colcon_core.verb:set package 'micro_ros_setup' build argument 'catkin_skip_building_tests' from command line to 'False'
[0.527s] DEBUG:colcon.colcon_core.verb:Building package 'micro_ros_setup' with the following arguments: {'ament_cmake_args': None, 'build_base': '/home/robot/app/robot_ws/build/micro_ros_setup', 'catkin_cmake_args': None, 'catkin_skip_building_tests': False, 'cmake_args': None, 'cmake_clean_cache': False, 'cmake_clean_first': False, 'cmake_force_configure': False, 'cmake_target': None, 'cmake_target_skip_unavailable': False, 'install_base': '/home/robot/app/robot_ws/install/micro_ros_setup', 'merge_install': False, 'path': '/home/robot/app/robot_ws/src/micro_ros_setup', 'symlink_install': False, 'test_result_base': None}
[0.527s] INFO:colcon.colcon_core.executor:Executing jobs using 'parallel' executor
[0.529s] DEBUG:colcon.colcon_parallel_executor.executor.parallel:run_until_complete
[0.529s] INFO:colcon.colcon_ros.task.ament_cmake.build:Building ROS package in '/home/robot/app/robot_ws/src/micro_ros_setup' with build type 'ament_cmake'
[0.530s] INFO:colcon.colcon_cmake.task.cmake.build:Building CMake package in '/home/robot/app/robot_ws/src/micro_ros_setup'
[0.534s] INFO:colcon.colcon_core.plugin_system:Skipping extension 'colcon_core.shell.bat': Not used on non-Windows systems
[0.535s] INFO:colcon.colcon_core.shell:Skip shell extension 'powershell' for command environment: Not usable outside of PowerShell
[0.535s] DEBUG:colcon.colcon_core.shell:Skip shell extension 'dsv' for command environment
[0.547s] DEBUG:colcon.colcon_core.event_handler.log_command:Invoking command in '/home/robot/app/robot_ws/build/micro_ros_setup': CMAKE_PREFIX_PATH=/opt/ros/humble /usr/bin/cmake /home/robot/app/robot_ws/src/micro_ros_setup -DCMAKE_INSTALL_PREFIX=/home/robot/app/robot_ws/install/micro_ros_setup
[2.039s] DEBUG:colcon.colcon_core.event_handler.log_command:Invoked command in '/home/robot/app/robot_ws/build/micro_ros_setup' returned '0': CMAKE_PREFIX_PATH=/opt/ros/humble /usr/bin/cmake /home/robot/app/robot_ws/src/micro_ros_setup -DCMAKE_INSTALL_PREFIX=/home/robot/app/robot_ws/install/micro_ros_setup
[2.042s] DEBUG:colcon.colcon_core.event_handler.log_command:Invoking command in '/home/robot/app/robot_ws/build/micro_ros_setup': CMAKE_PREFIX_PATH=/opt/ros/humble /usr/bin/cmake --build /home/robot/app/robot_ws/build/micro_ros_setup -- -j8 -l8
[2.104s] DEBUG:colcon.colcon_core.event_handler.log_command:Invoked command in '/home/robot/app/robot_ws/build/micro_ros_setup' returned '0': CMAKE_PREFIX_PATH=/opt/ros/humble /usr/bin/cmake --build /home/robot/app/robot_ws/build/micro_ros_setup -- -j8 -l8
[2.208s] DEBUG:colcon.colcon_core.event_handler.log_command:Invoking command in '/home/robot/app/robot_ws/build/micro_ros_setup': CMAKE_PREFIX_PATH=/opt/ros/humble /usr/bin/cmake --install /home/robot/app/robot_ws/build/micro_ros_setup
[2.376s] Level 1:colcon.colcon_core.environment:create_environment_scripts_only(micro_ros_setup)
[2.377s] DEBUG:colcon.colcon_core.event_handler.log_command:Invoked command in '/home/robot/app/robot_ws/build/micro_ros_setup' returned '0': CMAKE_PREFIX_PATH=/opt/ros/humble /usr/bin/cmake --install /home/robot/app/robot_ws/build/micro_ros_setup
[2.381s] Level 1:colcon.colcon_core.environment:checking '/home/robot/app/robot_ws/install/micro_ros_setup' for CMake module files
[2.382s] Level 1:colcon.colcon_core.environment:checking '/home/robot/app/robot_ws/install/micro_ros_setup' for CMake config files
[2.383s] Level 1:colcon.colcon_core.shell:create_environment_hook('micro_ros_setup', 'cmake_prefix_path')
[2.383s] INFO:colcon.colcon_core.shell:Creating environment hook '/home/robot/app/robot_ws/install/micro_ros_setup/share/micro_ros_setup/hook/cmake_prefix_path.ps1'
[2.384s] INFO:colcon.colcon_core.shell:Creating environment descriptor '/home/robot/app/robot_ws/install/micro_ros_setup/share/micro_ros_setup/hook/cmake_prefix_path.dsv'
[2.385s] INFO:colcon.colcon_core.shell:Creating environment hook '/home/robot/app/robot_ws/install/micro_ros_setup/share/micro_ros_setup/hook/cmake_prefix_path.sh'
[2.386s] Level 1:colcon.colcon_core.environment:checking '/home/robot/app/robot_ws/install/micro_ros_setup/lib'
[2.387s] Level 1:colcon.colcon_core.environment:checking '/home/robot/app/robot_ws/install/micro_ros_setup/bin'
[2.387s] Level 1:colcon.colcon_core.environment:checking '/home/robot/app/robot_ws/install/micro_ros_setup/lib/pkgconfig/micro_ros_setup.pc'
[2.389s] Level 1:colcon.colcon_core.environment:checking '/home/robot/app/robot_ws/install/micro_ros_setup/lib/python3.10/site-packages'
[2.390s] Level 1:colcon.colcon_core.environment:checking '/home/robot/app/robot_ws/install/micro_ros_setup/bin'
[2.390s] INFO:colcon.colcon_core.shell:Creating package script '/home/robot/app/robot_ws/install/micro_ros_setup/share/micro_ros_setup/package.ps1'
[2.392s] INFO:colcon.colcon_core.shell:Creating package descriptor '/home/robot/app/robot_ws/install/micro_ros_setup/share/micro_ros_setup/package.dsv'
[2.392s] INFO:colcon.colcon_core.shell:Creating package script '/home/robot/app/robot_ws/install/micro_ros_setup/share/micro_ros_setup/package.sh'
[2.393s] INFO:colcon.colcon_core.shell:Creating package script '/home/robot/app/robot_ws/install/micro_ros_setup/share/micro_ros_setup/package.bash'
[2.395s] INFO:colcon.colcon_core.shell:Creating package script '/home/robot/app/robot_ws/install/micro_ros_setup/share/micro_ros_setup/package.zsh'
[2.396s] Level 1:colcon.colcon_core.environment:create_file_with_runtime_dependencies(/home/robot/app/robot_ws/install/micro_ros_setup/share/colcon-core/packages/micro_ros_setup)
[2.426s] Level 1:colcon.colcon_core.environment:create_environment_scripts_only(micro_ros_setup)
[2.427s] Level 1:colcon.colcon_core.environment:checking '/home/robot/app/robot_ws/install/micro_ros_setup' for CMake module files
[2.428s] Level 1:colcon.colcon_core.environment:checking '/home/robot/app/robot_ws/install/micro_ros_setup' for CMake config files
[2.430s] Level 1:colcon.colcon_core.shell:create_environment_hook('micro_ros_setup', 'cmake_prefix_path')
[2.431s] INFO:colcon.colcon_core.shell:Creating environment hook '/home/robot/app/robot_ws/install/micro_ros_setup/share/micro_ros_setup/hook/cmake_prefix_path.ps1'
[2.432s] INFO:colcon.colcon_core.shell:Creating environment descriptor '/home/robot/app/robot_ws/install/micro_ros_setup/share/micro_ros_setup/hook/cmake_prefix_path.dsv'
[2.432s] INFO:colcon.colcon_core.shell:Creating environment hook '/home/robot/app/robot_ws/install/micro_ros_setup/share/micro_ros_setup/hook/cmake_prefix_path.sh'
[2.434s] Level 1:colcon.colcon_core.environment:checking '/home/robot/app/robot_ws/install/micro_ros_setup/lib'
[2.434s] Level 1:colcon.colcon_core.environment:checking '/home/robot/app/robot_ws/install/micro_ros_setup/bin'
[2.434s] Level 1:colcon.colcon_core.environment:checking '/home/robot/app/robot_ws/install/micro_ros_setup/lib/pkgconfig/micro_ros_setup.pc'
[2.435s] Level 1:colcon.colcon_core.environment:checking '/home/robot/app/robot_ws/install/micro_ros_setup/lib/python3.10/site-packages'
[2.435s] Level 1:colcon.colcon_core.environment:checking '/home/robot/app/robot_ws/install/micro_ros_setup/bin'
[2.436s] INFO:colcon.colcon_core.shell:Creating package script '/home/robot/app/robot_ws/install/micro_ros_setup/share/micro_ros_setup/package.ps1'
[2.437s] INFO:colcon.colcon_core.shell:Creating package descriptor '/home/robot/app/robot_ws/install/micro_ros_setup/share/micro_ros_setup/package.dsv'
[2.438s] INFO:colcon.colcon_core.shell:Creating package script '/home/robot/app/robot_ws/install/micro_ros_setup/share/micro_ros_setup/package.sh'
[2.439s] INFO:colcon.colcon_core.shell:Creating package script '/home/robot/app/robot_ws/install/micro_ros_setup/share/micro_ros_setup/package.bash'
[2.440s] INFO:colcon.colcon_core.shell:Creating package script '/home/robot/app/robot_ws/install/micro_ros_setup/share/micro_ros_setup/package.zsh'
[2.441s] Level 1:colcon.colcon_core.environment:create_file_with_runtime_dependencies(/home/robot/app/robot_ws/install/micro_ros_setup/share/colcon-core/packages/micro_ros_setup)
[2.442s] DEBUG:colcon.colcon_parallel_executor.executor.parallel:closing loop
[2.442s] DEBUG:colcon.colcon_parallel_executor.executor.parallel:loop closed
[2.443s] DEBUG:colcon.colcon_parallel_executor.executor.parallel:run_until_complete finished with '0'
[2.443s] DEBUG:colcon.colcon_core.event_reactor:joining thread
[2.452s] INFO:colcon.colcon_core.plugin_system:Skipping extension 'colcon_notification.desktop_notification.notify_send': Could not find 'notify-send'
[2.452s] INFO:colcon.colcon_core.plugin_system:Skipping extension 'colcon_notification.desktop_notification.terminal_notifier': Not used on non-Darwin systems
[2.452s] INFO:colcon.colcon_core.plugin_system:Skipping extension 'colcon_notification.desktop_notification.win32': Not used on non-Windows systems
[2.453s] INFO:colcon.colcon_notification.desktop_notification:Sending desktop notification using 'notify2'
[2.456s] DEBUG:colcon.colcon_notification.desktop_notification.notify2:Failed to initialize notify2: org.freedesktop.DBus.Error.Spawn.ExecFailed: /usr/bin/dbus-launch terminated abnormally without any error message
[2.457s] DEBUG:colcon.colcon_core.event_reactor:joined thread
[2.458s] INFO:colcon.colcon_core.shell:Creating prefix script '/home/robot/app/robot_ws/install/local_setup.ps1'
[2.461s] INFO:colcon.colcon_core.shell:Creating prefix util module '/home/robot/app/robot_ws/install/_local_setup_util_ps1.py'
[2.465s] INFO:colcon.colcon_core.shell:Creating prefix chain script '/home/robot/app/robot_ws/install/setup.ps1'
[2.467s] INFO:colcon.colcon_core.shell:Creating prefix script '/home/robot/app/robot_ws/install/local_setup.sh'
[2.469s] INFO:colcon.colcon_core.shell:Creating prefix util module '/home/robot/app/robot_ws/install/_local_setup_util_sh.py'
[2.470s] INFO:colcon.colcon_core.shell:Creating prefix chain script '/home/robot/app/robot_ws/install/setup.sh'
[2.472s] INFO:colcon.colcon_core.shell:Creating prefix script '/home/robot/app/robot_ws/install/local_setup.bash'
[2.474s] INFO:colcon.colcon_core.shell:Creating prefix chain script '/home/robot/app/robot_ws/install/setup.bash'
[2.476s] INFO:colcon.colcon_core.shell:Creating prefix script '/home/robot/app/robot_ws/install/local_setup.zsh'
[2.477s] INFO:colcon.colcon_core.shell:Creating prefix chain script '/home/robot/app/robot_ws/install/setup.zsh'
