[35m[1mConsolidate compiler generated dependencies of target std_srvs__rosidl_generator_c[0m
[  1%] Built target std_srvs__cpp
[35m[1mConsolidate compiler generated dependencies of target std_srvs__rosidl_typesupport_introspection_cpp[0m
[35m[1mConsolidate compiler generated dependencies of target std_srvs__rosidl_typesupport_fastrtps_cpp[0m
[35m[1mConsolidate compiler generated dependencies of target std_srvs__rosidl_typesupport_microxrcedds_cpp[0m
[35m[1mConsolidate compiler generated dependencies of target std_srvs__rosidl_typesupport_cpp[0m
[ 10%] Built target std_srvs__rosidl_generator_c
[35m[1mConsolidate compiler generated dependencies of target std_srvs__rosidl_typesupport_c[0m
[35m[1mConsolidate compiler generated dependencies of target std_srvs__rosidl_typesupport_microxrcedds_c[0m
[ 18%] Built target std_srvs__rosidl_typesupport_fastrtps_cpp
[ 27%] Built target std_srvs__rosidl_typesupport_microxrcedds_cpp
[ 35%] Built target std_srvs__rosidl_typesupport_introspection_cpp
[ 44%] Built target std_srvs__rosidl_typesupport_c
[ 52%] Built target std_srvs__rosidl_typesupport_cpp
[35m[1mConsolidate compiler generated dependencies of target std_srvs__rosidl_typesupport_fastrtps_c[0m
[ 28%] Built target ament_cmake_python_copy_std_srvs
[35m[1mConsolidate compiler generated dependencies of target std_srvs__rosidl_typesupport_introspection_c[0m
[ 61%] Built target std_srvs__rosidl_typesupport_fastrtps_c
[ 69%] Built target std_srvs__rosidl_typesupport_microxrcedds_c
[ 77%] Built target std_srvs__rosidl_typesupport_introspection_c
[ 77%] Built target std_srvs
[ 79%] Built target std_srvs__py
[35m[1mConsolidate compiler generated dependencies of target std_srvs__rosidl_generator_py[0m
[ 86%] Built target std_srvs__rosidl_generator_py
[35m[1mConsolidate compiler generated dependencies of target std_srvs__rosidl_typesupport_microxrcedds_c__pyext[0m
[ 89%] Built target std_srvs__rosidl_typesupport_microxrcedds_c__pyext
[35m[1mConsolidate compiler generated dependencies of target std_srvs__rosidl_typesupport_fastrtps_c__pyext[0m
[35m[1mConsolidate compiler generated dependencies of target std_srvs__rosidl_typesupport_introspection_c__pyext[0m
[35m[1mConsolidate compiler generated dependencies of target std_srvs__rosidl_typesupport_c__pyext[0m
[ 93%] Built target std_srvs__rosidl_typesupport_fastrtps_c__pyext
[ 96%] Built target std_srvs__rosidl_typesupport_introspection_c__pyext
[100%] Built target std_srvs__rosidl_typesupport_c__pyext
running egg_info
writing std_srvs.egg-info/PKG-INFO
writing dependency_links to std_srvs.egg-info/dependency_links.txt
writing top-level names to std_srvs.egg-info/top_level.txt
reading manifest file 'std_srvs.egg-info/SOURCES.txt'
writing manifest file 'std_srvs.egg-info/SOURCES.txt'
[100%] Built target ament_cmake_python_build_std_srvs_egg
-- Install configuration: ""
-- Up-to-date: /home/robot/app/robot_ws/install/std_srvs/share/ament_index/resource_index/rosidl_interfaces/std_srvs
-- Up-to-date: /home/robot/app/robot_ws/install/std_srvs/include/std_srvs/std_srvs
-- Up-to-date: /home/robot/app/robot_ws/install/std_srvs/include/std_srvs/std_srvs/srv
-- Up-to-date: /home/robot/app/robot_ws/install/std_srvs/include/std_srvs/std_srvs/srv/set_bool.h
-- Up-to-date: /home/robot/app/robot_ws/install/std_srvs/include/std_srvs/std_srvs/srv/detail
-- Up-to-date: /home/robot/app/robot_ws/install/std_srvs/include/std_srvs/std_srvs/srv/detail/set_bool__functions.c
-- Up-to-date: /home/robot/app/robot_ws/install/std_srvs/include/std_srvs/std_srvs/srv/detail/trigger__functions.c
-- Up-to-date: /home/robot/app/robot_ws/install/std_srvs/include/std_srvs/std_srvs/srv/detail/trigger__functions.h
-- Up-to-date: /home/robot/app/robot_ws/install/std_srvs/include/std_srvs/std_srvs/srv/detail/empty__type_support.h
-- Up-to-date: /home/robot/app/robot_ws/install/std_srvs/include/std_srvs/std_srvs/srv/detail/empty__struct.h
-- Up-to-date: /home/robot/app/robot_ws/install/std_srvs/include/std_srvs/std_srvs/srv/detail/empty__functions.c
-- Up-to-date: /home/robot/app/robot_ws/install/std_srvs/include/std_srvs/std_srvs/srv/detail/empty__functions.h
-- Up-to-date: /home/robot/app/robot_ws/install/std_srvs/include/std_srvs/std_srvs/srv/detail/trigger__type_support.h
-- Up-to-date: /home/robot/app/robot_ws/install/std_srvs/include/std_srvs/std_srvs/srv/detail/set_bool__functions.h
-- Up-to-date: /home/robot/app/robot_ws/install/std_srvs/include/std_srvs/std_srvs/srv/detail/trigger__struct.h
-- Up-to-date: /home/robot/app/robot_ws/install/std_srvs/include/std_srvs/std_srvs/srv/detail/set_bool__type_support.h
-- Up-to-date: /home/robot/app/robot_ws/install/std_srvs/include/std_srvs/std_srvs/srv/detail/set_bool__struct.h
-- Up-to-date: /home/robot/app/robot_ws/install/std_srvs/include/std_srvs/std_srvs/srv/trigger.h
-- Up-to-date: /home/robot/app/robot_ws/install/std_srvs/include/std_srvs/std_srvs/srv/empty.h
-- Up-to-date: /home/robot/app/robot_ws/install/std_srvs/include/std_srvs/std_srvs/msg
-- Up-to-date: /home/robot/app/robot_ws/install/std_srvs/include/std_srvs/std_srvs/msg/rosidl_generator_c__visibility_control.h
-- Up-to-date: /home/robot/app/robot_ws/install/std_srvs/share/std_srvs/environment/library_path.sh
-- Up-to-date: /home/robot/app/robot_ws/install/std_srvs/share/std_srvs/environment/library_path.dsv
-- Up-to-date: /home/robot/app/robot_ws/install/std_srvs/lib/libstd_srvs__rosidl_generator_c.so
-- Up-to-date: /home/robot/app/robot_ws/install/std_srvs/include/std_srvs
-- Up-to-date: /home/robot/app/robot_ws/install/std_srvs/include/std_srvs/srv
-- Up-to-date: /home/robot/app/robot_ws/install/std_srvs/include/std_srvs/srv/detail
-- Up-to-date: /home/robot/app/robot_ws/install/std_srvs/include/std_srvs/srv/detail/trigger__rosidl_typesupport_microxrcedds_c.h
-- Up-to-date: /home/robot/app/robot_ws/install/std_srvs/include/std_srvs/srv/detail/set_bool__rosidl_typesupport_microxrcedds_c.h
-- Up-to-date: /home/robot/app/robot_ws/install/std_srvs/include/std_srvs/srv/detail/empty__rosidl_typesupport_microxrcedds_c.h
-- Up-to-date: /home/robot/app/robot_ws/install/std_srvs/include/std_srvs/srv/detail/microxrcedds
-- Up-to-date: /home/robot/app/robot_ws/install/std_srvs/include/std_srvs/msg
-- Up-to-date: /home/robot/app/robot_ws/install/std_srvs/include/std_srvs/msg/rosidl_typesupport_microxrcedds_c__visibility_control.h
-- Up-to-date: /home/robot/app/robot_ws/install/std_srvs/lib/libstd_srvs__rosidl_typesupport_microxrcedds_c.so
-- Up-to-date: /home/robot/app/robot_ws/install/std_srvs/include/std_srvs/std_srvs
-- Up-to-date: /home/robot/app/robot_ws/install/std_srvs/include/std_srvs/std_srvs/srv
-- Up-to-date: /home/robot/app/robot_ws/install/std_srvs/include/std_srvs/std_srvs/srv/detail
-- Up-to-date: /home/robot/app/robot_ws/install/std_srvs/include/std_srvs/std_srvs/srv/detail/empty__rosidl_typesupport_fastrtps_c.h
-- Up-to-date: /home/robot/app/robot_ws/install/std_srvs/include/std_srvs/std_srvs/srv/detail/set_bool__rosidl_typesupport_fastrtps_c.h
-- Up-to-date: /home/robot/app/robot_ws/install/std_srvs/include/std_srvs/std_srvs/srv/detail/trigger__rosidl_typesupport_fastrtps_c.h
-- Up-to-date: /home/robot/app/robot_ws/install/std_srvs/include/std_srvs/std_srvs/msg
-- Up-to-date: /home/robot/app/robot_ws/install/std_srvs/include/std_srvs/std_srvs/msg/rosidl_typesupport_fastrtps_c__visibility_control.h
-- Up-to-date: /home/robot/app/robot_ws/install/std_srvs/lib/libstd_srvs__rosidl_typesupport_fastrtps_c.so
-- Up-to-date: /home/robot/app/robot_ws/install/std_srvs/include/std_srvs/std_srvs
-- Up-to-date: /home/robot/app/robot_ws/install/std_srvs/include/std_srvs/std_srvs/srv
-- Up-to-date: /home/robot/app/robot_ws/install/std_srvs/include/std_srvs/std_srvs/srv/detail
-- Up-to-date: /home/robot/app/robot_ws/install/std_srvs/include/std_srvs/std_srvs/srv/detail/set_bool__rosidl_typesupport_introspection_c.h
-- Up-to-date: /home/robot/app/robot_ws/install/std_srvs/include/std_srvs/std_srvs/srv/detail/trigger__rosidl_typesupport_introspection_c.h
-- Up-to-date: /home/robot/app/robot_ws/install/std_srvs/include/std_srvs/std_srvs/srv/detail/trigger__type_support.c
-- Up-to-date: /home/robot/app/robot_ws/install/std_srvs/include/std_srvs/std_srvs/srv/detail/empty__type_support.c
-- Up-to-date: /home/robot/app/robot_ws/install/std_srvs/include/std_srvs/std_srvs/srv/detail/empty__rosidl_typesupport_introspection_c.h
-- Up-to-date: /home/robot/app/robot_ws/install/std_srvs/include/std_srvs/std_srvs/srv/detail/set_bool__type_support.c
-- Up-to-date: /home/robot/app/robot_ws/install/std_srvs/include/std_srvs/std_srvs/msg
-- Up-to-date: /home/robot/app/robot_ws/install/std_srvs/include/std_srvs/std_srvs/msg/rosidl_typesupport_introspection_c__visibility_control.h
-- Up-to-date: /home/robot/app/robot_ws/install/std_srvs/lib/libstd_srvs__rosidl_typesupport_introspection_c.so
-- Up-to-date: /home/robot/app/robot_ws/install/std_srvs/lib/libstd_srvs__rosidl_typesupport_c.so
-- Up-to-date: /home/robot/app/robot_ws/install/std_srvs/include/std_srvs/std_srvs
-- Up-to-date: /home/robot/app/robot_ws/install/std_srvs/include/std_srvs/std_srvs/srv
-- Up-to-date: /home/robot/app/robot_ws/install/std_srvs/include/std_srvs/std_srvs/srv/set_bool.hpp
-- Up-to-date: /home/robot/app/robot_ws/install/std_srvs/include/std_srvs/std_srvs/srv/trigger.hpp
-- Up-to-date: /home/robot/app/robot_ws/install/std_srvs/include/std_srvs/std_srvs/srv/empty.hpp
-- Up-to-date: /home/robot/app/robot_ws/install/std_srvs/include/std_srvs/std_srvs/srv/detail
-- Up-to-date: /home/robot/app/robot_ws/install/std_srvs/include/std_srvs/std_srvs/srv/detail/set_bool__struct.hpp
-- Up-to-date: /home/robot/app/robot_ws/install/std_srvs/include/std_srvs/std_srvs/srv/detail/empty__struct.hpp
-- Up-to-date: /home/robot/app/robot_ws/install/std_srvs/include/std_srvs/std_srvs/srv/detail/trigger__struct.hpp
-- Up-to-date: /home/robot/app/robot_ws/install/std_srvs/include/std_srvs/std_srvs/srv/detail/trigger__traits.hpp
-- Up-to-date: /home/robot/app/robot_ws/install/std_srvs/include/std_srvs/std_srvs/srv/detail/empty__traits.hpp
-- Up-to-date: /home/robot/app/robot_ws/install/std_srvs/include/std_srvs/std_srvs/srv/detail/trigger__builder.hpp
-- Up-to-date: /home/robot/app/robot_ws/install/std_srvs/include/std_srvs/std_srvs/srv/detail/set_bool__traits.hpp
-- Up-to-date: /home/robot/app/robot_ws/install/std_srvs/include/std_srvs/std_srvs/srv/detail/set_bool__builder.hpp
-- Up-to-date: /home/robot/app/robot_ws/install/std_srvs/include/std_srvs/std_srvs/srv/detail/empty__builder.hpp
-- Up-to-date: /home/robot/app/robot_ws/install/std_srvs/include/std_srvs
-- Up-to-date: /home/robot/app/robot_ws/install/std_srvs/include/std_srvs/srv
-- Up-to-date: /home/robot/app/robot_ws/install/std_srvs/include/std_srvs/srv/detail
-- Up-to-date: /home/robot/app/robot_ws/install/std_srvs/include/std_srvs/srv/detail/empty__rosidl_typesupport_microxrcedds_cpp.hpp
-- Up-to-date: /home/robot/app/robot_ws/install/std_srvs/include/std_srvs/srv/detail/microxrcedds
-- Up-to-date: /home/robot/app/robot_ws/install/std_srvs/include/std_srvs/srv/detail/microxrcedds/empty__type_support_cpp.cpp
-- Up-to-date: /home/robot/app/robot_ws/install/std_srvs/include/std_srvs/srv/detail/microxrcedds/trigger__type_support_cpp.cpp
-- Up-to-date: /home/robot/app/robot_ws/install/std_srvs/include/std_srvs/srv/detail/microxrcedds/set_bool__type_support_cpp.cpp
-- Up-to-date: /home/robot/app/robot_ws/install/std_srvs/include/std_srvs/srv/detail/set_bool__rosidl_typesupport_microxrcedds_cpp.hpp
-- Up-to-date: /home/robot/app/robot_ws/install/std_srvs/include/std_srvs/srv/detail/trigger__rosidl_typesupport_microxrcedds_cpp.hpp
-- Up-to-date: /home/robot/app/robot_ws/install/std_srvs/include/std_srvs/msg
-- Up-to-date: /home/robot/app/robot_ws/install/std_srvs/include/std_srvs/msg/rosidl_typesupport_microxrcedds_cpp__visibility_control.h
-- Up-to-date: /home/robot/app/robot_ws/install/std_srvs/lib/libstd_srvs__rosidl_typesupport_microxrcedds_cpp.so
-- Up-to-date: /home/robot/app/robot_ws/install/std_srvs/include/std_srvs/std_srvs
-- Up-to-date: /home/robot/app/robot_ws/install/std_srvs/include/std_srvs/std_srvs/srv
-- Up-to-date: /home/robot/app/robot_ws/install/std_srvs/include/std_srvs/std_srvs/srv/detail
-- Up-to-date: /home/robot/app/robot_ws/install/std_srvs/include/std_srvs/std_srvs/srv/detail/set_bool__rosidl_typesupport_fastrtps_cpp.hpp
-- Up-to-date: /home/robot/app/robot_ws/install/std_srvs/include/std_srvs/std_srvs/srv/detail/dds_fastrtps
-- Up-to-date: /home/robot/app/robot_ws/install/std_srvs/include/std_srvs/std_srvs/srv/detail/empty__rosidl_typesupport_fastrtps_cpp.hpp
-- Up-to-date: /home/robot/app/robot_ws/install/std_srvs/include/std_srvs/std_srvs/srv/detail/trigger__rosidl_typesupport_fastrtps_cpp.hpp
-- Up-to-date: /home/robot/app/robot_ws/install/std_srvs/include/std_srvs/std_srvs/msg
-- Up-to-date: /home/robot/app/robot_ws/install/std_srvs/include/std_srvs/std_srvs/msg/rosidl_typesupport_fastrtps_cpp__visibility_control.h
-- Up-to-date: /home/robot/app/robot_ws/install/std_srvs/lib/libstd_srvs__rosidl_typesupport_fastrtps_cpp.so
-- Up-to-date: /home/robot/app/robot_ws/install/std_srvs/include/std_srvs/std_srvs
-- Up-to-date: /home/robot/app/robot_ws/install/std_srvs/include/std_srvs/std_srvs/srv
-- Up-to-date: /home/robot/app/robot_ws/install/std_srvs/include/std_srvs/std_srvs/srv/detail
-- Up-to-date: /home/robot/app/robot_ws/install/std_srvs/include/std_srvs/std_srvs/srv/detail/empty__type_support.cpp
-- Up-to-date: /home/robot/app/robot_ws/install/std_srvs/include/std_srvs/std_srvs/srv/detail/trigger__rosidl_typesupport_introspection_cpp.hpp
-- Up-to-date: /home/robot/app/robot_ws/install/std_srvs/include/std_srvs/std_srvs/srv/detail/set_bool__rosidl_typesupport_introspection_cpp.hpp
-- Up-to-date: /home/robot/app/robot_ws/install/std_srvs/include/std_srvs/std_srvs/srv/detail/set_bool__type_support.cpp
-- Up-to-date: /home/robot/app/robot_ws/install/std_srvs/include/std_srvs/std_srvs/srv/detail/trigger__type_support.cpp
-- Up-to-date: /home/robot/app/robot_ws/install/std_srvs/include/std_srvs/std_srvs/srv/detail/empty__rosidl_typesupport_introspection_cpp.hpp
-- Up-to-date: /home/robot/app/robot_ws/install/std_srvs/lib/libstd_srvs__rosidl_typesupport_introspection_cpp.so
-- Up-to-date: /home/robot/app/robot_ws/install/std_srvs/lib/libstd_srvs__rosidl_typesupport_cpp.so
-- Up-to-date: /home/robot/app/robot_ws/install/std_srvs/share/std_srvs/environment/pythonpath.sh
-- Up-to-date: /home/robot/app/robot_ws/install/std_srvs/share/std_srvs/environment/pythonpath.dsv
-- Up-to-date: /home/robot/app/robot_ws/install/std_srvs/local/lib/python3.10/dist-packages/std_srvs-4.2.4-py3.10.egg-info
-- Installing: /home/robot/app/robot_ws/install/std_srvs/local/lib/python3.10/dist-packages/std_srvs-4.2.4-py3.10.egg-info/dependency_links.txt
-- Installing: /home/robot/app/robot_ws/install/std_srvs/local/lib/python3.10/dist-packages/std_srvs-4.2.4-py3.10.egg-info/PKG-INFO
-- Installing: /home/robot/app/robot_ws/install/std_srvs/local/lib/python3.10/dist-packages/std_srvs-4.2.4-py3.10.egg-info/SOURCES.txt
-- Installing: /home/robot/app/robot_ws/install/std_srvs/local/lib/python3.10/dist-packages/std_srvs-4.2.4-py3.10.egg-info/top_level.txt
-- Up-to-date: /home/robot/app/robot_ws/install/std_srvs/local/lib/python3.10/dist-packages/std_srvs
-- Up-to-date: /home/robot/app/robot_ws/install/std_srvs/local/lib/python3.10/dist-packages/std_srvs/__init__.py
-- Up-to-date: /home/robot/app/robot_ws/install/std_srvs/local/lib/python3.10/dist-packages/std_srvs/_std_srvs_s.ep.rosidl_typesupport_c.c
-- Up-to-date: /home/robot/app/robot_ws/install/std_srvs/local/lib/python3.10/dist-packages/std_srvs/srv
-- Up-to-date: /home/robot/app/robot_ws/install/std_srvs/local/lib/python3.10/dist-packages/std_srvs/srv/__init__.py
-- Up-to-date: /home/robot/app/robot_ws/install/std_srvs/local/lib/python3.10/dist-packages/std_srvs/srv/_trigger_s.c
-- Up-to-date: /home/robot/app/robot_ws/install/std_srvs/local/lib/python3.10/dist-packages/std_srvs/srv/_set_bool_s.c
-- Up-to-date: /home/robot/app/robot_ws/install/std_srvs/local/lib/python3.10/dist-packages/std_srvs/srv/_empty_s.c
-- Up-to-date: /home/robot/app/robot_ws/install/std_srvs/local/lib/python3.10/dist-packages/std_srvs/srv/_trigger.py
-- Up-to-date: /home/robot/app/robot_ws/install/std_srvs/local/lib/python3.10/dist-packages/std_srvs/srv/_empty.py
-- Up-to-date: /home/robot/app/robot_ws/install/std_srvs/local/lib/python3.10/dist-packages/std_srvs/srv/_set_bool.py
-- Up-to-date: /home/robot/app/robot_ws/install/std_srvs/local/lib/python3.10/dist-packages/std_srvs/_std_srvs_s.ep.rosidl_typesupport_introspection_c.c
-- Up-to-date: /home/robot/app/robot_ws/install/std_srvs/local/lib/python3.10/dist-packages/std_srvs/std_srvs_s__rosidl_typesupport_fastrtps_c.cpython-310-x86_64-linux-gnu.so
-- Up-to-date: /home/robot/app/robot_ws/install/std_srvs/local/lib/python3.10/dist-packages/std_srvs/libstd_srvs__rosidl_generator_py.so
-- Up-to-date: /home/robot/app/robot_ws/install/std_srvs/local/lib/python3.10/dist-packages/std_srvs/_std_srvs_s.ep.rosidl_typesupport_fastrtps_c.c
-- Up-to-date: /home/robot/app/robot_ws/install/std_srvs/local/lib/python3.10/dist-packages/std_srvs/std_srvs_s__rosidl_typesupport_microxrcedds_c.cpython-310-x86_64-linux-gnu.so
-- Up-to-date: /home/robot/app/robot_ws/install/std_srvs/local/lib/python3.10/dist-packages/std_srvs/_std_srvs_s.ep.rosidl_typesupport_microxrcedds_c.c
-- Up-to-date: /home/robot/app/robot_ws/install/std_srvs/local/lib/python3.10/dist-packages/std_srvs/std_srvs_s__rosidl_typesupport_c.cpython-310-x86_64-linux-gnu.so
-- Up-to-date: /home/robot/app/robot_ws/install/std_srvs/local/lib/python3.10/dist-packages/std_srvs/std_srvs_s__rosidl_typesupport_introspection_c.cpython-310-x86_64-linux-gnu.so
Listing '/home/robot/app/robot_ws/install/std_srvs/local/lib/python3.10/dist-packages/std_srvs'...
Listing '/home/robot/app/robot_ws/install/std_srvs/local/lib/python3.10/dist-packages/std_srvs/srv'...
-- Up-to-date: /home/robot/app/robot_ws/install/std_srvs/local/lib/python3.10/dist-packages/std_srvs/std_srvs_s__rosidl_typesupport_microxrcedds_c.cpython-310-x86_64-linux-gnu.so
-- Up-to-date: /home/robot/app/robot_ws/install/std_srvs/local/lib/python3.10/dist-packages/std_srvs/std_srvs_s__rosidl_typesupport_fastrtps_c.cpython-310-x86_64-linux-gnu.so
-- Up-to-date: /home/robot/app/robot_ws/install/std_srvs/local/lib/python3.10/dist-packages/std_srvs/std_srvs_s__rosidl_typesupport_introspection_c.cpython-310-x86_64-linux-gnu.so
-- Up-to-date: /home/robot/app/robot_ws/install/std_srvs/local/lib/python3.10/dist-packages/std_srvs/std_srvs_s__rosidl_typesupport_c.cpython-310-x86_64-linux-gnu.so
-- Up-to-date: /home/robot/app/robot_ws/install/std_srvs/lib/libstd_srvs__rosidl_generator_py.so
-- Up-to-date: /home/robot/app/robot_ws/install/std_srvs/share/std_srvs/srv/Empty.idl
-- Up-to-date: /home/robot/app/robot_ws/install/std_srvs/share/std_srvs/srv/SetBool.idl
-- Up-to-date: /home/robot/app/robot_ws/install/std_srvs/share/std_srvs/srv/Trigger.idl
-- Up-to-date: /home/robot/app/robot_ws/install/std_srvs/share/std_srvs/srv/Empty.srv
-- Up-to-date: /home/robot/app/robot_ws/install/std_srvs/share/std_srvs/srv/Empty_Request.msg
-- Up-to-date: /home/robot/app/robot_ws/install/std_srvs/share/std_srvs/srv/Empty_Response.msg
-- Up-to-date: /home/robot/app/robot_ws/install/std_srvs/share/std_srvs/srv/SetBool.srv
-- Up-to-date: /home/robot/app/robot_ws/install/std_srvs/share/std_srvs/srv/SetBool_Request.msg
-- Up-to-date: /home/robot/app/robot_ws/install/std_srvs/share/std_srvs/srv/SetBool_Response.msg
-- Up-to-date: /home/robot/app/robot_ws/install/std_srvs/share/std_srvs/srv/Trigger.srv
-- Up-to-date: /home/robot/app/robot_ws/install/std_srvs/share/std_srvs/srv/Trigger_Request.msg
-- Up-to-date: /home/robot/app/robot_ws/install/std_srvs/share/std_srvs/srv/Trigger_Response.msg
-- Up-to-date: /home/robot/app/robot_ws/install/std_srvs/share/ament_index/resource_index/package_run_dependencies/std_srvs
-- Up-to-date: /home/robot/app/robot_ws/install/std_srvs/share/ament_index/resource_index/parent_prefix_path/std_srvs
-- Up-to-date: /home/robot/app/robot_ws/install/std_srvs/share/std_srvs/environment/ament_prefix_path.sh
-- Up-to-date: /home/robot/app/robot_ws/install/std_srvs/share/std_srvs/environment/ament_prefix_path.dsv
-- Up-to-date: /home/robot/app/robot_ws/install/std_srvs/share/std_srvs/environment/path.sh
-- Up-to-date: /home/robot/app/robot_ws/install/std_srvs/share/std_srvs/environment/path.dsv
-- Up-to-date: /home/robot/app/robot_ws/install/std_srvs/share/std_srvs/local_setup.bash
-- Up-to-date: /home/robot/app/robot_ws/install/std_srvs/share/std_srvs/local_setup.sh
-- Up-to-date: /home/robot/app/robot_ws/install/std_srvs/share/std_srvs/local_setup.zsh
-- Up-to-date: /home/robot/app/robot_ws/install/std_srvs/share/std_srvs/local_setup.dsv
-- Installing: /home/robot/app/robot_ws/install/std_srvs/share/std_srvs/package.dsv
-- Up-to-date: /home/robot/app/robot_ws/install/std_srvs/share/ament_index/resource_index/packages/std_srvs
-- Up-to-date: /home/robot/app/robot_ws/install/std_srvs/share/std_srvs/cmake/export_std_srvs__rosidl_generator_cExport.cmake
-- Up-to-date: /home/robot/app/robot_ws/install/std_srvs/share/std_srvs/cmake/export_std_srvs__rosidl_generator_cExport-noconfig.cmake
-- Up-to-date: /home/robot/app/robot_ws/install/std_srvs/share/std_srvs/cmake/export_std_srvs__rosidl_typesupport_fastrtps_cExport.cmake
-- Up-to-date: /home/robot/app/robot_ws/install/std_srvs/share/std_srvs/cmake/export_std_srvs__rosidl_typesupport_fastrtps_cExport-noconfig.cmake
-- Up-to-date: /home/robot/app/robot_ws/install/std_srvs/share/std_srvs/cmake/std_srvs__rosidl_typesupport_introspection_cExport.cmake
-- Up-to-date: /home/robot/app/robot_ws/install/std_srvs/share/std_srvs/cmake/std_srvs__rosidl_typesupport_introspection_cExport-noconfig.cmake
-- Up-to-date: /home/robot/app/robot_ws/install/std_srvs/share/std_srvs/cmake/std_srvs__rosidl_typesupport_cExport.cmake
-- Up-to-date: /home/robot/app/robot_ws/install/std_srvs/share/std_srvs/cmake/std_srvs__rosidl_typesupport_cExport-noconfig.cmake
-- Up-to-date: /home/robot/app/robot_ws/install/std_srvs/share/std_srvs/cmake/export_std_srvs__rosidl_generator_cppExport.cmake
-- Up-to-date: /home/robot/app/robot_ws/install/std_srvs/share/std_srvs/cmake/export_std_srvs__rosidl_typesupport_fastrtps_cppExport.cmake
-- Up-to-date: /home/robot/app/robot_ws/install/std_srvs/share/std_srvs/cmake/export_std_srvs__rosidl_typesupport_fastrtps_cppExport-noconfig.cmake
-- Up-to-date: /home/robot/app/robot_ws/install/std_srvs/share/std_srvs/cmake/std_srvs__rosidl_typesupport_introspection_cppExport.cmake
-- Up-to-date: /home/robot/app/robot_ws/install/std_srvs/share/std_srvs/cmake/std_srvs__rosidl_typesupport_introspection_cppExport-noconfig.cmake
-- Up-to-date: /home/robot/app/robot_ws/install/std_srvs/share/std_srvs/cmake/std_srvs__rosidl_typesupport_cppExport.cmake
-- Up-to-date: /home/robot/app/robot_ws/install/std_srvs/share/std_srvs/cmake/std_srvs__rosidl_typesupport_cppExport-noconfig.cmake
-- Up-to-date: /home/robot/app/robot_ws/install/std_srvs/share/std_srvs/cmake/export_std_srvs__rosidl_generator_pyExport.cmake
-- Up-to-date: /home/robot/app/robot_ws/install/std_srvs/share/std_srvs/cmake/export_std_srvs__rosidl_generator_pyExport-noconfig.cmake
-- Up-to-date: /home/robot/app/robot_ws/install/std_srvs/share/std_srvs/cmake/rosidl_cmake-extras.cmake
-- Up-to-date: /home/robot/app/robot_ws/install/std_srvs/share/std_srvs/cmake/ament_cmake_export_include_directories-extras.cmake
-- Up-to-date: /home/robot/app/robot_ws/install/std_srvs/share/std_srvs/cmake/ament_cmake_export_libraries-extras.cmake
-- Up-to-date: /home/robot/app/robot_ws/install/std_srvs/share/std_srvs/cmake/ament_cmake_export_targets-extras.cmake
-- Up-to-date: /home/robot/app/robot_ws/install/std_srvs/share/std_srvs/cmake/rosidl_cmake_export_typesupport_targets-extras.cmake
-- Up-to-date: /home/robot/app/robot_ws/install/std_srvs/share/std_srvs/cmake/ament_cmake_export_dependencies-extras.cmake
-- Up-to-date: /home/robot/app/robot_ws/install/std_srvs/share/std_srvs/cmake/rosidl_cmake_export_typesupport_libraries-extras.cmake
-- Up-to-date: /home/robot/app/robot_ws/install/std_srvs/share/std_srvs/cmake/std_srvsConfig.cmake
-- Up-to-date: /home/robot/app/robot_ws/install/std_srvs/share/std_srvs/cmake/std_srvsConfig-version.cmake
-- Up-to-date: /home/robot/app/robot_ws/install/std_srvs/share/std_srvs/package.xml
