[0.084s] Invoking command in '/home/robot/app/robot_ws/build/micro_ros_utilities': CMAKE_PREFIX_PATH=${CMAKE_PREFIX_PATH}:/home/robot/app/robot_ws/install/sensor_msgs_py:/opt/ros/humble /usr/bin/cmake /home/robot/app/robot_ws/src/uros/micro_ros_utilities -DBUILD_TESTING=OFF -DBUILD_SHARED_LIBS=ON -DCMAKE_INSTALL_PREFIX=/home/robot/app/robot_ws/install/micro_ros_utilities
[0.152s] -- Found ament_cmake: 1.3.10 (/opt/ros/humble/share/ament_cmake/cmake)
[0.789s] -- Found rosidl_typesupport_introspection_c: 3.1.5 (/opt/ros/humble/share/rosidl_typesupport_introspection_c/cmake)
[0.803s] -- Found rosidl_adapter: 3.1.5 (/opt/ros/humble/share/rosidl_adapter/cmake)
[1.121s] -- Configuring done
[1.133s] -- Generating done
[1.140s] -- Build files have been written to: /home/robot/app/robot_ws/build/micro_ros_utilities
[1.150s] Invoked command in '/home/robot/app/robot_ws/build/micro_ros_utilities' returned '0': CMAKE_PREFIX_PATH=${CMAKE_PREFIX_PATH}:/home/robot/app/robot_ws/install/sensor_msgs_py:/opt/ros/humble /usr/bin/cmake /home/robot/app/robot_ws/src/uros/micro_ros_utilities -DBUILD_TESTING=OFF -DBUILD_SHARED_LIBS=ON -DCMAKE_INSTALL_PREFIX=/home/robot/app/robot_ws/install/micro_ros_utilities
[1.166s] Invoking command in '/home/robot/app/robot_ws/build/micro_ros_utilities': CMAKE_PREFIX_PATH=${CMAKE_PREFIX_PATH}:/home/robot/app/robot_ws/install/sensor_msgs_py:/opt/ros/humble /usr/bin/cmake --build /home/robot/app/robot_ws/build/micro_ros_utilities -- -j8 -l8
[1.335s] [35m[1mConsolidate compiler generated dependencies of target micro_ros_utilities[0m
[1.386s] [ 33%] [32mBuilding C object CMakeFiles/micro_ros_utilities.dir/src/string_utilities.c.o[0m
[1.407s] [ 66%] [32mBuilding C object CMakeFiles/micro_ros_utilities.dir/src/type_utilities.c.o[0m
[1.634s] [100%] [32m[1mLinking C shared library libmicro_ros_utilities.so[0m
[1.760s] [100%] Built target micro_ros_utilities
[1.809s] Invoked command in '/home/robot/app/robot_ws/build/micro_ros_utilities' returned '0': CMAKE_PREFIX_PATH=${CMAKE_PREFIX_PATH}:/home/robot/app/robot_ws/install/sensor_msgs_py:/opt/ros/humble /usr/bin/cmake --build /home/robot/app/robot_ws/build/micro_ros_utilities -- -j8 -l8
[2.006s] Invoking command in '/home/robot/app/robot_ws/build/micro_ros_utilities': CMAKE_PREFIX_PATH=${CMAKE_PREFIX_PATH}:/home/robot/app/robot_ws/install/sensor_msgs_py:/opt/ros/humble /usr/bin/cmake --install /home/robot/app/robot_ws/build/micro_ros_utilities
[2.580s] -- Install configuration: ""
[2.581s] -- Up-to-date: /home/robot/app/robot_ws/install/micro_ros_utilities/include
[2.581s] -- Up-to-date: /home/robot/app/robot_ws/install/micro_ros_utilities/include/micro_ros_utilities
[2.581s] -- Installing: /home/robot/app/robot_ws/install/micro_ros_utilities/include/micro_ros_utilities/string_utilities.h
[2.581s] -- Installing: /home/robot/app/robot_ws/install/micro_ros_utilities/include/micro_ros_utilities/type_utilities.h
[2.581s] -- Installing: /home/robot/app/robot_ws/install/micro_ros_utilities/include/micro_ros_utilities/visibility_control.h
[2.582s] -- Installing: /home/robot/app/robot_ws/install/micro_ros_utilities/lib/libmicro_ros_utilities.so
[2.582s] -- Set runtime path of "/home/robot/app/robot_ws/install/micro_ros_utilities/lib/libmicro_ros_utilities.so" to ""
[2.582s] -- Up-to-date: /home/robot/app/robot_ws/install/micro_ros_utilities/share/micro_ros_utilities/environment/library_path.sh
[2.582s] -- Installing: /home/robot/app/robot_ws/install/micro_ros_utilities/share/micro_ros_utilities/environment/library_path.dsv
[2.582s] -- Up-to-date: /home/robot/app/robot_ws/install/micro_ros_utilities/share/ament_index/resource_index/package_run_dependencies/micro_ros_utilities
[2.583s] -- Installing: /home/robot/app/robot_ws/install/micro_ros_utilities/share/ament_index/resource_index/parent_prefix_path/micro_ros_utilities
[2.583s] -- Up-to-date: /home/robot/app/robot_ws/install/micro_ros_utilities/share/micro_ros_utilities/environment/ament_prefix_path.sh
[2.583s] -- Installing: /home/robot/app/robot_ws/install/micro_ros_utilities/share/micro_ros_utilities/environment/ament_prefix_path.dsv
[2.583s] -- Up-to-date: /home/robot/app/robot_ws/install/micro_ros_utilities/share/micro_ros_utilities/environment/path.sh
[2.584s] -- Installing: /home/robot/app/robot_ws/install/micro_ros_utilities/share/micro_ros_utilities/environment/path.dsv
[2.588s] -- Up-to-date: /home/robot/app/robot_ws/install/micro_ros_utilities/share/micro_ros_utilities/local_setup.bash
[2.588s] -- Up-to-date: /home/robot/app/robot_ws/install/micro_ros_utilities/share/micro_ros_utilities/local_setup.sh
[2.588s] -- Up-to-date: /home/robot/app/robot_ws/install/micro_ros_utilities/share/micro_ros_utilities/local_setup.zsh
[2.589s] -- Installing: /home/robot/app/robot_ws/install/micro_ros_utilities/share/micro_ros_utilities/local_setup.dsv
[2.589s] -- Installing: /home/robot/app/robot_ws/install/micro_ros_utilities/share/micro_ros_utilities/package.dsv
[2.589s] -- Up-to-date: /home/robot/app/robot_ws/install/micro_ros_utilities/share/ament_index/resource_index/packages/micro_ros_utilities
[2.590s] -- Up-to-date: /home/robot/app/robot_ws/install/micro_ros_utilities/share/micro_ros_utilities/cmake/ament_cmake_export_include_directories-extras.cmake
[2.607s] -- Up-to-date: /home/robot/app/robot_ws/install/micro_ros_utilities/share/micro_ros_utilities/cmake/ament_cmake_export_libraries-extras.cmake
[2.607s] -- Up-to-date: /home/robot/app/robot_ws/install/micro_ros_utilities/share/micro_ros_utilities/cmake/ament_cmake_export_dependencies-extras.cmake
[2.608s] -- Up-to-date: /home/robot/app/robot_ws/install/micro_ros_utilities/share/micro_ros_utilities/cmake/micro_ros_utilitiesConfig.cmake
[2.609s] -- Up-to-date: /home/robot/app/robot_ws/install/micro_ros_utilities/share/micro_ros_utilities/cmake/micro_ros_utilitiesConfig-version.cmake
[2.609s] -- Installing: /home/robot/app/robot_ws/install/micro_ros_utilities/share/micro_ros_utilities/package.xml
[2.609s] Invoked command in '/home/robot/app/robot_ws/build/micro_ros_utilities' returned '0': CMAKE_PREFIX_PATH=${CMAKE_PREFIX_PATH}:/home/robot/app/robot_ws/install/sensor_msgs_py:/opt/ros/humble /usr/bin/cmake --install /home/robot/app/robot_ws/build/micro_ros_utilities
