[0.148s] Invoking command in '/home/robot/app/robot_ws/build/stereo_msgs': CMAKE_PREFIX_PATH=/home/robot/app/robot_ws/install/sensor_msgs:/home/robot/app/robot_ws/install/geometry_msgs:/home/robot/app/robot_ws/install/std_msgs:/home/robot/app/robot_ws/install/builtin_interfaces:/home/robot/app/robot_ws/install/micro_ros_demos_rclc:/home/robot/app/robot_ws/install/common_interfaces:/home/robot/app/robot_ws/install/visualization_msgs:/home/robot/app/robot_ws/install/test_msgs:/home/robot/app/robot_ws/install/example_interfaces:/home/robot/app/robot_ws/install/action_msgs:/home/robot/app/robot_ws/install/unique_identifier_msgs:/home/robot/app/robot_ws/install/trajectory_msgs:/home/robot/app/robot_ws/install/stereo_msgs:/home/robot/app/robot_ws/install/std_srvs:/home/robot/app/robot_ws/install/shape_msgs:/home/robot/app/robot_ws/install/nav_msgs:/home/robot/app/robot_ws/install/diagnostic_msgs:/home/robot/app/robot_ws/install/actionlib_msgs:/home/robot/app/robot_ws/install/statistics_msgs:/home/robot/app/robot_ws/install/rosidl_typesupport_microxrcedds_test_msg:/home/robot/app/robot_ws/install/rosidl_typesupport_microxrcedds_cpp_tests:/home/robot/app/robot_ws/install/rmw_microxrcedds:/home/robot/app/robot_ws/install/rosidl_typesupport_microxrcedds_cpp:/home/robot/app/robot_ws/install/rosidl_typesupport_microxrcedds_c_tests:/home/robot/app/robot_ws/install/rosidl_typesupport_microxrcedds_c:/home/robot/app/robot_ws/install/rosgraph_msgs:/home/robot/app/robot_ws/install/rclc_parameter:/home/robot/app/robot_ws/install/rclc:/home/robot/app/robot_ws/install/composition_interfaces:/home/robot/app/robot_ws/install/rcl_interfaces:/home/robot/app/robot_ws/install/microxrcedds_client:/home/robot/app/robot_ws/install/microcdr:/home/robot/app/robot_ws/install/micro_ros_utilities:/home/robot/app/robot_ws/install/micro_ros_msgs:/home/robot/app/robot_ws/install/lifecycle_msgs:/home/robot/app/robot_ws/install/complex_msgs:/home/robot/app/robot_ws/install/micro_ros_setup:/home/robot/app/robot_ws/install/my_custom_message:/home/robot/app/robot_ws/install/sensor_msgs_py:/opt/ros/humble LD_LIBRARY_PATH=/home/robot/app/robot_ws/install/sensor_msgs/lib:/home/robot/app/robot_ws/install/geometry_msgs/lib:/home/robot/app/robot_ws/install/std_msgs/lib:/home/robot/app/robot_ws/install/builtin_interfaces/lib:/home/robot/app/robot_ws/install/visualization_msgs/lib:/home/robot/app/robot_ws/install/test_msgs/lib:/home/robot/app/robot_ws/install/example_interfaces/lib:/home/robot/app/robot_ws/install/action_msgs/lib:/home/robot/app/robot_ws/install/unique_identifier_msgs/lib:/home/robot/app/robot_ws/install/trajectory_msgs/lib:/home/robot/app/robot_ws/install/stereo_msgs/lib:/home/robot/app/robot_ws/install/std_srvs/lib:/home/robot/app/robot_ws/install/shape_msgs/lib:/home/robot/app/robot_ws/install/nav_msgs/lib:/home/robot/app/robot_ws/install/diagnostic_msgs/lib:/home/robot/app/robot_ws/install/actionlib_msgs/lib:/home/robot/app/robot_ws/install/statistics_msgs/lib:/home/robot/app/robot_ws/install/rmw_microxrcedds/lib:/home/robot/app/robot_ws/install/rosidl_typesupport_microxrcedds_cpp/lib:/home/robot/app/robot_ws/install/rosidl_typesupport_microxrcedds_c/lib:/home/robot/app/robot_ws/install/rosgraph_msgs/lib:/home/robot/app/robot_ws/install/rclc_parameter/lib:/home/robot/app/robot_ws/install/rclc/lib:/home/robot/app/robot_ws/install/composition_interfaces/lib:/home/robot/app/robot_ws/install/rcl_interfaces/lib:/home/robot/app/robot_ws/install/microxrcedds_client/lib:/home/robot/app/robot_ws/install/microcdr/lib:/home/robot/app/robot_ws/install/micro_ros_utilities/lib:/home/robot/app/robot_ws/install/micro_ros_msgs/lib:/home/robot/app/robot_ws/install/lifecycle_msgs/lib:/home/robot/app/robot_ws/install/complex_msgs/lib:/home/robot/app/robot_ws/install/my_custom_message/lib:/opt/ros/humble/opt/rviz_ogre_vendor/lib:/opt/ros/humble/lib/x86_64-linux-gnu:/opt/ros/humble/lib /usr/bin/cmake --build /home/robot/app/robot_ws/build/stereo_msgs -- -j8 -l8
[0.307s] [  7%] Built target stereo_msgs__rosidl_generator_c
[0.315s] [ 10%] Built target stereo_msgs__cpp
[0.379s] [ 10%] Built target ament_cmake_python_copy_stereo_msgs
[0.453s] [ 17%] Built target stereo_msgs__rosidl_typesupport_microxrcedds_c
[0.463s] [ 25%] Built target stereo_msgs__rosidl_typesupport_fastrtps_c
[0.499s] [ 33%] Built target stereo_msgs__rosidl_typesupport_cpp
[0.514s] [ 41%] Built target stereo_msgs__rosidl_typesupport_fastrtps_cpp
[0.523s] [ 48%] Built target stereo_msgs__rosidl_typesupport_introspection_c
[0.527s] [ 56%] Built target stereo_msgs__rosidl_typesupport_microxrcedds_cpp
[0.550s] [ 64%] Built target stereo_msgs__rosidl_typesupport_introspection_cpp
[0.556s] [ 71%] Built target stereo_msgs__rosidl_typesupport_c
[0.649s] [ 71%] Built target stereo_msgs
[0.716s] [ 74%] Built target stereo_msgs__py
[0.781s] [ 79%] Built target stereo_msgs__rosidl_generator_py
[0.866s] [ 84%] Built target stereo_msgs__rosidl_typesupport_fastrtps_c__pyext
[0.870s] [ 89%] Built target stereo_msgs__rosidl_typesupport_microxrcedds_c__pyext
[0.910s] [ 94%] Built target stereo_msgs__rosidl_typesupport_introspection_c__pyext
[0.918s] [100%] Built target stereo_msgs__rosidl_typesupport_c__pyext
[1.371s] running egg_info
[1.373s] writing stereo_msgs.egg-info/PKG-INFO
[1.373s] writing dependency_links to stereo_msgs.egg-info/dependency_links.txt
[1.374s] writing top-level names to stereo_msgs.egg-info/top_level.txt
[1.379s] reading manifest file 'stereo_msgs.egg-info/SOURCES.txt'
[1.381s] writing manifest file 'stereo_msgs.egg-info/SOURCES.txt'
[1.463s] [100%] Built target ament_cmake_python_build_stereo_msgs_egg
[1.494s] Invoked command in '/home/robot/app/robot_ws/build/stereo_msgs' returned '0': CMAKE_PREFIX_PATH=/home/robot/app/robot_ws/install/sensor_msgs:/home/robot/app/robot_ws/install/geometry_msgs:/home/robot/app/robot_ws/install/std_msgs:/home/robot/app/robot_ws/install/builtin_interfaces:/home/robot/app/robot_ws/install/micro_ros_demos_rclc:/home/robot/app/robot_ws/install/common_interfaces:/home/robot/app/robot_ws/install/visualization_msgs:/home/robot/app/robot_ws/install/test_msgs:/home/robot/app/robot_ws/install/example_interfaces:/home/robot/app/robot_ws/install/action_msgs:/home/robot/app/robot_ws/install/unique_identifier_msgs:/home/robot/app/robot_ws/install/trajectory_msgs:/home/robot/app/robot_ws/install/stereo_msgs:/home/robot/app/robot_ws/install/std_srvs:/home/robot/app/robot_ws/install/shape_msgs:/home/robot/app/robot_ws/install/nav_msgs:/home/robot/app/robot_ws/install/diagnostic_msgs:/home/robot/app/robot_ws/install/actionlib_msgs:/home/robot/app/robot_ws/install/statistics_msgs:/home/robot/app/robot_ws/install/rosidl_typesupport_microxrcedds_test_msg:/home/robot/app/robot_ws/install/rosidl_typesupport_microxrcedds_cpp_tests:/home/robot/app/robot_ws/install/rmw_microxrcedds:/home/robot/app/robot_ws/install/rosidl_typesupport_microxrcedds_cpp:/home/robot/app/robot_ws/install/rosidl_typesupport_microxrcedds_c_tests:/home/robot/app/robot_ws/install/rosidl_typesupport_microxrcedds_c:/home/robot/app/robot_ws/install/rosgraph_msgs:/home/robot/app/robot_ws/install/rclc_parameter:/home/robot/app/robot_ws/install/rclc:/home/robot/app/robot_ws/install/composition_interfaces:/home/robot/app/robot_ws/install/rcl_interfaces:/home/robot/app/robot_ws/install/microxrcedds_client:/home/robot/app/robot_ws/install/microcdr:/home/robot/app/robot_ws/install/micro_ros_utilities:/home/robot/app/robot_ws/install/micro_ros_msgs:/home/robot/app/robot_ws/install/lifecycle_msgs:/home/robot/app/robot_ws/install/complex_msgs:/home/robot/app/robot_ws/install/micro_ros_setup:/home/robot/app/robot_ws/install/my_custom_message:/home/robot/app/robot_ws/install/sensor_msgs_py:/opt/ros/humble LD_LIBRARY_PATH=/home/robot/app/robot_ws/install/sensor_msgs/lib:/home/robot/app/robot_ws/install/geometry_msgs/lib:/home/robot/app/robot_ws/install/std_msgs/lib:/home/robot/app/robot_ws/install/builtin_interfaces/lib:/home/robot/app/robot_ws/install/visualization_msgs/lib:/home/robot/app/robot_ws/install/test_msgs/lib:/home/robot/app/robot_ws/install/example_interfaces/lib:/home/robot/app/robot_ws/install/action_msgs/lib:/home/robot/app/robot_ws/install/unique_identifier_msgs/lib:/home/robot/app/robot_ws/install/trajectory_msgs/lib:/home/robot/app/robot_ws/install/stereo_msgs/lib:/home/robot/app/robot_ws/install/std_srvs/lib:/home/robot/app/robot_ws/install/shape_msgs/lib:/home/robot/app/robot_ws/install/nav_msgs/lib:/home/robot/app/robot_ws/install/diagnostic_msgs/lib:/home/robot/app/robot_ws/install/actionlib_msgs/lib:/home/robot/app/robot_ws/install/statistics_msgs/lib:/home/robot/app/robot_ws/install/rmw_microxrcedds/lib:/home/robot/app/robot_ws/install/rosidl_typesupport_microxrcedds_cpp/lib:/home/robot/app/robot_ws/install/rosidl_typesupport_microxrcedds_c/lib:/home/robot/app/robot_ws/install/rosgraph_msgs/lib:/home/robot/app/robot_ws/install/rclc_parameter/lib:/home/robot/app/robot_ws/install/rclc/lib:/home/robot/app/robot_ws/install/composition_interfaces/lib:/home/robot/app/robot_ws/install/rcl_interfaces/lib:/home/robot/app/robot_ws/install/microxrcedds_client/lib:/home/robot/app/robot_ws/install/microcdr/lib:/home/robot/app/robot_ws/install/micro_ros_utilities/lib:/home/robot/app/robot_ws/install/micro_ros_msgs/lib:/home/robot/app/robot_ws/install/lifecycle_msgs/lib:/home/robot/app/robot_ws/install/complex_msgs/lib:/home/robot/app/robot_ws/install/my_custom_message/lib:/opt/ros/humble/opt/rviz_ogre_vendor/lib:/opt/ros/humble/lib/x86_64-linux-gnu:/opt/ros/humble/lib /usr/bin/cmake --build /home/robot/app/robot_ws/build/stereo_msgs -- -j8 -l8
[1.767s] Invoking command in '/home/robot/app/robot_ws/build/stereo_msgs': CMAKE_PREFIX_PATH=/home/robot/app/robot_ws/install/sensor_msgs:/home/robot/app/robot_ws/install/geometry_msgs:/home/robot/app/robot_ws/install/std_msgs:/home/robot/app/robot_ws/install/builtin_interfaces:/home/robot/app/robot_ws/install/micro_ros_demos_rclc:/home/robot/app/robot_ws/install/common_interfaces:/home/robot/app/robot_ws/install/visualization_msgs:/home/robot/app/robot_ws/install/test_msgs:/home/robot/app/robot_ws/install/example_interfaces:/home/robot/app/robot_ws/install/action_msgs:/home/robot/app/robot_ws/install/unique_identifier_msgs:/home/robot/app/robot_ws/install/trajectory_msgs:/home/robot/app/robot_ws/install/stereo_msgs:/home/robot/app/robot_ws/install/std_srvs:/home/robot/app/robot_ws/install/shape_msgs:/home/robot/app/robot_ws/install/nav_msgs:/home/robot/app/robot_ws/install/diagnostic_msgs:/home/robot/app/robot_ws/install/actionlib_msgs:/home/robot/app/robot_ws/install/statistics_msgs:/home/robot/app/robot_ws/install/rosidl_typesupport_microxrcedds_test_msg:/home/robot/app/robot_ws/install/rosidl_typesupport_microxrcedds_cpp_tests:/home/robot/app/robot_ws/install/rmw_microxrcedds:/home/robot/app/robot_ws/install/rosidl_typesupport_microxrcedds_cpp:/home/robot/app/robot_ws/install/rosidl_typesupport_microxrcedds_c_tests:/home/robot/app/robot_ws/install/rosidl_typesupport_microxrcedds_c:/home/robot/app/robot_ws/install/rosgraph_msgs:/home/robot/app/robot_ws/install/rclc_parameter:/home/robot/app/robot_ws/install/rclc:/home/robot/app/robot_ws/install/composition_interfaces:/home/robot/app/robot_ws/install/rcl_interfaces:/home/robot/app/robot_ws/install/microxrcedds_client:/home/robot/app/robot_ws/install/microcdr:/home/robot/app/robot_ws/install/micro_ros_utilities:/home/robot/app/robot_ws/install/micro_ros_msgs:/home/robot/app/robot_ws/install/lifecycle_msgs:/home/robot/app/robot_ws/install/complex_msgs:/home/robot/app/robot_ws/install/micro_ros_setup:/home/robot/app/robot_ws/install/my_custom_message:/home/robot/app/robot_ws/install/sensor_msgs_py:/opt/ros/humble LD_LIBRARY_PATH=/home/robot/app/robot_ws/install/sensor_msgs/lib:/home/robot/app/robot_ws/install/geometry_msgs/lib:/home/robot/app/robot_ws/install/std_msgs/lib:/home/robot/app/robot_ws/install/builtin_interfaces/lib:/home/robot/app/robot_ws/install/visualization_msgs/lib:/home/robot/app/robot_ws/install/test_msgs/lib:/home/robot/app/robot_ws/install/example_interfaces/lib:/home/robot/app/robot_ws/install/action_msgs/lib:/home/robot/app/robot_ws/install/unique_identifier_msgs/lib:/home/robot/app/robot_ws/install/trajectory_msgs/lib:/home/robot/app/robot_ws/install/stereo_msgs/lib:/home/robot/app/robot_ws/install/std_srvs/lib:/home/robot/app/robot_ws/install/shape_msgs/lib:/home/robot/app/robot_ws/install/nav_msgs/lib:/home/robot/app/robot_ws/install/diagnostic_msgs/lib:/home/robot/app/robot_ws/install/actionlib_msgs/lib:/home/robot/app/robot_ws/install/statistics_msgs/lib:/home/robot/app/robot_ws/install/rmw_microxrcedds/lib:/home/robot/app/robot_ws/install/rosidl_typesupport_microxrcedds_cpp/lib:/home/robot/app/robot_ws/install/rosidl_typesupport_microxrcedds_c/lib:/home/robot/app/robot_ws/install/rosgraph_msgs/lib:/home/robot/app/robot_ws/install/rclc_parameter/lib:/home/robot/app/robot_ws/install/rclc/lib:/home/robot/app/robot_ws/install/composition_interfaces/lib:/home/robot/app/robot_ws/install/rcl_interfaces/lib:/home/robot/app/robot_ws/install/microxrcedds_client/lib:/home/robot/app/robot_ws/install/microcdr/lib:/home/robot/app/robot_ws/install/micro_ros_utilities/lib:/home/robot/app/robot_ws/install/micro_ros_msgs/lib:/home/robot/app/robot_ws/install/lifecycle_msgs/lib:/home/robot/app/robot_ws/install/complex_msgs/lib:/home/robot/app/robot_ws/install/my_custom_message/lib:/opt/ros/humble/opt/rviz_ogre_vendor/lib:/opt/ros/humble/lib/x86_64-linux-gnu:/opt/ros/humble/lib /usr/bin/cmake --install /home/robot/app/robot_ws/build/stereo_msgs
[1.788s] -- Install configuration: ""
[1.788s] -- Up-to-date: /home/robot/app/robot_ws/install/stereo_msgs/share/ament_index/resource_index/rosidl_interfaces/stereo_msgs
[1.788s] -- Up-to-date: /home/robot/app/robot_ws/install/stereo_msgs/include/stereo_msgs/stereo_msgs
[1.788s] -- Up-to-date: /home/robot/app/robot_ws/install/stereo_msgs/include/stereo_msgs/stereo_msgs/msg
[1.789s] -- Up-to-date: /home/robot/app/robot_ws/install/stereo_msgs/include/stereo_msgs/stereo_msgs/msg/disparity_image.h
[1.789s] -- Up-to-date: /home/robot/app/robot_ws/install/stereo_msgs/include/stereo_msgs/stereo_msgs/msg/detail
[1.789s] -- Up-to-date: /home/robot/app/robot_ws/install/stereo_msgs/include/stereo_msgs/stereo_msgs/msg/detail/disparity_image__functions.h
[1.789s] -- Up-to-date: /home/robot/app/robot_ws/install/stereo_msgs/include/stereo_msgs/stereo_msgs/msg/detail/disparity_image__functions.c
[1.789s] -- Up-to-date: /home/robot/app/robot_ws/install/stereo_msgs/include/stereo_msgs/stereo_msgs/msg/detail/disparity_image__struct.h
[1.790s] -- Up-to-date: /home/robot/app/robot_ws/install/stereo_msgs/include/stereo_msgs/stereo_msgs/msg/detail/disparity_image__type_support.h
[1.790s] -- Up-to-date: /home/robot/app/robot_ws/install/stereo_msgs/include/stereo_msgs/stereo_msgs/msg/rosidl_generator_c__visibility_control.h
[1.790s] -- Up-to-date: /home/robot/app/robot_ws/install/stereo_msgs/share/stereo_msgs/environment/library_path.sh
[1.790s] -- Up-to-date: /home/robot/app/robot_ws/install/stereo_msgs/share/stereo_msgs/environment/library_path.dsv
[1.790s] -- Up-to-date: /home/robot/app/robot_ws/install/stereo_msgs/lib/libstereo_msgs__rosidl_generator_c.so
[1.791s] -- Up-to-date: /home/robot/app/robot_ws/install/stereo_msgs/include/stereo_msgs
[1.791s] -- Up-to-date: /home/robot/app/robot_ws/install/stereo_msgs/include/stereo_msgs/msg
[1.791s] -- Up-to-date: /home/robot/app/robot_ws/install/stereo_msgs/include/stereo_msgs/msg/detail
[1.791s] -- Up-to-date: /home/robot/app/robot_ws/install/stereo_msgs/include/stereo_msgs/msg/detail/disparity_image__rosidl_typesupport_microxrcedds_c.h
[1.791s] -- Up-to-date: /home/robot/app/robot_ws/install/stereo_msgs/include/stereo_msgs/msg/detail/microxrcedds
[1.792s] -- Up-to-date: /home/robot/app/robot_ws/install/stereo_msgs/include/stereo_msgs/msg/rosidl_typesupport_microxrcedds_c__visibility_control.h
[1.792s] -- Up-to-date: /home/robot/app/robot_ws/install/stereo_msgs/lib/libstereo_msgs__rosidl_typesupport_microxrcedds_c.so
[1.792s] -- Up-to-date: /home/robot/app/robot_ws/install/stereo_msgs/include/stereo_msgs/stereo_msgs
[1.792s] -- Up-to-date: /home/robot/app/robot_ws/install/stereo_msgs/include/stereo_msgs/stereo_msgs/msg
[1.793s] -- Up-to-date: /home/robot/app/robot_ws/install/stereo_msgs/include/stereo_msgs/stereo_msgs/msg/detail
[1.793s] -- Up-to-date: /home/robot/app/robot_ws/install/stereo_msgs/include/stereo_msgs/stereo_msgs/msg/detail/disparity_image__rosidl_typesupport_fastrtps_c.h
[1.793s] -- Up-to-date: /home/robot/app/robot_ws/install/stereo_msgs/include/stereo_msgs/stereo_msgs/msg/rosidl_typesupport_fastrtps_c__visibility_control.h
[1.793s] -- Up-to-date: /home/robot/app/robot_ws/install/stereo_msgs/lib/libstereo_msgs__rosidl_typesupport_fastrtps_c.so
[1.793s] -- Up-to-date: /home/robot/app/robot_ws/install/stereo_msgs/include/stereo_msgs/stereo_msgs
[1.794s] -- Up-to-date: /home/robot/app/robot_ws/install/stereo_msgs/include/stereo_msgs/stereo_msgs/msg
[1.794s] -- Up-to-date: /home/robot/app/robot_ws/install/stereo_msgs/include/stereo_msgs/stereo_msgs/msg/rosidl_typesupport_introspection_c__visibility_control.h
[1.794s] -- Up-to-date: /home/robot/app/robot_ws/install/stereo_msgs/include/stereo_msgs/stereo_msgs/msg/detail
[1.794s] -- Up-to-date: /home/robot/app/robot_ws/install/stereo_msgs/include/stereo_msgs/stereo_msgs/msg/detail/disparity_image__rosidl_typesupport_introspection_c.h
[1.795s] -- Up-to-date: /home/robot/app/robot_ws/install/stereo_msgs/include/stereo_msgs/stereo_msgs/msg/detail/disparity_image__type_support.c
[1.795s] -- Up-to-date: /home/robot/app/robot_ws/install/stereo_msgs/lib/libstereo_msgs__rosidl_typesupport_introspection_c.so
[1.795s] -- Up-to-date: /home/robot/app/robot_ws/install/stereo_msgs/lib/libstereo_msgs__rosidl_typesupport_c.so
[1.795s] -- Up-to-date: /home/robot/app/robot_ws/install/stereo_msgs/include/stereo_msgs/stereo_msgs
[1.795s] -- Up-to-date: /home/robot/app/robot_ws/install/stereo_msgs/include/stereo_msgs/stereo_msgs/msg
[1.795s] -- Up-to-date: /home/robot/app/robot_ws/install/stereo_msgs/include/stereo_msgs/stereo_msgs/msg/disparity_image.hpp
[1.795s] -- Up-to-date: /home/robot/app/robot_ws/install/stereo_msgs/include/stereo_msgs/stereo_msgs/msg/detail
[1.796s] -- Up-to-date: /home/robot/app/robot_ws/install/stereo_msgs/include/stereo_msgs/stereo_msgs/msg/detail/disparity_image__traits.hpp
[1.796s] -- Up-to-date: /home/robot/app/robot_ws/install/stereo_msgs/include/stereo_msgs/stereo_msgs/msg/detail/disparity_image__struct.hpp
[1.796s] -- Up-to-date: /home/robot/app/robot_ws/install/stereo_msgs/include/stereo_msgs/stereo_msgs/msg/detail/disparity_image__builder.hpp
[1.797s] -- Up-to-date: /home/robot/app/robot_ws/install/stereo_msgs/include/stereo_msgs
[1.797s] -- Up-to-date: /home/robot/app/robot_ws/install/stereo_msgs/include/stereo_msgs/msg
[1.797s] -- Up-to-date: /home/robot/app/robot_ws/install/stereo_msgs/include/stereo_msgs/msg/detail
[1.797s] -- Up-to-date: /home/robot/app/robot_ws/install/stereo_msgs/include/stereo_msgs/msg/detail/disparity_image__rosidl_typesupport_microxrcedds_cpp.hpp
[1.797s] -- Up-to-date: /home/robot/app/robot_ws/install/stereo_msgs/include/stereo_msgs/msg/detail/microxrcedds
[1.797s] -- Up-to-date: /home/robot/app/robot_ws/install/stereo_msgs/include/stereo_msgs/msg/detail/microxrcedds/disparity_image__type_support_cpp.cpp
[1.798s] -- Up-to-date: /home/robot/app/robot_ws/install/stereo_msgs/include/stereo_msgs/msg/rosidl_typesupport_microxrcedds_cpp__visibility_control.h
[1.798s] -- Up-to-date: /home/robot/app/robot_ws/install/stereo_msgs/lib/libstereo_msgs__rosidl_typesupport_microxrcedds_cpp.so
[1.798s] -- Up-to-date: /home/robot/app/robot_ws/install/stereo_msgs/include/stereo_msgs/stereo_msgs
[1.798s] -- Up-to-date: /home/robot/app/robot_ws/install/stereo_msgs/include/stereo_msgs/stereo_msgs/msg
[1.799s] -- Up-to-date: /home/robot/app/robot_ws/install/stereo_msgs/include/stereo_msgs/stereo_msgs/msg/rosidl_typesupport_fastrtps_cpp__visibility_control.h
[1.799s] -- Up-to-date: /home/robot/app/robot_ws/install/stereo_msgs/include/stereo_msgs/stereo_msgs/msg/detail
[1.799s] -- Up-to-date: /home/robot/app/robot_ws/install/stereo_msgs/include/stereo_msgs/stereo_msgs/msg/detail/dds_fastrtps
[1.800s] -- Up-to-date: /home/robot/app/robot_ws/install/stereo_msgs/include/stereo_msgs/stereo_msgs/msg/detail/disparity_image__rosidl_typesupport_fastrtps_cpp.hpp
[1.800s] -- Up-to-date: /home/robot/app/robot_ws/install/stereo_msgs/lib/libstereo_msgs__rosidl_typesupport_fastrtps_cpp.so
[1.800s] -- Up-to-date: /home/robot/app/robot_ws/install/stereo_msgs/include/stereo_msgs/stereo_msgs
[1.800s] -- Up-to-date: /home/robot/app/robot_ws/install/stereo_msgs/include/stereo_msgs/stereo_msgs/msg
[1.801s] -- Up-to-date: /home/robot/app/robot_ws/install/stereo_msgs/include/stereo_msgs/stereo_msgs/msg/detail
[1.801s] -- Up-to-date: /home/robot/app/robot_ws/install/stereo_msgs/include/stereo_msgs/stereo_msgs/msg/detail/disparity_image__rosidl_typesupport_introspection_cpp.hpp
[1.801s] -- Up-to-date: /home/robot/app/robot_ws/install/stereo_msgs/include/stereo_msgs/stereo_msgs/msg/detail/disparity_image__type_support.cpp
[1.801s] -- Up-to-date: /home/robot/app/robot_ws/install/stereo_msgs/lib/libstereo_msgs__rosidl_typesupport_introspection_cpp.so
[1.801s] -- Up-to-date: /home/robot/app/robot_ws/install/stereo_msgs/lib/libstereo_msgs__rosidl_typesupport_cpp.so
[1.801s] -- Up-to-date: /home/robot/app/robot_ws/install/stereo_msgs/share/stereo_msgs/environment/pythonpath.sh
[1.802s] -- Up-to-date: /home/robot/app/robot_ws/install/stereo_msgs/share/stereo_msgs/environment/pythonpath.dsv
[1.802s] -- Up-to-date: /home/robot/app/robot_ws/install/stereo_msgs/local/lib/python3.10/dist-packages/stereo_msgs-4.2.4-py3.10.egg-info
[1.802s] -- Installing: /home/robot/app/robot_ws/install/stereo_msgs/local/lib/python3.10/dist-packages/stereo_msgs-4.2.4-py3.10.egg-info/dependency_links.txt
[1.802s] -- Installing: /home/robot/app/robot_ws/install/stereo_msgs/local/lib/python3.10/dist-packages/stereo_msgs-4.2.4-py3.10.egg-info/PKG-INFO
[1.802s] -- Installing: /home/robot/app/robot_ws/install/stereo_msgs/local/lib/python3.10/dist-packages/stereo_msgs-4.2.4-py3.10.egg-info/SOURCES.txt
[1.802s] -- Installing: /home/robot/app/robot_ws/install/stereo_msgs/local/lib/python3.10/dist-packages/stereo_msgs-4.2.4-py3.10.egg-info/top_level.txt
[1.803s] -- Up-to-date: /home/robot/app/robot_ws/install/stereo_msgs/local/lib/python3.10/dist-packages/stereo_msgs
[1.803s] -- Up-to-date: /home/robot/app/robot_ws/install/stereo_msgs/local/lib/python3.10/dist-packages/stereo_msgs/__init__.py
[1.803s] -- Up-to-date: /home/robot/app/robot_ws/install/stereo_msgs/local/lib/python3.10/dist-packages/stereo_msgs/stereo_msgs_s__rosidl_typesupport_introspection_c.cpython-310-x86_64-linux-gnu.so
[1.803s] -- Up-to-date: /home/robot/app/robot_ws/install/stereo_msgs/local/lib/python3.10/dist-packages/stereo_msgs/libstereo_msgs__rosidl_generator_py.so
[1.803s] -- Up-to-date: /home/robot/app/robot_ws/install/stereo_msgs/local/lib/python3.10/dist-packages/stereo_msgs/_stereo_msgs_s.ep.rosidl_typesupport_fastrtps_c.c
[1.803s] -- Up-to-date: /home/robot/app/robot_ws/install/stereo_msgs/local/lib/python3.10/dist-packages/stereo_msgs/_stereo_msgs_s.ep.rosidl_typesupport_introspection_c.c
[1.804s] -- Up-to-date: /home/robot/app/robot_ws/install/stereo_msgs/local/lib/python3.10/dist-packages/stereo_msgs/_stereo_msgs_s.ep.rosidl_typesupport_microxrcedds_c.c
[1.804s] -- Up-to-date: /home/robot/app/robot_ws/install/stereo_msgs/local/lib/python3.10/dist-packages/stereo_msgs/stereo_msgs_s__rosidl_typesupport_fastrtps_c.cpython-310-x86_64-linux-gnu.so
[1.804s] -- Up-to-date: /home/robot/app/robot_ws/install/stereo_msgs/local/lib/python3.10/dist-packages/stereo_msgs/_stereo_msgs_s.ep.rosidl_typesupport_c.c
[1.805s] -- Up-to-date: /home/robot/app/robot_ws/install/stereo_msgs/local/lib/python3.10/dist-packages/stereo_msgs/stereo_msgs_s__rosidl_typesupport_c.cpython-310-x86_64-linux-gnu.so
[1.805s] -- Up-to-date: /home/robot/app/robot_ws/install/stereo_msgs/local/lib/python3.10/dist-packages/stereo_msgs/stereo_msgs_s__rosidl_typesupport_microxrcedds_c.cpython-310-x86_64-linux-gnu.so
[1.805s] -- Up-to-date: /home/robot/app/robot_ws/install/stereo_msgs/local/lib/python3.10/dist-packages/stereo_msgs/msg
[1.805s] -- Up-to-date: /home/robot/app/robot_ws/install/stereo_msgs/local/lib/python3.10/dist-packages/stereo_msgs/msg/__init__.py
[1.805s] -- Up-to-date: /home/robot/app/robot_ws/install/stereo_msgs/local/lib/python3.10/dist-packages/stereo_msgs/msg/_disparity_image_s.c
[1.806s] -- Up-to-date: /home/robot/app/robot_ws/install/stereo_msgs/local/lib/python3.10/dist-packages/stereo_msgs/msg/_disparity_image.py
[1.896s] Listing '/home/robot/app/robot_ws/install/stereo_msgs/local/lib/python3.10/dist-packages/stereo_msgs'...
[1.896s] Listing '/home/robot/app/robot_ws/install/stereo_msgs/local/lib/python3.10/dist-packages/stereo_msgs/msg'...
[1.904s] -- Up-to-date: /home/robot/app/robot_ws/install/stereo_msgs/local/lib/python3.10/dist-packages/stereo_msgs/stereo_msgs_s__rosidl_typesupport_microxrcedds_c.cpython-310-x86_64-linux-gnu.so
[1.904s] -- Up-to-date: /home/robot/app/robot_ws/install/stereo_msgs/local/lib/python3.10/dist-packages/stereo_msgs/stereo_msgs_s__rosidl_typesupport_fastrtps_c.cpython-310-x86_64-linux-gnu.so
[1.905s] -- Up-to-date: /home/robot/app/robot_ws/install/stereo_msgs/local/lib/python3.10/dist-packages/stereo_msgs/stereo_msgs_s__rosidl_typesupport_introspection_c.cpython-310-x86_64-linux-gnu.so
[1.905s] -- Up-to-date: /home/robot/app/robot_ws/install/stereo_msgs/local/lib/python3.10/dist-packages/stereo_msgs/stereo_msgs_s__rosidl_typesupport_c.cpython-310-x86_64-linux-gnu.so
[1.905s] -- Up-to-date: /home/robot/app/robot_ws/install/stereo_msgs/lib/libstereo_msgs__rosidl_generator_py.so
[1.906s] -- Up-to-date: /home/robot/app/robot_ws/install/stereo_msgs/share/stereo_msgs/msg/DisparityImage.idl
[1.906s] -- Up-to-date: /home/robot/app/robot_ws/install/stereo_msgs/share/stereo_msgs/msg/DisparityImage.msg
[1.906s] -- Up-to-date: /home/robot/app/robot_ws/install/stereo_msgs/share/ament_index/resource_index/package_run_dependencies/stereo_msgs
[1.906s] -- Up-to-date: /home/robot/app/robot_ws/install/stereo_msgs/share/ament_index/resource_index/parent_prefix_path/stereo_msgs
[1.906s] -- Up-to-date: /home/robot/app/robot_ws/install/stereo_msgs/share/stereo_msgs/environment/ament_prefix_path.sh
[1.907s] -- Up-to-date: /home/robot/app/robot_ws/install/stereo_msgs/share/stereo_msgs/environment/ament_prefix_path.dsv
[1.907s] -- Up-to-date: /home/robot/app/robot_ws/install/stereo_msgs/share/stereo_msgs/environment/path.sh
[1.907s] -- Up-to-date: /home/robot/app/robot_ws/install/stereo_msgs/share/stereo_msgs/environment/path.dsv
[1.907s] -- Up-to-date: /home/robot/app/robot_ws/install/stereo_msgs/share/stereo_msgs/local_setup.bash
[1.907s] -- Up-to-date: /home/robot/app/robot_ws/install/stereo_msgs/share/stereo_msgs/local_setup.sh
[1.907s] -- Up-to-date: /home/robot/app/robot_ws/install/stereo_msgs/share/stereo_msgs/local_setup.zsh
[1.907s] -- Up-to-date: /home/robot/app/robot_ws/install/stereo_msgs/share/stereo_msgs/local_setup.dsv
[1.907s] -- Installing: /home/robot/app/robot_ws/install/stereo_msgs/share/stereo_msgs/package.dsv
[1.908s] -- Up-to-date: /home/robot/app/robot_ws/install/stereo_msgs/share/ament_index/resource_index/packages/stereo_msgs
[1.908s] -- Up-to-date: /home/robot/app/robot_ws/install/stereo_msgs/share/stereo_msgs/cmake/export_stereo_msgs__rosidl_generator_cExport.cmake
[1.908s] -- Up-to-date: /home/robot/app/robot_ws/install/stereo_msgs/share/stereo_msgs/cmake/export_stereo_msgs__rosidl_generator_cExport-noconfig.cmake
[1.908s] -- Up-to-date: /home/robot/app/robot_ws/install/stereo_msgs/share/stereo_msgs/cmake/export_stereo_msgs__rosidl_typesupport_fastrtps_cExport.cmake
[1.908s] -- Up-to-date: /home/robot/app/robot_ws/install/stereo_msgs/share/stereo_msgs/cmake/export_stereo_msgs__rosidl_typesupport_fastrtps_cExport-noconfig.cmake
[1.908s] -- Up-to-date: /home/robot/app/robot_ws/install/stereo_msgs/share/stereo_msgs/cmake/stereo_msgs__rosidl_typesupport_introspection_cExport.cmake
[1.908s] -- Up-to-date: /home/robot/app/robot_ws/install/stereo_msgs/share/stereo_msgs/cmake/stereo_msgs__rosidl_typesupport_introspection_cExport-noconfig.cmake
[1.909s] -- Up-to-date: /home/robot/app/robot_ws/install/stereo_msgs/share/stereo_msgs/cmake/stereo_msgs__rosidl_typesupport_cExport.cmake
[1.909s] -- Up-to-date: /home/robot/app/robot_ws/install/stereo_msgs/share/stereo_msgs/cmake/stereo_msgs__rosidl_typesupport_cExport-noconfig.cmake
[1.909s] -- Up-to-date: /home/robot/app/robot_ws/install/stereo_msgs/share/stereo_msgs/cmake/export_stereo_msgs__rosidl_generator_cppExport.cmake
[1.909s] -- Up-to-date: /home/robot/app/robot_ws/install/stereo_msgs/share/stereo_msgs/cmake/export_stereo_msgs__rosidl_typesupport_fastrtps_cppExport.cmake
[1.909s] -- Up-to-date: /home/robot/app/robot_ws/install/stereo_msgs/share/stereo_msgs/cmake/export_stereo_msgs__rosidl_typesupport_fastrtps_cppExport-noconfig.cmake
[1.909s] -- Up-to-date: /home/robot/app/robot_ws/install/stereo_msgs/share/stereo_msgs/cmake/stereo_msgs__rosidl_typesupport_introspection_cppExport.cmake
[1.910s] -- Up-to-date: /home/robot/app/robot_ws/install/stereo_msgs/share/stereo_msgs/cmake/stereo_msgs__rosidl_typesupport_introspection_cppExport-noconfig.cmake
[1.910s] -- Up-to-date: /home/robot/app/robot_ws/install/stereo_msgs/share/stereo_msgs/cmake/stereo_msgs__rosidl_typesupport_cppExport.cmake
[1.910s] -- Up-to-date: /home/robot/app/robot_ws/install/stereo_msgs/share/stereo_msgs/cmake/stereo_msgs__rosidl_typesupport_cppExport-noconfig.cmake
[1.910s] -- Up-to-date: /home/robot/app/robot_ws/install/stereo_msgs/share/stereo_msgs/cmake/export_stereo_msgs__rosidl_generator_pyExport.cmake
[1.911s] -- Up-to-date: /home/robot/app/robot_ws/install/stereo_msgs/share/stereo_msgs/cmake/export_stereo_msgs__rosidl_generator_pyExport-noconfig.cmake
[1.911s] -- Up-to-date: /home/robot/app/robot_ws/install/stereo_msgs/share/stereo_msgs/cmake/rosidl_cmake-extras.cmake
[1.911s] -- Up-to-date: /home/robot/app/robot_ws/install/stereo_msgs/share/stereo_msgs/cmake/ament_cmake_export_dependencies-extras.cmake
[1.911s] -- Up-to-date: /home/robot/app/robot_ws/install/stereo_msgs/share/stereo_msgs/cmake/ament_cmake_export_include_directories-extras.cmake
[1.911s] -- Up-to-date: /home/robot/app/robot_ws/install/stereo_msgs/share/stereo_msgs/cmake/ament_cmake_export_libraries-extras.cmake
[1.911s] -- Up-to-date: /home/robot/app/robot_ws/install/stereo_msgs/share/stereo_msgs/cmake/ament_cmake_export_targets-extras.cmake
[1.911s] -- Up-to-date: /home/robot/app/robot_ws/install/stereo_msgs/share/stereo_msgs/cmake/rosidl_cmake_export_typesupport_targets-extras.cmake
[1.911s] -- Up-to-date: /home/robot/app/robot_ws/install/stereo_msgs/share/stereo_msgs/cmake/rosidl_cmake_export_typesupport_libraries-extras.cmake
[1.911s] -- Up-to-date: /home/robot/app/robot_ws/install/stereo_msgs/share/stereo_msgs/cmake/stereo_msgsConfig.cmake
[1.912s] -- Up-to-date: /home/robot/app/robot_ws/install/stereo_msgs/share/stereo_msgs/cmake/stereo_msgsConfig-version.cmake
[1.912s] -- Up-to-date: /home/robot/app/robot_ws/install/stereo_msgs/share/stereo_msgs/package.xml
[1.914s] Invoked command in '/home/robot/app/robot_ws/build/stereo_msgs' returned '0': CMAKE_PREFIX_PATH=/home/robot/app/robot_ws/install/sensor_msgs:/home/robot/app/robot_ws/install/geometry_msgs:/home/robot/app/robot_ws/install/std_msgs:/home/robot/app/robot_ws/install/builtin_interfaces:/home/robot/app/robot_ws/install/micro_ros_demos_rclc:/home/robot/app/robot_ws/install/common_interfaces:/home/robot/app/robot_ws/install/visualization_msgs:/home/robot/app/robot_ws/install/test_msgs:/home/robot/app/robot_ws/install/example_interfaces:/home/robot/app/robot_ws/install/action_msgs:/home/robot/app/robot_ws/install/unique_identifier_msgs:/home/robot/app/robot_ws/install/trajectory_msgs:/home/robot/app/robot_ws/install/stereo_msgs:/home/robot/app/robot_ws/install/std_srvs:/home/robot/app/robot_ws/install/shape_msgs:/home/robot/app/robot_ws/install/nav_msgs:/home/robot/app/robot_ws/install/diagnostic_msgs:/home/robot/app/robot_ws/install/actionlib_msgs:/home/robot/app/robot_ws/install/statistics_msgs:/home/robot/app/robot_ws/install/rosidl_typesupport_microxrcedds_test_msg:/home/robot/app/robot_ws/install/rosidl_typesupport_microxrcedds_cpp_tests:/home/robot/app/robot_ws/install/rmw_microxrcedds:/home/robot/app/robot_ws/install/rosidl_typesupport_microxrcedds_cpp:/home/robot/app/robot_ws/install/rosidl_typesupport_microxrcedds_c_tests:/home/robot/app/robot_ws/install/rosidl_typesupport_microxrcedds_c:/home/robot/app/robot_ws/install/rosgraph_msgs:/home/robot/app/robot_ws/install/rclc_parameter:/home/robot/app/robot_ws/install/rclc:/home/robot/app/robot_ws/install/composition_interfaces:/home/robot/app/robot_ws/install/rcl_interfaces:/home/robot/app/robot_ws/install/microxrcedds_client:/home/robot/app/robot_ws/install/microcdr:/home/robot/app/robot_ws/install/micro_ros_utilities:/home/robot/app/robot_ws/install/micro_ros_msgs:/home/robot/app/robot_ws/install/lifecycle_msgs:/home/robot/app/robot_ws/install/complex_msgs:/home/robot/app/robot_ws/install/micro_ros_setup:/home/robot/app/robot_ws/install/my_custom_message:/home/robot/app/robot_ws/install/sensor_msgs_py:/opt/ros/humble LD_LIBRARY_PATH=/home/robot/app/robot_ws/install/sensor_msgs/lib:/home/robot/app/robot_ws/install/geometry_msgs/lib:/home/robot/app/robot_ws/install/std_msgs/lib:/home/robot/app/robot_ws/install/builtin_interfaces/lib:/home/robot/app/robot_ws/install/visualization_msgs/lib:/home/robot/app/robot_ws/install/test_msgs/lib:/home/robot/app/robot_ws/install/example_interfaces/lib:/home/robot/app/robot_ws/install/action_msgs/lib:/home/robot/app/robot_ws/install/unique_identifier_msgs/lib:/home/robot/app/robot_ws/install/trajectory_msgs/lib:/home/robot/app/robot_ws/install/stereo_msgs/lib:/home/robot/app/robot_ws/install/std_srvs/lib:/home/robot/app/robot_ws/install/shape_msgs/lib:/home/robot/app/robot_ws/install/nav_msgs/lib:/home/robot/app/robot_ws/install/diagnostic_msgs/lib:/home/robot/app/robot_ws/install/actionlib_msgs/lib:/home/robot/app/robot_ws/install/statistics_msgs/lib:/home/robot/app/robot_ws/install/rmw_microxrcedds/lib:/home/robot/app/robot_ws/install/rosidl_typesupport_microxrcedds_cpp/lib:/home/robot/app/robot_ws/install/rosidl_typesupport_microxrcedds_c/lib:/home/robot/app/robot_ws/install/rosgraph_msgs/lib:/home/robot/app/robot_ws/install/rclc_parameter/lib:/home/robot/app/robot_ws/install/rclc/lib:/home/robot/app/robot_ws/install/composition_interfaces/lib:/home/robot/app/robot_ws/install/rcl_interfaces/lib:/home/robot/app/robot_ws/install/microxrcedds_client/lib:/home/robot/app/robot_ws/install/microcdr/lib:/home/robot/app/robot_ws/install/micro_ros_utilities/lib:/home/robot/app/robot_ws/install/micro_ros_msgs/lib:/home/robot/app/robot_ws/install/lifecycle_msgs/lib:/home/robot/app/robot_ws/install/complex_msgs/lib:/home/robot/app/robot_ws/install/my_custom_message/lib:/opt/ros/humble/opt/rviz_ogre_vendor/lib:/opt/ros/humble/lib/x86_64-linux-gnu:/opt/ros/humble/lib /usr/bin/cmake --install /home/robot/app/robot_ws/build/stereo_msgs
