[0.060s] Invoking command in '/home/robot/app/robot_ws/build/actionlib_msgs': CMAKE_PREFIX_PATH=/home/robot/app/robot_ws/install/std_msgs:/home/robot/app/robot_ws/install/builtin_interfaces:/home/robot/app/robot_ws/install/micro_ros_demos_rclc:/home/robot/app/robot_ws/install/common_interfaces:/home/robot/app/robot_ws/install/visualization_msgs:/home/robot/app/robot_ws/install/test_msgs:/home/robot/app/robot_ws/install/example_interfaces:/home/robot/app/robot_ws/install/action_msgs:/home/robot/app/robot_ws/install/unique_identifier_msgs:/home/robot/app/robot_ws/install/trajectory_msgs:/home/robot/app/robot_ws/install/stereo_msgs:/home/robot/app/robot_ws/install/std_srvs:/home/robot/app/robot_ws/install/shape_msgs:/home/robot/app/robot_ws/install/sensor_msgs:/home/robot/app/robot_ws/install/nav_msgs:/home/robot/app/robot_ws/install/diagnostic_msgs:/home/robot/app/robot_ws/install/geometry_msgs:/home/robot/app/robot_ws/install/actionlib_msgs:/home/robot/app/robot_ws/install/statistics_msgs:/home/robot/app/robot_ws/install/rosidl_typesupport_microxrcedds_test_msg:/home/robot/app/robot_ws/install/rosidl_typesupport_microxrcedds_cpp_tests:/home/robot/app/robot_ws/install/rmw_microxrcedds:/home/robot/app/robot_ws/install/rosidl_typesupport_microxrcedds_cpp:/home/robot/app/robot_ws/install/rosidl_typesupport_microxrcedds_c_tests:/home/robot/app/robot_ws/install/rosidl_typesupport_microxrcedds_c:/home/robot/app/robot_ws/install/rosgraph_msgs:/home/robot/app/robot_ws/install/rclc_parameter:/home/robot/app/robot_ws/install/rclc:/home/robot/app/robot_ws/install/composition_interfaces:/home/robot/app/robot_ws/install/rcl_interfaces:/home/robot/app/robot_ws/install/microxrcedds_client:/home/robot/app/robot_ws/install/microcdr:/home/robot/app/robot_ws/install/micro_ros_utilities:/home/robot/app/robot_ws/install/micro_ros_msgs:/home/robot/app/robot_ws/install/lifecycle_msgs:/home/robot/app/robot_ws/install/complex_msgs:/home/robot/app/robot_ws/install/micro_ros_setup:/home/robot/app/robot_ws/install/my_custom_message:/home/robot/app/robot_ws/install/sensor_msgs_py:/opt/ros/humble LD_LIBRARY_PATH=/home/robot/app/robot_ws/install/std_msgs/lib:/home/robot/app/robot_ws/install/builtin_interfaces/lib:/home/robot/app/robot_ws/install/visualization_msgs/lib:/home/robot/app/robot_ws/install/test_msgs/lib:/home/robot/app/robot_ws/install/example_interfaces/lib:/home/robot/app/robot_ws/install/action_msgs/lib:/home/robot/app/robot_ws/install/unique_identifier_msgs/lib:/home/robot/app/robot_ws/install/trajectory_msgs/lib:/home/robot/app/robot_ws/install/stereo_msgs/lib:/home/robot/app/robot_ws/install/std_srvs/lib:/home/robot/app/robot_ws/install/shape_msgs/lib:/home/robot/app/robot_ws/install/sensor_msgs/lib:/home/robot/app/robot_ws/install/nav_msgs/lib:/home/robot/app/robot_ws/install/diagnostic_msgs/lib:/home/robot/app/robot_ws/install/geometry_msgs/lib:/home/robot/app/robot_ws/install/actionlib_msgs/lib:/home/robot/app/robot_ws/install/statistics_msgs/lib:/home/robot/app/robot_ws/install/rmw_microxrcedds/lib:/home/robot/app/robot_ws/install/rosidl_typesupport_microxrcedds_cpp/lib:/home/robot/app/robot_ws/install/rosidl_typesupport_microxrcedds_c/lib:/home/robot/app/robot_ws/install/rosgraph_msgs/lib:/home/robot/app/robot_ws/install/rclc_parameter/lib:/home/robot/app/robot_ws/install/rclc/lib:/home/robot/app/robot_ws/install/composition_interfaces/lib:/home/robot/app/robot_ws/install/rcl_interfaces/lib:/home/robot/app/robot_ws/install/microxrcedds_client/lib:/home/robot/app/robot_ws/install/microcdr/lib:/home/robot/app/robot_ws/install/micro_ros_utilities/lib:/home/robot/app/robot_ws/install/micro_ros_msgs/lib:/home/robot/app/robot_ws/install/lifecycle_msgs/lib:/home/robot/app/robot_ws/install/complex_msgs/lib:/home/robot/app/robot_ws/install/my_custom_message/lib:/opt/ros/humble/opt/rviz_ogre_vendor/lib:/opt/ros/humble/lib/x86_64-linux-gnu:/opt/ros/humble/lib /usr/bin/cmake --build /home/robot/app/robot_ws/build/actionlib_msgs -- -j8 -l8
[0.282s] [  1%] Built target actionlib_msgs__cpp
[0.295s] [ 10%] Built target actionlib_msgs__rosidl_generator_c
[0.306s] [ 10%] Built target ament_cmake_python_copy_actionlib_msgs
[0.421s] [ 18%] Built target actionlib_msgs__rosidl_typesupport_introspection_cpp
[0.461s] [ 27%] Built target actionlib_msgs__rosidl_typesupport_fastrtps_c
[0.463s] [ 35%] Built target actionlib_msgs__rosidl_typesupport_introspection_c
[0.466s] [ 44%] Built target actionlib_msgs__rosidl_typesupport_microxrcedds_c
[0.477s] [ 52%] Built target actionlib_msgs__rosidl_typesupport_c
[0.482s] [ 61%] Built target actionlib_msgs__rosidl_typesupport_cpp
[0.511s] [ 69%] Built target actionlib_msgs__rosidl_typesupport_fastrtps_cpp
[0.530s] [ 77%] Built target actionlib_msgs__rosidl_typesupport_microxrcedds_cpp
[0.652s] [ 77%] Built target actionlib_msgs
[0.727s] [ 79%] Built target actionlib_msgs__py
[0.801s] [ 86%] Built target actionlib_msgs__rosidl_generator_py
[0.896s] [ 89%] Built target actionlib_msgs__rosidl_typesupport_microxrcedds_c__pyext
[0.909s] [ 93%] Built target actionlib_msgs__rosidl_typesupport_c__pyext
[0.913s] [ 96%] Built target actionlib_msgs__rosidl_typesupport_introspection_c__pyext
[0.925s] [100%] Built target actionlib_msgs__rosidl_typesupport_fastrtps_c__pyext
[1.256s] running egg_info
[1.257s] writing actionlib_msgs.egg-info/PKG-INFO
[1.258s] writing dependency_links to actionlib_msgs.egg-info/dependency_links.txt
[1.258s] writing top-level names to actionlib_msgs.egg-info/top_level.txt
[1.262s] reading manifest file 'actionlib_msgs.egg-info/SOURCES.txt'
[1.264s] writing manifest file 'actionlib_msgs.egg-info/SOURCES.txt'
[1.324s] [100%] Built target ament_cmake_python_build_actionlib_msgs_egg
[1.350s] Invoked command in '/home/robot/app/robot_ws/build/actionlib_msgs' returned '0': CMAKE_PREFIX_PATH=/home/robot/app/robot_ws/install/std_msgs:/home/robot/app/robot_ws/install/builtin_interfaces:/home/robot/app/robot_ws/install/micro_ros_demos_rclc:/home/robot/app/robot_ws/install/common_interfaces:/home/robot/app/robot_ws/install/visualization_msgs:/home/robot/app/robot_ws/install/test_msgs:/home/robot/app/robot_ws/install/example_interfaces:/home/robot/app/robot_ws/install/action_msgs:/home/robot/app/robot_ws/install/unique_identifier_msgs:/home/robot/app/robot_ws/install/trajectory_msgs:/home/robot/app/robot_ws/install/stereo_msgs:/home/robot/app/robot_ws/install/std_srvs:/home/robot/app/robot_ws/install/shape_msgs:/home/robot/app/robot_ws/install/sensor_msgs:/home/robot/app/robot_ws/install/nav_msgs:/home/robot/app/robot_ws/install/diagnostic_msgs:/home/robot/app/robot_ws/install/geometry_msgs:/home/robot/app/robot_ws/install/actionlib_msgs:/home/robot/app/robot_ws/install/statistics_msgs:/home/robot/app/robot_ws/install/rosidl_typesupport_microxrcedds_test_msg:/home/robot/app/robot_ws/install/rosidl_typesupport_microxrcedds_cpp_tests:/home/robot/app/robot_ws/install/rmw_microxrcedds:/home/robot/app/robot_ws/install/rosidl_typesupport_microxrcedds_cpp:/home/robot/app/robot_ws/install/rosidl_typesupport_microxrcedds_c_tests:/home/robot/app/robot_ws/install/rosidl_typesupport_microxrcedds_c:/home/robot/app/robot_ws/install/rosgraph_msgs:/home/robot/app/robot_ws/install/rclc_parameter:/home/robot/app/robot_ws/install/rclc:/home/robot/app/robot_ws/install/composition_interfaces:/home/robot/app/robot_ws/install/rcl_interfaces:/home/robot/app/robot_ws/install/microxrcedds_client:/home/robot/app/robot_ws/install/microcdr:/home/robot/app/robot_ws/install/micro_ros_utilities:/home/robot/app/robot_ws/install/micro_ros_msgs:/home/robot/app/robot_ws/install/lifecycle_msgs:/home/robot/app/robot_ws/install/complex_msgs:/home/robot/app/robot_ws/install/micro_ros_setup:/home/robot/app/robot_ws/install/my_custom_message:/home/robot/app/robot_ws/install/sensor_msgs_py:/opt/ros/humble LD_LIBRARY_PATH=/home/robot/app/robot_ws/install/std_msgs/lib:/home/robot/app/robot_ws/install/builtin_interfaces/lib:/home/robot/app/robot_ws/install/visualization_msgs/lib:/home/robot/app/robot_ws/install/test_msgs/lib:/home/robot/app/robot_ws/install/example_interfaces/lib:/home/robot/app/robot_ws/install/action_msgs/lib:/home/robot/app/robot_ws/install/unique_identifier_msgs/lib:/home/robot/app/robot_ws/install/trajectory_msgs/lib:/home/robot/app/robot_ws/install/stereo_msgs/lib:/home/robot/app/robot_ws/install/std_srvs/lib:/home/robot/app/robot_ws/install/shape_msgs/lib:/home/robot/app/robot_ws/install/sensor_msgs/lib:/home/robot/app/robot_ws/install/nav_msgs/lib:/home/robot/app/robot_ws/install/diagnostic_msgs/lib:/home/robot/app/robot_ws/install/geometry_msgs/lib:/home/robot/app/robot_ws/install/actionlib_msgs/lib:/home/robot/app/robot_ws/install/statistics_msgs/lib:/home/robot/app/robot_ws/install/rmw_microxrcedds/lib:/home/robot/app/robot_ws/install/rosidl_typesupport_microxrcedds_cpp/lib:/home/robot/app/robot_ws/install/rosidl_typesupport_microxrcedds_c/lib:/home/robot/app/robot_ws/install/rosgraph_msgs/lib:/home/robot/app/robot_ws/install/rclc_parameter/lib:/home/robot/app/robot_ws/install/rclc/lib:/home/robot/app/robot_ws/install/composition_interfaces/lib:/home/robot/app/robot_ws/install/rcl_interfaces/lib:/home/robot/app/robot_ws/install/microxrcedds_client/lib:/home/robot/app/robot_ws/install/microcdr/lib:/home/robot/app/robot_ws/install/micro_ros_utilities/lib:/home/robot/app/robot_ws/install/micro_ros_msgs/lib:/home/robot/app/robot_ws/install/lifecycle_msgs/lib:/home/robot/app/robot_ws/install/complex_msgs/lib:/home/robot/app/robot_ws/install/my_custom_message/lib:/opt/ros/humble/opt/rviz_ogre_vendor/lib:/opt/ros/humble/lib/x86_64-linux-gnu:/opt/ros/humble/lib /usr/bin/cmake --build /home/robot/app/robot_ws/build/actionlib_msgs -- -j8 -l8
[1.835s] Invoking command in '/home/robot/app/robot_ws/build/actionlib_msgs': CMAKE_PREFIX_PATH=/home/robot/app/robot_ws/install/std_msgs:/home/robot/app/robot_ws/install/builtin_interfaces:/home/robot/app/robot_ws/install/micro_ros_demos_rclc:/home/robot/app/robot_ws/install/common_interfaces:/home/robot/app/robot_ws/install/visualization_msgs:/home/robot/app/robot_ws/install/test_msgs:/home/robot/app/robot_ws/install/example_interfaces:/home/robot/app/robot_ws/install/action_msgs:/home/robot/app/robot_ws/install/unique_identifier_msgs:/home/robot/app/robot_ws/install/trajectory_msgs:/home/robot/app/robot_ws/install/stereo_msgs:/home/robot/app/robot_ws/install/std_srvs:/home/robot/app/robot_ws/install/shape_msgs:/home/robot/app/robot_ws/install/sensor_msgs:/home/robot/app/robot_ws/install/nav_msgs:/home/robot/app/robot_ws/install/diagnostic_msgs:/home/robot/app/robot_ws/install/geometry_msgs:/home/robot/app/robot_ws/install/actionlib_msgs:/home/robot/app/robot_ws/install/statistics_msgs:/home/robot/app/robot_ws/install/rosidl_typesupport_microxrcedds_test_msg:/home/robot/app/robot_ws/install/rosidl_typesupport_microxrcedds_cpp_tests:/home/robot/app/robot_ws/install/rmw_microxrcedds:/home/robot/app/robot_ws/install/rosidl_typesupport_microxrcedds_cpp:/home/robot/app/robot_ws/install/rosidl_typesupport_microxrcedds_c_tests:/home/robot/app/robot_ws/install/rosidl_typesupport_microxrcedds_c:/home/robot/app/robot_ws/install/rosgraph_msgs:/home/robot/app/robot_ws/install/rclc_parameter:/home/robot/app/robot_ws/install/rclc:/home/robot/app/robot_ws/install/composition_interfaces:/home/robot/app/robot_ws/install/rcl_interfaces:/home/robot/app/robot_ws/install/microxrcedds_client:/home/robot/app/robot_ws/install/microcdr:/home/robot/app/robot_ws/install/micro_ros_utilities:/home/robot/app/robot_ws/install/micro_ros_msgs:/home/robot/app/robot_ws/install/lifecycle_msgs:/home/robot/app/robot_ws/install/complex_msgs:/home/robot/app/robot_ws/install/micro_ros_setup:/home/robot/app/robot_ws/install/my_custom_message:/home/robot/app/robot_ws/install/sensor_msgs_py:/opt/ros/humble LD_LIBRARY_PATH=/home/robot/app/robot_ws/install/std_msgs/lib:/home/robot/app/robot_ws/install/builtin_interfaces/lib:/home/robot/app/robot_ws/install/visualization_msgs/lib:/home/robot/app/robot_ws/install/test_msgs/lib:/home/robot/app/robot_ws/install/example_interfaces/lib:/home/robot/app/robot_ws/install/action_msgs/lib:/home/robot/app/robot_ws/install/unique_identifier_msgs/lib:/home/robot/app/robot_ws/install/trajectory_msgs/lib:/home/robot/app/robot_ws/install/stereo_msgs/lib:/home/robot/app/robot_ws/install/std_srvs/lib:/home/robot/app/robot_ws/install/shape_msgs/lib:/home/robot/app/robot_ws/install/sensor_msgs/lib:/home/robot/app/robot_ws/install/nav_msgs/lib:/home/robot/app/robot_ws/install/diagnostic_msgs/lib:/home/robot/app/robot_ws/install/geometry_msgs/lib:/home/robot/app/robot_ws/install/actionlib_msgs/lib:/home/robot/app/robot_ws/install/statistics_msgs/lib:/home/robot/app/robot_ws/install/rmw_microxrcedds/lib:/home/robot/app/robot_ws/install/rosidl_typesupport_microxrcedds_cpp/lib:/home/robot/app/robot_ws/install/rosidl_typesupport_microxrcedds_c/lib:/home/robot/app/robot_ws/install/rosgraph_msgs/lib:/home/robot/app/robot_ws/install/rclc_parameter/lib:/home/robot/app/robot_ws/install/rclc/lib:/home/robot/app/robot_ws/install/composition_interfaces/lib:/home/robot/app/robot_ws/install/rcl_interfaces/lib:/home/robot/app/robot_ws/install/microxrcedds_client/lib:/home/robot/app/robot_ws/install/microcdr/lib:/home/robot/app/robot_ws/install/micro_ros_utilities/lib:/home/robot/app/robot_ws/install/micro_ros_msgs/lib:/home/robot/app/robot_ws/install/lifecycle_msgs/lib:/home/robot/app/robot_ws/install/complex_msgs/lib:/home/robot/app/robot_ws/install/my_custom_message/lib:/opt/ros/humble/opt/rviz_ogre_vendor/lib:/opt/ros/humble/lib/x86_64-linux-gnu:/opt/ros/humble/lib /usr/bin/cmake --install /home/robot/app/robot_ws/build/actionlib_msgs
[1.858s] -- Install configuration: ""
[1.858s] -- Up-to-date: /home/robot/app/robot_ws/install/actionlib_msgs/share/ament_index/resource_index/rosidl_interfaces/actionlib_msgs
[1.858s] -- Up-to-date: /home/robot/app/robot_ws/install/actionlib_msgs/include/actionlib_msgs/actionlib_msgs
[1.859s] -- Up-to-date: /home/robot/app/robot_ws/install/actionlib_msgs/include/actionlib_msgs/actionlib_msgs/msg
[1.859s] -- Up-to-date: /home/robot/app/robot_ws/install/actionlib_msgs/include/actionlib_msgs/actionlib_msgs/msg/detail
[1.859s] -- Up-to-date: /home/robot/app/robot_ws/install/actionlib_msgs/include/actionlib_msgs/actionlib_msgs/msg/detail/goal_status__struct.h
[1.859s] -- Up-to-date: /home/robot/app/robot_ws/install/actionlib_msgs/include/actionlib_msgs/actionlib_msgs/msg/detail/goal_status__functions.h
[1.860s] -- Up-to-date: /home/robot/app/robot_ws/install/actionlib_msgs/include/actionlib_msgs/actionlib_msgs/msg/detail/goal_status_array__functions.c
[1.860s] -- Up-to-date: /home/robot/app/robot_ws/install/actionlib_msgs/include/actionlib_msgs/actionlib_msgs/msg/detail/goal_id__type_support.h
[1.860s] -- Up-to-date: /home/robot/app/robot_ws/install/actionlib_msgs/include/actionlib_msgs/actionlib_msgs/msg/detail/goal_status__type_support.h
[1.860s] -- Up-to-date: /home/robot/app/robot_ws/install/actionlib_msgs/include/actionlib_msgs/actionlib_msgs/msg/detail/goal_status_array__type_support.h
[1.860s] -- Up-to-date: /home/robot/app/robot_ws/install/actionlib_msgs/include/actionlib_msgs/actionlib_msgs/msg/detail/goal_id__struct.h
[1.861s] -- Up-to-date: /home/robot/app/robot_ws/install/actionlib_msgs/include/actionlib_msgs/actionlib_msgs/msg/detail/goal_status_array__functions.h
[1.861s] -- Up-to-date: /home/robot/app/robot_ws/install/actionlib_msgs/include/actionlib_msgs/actionlib_msgs/msg/detail/goal_id__functions.c
[1.861s] -- Up-to-date: /home/robot/app/robot_ws/install/actionlib_msgs/include/actionlib_msgs/actionlib_msgs/msg/detail/goal_status_array__struct.h
[1.861s] -- Up-to-date: /home/robot/app/robot_ws/install/actionlib_msgs/include/actionlib_msgs/actionlib_msgs/msg/detail/goal_status__functions.c
[1.862s] -- Up-to-date: /home/robot/app/robot_ws/install/actionlib_msgs/include/actionlib_msgs/actionlib_msgs/msg/detail/goal_id__functions.h
[1.862s] -- Up-to-date: /home/robot/app/robot_ws/install/actionlib_msgs/include/actionlib_msgs/actionlib_msgs/msg/goal_status_array.h
[1.862s] -- Up-to-date: /home/robot/app/robot_ws/install/actionlib_msgs/include/actionlib_msgs/actionlib_msgs/msg/goal_id.h
[1.862s] -- Up-to-date: /home/robot/app/robot_ws/install/actionlib_msgs/include/actionlib_msgs/actionlib_msgs/msg/goal_status.h
[1.863s] -- Up-to-date: /home/robot/app/robot_ws/install/actionlib_msgs/include/actionlib_msgs/actionlib_msgs/msg/rosidl_generator_c__visibility_control.h
[1.863s] -- Up-to-date: /home/robot/app/robot_ws/install/actionlib_msgs/share/actionlib_msgs/environment/library_path.sh
[1.863s] -- Up-to-date: /home/robot/app/robot_ws/install/actionlib_msgs/share/actionlib_msgs/environment/library_path.dsv
[1.863s] -- Up-to-date: /home/robot/app/robot_ws/install/actionlib_msgs/lib/libactionlib_msgs__rosidl_generator_c.so
[1.863s] -- Up-to-date: /home/robot/app/robot_ws/install/actionlib_msgs/include/actionlib_msgs/actionlib_msgs
[1.863s] -- Up-to-date: /home/robot/app/robot_ws/install/actionlib_msgs/include/actionlib_msgs/actionlib_msgs/msg
[1.863s] -- Up-to-date: /home/robot/app/robot_ws/install/actionlib_msgs/include/actionlib_msgs/actionlib_msgs/msg/detail
[1.864s] -- Up-to-date: /home/robot/app/robot_ws/install/actionlib_msgs/include/actionlib_msgs/actionlib_msgs/msg/detail/goal_status__rosidl_typesupport_fastrtps_c.h
[1.864s] -- Up-to-date: /home/robot/app/robot_ws/install/actionlib_msgs/include/actionlib_msgs/actionlib_msgs/msg/detail/goal_status_array__rosidl_typesupport_fastrtps_c.h
[1.864s] -- Up-to-date: /home/robot/app/robot_ws/install/actionlib_msgs/include/actionlib_msgs/actionlib_msgs/msg/detail/goal_id__rosidl_typesupport_fastrtps_c.h
[1.865s] -- Up-to-date: /home/robot/app/robot_ws/install/actionlib_msgs/include/actionlib_msgs/actionlib_msgs/msg/rosidl_typesupport_fastrtps_c__visibility_control.h
[1.865s] -- Up-to-date: /home/robot/app/robot_ws/install/actionlib_msgs/lib/libactionlib_msgs__rosidl_typesupport_fastrtps_c.so
[1.865s] -- Up-to-date: /home/robot/app/robot_ws/install/actionlib_msgs/include/actionlib_msgs/actionlib_msgs
[1.865s] -- Up-to-date: /home/robot/app/robot_ws/install/actionlib_msgs/include/actionlib_msgs/actionlib_msgs/msg
[1.866s] -- Up-to-date: /home/robot/app/robot_ws/install/actionlib_msgs/include/actionlib_msgs/actionlib_msgs/msg/detail
[1.866s] -- Up-to-date: /home/robot/app/robot_ws/install/actionlib_msgs/include/actionlib_msgs/actionlib_msgs/msg/detail/goal_status__builder.hpp
[1.866s] -- Up-to-date: /home/robot/app/robot_ws/install/actionlib_msgs/include/actionlib_msgs/actionlib_msgs/msg/detail/goal_id__builder.hpp
[1.866s] -- Up-to-date: /home/robot/app/robot_ws/install/actionlib_msgs/include/actionlib_msgs/actionlib_msgs/msg/detail/goal_status_array__builder.hpp
[1.866s] -- Up-to-date: /home/robot/app/robot_ws/install/actionlib_msgs/include/actionlib_msgs/actionlib_msgs/msg/detail/goal_status_array__struct.hpp
[1.866s] -- Up-to-date: /home/robot/app/robot_ws/install/actionlib_msgs/include/actionlib_msgs/actionlib_msgs/msg/detail/goal_status_array__traits.hpp
[1.866s] -- Up-to-date: /home/robot/app/robot_ws/install/actionlib_msgs/include/actionlib_msgs/actionlib_msgs/msg/detail/goal_status__struct.hpp
[1.867s] -- Up-to-date: /home/robot/app/robot_ws/install/actionlib_msgs/include/actionlib_msgs/actionlib_msgs/msg/detail/goal_id__struct.hpp
[1.867s] -- Up-to-date: /home/robot/app/robot_ws/install/actionlib_msgs/include/actionlib_msgs/actionlib_msgs/msg/detail/goal_id__traits.hpp
[1.867s] -- Up-to-date: /home/robot/app/robot_ws/install/actionlib_msgs/include/actionlib_msgs/actionlib_msgs/msg/detail/goal_status__traits.hpp
[1.867s] -- Up-to-date: /home/robot/app/robot_ws/install/actionlib_msgs/include/actionlib_msgs/actionlib_msgs/msg/goal_status_array.hpp
[1.867s] -- Up-to-date: /home/robot/app/robot_ws/install/actionlib_msgs/include/actionlib_msgs/actionlib_msgs/msg/goal_id.hpp
[1.867s] -- Up-to-date: /home/robot/app/robot_ws/install/actionlib_msgs/include/actionlib_msgs/actionlib_msgs/msg/goal_status.hpp
[1.867s] -- Up-to-date: /home/robot/app/robot_ws/install/actionlib_msgs/include/actionlib_msgs/actionlib_msgs
[1.867s] -- Up-to-date: /home/robot/app/robot_ws/install/actionlib_msgs/include/actionlib_msgs/actionlib_msgs/msg
[1.868s] -- Up-to-date: /home/robot/app/robot_ws/install/actionlib_msgs/include/actionlib_msgs/actionlib_msgs/msg/rosidl_typesupport_fastrtps_cpp__visibility_control.h
[1.868s] -- Up-to-date: /home/robot/app/robot_ws/install/actionlib_msgs/include/actionlib_msgs/actionlib_msgs/msg/detail
[1.868s] -- Up-to-date: /home/robot/app/robot_ws/install/actionlib_msgs/include/actionlib_msgs/actionlib_msgs/msg/detail/goal_status__rosidl_typesupport_fastrtps_cpp.hpp
[1.869s] -- Up-to-date: /home/robot/app/robot_ws/install/actionlib_msgs/include/actionlib_msgs/actionlib_msgs/msg/detail/dds_fastrtps
[1.869s] -- Up-to-date: /home/robot/app/robot_ws/install/actionlib_msgs/include/actionlib_msgs/actionlib_msgs/msg/detail/goal_status_array__rosidl_typesupport_fastrtps_cpp.hpp
[1.869s] -- Up-to-date: /home/robot/app/robot_ws/install/actionlib_msgs/include/actionlib_msgs/actionlib_msgs/msg/detail/goal_id__rosidl_typesupport_fastrtps_cpp.hpp
[1.869s] -- Up-to-date: /home/robot/app/robot_ws/install/actionlib_msgs/lib/libactionlib_msgs__rosidl_typesupport_fastrtps_cpp.so
[1.869s] -- Up-to-date: /home/robot/app/robot_ws/install/actionlib_msgs/include/actionlib_msgs
[1.869s] -- Up-to-date: /home/robot/app/robot_ws/install/actionlib_msgs/include/actionlib_msgs/msg
[1.869s] -- Up-to-date: /home/robot/app/robot_ws/install/actionlib_msgs/include/actionlib_msgs/msg/detail
[1.869s] -- Up-to-date: /home/robot/app/robot_ws/install/actionlib_msgs/include/actionlib_msgs/msg/detail/goal_id__rosidl_typesupport_microxrcedds_c.h
[1.870s] -- Up-to-date: /home/robot/app/robot_ws/install/actionlib_msgs/include/actionlib_msgs/msg/detail/microxrcedds
[1.870s] -- Up-to-date: /home/robot/app/robot_ws/install/actionlib_msgs/include/actionlib_msgs/msg/detail/goal_status__rosidl_typesupport_microxrcedds_c.h
[1.870s] -- Up-to-date: /home/robot/app/robot_ws/install/actionlib_msgs/include/actionlib_msgs/msg/detail/goal_status_array__rosidl_typesupport_microxrcedds_c.h
[1.870s] -- Up-to-date: /home/robot/app/robot_ws/install/actionlib_msgs/include/actionlib_msgs/msg/rosidl_typesupport_microxrcedds_c__visibility_control.h
[1.870s] -- Up-to-date: /home/robot/app/robot_ws/install/actionlib_msgs/lib/libactionlib_msgs__rosidl_typesupport_microxrcedds_c.so
[1.870s] -- Up-to-date: /home/robot/app/robot_ws/install/actionlib_msgs/include/actionlib_msgs/actionlib_msgs
[1.871s] -- Up-to-date: /home/robot/app/robot_ws/install/actionlib_msgs/include/actionlib_msgs/actionlib_msgs/msg
[1.871s] -- Up-to-date: /home/robot/app/robot_ws/install/actionlib_msgs/include/actionlib_msgs/actionlib_msgs/msg/rosidl_typesupport_introspection_c__visibility_control.h
[1.871s] -- Up-to-date: /home/robot/app/robot_ws/install/actionlib_msgs/include/actionlib_msgs/actionlib_msgs/msg/detail
[1.871s] -- Up-to-date: /home/robot/app/robot_ws/install/actionlib_msgs/include/actionlib_msgs/actionlib_msgs/msg/detail/goal_id__type_support.c
[1.871s] -- Up-to-date: /home/robot/app/robot_ws/install/actionlib_msgs/include/actionlib_msgs/actionlib_msgs/msg/detail/goal_id__rosidl_typesupport_introspection_c.h
[1.872s] -- Up-to-date: /home/robot/app/robot_ws/install/actionlib_msgs/include/actionlib_msgs/actionlib_msgs/msg/detail/goal_status__rosidl_typesupport_introspection_c.h
[1.872s] -- Up-to-date: /home/robot/app/robot_ws/install/actionlib_msgs/include/actionlib_msgs/actionlib_msgs/msg/detail/goal_status_array__rosidl_typesupport_introspection_c.h
[1.872s] -- Up-to-date: /home/robot/app/robot_ws/install/actionlib_msgs/include/actionlib_msgs/actionlib_msgs/msg/detail/goal_status_array__type_support.c
[1.872s] -- Up-to-date: /home/robot/app/robot_ws/install/actionlib_msgs/include/actionlib_msgs/actionlib_msgs/msg/detail/goal_status__type_support.c
[1.873s] -- Up-to-date: /home/robot/app/robot_ws/install/actionlib_msgs/lib/libactionlib_msgs__rosidl_typesupport_introspection_c.so
[1.873s] -- Up-to-date: /home/robot/app/robot_ws/install/actionlib_msgs/lib/libactionlib_msgs__rosidl_typesupport_c.so
[1.873s] -- Up-to-date: /home/robot/app/robot_ws/install/actionlib_msgs/include/actionlib_msgs
[1.874s] -- Up-to-date: /home/robot/app/robot_ws/install/actionlib_msgs/include/actionlib_msgs/msg
[1.874s] -- Up-to-date: /home/robot/app/robot_ws/install/actionlib_msgs/include/actionlib_msgs/msg/detail
[1.874s] -- Up-to-date: /home/robot/app/robot_ws/install/actionlib_msgs/include/actionlib_msgs/msg/detail/microxrcedds
[1.874s] -- Up-to-date: /home/robot/app/robot_ws/install/actionlib_msgs/include/actionlib_msgs/msg/detail/microxrcedds/goal_status__type_support_cpp.cpp
[1.874s] -- Up-to-date: /home/robot/app/robot_ws/install/actionlib_msgs/include/actionlib_msgs/msg/detail/microxrcedds/goal_status_array__type_support_cpp.cpp
[1.875s] -- Up-to-date: /home/robot/app/robot_ws/install/actionlib_msgs/include/actionlib_msgs/msg/detail/microxrcedds/goal_id__type_support_cpp.cpp
[1.875s] -- Up-to-date: /home/robot/app/robot_ws/install/actionlib_msgs/include/actionlib_msgs/msg/detail/goal_status__rosidl_typesupport_microxrcedds_cpp.hpp
[1.875s] -- Up-to-date: /home/robot/app/robot_ws/install/actionlib_msgs/include/actionlib_msgs/msg/detail/goal_id__rosidl_typesupport_microxrcedds_cpp.hpp
[1.875s] -- Up-to-date: /home/robot/app/robot_ws/install/actionlib_msgs/include/actionlib_msgs/msg/detail/goal_status_array__rosidl_typesupport_microxrcedds_cpp.hpp
[1.876s] -- Up-to-date: /home/robot/app/robot_ws/install/actionlib_msgs/include/actionlib_msgs/msg/rosidl_typesupport_microxrcedds_cpp__visibility_control.h
[1.876s] -- Up-to-date: /home/robot/app/robot_ws/install/actionlib_msgs/lib/libactionlib_msgs__rosidl_typesupport_microxrcedds_cpp.so
[1.877s] -- Up-to-date: /home/robot/app/robot_ws/install/actionlib_msgs/include/actionlib_msgs/actionlib_msgs
[1.877s] -- Up-to-date: /home/robot/app/robot_ws/install/actionlib_msgs/include/actionlib_msgs/actionlib_msgs/msg
[1.877s] -- Up-to-date: /home/robot/app/robot_ws/install/actionlib_msgs/include/actionlib_msgs/actionlib_msgs/msg/detail
[1.877s] -- Up-to-date: /home/robot/app/robot_ws/install/actionlib_msgs/include/actionlib_msgs/actionlib_msgs/msg/detail/goal_status_array__rosidl_typesupport_introspection_cpp.hpp
[1.877s] -- Up-to-date: /home/robot/app/robot_ws/install/actionlib_msgs/include/actionlib_msgs/actionlib_msgs/msg/detail/goal_status__rosidl_typesupport_introspection_cpp.hpp
[1.877s] -- Up-to-date: /home/robot/app/robot_ws/install/actionlib_msgs/include/actionlib_msgs/actionlib_msgs/msg/detail/goal_id__rosidl_typesupport_introspection_cpp.hpp
[1.877s] -- Up-to-date: /home/robot/app/robot_ws/install/actionlib_msgs/include/actionlib_msgs/actionlib_msgs/msg/detail/goal_status__type_support.cpp
[1.877s] -- Up-to-date: /home/robot/app/robot_ws/install/actionlib_msgs/include/actionlib_msgs/actionlib_msgs/msg/detail/goal_status_array__type_support.cpp
[1.878s] -- Up-to-date: /home/robot/app/robot_ws/install/actionlib_msgs/include/actionlib_msgs/actionlib_msgs/msg/detail/goal_id__type_support.cpp
[1.878s] -- Up-to-date: /home/robot/app/robot_ws/install/actionlib_msgs/lib/libactionlib_msgs__rosidl_typesupport_introspection_cpp.so
[1.878s] -- Up-to-date: /home/robot/app/robot_ws/install/actionlib_msgs/lib/libactionlib_msgs__rosidl_typesupport_cpp.so
[1.878s] -- Up-to-date: /home/robot/app/robot_ws/install/actionlib_msgs/share/actionlib_msgs/environment/pythonpath.sh
[1.878s] -- Up-to-date: /home/robot/app/robot_ws/install/actionlib_msgs/share/actionlib_msgs/environment/pythonpath.dsv
[1.878s] -- Up-to-date: /home/robot/app/robot_ws/install/actionlib_msgs/local/lib/python3.10/dist-packages/actionlib_msgs-4.2.4-py3.10.egg-info
[1.878s] -- Installing: /home/robot/app/robot_ws/install/actionlib_msgs/local/lib/python3.10/dist-packages/actionlib_msgs-4.2.4-py3.10.egg-info/dependency_links.txt
[1.878s] -- Installing: /home/robot/app/robot_ws/install/actionlib_msgs/local/lib/python3.10/dist-packages/actionlib_msgs-4.2.4-py3.10.egg-info/PKG-INFO
[1.878s] -- Installing: /home/robot/app/robot_ws/install/actionlib_msgs/local/lib/python3.10/dist-packages/actionlib_msgs-4.2.4-py3.10.egg-info/SOURCES.txt
[1.879s] -- Installing: /home/robot/app/robot_ws/install/actionlib_msgs/local/lib/python3.10/dist-packages/actionlib_msgs-4.2.4-py3.10.egg-info/top_level.txt
[1.879s] -- Up-to-date: /home/robot/app/robot_ws/install/actionlib_msgs/local/lib/python3.10/dist-packages/actionlib_msgs
[1.879s] -- Up-to-date: /home/robot/app/robot_ws/install/actionlib_msgs/local/lib/python3.10/dist-packages/actionlib_msgs/__init__.py
[1.880s] -- Up-to-date: /home/robot/app/robot_ws/install/actionlib_msgs/local/lib/python3.10/dist-packages/actionlib_msgs/_actionlib_msgs_s.ep.rosidl_typesupport_microxrcedds_c.c
[1.880s] -- Up-to-date: /home/robot/app/robot_ws/install/actionlib_msgs/local/lib/python3.10/dist-packages/actionlib_msgs/_actionlib_msgs_s.ep.rosidl_typesupport_c.c
[1.880s] -- Up-to-date: /home/robot/app/robot_ws/install/actionlib_msgs/local/lib/python3.10/dist-packages/actionlib_msgs/actionlib_msgs_s__rosidl_typesupport_microxrcedds_c.cpython-310-x86_64-linux-gnu.so
[1.880s] -- Up-to-date: /home/robot/app/robot_ws/install/actionlib_msgs/local/lib/python3.10/dist-packages/actionlib_msgs/actionlib_msgs_s__rosidl_typesupport_c.cpython-310-x86_64-linux-gnu.so
[1.880s] -- Up-to-date: /home/robot/app/robot_ws/install/actionlib_msgs/local/lib/python3.10/dist-packages/actionlib_msgs/_actionlib_msgs_s.ep.rosidl_typesupport_introspection_c.c
[1.881s] -- Up-to-date: /home/robot/app/robot_ws/install/actionlib_msgs/local/lib/python3.10/dist-packages/actionlib_msgs/actionlib_msgs_s__rosidl_typesupport_fastrtps_c.cpython-310-x86_64-linux-gnu.so
[1.881s] -- Up-to-date: /home/robot/app/robot_ws/install/actionlib_msgs/local/lib/python3.10/dist-packages/actionlib_msgs/libactionlib_msgs__rosidl_generator_py.so
[1.881s] -- Up-to-date: /home/robot/app/robot_ws/install/actionlib_msgs/local/lib/python3.10/dist-packages/actionlib_msgs/_actionlib_msgs_s.ep.rosidl_typesupport_fastrtps_c.c
[1.881s] -- Up-to-date: /home/robot/app/robot_ws/install/actionlib_msgs/local/lib/python3.10/dist-packages/actionlib_msgs/actionlib_msgs_s__rosidl_typesupport_introspection_c.cpython-310-x86_64-linux-gnu.so
[1.881s] -- Up-to-date: /home/robot/app/robot_ws/install/actionlib_msgs/local/lib/python3.10/dist-packages/actionlib_msgs/msg
[1.882s] -- Up-to-date: /home/robot/app/robot_ws/install/actionlib_msgs/local/lib/python3.10/dist-packages/actionlib_msgs/msg/_goal_status_array.py
[1.882s] -- Up-to-date: /home/robot/app/robot_ws/install/actionlib_msgs/local/lib/python3.10/dist-packages/actionlib_msgs/msg/__init__.py
[1.882s] -- Up-to-date: /home/robot/app/robot_ws/install/actionlib_msgs/local/lib/python3.10/dist-packages/actionlib_msgs/msg/_goal_id_s.c
[1.882s] -- Up-to-date: /home/robot/app/robot_ws/install/actionlib_msgs/local/lib/python3.10/dist-packages/actionlib_msgs/msg/_goal_status_array_s.c
[1.883s] -- Up-to-date: /home/robot/app/robot_ws/install/actionlib_msgs/local/lib/python3.10/dist-packages/actionlib_msgs/msg/_goal_status.py
[1.883s] -- Up-to-date: /home/robot/app/robot_ws/install/actionlib_msgs/local/lib/python3.10/dist-packages/actionlib_msgs/msg/_goal_id.py
[1.883s] -- Up-to-date: /home/robot/app/robot_ws/install/actionlib_msgs/local/lib/python3.10/dist-packages/actionlib_msgs/msg/_goal_status_s.c
[1.991s] Listing '/home/robot/app/robot_ws/install/actionlib_msgs/local/lib/python3.10/dist-packages/actionlib_msgs'...
[1.991s] Listing '/home/robot/app/robot_ws/install/actionlib_msgs/local/lib/python3.10/dist-packages/actionlib_msgs/msg'...
[1.999s] -- Up-to-date: /home/robot/app/robot_ws/install/actionlib_msgs/local/lib/python3.10/dist-packages/actionlib_msgs/actionlib_msgs_s__rosidl_typesupport_microxrcedds_c.cpython-310-x86_64-linux-gnu.so
[2.000s] -- Up-to-date: /home/robot/app/robot_ws/install/actionlib_msgs/local/lib/python3.10/dist-packages/actionlib_msgs/actionlib_msgs_s__rosidl_typesupport_fastrtps_c.cpython-310-x86_64-linux-gnu.so
[2.001s] -- Up-to-date: /home/robot/app/robot_ws/install/actionlib_msgs/local/lib/python3.10/dist-packages/actionlib_msgs/actionlib_msgs_s__rosidl_typesupport_introspection_c.cpython-310-x86_64-linux-gnu.so
[2.001s] -- Up-to-date: /home/robot/app/robot_ws/install/actionlib_msgs/local/lib/python3.10/dist-packages/actionlib_msgs/actionlib_msgs_s__rosidl_typesupport_c.cpython-310-x86_64-linux-gnu.so
[2.002s] -- Up-to-date: /home/robot/app/robot_ws/install/actionlib_msgs/lib/libactionlib_msgs__rosidl_generator_py.so
[2.002s] -- Up-to-date: /home/robot/app/robot_ws/install/actionlib_msgs/share/actionlib_msgs/msg/GoalID.idl
[2.003s] -- Up-to-date: /home/robot/app/robot_ws/install/actionlib_msgs/share/actionlib_msgs/msg/GoalStatus.idl
[2.003s] -- Up-to-date: /home/robot/app/robot_ws/install/actionlib_msgs/share/actionlib_msgs/msg/GoalStatusArray.idl
[2.003s] -- Up-to-date: /home/robot/app/robot_ws/install/actionlib_msgs/share/actionlib_msgs/msg/GoalID.msg
[2.003s] -- Up-to-date: /home/robot/app/robot_ws/install/actionlib_msgs/share/actionlib_msgs/msg/GoalStatus.msg
[2.004s] -- Up-to-date: /home/robot/app/robot_ws/install/actionlib_msgs/share/actionlib_msgs/msg/GoalStatusArray.msg
[2.004s] -- Up-to-date: /home/robot/app/robot_ws/install/actionlib_msgs/share/ament_index/resource_index/package_run_dependencies/actionlib_msgs
[2.004s] -- Up-to-date: /home/robot/app/robot_ws/install/actionlib_msgs/share/ament_index/resource_index/parent_prefix_path/actionlib_msgs
[2.005s] -- Up-to-date: /home/robot/app/robot_ws/install/actionlib_msgs/share/actionlib_msgs/environment/ament_prefix_path.sh
[2.005s] -- Up-to-date: /home/robot/app/robot_ws/install/actionlib_msgs/share/actionlib_msgs/environment/ament_prefix_path.dsv
[2.006s] -- Up-to-date: /home/robot/app/robot_ws/install/actionlib_msgs/share/actionlib_msgs/environment/path.sh
[2.006s] -- Up-to-date: /home/robot/app/robot_ws/install/actionlib_msgs/share/actionlib_msgs/environment/path.dsv
[2.006s] -- Up-to-date: /home/robot/app/robot_ws/install/actionlib_msgs/share/actionlib_msgs/local_setup.bash
[2.006s] -- Up-to-date: /home/robot/app/robot_ws/install/actionlib_msgs/share/actionlib_msgs/local_setup.sh
[2.006s] -- Up-to-date: /home/robot/app/robot_ws/install/actionlib_msgs/share/actionlib_msgs/local_setup.zsh
[2.007s] -- Up-to-date: /home/robot/app/robot_ws/install/actionlib_msgs/share/actionlib_msgs/local_setup.dsv
[2.007s] -- Installing: /home/robot/app/robot_ws/install/actionlib_msgs/share/actionlib_msgs/package.dsv
[2.007s] -- Up-to-date: /home/robot/app/robot_ws/install/actionlib_msgs/share/ament_index/resource_index/packages/actionlib_msgs
[2.008s] -- Up-to-date: /home/robot/app/robot_ws/install/actionlib_msgs/share/actionlib_msgs/cmake/export_actionlib_msgs__rosidl_generator_cExport.cmake
[2.008s] -- Up-to-date: /home/robot/app/robot_ws/install/actionlib_msgs/share/actionlib_msgs/cmake/export_actionlib_msgs__rosidl_generator_cExport-noconfig.cmake
[2.008s] -- Up-to-date: /home/robot/app/robot_ws/install/actionlib_msgs/share/actionlib_msgs/cmake/export_actionlib_msgs__rosidl_typesupport_fastrtps_cExport.cmake
[2.010s] -- Up-to-date: /home/robot/app/robot_ws/install/actionlib_msgs/share/actionlib_msgs/cmake/export_actionlib_msgs__rosidl_typesupport_fastrtps_cExport-noconfig.cmake
[2.010s] -- Up-to-date: /home/robot/app/robot_ws/install/actionlib_msgs/share/actionlib_msgs/cmake/export_actionlib_msgs__rosidl_generator_cppExport.cmake
[2.011s] -- Up-to-date: /home/robot/app/robot_ws/install/actionlib_msgs/share/actionlib_msgs/cmake/export_actionlib_msgs__rosidl_typesupport_fastrtps_cppExport.cmake
[2.011s] -- Up-to-date: /home/robot/app/robot_ws/install/actionlib_msgs/share/actionlib_msgs/cmake/export_actionlib_msgs__rosidl_typesupport_fastrtps_cppExport-noconfig.cmake
[2.011s] -- Up-to-date: /home/robot/app/robot_ws/install/actionlib_msgs/share/actionlib_msgs/cmake/actionlib_msgs__rosidl_typesupport_introspection_cExport.cmake
[2.012s] -- Up-to-date: /home/robot/app/robot_ws/install/actionlib_msgs/share/actionlib_msgs/cmake/actionlib_msgs__rosidl_typesupport_introspection_cExport-noconfig.cmake
[2.012s] -- Up-to-date: /home/robot/app/robot_ws/install/actionlib_msgs/share/actionlib_msgs/cmake/actionlib_msgs__rosidl_typesupport_cExport.cmake
[2.012s] -- Up-to-date: /home/robot/app/robot_ws/install/actionlib_msgs/share/actionlib_msgs/cmake/actionlib_msgs__rosidl_typesupport_cExport-noconfig.cmake
[2.012s] -- Up-to-date: /home/robot/app/robot_ws/install/actionlib_msgs/share/actionlib_msgs/cmake/actionlib_msgs__rosidl_typesupport_introspection_cppExport.cmake
[2.013s] -- Up-to-date: /home/robot/app/robot_ws/install/actionlib_msgs/share/actionlib_msgs/cmake/actionlib_msgs__rosidl_typesupport_introspection_cppExport-noconfig.cmake
[2.013s] -- Up-to-date: /home/robot/app/robot_ws/install/actionlib_msgs/share/actionlib_msgs/cmake/actionlib_msgs__rosidl_typesupport_cppExport.cmake
[2.013s] -- Up-to-date: /home/robot/app/robot_ws/install/actionlib_msgs/share/actionlib_msgs/cmake/actionlib_msgs__rosidl_typesupport_cppExport-noconfig.cmake
[2.013s] -- Up-to-date: /home/robot/app/robot_ws/install/actionlib_msgs/share/actionlib_msgs/cmake/export_actionlib_msgs__rosidl_generator_pyExport.cmake
[2.014s] -- Up-to-date: /home/robot/app/robot_ws/install/actionlib_msgs/share/actionlib_msgs/cmake/export_actionlib_msgs__rosidl_generator_pyExport-noconfig.cmake
[2.014s] -- Up-to-date: /home/robot/app/robot_ws/install/actionlib_msgs/share/actionlib_msgs/cmake/rosidl_cmake-extras.cmake
[2.014s] -- Up-to-date: /home/robot/app/robot_ws/install/actionlib_msgs/share/actionlib_msgs/cmake/ament_cmake_export_dependencies-extras.cmake
[2.014s] -- Up-to-date: /home/robot/app/robot_ws/install/actionlib_msgs/share/actionlib_msgs/cmake/ament_cmake_export_include_directories-extras.cmake
[2.014s] -- Up-to-date: /home/robot/app/robot_ws/install/actionlib_msgs/share/actionlib_msgs/cmake/ament_cmake_export_libraries-extras.cmake
[2.014s] -- Up-to-date: /home/robot/app/robot_ws/install/actionlib_msgs/share/actionlib_msgs/cmake/ament_cmake_export_targets-extras.cmake
[2.014s] -- Up-to-date: /home/robot/app/robot_ws/install/actionlib_msgs/share/actionlib_msgs/cmake/rosidl_cmake_export_typesupport_targets-extras.cmake
[2.014s] -- Up-to-date: /home/robot/app/robot_ws/install/actionlib_msgs/share/actionlib_msgs/cmake/rosidl_cmake_export_typesupport_libraries-extras.cmake
[2.014s] -- Up-to-date: /home/robot/app/robot_ws/install/actionlib_msgs/share/actionlib_msgs/cmake/actionlib_msgsConfig.cmake
[2.015s] -- Up-to-date: /home/robot/app/robot_ws/install/actionlib_msgs/share/actionlib_msgs/cmake/actionlib_msgsConfig-version.cmake
[2.015s] -- Up-to-date: /home/robot/app/robot_ws/install/actionlib_msgs/share/actionlib_msgs/package.xml
[2.017s] Invoked command in '/home/robot/app/robot_ws/build/actionlib_msgs' returned '0': CMAKE_PREFIX_PATH=/home/robot/app/robot_ws/install/std_msgs:/home/robot/app/robot_ws/install/builtin_interfaces:/home/robot/app/robot_ws/install/micro_ros_demos_rclc:/home/robot/app/robot_ws/install/common_interfaces:/home/robot/app/robot_ws/install/visualization_msgs:/home/robot/app/robot_ws/install/test_msgs:/home/robot/app/robot_ws/install/example_interfaces:/home/robot/app/robot_ws/install/action_msgs:/home/robot/app/robot_ws/install/unique_identifier_msgs:/home/robot/app/robot_ws/install/trajectory_msgs:/home/robot/app/robot_ws/install/stereo_msgs:/home/robot/app/robot_ws/install/std_srvs:/home/robot/app/robot_ws/install/shape_msgs:/home/robot/app/robot_ws/install/sensor_msgs:/home/robot/app/robot_ws/install/nav_msgs:/home/robot/app/robot_ws/install/diagnostic_msgs:/home/robot/app/robot_ws/install/geometry_msgs:/home/robot/app/robot_ws/install/actionlib_msgs:/home/robot/app/robot_ws/install/statistics_msgs:/home/robot/app/robot_ws/install/rosidl_typesupport_microxrcedds_test_msg:/home/robot/app/robot_ws/install/rosidl_typesupport_microxrcedds_cpp_tests:/home/robot/app/robot_ws/install/rmw_microxrcedds:/home/robot/app/robot_ws/install/rosidl_typesupport_microxrcedds_cpp:/home/robot/app/robot_ws/install/rosidl_typesupport_microxrcedds_c_tests:/home/robot/app/robot_ws/install/rosidl_typesupport_microxrcedds_c:/home/robot/app/robot_ws/install/rosgraph_msgs:/home/robot/app/robot_ws/install/rclc_parameter:/home/robot/app/robot_ws/install/rclc:/home/robot/app/robot_ws/install/composition_interfaces:/home/robot/app/robot_ws/install/rcl_interfaces:/home/robot/app/robot_ws/install/microxrcedds_client:/home/robot/app/robot_ws/install/microcdr:/home/robot/app/robot_ws/install/micro_ros_utilities:/home/robot/app/robot_ws/install/micro_ros_msgs:/home/robot/app/robot_ws/install/lifecycle_msgs:/home/robot/app/robot_ws/install/complex_msgs:/home/robot/app/robot_ws/install/micro_ros_setup:/home/robot/app/robot_ws/install/my_custom_message:/home/robot/app/robot_ws/install/sensor_msgs_py:/opt/ros/humble LD_LIBRARY_PATH=/home/robot/app/robot_ws/install/std_msgs/lib:/home/robot/app/robot_ws/install/builtin_interfaces/lib:/home/robot/app/robot_ws/install/visualization_msgs/lib:/home/robot/app/robot_ws/install/test_msgs/lib:/home/robot/app/robot_ws/install/example_interfaces/lib:/home/robot/app/robot_ws/install/action_msgs/lib:/home/robot/app/robot_ws/install/unique_identifier_msgs/lib:/home/robot/app/robot_ws/install/trajectory_msgs/lib:/home/robot/app/robot_ws/install/stereo_msgs/lib:/home/robot/app/robot_ws/install/std_srvs/lib:/home/robot/app/robot_ws/install/shape_msgs/lib:/home/robot/app/robot_ws/install/sensor_msgs/lib:/home/robot/app/robot_ws/install/nav_msgs/lib:/home/robot/app/robot_ws/install/diagnostic_msgs/lib:/home/robot/app/robot_ws/install/geometry_msgs/lib:/home/robot/app/robot_ws/install/actionlib_msgs/lib:/home/robot/app/robot_ws/install/statistics_msgs/lib:/home/robot/app/robot_ws/install/rmw_microxrcedds/lib:/home/robot/app/robot_ws/install/rosidl_typesupport_microxrcedds_cpp/lib:/home/robot/app/robot_ws/install/rosidl_typesupport_microxrcedds_c/lib:/home/robot/app/robot_ws/install/rosgraph_msgs/lib:/home/robot/app/robot_ws/install/rclc_parameter/lib:/home/robot/app/robot_ws/install/rclc/lib:/home/robot/app/robot_ws/install/composition_interfaces/lib:/home/robot/app/robot_ws/install/rcl_interfaces/lib:/home/robot/app/robot_ws/install/microxrcedds_client/lib:/home/robot/app/robot_ws/install/microcdr/lib:/home/robot/app/robot_ws/install/micro_ros_utilities/lib:/home/robot/app/robot_ws/install/micro_ros_msgs/lib:/home/robot/app/robot_ws/install/lifecycle_msgs/lib:/home/robot/app/robot_ws/install/complex_msgs/lib:/home/robot/app/robot_ws/install/my_custom_message/lib:/opt/ros/humble/opt/rviz_ogre_vendor/lib:/opt/ros/humble/lib/x86_64-linux-gnu:/opt/ros/humble/lib /usr/bin/cmake --install /home/robot/app/robot_ws/build/actionlib_msgs
