[0.064s] Invoking command in '/home/robot/app/robot_ws/build/composition_interfaces': CMAKE_PREFIX_PATH=/home/robot/app/robot_ws/install/rcl_interfaces:/home/robot/app/robot_ws/install/builtin_interfaces:/home/robot/app/robot_ws/install/micro_ros_agent:/home/robot/app/robot_ws/install/micro_ros_demos_rclc:/home/robot/app/robot_ws/install/common_interfaces:/home/robot/app/robot_ws/install/visualization_msgs:/home/robot/app/robot_ws/install/test_msgs:/home/robot/app/robot_ws/install/example_interfaces:/home/robot/app/robot_ws/install/action_msgs:/home/robot/app/robot_ws/install/unique_identifier_msgs:/home/robot/app/robot_ws/install/trajectory_msgs:/home/robot/app/robot_ws/install/stereo_msgs:/home/robot/app/robot_ws/install/std_srvs:/home/robot/app/robot_ws/install/shape_msgs:/home/robot/app/robot_ws/install/sensor_msgs:/home/robot/app/robot_ws/install/nav_msgs:/home/robot/app/robot_ws/install/diagnostic_msgs:/home/robot/app/robot_ws/install/geometry_msgs:/home/robot/app/robot_ws/install/actionlib_msgs:/home/robot/app/robot_ws/install/std_msgs:/home/robot/app/robot_ws/install/statistics_msgs:/home/robot/app/robot_ws/install/rosidl_typesupport_microxrcedds_test_msg:/home/robot/app/robot_ws/install/rosidl_typesupport_microxrcedds_cpp_tests:/home/robot/app/robot_ws/install/rmw_microxrcedds:/home/robot/app/robot_ws/install/rosidl_typesupport_microxrcedds_cpp:/home/robot/app/robot_ws/install/rosidl_typesupport_microxrcedds_c_tests:/home/robot/app/robot_ws/install/rosidl_typesupport_microxrcedds_c:/home/robot/app/robot_ws/install/rosgraph_msgs:/home/robot/app/robot_ws/install/rclc_parameter:/home/robot/app/robot_ws/install/rclc:/home/robot/app/robot_ws/install/composition_interfaces:/home/robot/app/robot_ws/install/microxrcedds_client:/home/robot/app/robot_ws/install/microcdr:/home/robot/app/robot_ws/install/micro_ros_utilities:/home/robot/app/robot_ws/install/micro_ros_msgs:/home/robot/app/robot_ws/install/lifecycle_msgs:/home/robot/app/robot_ws/install/complex_msgs:/home/robot/app/robot_ws/install/micro_ros_setup:/home/robot/app/robot_ws/install/sensor_msgs_py:/opt/ros/humble LD_LIBRARY_PATH=/home/robot/app/robot_ws/install/rcl_interfaces/lib:/home/robot/app/robot_ws/install/builtin_interfaces/lib:/home/robot/app/robot_ws/install/micro_ros_agent/lib:/home/robot/app/robot_ws/install/visualization_msgs/lib:/home/robot/app/robot_ws/install/test_msgs/lib:/home/robot/app/robot_ws/install/example_interfaces/lib:/home/robot/app/robot_ws/install/action_msgs/lib:/home/robot/app/robot_ws/install/unique_identifier_msgs/lib:/home/robot/app/robot_ws/install/trajectory_msgs/lib:/home/robot/app/robot_ws/install/stereo_msgs/lib:/home/robot/app/robot_ws/install/std_srvs/lib:/home/robot/app/robot_ws/install/shape_msgs/lib:/home/robot/app/robot_ws/install/sensor_msgs/lib:/home/robot/app/robot_ws/install/nav_msgs/lib:/home/robot/app/robot_ws/install/diagnostic_msgs/lib:/home/robot/app/robot_ws/install/geometry_msgs/lib:/home/robot/app/robot_ws/install/actionlib_msgs/lib:/home/robot/app/robot_ws/install/std_msgs/lib:/home/robot/app/robot_ws/install/statistics_msgs/lib:/home/robot/app/robot_ws/install/rmw_microxrcedds/lib:/home/robot/app/robot_ws/install/rosidl_typesupport_microxrcedds_cpp/lib:/home/robot/app/robot_ws/install/rosidl_typesupport_microxrcedds_c/lib:/home/robot/app/robot_ws/install/rosgraph_msgs/lib:/home/robot/app/robot_ws/install/rclc_parameter/lib:/home/robot/app/robot_ws/install/rclc/lib:/home/robot/app/robot_ws/install/composition_interfaces/lib:/home/robot/app/robot_ws/install/microxrcedds_client/lib:/home/robot/app/robot_ws/install/microcdr/lib:/home/robot/app/robot_ws/install/micro_ros_utilities/lib:/home/robot/app/robot_ws/install/micro_ros_msgs/lib:/home/robot/app/robot_ws/install/lifecycle_msgs/lib:/home/robot/app/robot_ws/install/complex_msgs/lib:/opt/ros/humble/opt/rviz_ogre_vendor/lib:/opt/ros/humble/lib/x86_64-linux-gnu:/opt/ros/humble/lib /usr/bin/cmake /home/robot/app/robot_ws/src/ros2/rcl_interfaces/composition_interfaces -DCMAKE_INSTALL_PREFIX=/home/robot/app/robot_ws/install/composition_interfaces
[0.116s] -- Found ament_cmake: 1.3.10 (/opt/ros/humble/share/ament_cmake/cmake)
[0.637s] -- Found rosidl_default_generators: 1.2.0 (/opt/ros/humble/share/rosidl_default_generators/cmake)
[0.682s] -- Using all available rosidl_typesupport_c: rosidl_typesupport_microxrcedds_c;rosidl_typesupport_fastrtps_c;rosidl_typesupport_introspection_c
[0.687s] -- Found rosidl_adapter: 3.1.5 (/opt/ros/humble/share/rosidl_adapter/cmake)
[0.779s] -- Using all available rosidl_typesupport_cpp: rosidl_typesupport_microxrcedds_cpp;rosidl_typesupport_fastrtps_cpp;rosidl_typesupport_introspection_cpp
[0.874s] -- Found rcl_interfaces: 1.2.1 (/home/robot/app/robot_ws/install/rcl_interfaces/share/rcl_interfaces/cmake)
[1.872s] -- Found ament_cmake_ros: 0.10.0 (/opt/ros/humble/share/ament_cmake_ros/cmake)
[2.569s] -- Using all available rosidl_typesupport_c: rosidl_typesupport_microxrcedds_c;rosidl_typesupport_fastrtps_c;rosidl_typesupport_introspection_c
[3.472s] -- Using all available rosidl_typesupport_cpp: rosidl_typesupport_microxrcedds_cpp;rosidl_typesupport_fastrtps_cpp;rosidl_typesupport_introspection_cpp
[3.540s] -- Found python_cmake_module: 0.10.0 (/opt/ros/humble/share/python_cmake_module/cmake)
[3.636s] -- Using PYTHON_EXECUTABLE: /usr/bin/python3
[3.636s] -- Using PYTHON_INCLUDE_DIRS: /usr/include/python3.10
[3.636s] -- Using PYTHON_LIBRARIES: /usr/lib/x86_64-linux-gnu/libpython3.10.so
[3.808s] -- Configuring done
[4.111s] -- Generating done
[4.111s] -- Build files have been written to: /home/robot/app/robot_ws/build/composition_interfaces
[4.123s] Invoked command in '/home/robot/app/robot_ws/build/composition_interfaces' returned '0': CMAKE_PREFIX_PATH=/home/robot/app/robot_ws/install/rcl_interfaces:/home/robot/app/robot_ws/install/builtin_interfaces:/home/robot/app/robot_ws/install/micro_ros_agent:/home/robot/app/robot_ws/install/micro_ros_demos_rclc:/home/robot/app/robot_ws/install/common_interfaces:/home/robot/app/robot_ws/install/visualization_msgs:/home/robot/app/robot_ws/install/test_msgs:/home/robot/app/robot_ws/install/example_interfaces:/home/robot/app/robot_ws/install/action_msgs:/home/robot/app/robot_ws/install/unique_identifier_msgs:/home/robot/app/robot_ws/install/trajectory_msgs:/home/robot/app/robot_ws/install/stereo_msgs:/home/robot/app/robot_ws/install/std_srvs:/home/robot/app/robot_ws/install/shape_msgs:/home/robot/app/robot_ws/install/sensor_msgs:/home/robot/app/robot_ws/install/nav_msgs:/home/robot/app/robot_ws/install/diagnostic_msgs:/home/robot/app/robot_ws/install/geometry_msgs:/home/robot/app/robot_ws/install/actionlib_msgs:/home/robot/app/robot_ws/install/std_msgs:/home/robot/app/robot_ws/install/statistics_msgs:/home/robot/app/robot_ws/install/rosidl_typesupport_microxrcedds_test_msg:/home/robot/app/robot_ws/install/rosidl_typesupport_microxrcedds_cpp_tests:/home/robot/app/robot_ws/install/rmw_microxrcedds:/home/robot/app/robot_ws/install/rosidl_typesupport_microxrcedds_cpp:/home/robot/app/robot_ws/install/rosidl_typesupport_microxrcedds_c_tests:/home/robot/app/robot_ws/install/rosidl_typesupport_microxrcedds_c:/home/robot/app/robot_ws/install/rosgraph_msgs:/home/robot/app/robot_ws/install/rclc_parameter:/home/robot/app/robot_ws/install/rclc:/home/robot/app/robot_ws/install/composition_interfaces:/home/robot/app/robot_ws/install/microxrcedds_client:/home/robot/app/robot_ws/install/microcdr:/home/robot/app/robot_ws/install/micro_ros_utilities:/home/robot/app/robot_ws/install/micro_ros_msgs:/home/robot/app/robot_ws/install/lifecycle_msgs:/home/robot/app/robot_ws/install/complex_msgs:/home/robot/app/robot_ws/install/micro_ros_setup:/home/robot/app/robot_ws/install/sensor_msgs_py:/opt/ros/humble LD_LIBRARY_PATH=/home/robot/app/robot_ws/install/rcl_interfaces/lib:/home/robot/app/robot_ws/install/builtin_interfaces/lib:/home/robot/app/robot_ws/install/micro_ros_agent/lib:/home/robot/app/robot_ws/install/visualization_msgs/lib:/home/robot/app/robot_ws/install/test_msgs/lib:/home/robot/app/robot_ws/install/example_interfaces/lib:/home/robot/app/robot_ws/install/action_msgs/lib:/home/robot/app/robot_ws/install/unique_identifier_msgs/lib:/home/robot/app/robot_ws/install/trajectory_msgs/lib:/home/robot/app/robot_ws/install/stereo_msgs/lib:/home/robot/app/robot_ws/install/std_srvs/lib:/home/robot/app/robot_ws/install/shape_msgs/lib:/home/robot/app/robot_ws/install/sensor_msgs/lib:/home/robot/app/robot_ws/install/nav_msgs/lib:/home/robot/app/robot_ws/install/diagnostic_msgs/lib:/home/robot/app/robot_ws/install/geometry_msgs/lib:/home/robot/app/robot_ws/install/actionlib_msgs/lib:/home/robot/app/robot_ws/install/std_msgs/lib:/home/robot/app/robot_ws/install/statistics_msgs/lib:/home/robot/app/robot_ws/install/rmw_microxrcedds/lib:/home/robot/app/robot_ws/install/rosidl_typesupport_microxrcedds_cpp/lib:/home/robot/app/robot_ws/install/rosidl_typesupport_microxrcedds_c/lib:/home/robot/app/robot_ws/install/rosgraph_msgs/lib:/home/robot/app/robot_ws/install/rclc_parameter/lib:/home/robot/app/robot_ws/install/rclc/lib:/home/robot/app/robot_ws/install/composition_interfaces/lib:/home/robot/app/robot_ws/install/microxrcedds_client/lib:/home/robot/app/robot_ws/install/microcdr/lib:/home/robot/app/robot_ws/install/micro_ros_utilities/lib:/home/robot/app/robot_ws/install/micro_ros_msgs/lib:/home/robot/app/robot_ws/install/lifecycle_msgs/lib:/home/robot/app/robot_ws/install/complex_msgs/lib:/opt/ros/humble/opt/rviz_ogre_vendor/lib:/opt/ros/humble/lib/x86_64-linux-gnu:/opt/ros/humble/lib /usr/bin/cmake /home/robot/app/robot_ws/src/ros2/rcl_interfaces/composition_interfaces -DCMAKE_INSTALL_PREFIX=/home/robot/app/robot_ws/install/composition_interfaces
[4.124s] Invoking command in '/home/robot/app/robot_ws/build/composition_interfaces': CMAKE_PREFIX_PATH=/home/robot/app/robot_ws/install/rcl_interfaces:/home/robot/app/robot_ws/install/builtin_interfaces:/home/robot/app/robot_ws/install/micro_ros_agent:/home/robot/app/robot_ws/install/micro_ros_demos_rclc:/home/robot/app/robot_ws/install/common_interfaces:/home/robot/app/robot_ws/install/visualization_msgs:/home/robot/app/robot_ws/install/test_msgs:/home/robot/app/robot_ws/install/example_interfaces:/home/robot/app/robot_ws/install/action_msgs:/home/robot/app/robot_ws/install/unique_identifier_msgs:/home/robot/app/robot_ws/install/trajectory_msgs:/home/robot/app/robot_ws/install/stereo_msgs:/home/robot/app/robot_ws/install/std_srvs:/home/robot/app/robot_ws/install/shape_msgs:/home/robot/app/robot_ws/install/sensor_msgs:/home/robot/app/robot_ws/install/nav_msgs:/home/robot/app/robot_ws/install/diagnostic_msgs:/home/robot/app/robot_ws/install/geometry_msgs:/home/robot/app/robot_ws/install/actionlib_msgs:/home/robot/app/robot_ws/install/std_msgs:/home/robot/app/robot_ws/install/statistics_msgs:/home/robot/app/robot_ws/install/rosidl_typesupport_microxrcedds_test_msg:/home/robot/app/robot_ws/install/rosidl_typesupport_microxrcedds_cpp_tests:/home/robot/app/robot_ws/install/rmw_microxrcedds:/home/robot/app/robot_ws/install/rosidl_typesupport_microxrcedds_cpp:/home/robot/app/robot_ws/install/rosidl_typesupport_microxrcedds_c_tests:/home/robot/app/robot_ws/install/rosidl_typesupport_microxrcedds_c:/home/robot/app/robot_ws/install/rosgraph_msgs:/home/robot/app/robot_ws/install/rclc_parameter:/home/robot/app/robot_ws/install/rclc:/home/robot/app/robot_ws/install/composition_interfaces:/home/robot/app/robot_ws/install/microxrcedds_client:/home/robot/app/robot_ws/install/microcdr:/home/robot/app/robot_ws/install/micro_ros_utilities:/home/robot/app/robot_ws/install/micro_ros_msgs:/home/robot/app/robot_ws/install/lifecycle_msgs:/home/robot/app/robot_ws/install/complex_msgs:/home/robot/app/robot_ws/install/micro_ros_setup:/home/robot/app/robot_ws/install/sensor_msgs_py:/opt/ros/humble LD_LIBRARY_PATH=/home/robot/app/robot_ws/install/rcl_interfaces/lib:/home/robot/app/robot_ws/install/builtin_interfaces/lib:/home/robot/app/robot_ws/install/micro_ros_agent/lib:/home/robot/app/robot_ws/install/visualization_msgs/lib:/home/robot/app/robot_ws/install/test_msgs/lib:/home/robot/app/robot_ws/install/example_interfaces/lib:/home/robot/app/robot_ws/install/action_msgs/lib:/home/robot/app/robot_ws/install/unique_identifier_msgs/lib:/home/robot/app/robot_ws/install/trajectory_msgs/lib:/home/robot/app/robot_ws/install/stereo_msgs/lib:/home/robot/app/robot_ws/install/std_srvs/lib:/home/robot/app/robot_ws/install/shape_msgs/lib:/home/robot/app/robot_ws/install/sensor_msgs/lib:/home/robot/app/robot_ws/install/nav_msgs/lib:/home/robot/app/robot_ws/install/diagnostic_msgs/lib:/home/robot/app/robot_ws/install/geometry_msgs/lib:/home/robot/app/robot_ws/install/actionlib_msgs/lib:/home/robot/app/robot_ws/install/std_msgs/lib:/home/robot/app/robot_ws/install/statistics_msgs/lib:/home/robot/app/robot_ws/install/rmw_microxrcedds/lib:/home/robot/app/robot_ws/install/rosidl_typesupport_microxrcedds_cpp/lib:/home/robot/app/robot_ws/install/rosidl_typesupport_microxrcedds_c/lib:/home/robot/app/robot_ws/install/rosgraph_msgs/lib:/home/robot/app/robot_ws/install/rclc_parameter/lib:/home/robot/app/robot_ws/install/rclc/lib:/home/robot/app/robot_ws/install/composition_interfaces/lib:/home/robot/app/robot_ws/install/microxrcedds_client/lib:/home/robot/app/robot_ws/install/microcdr/lib:/home/robot/app/robot_ws/install/micro_ros_utilities/lib:/home/robot/app/robot_ws/install/micro_ros_msgs/lib:/home/robot/app/robot_ws/install/lifecycle_msgs/lib:/home/robot/app/robot_ws/install/complex_msgs/lib:/opt/ros/humble/opt/rviz_ogre_vendor/lib:/opt/ros/humble/lib/x86_64-linux-gnu:/opt/ros/humble/lib /usr/bin/cmake --build /home/robot/app/robot_ws/build/composition_interfaces -- -j8 -l8
[4.286s] [35m[1mConsolidate compiler generated dependencies of target composition_interfaces__rosidl_generator_c[0m
[4.348s] [  8%] Built target composition_interfaces__rosidl_generator_c
[4.361s] [ 10%] Built target composition_interfaces__cpp
[4.390s] [35m[1mConsolidate compiler generated dependencies of target composition_interfaces__rosidl_typesupport_c[0m
[4.414s] [35m[1mConsolidate compiler generated dependencies of target composition_interfaces__rosidl_typesupport_introspection_c[0m
[4.414s] [ 10%] Built target ament_cmake_python_copy_composition_interfaces
[4.414s] [35m[1mConsolidate compiler generated dependencies of target composition_interfaces__rosidl_typesupport_microxrcedds_c[0m
[4.429s] [ 18%] Built target composition_interfaces__rosidl_typesupport_c
[4.440s] [35m[1mConsolidate compiler generated dependencies of target composition_interfaces__rosidl_typesupport_fastrtps_c[0m
[4.443s] [35m[1mConsolidate compiler generated dependencies of target composition_interfaces__rosidl_typesupport_microxrcedds_cpp[0m
[4.472s] [ 27%] Built target composition_interfaces__rosidl_typesupport_introspection_c
[4.475s] [ 35%] Built target composition_interfaces__rosidl_typesupport_microxrcedds_c
[4.482s] [35m[1mConsolidate compiler generated dependencies of target composition_interfaces__rosidl_typesupport_cpp[0m
[4.545s] [35m[1mConsolidate compiler generated dependencies of target composition_interfaces__rosidl_typesupport_introspection_cpp[0m
[4.549s] [ 44%] Built target composition_interfaces__rosidl_typesupport_fastrtps_c
[4.574s] [ 52%] Built target composition_interfaces__rosidl_typesupport_cpp
[4.586s] [ 61%] Built target composition_interfaces__rosidl_typesupport_microxrcedds_cpp
[4.602s] [ 69%] Built target composition_interfaces__rosidl_typesupport_introspection_cpp
[4.636s] [35m[1mConsolidate compiler generated dependencies of target composition_interfaces__rosidl_typesupport_fastrtps_cpp[0m
[4.709s] [ 77%] Built target composition_interfaces__rosidl_typesupport_fastrtps_cpp
[4.789s] [ 77%] Built target composition_interfaces
[4.884s] [ 79%] Built target composition_interfaces__py
[4.921s] [35m[1mConsolidate compiler generated dependencies of target composition_interfaces__rosidl_generator_py[0m
[4.967s] [ 86%] Built target composition_interfaces__rosidl_generator_py
[5.016s] [35m[1mConsolidate compiler generated dependencies of target composition_interfaces__rosidl_typesupport_microxrcedds_c__pyext[0m
[5.016s] [35m[1mConsolidate compiler generated dependencies of target composition_interfaces__rosidl_typesupport_introspection_c__pyext[0m
[5.022s] [35m[1mConsolidate compiler generated dependencies of target composition_interfaces__rosidl_typesupport_fastrtps_c__pyext[0m
[5.063s] [ 89%] Built target composition_interfaces__rosidl_typesupport_introspection_c__pyext
[5.077s] [ 93%] Built target composition_interfaces__rosidl_typesupport_microxrcedds_c__pyext
[5.096s] [ 96%] Built target composition_interfaces__rosidl_typesupport_fastrtps_c__pyext
[5.112s] [35m[1mConsolidate compiler generated dependencies of target composition_interfaces__rosidl_typesupport_c__pyext[0m
[5.132s] running egg_info
[5.135s] writing composition_interfaces.egg-info/PKG-INFO
[5.135s] writing dependency_links to composition_interfaces.egg-info/dependency_links.txt
[5.135s] writing top-level names to composition_interfaces.egg-info/top_level.txt
[5.145s] reading manifest file 'composition_interfaces.egg-info/SOURCES.txt'
[5.148s] writing manifest file 'composition_interfaces.egg-info/SOURCES.txt'
[5.167s] [100%] Built target composition_interfaces__rosidl_typesupport_c__pyext
[5.226s] [100%] Built target ament_cmake_python_build_composition_interfaces_egg
[5.267s] Invoked command in '/home/robot/app/robot_ws/build/composition_interfaces' returned '0': CMAKE_PREFIX_PATH=/home/robot/app/robot_ws/install/rcl_interfaces:/home/robot/app/robot_ws/install/builtin_interfaces:/home/robot/app/robot_ws/install/micro_ros_agent:/home/robot/app/robot_ws/install/micro_ros_demos_rclc:/home/robot/app/robot_ws/install/common_interfaces:/home/robot/app/robot_ws/install/visualization_msgs:/home/robot/app/robot_ws/install/test_msgs:/home/robot/app/robot_ws/install/example_interfaces:/home/robot/app/robot_ws/install/action_msgs:/home/robot/app/robot_ws/install/unique_identifier_msgs:/home/robot/app/robot_ws/install/trajectory_msgs:/home/robot/app/robot_ws/install/stereo_msgs:/home/robot/app/robot_ws/install/std_srvs:/home/robot/app/robot_ws/install/shape_msgs:/home/robot/app/robot_ws/install/sensor_msgs:/home/robot/app/robot_ws/install/nav_msgs:/home/robot/app/robot_ws/install/diagnostic_msgs:/home/robot/app/robot_ws/install/geometry_msgs:/home/robot/app/robot_ws/install/actionlib_msgs:/home/robot/app/robot_ws/install/std_msgs:/home/robot/app/robot_ws/install/statistics_msgs:/home/robot/app/robot_ws/install/rosidl_typesupport_microxrcedds_test_msg:/home/robot/app/robot_ws/install/rosidl_typesupport_microxrcedds_cpp_tests:/home/robot/app/robot_ws/install/rmw_microxrcedds:/home/robot/app/robot_ws/install/rosidl_typesupport_microxrcedds_cpp:/home/robot/app/robot_ws/install/rosidl_typesupport_microxrcedds_c_tests:/home/robot/app/robot_ws/install/rosidl_typesupport_microxrcedds_c:/home/robot/app/robot_ws/install/rosgraph_msgs:/home/robot/app/robot_ws/install/rclc_parameter:/home/robot/app/robot_ws/install/rclc:/home/robot/app/robot_ws/install/composition_interfaces:/home/robot/app/robot_ws/install/microxrcedds_client:/home/robot/app/robot_ws/install/microcdr:/home/robot/app/robot_ws/install/micro_ros_utilities:/home/robot/app/robot_ws/install/micro_ros_msgs:/home/robot/app/robot_ws/install/lifecycle_msgs:/home/robot/app/robot_ws/install/complex_msgs:/home/robot/app/robot_ws/install/micro_ros_setup:/home/robot/app/robot_ws/install/sensor_msgs_py:/opt/ros/humble LD_LIBRARY_PATH=/home/robot/app/robot_ws/install/rcl_interfaces/lib:/home/robot/app/robot_ws/install/builtin_interfaces/lib:/home/robot/app/robot_ws/install/micro_ros_agent/lib:/home/robot/app/robot_ws/install/visualization_msgs/lib:/home/robot/app/robot_ws/install/test_msgs/lib:/home/robot/app/robot_ws/install/example_interfaces/lib:/home/robot/app/robot_ws/install/action_msgs/lib:/home/robot/app/robot_ws/install/unique_identifier_msgs/lib:/home/robot/app/robot_ws/install/trajectory_msgs/lib:/home/robot/app/robot_ws/install/stereo_msgs/lib:/home/robot/app/robot_ws/install/std_srvs/lib:/home/robot/app/robot_ws/install/shape_msgs/lib:/home/robot/app/robot_ws/install/sensor_msgs/lib:/home/robot/app/robot_ws/install/nav_msgs/lib:/home/robot/app/robot_ws/install/diagnostic_msgs/lib:/home/robot/app/robot_ws/install/geometry_msgs/lib:/home/robot/app/robot_ws/install/actionlib_msgs/lib:/home/robot/app/robot_ws/install/std_msgs/lib:/home/robot/app/robot_ws/install/statistics_msgs/lib:/home/robot/app/robot_ws/install/rmw_microxrcedds/lib:/home/robot/app/robot_ws/install/rosidl_typesupport_microxrcedds_cpp/lib:/home/robot/app/robot_ws/install/rosidl_typesupport_microxrcedds_c/lib:/home/robot/app/robot_ws/install/rosgraph_msgs/lib:/home/robot/app/robot_ws/install/rclc_parameter/lib:/home/robot/app/robot_ws/install/rclc/lib:/home/robot/app/robot_ws/install/composition_interfaces/lib:/home/robot/app/robot_ws/install/microxrcedds_client/lib:/home/robot/app/robot_ws/install/microcdr/lib:/home/robot/app/robot_ws/install/micro_ros_utilities/lib:/home/robot/app/robot_ws/install/micro_ros_msgs/lib:/home/robot/app/robot_ws/install/lifecycle_msgs/lib:/home/robot/app/robot_ws/install/complex_msgs/lib:/opt/ros/humble/opt/rviz_ogre_vendor/lib:/opt/ros/humble/lib/x86_64-linux-gnu:/opt/ros/humble/lib /usr/bin/cmake --build /home/robot/app/robot_ws/build/composition_interfaces -- -j8 -l8
[5.916s] Invoking command in '/home/robot/app/robot_ws/build/composition_interfaces': CMAKE_PREFIX_PATH=/home/robot/app/robot_ws/install/rcl_interfaces:/home/robot/app/robot_ws/install/builtin_interfaces:/home/robot/app/robot_ws/install/micro_ros_agent:/home/robot/app/robot_ws/install/micro_ros_demos_rclc:/home/robot/app/robot_ws/install/common_interfaces:/home/robot/app/robot_ws/install/visualization_msgs:/home/robot/app/robot_ws/install/test_msgs:/home/robot/app/robot_ws/install/example_interfaces:/home/robot/app/robot_ws/install/action_msgs:/home/robot/app/robot_ws/install/unique_identifier_msgs:/home/robot/app/robot_ws/install/trajectory_msgs:/home/robot/app/robot_ws/install/stereo_msgs:/home/robot/app/robot_ws/install/std_srvs:/home/robot/app/robot_ws/install/shape_msgs:/home/robot/app/robot_ws/install/sensor_msgs:/home/robot/app/robot_ws/install/nav_msgs:/home/robot/app/robot_ws/install/diagnostic_msgs:/home/robot/app/robot_ws/install/geometry_msgs:/home/robot/app/robot_ws/install/actionlib_msgs:/home/robot/app/robot_ws/install/std_msgs:/home/robot/app/robot_ws/install/statistics_msgs:/home/robot/app/robot_ws/install/rosidl_typesupport_microxrcedds_test_msg:/home/robot/app/robot_ws/install/rosidl_typesupport_microxrcedds_cpp_tests:/home/robot/app/robot_ws/install/rmw_microxrcedds:/home/robot/app/robot_ws/install/rosidl_typesupport_microxrcedds_cpp:/home/robot/app/robot_ws/install/rosidl_typesupport_microxrcedds_c_tests:/home/robot/app/robot_ws/install/rosidl_typesupport_microxrcedds_c:/home/robot/app/robot_ws/install/rosgraph_msgs:/home/robot/app/robot_ws/install/rclc_parameter:/home/robot/app/robot_ws/install/rclc:/home/robot/app/robot_ws/install/composition_interfaces:/home/robot/app/robot_ws/install/microxrcedds_client:/home/robot/app/robot_ws/install/microcdr:/home/robot/app/robot_ws/install/micro_ros_utilities:/home/robot/app/robot_ws/install/micro_ros_msgs:/home/robot/app/robot_ws/install/lifecycle_msgs:/home/robot/app/robot_ws/install/complex_msgs:/home/robot/app/robot_ws/install/micro_ros_setup:/home/robot/app/robot_ws/install/sensor_msgs_py:/opt/ros/humble LD_LIBRARY_PATH=/home/robot/app/robot_ws/install/rcl_interfaces/lib:/home/robot/app/robot_ws/install/builtin_interfaces/lib:/home/robot/app/robot_ws/install/micro_ros_agent/lib:/home/robot/app/robot_ws/install/visualization_msgs/lib:/home/robot/app/robot_ws/install/test_msgs/lib:/home/robot/app/robot_ws/install/example_interfaces/lib:/home/robot/app/robot_ws/install/action_msgs/lib:/home/robot/app/robot_ws/install/unique_identifier_msgs/lib:/home/robot/app/robot_ws/install/trajectory_msgs/lib:/home/robot/app/robot_ws/install/stereo_msgs/lib:/home/robot/app/robot_ws/install/std_srvs/lib:/home/robot/app/robot_ws/install/shape_msgs/lib:/home/robot/app/robot_ws/install/sensor_msgs/lib:/home/robot/app/robot_ws/install/nav_msgs/lib:/home/robot/app/robot_ws/install/diagnostic_msgs/lib:/home/robot/app/robot_ws/install/geometry_msgs/lib:/home/robot/app/robot_ws/install/actionlib_msgs/lib:/home/robot/app/robot_ws/install/std_msgs/lib:/home/robot/app/robot_ws/install/statistics_msgs/lib:/home/robot/app/robot_ws/install/rmw_microxrcedds/lib:/home/robot/app/robot_ws/install/rosidl_typesupport_microxrcedds_cpp/lib:/home/robot/app/robot_ws/install/rosidl_typesupport_microxrcedds_c/lib:/home/robot/app/robot_ws/install/rosgraph_msgs/lib:/home/robot/app/robot_ws/install/rclc_parameter/lib:/home/robot/app/robot_ws/install/rclc/lib:/home/robot/app/robot_ws/install/composition_interfaces/lib:/home/robot/app/robot_ws/install/microxrcedds_client/lib:/home/robot/app/robot_ws/install/microcdr/lib:/home/robot/app/robot_ws/install/micro_ros_utilities/lib:/home/robot/app/robot_ws/install/micro_ros_msgs/lib:/home/robot/app/robot_ws/install/lifecycle_msgs/lib:/home/robot/app/robot_ws/install/complex_msgs/lib:/opt/ros/humble/opt/rviz_ogre_vendor/lib:/opt/ros/humble/lib/x86_64-linux-gnu:/opt/ros/humble/lib /usr/bin/cmake --install /home/robot/app/robot_ws/build/composition_interfaces
[5.963s] -- Install configuration: ""
[5.963s] -- Up-to-date: /home/robot/app/robot_ws/install/composition_interfaces/share/ament_index/resource_index/rosidl_interfaces/composition_interfaces
[5.968s] -- Up-to-date: /home/robot/app/robot_ws/install/composition_interfaces/include/composition_interfaces/composition_interfaces
[5.969s] -- Up-to-date: /home/robot/app/robot_ws/install/composition_interfaces/include/composition_interfaces/composition_interfaces/srv
[5.969s] -- Up-to-date: /home/robot/app/robot_ws/install/composition_interfaces/include/composition_interfaces/composition_interfaces/srv/unload_node.h
[5.969s] -- Up-to-date: /home/robot/app/robot_ws/install/composition_interfaces/include/composition_interfaces/composition_interfaces/srv/load_node.h
[5.969s] -- Up-to-date: /home/robot/app/robot_ws/install/composition_interfaces/include/composition_interfaces/composition_interfaces/srv/detail
[5.969s] -- Up-to-date: /home/robot/app/robot_ws/install/composition_interfaces/include/composition_interfaces/composition_interfaces/srv/detail/unload_node__type_support.h
[5.969s] -- Up-to-date: /home/robot/app/robot_ws/install/composition_interfaces/include/composition_interfaces/composition_interfaces/srv/detail/load_node__functions.h
[5.969s] -- Up-to-date: /home/robot/app/robot_ws/install/composition_interfaces/include/composition_interfaces/composition_interfaces/srv/detail/list_nodes__type_support.h
[5.969s] -- Up-to-date: /home/robot/app/robot_ws/install/composition_interfaces/include/composition_interfaces/composition_interfaces/srv/detail/unload_node__functions.h
[5.970s] -- Up-to-date: /home/robot/app/robot_ws/install/composition_interfaces/include/composition_interfaces/composition_interfaces/srv/detail/load_node__struct.h
[5.970s] -- Up-to-date: /home/robot/app/robot_ws/install/composition_interfaces/include/composition_interfaces/composition_interfaces/srv/detail/load_node__functions.c
[5.970s] -- Up-to-date: /home/robot/app/robot_ws/install/composition_interfaces/include/composition_interfaces/composition_interfaces/srv/detail/list_nodes__functions.h
[5.970s] -- Up-to-date: /home/robot/app/robot_ws/install/composition_interfaces/include/composition_interfaces/composition_interfaces/srv/detail/load_node__type_support.h
[5.970s] -- Up-to-date: /home/robot/app/robot_ws/install/composition_interfaces/include/composition_interfaces/composition_interfaces/srv/detail/list_nodes__functions.c
[5.970s] -- Up-to-date: /home/robot/app/robot_ws/install/composition_interfaces/include/composition_interfaces/composition_interfaces/srv/detail/unload_node__functions.c
[5.970s] -- Up-to-date: /home/robot/app/robot_ws/install/composition_interfaces/include/composition_interfaces/composition_interfaces/srv/detail/list_nodes__struct.h
[5.970s] -- Up-to-date: /home/robot/app/robot_ws/install/composition_interfaces/include/composition_interfaces/composition_interfaces/srv/detail/unload_node__struct.h
[5.970s] -- Up-to-date: /home/robot/app/robot_ws/install/composition_interfaces/include/composition_interfaces/composition_interfaces/srv/list_nodes.h
[5.971s] -- Up-to-date: /home/robot/app/robot_ws/install/composition_interfaces/include/composition_interfaces/composition_interfaces/msg
[5.971s] -- Up-to-date: /home/robot/app/robot_ws/install/composition_interfaces/include/composition_interfaces/composition_interfaces/msg/rosidl_generator_c__visibility_control.h
[5.971s] -- Up-to-date: /home/robot/app/robot_ws/install/composition_interfaces/share/composition_interfaces/environment/library_path.sh
[5.971s] -- Installing: /home/robot/app/robot_ws/install/composition_interfaces/share/composition_interfaces/environment/library_path.dsv
[5.971s] -- Up-to-date: /home/robot/app/robot_ws/install/composition_interfaces/lib/libcomposition_interfaces__rosidl_generator_c.so
[5.971s] -- Up-to-date: /home/robot/app/robot_ws/install/composition_interfaces/include/composition_interfaces
[5.971s] -- Up-to-date: /home/robot/app/robot_ws/install/composition_interfaces/include/composition_interfaces/srv
[5.971s] -- Up-to-date: /home/robot/app/robot_ws/install/composition_interfaces/include/composition_interfaces/srv/detail
[5.971s] -- Up-to-date: /home/robot/app/robot_ws/install/composition_interfaces/include/composition_interfaces/srv/detail/list_nodes__rosidl_typesupport_microxrcedds_c.h
[5.971s] -- Up-to-date: /home/robot/app/robot_ws/install/composition_interfaces/include/composition_interfaces/srv/detail/microxrcedds
[5.972s] -- Up-to-date: /home/robot/app/robot_ws/install/composition_interfaces/include/composition_interfaces/srv/detail/load_node__rosidl_typesupport_microxrcedds_c.h
[5.972s] -- Up-to-date: /home/robot/app/robot_ws/install/composition_interfaces/include/composition_interfaces/srv/detail/unload_node__rosidl_typesupport_microxrcedds_c.h
[5.972s] -- Up-to-date: /home/robot/app/robot_ws/install/composition_interfaces/include/composition_interfaces/msg
[5.974s] -- Up-to-date: /home/robot/app/robot_ws/install/composition_interfaces/include/composition_interfaces/msg/rosidl_typesupport_microxrcedds_c__visibility_control.h
[5.974s] -- Up-to-date: /home/robot/app/robot_ws/install/composition_interfaces/lib/libcomposition_interfaces__rosidl_typesupport_microxrcedds_c.so
[5.974s] -- Up-to-date: /home/robot/app/robot_ws/install/composition_interfaces/include/composition_interfaces/composition_interfaces
[5.974s] -- Up-to-date: /home/robot/app/robot_ws/install/composition_interfaces/include/composition_interfaces/composition_interfaces/srv
[5.974s] -- Up-to-date: /home/robot/app/robot_ws/install/composition_interfaces/include/composition_interfaces/composition_interfaces/srv/detail
[5.974s] -- Up-to-date: /home/robot/app/robot_ws/install/composition_interfaces/include/composition_interfaces/composition_interfaces/srv/detail/list_nodes__rosidl_typesupport_fastrtps_c.h
[5.974s] -- Up-to-date: /home/robot/app/robot_ws/install/composition_interfaces/include/composition_interfaces/composition_interfaces/srv/detail/unload_node__rosidl_typesupport_fastrtps_c.h
[5.975s] -- Up-to-date: /home/robot/app/robot_ws/install/composition_interfaces/include/composition_interfaces/composition_interfaces/srv/detail/load_node__rosidl_typesupport_fastrtps_c.h
[5.975s] -- Up-to-date: /home/robot/app/robot_ws/install/composition_interfaces/include/composition_interfaces/composition_interfaces/msg
[5.975s] -- Up-to-date: /home/robot/app/robot_ws/install/composition_interfaces/include/composition_interfaces/composition_interfaces/msg/rosidl_typesupport_fastrtps_c__visibility_control.h
[5.975s] -- Up-to-date: /home/robot/app/robot_ws/install/composition_interfaces/lib/libcomposition_interfaces__rosidl_typesupport_fastrtps_c.so
[5.975s] -- Up-to-date: /home/robot/app/robot_ws/install/composition_interfaces/include/composition_interfaces/composition_interfaces
[5.975s] -- Up-to-date: /home/robot/app/robot_ws/install/composition_interfaces/include/composition_interfaces/composition_interfaces/srv
[5.976s] -- Up-to-date: /home/robot/app/robot_ws/install/composition_interfaces/include/composition_interfaces/composition_interfaces/srv/detail
[5.976s] -- Up-to-date: /home/robot/app/robot_ws/install/composition_interfaces/include/composition_interfaces/composition_interfaces/srv/detail/list_nodes__type_support.c
[5.976s] -- Up-to-date: /home/robot/app/robot_ws/install/composition_interfaces/include/composition_interfaces/composition_interfaces/srv/detail/load_node__rosidl_typesupport_introspection_c.h
[5.976s] -- Up-to-date: /home/robot/app/robot_ws/install/composition_interfaces/include/composition_interfaces/composition_interfaces/srv/detail/unload_node__type_support.c
[5.976s] -- Up-to-date: /home/robot/app/robot_ws/install/composition_interfaces/include/composition_interfaces/composition_interfaces/srv/detail/list_nodes__rosidl_typesupport_introspection_c.h
[5.976s] -- Up-to-date: /home/robot/app/robot_ws/install/composition_interfaces/include/composition_interfaces/composition_interfaces/srv/detail/unload_node__rosidl_typesupport_introspection_c.h
[5.976s] -- Up-to-date: /home/robot/app/robot_ws/install/composition_interfaces/include/composition_interfaces/composition_interfaces/srv/detail/load_node__type_support.c
[5.976s] -- Up-to-date: /home/robot/app/robot_ws/install/composition_interfaces/include/composition_interfaces/composition_interfaces/msg
[5.976s] -- Up-to-date: /home/robot/app/robot_ws/install/composition_interfaces/include/composition_interfaces/composition_interfaces/msg/rosidl_typesupport_introspection_c__visibility_control.h
[5.977s] -- Up-to-date: /home/robot/app/robot_ws/install/composition_interfaces/lib/libcomposition_interfaces__rosidl_typesupport_introspection_c.so
[5.977s] -- Up-to-date: /home/robot/app/robot_ws/install/composition_interfaces/lib/libcomposition_interfaces__rosidl_typesupport_c.so
[5.977s] -- Up-to-date: /home/robot/app/robot_ws/install/composition_interfaces/include/composition_interfaces/composition_interfaces
[5.977s] -- Up-to-date: /home/robot/app/robot_ws/install/composition_interfaces/include/composition_interfaces/composition_interfaces/srv
[5.977s] -- Up-to-date: /home/robot/app/robot_ws/install/composition_interfaces/include/composition_interfaces/composition_interfaces/srv/load_node.hpp
[5.977s] -- Up-to-date: /home/robot/app/robot_ws/install/composition_interfaces/include/composition_interfaces/composition_interfaces/srv/list_nodes.hpp
[5.977s] -- Up-to-date: /home/robot/app/robot_ws/install/composition_interfaces/include/composition_interfaces/composition_interfaces/srv/detail
[5.977s] -- Up-to-date: /home/robot/app/robot_ws/install/composition_interfaces/include/composition_interfaces/composition_interfaces/srv/detail/unload_node__traits.hpp
[5.977s] -- Up-to-date: /home/robot/app/robot_ws/install/composition_interfaces/include/composition_interfaces/composition_interfaces/srv/detail/unload_node__struct.hpp
[5.978s] -- Up-to-date: /home/robot/app/robot_ws/install/composition_interfaces/include/composition_interfaces/composition_interfaces/srv/detail/load_node__traits.hpp
[5.978s] -- Up-to-date: /home/robot/app/robot_ws/install/composition_interfaces/include/composition_interfaces/composition_interfaces/srv/detail/list_nodes__struct.hpp
[5.978s] -- Up-to-date: /home/robot/app/robot_ws/install/composition_interfaces/include/composition_interfaces/composition_interfaces/srv/detail/unload_node__builder.hpp
[5.978s] -- Up-to-date: /home/robot/app/robot_ws/install/composition_interfaces/include/composition_interfaces/composition_interfaces/srv/detail/load_node__struct.hpp
[5.978s] -- Up-to-date: /home/robot/app/robot_ws/install/composition_interfaces/include/composition_interfaces/composition_interfaces/srv/detail/list_nodes__traits.hpp
[5.978s] -- Up-to-date: /home/robot/app/robot_ws/install/composition_interfaces/include/composition_interfaces/composition_interfaces/srv/detail/load_node__builder.hpp
[5.978s] -- Up-to-date: /home/robot/app/robot_ws/install/composition_interfaces/include/composition_interfaces/composition_interfaces/srv/detail/list_nodes__builder.hpp
[5.979s] -- Up-to-date: /home/robot/app/robot_ws/install/composition_interfaces/include/composition_interfaces/composition_interfaces/srv/unload_node.hpp
[5.979s] -- Up-to-date: /home/robot/app/robot_ws/install/composition_interfaces/include/composition_interfaces
[5.979s] -- Up-to-date: /home/robot/app/robot_ws/install/composition_interfaces/include/composition_interfaces/srv
[5.979s] -- Up-to-date: /home/robot/app/robot_ws/install/composition_interfaces/include/composition_interfaces/srv/detail
[5.979s] -- Up-to-date: /home/robot/app/robot_ws/install/composition_interfaces/include/composition_interfaces/srv/detail/microxrcedds
[5.979s] -- Up-to-date: /home/robot/app/robot_ws/install/composition_interfaces/include/composition_interfaces/srv/detail/microxrcedds/list_nodes__type_support_cpp.cpp
[5.979s] -- Up-to-date: /home/robot/app/robot_ws/install/composition_interfaces/include/composition_interfaces/srv/detail/microxrcedds/unload_node__type_support_cpp.cpp
[5.979s] -- Up-to-date: /home/robot/app/robot_ws/install/composition_interfaces/include/composition_interfaces/srv/detail/microxrcedds/load_node__type_support_cpp.cpp
[5.980s] -- Up-to-date: /home/robot/app/robot_ws/install/composition_interfaces/include/composition_interfaces/srv/detail/unload_node__rosidl_typesupport_microxrcedds_cpp.hpp
[5.980s] -- Up-to-date: /home/robot/app/robot_ws/install/composition_interfaces/include/composition_interfaces/srv/detail/load_node__rosidl_typesupport_microxrcedds_cpp.hpp
[5.980s] -- Up-to-date: /home/robot/app/robot_ws/install/composition_interfaces/include/composition_interfaces/srv/detail/list_nodes__rosidl_typesupport_microxrcedds_cpp.hpp
[5.980s] -- Up-to-date: /home/robot/app/robot_ws/install/composition_interfaces/include/composition_interfaces/msg
[5.980s] -- Up-to-date: /home/robot/app/robot_ws/install/composition_interfaces/include/composition_interfaces/msg/rosidl_typesupport_microxrcedds_cpp__visibility_control.h
[5.981s] -- Up-to-date: /home/robot/app/robot_ws/install/composition_interfaces/lib/libcomposition_interfaces__rosidl_typesupport_microxrcedds_cpp.so
[5.981s] -- Up-to-date: /home/robot/app/robot_ws/install/composition_interfaces/include/composition_interfaces/composition_interfaces
[5.981s] -- Up-to-date: /home/robot/app/robot_ws/install/composition_interfaces/include/composition_interfaces/composition_interfaces/srv
[5.981s] -- Up-to-date: /home/robot/app/robot_ws/install/composition_interfaces/include/composition_interfaces/composition_interfaces/srv/detail
[5.982s] -- Up-to-date: /home/robot/app/robot_ws/install/composition_interfaces/include/composition_interfaces/composition_interfaces/srv/detail/list_nodes__rosidl_typesupport_fastrtps_cpp.hpp
[5.982s] -- Up-to-date: /home/robot/app/robot_ws/install/composition_interfaces/include/composition_interfaces/composition_interfaces/srv/detail/unload_node__rosidl_typesupport_fastrtps_cpp.hpp
[5.982s] -- Up-to-date: /home/robot/app/robot_ws/install/composition_interfaces/include/composition_interfaces/composition_interfaces/srv/detail/dds_fastrtps
[5.982s] -- Up-to-date: /home/robot/app/robot_ws/install/composition_interfaces/include/composition_interfaces/composition_interfaces/srv/detail/load_node__rosidl_typesupport_fastrtps_cpp.hpp
[5.982s] -- Up-to-date: /home/robot/app/robot_ws/install/composition_interfaces/include/composition_interfaces/composition_interfaces/msg
[5.983s] -- Up-to-date: /home/robot/app/robot_ws/install/composition_interfaces/include/composition_interfaces/composition_interfaces/msg/rosidl_typesupport_fastrtps_cpp__visibility_control.h
[5.983s] -- Up-to-date: /home/robot/app/robot_ws/install/composition_interfaces/lib/libcomposition_interfaces__rosidl_typesupport_fastrtps_cpp.so
[5.983s] -- Up-to-date: /home/robot/app/robot_ws/install/composition_interfaces/include/composition_interfaces/composition_interfaces
[5.983s] -- Up-to-date: /home/robot/app/robot_ws/install/composition_interfaces/include/composition_interfaces/composition_interfaces/srv
[5.983s] -- Up-to-date: /home/robot/app/robot_ws/install/composition_interfaces/include/composition_interfaces/composition_interfaces/srv/detail
[5.983s] -- Up-to-date: /home/robot/app/robot_ws/install/composition_interfaces/include/composition_interfaces/composition_interfaces/srv/detail/unload_node__type_support.cpp
[5.984s] -- Up-to-date: /home/robot/app/robot_ws/install/composition_interfaces/include/composition_interfaces/composition_interfaces/srv/detail/load_node__type_support.cpp
[5.985s] -- Up-to-date: /home/robot/app/robot_ws/install/composition_interfaces/include/composition_interfaces/composition_interfaces/srv/detail/load_node__rosidl_typesupport_introspection_cpp.hpp
[5.985s] -- Up-to-date: /home/robot/app/robot_ws/install/composition_interfaces/include/composition_interfaces/composition_interfaces/srv/detail/list_nodes__type_support.cpp
[5.985s] -- Up-to-date: /home/robot/app/robot_ws/install/composition_interfaces/include/composition_interfaces/composition_interfaces/srv/detail/unload_node__rosidl_typesupport_introspection_cpp.hpp
[5.985s] -- Up-to-date: /home/robot/app/robot_ws/install/composition_interfaces/include/composition_interfaces/composition_interfaces/srv/detail/list_nodes__rosidl_typesupport_introspection_cpp.hpp
[5.985s] -- Up-to-date: /home/robot/app/robot_ws/install/composition_interfaces/lib/libcomposition_interfaces__rosidl_typesupport_introspection_cpp.so
[5.985s] -- Up-to-date: /home/robot/app/robot_ws/install/composition_interfaces/lib/libcomposition_interfaces__rosidl_typesupport_cpp.so
[5.987s] -- Up-to-date: /home/robot/app/robot_ws/install/composition_interfaces/share/composition_interfaces/environment/pythonpath.sh
[5.988s] -- Installing: /home/robot/app/robot_ws/install/composition_interfaces/share/composition_interfaces/environment/pythonpath.dsv
[5.988s] -- Up-to-date: /home/robot/app/robot_ws/install/composition_interfaces/local/lib/python3.10/dist-packages/composition_interfaces-1.2.1-py3.10.egg-info
[5.988s] -- Installing: /home/robot/app/robot_ws/install/composition_interfaces/local/lib/python3.10/dist-packages/composition_interfaces-1.2.1-py3.10.egg-info/dependency_links.txt
[5.989s] -- Installing: /home/robot/app/robot_ws/install/composition_interfaces/local/lib/python3.10/dist-packages/composition_interfaces-1.2.1-py3.10.egg-info/PKG-INFO
[5.989s] -- Installing: /home/robot/app/robot_ws/install/composition_interfaces/local/lib/python3.10/dist-packages/composition_interfaces-1.2.1-py3.10.egg-info/SOURCES.txt
[5.989s] -- Installing: /home/robot/app/robot_ws/install/composition_interfaces/local/lib/python3.10/dist-packages/composition_interfaces-1.2.1-py3.10.egg-info/top_level.txt
[5.989s] -- Up-to-date: /home/robot/app/robot_ws/install/composition_interfaces/local/lib/python3.10/dist-packages/composition_interfaces
[5.992s] -- Installing: /home/robot/app/robot_ws/install/composition_interfaces/local/lib/python3.10/dist-packages/composition_interfaces/__init__.py
[6.003s] -- Up-to-date: /home/robot/app/robot_ws/install/composition_interfaces/local/lib/python3.10/dist-packages/composition_interfaces/srv
[6.005s] -- Up-to-date: /home/robot/app/robot_ws/install/composition_interfaces/local/lib/python3.10/dist-packages/composition_interfaces/srv/__init__.py
[6.005s] -- Up-to-date: /home/robot/app/robot_ws/install/composition_interfaces/local/lib/python3.10/dist-packages/composition_interfaces/srv/_list_nodes.py
[6.005s] -- Up-to-date: /home/robot/app/robot_ws/install/composition_interfaces/local/lib/python3.10/dist-packages/composition_interfaces/srv/_load_node_s.c
[6.005s] -- Up-to-date: /home/robot/app/robot_ws/install/composition_interfaces/local/lib/python3.10/dist-packages/composition_interfaces/srv/_unload_node.py
[6.005s] -- Up-to-date: /home/robot/app/robot_ws/install/composition_interfaces/local/lib/python3.10/dist-packages/composition_interfaces/srv/_load_node.py
[6.005s] -- Up-to-date: /home/robot/app/robot_ws/install/composition_interfaces/local/lib/python3.10/dist-packages/composition_interfaces/srv/_unload_node_s.c
[6.006s] -- Up-to-date: /home/robot/app/robot_ws/install/composition_interfaces/local/lib/python3.10/dist-packages/composition_interfaces/srv/_list_nodes_s.c
[6.006s] -- Up-to-date: /home/robot/app/robot_ws/install/composition_interfaces/local/lib/python3.10/dist-packages/composition_interfaces/composition_interfaces_s__rosidl_typesupport_fastrtps_c.cpython-310-x86_64-linux-gnu.so
[6.006s] -- Up-to-date: /home/robot/app/robot_ws/install/composition_interfaces/local/lib/python3.10/dist-packages/composition_interfaces/_composition_interfaces_s.ep.rosidl_typesupport_fastrtps_c.c
[6.006s] -- Up-to-date: /home/robot/app/robot_ws/install/composition_interfaces/local/lib/python3.10/dist-packages/composition_interfaces/libcomposition_interfaces__rosidl_generator_py.so
[6.006s] -- Up-to-date: /home/robot/app/robot_ws/install/composition_interfaces/local/lib/python3.10/dist-packages/composition_interfaces/_composition_interfaces_s.ep.rosidl_typesupport_introspection_c.c
[6.006s] -- Up-to-date: /home/robot/app/robot_ws/install/composition_interfaces/local/lib/python3.10/dist-packages/composition_interfaces/composition_interfaces_s__rosidl_typesupport_microxrcedds_c.cpython-310-x86_64-linux-gnu.so
[6.007s] -- Up-to-date: /home/robot/app/robot_ws/install/composition_interfaces/local/lib/python3.10/dist-packages/composition_interfaces/composition_interfaces_s__rosidl_typesupport_c.cpython-310-x86_64-linux-gnu.so
[6.007s] -- Up-to-date: /home/robot/app/robot_ws/install/composition_interfaces/local/lib/python3.10/dist-packages/composition_interfaces/composition_interfaces_s__rosidl_typesupport_introspection_c.cpython-310-x86_64-linux-gnu.so
[6.007s] -- Up-to-date: /home/robot/app/robot_ws/install/composition_interfaces/local/lib/python3.10/dist-packages/composition_interfaces/_composition_interfaces_s.ep.rosidl_typesupport_microxrcedds_c.c
[6.007s] -- Up-to-date: /home/robot/app/robot_ws/install/composition_interfaces/local/lib/python3.10/dist-packages/composition_interfaces/_composition_interfaces_s.ep.rosidl_typesupport_c.c
[6.165s] Listing '/home/robot/app/robot_ws/install/composition_interfaces/local/lib/python3.10/dist-packages/composition_interfaces'...
[6.165s] Compiling '/home/robot/app/robot_ws/install/composition_interfaces/local/lib/python3.10/dist-packages/composition_interfaces/__init__.py'...
[6.165s] Listing '/home/robot/app/robot_ws/install/composition_interfaces/local/lib/python3.10/dist-packages/composition_interfaces/srv'...
[6.181s] -- Up-to-date: /home/robot/app/robot_ws/install/composition_interfaces/local/lib/python3.10/dist-packages/composition_interfaces/composition_interfaces_s__rosidl_typesupport_microxrcedds_c.cpython-310-x86_64-linux-gnu.so
[6.182s] -- Up-to-date: /home/robot/app/robot_ws/install/composition_interfaces/local/lib/python3.10/dist-packages/composition_interfaces/composition_interfaces_s__rosidl_typesupport_fastrtps_c.cpython-310-x86_64-linux-gnu.so
[6.183s] -- Up-to-date: /home/robot/app/robot_ws/install/composition_interfaces/local/lib/python3.10/dist-packages/composition_interfaces/composition_interfaces_s__rosidl_typesupport_introspection_c.cpython-310-x86_64-linux-gnu.so
[6.184s] -- Up-to-date: /home/robot/app/robot_ws/install/composition_interfaces/local/lib/python3.10/dist-packages/composition_interfaces/composition_interfaces_s__rosidl_typesupport_c.cpython-310-x86_64-linux-gnu.so
[6.190s] -- Up-to-date: /home/robot/app/robot_ws/install/composition_interfaces/lib/libcomposition_interfaces__rosidl_generator_py.so
[6.190s] -- Up-to-date: /home/robot/app/robot_ws/install/composition_interfaces/share/composition_interfaces/srv/LoadNode.idl
[6.190s] -- Up-to-date: /home/robot/app/robot_ws/install/composition_interfaces/share/composition_interfaces/srv/ListNodes.idl
[6.193s] -- Up-to-date: /home/robot/app/robot_ws/install/composition_interfaces/share/composition_interfaces/srv/UnloadNode.idl
[6.193s] -- Up-to-date: /home/robot/app/robot_ws/install/composition_interfaces/share/composition_interfaces/srv/LoadNode.srv
[6.193s] -- Up-to-date: /home/robot/app/robot_ws/install/composition_interfaces/share/composition_interfaces/srv/LoadNode_Request.msg
[6.193s] -- Up-to-date: /home/robot/app/robot_ws/install/composition_interfaces/share/composition_interfaces/srv/LoadNode_Response.msg
[6.193s] -- Up-to-date: /home/robot/app/robot_ws/install/composition_interfaces/share/composition_interfaces/srv/ListNodes.srv
[6.193s] -- Up-to-date: /home/robot/app/robot_ws/install/composition_interfaces/share/composition_interfaces/srv/ListNodes_Request.msg
[6.193s] -- Up-to-date: /home/robot/app/robot_ws/install/composition_interfaces/share/composition_interfaces/srv/ListNodes_Response.msg
[6.194s] -- Up-to-date: /home/robot/app/robot_ws/install/composition_interfaces/share/composition_interfaces/srv/UnloadNode.srv
[6.194s] -- Up-to-date: /home/robot/app/robot_ws/install/composition_interfaces/share/composition_interfaces/srv/UnloadNode_Request.msg
[6.197s] -- Up-to-date: /home/robot/app/robot_ws/install/composition_interfaces/share/composition_interfaces/srv/UnloadNode_Response.msg
[6.197s] -- Up-to-date: /home/robot/app/robot_ws/install/composition_interfaces/share/ament_index/resource_index/package_run_dependencies/composition_interfaces
[6.197s] -- Installing: /home/robot/app/robot_ws/install/composition_interfaces/share/ament_index/resource_index/parent_prefix_path/composition_interfaces
[6.201s] -- Up-to-date: /home/robot/app/robot_ws/install/composition_interfaces/share/composition_interfaces/environment/ament_prefix_path.sh
[6.202s] -- Installing: /home/robot/app/robot_ws/install/composition_interfaces/share/composition_interfaces/environment/ament_prefix_path.dsv
[6.202s] -- Up-to-date: /home/robot/app/robot_ws/install/composition_interfaces/share/composition_interfaces/environment/path.sh
[6.202s] -- Installing: /home/robot/app/robot_ws/install/composition_interfaces/share/composition_interfaces/environment/path.dsv
[6.203s] -- Up-to-date: /home/robot/app/robot_ws/install/composition_interfaces/share/composition_interfaces/local_setup.bash
[6.203s] -- Up-to-date: /home/robot/app/robot_ws/install/composition_interfaces/share/composition_interfaces/local_setup.sh
[6.203s] -- Up-to-date: /home/robot/app/robot_ws/install/composition_interfaces/share/composition_interfaces/local_setup.zsh
[6.203s] -- Installing: /home/robot/app/robot_ws/install/composition_interfaces/share/composition_interfaces/local_setup.dsv
[6.203s] -- Installing: /home/robot/app/robot_ws/install/composition_interfaces/share/composition_interfaces/package.dsv
[6.204s] -- Up-to-date: /home/robot/app/robot_ws/install/composition_interfaces/share/ament_index/resource_index/packages/composition_interfaces
[6.204s] -- Up-to-date: /home/robot/app/robot_ws/install/composition_interfaces/share/composition_interfaces/cmake/export_composition_interfaces__rosidl_generator_cExport.cmake
[6.204s] -- Up-to-date: /home/robot/app/robot_ws/install/composition_interfaces/share/composition_interfaces/cmake/export_composition_interfaces__rosidl_generator_cExport-noconfig.cmake
[6.205s] -- Up-to-date: /home/robot/app/robot_ws/install/composition_interfaces/share/composition_interfaces/cmake/export_composition_interfaces__rosidl_typesupport_fastrtps_cExport.cmake
[6.205s] -- Up-to-date: /home/robot/app/robot_ws/install/composition_interfaces/share/composition_interfaces/cmake/export_composition_interfaces__rosidl_typesupport_fastrtps_cExport-noconfig.cmake
[6.205s] -- Up-to-date: /home/robot/app/robot_ws/install/composition_interfaces/share/composition_interfaces/cmake/composition_interfaces__rosidl_typesupport_introspection_cExport.cmake
[6.206s] -- Up-to-date: /home/robot/app/robot_ws/install/composition_interfaces/share/composition_interfaces/cmake/composition_interfaces__rosidl_typesupport_introspection_cExport-noconfig.cmake
[6.206s] -- Up-to-date: /home/robot/app/robot_ws/install/composition_interfaces/share/composition_interfaces/cmake/composition_interfaces__rosidl_typesupport_cExport.cmake
[6.206s] -- Up-to-date: /home/robot/app/robot_ws/install/composition_interfaces/share/composition_interfaces/cmake/composition_interfaces__rosidl_typesupport_cExport-noconfig.cmake
[6.206s] -- Up-to-date: /home/robot/app/robot_ws/install/composition_interfaces/share/composition_interfaces/cmake/export_composition_interfaces__rosidl_generator_cppExport.cmake
[6.206s] -- Up-to-date: /home/robot/app/robot_ws/install/composition_interfaces/share/composition_interfaces/cmake/export_composition_interfaces__rosidl_typesupport_fastrtps_cppExport.cmake
[6.206s] -- Up-to-date: /home/robot/app/robot_ws/install/composition_interfaces/share/composition_interfaces/cmake/export_composition_interfaces__rosidl_typesupport_fastrtps_cppExport-noconfig.cmake
[6.206s] -- Up-to-date: /home/robot/app/robot_ws/install/composition_interfaces/share/composition_interfaces/cmake/composition_interfaces__rosidl_typesupport_introspection_cppExport.cmake
[6.207s] -- Up-to-date: /home/robot/app/robot_ws/install/composition_interfaces/share/composition_interfaces/cmake/composition_interfaces__rosidl_typesupport_introspection_cppExport-noconfig.cmake
[6.207s] -- Up-to-date: /home/robot/app/robot_ws/install/composition_interfaces/share/composition_interfaces/cmake/composition_interfaces__rosidl_typesupport_cppExport.cmake
[6.207s] -- Up-to-date: /home/robot/app/robot_ws/install/composition_interfaces/share/composition_interfaces/cmake/composition_interfaces__rosidl_typesupport_cppExport-noconfig.cmake
[6.207s] -- Up-to-date: /home/robot/app/robot_ws/install/composition_interfaces/share/composition_interfaces/cmake/export_composition_interfaces__rosidl_generator_pyExport.cmake
[6.207s] -- Up-to-date: /home/robot/app/robot_ws/install/composition_interfaces/share/composition_interfaces/cmake/export_composition_interfaces__rosidl_generator_pyExport-noconfig.cmake
[6.207s] -- Up-to-date: /home/robot/app/robot_ws/install/composition_interfaces/share/composition_interfaces/cmake/rosidl_cmake-extras.cmake
[6.208s] -- Up-to-date: /home/robot/app/robot_ws/install/composition_interfaces/share/composition_interfaces/cmake/ament_cmake_export_dependencies-extras.cmake
[6.208s] -- Up-to-date: /home/robot/app/robot_ws/install/composition_interfaces/share/composition_interfaces/cmake/ament_cmake_export_include_directories-extras.cmake
[6.208s] -- Up-to-date: /home/robot/app/robot_ws/install/composition_interfaces/share/composition_interfaces/cmake/ament_cmake_export_libraries-extras.cmake
[6.220s] -- Up-to-date: /home/robot/app/robot_ws/install/composition_interfaces/share/composition_interfaces/cmake/ament_cmake_export_targets-extras.cmake
[6.221s] -- Up-to-date: /home/robot/app/robot_ws/install/composition_interfaces/share/composition_interfaces/cmake/rosidl_cmake_export_typesupport_targets-extras.cmake
[6.229s] -- Up-to-date: /home/robot/app/robot_ws/install/composition_interfaces/share/composition_interfaces/cmake/rosidl_cmake_export_typesupport_libraries-extras.cmake
[6.229s] -- Up-to-date: /home/robot/app/robot_ws/install/composition_interfaces/share/composition_interfaces/cmake/composition_interfacesConfig.cmake
[6.229s] -- Up-to-date: /home/robot/app/robot_ws/install/composition_interfaces/share/composition_interfaces/cmake/composition_interfacesConfig-version.cmake
[6.229s] -- Up-to-date: /home/robot/app/robot_ws/install/composition_interfaces/share/composition_interfaces/package.xml
[6.229s] Invoked command in '/home/robot/app/robot_ws/build/composition_interfaces' returned '0': CMAKE_PREFIX_PATH=/home/robot/app/robot_ws/install/rcl_interfaces:/home/robot/app/robot_ws/install/builtin_interfaces:/home/robot/app/robot_ws/install/micro_ros_agent:/home/robot/app/robot_ws/install/micro_ros_demos_rclc:/home/robot/app/robot_ws/install/common_interfaces:/home/robot/app/robot_ws/install/visualization_msgs:/home/robot/app/robot_ws/install/test_msgs:/home/robot/app/robot_ws/install/example_interfaces:/home/robot/app/robot_ws/install/action_msgs:/home/robot/app/robot_ws/install/unique_identifier_msgs:/home/robot/app/robot_ws/install/trajectory_msgs:/home/robot/app/robot_ws/install/stereo_msgs:/home/robot/app/robot_ws/install/std_srvs:/home/robot/app/robot_ws/install/shape_msgs:/home/robot/app/robot_ws/install/sensor_msgs:/home/robot/app/robot_ws/install/nav_msgs:/home/robot/app/robot_ws/install/diagnostic_msgs:/home/robot/app/robot_ws/install/geometry_msgs:/home/robot/app/robot_ws/install/actionlib_msgs:/home/robot/app/robot_ws/install/std_msgs:/home/robot/app/robot_ws/install/statistics_msgs:/home/robot/app/robot_ws/install/rosidl_typesupport_microxrcedds_test_msg:/home/robot/app/robot_ws/install/rosidl_typesupport_microxrcedds_cpp_tests:/home/robot/app/robot_ws/install/rmw_microxrcedds:/home/robot/app/robot_ws/install/rosidl_typesupport_microxrcedds_cpp:/home/robot/app/robot_ws/install/rosidl_typesupport_microxrcedds_c_tests:/home/robot/app/robot_ws/install/rosidl_typesupport_microxrcedds_c:/home/robot/app/robot_ws/install/rosgraph_msgs:/home/robot/app/robot_ws/install/rclc_parameter:/home/robot/app/robot_ws/install/rclc:/home/robot/app/robot_ws/install/composition_interfaces:/home/robot/app/robot_ws/install/microxrcedds_client:/home/robot/app/robot_ws/install/microcdr:/home/robot/app/robot_ws/install/micro_ros_utilities:/home/robot/app/robot_ws/install/micro_ros_msgs:/home/robot/app/robot_ws/install/lifecycle_msgs:/home/robot/app/robot_ws/install/complex_msgs:/home/robot/app/robot_ws/install/micro_ros_setup:/home/robot/app/robot_ws/install/sensor_msgs_py:/opt/ros/humble LD_LIBRARY_PATH=/home/robot/app/robot_ws/install/rcl_interfaces/lib:/home/robot/app/robot_ws/install/builtin_interfaces/lib:/home/robot/app/robot_ws/install/micro_ros_agent/lib:/home/robot/app/robot_ws/install/visualization_msgs/lib:/home/robot/app/robot_ws/install/test_msgs/lib:/home/robot/app/robot_ws/install/example_interfaces/lib:/home/robot/app/robot_ws/install/action_msgs/lib:/home/robot/app/robot_ws/install/unique_identifier_msgs/lib:/home/robot/app/robot_ws/install/trajectory_msgs/lib:/home/robot/app/robot_ws/install/stereo_msgs/lib:/home/robot/app/robot_ws/install/std_srvs/lib:/home/robot/app/robot_ws/install/shape_msgs/lib:/home/robot/app/robot_ws/install/sensor_msgs/lib:/home/robot/app/robot_ws/install/nav_msgs/lib:/home/robot/app/robot_ws/install/diagnostic_msgs/lib:/home/robot/app/robot_ws/install/geometry_msgs/lib:/home/robot/app/robot_ws/install/actionlib_msgs/lib:/home/robot/app/robot_ws/install/std_msgs/lib:/home/robot/app/robot_ws/install/statistics_msgs/lib:/home/robot/app/robot_ws/install/rmw_microxrcedds/lib:/home/robot/app/robot_ws/install/rosidl_typesupport_microxrcedds_cpp/lib:/home/robot/app/robot_ws/install/rosidl_typesupport_microxrcedds_c/lib:/home/robot/app/robot_ws/install/rosgraph_msgs/lib:/home/robot/app/robot_ws/install/rclc_parameter/lib:/home/robot/app/robot_ws/install/rclc/lib:/home/robot/app/robot_ws/install/composition_interfaces/lib:/home/robot/app/robot_ws/install/microxrcedds_client/lib:/home/robot/app/robot_ws/install/microcdr/lib:/home/robot/app/robot_ws/install/micro_ros_utilities/lib:/home/robot/app/robot_ws/install/micro_ros_msgs/lib:/home/robot/app/robot_ws/install/lifecycle_msgs/lib:/home/robot/app/robot_ws/install/complex_msgs/lib:/opt/ros/humble/opt/rviz_ogre_vendor/lib:/opt/ros/humble/lib/x86_64-linux-gnu:/opt/ros/humble/lib /usr/bin/cmake --install /home/robot/app/robot_ws/build/composition_interfaces
