[33mCMake Warning at /home/robot/app/robot_ws/firmware/mcu_ws/install/share/rcutils/cmake/ament_cmake_export_libraries-extras.cmake:116 (message):
  Package 'rcutils' exports library 'dl' which couldn't be found
Call Stack (most recent call first):
  /home/robot/app/robot_ws/firmware/mcu_ws/install/share/rcutils/cmake/rcutilsConfig.cmake:41 (include)
  CMakeLists.txt:27 (find_package)

[0m
In file included from [01m[K/home/robot/app/robot_ws/firmware/mcu_ws/uros/rmw_microxrcedds/rmw_microxrcedds_c/src/rmw_count.c:22[m[K:
[01m[K/home/robot/app/robot_ws/firmware/mcu_ws/uros/rmw_microxrcedds/rmw_microxrcedds_c/src/./rmw_microros_internal/types.h:274:33:[m[K [01;35m[Kwarning: [m[KISO C forbids zero-size array '[01m[Kcustom_subscriptions[m[K' [[01;35m[K-Wpedantic[m[K]
 extern rmw_uxrce_subscription_t [01;35m[Kcustom_subscriptions[m[K[RMW_UXRCE_MAX_SUBSCRIPTIONS];
                                 [01;35m[K^~~~~~~~~~~~~~~~~~~~[m[K
[01m[K/home/robot/app/robot_ws/firmware/mcu_ws/uros/rmw_microxrcedds/rmw_microxrcedds_c/src/./rmw_microros_internal/types.h:277:28:[m[K [01;35m[Kwarning: [m[KISO C forbids zero-size array '[01m[Kcustom_services[m[K' [[01;35m[K-Wpedantic[m[K]
 extern rmw_uxrce_service_t [01;35m[Kcustom_services[m[K[RMW_UXRCE_MAX_SERVICES];
                            [01;35m[K^~~~~~~~~~~~~~~[m[K
[01m[K/home/robot/app/robot_ws/firmware/mcu_ws/uros/rmw_microxrcedds/rmw_microxrcedds_c/src/./rmw_microros_internal/types.h:280:27:[m[K [01;35m[Kwarning: [m[KISO C forbids zero-size array '[01m[Kcustom_clients[m[K' [[01;35m[K-Wpedantic[m[K]
 extern rmw_uxrce_client_t [01;35m[Kcustom_clients[m[K[RMW_UXRCE_MAX_CLIENTS];
                           [01;35m[K^~~~~~~~~~~~~~[m[K
In file included from [01m[K/home/robot/app/robot_ws/firmware/mcu_ws/uros/rmw_microxrcedds/rmw_microxrcedds_c/src/./rmw_microros_internal/utils.h:20[m[K,
                 from [01m[K/home/robot/app/robot_ws/firmware/mcu_ws/uros/rmw_microxrcedds/rmw_microxrcedds_c/src/rmw_client.c:26[m[K:
[01m[K/home/robot/app/robot_ws/firmware/mcu_ws/uros/rmw_microxrcedds/rmw_microxrcedds_c/src/./rmw_microros_internal/types.h:274:33:[m[K [01;35m[Kwarning: [m[KISO C forbids zero-size array '[01m[Kcustom_subscriptions[m[K' [[01;35m[K-Wpedantic[m[K]
 extern rmw_uxrce_subscription_t [01;35m[Kcustom_subscriptions[m[K[RMW_UXRCE_MAX_SUBSCRIPTIONS];
                                 [01;35m[K^~~~~~~~~~~~~~~~~~~~[m[K
[01m[K/home/robot/app/robot_ws/firmware/mcu_ws/uros/rmw_microxrcedds/rmw_microxrcedds_c/src/./rmw_microros_internal/types.h:277:28:[m[K [01;35m[Kwarning: [m[KISO C forbids zero-size array '[01m[Kcustom_services[m[K' [[01;35m[K-Wpedantic[m[K]
 extern rmw_uxrce_service_t [01;35m[Kcustom_services[m[K[RMW_UXRCE_MAX_SERVICES];
                            [01;35m[K^~~~~~~~~~~~~~~[m[K
[01m[K/home/robot/app/robot_ws/firmware/mcu_ws/uros/rmw_microxrcedds/rmw_microxrcedds_c/src/./rmw_microros_internal/types.h:280:27:[m[K [01;35m[Kwarning: [m[KISO C forbids zero-size array '[01m[Kcustom_clients[m[K' [[01;35m[K-Wpedantic[m[K]
 extern rmw_uxrce_client_t [01;35m[Kcustom_clients[m[K[RMW_UXRCE_MAX_CLIENTS];
                           [01;35m[K^~~~~~~~~~~~~~[m[K
In file included from [01m[K/home/robot/app/robot_ws/firmware/mcu_ws/uros/rmw_microxrcedds/rmw_microxrcedds_c/src/./rmw_microros_internal/utils.h:20[m[K,
                 from [01m[K/home/robot/app/robot_ws/firmware/mcu_ws/uros/rmw_microxrcedds/rmw_microxrcedds_c/src/rmw_get_implementation_identifier.c:16[m[K:
[01m[K/home/robot/app/robot_ws/firmware/mcu_ws/uros/rmw_microxrcedds/rmw_microxrcedds_c/src/./rmw_microros_internal/types.h:274:33:[m[K [01;35m[Kwarning: [m[KISO C forbids zero-size array '[01m[Kcustom_subscriptions[m[K' [[01;35m[K-Wpedantic[m[K]
 extern rmw_uxrce_subscription_t [01;35m[Kcustom_subscriptions[m[K[RMW_UXRCE_MAX_SUBSCRIPTIONS];
                                 [01;35m[K^~~~~~~~~~~~~~~~~~~~[m[K
[01m[K/home/robot/app/robot_ws/firmware/mcu_ws/uros/rmw_microxrcedds/rmw_microxrcedds_c/src/./rmw_microros_internal/types.h:277:28:[m[K [01;35m[Kwarning: [m[KISO C forbids zero-size array '[01m[Kcustom_services[m[K' [[01;35m[K-Wpedantic[m[K]
 extern rmw_uxrce_service_t [01;35m[Kcustom_services[m[K[RMW_UXRCE_MAX_SERVICES];
                            [01;35m[K^~~~~~~~~~~~~~~[m[K
[01m[K/home/robot/app/robot_ws/firmware/mcu_ws/uros/rmw_microxrcedds/rmw_microxrcedds_c/src/./rmw_microros_internal/types.h:280:27:[m[K [01;35m[Kwarning: [m[KISO C forbids zero-size array '[01m[Kcustom_clients[m[K' [[01;35m[K-Wpedantic[m[K]
 extern rmw_uxrce_client_t [01;35m[Kcustom_clients[m[K[RMW_UXRCE_MAX_CLIENTS];
                           [01;35m[K^~~~~~~~~~~~~~[m[K
In file included from [01m[K/home/robot/app/robot_ws/firmware/mcu_ws/uros/rmw_microxrcedds/rmw_microxrcedds_c/src/rmw_init.c:15[m[K:
[01m[K/home/robot/app/robot_ws/firmware/toolchain/esp-idf/components/newlib/platform_include/time.h:22:2:[m[K [01;35m[Kwarning: [m[K#include_next is a GCC extension
 #[01;35m[Kinclude_next[m[K <time.h>
  [01;35m[K^~~~~~~~~~~~[m[K
In file included from [01m[K/home/robot/app/robot_ws/firmware/mcu_ws/uros/rmw_microxrcedds/rmw_microxrcedds_c/src/rmw_get_gid_for_publisher.c:18[m[K:
[01m[K/home/robot/app/robot_ws/firmware/mcu_ws/uros/rmw_microxrcedds/rmw_microxrcedds_c/src/./rmw_microros_internal/types.h:274:33:[m[K [01;35m[Kwarning: [m[KISO C forbids zero-size array '[01m[Kcustom_subscriptions[m[K' [[01;35m[K-Wpedantic[m[K]
 extern rmw_uxrce_subscription_t [01;35m[Kcustom_subscriptions[m[K[RMW_UXRCE_MAX_SUBSCRIPTIONS];
                                 [01;35m[K^~~~~~~~~~~~~~~~~~~~[m[K
[01m[K/home/robot/app/robot_ws/firmware/mcu_ws/uros/rmw_microxrcedds/rmw_microxrcedds_c/src/./rmw_microros_internal/types.h:277:28:[m[K [01;35m[Kwarning: [m[KISO C forbids zero-size array '[01m[Kcustom_services[m[K' [[01;35m[K-Wpedantic[m[K]
 extern rmw_uxrce_service_t [01;35m[Kcustom_services[m[K[RMW_UXRCE_MAX_SERVICES];
                            [01;35m[K^~~~~~~~~~~~~~~[m[K
[01m[K/home/robot/app/robot_ws/firmware/mcu_ws/uros/rmw_microxrcedds/rmw_microxrcedds_c/src/./rmw_microros_internal/types.h:280:27:[m[K [01;35m[Kwarning: [m[KISO C forbids zero-size array '[01m[Kcustom_clients[m[K' [[01;35m[K-Wpedantic[m[K]
 extern rmw_uxrce_client_t [01;35m[Kcustom_clients[m[K[RMW_UXRCE_MAX_CLIENTS];
                           [01;35m[K^~~~~~~~~~~~~~[m[K
In file included from [01m[K/home/robot/app/robot_ws/firmware/mcu_ws/uros/rmw_microxrcedds/rmw_microxrcedds_c/src/./rmw_microros_internal/utils.h:20[m[K,
                 from [01m[K/home/robot/app/robot_ws/firmware/mcu_ws/uros/rmw_microxrcedds/rmw_microxrcedds_c/src/rmw_get_serialization_format.c:16[m[K:
[01m[K/home/robot/app/robot_ws/firmware/mcu_ws/uros/rmw_microxrcedds/rmw_microxrcedds_c/src/./rmw_microros_internal/types.h:274:33:[m[K [01;35m[Kwarning: [m[KISO C forbids zero-size array '[01m[Kcustom_subscriptions[m[K' [[01;35m[K-Wpedantic[m[K]
 extern rmw_uxrce_subscription_t [01;35m[Kcustom_subscriptions[m[K[RMW_UXRCE_MAX_SUBSCRIPTIONS];
                                 [01;35m[K^~~~~~~~~~~~~~~~~~~~[m[K
[01m[K/home/robot/app/robot_ws/firmware/mcu_ws/uros/rmw_microxrcedds/rmw_microxrcedds_c/src/./rmw_microros_internal/types.h:277:28:[m[K [01;35m[Kwarning: [m[KISO C forbids zero-size array '[01m[Kcustom_services[m[K' [[01;35m[K-Wpedantic[m[K]
 extern rmw_uxrce_service_t [01;35m[Kcustom_services[m[K[RMW_UXRCE_MAX_SERVICES];
                            [01;35m[K^~~~~~~~~~~~~~~[m[K
[01m[K/home/robot/app/robot_ws/firmware/mcu_ws/uros/rmw_microxrcedds/rmw_microxrcedds_c/src/./rmw_microros_internal/types.h:280:27:[m[K [01;35m[Kwarning: [m[KISO C forbids zero-size array '[01m[Kcustom_clients[m[K' [[01;35m[K-Wpedantic[m[K]
 extern rmw_uxrce_client_t [01;35m[Kcustom_clients[m[K[RMW_UXRCE_MAX_CLIENTS];
                           [01;35m[K^~~~~~~~~~~~~~[m[K
In file included from [01m[K/home/robot/app/robot_ws/firmware/mcu_ws/uros/rmw_microxrcedds/rmw_microxrcedds_c/src/rmw_get_topic_endpoint_info.c:25[m[K:
[01m[K/home/robot/app/robot_ws/firmware/mcu_ws/uros/rmw_microxrcedds/rmw_microxrcedds_c/src/./rmw_microros_internal/types.h:274:33:[m[K [01;35m[Kwarning: [m[KISO C forbids zero-size array '[01m[Kcustom_subscriptions[m[K' [[01;35m[K-Wpedantic[m[K]
 extern rmw_uxrce_subscription_t [01;35m[Kcustom_subscriptions[m[K[RMW_UXRCE_MAX_SUBSCRIPTIONS];
                                 [01;35m[K^~~~~~~~~~~~~~~~~~~~[m[K
[01m[K/home/robot/app/robot_ws/firmware/mcu_ws/uros/rmw_microxrcedds/rmw_microxrcedds_c/src/./rmw_microros_internal/types.h:277:28:[m[K [01;35m[Kwarning: [m[KISO C forbids zero-size array '[01m[Kcustom_services[m[K' [[01;35m[K-Wpedantic[m[K]
 extern rmw_uxrce_service_t [01;35m[Kcustom_services[m[K[RMW_UXRCE_MAX_SERVICES];
                            [01;35m[K^~~~~~~~~~~~~~~[m[K
[01m[K/home/robot/app/robot_ws/firmware/mcu_ws/uros/rmw_microxrcedds/rmw_microxrcedds_c/src/./rmw_microros_internal/types.h:280:27:[m[K [01;35m[Kwarning: [m[KISO C forbids zero-size array '[01m[Kcustom_clients[m[K' [[01;35m[K-Wpedantic[m[K]
 extern rmw_uxrce_client_t [01;35m[Kcustom_clients[m[K[RMW_UXRCE_MAX_CLIENTS];
                           [01;35m[K^~~~~~~~~~~~~~[m[K
In file included from [01m[K/home/robot/app/robot_ws/firmware/mcu_ws/uros/rmw_microxrcedds/rmw_microxrcedds_c/src/./rmw_microros_internal/callbacks.h:20[m[K,
                 from [01m[K/home/robot/app/robot_ws/firmware/mcu_ws/uros/rmw_microxrcedds/rmw_microxrcedds_c/src/rmw_init.c:24[m[K:
[01m[K/home/robot/app/robot_ws/firmware/mcu_ws/uros/rmw_microxrcedds/rmw_microxrcedds_c/src/./rmw_microros_internal/types.h:274:33:[m[K [01;35m[Kwarning: [m[KISO C forbids zero-size array '[01m[Kcustom_subscriptions[m[K' [[01;35m[K-Wpedantic[m[K]
 extern rmw_uxrce_subscription_t [01;35m[Kcustom_subscriptions[m[K[RMW_UXRCE_MAX_SUBSCRIPTIONS];
                                 [01;35m[K^~~~~~~~~~~~~~~~~~~~[m[K
[01m[K/home/robot/app/robot_ws/firmware/mcu_ws/uros/rmw_microxrcedds/rmw_microxrcedds_c/src/./rmw_microros_internal/types.h:277:28:[m[K [01;35m[Kwarning: [m[KISO C forbids zero-size array '[01m[Kcustom_services[m[K' [[01;35m[K-Wpedantic[m[K]
 extern rmw_uxrce_service_t [01;35m[Kcustom_services[m[K[RMW_UXRCE_MAX_SERVICES];
                            [01;35m[K^~~~~~~~~~~~~~~[m[K
[01m[K/home/robot/app/robot_ws/firmware/mcu_ws/uros/rmw_microxrcedds/rmw_microxrcedds_c/src/./rmw_microros_internal/types.h:280:27:[m[K [01;35m[Kwarning: [m[KISO C forbids zero-size array '[01m[Kcustom_clients[m[K' [[01;35m[K-Wpedantic[m[K]
 extern rmw_uxrce_client_t [01;35m[Kcustom_clients[m[K[RMW_UXRCE_MAX_CLIENTS];
                           [01;35m[K^~~~~~~~~~~~~~[m[K
In file included from [01m[K/home/robot/app/robot_ws/firmware/mcu_ws/uros/rmw_microxrcedds/rmw_microxrcedds_c/src/rmw_microros_internal/rmw_microxrcedds_topic.h:21[m[K,
                 from [01m[K/home/robot/app/robot_ws/firmware/mcu_ws/uros/rmw_microxrcedds/rmw_microxrcedds_c/src/rmw_microxrcedds_topic.c:15[m[K:
[01m[K/home/robot/app/robot_ws/firmware/mcu_ws/uros/rmw_microxrcedds/rmw_microxrcedds_c/src/./rmw_microros_internal/types.h:274:33:[m[K [01;35m[Kwarning: [m[KISO C forbids zero-size array '[01m[Kcustom_subscriptions[m[K' [[01;35m[K-Wpedantic[m[K]
 extern rmw_uxrce_subscription_t [01;35m[Kcustom_subscriptions[m[K[RMW_UXRCE_MAX_SUBSCRIPTIONS];
                                 [01;35m[K^~~~~~~~~~~~~~~~~~~~[m[K
[01m[K/home/robot/app/robot_ws/firmware/mcu_ws/uros/rmw_microxrcedds/rmw_microxrcedds_c/src/./rmw_microros_internal/types.h:277:28:[m[K [01;35m[Kwarning: [m[KISO C forbids zero-size array '[01m[Kcustom_services[m[K' [[01;35m[K-Wpedantic[m[K]
 extern rmw_uxrce_service_t [01;35m[Kcustom_services[m[K[RMW_UXRCE_MAX_SERVICES];
                            [01;35m[K^~~~~~~~~~~~~~~[m[K
[01m[K/home/robot/app/robot_ws/firmware/mcu_ws/uros/rmw_microxrcedds/rmw_microxrcedds_c/src/./rmw_microros_internal/types.h:280:27:[m[K [01;35m[Kwarning: [m[KISO C forbids zero-size array '[01m[Kcustom_clients[m[K' [[01;35m[K-Wpedantic[m[K]
 extern rmw_uxrce_client_t [01;35m[Kcustom_clients[m[K[RMW_UXRCE_MAX_CLIENTS];
                           [01;35m[K^~~~~~~~~~~~~~[m[K
In file included from [01m[K/home/robot/app/robot_ws/firmware/mcu_ws/uros/rmw_microxrcedds/rmw_microxrcedds_c/src/rmw_microros_internal/rmw_node.h:20[m[K,
                 from [01m[K/home/robot/app/robot_ws/firmware/mcu_ws/uros/rmw_microxrcedds/rmw_microxrcedds_c/src/rmw_node.c:15[m[K:
[01m[K/home/robot/app/robot_ws/firmware/mcu_ws/uros/rmw_microxrcedds/rmw_microxrcedds_c/src/./rmw_microros_internal/types.h:274:33:[m[K [01;35m[Kwarning: [m[KISO C forbids zero-size array '[01m[Kcustom_subscriptions[m[K' [[01;35m[K-Wpedantic[m[K]
 extern rmw_uxrce_subscription_t [01;35m[Kcustom_subscriptions[m[K[RMW_UXRCE_MAX_SUBSCRIPTIONS];
                                 [01;35m[K^~~~~~~~~~~~~~~~~~~~[m[K
[01m[K/home/robot/app/robot_ws/firmware/mcu_ws/uros/rmw_microxrcedds/rmw_microxrcedds_c/src/./rmw_microros_internal/types.h:277:28:[m[K [01;35m[Kwarning: [m[KISO C forbids zero-size array '[01m[Kcustom_services[m[K' [[01;35m[K-Wpedantic[m[K]
 extern rmw_uxrce_service_t [01;35m[Kcustom_services[m[K[RMW_UXRCE_MAX_SERVICES];
                            [01;35m[K^~~~~~~~~~~~~~~[m[K
[01m[K/home/robot/app/robot_ws/firmware/mcu_ws/uros/rmw_microxrcedds/rmw_microxrcedds_c/src/./rmw_microros_internal/types.h:280:27:[m[K [01;35m[Kwarning: [m[KISO C forbids zero-size array '[01m[Kcustom_clients[m[K' [[01;35m[K-Wpedantic[m[K]
 extern rmw_uxrce_client_t [01;35m[Kcustom_clients[m[K[RMW_UXRCE_MAX_CLIENTS];
                           [01;35m[K^~~~~~~~~~~~~~[m[K
In file included from [01m[K/home/robot/app/robot_ws/firmware/mcu_ws/uros/rmw_microxrcedds/rmw_microxrcedds_c/src/./rmw_microros_internal/utils.h:20[m[K,
                 from [01m[K/home/robot/app/robot_ws/firmware/mcu_ws/uros/rmw_microxrcedds/rmw_microxrcedds_c/src/rmw_guard_condition.c:18[m[K:
[01m[K/home/robot/app/robot_ws/firmware/mcu_ws/uros/rmw_microxrcedds/rmw_microxrcedds_c/src/./rmw_microros_internal/types.h:274:33:[m[K [01;35m[Kwarning: [m[KISO C forbids zero-size array '[01m[Kcustom_subscriptions[m[K' [[01;35m[K-Wpedantic[m[K]
 extern rmw_uxrce_subscription_t [01;35m[Kcustom_subscriptions[m[K[RMW_UXRCE_MAX_SUBSCRIPTIONS];
                                 [01;35m[K^~~~~~~~~~~~~~~~~~~~[m[K
[01m[K/home/robot/app/robot_ws/firmware/mcu_ws/uros/rmw_microxrcedds/rmw_microxrcedds_c/src/./rmw_microros_internal/types.h:277:28:[m[K [01;35m[Kwarning: [m[KISO C forbids zero-size array '[01m[Kcustom_services[m[K' [[01;35m[K-Wpedantic[m[K]
 extern rmw_uxrce_service_t [01;35m[Kcustom_services[m[K[RMW_UXRCE_MAX_SERVICES];
                            [01;35m[K^~~~~~~~~~~~~~~[m[K
[01m[K/home/robot/app/robot_ws/firmware/mcu_ws/uros/rmw_microxrcedds/rmw_microxrcedds_c/src/./rmw_microros_internal/types.h:280:27:[m[K [01;35m[Kwarning: [m[KISO C forbids zero-size array '[01m[Kcustom_clients[m[K' [[01;35m[K-Wpedantic[m[K]
 extern rmw_uxrce_client_t [01;35m[Kcustom_clients[m[K[RMW_UXRCE_MAX_CLIENTS];
                           [01;35m[K^~~~~~~~~~~~~~[m[K
In file included from [01m[K/home/robot/app/robot_ws/firmware/mcu_ws/uros/rmw_microxrcedds/rmw_microxrcedds_c/src/rmw_node_names.c:23[m[K:
[01m[K/home/robot/app/robot_ws/firmware/mcu_ws/uros/rmw_microxrcedds/rmw_microxrcedds_c/src/./rmw_microros_internal/types.h:274:33:[m[K [01;35m[Kwarning: [m[KISO C forbids zero-size array '[01m[Kcustom_subscriptions[m[K' [[01;35m[K-Wpedantic[m[K]
 extern rmw_uxrce_subscription_t [01;35m[Kcustom_subscriptions[m[K[RMW_UXRCE_MAX_SUBSCRIPTIONS];
                                 [01;35m[K^~~~~~~~~~~~~~~~~~~~[m[K
[01m[K/home/robot/app/robot_ws/firmware/mcu_ws/uros/rmw_microxrcedds/rmw_microxrcedds_c/src/./rmw_microros_internal/types.h:277:28:[m[K [01;35m[Kwarning: [m[KISO C forbids zero-size array '[01m[Kcustom_services[m[K' [[01;35m[K-Wpedantic[m[K]
 extern rmw_uxrce_service_t [01;35m[Kcustom_services[m[K[RMW_UXRCE_MAX_SERVICES];
                            [01;35m[K^~~~~~~~~~~~~~~[m[K
[01m[K/home/robot/app/robot_ws/firmware/mcu_ws/uros/rmw_microxrcedds/rmw_microxrcedds_c/src/./rmw_microros_internal/types.h:280:27:[m[K [01;35m[Kwarning: [m[KISO C forbids zero-size array '[01m[Kcustom_clients[m[K' [[01;35m[K-Wpedantic[m[K]
 extern rmw_uxrce_client_t [01;35m[Kcustom_clients[m[K[RMW_UXRCE_MAX_CLIENTS];
                           [01;35m[K^~~~~~~~~~~~~~[m[K
In file included from [01m[K/home/robot/app/robot_ws/firmware/mcu_ws/uros/rmw_microxrcedds/rmw_microxrcedds_c/src/rmw_node_info_and_types.c:21[m[K:
[01m[K/home/robot/app/robot_ws/firmware/mcu_ws/uros/rmw_microxrcedds/rmw_microxrcedds_c/src/./rmw_microros_internal/types.h:274:33:[m[K [01;35m[Kwarning: [m[KISO C forbids zero-size array '[01m[Kcustom_subscriptions[m[K' [[01;35m[K-Wpedantic[m[K]
 extern rmw_uxrce_subscription_t [01;35m[Kcustom_subscriptions[m[K[RMW_UXRCE_MAX_SUBSCRIPTIONS];
                                 [01;35m[K^~~~~~~~~~~~~~~~~~~~[m[K
[01m[K/home/robot/app/robot_ws/firmware/mcu_ws/uros/rmw_microxrcedds/rmw_microxrcedds_c/src/./rmw_microros_internal/types.h:277:28:[m[K [01;35m[Kwarning: [m[KISO C forbids zero-size array '[01m[Kcustom_services[m[K' [[01;35m[K-Wpedantic[m[K]
 extern rmw_uxrce_service_t [01;35m[Kcustom_services[m[K[RMW_UXRCE_MAX_SERVICES];
                            [01;35m[K^~~~~~~~~~~~~~~[m[K
[01m[K/home/robot/app/robot_ws/firmware/mcu_ws/uros/rmw_microxrcedds/rmw_microxrcedds_c/src/./rmw_microros_internal/types.h:280:27:[m[K [01;35m[Kwarning: [m[KISO C forbids zero-size array '[01m[Kcustom_clients[m[K' [[01;35m[K-Wpedantic[m[K]
 extern rmw_uxrce_client_t [01;35m[Kcustom_clients[m[K[RMW_UXRCE_MAX_CLIENTS];
                           [01;35m[K^~~~~~~~~~~~~~[m[K
In file included from [01m[K/home/robot/app/robot_ws/firmware/mcu_ws/uros/rmw_microxrcedds/rmw_microxrcedds_c/src/rmw_publish.c:19[m[K:
[01m[K/home/robot/app/robot_ws/firmware/mcu_ws/uros/rmw_microxrcedds/rmw_microxrcedds_c/src/./rmw_microros_internal/types.h:274:33:[m[K [01;35m[Kwarning: [m[KISO C forbids zero-size array '[01m[Kcustom_subscriptions[m[K' [[01;35m[K-Wpedantic[m[K]
 extern rmw_uxrce_subscription_t [01;35m[Kcustom_subscriptions[m[K[RMW_UXRCE_MAX_SUBSCRIPTIONS];
                                 [01;35m[K^~~~~~~~~~~~~~~~~~~~[m[K
[01m[K/home/robot/app/robot_ws/firmware/mcu_ws/uros/rmw_microxrcedds/rmw_microxrcedds_c/src/./rmw_microros_internal/types.h:277:28:[m[K [01;35m[Kwarning: [m[KISO C forbids zero-size array '[01m[Kcustom_services[m[K' [[01;35m[K-Wpedantic[m[K]
 extern rmw_uxrce_service_t [01;35m[Kcustom_services[m[K[RMW_UXRCE_MAX_SERVICES];
                            [01;35m[K^~~~~~~~~~~~~~~[m[K
[01m[K/home/robot/app/robot_ws/firmware/mcu_ws/uros/rmw_microxrcedds/rmw_microxrcedds_c/src/./rmw_microros_internal/types.h:280:27:[m[K [01;35m[Kwarning: [m[KISO C forbids zero-size array '[01m[Kcustom_clients[m[K' [[01;35m[K-Wpedantic[m[K]
 extern rmw_uxrce_client_t [01;35m[Kcustom_clients[m[K[RMW_UXRCE_MAX_CLIENTS];
                           [01;35m[K^~~~~~~~~~~~~~[m[K
In file included from [01m[K/home/robot/app/robot_ws/firmware/mcu_ws/uros/rmw_microxrcedds/rmw_microxrcedds_c/src/./rmw_microros_internal/utils.h:20[m[K,
                 from [01m[K/home/robot/app/robot_ws/firmware/mcu_ws/uros/rmw_microxrcedds/rmw_microxrcedds_c/src/rmw_response.c:19[m[K:
[01m[K/home/robot/app/robot_ws/firmware/mcu_ws/uros/rmw_microxrcedds/rmw_microxrcedds_c/src/./rmw_microros_internal/types.h:274:33:[m[K [01;35m[Kwarning: [m[KISO C forbids zero-size array '[01m[Kcustom_subscriptions[m[K' [[01;35m[K-Wpedantic[m[K]
 extern rmw_uxrce_subscription_t [01;35m[Kcustom_subscriptions[m[K[RMW_UXRCE_MAX_SUBSCRIPTIONS];
                                 [01;35m[K^~~~~~~~~~~~~~~~~~~~[m[K
[01m[K/home/robot/app/robot_ws/firmware/mcu_ws/uros/rmw_microxrcedds/rmw_microxrcedds_c/src/./rmw_microros_internal/types.h:277:28:[m[K [01;35m[Kwarning: [m[KISO C forbids zero-size array '[01m[Kcustom_services[m[K' [[01;35m[K-Wpedantic[m[K]
 extern rmw_uxrce_service_t [01;35m[Kcustom_services[m[K[RMW_UXRCE_MAX_SERVICES];
                            [01;35m[K^~~~~~~~~~~~~~~[m[K
[01m[K/home/robot/app/robot_ws/firmware/mcu_ws/uros/rmw_microxrcedds/rmw_microxrcedds_c/src/./rmw_microros_internal/types.h:280:27:[m[K [01;35m[Kwarning: [m[KISO C forbids zero-size array '[01m[Kcustom_clients[m[K' [[01;35m[K-Wpedantic[m[K]
 extern rmw_uxrce_client_t [01;35m[Kcustom_clients[m[K[RMW_UXRCE_MAX_CLIENTS];
                           [01;35m[K^~~~~~~~~~~~~~[m[K
In file included from [01m[K/home/robot/app/robot_ws/firmware/mcu_ws/uros/rmw_microxrcedds/rmw_microxrcedds_c/src/./rmw_microros_internal/utils.h:20[m[K,
                 from [01m[K/home/robot/app/robot_ws/firmware/mcu_ws/uros/rmw_microxrcedds/rmw_microxrcedds_c/src/rmw_publisher.c:34[m[K:
[01m[K/home/robot/app/robot_ws/firmware/mcu_ws/uros/rmw_microxrcedds/rmw_microxrcedds_c/src/./rmw_microros_internal/types.h:274:33:[m[K [01;35m[Kwarning: [m[KISO C forbids zero-size array '[01m[Kcustom_subscriptions[m[K' [[01;35m[K-Wpedantic[m[K]
 extern rmw_uxrce_subscription_t [01;35m[Kcustom_subscriptions[m[K[RMW_UXRCE_MAX_SUBSCRIPTIONS];
                                 [01;35m[K^~~~~~~~~~~~~~~~~~~~[m[K
[01m[K/home/robot/app/robot_ws/firmware/mcu_ws/uros/rmw_microxrcedds/rmw_microxrcedds_c/src/./rmw_microros_internal/types.h:277:28:[m[K [01;35m[Kwarning: [m[KISO C forbids zero-size array '[01m[Kcustom_services[m[K' [[01;35m[K-Wpedantic[m[K]
 extern rmw_uxrce_service_t [01;35m[Kcustom_services[m[K[RMW_UXRCE_MAX_SERVICES];
                            [01;35m[K^~~~~~~~~~~~~~~[m[K
[01m[K/home/robot/app/robot_ws/firmware/mcu_ws/uros/rmw_microxrcedds/rmw_microxrcedds_c/src/./rmw_microros_internal/types.h:280:27:[m[K [01;35m[Kwarning: [m[KISO C forbids zero-size array '[01m[Kcustom_clients[m[K' [[01;35m[K-Wpedantic[m[K]
 extern rmw_uxrce_client_t [01;35m[Kcustom_clients[m[K[RMW_UXRCE_MAX_CLIENTS];
                           [01;35m[K^~~~~~~~~~~~~~[m[K
In file included from [01m[K/home/robot/app/robot_ws/firmware/mcu_ws/uros/rmw_microxrcedds/rmw_microxrcedds_c/src/./rmw_microros_internal/utils.h:20[m[K,
                 from [01m[K/home/robot/app/robot_ws/firmware/mcu_ws/uros/rmw_microxrcedds/rmw_microxrcedds_c/src/rmw_service.c:15[m[K:
[01m[K/home/robot/app/robot_ws/firmware/mcu_ws/uros/rmw_microxrcedds/rmw_microxrcedds_c/src/./rmw_microros_internal/types.h:274:33:[m[K [01;35m[Kwarning: [m[KISO C forbids zero-size array '[01m[Kcustom_subscriptions[m[K' [[01;35m[K-Wpedantic[m[K]
 extern rmw_uxrce_subscription_t [01;35m[Kcustom_subscriptions[m[K[RMW_UXRCE_MAX_SUBSCRIPTIONS];
                                 [01;35m[K^~~~~~~~~~~~~~~~~~~~[m[K
[01m[K/home/robot/app/robot_ws/firmware/mcu_ws/uros/rmw_microxrcedds/rmw_microxrcedds_c/src/./rmw_microros_internal/types.h:277:28:[m[K [01;35m[Kwarning: [m[KISO C forbids zero-size array '[01m[Kcustom_services[m[K' [[01;35m[K-Wpedantic[m[K]
 extern rmw_uxrce_service_t [01;35m[Kcustom_services[m[K[RMW_UXRCE_MAX_SERVICES];
                            [01;35m[K^~~~~~~~~~~~~~~[m[K
[01m[K/home/robot/app/robot_ws/firmware/mcu_ws/uros/rmw_microxrcedds/rmw_microxrcedds_c/src/./rmw_microros_internal/types.h:280:27:[m[K [01;35m[Kwarning: [m[KISO C forbids zero-size array '[01m[Kcustom_clients[m[K' [[01;35m[K-Wpedantic[m[K]
 extern rmw_uxrce_client_t [01;35m[Kcustom_clients[m[K[RMW_UXRCE_MAX_CLIENTS];
                           [01;35m[K^~~~~~~~~~~~~~[m[K
In file included from [01m[K/home/robot/app/robot_ws/firmware/mcu_ws/uros/rmw_microxrcedds/rmw_microxrcedds_c/src/./rmw_microros_internal/utils.h:20[m[K,
                 from [01m[K/home/robot/app/robot_ws/firmware/mcu_ws/uros/rmw_microxrcedds/rmw_microxrcedds_c/src/rmw_request.c:19[m[K:
[01m[K/home/robot/app/robot_ws/firmware/mcu_ws/uros/rmw_microxrcedds/rmw_microxrcedds_c/src/./rmw_microros_internal/types.h:274:33:[m[K [01;35m[Kwarning: [m[KISO C forbids zero-size array '[01m[Kcustom_subscriptions[m[K' [[01;35m[K-Wpedantic[m[K]
 extern rmw_uxrce_subscription_t [01;35m[Kcustom_subscriptions[m[K[RMW_UXRCE_MAX_SUBSCRIPTIONS];
                                 [01;35m[K^~~~~~~~~~~~~~~~~~~~[m[K
[01m[K/home/robot/app/robot_ws/firmware/mcu_ws/uros/rmw_microxrcedds/rmw_microxrcedds_c/src/./rmw_microros_internal/types.h:277:28:[m[K [01;35m[Kwarning: [m[KISO C forbids zero-size array '[01m[Kcustom_services[m[K' [[01;35m[K-Wpedantic[m[K]
 extern rmw_uxrce_service_t [01;35m[Kcustom_services[m[K[RMW_UXRCE_MAX_SERVICES];
                            [01;35m[K^~~~~~~~~~~~~~~[m[K
[01m[K/home/robot/app/robot_ws/firmware/mcu_ws/uros/rmw_microxrcedds/rmw_microxrcedds_c/src/./rmw_microros_internal/types.h:280:27:[m[K [01;35m[Kwarning: [m[KISO C forbids zero-size array '[01m[Kcustom_clients[m[K' [[01;35m[K-Wpedantic[m[K]
 extern rmw_uxrce_client_t [01;35m[Kcustom_clients[m[K[RMW_UXRCE_MAX_CLIENTS];
                           [01;35m[K^~~~~~~~~~~~~~[m[K
In file included from [01m[K/home/robot/app/robot_ws/firmware/mcu_ws/uros/rmw_microxrcedds/rmw_microxrcedds_c/src/rmw_service_names_and_types.c:21[m[K:
[01m[K/home/robot/app/robot_ws/firmware/mcu_ws/uros/rmw_microxrcedds/rmw_microxrcedds_c/src/./rmw_microros_internal/types.h:274:33:[m[K [01;35m[Kwarning: [m[KISO C forbids zero-size array '[01m[Kcustom_subscriptions[m[K' [[01;35m[K-Wpedantic[m[K]
 extern rmw_uxrce_subscription_t [01;35m[Kcustom_subscriptions[m[K[RMW_UXRCE_MAX_SUBSCRIPTIONS];
                                 [01;35m[K^~~~~~~~~~~~~~~~~~~~[m[K
[01m[K/home/robot/app/robot_ws/firmware/mcu_ws/uros/rmw_microxrcedds/rmw_microxrcedds_c/src/./rmw_microros_internal/types.h:277:28:[m[K [01;35m[Kwarning: [m[KISO C forbids zero-size array '[01m[Kcustom_services[m[K' [[01;35m[K-Wpedantic[m[K]
 extern rmw_uxrce_service_t [01;35m[Kcustom_services[m[K[RMW_UXRCE_MAX_SERVICES];
                            [01;35m[K^~~~~~~~~~~~~~~[m[K
[01m[K/home/robot/app/robot_ws/firmware/mcu_ws/uros/rmw_microxrcedds/rmw_microxrcedds_c/src/./rmw_microros_internal/types.h:280:27:[m[K [01;35m[Kwarning: [m[KISO C forbids zero-size array '[01m[Kcustom_clients[m[K' [[01;35m[K-Wpedantic[m[K]
 extern rmw_uxrce_client_t [01;35m[Kcustom_clients[m[K[RMW_UXRCE_MAX_CLIENTS];
                           [01;35m[K^~~~~~~~~~~~~~[m[K
In file included from [01m[K/home/robot/app/robot_ws/firmware/mcu_ws/uros/rmw_microxrcedds/rmw_microxrcedds_c/src/./rmw_microros_internal/utils.h:20[m[K,
                 from [01m[K/home/robot/app/robot_ws/firmware/mcu_ws/uros/rmw_microxrcedds/rmw_microxrcedds_c/src/rmw_subscription.c:32[m[K:
[01m[K/home/robot/app/robot_ws/firmware/mcu_ws/uros/rmw_microxrcedds/rmw_microxrcedds_c/src/./rmw_microros_internal/types.h:274:33:[m[K [01;35m[Kwarning: [m[KISO C forbids zero-size array '[01m[Kcustom_subscriptions[m[K' [[01;35m[K-Wpedantic[m[K]
 extern rmw_uxrce_subscription_t [01;35m[Kcustom_subscriptions[m[K[RMW_UXRCE_MAX_SUBSCRIPTIONS];
                                 [01;35m[K^~~~~~~~~~~~~~~~~~~~[m[K
[01m[K/home/robot/app/robot_ws/firmware/mcu_ws/uros/rmw_microxrcedds/rmw_microxrcedds_c/src/./rmw_microros_internal/types.h:277:28:[m[K [01;35m[Kwarning: [m[KISO C forbids zero-size array '[01m[Kcustom_services[m[K' [[01;35m[K-Wpedantic[m[K]
 extern rmw_uxrce_service_t [01;35m[Kcustom_services[m[K[RMW_UXRCE_MAX_SERVICES];
                            [01;35m[K^~~~~~~~~~~~~~~[m[K
[01m[K/home/robot/app/robot_ws/firmware/mcu_ws/uros/rmw_microxrcedds/rmw_microxrcedds_c/src/./rmw_microros_internal/types.h:280:27:[m[K [01;35m[Kwarning: [m[KISO C forbids zero-size array '[01m[Kcustom_clients[m[K' [[01;35m[K-Wpedantic[m[K]
 extern rmw_uxrce_client_t [01;35m[Kcustom_clients[m[K[RMW_UXRCE_MAX_CLIENTS];
                           [01;35m[K^~~~~~~~~~~~~~[m[K
In file included from [01m[K/home/robot/app/robot_ws/firmware/mcu_ws/uros/rmw_microxrcedds/rmw_microxrcedds_c/src/rmw_topic_names_and_types.c:21[m[K:
[01m[K/home/robot/app/robot_ws/firmware/mcu_ws/uros/rmw_microxrcedds/rmw_microxrcedds_c/src/./rmw_microros_internal/types.h:274:33:[m[K [01;35m[Kwarning: [m[KISO C forbids zero-size array '[01m[Kcustom_subscriptions[m[K' [[01;35m[K-Wpedantic[m[K]
 extern rmw_uxrce_subscription_t [01;35m[Kcustom_subscriptions[m[K[RMW_UXRCE_MAX_SUBSCRIPTIONS];
                                 [01;35m[K^~~~~~~~~~~~~~~~~~~~[m[K
[01m[K/home/robot/app/robot_ws/firmware/mcu_ws/uros/rmw_microxrcedds/rmw_microxrcedds_c/src/./rmw_microros_internal/types.h:277:28:[m[K [01;35m[Kwarning: [m[KISO C forbids zero-size array '[01m[Kcustom_services[m[K' [[01;35m[K-Wpedantic[m[K]
 extern rmw_uxrce_service_t [01;35m[Kcustom_services[m[K[RMW_UXRCE_MAX_SERVICES];
                            [01;35m[K^~~~~~~~~~~~~~~[m[K
[01m[K/home/robot/app/robot_ws/firmware/mcu_ws/uros/rmw_microxrcedds/rmw_microxrcedds_c/src/./rmw_microros_internal/types.h:280:27:[m[K [01;35m[Kwarning: [m[KISO C forbids zero-size array '[01m[Kcustom_clients[m[K' [[01;35m[K-Wpedantic[m[K]
 extern rmw_uxrce_client_t [01;35m[Kcustom_clients[m[K[RMW_UXRCE_MAX_CLIENTS];
                           [01;35m[K^~~~~~~~~~~~~~[m[K
In file included from [01m[K/home/robot/app/robot_ws/firmware/mcu_ws/uros/rmw_microxrcedds/rmw_microxrcedds_c/src/./rmw_microros_internal/utils.h:20[m[K,
                 from [01m[K/home/robot/app/robot_ws/firmware/mcu_ws/uros/rmw_microxrcedds/rmw_microxrcedds_c/src/rmw_take.c:19[m[K:
[01m[K/home/robot/app/robot_ws/firmware/mcu_ws/uros/rmw_microxrcedds/rmw_microxrcedds_c/src/./rmw_microros_internal/types.h:274:33:[m[K [01;35m[Kwarning: [m[KISO C forbids zero-size array '[01m[Kcustom_subscriptions[m[K' [[01;35m[K-Wpedantic[m[K]
 extern rmw_uxrce_subscription_t [01;35m[Kcustom_subscriptions[m[K[RMW_UXRCE_MAX_SUBSCRIPTIONS];
                                 [01;35m[K^~~~~~~~~~~~~~~~~~~~[m[K
[01m[K/home/robot/app/robot_ws/firmware/mcu_ws/uros/rmw_microxrcedds/rmw_microxrcedds_c/src/./rmw_microros_internal/types.h:277:28:[m[K [01;35m[Kwarning: [m[KISO C forbids zero-size array '[01m[Kcustom_services[m[K' [[01;35m[K-Wpedantic[m[K]
 extern rmw_uxrce_service_t [01;35m[Kcustom_services[m[K[RMW_UXRCE_MAX_SERVICES];
                            [01;35m[K^~~~~~~~~~~~~~~[m[K
[01m[K/home/robot/app/robot_ws/firmware/mcu_ws/uros/rmw_microxrcedds/rmw_microxrcedds_c/src/./rmw_microros_internal/types.h:280:27:[m[K [01;35m[Kwarning: [m[KISO C forbids zero-size array '[01m[Kcustom_clients[m[K' [[01;35m[K-Wpedantic[m[K]
 extern rmw_uxrce_client_t [01;35m[Kcustom_clients[m[K[RMW_UXRCE_MAX_CLIENTS];
                           [01;35m[K^~~~~~~~~~~~~~[m[K
In file included from [01m[K/home/robot/app/robot_ws/firmware/mcu_ws/uros/rmw_microxrcedds/rmw_microxrcedds_c/src/./rmw_microros_internal/utils.h:20[m[K,
                 from [01m[K/home/robot/app/robot_ws/firmware/mcu_ws/uros/rmw_microxrcedds/rmw_microxrcedds_c/src/rmw_trigger_guard_condition.c:18[m[K:
[01m[K/home/robot/app/robot_ws/firmware/mcu_ws/uros/rmw_microxrcedds/rmw_microxrcedds_c/src/./rmw_microros_internal/types.h:274:33:[m[K [01;35m[Kwarning: [m[KISO C forbids zero-size array '[01m[Kcustom_subscriptions[m[K' [[01;35m[K-Wpedantic[m[K]
 extern rmw_uxrce_subscription_t [01;35m[Kcustom_subscriptions[m[K[RMW_UXRCE_MAX_SUBSCRIPTIONS];
                                 [01;35m[K^~~~~~~~~~~~~~~~~~~~[m[K
[01m[K/home/robot/app/robot_ws/firmware/mcu_ws/uros/rmw_microxrcedds/rmw_microxrcedds_c/src/./rmw_microros_internal/types.h:277:28:[m[K [01;35m[Kwarning: [m[KISO C forbids zero-size array '[01m[Kcustom_services[m[K' [[01;35m[K-Wpedantic[m[K]
 extern rmw_uxrce_service_t [01;35m[Kcustom_services[m[K[RMW_UXRCE_MAX_SERVICES];
                            [01;35m[K^~~~~~~~~~~~~~~[m[K
[01m[K/home/robot/app/robot_ws/firmware/mcu_ws/uros/rmw_microxrcedds/rmw_microxrcedds_c/src/./rmw_microros_internal/types.h:280:27:[m[K [01;35m[Kwarning: [m[KISO C forbids zero-size array '[01m[Kcustom_clients[m[K' [[01;35m[K-Wpedantic[m[K]
 extern rmw_uxrce_client_t [01;35m[Kcustom_clients[m[K[RMW_UXRCE_MAX_CLIENTS];
                           [01;35m[K^~~~~~~~~~~~~~[m[K
In file included from [01m[K/home/robot/app/robot_ws/firmware/mcu_ws/uros/rmw_microxrcedds/rmw_microxrcedds_c/src/./rmw_microros_internal/utils.h:20[m[K,
                 from [01m[K/home/robot/app/robot_ws/firmware/mcu_ws/uros/rmw_microxrcedds/rmw_microxrcedds_c/src/rmw_wait.c:22[m[K:
[01m[K/home/robot/app/robot_ws/firmware/mcu_ws/uros/rmw_microxrcedds/rmw_microxrcedds_c/src/./rmw_microros_internal/types.h:274:33:[m[K [01;35m[Kwarning: [m[KISO C forbids zero-size array '[01m[Kcustom_subscriptions[m[K' [[01;35m[K-Wpedantic[m[K]
 extern rmw_uxrce_subscription_t [01;35m[Kcustom_subscriptions[m[K[RMW_UXRCE_MAX_SUBSCRIPTIONS];
                                 [01;35m[K^~~~~~~~~~~~~~~~~~~~[m[K
In file included from [01m[K/home/robot/app/robot_ws/firmware/mcu_ws/uros/rmw_microxrcedds/rmw_microxrcedds_c/src/./rmw_microros_internal/utils.h:20[m[K,
                 from [01m[K/home/robot/app/robot_ws/firmware/mcu_ws/uros/rmw_microxrcedds/rmw_microxrcedds_c/src/rmw_wait_set.c:18[m[K:
[01m[K/home/robot/app/robot_ws/firmware/mcu_ws/uros/rmw_microxrcedds/rmw_microxrcedds_c/src/./rmw_microros_internal/types.h:274:33:[m[K [01;35m[Kwarning: [m[KISO C forbids zero-size array '[01m[Kcustom_subscriptions[m[K' [[01;35m[K-Wpedantic[m[K]
 extern rmw_uxrce_subscription_t [01;35m[Kcustom_subscriptions[m[K[RMW_UXRCE_MAX_SUBSCRIPTIONS];
                                 [01;35m[K^~~~~~~~~~~~~~~~~~~~[m[K
[01m[K/home/robot/app/robot_ws/firmware/mcu_ws/uros/rmw_microxrcedds/rmw_microxrcedds_c/src/./rmw_microros_internal/types.h:277:28:[m[K [01;35m[Kwarning: [m[KISO C forbids zero-size array '[01m[Kcustom_services[m[K' [[01;35m[K-Wpedantic[m[K]
 extern rmw_uxrce_service_t [01;35m[Kcustom_services[m[K[RMW_UXRCE_MAX_SERVICES];
                            [01;35m[K^~~~~~~~~~~~~~~[m[K
[01m[K/home/robot/app/robot_ws/firmware/mcu_ws/uros/rmw_microxrcedds/rmw_microxrcedds_c/src/./rmw_microros_internal/types.h:277:28:[m[K [01;35m[Kwarning: [m[KISO C forbids zero-size array '[01m[Kcustom_services[m[K' [[01;35m[K-Wpedantic[m[K]
 extern rmw_uxrce_service_t [01;35m[Kcustom_services[m[K[RMW_UXRCE_MAX_SERVICES];
                            [01;35m[K^~~~~~~~~~~~~~~[m[K
[01m[K/home/robot/app/robot_ws/firmware/mcu_ws/uros/rmw_microxrcedds/rmw_microxrcedds_c/src/./rmw_microros_internal/types.h:280:27:[m[K [01;35m[Kwarning: [m[KISO C forbids zero-size array '[01m[Kcustom_clients[m[K' [[01;35m[K-Wpedantic[m[K]
 extern rmw_uxrce_client_t [01;35m[Kcustom_clients[m[K[RMW_UXRCE_MAX_CLIENTS];
                           [01;35m[K^~~~~~~~~~~~~~[m[K
[01m[K/home/robot/app/robot_ws/firmware/mcu_ws/uros/rmw_microxrcedds/rmw_microxrcedds_c/src/./rmw_microros_internal/types.h:280:27:[m[K [01;35m[Kwarning: [m[KISO C forbids zero-size array '[01m[Kcustom_clients[m[K' [[01;35m[K-Wpedantic[m[K]
 extern rmw_uxrce_client_t [01;35m[Kcustom_clients[m[K[RMW_UXRCE_MAX_CLIENTS];
                           [01;35m[K^~~~~~~~~~~~~~[m[K
In file included from [01m[K/home/robot/app/robot_ws/firmware/mcu_ws/uros/rmw_microxrcedds/rmw_microxrcedds_c/src/types.c:15[m[K:
[01m[K/home/robot/app/robot_ws/firmware/mcu_ws/uros/rmw_microxrcedds/rmw_microxrcedds_c/src/rmw_microros_internal/types.h:274:33:[m[K [01;35m[Kwarning: [m[KISO C forbids zero-size array '[01m[Kcustom_subscriptions[m[K' [[01;35m[K-Wpedantic[m[K]
 extern rmw_uxrce_subscription_t [01;35m[Kcustom_subscriptions[m[K[RMW_UXRCE_MAX_SUBSCRIPTIONS];
                                 [01;35m[K^~~~~~~~~~~~~~~~~~~~[m[K
[01m[K/home/robot/app/robot_ws/firmware/mcu_ws/uros/rmw_microxrcedds/rmw_microxrcedds_c/src/rmw_microros_internal/types.h:277:28:[m[K [01;35m[Kwarning: [m[KISO C forbids zero-size array '[01m[Kcustom_services[m[K' [[01;35m[K-Wpedantic[m[K]
 extern rmw_uxrce_service_t [01;35m[Kcustom_services[m[K[RMW_UXRCE_MAX_SERVICES];
                            [01;35m[K^~~~~~~~~~~~~~~[m[K
[01m[K/home/robot/app/robot_ws/firmware/mcu_ws/uros/rmw_microxrcedds/rmw_microxrcedds_c/src/rmw_microros_internal/types.h:280:27:[m[K [01;35m[Kwarning: [m[KISO C forbids zero-size array '[01m[Kcustom_clients[m[K' [[01;35m[K-Wpedantic[m[K]
 extern rmw_uxrce_client_t [01;35m[Kcustom_clients[m[K[RMW_UXRCE_MAX_CLIENTS];
                           [01;35m[K^~~~~~~~~~~~~~[m[K
[01m[K/home/robot/app/robot_ws/firmware/mcu_ws/uros/rmw_microxrcedds/rmw_microxrcedds_c/src/types.c:46:26:[m[K [01;35m[Kwarning: [m[KISO C forbids zero-size array '[01m[Kcustom_subscriptions[m[K' [[01;35m[K-Wpedantic[m[K]
 rmw_uxrce_subscription_t [01;35m[Kcustom_subscriptions[m[K[RMW_UXRCE_MAX_SUBSCRIPTIONS];
                          [01;35m[K^~~~~~~~~~~~~~~~~~~~[m[K
[01m[K/home/robot/app/robot_ws/firmware/mcu_ws/uros/rmw_microxrcedds/rmw_microxrcedds_c/src/types.c:49:21:[m[K [01;35m[Kwarning: [m[KISO C forbids zero-size array '[01m[Kcustom_services[m[K' [[01;35m[K-Wpedantic[m[K]
 rmw_uxrce_service_t [01;35m[Kcustom_services[m[K[RMW_UXRCE_MAX_SERVICES];
                     [01;35m[K^~~~~~~~~~~~~~~[m[K
[01m[K/home/robot/app/robot_ws/firmware/mcu_ws/uros/rmw_microxrcedds/rmw_microxrcedds_c/src/types.c:52:20:[m[K [01;35m[Kwarning: [m[KISO C forbids zero-size array '[01m[Kcustom_clients[m[K' [[01;35m[K-Wpedantic[m[K]
 rmw_uxrce_client_t [01;35m[Kcustom_clients[m[K[RMW_UXRCE_MAX_CLIENTS];
                    [01;35m[K^~~~~~~~~~~~~~[m[K
In file included from [01m[K/home/robot/app/robot_ws/firmware/mcu_ws/uros/rmw_microxrcedds/rmw_microxrcedds_c/src/rmw_microros_internal/utils.h:20[m[K,
                 from [01m[K/home/robot/app/robot_ws/firmware/mcu_ws/uros/rmw_microxrcedds/rmw_microxrcedds_c/src/utils.c:15[m[K:
[01m[K/home/robot/app/robot_ws/firmware/mcu_ws/uros/rmw_microxrcedds/rmw_microxrcedds_c/src/./rmw_microros_internal/types.h:274:33:[m[K [01;35m[Kwarning: [m[KISO C forbids zero-size array '[01m[Kcustom_subscriptions[m[K' [[01;35m[K-Wpedantic[m[K]
 extern rmw_uxrce_subscription_t [01;35m[Kcustom_subscriptions[m[K[RMW_UXRCE_MAX_SUBSCRIPTIONS];
                                 [01;35m[K^~~~~~~~~~~~~~~~~~~~[m[K
[01m[K/home/robot/app/robot_ws/firmware/mcu_ws/uros/rmw_microxrcedds/rmw_microxrcedds_c/src/./rmw_microros_internal/types.h:277:28:[m[K [01;35m[Kwarning: [m[KISO C forbids zero-size array '[01m[Kcustom_services[m[K' [[01;35m[K-Wpedantic[m[K]
 extern rmw_uxrce_service_t [01;35m[Kcustom_services[m[K[RMW_UXRCE_MAX_SERVICES];
                            [01;35m[K^~~~~~~~~~~~~~~[m[K
[01m[K/home/robot/app/robot_ws/firmware/mcu_ws/uros/rmw_microxrcedds/rmw_microxrcedds_c/src/./rmw_microros_internal/types.h:280:27:[m[K [01;35m[Kwarning: [m[KISO C forbids zero-size array '[01m[Kcustom_clients[m[K' [[01;35m[K-Wpedantic[m[K]
 extern rmw_uxrce_client_t [01;35m[Kcustom_clients[m[K[RMW_UXRCE_MAX_CLIENTS];
                           [01;35m[K^~~~~~~~~~~~~~[m[K
In file included from [01m[K/home/robot/app/robot_ws/firmware/mcu_ws/uros/rmw_microxrcedds/rmw_microxrcedds_c/src/rmw_microros_internal/callbacks.h:20[m[K,
                 from [01m[K/home/robot/app/robot_ws/firmware/mcu_ws/uros/rmw_microxrcedds/rmw_microxrcedds_c/src/callbacks.c:15[m[K:
[01m[K/home/robot/app/robot_ws/firmware/mcu_ws/uros/rmw_microxrcedds/rmw_microxrcedds_c/src/./rmw_microros_internal/types.h:274:33:[m[K [01;35m[Kwarning: [m[KISO C forbids zero-size array '[01m[Kcustom_subscriptions[m[K' [[01;35m[K-Wpedantic[m[K]
 extern rmw_uxrce_subscription_t [01;35m[Kcustom_subscriptions[m[K[RMW_UXRCE_MAX_SUBSCRIPTIONS];
                                 [01;35m[K^~~~~~~~~~~~~~~~~~~~[m[K
[01m[K/home/robot/app/robot_ws/firmware/mcu_ws/uros/rmw_microxrcedds/rmw_microxrcedds_c/src/./rmw_microros_internal/types.h:277:28:[m[K [01;35m[Kwarning: [m[KISO C forbids zero-size array '[01m[Kcustom_services[m[K' [[01;35m[K-Wpedantic[m[K]
 extern rmw_uxrce_service_t [01;35m[Kcustom_services[m[K[RMW_UXRCE_MAX_SERVICES];
                            [01;35m[K^~~~~~~~~~~~~~~[m[K
[01m[K/home/robot/app/robot_ws/firmware/mcu_ws/uros/rmw_microxrcedds/rmw_microxrcedds_c/src/./rmw_microros_internal/types.h:280:27:[m[K [01;35m[Kwarning: [m[KISO C forbids zero-size array '[01m[Kcustom_clients[m[K' [[01;35m[K-Wpedantic[m[K]
 extern rmw_uxrce_client_t [01;35m[Kcustom_clients[m[K[RMW_UXRCE_MAX_CLIENTS];
                           [01;35m[K^~~~~~~~~~~~~~[m[K
In file included from [01m[K/home/robot/app/robot_ws/firmware/mcu_ws/uros/rmw_microxrcedds/rmw_microxrcedds_c/src/rmw_microros_internal/rmw_uxrce_transports.h:30[m[K,
                 from [01m[K/home/robot/app/robot_ws/firmware/mcu_ws/uros/rmw_microxrcedds/rmw_microxrcedds_c/src/rmw_uxrce_transports.c:15[m[K:
[01m[K/home/robot/app/robot_ws/firmware/mcu_ws/uros/rmw_microxrcedds/rmw_microxrcedds_c/src/./rmw_microros_internal/types.h:274:33:[m[K [01;35m[Kwarning: [m[KISO C forbids zero-size array '[01m[Kcustom_subscriptions[m[K' [[01;35m[K-Wpedantic[m[K]
 extern rmw_uxrce_subscription_t [01;35m[Kcustom_subscriptions[m[K[RMW_UXRCE_MAX_SUBSCRIPTIONS];
                                 [01;35m[K^~~~~~~~~~~~~~~~~~~~[m[K
[01m[K/home/robot/app/robot_ws/firmware/mcu_ws/uros/rmw_microxrcedds/rmw_microxrcedds_c/src/./rmw_microros_internal/types.h:277:28:[m[K [01;35m[Kwarning: [m[KISO C forbids zero-size array '[01m[Kcustom_services[m[K' [[01;35m[K-Wpedantic[m[K]
 extern rmw_uxrce_service_t [01;35m[Kcustom_services[m[K[RMW_UXRCE_MAX_SERVICES];
                            [01;35m[K^~~~~~~~~~~~~~~[m[K
[01m[K/home/robot/app/robot_ws/firmware/mcu_ws/uros/rmw_microxrcedds/rmw_microxrcedds_c/src/./rmw_microros_internal/types.h:280:27:[m[K [01;35m[Kwarning: [m[KISO C forbids zero-size array '[01m[Kcustom_clients[m[K' [[01;35m[K-Wpedantic[m[K]
 extern rmw_uxrce_client_t [01;35m[Kcustom_clients[m[K[RMW_UXRCE_MAX_CLIENTS];
                           [01;35m[K^~~~~~~~~~~~~~[m[K
In file included from [01m[K/home/robot/app/robot_ws/firmware/mcu_ws/uros/rmw_microxrcedds/rmw_microxrcedds_c/src/rmw_microros/continous_serialization.c:20[m[K:
[01m[K/home/robot/app/robot_ws/firmware/mcu_ws/uros/rmw_microxrcedds/rmw_microxrcedds_c/src/rmw_microros/../rmw_microros_internal/types.h:274:33:[m[K [01;35m[Kwarning: [m[KISO C forbids zero-size array '[01m[Kcustom_subscriptions[m[K' [[01;35m[K-Wpedantic[m[K]
 extern rmw_uxrce_subscription_t [01;35m[Kcustom_subscriptions[m[K[RMW_UXRCE_MAX_SUBSCRIPTIONS];
                                 [01;35m[K^~~~~~~~~~~~~~~~~~~~[m[K
[01m[K/home/robot/app/robot_ws/firmware/mcu_ws/uros/rmw_microxrcedds/rmw_microxrcedds_c/src/rmw_microros/../rmw_microros_internal/types.h:277:28:[m[K [01;35m[Kwarning: [m[KISO C forbids zero-size array '[01m[Kcustom_services[m[K' [[01;35m[K-Wpedantic[m[K]
 extern rmw_uxrce_service_t [01;35m[Kcustom_services[m[K[RMW_UXRCE_MAX_SERVICES];
                            [01;35m[K^~~~~~~~~~~~~~~[m[K
[01m[K/home/robot/app/robot_ws/firmware/mcu_ws/uros/rmw_microxrcedds/rmw_microxrcedds_c/src/rmw_microros/../rmw_microros_internal/types.h:280:27:[m[K [01;35m[Kwarning: [m[KISO C forbids zero-size array '[01m[Kcustom_clients[m[K' [[01;35m[K-Wpedantic[m[K]
 extern rmw_uxrce_client_t [01;35m[Kcustom_clients[m[K[RMW_UXRCE_MAX_CLIENTS];
                           [01;35m[K^~~~~~~~~~~~~~[m[K
In file included from [01m[K/home/robot/app/robot_ws/firmware/mcu_ws/uros/rmw_microxrcedds/rmw_microxrcedds_c/src/rmw_microros/init_options.c:20[m[K:
[01m[K/home/robot/app/robot_ws/firmware/mcu_ws/uros/rmw_microxrcedds/rmw_microxrcedds_c/src/rmw_microros/../rmw_microros_internal/types.h:274:33:[m[K [01;35m[Kwarning: [m[KISO C forbids zero-size array '[01m[Kcustom_subscriptions[m[K' [[01;35m[K-Wpedantic[m[K]
 extern rmw_uxrce_subscription_t [01;35m[Kcustom_subscriptions[m[K[RMW_UXRCE_MAX_SUBSCRIPTIONS];
                                 [01;35m[K^~~~~~~~~~~~~~~~~~~~[m[K
[01m[K/home/robot/app/robot_ws/firmware/mcu_ws/uros/rmw_microxrcedds/rmw_microxrcedds_c/src/rmw_microros/../rmw_microros_internal/types.h:277:28:[m[K [01;35m[Kwarning: [m[KISO C forbids zero-size array '[01m[Kcustom_services[m[K' [[01;35m[K-Wpedantic[m[K]
 extern rmw_uxrce_service_t [01;35m[Kcustom_services[m[K[RMW_UXRCE_MAX_SERVICES];
                            [01;35m[K^~~~~~~~~~~~~~~[m[K
[01m[K/home/robot/app/robot_ws/firmware/mcu_ws/uros/rmw_microxrcedds/rmw_microxrcedds_c/src/rmw_microros/../rmw_microros_internal/types.h:280:27:[m[K [01;35m[Kwarning: [m[KISO C forbids zero-size array '[01m[Kcustom_clients[m[K' [[01;35m[K-Wpedantic[m[K]
 extern rmw_uxrce_client_t [01;35m[Kcustom_clients[m[K[RMW_UXRCE_MAX_CLIENTS];
                           [01;35m[K^~~~~~~~~~~~~~[m[K
In file included from [01m[K/home/robot/app/robot_ws/firmware/mcu_ws/uros/rmw_microxrcedds/rmw_microxrcedds_c/src/rmw_microros/time_sync.c:20[m[K:
[01m[K/home/robot/app/robot_ws/firmware/mcu_ws/uros/rmw_microxrcedds/rmw_microxrcedds_c/src/rmw_microros/../rmw_microros_internal/types.h:274:33:[m[K [01;35m[Kwarning: [m[KISO C forbids zero-size array '[01m[Kcustom_subscriptions[m[K' [[01;35m[K-Wpedantic[m[K]
 extern rmw_uxrce_subscription_t [01;35m[Kcustom_subscriptions[m[K[RMW_UXRCE_MAX_SUBSCRIPTIONS];
                                 [01;35m[K^~~~~~~~~~~~~~~~~~~~[m[K
[01m[K/home/robot/app/robot_ws/firmware/mcu_ws/uros/rmw_microxrcedds/rmw_microxrcedds_c/src/rmw_microros/../rmw_microros_internal/types.h:277:28:[m[K [01;35m[Kwarning: [m[KISO C forbids zero-size array '[01m[Kcustom_services[m[K' [[01;35m[K-Wpedantic[m[K]
 extern rmw_uxrce_service_t [01;35m[Kcustom_services[m[K[RMW_UXRCE_MAX_SERVICES];
                            [01;35m[K^~~~~~~~~~~~~~~[m[K
[01m[K/home/robot/app/robot_ws/firmware/mcu_ws/uros/rmw_microxrcedds/rmw_microxrcedds_c/src/rmw_microros/../rmw_microros_internal/types.h:280:27:[m[K [01;35m[Kwarning: [m[KISO C forbids zero-size array '[01m[Kcustom_clients[m[K' [[01;35m[K-Wpedantic[m[K]
 extern rmw_uxrce_client_t [01;35m[Kcustom_clients[m[K[RMW_UXRCE_MAX_CLIENTS];
                           [01;35m[K^~~~~~~~~~~~~~[m[K
In file included from [01m[K/home/robot/app/robot_ws/firmware/mcu_ws/uros/rmw_microxrcedds/rmw_microxrcedds_c/src/rmw_microros/../rmw_microros_internal/rmw_uxrce_transports.h:30[m[K,
                 from [01m[K/home/robot/app/robot_ws/firmware/mcu_ws/uros/rmw_microxrcedds/rmw_microxrcedds_c/src/rmw_microros/ping.c:24[m[K:
[01m[K/home/robot/app/robot_ws/firmware/mcu_ws/uros/rmw_microxrcedds/rmw_microxrcedds_c/src/./rmw_microros_internal/types.h:274:33:[m[K [01;35m[Kwarning: [m[KISO C forbids zero-size array '[01m[Kcustom_subscriptions[m[K' [[01;35m[K-Wpedantic[m[K]
 extern rmw_uxrce_subscription_t [01;35m[Kcustom_subscriptions[m[K[RMW_UXRCE_MAX_SUBSCRIPTIONS];
                                 [01;35m[K^~~~~~~~~~~~~~~~~~~~[m[K
[01m[K/home/robot/app/robot_ws/firmware/mcu_ws/uros/rmw_microxrcedds/rmw_microxrcedds_c/src/./rmw_microros_internal/types.h:277:28:[m[K [01;35m[Kwarning: [m[KISO C forbids zero-size array '[01m[Kcustom_services[m[K' [[01;35m[K-Wpedantic[m[K]
 extern rmw_uxrce_service_t [01;35m[Kcustom_services[m[K[RMW_UXRCE_MAX_SERVICES];
                            [01;35m[K^~~~~~~~~~~~~~~[m[K
[01m[K/home/robot/app/robot_ws/firmware/mcu_ws/uros/rmw_microxrcedds/rmw_microxrcedds_c/src/./rmw_microros_internal/types.h:280:27:[m[K [01;35m[Kwarning: [m[KISO C forbids zero-size array '[01m[Kcustom_clients[m[K' [[01;35m[K-Wpedantic[m[K]
 extern rmw_uxrce_client_t [01;35m[Kcustom_clients[m[K[RMW_UXRCE_MAX_CLIENTS];
                           [01;35m[K^~~~~~~~~~~~~~[m[K
In file included from [01m[K/home/robot/app/robot_ws/firmware/mcu_ws/uros/rmw_microxrcedds/rmw_microxrcedds_c/src/rmw_microros/timing.c:21[m[K:
[01m[K/home/robot/app/robot_ws/firmware/mcu_ws/uros/rmw_microxrcedds/rmw_microxrcedds_c/src/rmw_microros/../rmw_microros_internal/types.h:274:33:[m[K [01;35m[Kwarning: [m[KISO C forbids zero-size array '[01m[Kcustom_subscriptions[m[K' [[01;35m[K-Wpedantic[m[K]
 extern rmw_uxrce_subscription_t [01;35m[Kcustom_subscriptions[m[K[RMW_UXRCE_MAX_SUBSCRIPTIONS];
                                 [01;35m[K^~~~~~~~~~~~~~~~~~~~[m[K
[01m[K/home/robot/app/robot_ws/firmware/mcu_ws/uros/rmw_microxrcedds/rmw_microxrcedds_c/src/rmw_microros/../rmw_microros_internal/types.h:277:28:[m[K [01;35m[Kwarning: [m[KISO C forbids zero-size array '[01m[Kcustom_services[m[K' [[01;35m[K-Wpedantic[m[K]
 extern rmw_uxrce_service_t [01;35m[Kcustom_services[m[K[RMW_UXRCE_MAX_SERVICES];
                            [01;35m[K^~~~~~~~~~~~~~~[m[K
[01m[K/home/robot/app/robot_ws/firmware/mcu_ws/uros/rmw_microxrcedds/rmw_microxrcedds_c/src/rmw_microros/../rmw_microros_internal/types.h:280:27:[m[K [01;35m[Kwarning: [m[KISO C forbids zero-size array '[01m[Kcustom_clients[m[K' [[01;35m[K-Wpedantic[m[K]
 extern rmw_uxrce_client_t [01;35m[Kcustom_clients[m[K[RMW_UXRCE_MAX_CLIENTS];
                           [01;35m[K^~~~~~~~~~~~~~[m[K
In file included from [01m[K/home/robot/app/robot_ws/firmware/mcu_ws/uros/rmw_microxrcedds/rmw_microxrcedds_c/src/rmw_microros/custom_transport.c:20[m[K:
[01m[K/home/robot/app/robot_ws/firmware/mcu_ws/uros/rmw_microxrcedds/rmw_microxrcedds_c/src/rmw_microros/../rmw_microros_internal/types.h:274:33:[m[K [01;35m[Kwarning: [m[KISO C forbids zero-size array '[01m[Kcustom_subscriptions[m[K' [[01;35m[K-Wpedantic[m[K]
 extern rmw_uxrce_subscription_t [01;35m[Kcustom_subscriptions[m[K[RMW_UXRCE_MAX_SUBSCRIPTIONS];
                                 [01;35m[K^~~~~~~~~~~~~~~~~~~~[m[K
[01m[K/home/robot/app/robot_ws/firmware/mcu_ws/uros/rmw_microxrcedds/rmw_microxrcedds_c/src/rmw_microros/../rmw_microros_internal/types.h:277:28:[m[K [01;35m[Kwarning: [m[KISO C forbids zero-size array '[01m[Kcustom_services[m[K' [[01;35m[K-Wpedantic[m[K]
 extern rmw_uxrce_service_t [01;35m[Kcustom_services[m[K[RMW_UXRCE_MAX_SERVICES];
                            [01;35m[K^~~~~~~~~~~~~~~[m[K
[01m[K/home/robot/app/robot_ws/firmware/mcu_ws/uros/rmw_microxrcedds/rmw_microxrcedds_c/src/rmw_microros/../rmw_microros_internal/types.h:280:27:[m[K [01;35m[Kwarning: [m[KISO C forbids zero-size array '[01m[Kcustom_clients[m[K' [[01;35m[K-Wpedantic[m[K]
 extern rmw_uxrce_client_t [01;35m[Kcustom_clients[m[K[RMW_UXRCE_MAX_CLIENTS];
                           [01;35m[K^~~~~~~~~~~~~~[m[K
