[0.120s] Invoking command in '/home/robot/app/robot_ws/build/micro_ros_demos_rclc': CMAKE_PREFIX_PATH=/home/robot/app/robot_ws/install/visualization_msgs:/home/robot/app/robot_ws/install/rclc_parameter:/home/robot/app/robot_ws/install/sensor_msgs:/home/robot/app/robot_ws/install/rmw_microxrcedds:/home/robot/app/robot_ws/install/rclc:/home/robot/app/robot_ws/install/test_msgs:/home/robot/app/robot_ws/install/rosidl_typesupport_microxrcedds_cpp:/home/robot/app/robot_ws/install/geometry_msgs:/home/robot/app/robot_ws/install/example_interfaces:/home/robot/app/robot_ws/install/std_msgs:/home/robot/app/robot_ws/install/rosidl_typesupport_microxrcedds_c:/home/robot/app/robot_ws/install/rcl_interfaces:/home/robot/app/robot_ws/install/microxrcedds_client:/home/robot/app/robot_ws/install/complex_msgs:/home/robot/app/robot_ws/install/action_msgs:/home/robot/app/robot_ws/install/unique_identifier_msgs:/home/robot/app/robot_ws/install/microcdr:/home/robot/app/robot_ws/install/micro_ros_utilities:/home/robot/app/robot_ws/install/micro_ros_msgs:/home/robot/app/robot_ws/install/builtin_interfaces:/home/robot/app/robot_ws/install/micro_ros_agent:/home/robot/app/robot_ws/install/micro_ros_demos_rclc:/home/robot/app/robot_ws/install/common_interfaces:/home/robot/app/robot_ws/install/trajectory_msgs:/home/robot/app/robot_ws/install/stereo_msgs:/home/robot/app/robot_ws/install/std_srvs:/home/robot/app/robot_ws/install/shape_msgs:/home/robot/app/robot_ws/install/nav_msgs:/home/robot/app/robot_ws/install/diagnostic_msgs:/home/robot/app/robot_ws/install/actionlib_msgs:/home/robot/app/robot_ws/install/statistics_msgs:/home/robot/app/robot_ws/install/rosidl_typesupport_microxrcedds_test_msg:/home/robot/app/robot_ws/install/rosidl_typesupport_microxrcedds_cpp_tests:/home/robot/app/robot_ws/install/rosidl_typesupport_microxrcedds_c_tests:/home/robot/app/robot_ws/install/rosgraph_msgs:/home/robot/app/robot_ws/install/composition_interfaces:/home/robot/app/robot_ws/install/lifecycle_msgs:/home/robot/app/robot_ws/install/micro_ros_setup:/home/robot/app/robot_ws/install/sensor_msgs_py:/opt/ros/humble LD_LIBRARY_PATH=/home/robot/app/robot_ws/install/visualization_msgs/lib:/home/robot/app/robot_ws/install/rclc_parameter/lib:/home/robot/app/robot_ws/install/sensor_msgs/lib:/home/robot/app/robot_ws/install/rmw_microxrcedds/lib:/home/robot/app/robot_ws/install/rclc/lib:/home/robot/app/robot_ws/install/test_msgs/lib:/home/robot/app/robot_ws/install/rosidl_typesupport_microxrcedds_cpp/lib:/home/robot/app/robot_ws/install/geometry_msgs/lib:/home/robot/app/robot_ws/install/example_interfaces/lib:/home/robot/app/robot_ws/install/std_msgs/lib:/home/robot/app/robot_ws/install/rosidl_typesupport_microxrcedds_c/lib:/home/robot/app/robot_ws/install/rcl_interfaces/lib:/home/robot/app/robot_ws/install/microxrcedds_client/lib:/home/robot/app/robot_ws/install/complex_msgs/lib:/home/robot/app/robot_ws/install/action_msgs/lib:/home/robot/app/robot_ws/install/unique_identifier_msgs/lib:/home/robot/app/robot_ws/install/microcdr/lib:/home/robot/app/robot_ws/install/micro_ros_utilities/lib:/home/robot/app/robot_ws/install/micro_ros_msgs/lib:/home/robot/app/robot_ws/install/builtin_interfaces/lib:/home/robot/app/robot_ws/install/micro_ros_agent/lib:/home/robot/app/robot_ws/install/trajectory_msgs/lib:/home/robot/app/robot_ws/install/stereo_msgs/lib:/home/robot/app/robot_ws/install/std_srvs/lib:/home/robot/app/robot_ws/install/shape_msgs/lib:/home/robot/app/robot_ws/install/nav_msgs/lib:/home/robot/app/robot_ws/install/diagnostic_msgs/lib:/home/robot/app/robot_ws/install/actionlib_msgs/lib:/home/robot/app/robot_ws/install/statistics_msgs/lib:/home/robot/app/robot_ws/install/rosgraph_msgs/lib:/home/robot/app/robot_ws/install/composition_interfaces/lib:/home/robot/app/robot_ws/install/lifecycle_msgs/lib:/opt/ros/humble/opt/rviz_ogre_vendor/lib:/opt/ros/humble/lib/x86_64-linux-gnu:/opt/ros/humble/lib /usr/bin/cmake /home/robot/app/robot_ws/src/uros/micro-ROS-demos/rclc -DCMAKE_INSTALL_PREFIX=/home/robot/app/robot_ws/install/micro_ros_demos_rclc
[0.151s] -- Found ament_cmake: 1.3.10 (/opt/ros/humble/share/ament_cmake/cmake)
[1.011s] -- Configuring done
[1.102s] -- Generating done
[1.110s] -- Build files have been written to: /home/robot/app/robot_ws/build/micro_ros_demos_rclc
[1.124s] Invoked command in '/home/robot/app/robot_ws/build/micro_ros_demos_rclc' returned '0': CMAKE_PREFIX_PATH=/home/robot/app/robot_ws/install/visualization_msgs:/home/robot/app/robot_ws/install/rclc_parameter:/home/robot/app/robot_ws/install/sensor_msgs:/home/robot/app/robot_ws/install/rmw_microxrcedds:/home/robot/app/robot_ws/install/rclc:/home/robot/app/robot_ws/install/test_msgs:/home/robot/app/robot_ws/install/rosidl_typesupport_microxrcedds_cpp:/home/robot/app/robot_ws/install/geometry_msgs:/home/robot/app/robot_ws/install/example_interfaces:/home/robot/app/robot_ws/install/std_msgs:/home/robot/app/robot_ws/install/rosidl_typesupport_microxrcedds_c:/home/robot/app/robot_ws/install/rcl_interfaces:/home/robot/app/robot_ws/install/microxrcedds_client:/home/robot/app/robot_ws/install/complex_msgs:/home/robot/app/robot_ws/install/action_msgs:/home/robot/app/robot_ws/install/unique_identifier_msgs:/home/robot/app/robot_ws/install/microcdr:/home/robot/app/robot_ws/install/micro_ros_utilities:/home/robot/app/robot_ws/install/micro_ros_msgs:/home/robot/app/robot_ws/install/builtin_interfaces:/home/robot/app/robot_ws/install/micro_ros_agent:/home/robot/app/robot_ws/install/micro_ros_demos_rclc:/home/robot/app/robot_ws/install/common_interfaces:/home/robot/app/robot_ws/install/trajectory_msgs:/home/robot/app/robot_ws/install/stereo_msgs:/home/robot/app/robot_ws/install/std_srvs:/home/robot/app/robot_ws/install/shape_msgs:/home/robot/app/robot_ws/install/nav_msgs:/home/robot/app/robot_ws/install/diagnostic_msgs:/home/robot/app/robot_ws/install/actionlib_msgs:/home/robot/app/robot_ws/install/statistics_msgs:/home/robot/app/robot_ws/install/rosidl_typesupport_microxrcedds_test_msg:/home/robot/app/robot_ws/install/rosidl_typesupport_microxrcedds_cpp_tests:/home/robot/app/robot_ws/install/rosidl_typesupport_microxrcedds_c_tests:/home/robot/app/robot_ws/install/rosgraph_msgs:/home/robot/app/robot_ws/install/composition_interfaces:/home/robot/app/robot_ws/install/lifecycle_msgs:/home/robot/app/robot_ws/install/micro_ros_setup:/home/robot/app/robot_ws/install/sensor_msgs_py:/opt/ros/humble LD_LIBRARY_PATH=/home/robot/app/robot_ws/install/visualization_msgs/lib:/home/robot/app/robot_ws/install/rclc_parameter/lib:/home/robot/app/robot_ws/install/sensor_msgs/lib:/home/robot/app/robot_ws/install/rmw_microxrcedds/lib:/home/robot/app/robot_ws/install/rclc/lib:/home/robot/app/robot_ws/install/test_msgs/lib:/home/robot/app/robot_ws/install/rosidl_typesupport_microxrcedds_cpp/lib:/home/robot/app/robot_ws/install/geometry_msgs/lib:/home/robot/app/robot_ws/install/example_interfaces/lib:/home/robot/app/robot_ws/install/std_msgs/lib:/home/robot/app/robot_ws/install/rosidl_typesupport_microxrcedds_c/lib:/home/robot/app/robot_ws/install/rcl_interfaces/lib:/home/robot/app/robot_ws/install/microxrcedds_client/lib:/home/robot/app/robot_ws/install/complex_msgs/lib:/home/robot/app/robot_ws/install/action_msgs/lib:/home/robot/app/robot_ws/install/unique_identifier_msgs/lib:/home/robot/app/robot_ws/install/microcdr/lib:/home/robot/app/robot_ws/install/micro_ros_utilities/lib:/home/robot/app/robot_ws/install/micro_ros_msgs/lib:/home/robot/app/robot_ws/install/builtin_interfaces/lib:/home/robot/app/robot_ws/install/micro_ros_agent/lib:/home/robot/app/robot_ws/install/trajectory_msgs/lib:/home/robot/app/robot_ws/install/stereo_msgs/lib:/home/robot/app/robot_ws/install/std_srvs/lib:/home/robot/app/robot_ws/install/shape_msgs/lib:/home/robot/app/robot_ws/install/nav_msgs/lib:/home/robot/app/robot_ws/install/diagnostic_msgs/lib:/home/robot/app/robot_ws/install/actionlib_msgs/lib:/home/robot/app/robot_ws/install/statistics_msgs/lib:/home/robot/app/robot_ws/install/rosgraph_msgs/lib:/home/robot/app/robot_ws/install/composition_interfaces/lib:/home/robot/app/robot_ws/install/lifecycle_msgs/lib:/opt/ros/humble/opt/rviz_ogre_vendor/lib:/opt/ros/humble/lib/x86_64-linux-gnu:/opt/ros/humble/lib /usr/bin/cmake /home/robot/app/robot_ws/src/uros/micro-ROS-demos/rclc -DCMAKE_INSTALL_PREFIX=/home/robot/app/robot_ws/install/micro_ros_demos_rclc
[1.126s] Invoking command in '/home/robot/app/robot_ws/build/micro_ros_demos_rclc': CMAKE_PREFIX_PATH=/home/robot/app/robot_ws/install/visualization_msgs:/home/robot/app/robot_ws/install/rclc_parameter:/home/robot/app/robot_ws/install/sensor_msgs:/home/robot/app/robot_ws/install/rmw_microxrcedds:/home/robot/app/robot_ws/install/rclc:/home/robot/app/robot_ws/install/test_msgs:/home/robot/app/robot_ws/install/rosidl_typesupport_microxrcedds_cpp:/home/robot/app/robot_ws/install/geometry_msgs:/home/robot/app/robot_ws/install/example_interfaces:/home/robot/app/robot_ws/install/std_msgs:/home/robot/app/robot_ws/install/rosidl_typesupport_microxrcedds_c:/home/robot/app/robot_ws/install/rcl_interfaces:/home/robot/app/robot_ws/install/microxrcedds_client:/home/robot/app/robot_ws/install/complex_msgs:/home/robot/app/robot_ws/install/action_msgs:/home/robot/app/robot_ws/install/unique_identifier_msgs:/home/robot/app/robot_ws/install/microcdr:/home/robot/app/robot_ws/install/micro_ros_utilities:/home/robot/app/robot_ws/install/micro_ros_msgs:/home/robot/app/robot_ws/install/builtin_interfaces:/home/robot/app/robot_ws/install/micro_ros_agent:/home/robot/app/robot_ws/install/micro_ros_demos_rclc:/home/robot/app/robot_ws/install/common_interfaces:/home/robot/app/robot_ws/install/trajectory_msgs:/home/robot/app/robot_ws/install/stereo_msgs:/home/robot/app/robot_ws/install/std_srvs:/home/robot/app/robot_ws/install/shape_msgs:/home/robot/app/robot_ws/install/nav_msgs:/home/robot/app/robot_ws/install/diagnostic_msgs:/home/robot/app/robot_ws/install/actionlib_msgs:/home/robot/app/robot_ws/install/statistics_msgs:/home/robot/app/robot_ws/install/rosidl_typesupport_microxrcedds_test_msg:/home/robot/app/robot_ws/install/rosidl_typesupport_microxrcedds_cpp_tests:/home/robot/app/robot_ws/install/rosidl_typesupport_microxrcedds_c_tests:/home/robot/app/robot_ws/install/rosgraph_msgs:/home/robot/app/robot_ws/install/composition_interfaces:/home/robot/app/robot_ws/install/lifecycle_msgs:/home/robot/app/robot_ws/install/micro_ros_setup:/home/robot/app/robot_ws/install/sensor_msgs_py:/opt/ros/humble LD_LIBRARY_PATH=/home/robot/app/robot_ws/install/visualization_msgs/lib:/home/robot/app/robot_ws/install/rclc_parameter/lib:/home/robot/app/robot_ws/install/sensor_msgs/lib:/home/robot/app/robot_ws/install/rmw_microxrcedds/lib:/home/robot/app/robot_ws/install/rclc/lib:/home/robot/app/robot_ws/install/test_msgs/lib:/home/robot/app/robot_ws/install/rosidl_typesupport_microxrcedds_cpp/lib:/home/robot/app/robot_ws/install/geometry_msgs/lib:/home/robot/app/robot_ws/install/example_interfaces/lib:/home/robot/app/robot_ws/install/std_msgs/lib:/home/robot/app/robot_ws/install/rosidl_typesupport_microxrcedds_c/lib:/home/robot/app/robot_ws/install/rcl_interfaces/lib:/home/robot/app/robot_ws/install/microxrcedds_client/lib:/home/robot/app/robot_ws/install/complex_msgs/lib:/home/robot/app/robot_ws/install/action_msgs/lib:/home/robot/app/robot_ws/install/unique_identifier_msgs/lib:/home/robot/app/robot_ws/install/microcdr/lib:/home/robot/app/robot_ws/install/micro_ros_utilities/lib:/home/robot/app/robot_ws/install/micro_ros_msgs/lib:/home/robot/app/robot_ws/install/builtin_interfaces/lib:/home/robot/app/robot_ws/install/micro_ros_agent/lib:/home/robot/app/robot_ws/install/trajectory_msgs/lib:/home/robot/app/robot_ws/install/stereo_msgs/lib:/home/robot/app/robot_ws/install/std_srvs/lib:/home/robot/app/robot_ws/install/shape_msgs/lib:/home/robot/app/robot_ws/install/nav_msgs/lib:/home/robot/app/robot_ws/install/diagnostic_msgs/lib:/home/robot/app/robot_ws/install/actionlib_msgs/lib:/home/robot/app/robot_ws/install/statistics_msgs/lib:/home/robot/app/robot_ws/install/rosgraph_msgs/lib:/home/robot/app/robot_ws/install/composition_interfaces/lib:/home/robot/app/robot_ws/install/lifecycle_msgs/lib:/opt/ros/humble/opt/rviz_ogre_vendor/lib:/opt/ros/humble/lib/x86_64-linux-gnu:/opt/ros/humble/lib /usr/bin/cmake --build /home/robot/app/robot_ws/build/micro_ros_demos_rclc -- -j8 -l8
[1.240s] [  1%] [34m[1mPerforming build step for 'graph_visualizer'[0m
[1.333s] [100%] Built target graph_visualizer
[1.370s] [  1%] [34m[1mPerforming install step for 'graph_visualizer'[0m
[1.467s] [100%] Built target graph_visualizer
[1.504s] [36mInstall the project...[0m
[1.519s] -- Install configuration: ""
[1.519s] -- Up-to-date: /home/robot/app/robot_ws/build/micro_ros_demos_rclc/temp_install/graph_visualizer/graph_visualizer
[1.553s] [  1%] [34m[1mCompleted 'graph_visualizer'[0m
[1.613s] [  4%] Built target graph_visualizer
[1.655s] [  4%] [34m[1mPerforming build step for 'addtwoints_server'[0m
[1.743s] [100%] Built target addtwoints_server
[1.784s] [  5%] [34m[1mPerforming install step for 'addtwoints_server'[0m
[1.865s] [100%] Built target addtwoints_server
[1.900s] [36mInstall the project...[0m
[1.914s] -- Install configuration: ""
[1.917s] -- Up-to-date: /home/robot/app/robot_ws/build/micro_ros_demos_rclc/temp_install/addtwoints_server/addtwoints_server
[1.949s] [  6%] [34m[1mCompleted 'addtwoints_server'[0m
[2.007s] [  8%] Built target addtwoints_server
[2.050s] [  8%] [34m[1mPerforming build step for 'addtwoints_client'[0m
[2.138s] [100%] Built target addtwoints_client
[2.169s] [  9%] [34m[1mPerforming install step for 'addtwoints_client'[0m
[2.255s] [100%] Built target addtwoints_client
[2.289s] [36mInstall the project...[0m
[2.304s] -- Install configuration: ""
[2.304s] -- Up-to-date: /home/robot/app/robot_ws/build/micro_ros_demos_rclc/temp_install/addtwoints_client/addtwoints_client
[2.340s] [  9%] [34m[1mCompleted 'addtwoints_client'[0m
[2.396s] [ 11%] Built target addtwoints_client
[2.436s] [ 12%] [34m[1mPerforming build step for 'fibonacci_action_server'[0m
[2.522s] [100%] Built target fibonacci_action_server
[2.555s] [ 12%] [34m[1mPerforming install step for 'fibonacci_action_server'[0m
[2.660s] [100%] Built target fibonacci_action_server
[2.695s] [36mInstall the project...[0m
[2.711s] -- Install configuration: ""
[2.711s] -- Up-to-date: /home/robot/app/robot_ws/build/micro_ros_demos_rclc/temp_install/fibonacci_action_server/fibonacci_action_server
[2.748s] [ 12%] [34m[1mCompleted 'fibonacci_action_server'[0m
[2.811s] [ 15%] Built target fibonacci_action_server
[2.867s] [ 15%] [34m[1mPerforming build step for 'fibonacci_action_client'[0m
[2.952s] [100%] Built target fibonacci_action_client
[2.983s] [ 15%] [34m[1mPerforming install step for 'fibonacci_action_client'[0m
[3.069s] [100%] Built target fibonacci_action_client
[3.107s] [36mInstall the project...[0m
[3.125s] -- Install configuration: ""
[3.125s] -- Up-to-date: /home/robot/app/robot_ws/build/micro_ros_demos_rclc/temp_install/fibonacci_action_client/fibonacci_action_client
[3.158s] [ 16%] [34m[1mCompleted 'fibonacci_action_client'[0m
[3.222s] [ 19%] Built target fibonacci_action_client
[3.264s] [ 20%] [34m[1mPerforming build step for 'int32_multinode'[0m
[3.351s] [100%] Built target int32_multinode
[3.388s] [ 20%] [34m[1mPerforming install step for 'int32_multinode'[0m
[3.480s] [100%] Built target int32_multinode
[3.519s] [36mInstall the project...[0m
[3.536s] -- Install configuration: ""
[3.539s] -- Up-to-date: /home/robot/app/robot_ws/build/micro_ros_demos_rclc/temp_install/int32_multinode/int32_multinode
[3.578s] [ 20%] [34m[1mCompleted 'int32_multinode'[0m
[3.648s] [ 22%] Built target int32_multinode
[3.689s] [ 22%] [34m[1mPerforming build step for 'int32_publisher_subscriber'[0m
[3.781s] [100%] Built target int32_publisher_subscriber
[3.815s] [ 22%] [34m[1mPerforming install step for 'int32_publisher_subscriber'[0m
[3.913s] [100%] Built target int32_publisher_subscriber
[3.951s] [36mInstall the project...[0m
[3.968s] -- Install configuration: ""
[3.970s] -- Up-to-date: /home/robot/app/robot_ws/build/micro_ros_demos_rclc/temp_install/int32_publisher_subscriber/int32_publisher_subscriber
[4.006s] [ 23%] [34m[1mCompleted 'int32_publisher_subscriber'[0m
[4.070s] [ 26%] Built target int32_publisher_subscriber
[4.110s] [ 27%] [34m[1mPerforming build step for 'ping_pong'[0m
[4.206s] [100%] Built target ping_pong
[4.241s] [ 27%] [34m[1mPerforming install step for 'ping_pong'[0m
[4.332s] [100%] Built target ping_pong
[4.369s] [36mInstall the project...[0m
[4.383s] -- Install configuration: ""
[4.383s] -- Up-to-date: /home/robot/app/robot_ws/build/micro_ros_demos_rclc/temp_install/ping_pong/ping_pong
[4.417s] [ 27%] [34m[1mCompleted 'ping_pong'[0m
[4.500s] [ 30%] Built target ping_pong
[4.552s] [ 31%] [34m[1mPerforming build step for 'ping_uros_agent'[0m
[4.660s] [100%] Built target ping_uros_agent
[4.704s] [ 32%] [34m[1mPerforming install step for 'ping_uros_agent'[0m
[4.801s] [100%] Built target ping_uros_agent
[4.843s] [36mInstall the project...[0m
[4.860s] -- Install configuration: ""
[4.861s] -- Up-to-date: /home/robot/app/robot_ws/build/micro_ros_demos_rclc/temp_install/ping_uros_agent/ping_uros_agent
[4.903s] [ 32%] [34m[1mCompleted 'ping_uros_agent'[0m
[4.967s] [ 33%] Built target ping_uros_agent
[5.009s] [ 33%] [34m[1mPerforming build step for 'fragmented_publication'[0m
[5.105s] [100%] Built target fragmented_publication
[5.147s] [ 34%] [34m[1mPerforming install step for 'fragmented_publication'[0m
[5.239s] [100%] Built target fragmented_publication
[5.277s] [36mInstall the project...[0m
[5.292s] -- Install configuration: ""
[5.294s] -- Up-to-date: /home/robot/app/robot_ws/build/micro_ros_demos_rclc/temp_install/fragmented_publication/fragmented_publication
[5.331s] [ 34%] [34m[1mCompleted 'fragmented_publication'[0m
[5.401s] [ 36%] Built target fragmented_publication
[5.447s] [ 36%] [34m[1mPerforming build step for 'fragmented_subscription'[0m
[5.552s] [100%] Built target fragmented_subscription
[5.603s] [ 37%] [34m[1mPerforming install step for 'fragmented_subscription'[0m
[5.724s] [100%] Built target fragmented_subscription
[5.760s] [36mInstall the project...[0m
[5.778s] -- Install configuration: ""
[5.779s] -- Up-to-date: /home/robot/app/robot_ws/build/micro_ros_demos_rclc/temp_install/fragmented_subscription/fragmented_subscription
[5.816s] [ 38%] [34m[1mCompleted 'fragmented_subscription'[0m
[5.880s] [ 40%] Built target fragmented_subscription
[5.924s] [ 41%] [34m[1mPerforming build step for 'complex_msg_publisher'[0m
[6.017s] [100%] Built target complex_msg_publisher
[6.052s] [ 42%] [34m[1mPerforming install step for 'complex_msg_publisher'[0m
[6.144s] [100%] Built target complex_msg_publisher
[6.183s] [36mInstall the project...[0m
[6.200s] -- Install configuration: ""
[6.201s] -- Up-to-date: /home/robot/app/robot_ws/build/micro_ros_demos_rclc/temp_install/complex_msg_publisher/complex_msg_publisher
[6.236s] [ 42%] [34m[1mCompleted 'complex_msg_publisher'[0m
[6.305s] [ 43%] Built target complex_msg_publisher
[6.345s] [ 43%] [34m[1mPerforming build step for 'complex_msg_subscriber'[0m
[6.427s] [100%] Built target complex_msg_subscriber
[6.462s] [ 44%] [34m[1mPerforming install step for 'complex_msg_subscriber'[0m
[6.548s] [100%] Built target complex_msg_subscriber
[6.581s] [36mInstall the project...[0m
[6.597s] -- Install configuration: ""
[6.598s] -- Up-to-date: /home/robot/app/robot_ws/build/micro_ros_demos_rclc/temp_install/complex_msg_subscriber/complex_msg_subscriber
[6.636s] [ 45%] [34m[1mCompleted 'complex_msg_subscriber'[0m
[6.695s] [ 47%] Built target complex_msg_subscriber
[6.733s] [ 48%] [34m[1mPerforming build step for 'timer'[0m
[6.829s] [100%] Built target timer
[6.865s] [ 48%] [34m[1mPerforming install step for 'timer'[0m
[6.981s] [100%] Built target timer
[7.016s] [36mInstall the project...[0m
[7.033s] -- Install configuration: ""
[7.034s] -- Up-to-date: /home/robot/app/robot_ws/build/micro_ros_demos_rclc/temp_install/timer/timer
[7.071s] [ 48%] [34m[1mCompleted 'timer'[0m
[7.131s] [ 51%] Built target timer
[7.176s] [ 52%] [34m[1mPerforming build step for 'string_publisher'[0m
[7.291s] [100%] Built target string_publisher
[7.336s] [ 52%] [34m[1mPerforming install step for 'string_publisher'[0m
[7.433s] [100%] Built target string_publisher
[7.470s] [36mInstall the project...[0m
[7.485s] -- Install configuration: ""
[7.486s] -- Up-to-date: /home/robot/app/robot_ws/build/micro_ros_demos_rclc/temp_install/string_publisher/string_publisher
[7.528s] [ 52%] [34m[1mCompleted 'string_publisher'[0m
[7.589s] [ 54%] Built target string_publisher
[7.632s] [ 54%] [34m[1mPerforming build step for 'string_subscriber'[0m
[7.731s] [100%] Built target string_subscriber
[7.763s] [ 55%] [34m[1mPerforming install step for 'string_subscriber'[0m
[7.846s] [100%] Built target string_subscriber
[7.884s] [36mInstall the project...[0m
[7.898s] -- Install configuration: ""
[7.899s] -- Up-to-date: /home/robot/app/robot_ws/build/micro_ros_demos_rclc/temp_install/string_subscriber/string_subscriber
[7.935s] [ 56%] [34m[1mCompleted 'string_subscriber'[0m
[7.995s] [ 58%] Built target string_subscriber
[8.034s] [ 59%] [34m[1mPerforming build step for 'autodiscover_agent'[0m
[8.120s] [100%] Built target autodiscover_agent
[8.157s] [ 59%] [34m[1mPerforming install step for 'autodiscover_agent'[0m
[8.287s] [100%] Built target autodiscover_agent
[8.349s] [36mInstall the project...[0m
[8.367s] -- Install configuration: ""
[8.368s] -- Up-to-date: /home/robot/app/robot_ws/build/micro_ros_demos_rclc/temp_install/autodiscover_agent/autodiscover_agent
[8.404s] [ 59%] [34m[1mCompleted 'autodiscover_agent'[0m
[8.476s] [ 62%] Built target autodiscover_agent
[8.515s] [ 63%] [34m[1mPerforming build step for 'static_type_handling'[0m
[8.616s] [100%] Built target static_type_handling
[8.657s] [ 63%] [34m[1mPerforming install step for 'static_type_handling'[0m
[8.755s] [100%] Built target static_type_handling
[8.790s] [36mInstall the project...[0m
[8.805s] -- Install configuration: ""
[8.806s] -- Up-to-date: /home/robot/app/robot_ws/build/micro_ros_demos_rclc/temp_install/static_type_handling/static_type_handling
[8.842s] [ 63%] [34m[1mCompleted 'static_type_handling'[0m
[8.920s] [ 66%] Built target static_type_handling
[8.966s] [ 66%] [34m[1mPerforming build step for 'epoch_synchronization'[0m
[9.052s] [100%] Built target epoch_synchronization
[9.097s] [ 67%] [34m[1mPerforming install step for 'epoch_synchronization'[0m
[9.189s] [100%] Built target epoch_synchronization
[9.234s] [36mInstall the project...[0m
[9.250s] -- Install configuration: ""
[9.251s] -- Up-to-date: /home/robot/app/robot_ws/build/micro_ros_demos_rclc/temp_install/epoch_synchronization/epoch_synchronization
[9.290s] [ 68%] [34m[1mCompleted 'epoch_synchronization'[0m
[9.375s] [ 70%] Built target epoch_synchronization
[9.416s] [ 70%] [34m[1mPerforming build step for 'parameter_server'[0m
[9.501s] [100%] Built target parameter_server
[9.535s] [ 70%] [34m[1mPerforming install step for 'parameter_server'[0m
[9.634s] [100%] Built target parameter_server
[9.676s] [36mInstall the project...[0m
[9.693s] -- Install configuration: ""
[9.694s] -- Up-to-date: /home/robot/app/robot_ws/build/micro_ros_demos_rclc/temp_install/parameter_server/parameter_server
[9.730s] [ 71%] [34m[1mCompleted 'parameter_server'[0m
[9.797s] [ 74%] Built target parameter_server
[9.841s] [ 74%] [34m[1mPerforming build step for 'multithread_publisher_subscriber'[0m
[9.951s] [100%] Built target multithread_publisher_subscriber
[9.985s] [ 75%] [34m[1mPerforming install step for 'multithread_publisher_subscriber'[0m
[10.077s] [100%] Built target multithread_publisher_subscriber
[10.110s] [36mInstall the project...[0m
[10.126s] -- Install configuration: ""
[10.127s] -- Up-to-date: /home/robot/app/robot_ws/build/micro_ros_demos_rclc/temp_install/multithread_publisher_subscriber/multithread_publisher_subscriber
[10.172s] [ 76%] [34m[1mCompleted 'multithread_publisher_subscriber'[0m
[10.241s] [ 78%] Built target multithread_publisher_subscriber
[10.285s] [ 79%] [34m[1mPerforming build step for 'configured_subscriber'[0m
[10.369s] [100%] Built target configured_subscriber
[10.410s] [ 79%] [34m[1mPerforming install step for 'configured_subscriber'[0m
[10.510s] [100%] Built target configured_subscriber
[10.547s] [36mInstall the project...[0m
[10.566s] -- Install configuration: ""
[10.570s] -- Up-to-date: /home/robot/app/robot_ws/build/micro_ros_demos_rclc/temp_install/configured_subscriber/configured_subscriber
[10.607s] [ 79%] [34m[1mCompleted 'configured_subscriber'[0m
[10.664s] [ 81%] Built target configured_subscriber
[10.705s] [ 82%] [34m[1mPerforming build step for 'configured_publisher'[0m
[10.806s] [100%] Built target configured_publisher
[10.841s] [ 82%] [34m[1mPerforming install step for 'configured_publisher'[0m
[10.934s] [100%] Built target configured_publisher
[10.979s] [36mInstall the project...[0m
[10.997s] -- Install configuration: ""
[10.998s] -- Up-to-date: /home/robot/app/robot_ws/build/micro_ros_demos_rclc/temp_install/configured_publisher/configured_publisher
[11.034s] [ 82%] [34m[1mCompleted 'configured_publisher'[0m
[11.091s] [ 85%] Built target configured_publisher
[11.125s] [ 86%] [34m[1mPerforming build step for 'int32_subscriber'[0m
[11.210s] [100%] Built target int32_subscriber
[11.250s] [ 86%] [34m[1mPerforming install step for 'int32_subscriber'[0m
[11.343s] [100%] Built target int32_subscriber
[11.387s] [36mInstall the project...[0m
[11.402s] -- Install configuration: ""
[11.403s] -- Up-to-date: /home/robot/app/robot_ws/build/micro_ros_demos_rclc/temp_install/int32_subscriber/int32_subscriber
[11.436s] [ 86%] [34m[1mCompleted 'int32_subscriber'[0m
[11.501s] [ 88%] Built target int32_subscriber
[11.542s] [ 88%] [34m[1mPerforming build step for 'int32_publisher'[0m
[11.631s] [100%] Built target int32_publisher
[11.659s] [ 89%] [34m[1mPerforming install step for 'int32_publisher'[0m
[11.750s] [100%] Built target int32_publisher
[11.791s] [36mInstall the project...[0m
[11.809s] -- Install configuration: ""
[11.810s] -- Up-to-date: /home/robot/app/robot_ws/build/micro_ros_demos_rclc/temp_install/int32_publisher/int32_publisher
[11.843s] [ 90%] [34m[1mCompleted 'int32_publisher'[0m
[11.901s] [ 92%] Built target int32_publisher
[11.937s] [ 92%] [34m[1mPerforming build step for 'publisher_count'[0m
[12.032s] [100%] Built target publisher_count
[12.083s] [ 93%] [34m[1mPerforming install step for 'publisher_count'[0m
[12.189s] [100%] Built target publisher_count
[12.225s] [36mInstall the project...[0m
[12.243s] -- Install configuration: ""
[12.244s] -- Up-to-date: /home/robot/app/robot_ws/build/micro_ros_demos_rclc/temp_install/publisher_count/publisher_count
[12.274s] [ 94%] [34m[1mCompleted 'publisher_count'[0m
[12.342s] [ 96%] Built target publisher_count
[12.386s] [ 96%] [34m[1mPerforming build step for 'subscription_count'[0m
[12.492s] [100%] Built target subscription_count
[12.532s] [ 96%] [34m[1mPerforming install step for 'subscription_count'[0m
[12.624s] [100%] Built target subscription_count
[12.660s] [36mInstall the project...[0m
[12.675s] -- Install configuration: ""
[12.676s] -- Up-to-date: /home/robot/app/robot_ws/build/micro_ros_demos_rclc/temp_install/subscription_count/subscription_count
[12.715s] [ 97%] [34m[1mCompleted 'subscription_count'[0m
[12.792s] [100%] Built target subscription_count
[12.823s] Invoked command in '/home/robot/app/robot_ws/build/micro_ros_demos_rclc' returned '0': CMAKE_PREFIX_PATH=/home/robot/app/robot_ws/install/visualization_msgs:/home/robot/app/robot_ws/install/rclc_parameter:/home/robot/app/robot_ws/install/sensor_msgs:/home/robot/app/robot_ws/install/rmw_microxrcedds:/home/robot/app/robot_ws/install/rclc:/home/robot/app/robot_ws/install/test_msgs:/home/robot/app/robot_ws/install/rosidl_typesupport_microxrcedds_cpp:/home/robot/app/robot_ws/install/geometry_msgs:/home/robot/app/robot_ws/install/example_interfaces:/home/robot/app/robot_ws/install/std_msgs:/home/robot/app/robot_ws/install/rosidl_typesupport_microxrcedds_c:/home/robot/app/robot_ws/install/rcl_interfaces:/home/robot/app/robot_ws/install/microxrcedds_client:/home/robot/app/robot_ws/install/complex_msgs:/home/robot/app/robot_ws/install/action_msgs:/home/robot/app/robot_ws/install/unique_identifier_msgs:/home/robot/app/robot_ws/install/microcdr:/home/robot/app/robot_ws/install/micro_ros_utilities:/home/robot/app/robot_ws/install/micro_ros_msgs:/home/robot/app/robot_ws/install/builtin_interfaces:/home/robot/app/robot_ws/install/micro_ros_agent:/home/robot/app/robot_ws/install/micro_ros_demos_rclc:/home/robot/app/robot_ws/install/common_interfaces:/home/robot/app/robot_ws/install/trajectory_msgs:/home/robot/app/robot_ws/install/stereo_msgs:/home/robot/app/robot_ws/install/std_srvs:/home/robot/app/robot_ws/install/shape_msgs:/home/robot/app/robot_ws/install/nav_msgs:/home/robot/app/robot_ws/install/diagnostic_msgs:/home/robot/app/robot_ws/install/actionlib_msgs:/home/robot/app/robot_ws/install/statistics_msgs:/home/robot/app/robot_ws/install/rosidl_typesupport_microxrcedds_test_msg:/home/robot/app/robot_ws/install/rosidl_typesupport_microxrcedds_cpp_tests:/home/robot/app/robot_ws/install/rosidl_typesupport_microxrcedds_c_tests:/home/robot/app/robot_ws/install/rosgraph_msgs:/home/robot/app/robot_ws/install/composition_interfaces:/home/robot/app/robot_ws/install/lifecycle_msgs:/home/robot/app/robot_ws/install/micro_ros_setup:/home/robot/app/robot_ws/install/sensor_msgs_py:/opt/ros/humble LD_LIBRARY_PATH=/home/robot/app/robot_ws/install/visualization_msgs/lib:/home/robot/app/robot_ws/install/rclc_parameter/lib:/home/robot/app/robot_ws/install/sensor_msgs/lib:/home/robot/app/robot_ws/install/rmw_microxrcedds/lib:/home/robot/app/robot_ws/install/rclc/lib:/home/robot/app/robot_ws/install/test_msgs/lib:/home/robot/app/robot_ws/install/rosidl_typesupport_microxrcedds_cpp/lib:/home/robot/app/robot_ws/install/geometry_msgs/lib:/home/robot/app/robot_ws/install/example_interfaces/lib:/home/robot/app/robot_ws/install/std_msgs/lib:/home/robot/app/robot_ws/install/rosidl_typesupport_microxrcedds_c/lib:/home/robot/app/robot_ws/install/rcl_interfaces/lib:/home/robot/app/robot_ws/install/microxrcedds_client/lib:/home/robot/app/robot_ws/install/complex_msgs/lib:/home/robot/app/robot_ws/install/action_msgs/lib:/home/robot/app/robot_ws/install/unique_identifier_msgs/lib:/home/robot/app/robot_ws/install/microcdr/lib:/home/robot/app/robot_ws/install/micro_ros_utilities/lib:/home/robot/app/robot_ws/install/micro_ros_msgs/lib:/home/robot/app/robot_ws/install/builtin_interfaces/lib:/home/robot/app/robot_ws/install/micro_ros_agent/lib:/home/robot/app/robot_ws/install/trajectory_msgs/lib:/home/robot/app/robot_ws/install/stereo_msgs/lib:/home/robot/app/robot_ws/install/std_srvs/lib:/home/robot/app/robot_ws/install/shape_msgs/lib:/home/robot/app/robot_ws/install/nav_msgs/lib:/home/robot/app/robot_ws/install/diagnostic_msgs/lib:/home/robot/app/robot_ws/install/actionlib_msgs/lib:/home/robot/app/robot_ws/install/statistics_msgs/lib:/home/robot/app/robot_ws/install/rosgraph_msgs/lib:/home/robot/app/robot_ws/install/composition_interfaces/lib:/home/robot/app/robot_ws/install/lifecycle_msgs/lib:/opt/ros/humble/opt/rviz_ogre_vendor/lib:/opt/ros/humble/lib/x86_64-linux-gnu:/opt/ros/humble/lib /usr/bin/cmake --build /home/robot/app/robot_ws/build/micro_ros_demos_rclc -- -j8 -l8
[12.935s] Invoking command in '/home/robot/app/robot_ws/build/micro_ros_demos_rclc': CMAKE_PREFIX_PATH=/home/robot/app/robot_ws/install/visualization_msgs:/home/robot/app/robot_ws/install/rclc_parameter:/home/robot/app/robot_ws/install/sensor_msgs:/home/robot/app/robot_ws/install/rmw_microxrcedds:/home/robot/app/robot_ws/install/rclc:/home/robot/app/robot_ws/install/test_msgs:/home/robot/app/robot_ws/install/rosidl_typesupport_microxrcedds_cpp:/home/robot/app/robot_ws/install/geometry_msgs:/home/robot/app/robot_ws/install/example_interfaces:/home/robot/app/robot_ws/install/std_msgs:/home/robot/app/robot_ws/install/rosidl_typesupport_microxrcedds_c:/home/robot/app/robot_ws/install/rcl_interfaces:/home/robot/app/robot_ws/install/microxrcedds_client:/home/robot/app/robot_ws/install/complex_msgs:/home/robot/app/robot_ws/install/action_msgs:/home/robot/app/robot_ws/install/unique_identifier_msgs:/home/robot/app/robot_ws/install/microcdr:/home/robot/app/robot_ws/install/micro_ros_utilities:/home/robot/app/robot_ws/install/micro_ros_msgs:/home/robot/app/robot_ws/install/builtin_interfaces:/home/robot/app/robot_ws/install/micro_ros_agent:/home/robot/app/robot_ws/install/micro_ros_demos_rclc:/home/robot/app/robot_ws/install/common_interfaces:/home/robot/app/robot_ws/install/trajectory_msgs:/home/robot/app/robot_ws/install/stereo_msgs:/home/robot/app/robot_ws/install/std_srvs:/home/robot/app/robot_ws/install/shape_msgs:/home/robot/app/robot_ws/install/nav_msgs:/home/robot/app/robot_ws/install/diagnostic_msgs:/home/robot/app/robot_ws/install/actionlib_msgs:/home/robot/app/robot_ws/install/statistics_msgs:/home/robot/app/robot_ws/install/rosidl_typesupport_microxrcedds_test_msg:/home/robot/app/robot_ws/install/rosidl_typesupport_microxrcedds_cpp_tests:/home/robot/app/robot_ws/install/rosidl_typesupport_microxrcedds_c_tests:/home/robot/app/robot_ws/install/rosgraph_msgs:/home/robot/app/robot_ws/install/composition_interfaces:/home/robot/app/robot_ws/install/lifecycle_msgs:/home/robot/app/robot_ws/install/micro_ros_setup:/home/robot/app/robot_ws/install/sensor_msgs_py:/opt/ros/humble LD_LIBRARY_PATH=/home/robot/app/robot_ws/install/visualization_msgs/lib:/home/robot/app/robot_ws/install/rclc_parameter/lib:/home/robot/app/robot_ws/install/sensor_msgs/lib:/home/robot/app/robot_ws/install/rmw_microxrcedds/lib:/home/robot/app/robot_ws/install/rclc/lib:/home/robot/app/robot_ws/install/test_msgs/lib:/home/robot/app/robot_ws/install/rosidl_typesupport_microxrcedds_cpp/lib:/home/robot/app/robot_ws/install/geometry_msgs/lib:/home/robot/app/robot_ws/install/example_interfaces/lib:/home/robot/app/robot_ws/install/std_msgs/lib:/home/robot/app/robot_ws/install/rosidl_typesupport_microxrcedds_c/lib:/home/robot/app/robot_ws/install/rcl_interfaces/lib:/home/robot/app/robot_ws/install/microxrcedds_client/lib:/home/robot/app/robot_ws/install/complex_msgs/lib:/home/robot/app/robot_ws/install/action_msgs/lib:/home/robot/app/robot_ws/install/unique_identifier_msgs/lib:/home/robot/app/robot_ws/install/microcdr/lib:/home/robot/app/robot_ws/install/micro_ros_utilities/lib:/home/robot/app/robot_ws/install/micro_ros_msgs/lib:/home/robot/app/robot_ws/install/builtin_interfaces/lib:/home/robot/app/robot_ws/install/micro_ros_agent/lib:/home/robot/app/robot_ws/install/trajectory_msgs/lib:/home/robot/app/robot_ws/install/stereo_msgs/lib:/home/robot/app/robot_ws/install/std_srvs/lib:/home/robot/app/robot_ws/install/shape_msgs/lib:/home/robot/app/robot_ws/install/nav_msgs/lib:/home/robot/app/robot_ws/install/diagnostic_msgs/lib:/home/robot/app/robot_ws/install/actionlib_msgs/lib:/home/robot/app/robot_ws/install/statistics_msgs/lib:/home/robot/app/robot_ws/install/rosgraph_msgs/lib:/home/robot/app/robot_ws/install/composition_interfaces/lib:/home/robot/app/robot_ws/install/lifecycle_msgs/lib:/opt/ros/humble/opt/rviz_ogre_vendor/lib:/opt/ros/humble/lib/x86_64-linux-gnu:/opt/ros/humble/lib /usr/bin/cmake --install /home/robot/app/robot_ws/build/micro_ros_demos_rclc
[12.954s] -- Install configuration: ""
[12.956s] -- Up-to-date: /home/robot/app/robot_ws/install/micro_ros_demos_rclc/lib/micro_ros_demos_rclc
[12.956s] -- Up-to-date: /home/robot/app/robot_ws/install/micro_ros_demos_rclc/lib/micro_ros_demos_rclc/subscription_count
[12.956s] -- Up-to-date: /home/robot/app/robot_ws/install/micro_ros_demos_rclc/lib/micro_ros_demos_rclc/subscription_count/subscription_count
[12.956s] -- Up-to-date: /home/robot/app/robot_ws/install/micro_ros_demos_rclc/lib/micro_ros_demos_rclc/complex_msg_publisher
[12.956s] -- Up-to-date: /home/robot/app/robot_ws/install/micro_ros_demos_rclc/lib/micro_ros_demos_rclc/complex_msg_publisher/complex_msg_publisher
[12.956s] -- Up-to-date: /home/robot/app/robot_ws/install/micro_ros_demos_rclc/lib/micro_ros_demos_rclc/fibonacci_action_client
[12.957s] -- Up-to-date: /home/robot/app/robot_ws/install/micro_ros_demos_rclc/lib/micro_ros_demos_rclc/fibonacci_action_client/fibonacci_action_client
[12.957s] -- Up-to-date: /home/robot/app/robot_ws/install/micro_ros_demos_rclc/lib/micro_ros_demos_rclc/fragmented_subscription
[12.958s] -- Up-to-date: /home/robot/app/robot_ws/install/micro_ros_demos_rclc/lib/micro_ros_demos_rclc/fragmented_subscription/fragmented_subscription
[12.959s] -- Up-to-date: /home/robot/app/robot_ws/install/micro_ros_demos_rclc/lib/micro_ros_demos_rclc/ping_uros_agent
[12.959s] -- Up-to-date: /home/robot/app/robot_ws/install/micro_ros_demos_rclc/lib/micro_ros_demos_rclc/ping_uros_agent/ping_uros_agent
[12.959s] -- Up-to-date: /home/robot/app/robot_ws/install/micro_ros_demos_rclc/lib/micro_ros_demos_rclc/ping_pong
[12.959s] -- Up-to-date: /home/robot/app/robot_ws/install/micro_ros_demos_rclc/lib/micro_ros_demos_rclc/ping_pong/ping_pong
[12.959s] -- Up-to-date: /home/robot/app/robot_ws/install/micro_ros_demos_rclc/lib/micro_ros_demos_rclc/int32_publisher
[12.959s] -- Up-to-date: /home/robot/app/robot_ws/install/micro_ros_demos_rclc/lib/micro_ros_demos_rclc/int32_publisher/int32_publisher
[12.959s] -- Up-to-date: /home/robot/app/robot_ws/install/micro_ros_demos_rclc/lib/micro_ros_demos_rclc/string_publisher
[12.960s] -- Up-to-date: /home/robot/app/robot_ws/install/micro_ros_demos_rclc/lib/micro_ros_demos_rclc/string_publisher/string_publisher
[12.960s] -- Up-to-date: /home/robot/app/robot_ws/install/micro_ros_demos_rclc/lib/micro_ros_demos_rclc/parameter_server
[12.960s] -- Up-to-date: /home/robot/app/robot_ws/install/micro_ros_demos_rclc/lib/micro_ros_demos_rclc/parameter_server/parameter_server
[12.960s] -- Up-to-date: /home/robot/app/robot_ws/install/micro_ros_demos_rclc/lib/micro_ros_demos_rclc/int32_subscriber
[12.960s] -- Up-to-date: /home/robot/app/robot_ws/install/micro_ros_demos_rclc/lib/micro_ros_demos_rclc/int32_subscriber/int32_subscriber
[12.960s] -- Up-to-date: /home/robot/app/robot_ws/install/micro_ros_demos_rclc/lib/micro_ros_demos_rclc/static_type_handling
[12.960s] -- Up-to-date: /home/robot/app/robot_ws/install/micro_ros_demos_rclc/lib/micro_ros_demos_rclc/static_type_handling/static_type_handling
[12.960s] -- Up-to-date: /home/robot/app/robot_ws/install/micro_ros_demos_rclc/lib/micro_ros_demos_rclc/configured_publisher
[12.961s] -- Up-to-date: /home/robot/app/robot_ws/install/micro_ros_demos_rclc/lib/micro_ros_demos_rclc/configured_publisher/configured_publisher
[12.961s] -- Up-to-date: /home/robot/app/robot_ws/install/micro_ros_demos_rclc/lib/micro_ros_demos_rclc/fibonacci_action_server
[12.962s] -- Up-to-date: /home/robot/app/robot_ws/install/micro_ros_demos_rclc/lib/micro_ros_demos_rclc/fibonacci_action_server/fibonacci_action_server
[12.963s] -- Up-to-date: /home/robot/app/robot_ws/install/micro_ros_demos_rclc/lib/micro_ros_demos_rclc/complex_msg_subscriber
[12.963s] -- Up-to-date: /home/robot/app/robot_ws/install/micro_ros_demos_rclc/lib/micro_ros_demos_rclc/complex_msg_subscriber/complex_msg_subscriber
[12.963s] -- Up-to-date: /home/robot/app/robot_ws/install/micro_ros_demos_rclc/lib/micro_ros_demos_rclc/addtwoints_client
[12.963s] -- Up-to-date: /home/robot/app/robot_ws/install/micro_ros_demos_rclc/lib/micro_ros_demos_rclc/addtwoints_client/addtwoints_client
[12.963s] -- Up-to-date: /home/robot/app/robot_ws/install/micro_ros_demos_rclc/lib/micro_ros_demos_rclc/configured_subscriber
[12.963s] -- Up-to-date: /home/robot/app/robot_ws/install/micro_ros_demos_rclc/lib/micro_ros_demos_rclc/configured_subscriber/configured_subscriber
[12.963s] -- Up-to-date: /home/robot/app/robot_ws/install/micro_ros_demos_rclc/lib/micro_ros_demos_rclc/int32_publisher_subscriber
[12.964s] -- Up-to-date: /home/robot/app/robot_ws/install/micro_ros_demos_rclc/lib/micro_ros_demos_rclc/int32_publisher_subscriber/int32_publisher_subscriber
[12.964s] -- Up-to-date: /home/robot/app/robot_ws/install/micro_ros_demos_rclc/lib/micro_ros_demos_rclc/publisher_count
[12.964s] -- Up-to-date: /home/robot/app/robot_ws/install/micro_ros_demos_rclc/lib/micro_ros_demos_rclc/publisher_count/publisher_count
[12.965s] -- Up-to-date: /home/robot/app/robot_ws/install/micro_ros_demos_rclc/lib/micro_ros_demos_rclc/addtwoints_server
[12.965s] -- Up-to-date: /home/robot/app/robot_ws/install/micro_ros_demos_rclc/lib/micro_ros_demos_rclc/addtwoints_server/addtwoints_server
[12.965s] -- Up-to-date: /home/robot/app/robot_ws/install/micro_ros_demos_rclc/lib/micro_ros_demos_rclc/fragmented_publication
[12.965s] -- Up-to-date: /home/robot/app/robot_ws/install/micro_ros_demos_rclc/lib/micro_ros_demos_rclc/fragmented_publication/fragmented_publication
[12.965s] -- Up-to-date: /home/robot/app/robot_ws/install/micro_ros_demos_rclc/lib/micro_ros_demos_rclc/multithread_publisher_subscriber
[12.965s] -- Up-to-date: /home/robot/app/robot_ws/install/micro_ros_demos_rclc/lib/micro_ros_demos_rclc/multithread_publisher_subscriber/multithread_publisher_subscriber
[12.966s] -- Up-to-date: /home/robot/app/robot_ws/install/micro_ros_demos_rclc/lib/micro_ros_demos_rclc/string_subscriber
[12.966s] -- Up-to-date: /home/robot/app/robot_ws/install/micro_ros_demos_rclc/lib/micro_ros_demos_rclc/string_subscriber/string_subscriber
[12.966s] -- Up-to-date: /home/robot/app/robot_ws/install/micro_ros_demos_rclc/lib/micro_ros_demos_rclc/graph_visualizer
[12.966s] -- Up-to-date: /home/robot/app/robot_ws/install/micro_ros_demos_rclc/lib/micro_ros_demos_rclc/graph_visualizer/graph_visualizer
[12.978s] -- Up-to-date: /home/robot/app/robot_ws/install/micro_ros_demos_rclc/lib/micro_ros_demos_rclc/timer
[12.978s] -- Up-to-date: /home/robot/app/robot_ws/install/micro_ros_demos_rclc/lib/micro_ros_demos_rclc/timer/timer
[12.978s] -- Up-to-date: /home/robot/app/robot_ws/install/micro_ros_demos_rclc/lib/micro_ros_demos_rclc/epoch_synchronization
[12.983s] -- Up-to-date: /home/robot/app/robot_ws/install/micro_ros_demos_rclc/lib/micro_ros_demos_rclc/epoch_synchronization/epoch_synchronization
[12.984s] -- Up-to-date: /home/robot/app/robot_ws/install/micro_ros_demos_rclc/lib/micro_ros_demos_rclc/autodiscover_agent
[12.984s] -- Up-to-date: /home/robot/app/robot_ws/install/micro_ros_demos_rclc/lib/micro_ros_demos_rclc/autodiscover_agent/autodiscover_agent
[12.984s] -- Up-to-date: /home/robot/app/robot_ws/install/micro_ros_demos_rclc/lib/micro_ros_demos_rclc/int32_multinode
[12.984s] -- Up-to-date: /home/robot/app/robot_ws/install/micro_ros_demos_rclc/lib/micro_ros_demos_rclc/int32_multinode/int32_multinode
[12.984s] -- Up-to-date: /home/robot/app/robot_ws/install/micro_ros_demos_rclc/share/ament_index/resource_index/package_run_dependencies/micro_ros_demos_rclc
[12.984s] -- Installing: /home/robot/app/robot_ws/install/micro_ros_demos_rclc/share/ament_index/resource_index/parent_prefix_path/micro_ros_demos_rclc
[12.984s] -- Up-to-date: /home/robot/app/robot_ws/install/micro_ros_demos_rclc/share/micro_ros_demos_rclc/environment/ament_prefix_path.sh
[12.984s] -- Installing: /home/robot/app/robot_ws/install/micro_ros_demos_rclc/share/micro_ros_demos_rclc/environment/ament_prefix_path.dsv
[12.985s] -- Up-to-date: /home/robot/app/robot_ws/install/micro_ros_demos_rclc/share/micro_ros_demos_rclc/environment/path.sh
[12.985s] -- Installing: /home/robot/app/robot_ws/install/micro_ros_demos_rclc/share/micro_ros_demos_rclc/environment/path.dsv
[12.985s] -- Up-to-date: /home/robot/app/robot_ws/install/micro_ros_demos_rclc/share/micro_ros_demos_rclc/local_setup.bash
[12.985s] -- Up-to-date: /home/robot/app/robot_ws/install/micro_ros_demos_rclc/share/micro_ros_demos_rclc/local_setup.sh
[12.985s] -- Up-to-date: /home/robot/app/robot_ws/install/micro_ros_demos_rclc/share/micro_ros_demos_rclc/local_setup.zsh
[12.985s] -- Installing: /home/robot/app/robot_ws/install/micro_ros_demos_rclc/share/micro_ros_demos_rclc/local_setup.dsv
[12.985s] -- Installing: /home/robot/app/robot_ws/install/micro_ros_demos_rclc/share/micro_ros_demos_rclc/package.dsv
[12.985s] -- Up-to-date: /home/robot/app/robot_ws/install/micro_ros_demos_rclc/share/ament_index/resource_index/packages/micro_ros_demos_rclc
[12.986s] -- Up-to-date: /home/robot/app/robot_ws/install/micro_ros_demos_rclc/share/micro_ros_demos_rclc/cmake/micro_ros_demos_rclcConfig.cmake
[12.986s] -- Up-to-date: /home/robot/app/robot_ws/install/micro_ros_demos_rclc/share/micro_ros_demos_rclc/cmake/micro_ros_demos_rclcConfig-version.cmake
[12.986s] -- Up-to-date: /home/robot/app/robot_ws/install/micro_ros_demos_rclc/share/micro_ros_demos_rclc/package.xml
[12.986s] Invoked command in '/home/robot/app/robot_ws/build/micro_ros_demos_rclc' returned '0': CMAKE_PREFIX_PATH=/home/robot/app/robot_ws/install/visualization_msgs:/home/robot/app/robot_ws/install/rclc_parameter:/home/robot/app/robot_ws/install/sensor_msgs:/home/robot/app/robot_ws/install/rmw_microxrcedds:/home/robot/app/robot_ws/install/rclc:/home/robot/app/robot_ws/install/test_msgs:/home/robot/app/robot_ws/install/rosidl_typesupport_microxrcedds_cpp:/home/robot/app/robot_ws/install/geometry_msgs:/home/robot/app/robot_ws/install/example_interfaces:/home/robot/app/robot_ws/install/std_msgs:/home/robot/app/robot_ws/install/rosidl_typesupport_microxrcedds_c:/home/robot/app/robot_ws/install/rcl_interfaces:/home/robot/app/robot_ws/install/microxrcedds_client:/home/robot/app/robot_ws/install/complex_msgs:/home/robot/app/robot_ws/install/action_msgs:/home/robot/app/robot_ws/install/unique_identifier_msgs:/home/robot/app/robot_ws/install/microcdr:/home/robot/app/robot_ws/install/micro_ros_utilities:/home/robot/app/robot_ws/install/micro_ros_msgs:/home/robot/app/robot_ws/install/builtin_interfaces:/home/robot/app/robot_ws/install/micro_ros_agent:/home/robot/app/robot_ws/install/micro_ros_demos_rclc:/home/robot/app/robot_ws/install/common_interfaces:/home/robot/app/robot_ws/install/trajectory_msgs:/home/robot/app/robot_ws/install/stereo_msgs:/home/robot/app/robot_ws/install/std_srvs:/home/robot/app/robot_ws/install/shape_msgs:/home/robot/app/robot_ws/install/nav_msgs:/home/robot/app/robot_ws/install/diagnostic_msgs:/home/robot/app/robot_ws/install/actionlib_msgs:/home/robot/app/robot_ws/install/statistics_msgs:/home/robot/app/robot_ws/install/rosidl_typesupport_microxrcedds_test_msg:/home/robot/app/robot_ws/install/rosidl_typesupport_microxrcedds_cpp_tests:/home/robot/app/robot_ws/install/rosidl_typesupport_microxrcedds_c_tests:/home/robot/app/robot_ws/install/rosgraph_msgs:/home/robot/app/robot_ws/install/composition_interfaces:/home/robot/app/robot_ws/install/lifecycle_msgs:/home/robot/app/robot_ws/install/micro_ros_setup:/home/robot/app/robot_ws/install/sensor_msgs_py:/opt/ros/humble LD_LIBRARY_PATH=/home/robot/app/robot_ws/install/visualization_msgs/lib:/home/robot/app/robot_ws/install/rclc_parameter/lib:/home/robot/app/robot_ws/install/sensor_msgs/lib:/home/robot/app/robot_ws/install/rmw_microxrcedds/lib:/home/robot/app/robot_ws/install/rclc/lib:/home/robot/app/robot_ws/install/test_msgs/lib:/home/robot/app/robot_ws/install/rosidl_typesupport_microxrcedds_cpp/lib:/home/robot/app/robot_ws/install/geometry_msgs/lib:/home/robot/app/robot_ws/install/example_interfaces/lib:/home/robot/app/robot_ws/install/std_msgs/lib:/home/robot/app/robot_ws/install/rosidl_typesupport_microxrcedds_c/lib:/home/robot/app/robot_ws/install/rcl_interfaces/lib:/home/robot/app/robot_ws/install/microxrcedds_client/lib:/home/robot/app/robot_ws/install/complex_msgs/lib:/home/robot/app/robot_ws/install/action_msgs/lib:/home/robot/app/robot_ws/install/unique_identifier_msgs/lib:/home/robot/app/robot_ws/install/microcdr/lib:/home/robot/app/robot_ws/install/micro_ros_utilities/lib:/home/robot/app/robot_ws/install/micro_ros_msgs/lib:/home/robot/app/robot_ws/install/builtin_interfaces/lib:/home/robot/app/robot_ws/install/micro_ros_agent/lib:/home/robot/app/robot_ws/install/trajectory_msgs/lib:/home/robot/app/robot_ws/install/stereo_msgs/lib:/home/robot/app/robot_ws/install/std_srvs/lib:/home/robot/app/robot_ws/install/shape_msgs/lib:/home/robot/app/robot_ws/install/nav_msgs/lib:/home/robot/app/robot_ws/install/diagnostic_msgs/lib:/home/robot/app/robot_ws/install/actionlib_msgs/lib:/home/robot/app/robot_ws/install/statistics_msgs/lib:/home/robot/app/robot_ws/install/rosgraph_msgs/lib:/home/robot/app/robot_ws/install/composition_interfaces/lib:/home/robot/app/robot_ws/install/lifecycle_msgs/lib:/opt/ros/humble/opt/rviz_ogre_vendor/lib:/opt/ros/humble/lib/x86_64-linux-gnu:/opt/ros/humble/lib /usr/bin/cmake --install /home/robot/app/robot_ws/build/micro_ros_demos_rclc
