[0.048s] Invoking command in '/home/robot/app/robot_ws/build/lifecycle_msgs': CMAKE_PREFIX_PATH=${CMAKE_PREFIX_PATH}:/opt/ros/humble /usr/bin/cmake /home/robot/app/robot_ws/src/ros2/rcl_interfaces/lifecycle_msgs -DBUILD_TESTING=OFF -DBUILD_SHARED_LIBS=ON -DCMAKE_INSTALL_PREFIX=/home/robot/app/robot_ws/install/lifecycle_msgs
[0.217s] -- The C compiler identification is GNU 11.4.0
[0.374s] -- The CXX compiler identification is GNU 11.4.0
[0.390s] -- Detecting C compiler ABI info
[0.584s] -- Detecting C compiler ABI info - done
[0.600s] -- Check for working C compiler: /usr/bin/cc - skipped
[0.601s] -- Detecting C compile features
[0.603s] -- Detecting C compile features - done
[0.612s] -- Detecting CXX compiler ABI info
[0.849s] -- Detecting CXX compiler ABI info - done
[0.877s] -- Check for working CXX compiler: /usr/bin/c++ - skipped
[0.877s] -- Detecting CXX compile features
[0.879s] -- Detecting CXX compile features - done
[0.888s] -- Found ament_cmake: 1.3.10 (/opt/ros/humble/share/ament_cmake/cmake)
[1.282s] -- Found Python3: /usr/bin/python3 (found version "3.10.12") found components: Interpreter 
[1.549s] -- Found rosidl_default_generators: 1.2.0 (/opt/ros/humble/share/rosidl_default_generators/cmake)
[1.559s] -- Using all available rosidl_typesupport_c: rosidl_typesupport_microxrcedds_c;rosidl_typesupport_fastrtps_c;rosidl_typesupport_introspection_c
[1.578s] -- Found rosidl_adapter: 3.1.5 (/opt/ros/humble/share/rosidl_adapter/cmake)
[1.725s] -- Using all available rosidl_typesupport_cpp: rosidl_typesupport_microxrcedds_cpp;rosidl_typesupport_fastrtps_cpp;rosidl_typesupport_introspection_cpp
[2.773s] -- Found ament_cmake_ros: 0.10.0 (/opt/ros/humble/share/ament_cmake_ros/cmake)
[3.627s] -- Using all available rosidl_typesupport_c: rosidl_typesupport_microxrcedds_c;rosidl_typesupport_fastrtps_c;rosidl_typesupport_introspection_c
[4.836s] -- Using all available rosidl_typesupport_cpp: rosidl_typesupport_microxrcedds_cpp;rosidl_typesupport_fastrtps_cpp;rosidl_typesupport_introspection_cpp
[5.005s] -- Found PythonInterp: /usr/bin/python3 (found suitable version "3.10.12", minimum required is "3.6") 
[5.020s] -- Found python_cmake_module: 0.10.0 (/opt/ros/humble/share/python_cmake_module/cmake)
[5.238s] -- Found PythonLibs: /usr/lib/x86_64-linux-gnu/libpython3.10.so (found suitable version "3.10.12", minimum required is "3.5") 
[5.240s] -- Using PYTHON_EXECUTABLE: /usr/bin/python3
[5.240s] -- Using PYTHON_INCLUDE_DIRS: /usr/include/python3.10
[5.241s] -- Using PYTHON_LIBRARIES: /usr/lib/x86_64-linux-gnu/libpython3.10.so
[5.364s] -- Found PythonExtra: .so  
[5.619s] -- Configuring done
[5.795s] -- Generating done
[5.805s] -- Build files have been written to: /home/robot/app/robot_ws/build/lifecycle_msgs
[5.837s] Invoked command in '/home/robot/app/robot_ws/build/lifecycle_msgs' returned '0': CMAKE_PREFIX_PATH=${CMAKE_PREFIX_PATH}:/opt/ros/humble /usr/bin/cmake /home/robot/app/robot_ws/src/ros2/rcl_interfaces/lifecycle_msgs -DBUILD_TESTING=OFF -DBUILD_SHARED_LIBS=ON -DCMAKE_INSTALL_PREFIX=/home/robot/app/robot_ws/install/lifecycle_msgs
[5.838s] Invoking command in '/home/robot/app/robot_ws/build/lifecycle_msgs': CMAKE_PREFIX_PATH=${CMAKE_PREFIX_PATH}:/opt/ros/humble /usr/bin/cmake --build /home/robot/app/robot_ws/build/lifecycle_msgs -- -j8 -l8
[6.234s] [  1%] [34m[1mGenerating C code for ROS interfaces[0m
[6.312s] [  1%] [34m[1mGenerating C++ code for ROS interfaces[0m
[6.332s] [  1%] Built target ament_cmake_python_copy_lifecycle_msgs
[7.468s] running egg_info
[7.475s] creating lifecycle_msgs.egg-info
[7.476s] writing lifecycle_msgs.egg-info/PKG-INFO
[7.476s] writing dependency_links to lifecycle_msgs.egg-info/dependency_links.txt
[7.479s] writing top-level names to lifecycle_msgs.egg-info/top_level.txt
[7.480s] writing manifest file 'lifecycle_msgs.egg-info/SOURCES.txt'
[7.489s] reading manifest file 'lifecycle_msgs.egg-info/SOURCES.txt'
[7.490s] writing manifest file 'lifecycle_msgs.egg-info/SOURCES.txt'
[7.564s] [  1%] Built target ament_cmake_python_build_lifecycle_msgs_egg
[20.810s] [  2%] [32mBuilding C object CMakeFiles/lifecycle_msgs__rosidl_generator_c.dir/rosidl_generator_c/lifecycle_msgs/msg/detail/state__functions.c.o[0m
[21.230s] [  3%] [32mBuilding C object CMakeFiles/lifecycle_msgs__rosidl_generator_c.dir/rosidl_generator_c/lifecycle_msgs/srv/detail/get_available_transitions__functions.c.o[0m
[21.648s] [  4%] [32mBuilding C object CMakeFiles/lifecycle_msgs__rosidl_generator_c.dir/rosidl_generator_c/lifecycle_msgs/srv/detail/get_state__functions.c.o[0m
[22.143s] [  5%] [32mBuilding C object CMakeFiles/lifecycle_msgs__rosidl_generator_c.dir/rosidl_generator_c/lifecycle_msgs/srv/detail/get_available_states__functions.c.o[0m
[22.612s] [  6%] [32mBuilding C object CMakeFiles/lifecycle_msgs__rosidl_generator_c.dir/rosidl_generator_c/lifecycle_msgs/srv/detail/change_state__functions.c.o[0m
[22.917s] [  7%] [32mBuilding C object CMakeFiles/lifecycle_msgs__rosidl_generator_c.dir/rosidl_generator_c/lifecycle_msgs/msg/detail/transition_event__functions.c.o[0m
[23.231s] [  8%] [32mBuilding C object CMakeFiles/lifecycle_msgs__rosidl_generator_c.dir/rosidl_generator_c/lifecycle_msgs/msg/detail/transition_description__functions.c.o[0m
[23.633s] [  9%] [32mBuilding C object CMakeFiles/lifecycle_msgs__rosidl_generator_c.dir/rosidl_generator_c/lifecycle_msgs/msg/detail/transition__functions.c.o[0m
[23.748s] [  9%] Built target lifecycle_msgs__cpp
[23.871s] [ 10%] [32m[1mLinking C shared library liblifecycle_msgs__rosidl_generator_c.so[0m
[23.975s] [ 10%] Built target lifecycle_msgs__rosidl_generator_c
[24.028s] [ 11%] [34m[1mGenerating C++ introspection for ROS interfaces[0m
[28.351s] [ 12%] [32mBuilding CXX object CMakeFiles/lifecycle_msgs__rosidl_typesupport_introspection_cpp.dir/rosidl_typesupport_introspection_cpp/lifecycle_msgs/msg/detail/state__type_support.cpp.o[0m
[29.289s] [ 13%] [32mBuilding CXX object CMakeFiles/lifecycle_msgs__rosidl_typesupport_introspection_cpp.dir/rosidl_typesupport_introspection_cpp/lifecycle_msgs/msg/detail/transition__type_support.cpp.o[0m
[30.050s] [ 14%] [32mBuilding CXX object CMakeFiles/lifecycle_msgs__rosidl_typesupport_introspection_cpp.dir/rosidl_typesupport_introspection_cpp/lifecycle_msgs/msg/detail/transition_description__type_support.cpp.o[0m
[31.233s] [ 15%] [32mBuilding CXX object CMakeFiles/lifecycle_msgs__rosidl_typesupport_introspection_cpp.dir/rosidl_typesupport_introspection_cpp/lifecycle_msgs/msg/detail/transition_event__type_support.cpp.o[0m
[32.425s] [ 16%] [32mBuilding CXX object CMakeFiles/lifecycle_msgs__rosidl_typesupport_introspection_cpp.dir/rosidl_typesupport_introspection_cpp/lifecycle_msgs/srv/detail/change_state__type_support.cpp.o[0m
[33.599s] [ 17%] [32mBuilding CXX object CMakeFiles/lifecycle_msgs__rosidl_typesupport_introspection_cpp.dir/rosidl_typesupport_introspection_cpp/lifecycle_msgs/srv/detail/get_available_states__type_support.cpp.o[0m
[34.858s] [ 17%] [32mBuilding CXX object CMakeFiles/lifecycle_msgs__rosidl_typesupport_introspection_cpp.dir/rosidl_typesupport_introspection_cpp/lifecycle_msgs/srv/detail/get_available_transitions__type_support.cpp.o[0m
[36.281s] [ 18%] [32mBuilding CXX object CMakeFiles/lifecycle_msgs__rosidl_typesupport_introspection_cpp.dir/rosidl_typesupport_introspection_cpp/lifecycle_msgs/srv/detail/get_state__type_support.cpp.o[0m
[37.530s] [ 19%] [32m[1mLinking CXX shared library liblifecycle_msgs__rosidl_typesupport_introspection_cpp.so[0m
[37.821s] [ 19%] Built target lifecycle_msgs__rosidl_typesupport_introspection_cpp
[37.859s] [ 20%] [34m[1mGenerating C type support dispatch for ROS interfaces[0m
[41.528s] [ 21%] [32mBuilding CXX object CMakeFiles/lifecycle_msgs__rosidl_typesupport_c.dir/rosidl_typesupport_c/lifecycle_msgs/msg/state__type_support.cpp.o[0m
[41.606s] [ 22%] [32mBuilding CXX object CMakeFiles/lifecycle_msgs__rosidl_typesupport_c.dir/rosidl_typesupport_c/lifecycle_msgs/msg/transition__type_support.cpp.o[0m
[41.693s] [ 22%] [32mBuilding CXX object CMakeFiles/lifecycle_msgs__rosidl_typesupport_c.dir/rosidl_typesupport_c/lifecycle_msgs/msg/transition_description__type_support.cpp.o[0m
[41.791s] [ 23%] [32mBuilding CXX object CMakeFiles/lifecycle_msgs__rosidl_typesupport_c.dir/rosidl_typesupport_c/lifecycle_msgs/msg/transition_event__type_support.cpp.o[0m
[41.883s] [ 24%] [32mBuilding CXX object CMakeFiles/lifecycle_msgs__rosidl_typesupport_c.dir/rosidl_typesupport_c/lifecycle_msgs/srv/change_state__type_support.cpp.o[0m
[41.974s] [ 25%] [32mBuilding CXX object CMakeFiles/lifecycle_msgs__rosidl_typesupport_c.dir/rosidl_typesupport_c/lifecycle_msgs/srv/get_available_states__type_support.cpp.o[0m
[42.062s] [ 26%] [32mBuilding CXX object CMakeFiles/lifecycle_msgs__rosidl_typesupport_c.dir/rosidl_typesupport_c/lifecycle_msgs/srv/get_available_transitions__type_support.cpp.o[0m
[42.153s] [ 27%] [32mBuilding CXX object CMakeFiles/lifecycle_msgs__rosidl_typesupport_c.dir/rosidl_typesupport_c/lifecycle_msgs/srv/get_state__type_support.cpp.o[0m
[42.238s] [ 28%] [32m[1mLinking CXX shared library liblifecycle_msgs__rosidl_typesupport_c.so[0m
[42.378s] [ 28%] Built target lifecycle_msgs__rosidl_typesupport_c
[42.409s] [ 29%] [34m[1mGenerating C introspection for ROS interfaces[0m
[46.655s] [ 30%] [32mBuilding C object CMakeFiles/lifecycle_msgs__rosidl_typesupport_introspection_c.dir/rosidl_typesupport_introspection_c/lifecycle_msgs/msg/detail/state__type_support.c.o[0m
[46.769s] [ 31%] [32mBuilding C object CMakeFiles/lifecycle_msgs__rosidl_typesupport_introspection_c.dir/rosidl_typesupport_introspection_c/lifecycle_msgs/msg/detail/transition_description__type_support.c.o[0m
[46.882s] [ 32%] [32mBuilding C object CMakeFiles/lifecycle_msgs__rosidl_typesupport_introspection_c.dir/rosidl_typesupport_introspection_c/lifecycle_msgs/msg/detail/transition_event__type_support.c.o[0m
[46.973s] [ 33%] [32mBuilding C object CMakeFiles/lifecycle_msgs__rosidl_typesupport_introspection_c.dir/rosidl_typesupport_introspection_c/lifecycle_msgs/srv/detail/change_state__type_support.c.o[0m
[47.067s] [ 34%] [32mBuilding C object CMakeFiles/lifecycle_msgs__rosidl_typesupport_introspection_c.dir/rosidl_typesupport_introspection_c/lifecycle_msgs/srv/detail/get_available_states__type_support.c.o[0m
[47.186s] [ 34%] [32mBuilding C object CMakeFiles/lifecycle_msgs__rosidl_typesupport_introspection_c.dir/rosidl_typesupport_introspection_c/lifecycle_msgs/srv/detail/get_available_transitions__type_support.c.o[0m
[47.299s] [ 35%] [32mBuilding C object CMakeFiles/lifecycle_msgs__rosidl_typesupport_introspection_c.dir/rosidl_typesupport_introspection_c/lifecycle_msgs/srv/detail/get_state__type_support.c.o[0m
[47.411s] [ 36%] [32mBuilding C object CMakeFiles/lifecycle_msgs__rosidl_typesupport_introspection_c.dir/rosidl_typesupport_introspection_c/lifecycle_msgs/msg/detail/transition__type_support.c.o[0m
[47.508s] [ 37%] [32m[1mLinking C shared library liblifecycle_msgs__rosidl_typesupport_introspection_c.so[0m
[47.606s] [ 37%] Built target lifecycle_msgs__rosidl_typesupport_introspection_c
[47.633s] [ 38%] [34m[1mGenerating C type support for eProsima Fast-RTPS[0m
[51.420s] [ 39%] [32mBuilding CXX object CMakeFiles/lifecycle_msgs__rosidl_typesupport_fastrtps_c.dir/rosidl_typesupport_fastrtps_c/lifecycle_msgs/msg/detail/state__type_support_c.cpp.o[0m
[52.397s] [ 40%] [32mBuilding CXX object CMakeFiles/lifecycle_msgs__rosidl_typesupport_fastrtps_c.dir/rosidl_typesupport_fastrtps_c/lifecycle_msgs/msg/detail/transition_event__type_support_c.cpp.o[0m
[53.409s] [ 40%] [32mBuilding CXX object CMakeFiles/lifecycle_msgs__rosidl_typesupport_fastrtps_c.dir/rosidl_typesupport_fastrtps_c/lifecycle_msgs/srv/detail/change_state__type_support_c.cpp.o[0m
[54.343s] [ 41%] [32mBuilding CXX object CMakeFiles/lifecycle_msgs__rosidl_typesupport_fastrtps_c.dir/rosidl_typesupport_fastrtps_c/lifecycle_msgs/srv/detail/get_available_states__type_support_c.cpp.o[0m
[55.298s] [ 42%] [32mBuilding CXX object CMakeFiles/lifecycle_msgs__rosidl_typesupport_fastrtps_c.dir/rosidl_typesupport_fastrtps_c/lifecycle_msgs/srv/detail/get_available_transitions__type_support_c.cpp.o[0m
[56.277s] [ 43%] [32mBuilding CXX object CMakeFiles/lifecycle_msgs__rosidl_typesupport_fastrtps_c.dir/rosidl_typesupport_fastrtps_c/lifecycle_msgs/srv/detail/get_state__type_support_c.cpp.o[0m
[57.519s] [ 44%] [32mBuilding CXX object CMakeFiles/lifecycle_msgs__rosidl_typesupport_fastrtps_c.dir/rosidl_typesupport_fastrtps_c/lifecycle_msgs/msg/detail/transition_description__type_support_c.cpp.o[0m
[58.775s] [ 45%] [32mBuilding CXX object CMakeFiles/lifecycle_msgs__rosidl_typesupport_fastrtps_c.dir/rosidl_typesupport_fastrtps_c/lifecycle_msgs/msg/detail/transition__type_support_c.cpp.o[0m
[59.969s] [ 46%] [32m[1mLinking CXX shared library liblifecycle_msgs__rosidl_typesupport_fastrtps_c.so[0m
[60.191s] [ 46%] Built target lifecycle_msgs__rosidl_typesupport_fastrtps_c
[60.223s] [ 47%] [34m[1mGenerating C type support for eProsima Micro XRCE-DDS[0m
[64.846s] [ 48%] [32mBuilding C object CMakeFiles/lifecycle_msgs__rosidl_typesupport_microxrcedds_c.dir/rosidl_typesupport_microxrcedds_c/lifecycle_msgs/msg/detail/microxrcedds/state__type_support_c.c.o[0m
[64.967s] [ 49%] [32mBuilding C object CMakeFiles/lifecycle_msgs__rosidl_typesupport_microxrcedds_c.dir/rosidl_typesupport_microxrcedds_c/lifecycle_msgs/srv/detail/microxrcedds/change_state__type_support_c.c.o[0m
[65.099s] [ 50%] [32mBuilding C object CMakeFiles/lifecycle_msgs__rosidl_typesupport_microxrcedds_c.dir/rosidl_typesupport_microxrcedds_c/lifecycle_msgs/srv/detail/microxrcedds/get_available_states__type_support_c.c.o[0m
[65.230s] [ 51%] [32mBuilding C object CMakeFiles/lifecycle_msgs__rosidl_typesupport_microxrcedds_c.dir/rosidl_typesupport_microxrcedds_c/lifecycle_msgs/srv/detail/microxrcedds/get_available_transitions__type_support_c.c.o[0m
[65.357s] [ 52%] [32mBuilding C object CMakeFiles/lifecycle_msgs__rosidl_typesupport_microxrcedds_c.dir/rosidl_typesupport_microxrcedds_c/lifecycle_msgs/srv/detail/microxrcedds/get_state__type_support_c.c.o[0m
[65.488s] [ 53%] [32mBuilding C object CMakeFiles/lifecycle_msgs__rosidl_typesupport_microxrcedds_c.dir/rosidl_typesupport_microxrcedds_c/lifecycle_msgs/msg/detail/microxrcedds/transition_event__type_support_c.c.o[0m
[65.629s] [ 54%] [32mBuilding C object CMakeFiles/lifecycle_msgs__rosidl_typesupport_microxrcedds_c.dir/rosidl_typesupport_microxrcedds_c/lifecycle_msgs/msg/detail/microxrcedds/transition_description__type_support_c.c.o[0m
[65.753s] [ 55%] [32mBuilding C object CMakeFiles/lifecycle_msgs__rosidl_typesupport_microxrcedds_c.dir/rosidl_typesupport_microxrcedds_c/lifecycle_msgs/msg/detail/microxrcedds/transition__type_support_c.c.o[0m
[65.878s] [ 55%] [32m[1mLinking C shared library liblifecycle_msgs__rosidl_typesupport_microxrcedds_c.so[0m
[65.995s] [ 55%] Built target lifecycle_msgs__rosidl_typesupport_microxrcedds_c
[66.024s] [ 56%] [34m[1mGenerating C++ type support for eProsima Fast-RTPS[0m
[70.927s] [ 57%] [32mBuilding CXX object CMakeFiles/lifecycle_msgs__rosidl_typesupport_fastrtps_cpp.dir/rosidl_typesupport_fastrtps_cpp/lifecycle_msgs/msg/detail/dds_fastrtps/state__type_support.cpp.o[0m
[72.302s] [ 58%] [32mBuilding CXX object CMakeFiles/lifecycle_msgs__rosidl_typesupport_fastrtps_cpp.dir/rosidl_typesupport_fastrtps_cpp/lifecycle_msgs/srv/detail/dds_fastrtps/get_available_states__type_support.cpp.o[0m
[73.714s] [ 59%] [32mBuilding CXX object CMakeFiles/lifecycle_msgs__rosidl_typesupport_fastrtps_cpp.dir/rosidl_typesupport_fastrtps_cpp/lifecycle_msgs/srv/detail/dds_fastrtps/get_available_transitions__type_support.cpp.o[0m
[74.752s] [ 60%] [32mBuilding CXX object CMakeFiles/lifecycle_msgs__rosidl_typesupport_fastrtps_cpp.dir/rosidl_typesupport_fastrtps_cpp/lifecycle_msgs/srv/detail/dds_fastrtps/get_state__type_support.cpp.o[0m
[75.968s] [ 60%] [32mBuilding CXX object CMakeFiles/lifecycle_msgs__rosidl_typesupport_fastrtps_cpp.dir/rosidl_typesupport_fastrtps_cpp/lifecycle_msgs/srv/detail/dds_fastrtps/change_state__type_support.cpp.o[0m
[77.048s] [ 61%] [32mBuilding CXX object CMakeFiles/lifecycle_msgs__rosidl_typesupport_fastrtps_cpp.dir/rosidl_typesupport_fastrtps_cpp/lifecycle_msgs/msg/detail/dds_fastrtps/transition_event__type_support.cpp.o[0m
[77.967s] [ 62%] [32mBuilding CXX object CMakeFiles/lifecycle_msgs__rosidl_typesupport_fastrtps_cpp.dir/rosidl_typesupport_fastrtps_cpp/lifecycle_msgs/msg/detail/dds_fastrtps/transition_description__type_support.cpp.o[0m
[79.108s] [ 63%] [32mBuilding CXX object CMakeFiles/lifecycle_msgs__rosidl_typesupport_fastrtps_cpp.dir/rosidl_typesupport_fastrtps_cpp/lifecycle_msgs/msg/detail/dds_fastrtps/transition__type_support.cpp.o[0m
[79.995s] [ 64%] [32m[1mLinking CXX shared library liblifecycle_msgs__rosidl_typesupport_fastrtps_cpp.so[0m
[80.158s] [ 64%] Built target lifecycle_msgs__rosidl_typesupport_fastrtps_cpp
[80.181s] [ 65%] [34m[1mGenerating C++ type support for eProsima Micro XRCE-DDS[0m
[83.107s] [ 66%] [32mBuilding CXX object CMakeFiles/lifecycle_msgs__rosidl_typesupport_microxrcedds_cpp.dir/rosidl_typesupport_microxrcedds_cpp/lifecycle_msgs/msg/detail/microxrcedds/state__type_support_cpp.cpp.o[0m
[83.700s] [ 67%] [32mBuilding CXX object CMakeFiles/lifecycle_msgs__rosidl_typesupport_microxrcedds_cpp.dir/rosidl_typesupport_microxrcedds_cpp/lifecycle_msgs/srv/detail/microxrcedds/get_available_transitions__type_support_cpp.cpp.o[0m
[84.682s] [ 68%] [32mBuilding CXX object CMakeFiles/lifecycle_msgs__rosidl_typesupport_microxrcedds_cpp.dir/rosidl_typesupport_microxrcedds_cpp/lifecycle_msgs/srv/detail/microxrcedds/get_state__type_support_cpp.cpp.o[0m
[85.313s] [ 69%] [32mBuilding CXX object CMakeFiles/lifecycle_msgs__rosidl_typesupport_microxrcedds_cpp.dir/rosidl_typesupport_microxrcedds_cpp/lifecycle_msgs/srv/detail/microxrcedds/get_available_states__type_support_cpp.cpp.o[0m
[85.964s] [ 70%] [32mBuilding CXX object CMakeFiles/lifecycle_msgs__rosidl_typesupport_microxrcedds_cpp.dir/rosidl_typesupport_microxrcedds_cpp/lifecycle_msgs/srv/detail/microxrcedds/change_state__type_support_cpp.cpp.o[0m
[86.550s] [ 71%] [32mBuilding CXX object CMakeFiles/lifecycle_msgs__rosidl_typesupport_microxrcedds_cpp.dir/rosidl_typesupport_microxrcedds_cpp/lifecycle_msgs/msg/detail/microxrcedds/transition_event__type_support_cpp.cpp.o[0m
[87.104s] [ 72%] [32mBuilding CXX object CMakeFiles/lifecycle_msgs__rosidl_typesupport_microxrcedds_cpp.dir/rosidl_typesupport_microxrcedds_cpp/lifecycle_msgs/msg/detail/microxrcedds/transition_description__type_support_cpp.cpp.o[0m
[87.701s] [ 73%] [32mBuilding CXX object CMakeFiles/lifecycle_msgs__rosidl_typesupport_microxrcedds_cpp.dir/rosidl_typesupport_microxrcedds_cpp/lifecycle_msgs/msg/detail/microxrcedds/transition__type_support_cpp.cpp.o[0m
[88.548s] [ 74%] [32m[1mLinking CXX shared library liblifecycle_msgs__rosidl_typesupport_microxrcedds_cpp.so[0m
[88.756s] [ 74%] Built target lifecycle_msgs__rosidl_typesupport_microxrcedds_cpp
[88.780s] [ 75%] [34m[1mGenerating C++ type support dispatch for ROS interfaces[0m
[91.643s] [ 76%] [32mBuilding CXX object CMakeFiles/lifecycle_msgs__rosidl_typesupport_cpp.dir/rosidl_typesupport_cpp/lifecycle_msgs/msg/state__type_support.cpp.o[0m
[92.424s] [ 77%] [32mBuilding CXX object CMakeFiles/lifecycle_msgs__rosidl_typesupport_cpp.dir/rosidl_typesupport_cpp/lifecycle_msgs/srv/get_state__type_support.cpp.o[0m
[93.160s] [ 78%] [32mBuilding CXX object CMakeFiles/lifecycle_msgs__rosidl_typesupport_cpp.dir/rosidl_typesupport_cpp/lifecycle_msgs/srv/get_available_transitions__type_support.cpp.o[0m
[93.909s] [ 79%] [32mBuilding CXX object CMakeFiles/lifecycle_msgs__rosidl_typesupport_cpp.dir/rosidl_typesupport_cpp/lifecycle_msgs/srv/get_available_states__type_support.cpp.o[0m
[94.602s] [ 80%] [32mBuilding CXX object CMakeFiles/lifecycle_msgs__rosidl_typesupport_cpp.dir/rosidl_typesupport_cpp/lifecycle_msgs/srv/change_state__type_support.cpp.o[0m
[95.353s] [ 81%] [32mBuilding CXX object CMakeFiles/lifecycle_msgs__rosidl_typesupport_cpp.dir/rosidl_typesupport_cpp/lifecycle_msgs/msg/transition_event__type_support.cpp.o[0m
[96.168s] [ 81%] [32mBuilding CXX object CMakeFiles/lifecycle_msgs__rosidl_typesupport_cpp.dir/rosidl_typesupport_cpp/lifecycle_msgs/msg/transition_description__type_support.cpp.o[0m
[96.900s] [ 82%] [32mBuilding CXX object CMakeFiles/lifecycle_msgs__rosidl_typesupport_cpp.dir/rosidl_typesupport_cpp/lifecycle_msgs/msg/transition__type_support.cpp.o[0m
[97.695s] [ 83%] [32m[1mLinking CXX shared library liblifecycle_msgs__rosidl_typesupport_cpp.so[0m
[97.799s] [ 83%] Built target lifecycle_msgs__rosidl_typesupport_cpp
[97.853s] [ 83%] Built target lifecycle_msgs
[97.908s] [ 84%] [34m[1mGenerating Python code for ROS interfaces[0m
[104.939s] [ 84%] Built target lifecycle_msgs__py
[104.984s] [ 84%] [32mBuilding C object CMakeFiles/lifecycle_msgs__rosidl_generator_py.dir/rosidl_generator_py/lifecycle_msgs/msg/_state_s.c.o[0m
[105.176s] [ 85%] [32mBuilding C object CMakeFiles/lifecycle_msgs__rosidl_generator_py.dir/rosidl_generator_py/lifecycle_msgs/srv/_get_state_s.c.o[0m
[105.361s] [ 86%] [32mBuilding C object CMakeFiles/lifecycle_msgs__rosidl_generator_py.dir/rosidl_generator_py/lifecycle_msgs/srv/_get_available_transitions_s.c.o[0m
[105.558s] [ 87%] [32mBuilding C object CMakeFiles/lifecycle_msgs__rosidl_generator_py.dir/rosidl_generator_py/lifecycle_msgs/srv/_get_available_states_s.c.o[0m
[105.833s] [ 88%] [32mBuilding C object CMakeFiles/lifecycle_msgs__rosidl_generator_py.dir/rosidl_generator_py/lifecycle_msgs/srv/_change_state_s.c.o[0m
[106.139s] [ 89%] [32mBuilding C object CMakeFiles/lifecycle_msgs__rosidl_generator_py.dir/rosidl_generator_py/lifecycle_msgs/msg/_transition_event_s.c.o[0m
[106.415s] [ 90%] [32mBuilding C object CMakeFiles/lifecycle_msgs__rosidl_generator_py.dir/rosidl_generator_py/lifecycle_msgs/msg/_transition_description_s.c.o[0m
[106.639s] [ 91%] [32mBuilding C object CMakeFiles/lifecycle_msgs__rosidl_generator_py.dir/rosidl_generator_py/lifecycle_msgs/msg/_transition_s.c.o[0m
[106.836s] [ 92%] [32m[1mLinking C shared library rosidl_generator_py/lifecycle_msgs/liblifecycle_msgs__rosidl_generator_py.so[0m
[106.908s] [ 92%] Built target lifecycle_msgs__rosidl_generator_py
[106.944s] [ 93%] [32mBuilding C object CMakeFiles/lifecycle_msgs__rosidl_typesupport_microxrcedds_c__pyext.dir/rosidl_generator_py/lifecycle_msgs/_lifecycle_msgs_s.ep.rosidl_typesupport_microxrcedds_c.c.o[0m
[107.207s] [ 94%] [32m[1mLinking C shared library rosidl_generator_py/lifecycle_msgs/lifecycle_msgs_s__rosidl_typesupport_microxrcedds_c.cpython-310-x86_64-linux-gnu.so[0m
[107.276s] [ 94%] Built target lifecycle_msgs__rosidl_typesupport_microxrcedds_c__pyext
[107.316s] [ 95%] [32mBuilding C object CMakeFiles/lifecycle_msgs__rosidl_typesupport_c__pyext.dir/rosidl_generator_py/lifecycle_msgs/_lifecycle_msgs_s.ep.rosidl_typesupport_c.c.o[0m
[107.633s] [ 96%] [32m[1mLinking C shared library rosidl_generator_py/lifecycle_msgs/lifecycle_msgs_s__rosidl_typesupport_c.cpython-310-x86_64-linux-gnu.so[0m
[107.711s] [ 96%] Built target lifecycle_msgs__rosidl_typesupport_c__pyext
[107.761s] [ 97%] [32mBuilding C object CMakeFiles/lifecycle_msgs__rosidl_typesupport_introspection_c__pyext.dir/rosidl_generator_py/lifecycle_msgs/_lifecycle_msgs_s.ep.rosidl_typesupport_introspection_c.c.o[0m
[108.144s] [ 98%] [32m[1mLinking C shared library rosidl_generator_py/lifecycle_msgs/lifecycle_msgs_s__rosidl_typesupport_introspection_c.cpython-310-x86_64-linux-gnu.so[0m
[108.209s] [ 98%] Built target lifecycle_msgs__rosidl_typesupport_introspection_c__pyext
[108.251s] [ 99%] [32mBuilding C object CMakeFiles/lifecycle_msgs__rosidl_typesupport_fastrtps_c__pyext.dir/rosidl_generator_py/lifecycle_msgs/_lifecycle_msgs_s.ep.rosidl_typesupport_fastrtps_c.c.o[0m
[108.645s] [100%] [32m[1mLinking C shared library rosidl_generator_py/lifecycle_msgs/lifecycle_msgs_s__rosidl_typesupport_fastrtps_c.cpython-310-x86_64-linux-gnu.so[0m
[108.733s] [100%] Built target lifecycle_msgs__rosidl_typesupport_fastrtps_c__pyext
[108.765s] Invoked command in '/home/robot/app/robot_ws/build/lifecycle_msgs' returned '0': CMAKE_PREFIX_PATH=${CMAKE_PREFIX_PATH}:/opt/ros/humble /usr/bin/cmake --build /home/robot/app/robot_ws/build/lifecycle_msgs -- -j8 -l8
[109.323s] Invoking command in '/home/robot/app/robot_ws/build/lifecycle_msgs': CMAKE_PREFIX_PATH=${CMAKE_PREFIX_PATH}:/opt/ros/humble /usr/bin/cmake --install /home/robot/app/robot_ws/build/lifecycle_msgs
[109.335s] -- Install configuration: ""
[109.336s] -- Installing: /home/robot/app/robot_ws/install/lifecycle_msgs/share/ament_index/resource_index/rosidl_interfaces/lifecycle_msgs
[109.337s] -- Installing: /home/robot/app/robot_ws/install/lifecycle_msgs/include/lifecycle_msgs/lifecycle_msgs
[109.337s] -- Installing: /home/robot/app/robot_ws/install/lifecycle_msgs/include/lifecycle_msgs/lifecycle_msgs/srv
[109.337s] -- Installing: /home/robot/app/robot_ws/install/lifecycle_msgs/include/lifecycle_msgs/lifecycle_msgs/srv/get_available_states.h
[109.338s] -- Installing: /home/robot/app/robot_ws/install/lifecycle_msgs/include/lifecycle_msgs/lifecycle_msgs/srv/get_state.h
[109.338s] -- Installing: /home/robot/app/robot_ws/install/lifecycle_msgs/include/lifecycle_msgs/lifecycle_msgs/srv/get_available_transitions.h
[109.338s] -- Installing: /home/robot/app/robot_ws/install/lifecycle_msgs/include/lifecycle_msgs/lifecycle_msgs/srv/detail
[109.339s] -- Installing: /home/robot/app/robot_ws/install/lifecycle_msgs/include/lifecycle_msgs/lifecycle_msgs/srv/detail/get_state__type_support.h
[109.339s] -- Installing: /home/robot/app/robot_ws/install/lifecycle_msgs/include/lifecycle_msgs/lifecycle_msgs/srv/detail/get_available_transitions__type_support.h
[109.339s] -- Installing: /home/robot/app/robot_ws/install/lifecycle_msgs/include/lifecycle_msgs/lifecycle_msgs/srv/detail/get_available_transitions__functions.c
[109.340s] -- Installing: /home/robot/app/robot_ws/install/lifecycle_msgs/include/lifecycle_msgs/lifecycle_msgs/srv/detail/get_available_states__functions.c
[109.340s] -- Installing: /home/robot/app/robot_ws/install/lifecycle_msgs/include/lifecycle_msgs/lifecycle_msgs/srv/detail/change_state__functions.h
[109.340s] -- Installing: /home/robot/app/robot_ws/install/lifecycle_msgs/include/lifecycle_msgs/lifecycle_msgs/srv/detail/change_state__functions.c
[109.341s] -- Installing: /home/robot/app/robot_ws/install/lifecycle_msgs/include/lifecycle_msgs/lifecycle_msgs/srv/detail/get_available_states__functions.h
[109.341s] -- Installing: /home/robot/app/robot_ws/install/lifecycle_msgs/include/lifecycle_msgs/lifecycle_msgs/srv/detail/get_state__struct.h
[109.341s] -- Installing: /home/robot/app/robot_ws/install/lifecycle_msgs/include/lifecycle_msgs/lifecycle_msgs/srv/detail/change_state__type_support.h
[109.342s] -- Installing: /home/robot/app/robot_ws/install/lifecycle_msgs/include/lifecycle_msgs/lifecycle_msgs/srv/detail/change_state__struct.h
[109.342s] -- Installing: /home/robot/app/robot_ws/install/lifecycle_msgs/include/lifecycle_msgs/lifecycle_msgs/srv/detail/get_available_states__struct.h
[109.342s] -- Installing: /home/robot/app/robot_ws/install/lifecycle_msgs/include/lifecycle_msgs/lifecycle_msgs/srv/detail/get_available_states__type_support.h
[109.343s] -- Installing: /home/robot/app/robot_ws/install/lifecycle_msgs/include/lifecycle_msgs/lifecycle_msgs/srv/detail/get_state__functions.h
[109.344s] -- Installing: /home/robot/app/robot_ws/install/lifecycle_msgs/include/lifecycle_msgs/lifecycle_msgs/srv/detail/get_available_transitions__functions.h
[109.347s] -- Installing: /home/robot/app/robot_ws/install/lifecycle_msgs/include/lifecycle_msgs/lifecycle_msgs/srv/detail/get_available_transitions__struct.h
[109.349s] -- Installing: /home/robot/app/robot_ws/install/lifecycle_msgs/include/lifecycle_msgs/lifecycle_msgs/srv/detail/get_state__functions.c
[109.349s] -- Installing: /home/robot/app/robot_ws/install/lifecycle_msgs/include/lifecycle_msgs/lifecycle_msgs/srv/change_state.h
[109.349s] -- Installing: /home/robot/app/robot_ws/install/lifecycle_msgs/include/lifecycle_msgs/lifecycle_msgs/msg
[109.350s] -- Installing: /home/robot/app/robot_ws/install/lifecycle_msgs/include/lifecycle_msgs/lifecycle_msgs/msg/transition_event.h
[109.350s] -- Installing: /home/robot/app/robot_ws/install/lifecycle_msgs/include/lifecycle_msgs/lifecycle_msgs/msg/transition.h
[109.350s] -- Installing: /home/robot/app/robot_ws/install/lifecycle_msgs/include/lifecycle_msgs/lifecycle_msgs/msg/state.h
[109.350s] -- Installing: /home/robot/app/robot_ws/install/lifecycle_msgs/include/lifecycle_msgs/lifecycle_msgs/msg/detail
[109.350s] -- Installing: /home/robot/app/robot_ws/install/lifecycle_msgs/include/lifecycle_msgs/lifecycle_msgs/msg/detail/transition_description__type_support.h
[109.351s] -- Installing: /home/robot/app/robot_ws/install/lifecycle_msgs/include/lifecycle_msgs/lifecycle_msgs/msg/detail/transition__functions.c
[109.351s] -- Installing: /home/robot/app/robot_ws/install/lifecycle_msgs/include/lifecycle_msgs/lifecycle_msgs/msg/detail/transition_event__type_support.h
[109.351s] -- Installing: /home/robot/app/robot_ws/install/lifecycle_msgs/include/lifecycle_msgs/lifecycle_msgs/msg/detail/state__struct.h
[109.351s] -- Installing: /home/robot/app/robot_ws/install/lifecycle_msgs/include/lifecycle_msgs/lifecycle_msgs/msg/detail/state__type_support.h
[109.351s] -- Installing: /home/robot/app/robot_ws/install/lifecycle_msgs/include/lifecycle_msgs/lifecycle_msgs/msg/detail/transition_description__functions.c
[109.352s] -- Installing: /home/robot/app/robot_ws/install/lifecycle_msgs/include/lifecycle_msgs/lifecycle_msgs/msg/detail/transition_event__functions.h
[109.352s] -- Installing: /home/robot/app/robot_ws/install/lifecycle_msgs/include/lifecycle_msgs/lifecycle_msgs/msg/detail/transition_description__struct.h
[109.352s] -- Installing: /home/robot/app/robot_ws/install/lifecycle_msgs/include/lifecycle_msgs/lifecycle_msgs/msg/detail/transition__type_support.h
[109.354s] -- Installing: /home/robot/app/robot_ws/install/lifecycle_msgs/include/lifecycle_msgs/lifecycle_msgs/msg/detail/transition__functions.h
[109.354s] -- Installing: /home/robot/app/robot_ws/install/lifecycle_msgs/include/lifecycle_msgs/lifecycle_msgs/msg/detail/transition__struct.h
[109.354s] -- Installing: /home/robot/app/robot_ws/install/lifecycle_msgs/include/lifecycle_msgs/lifecycle_msgs/msg/detail/transition_event__struct.h
[109.355s] -- Installing: /home/robot/app/robot_ws/install/lifecycle_msgs/include/lifecycle_msgs/lifecycle_msgs/msg/detail/state__functions.h
[109.355s] -- Installing: /home/robot/app/robot_ws/install/lifecycle_msgs/include/lifecycle_msgs/lifecycle_msgs/msg/detail/transition_event__functions.c
[109.355s] -- Installing: /home/robot/app/robot_ws/install/lifecycle_msgs/include/lifecycle_msgs/lifecycle_msgs/msg/detail/transition_description__functions.h
[109.355s] -- Installing: /home/robot/app/robot_ws/install/lifecycle_msgs/include/lifecycle_msgs/lifecycle_msgs/msg/detail/state__functions.c
[109.356s] -- Installing: /home/robot/app/robot_ws/install/lifecycle_msgs/include/lifecycle_msgs/lifecycle_msgs/msg/transition_description.h
[109.356s] -- Installing: /home/robot/app/robot_ws/install/lifecycle_msgs/include/lifecycle_msgs/lifecycle_msgs/msg/rosidl_generator_c__visibility_control.h
[109.356s] -- Installing: /home/robot/app/robot_ws/install/lifecycle_msgs/share/lifecycle_msgs/environment/library_path.sh
[109.356s] -- Installing: /home/robot/app/robot_ws/install/lifecycle_msgs/share/lifecycle_msgs/environment/library_path.dsv
[109.357s] -- Installing: /home/robot/app/robot_ws/install/lifecycle_msgs/lib/liblifecycle_msgs__rosidl_generator_c.so
[109.357s] -- Set runtime path of "/home/robot/app/robot_ws/install/lifecycle_msgs/lib/liblifecycle_msgs__rosidl_generator_c.so" to ""
[109.357s] -- Up-to-date: /home/robot/app/robot_ws/install/lifecycle_msgs/include/lifecycle_msgs
[109.357s] -- Installing: /home/robot/app/robot_ws/install/lifecycle_msgs/include/lifecycle_msgs/srv
[109.358s] -- Installing: /home/robot/app/robot_ws/install/lifecycle_msgs/include/lifecycle_msgs/srv/detail
[109.358s] -- Installing: /home/robot/app/robot_ws/install/lifecycle_msgs/include/lifecycle_msgs/srv/detail/get_available_states__rosidl_typesupport_microxrcedds_c.h
[109.358s] -- Installing: /home/robot/app/robot_ws/install/lifecycle_msgs/include/lifecycle_msgs/srv/detail/microxrcedds
[109.358s] -- Installing: /home/robot/app/robot_ws/install/lifecycle_msgs/include/lifecycle_msgs/srv/detail/get_state__rosidl_typesupport_microxrcedds_c.h
[109.359s] -- Installing: /home/robot/app/robot_ws/install/lifecycle_msgs/include/lifecycle_msgs/srv/detail/change_state__rosidl_typesupport_microxrcedds_c.h
[109.360s] -- Installing: /home/robot/app/robot_ws/install/lifecycle_msgs/include/lifecycle_msgs/srv/detail/get_available_transitions__rosidl_typesupport_microxrcedds_c.h
[109.360s] -- Installing: /home/robot/app/robot_ws/install/lifecycle_msgs/include/lifecycle_msgs/msg
[109.360s] -- Installing: /home/robot/app/robot_ws/install/lifecycle_msgs/include/lifecycle_msgs/msg/detail
[109.361s] -- Installing: /home/robot/app/robot_ws/install/lifecycle_msgs/include/lifecycle_msgs/msg/detail/transition__rosidl_typesupport_microxrcedds_c.h
[109.361s] -- Installing: /home/robot/app/robot_ws/install/lifecycle_msgs/include/lifecycle_msgs/msg/detail/microxrcedds
[109.361s] -- Installing: /home/robot/app/robot_ws/install/lifecycle_msgs/include/lifecycle_msgs/msg/detail/transition_description__rosidl_typesupport_microxrcedds_c.h
[109.361s] -- Installing: /home/robot/app/robot_ws/install/lifecycle_msgs/include/lifecycle_msgs/msg/detail/transition_event__rosidl_typesupport_microxrcedds_c.h
[109.362s] -- Installing: /home/robot/app/robot_ws/install/lifecycle_msgs/include/lifecycle_msgs/msg/detail/state__rosidl_typesupport_microxrcedds_c.h
[109.362s] -- Installing: /home/robot/app/robot_ws/install/lifecycle_msgs/include/lifecycle_msgs/msg/rosidl_typesupport_microxrcedds_c__visibility_control.h
[109.362s] -- Installing: /home/robot/app/robot_ws/install/lifecycle_msgs/lib/liblifecycle_msgs__rosidl_typesupport_microxrcedds_c.so
[109.362s] -- Set runtime path of "/home/robot/app/robot_ws/install/lifecycle_msgs/lib/liblifecycle_msgs__rosidl_typesupport_microxrcedds_c.so" to ""
[109.363s] -- Up-to-date: /home/robot/app/robot_ws/install/lifecycle_msgs/include/lifecycle_msgs/lifecycle_msgs
[109.363s] -- Up-to-date: /home/robot/app/robot_ws/install/lifecycle_msgs/include/lifecycle_msgs/lifecycle_msgs/srv
[109.363s] -- Up-to-date: /home/robot/app/robot_ws/install/lifecycle_msgs/include/lifecycle_msgs/lifecycle_msgs/srv/detail
[109.363s] -- Installing: /home/robot/app/robot_ws/install/lifecycle_msgs/include/lifecycle_msgs/lifecycle_msgs/srv/detail/get_available_states__rosidl_typesupport_fastrtps_c.h
[109.364s] -- Installing: /home/robot/app/robot_ws/install/lifecycle_msgs/include/lifecycle_msgs/lifecycle_msgs/srv/detail/change_state__rosidl_typesupport_fastrtps_c.h
[109.364s] -- Installing: /home/robot/app/robot_ws/install/lifecycle_msgs/include/lifecycle_msgs/lifecycle_msgs/srv/detail/get_available_transitions__rosidl_typesupport_fastrtps_c.h
[109.364s] -- Installing: /home/robot/app/robot_ws/install/lifecycle_msgs/include/lifecycle_msgs/lifecycle_msgs/srv/detail/get_state__rosidl_typesupport_fastrtps_c.h
[109.364s] -- Up-to-date: /home/robot/app/robot_ws/install/lifecycle_msgs/include/lifecycle_msgs/lifecycle_msgs/msg
[109.365s] -- Up-to-date: /home/robot/app/robot_ws/install/lifecycle_msgs/include/lifecycle_msgs/lifecycle_msgs/msg/detail
[109.365s] -- Installing: /home/robot/app/robot_ws/install/lifecycle_msgs/include/lifecycle_msgs/lifecycle_msgs/msg/detail/transition_event__rosidl_typesupport_fastrtps_c.h
[109.365s] -- Installing: /home/robot/app/robot_ws/install/lifecycle_msgs/include/lifecycle_msgs/lifecycle_msgs/msg/detail/state__rosidl_typesupport_fastrtps_c.h
[109.365s] -- Installing: /home/robot/app/robot_ws/install/lifecycle_msgs/include/lifecycle_msgs/lifecycle_msgs/msg/detail/transition__rosidl_typesupport_fastrtps_c.h
[109.365s] -- Installing: /home/robot/app/robot_ws/install/lifecycle_msgs/include/lifecycle_msgs/lifecycle_msgs/msg/detail/transition_description__rosidl_typesupport_fastrtps_c.h
[109.366s] -- Installing: /home/robot/app/robot_ws/install/lifecycle_msgs/include/lifecycle_msgs/lifecycle_msgs/msg/rosidl_typesupport_fastrtps_c__visibility_control.h
[109.366s] -- Installing: /home/robot/app/robot_ws/install/lifecycle_msgs/lib/liblifecycle_msgs__rosidl_typesupport_fastrtps_c.so
[109.367s] -- Set runtime path of "/home/robot/app/robot_ws/install/lifecycle_msgs/lib/liblifecycle_msgs__rosidl_typesupport_fastrtps_c.so" to ""
[109.367s] -- Up-to-date: /home/robot/app/robot_ws/install/lifecycle_msgs/include/lifecycle_msgs/lifecycle_msgs
[109.367s] -- Up-to-date: /home/robot/app/robot_ws/install/lifecycle_msgs/include/lifecycle_msgs/lifecycle_msgs/srv
[109.367s] -- Up-to-date: /home/robot/app/robot_ws/install/lifecycle_msgs/include/lifecycle_msgs/lifecycle_msgs/srv/detail
[109.368s] -- Installing: /home/robot/app/robot_ws/install/lifecycle_msgs/include/lifecycle_msgs/lifecycle_msgs/srv/detail/get_state__rosidl_typesupport_introspection_c.h
[109.368s] -- Installing: /home/robot/app/robot_ws/install/lifecycle_msgs/include/lifecycle_msgs/lifecycle_msgs/srv/detail/change_state__rosidl_typesupport_introspection_c.h
[109.368s] -- Installing: /home/robot/app/robot_ws/install/lifecycle_msgs/include/lifecycle_msgs/lifecycle_msgs/srv/detail/get_available_transitions__type_support.c
[109.369s] -- Installing: /home/robot/app/robot_ws/install/lifecycle_msgs/include/lifecycle_msgs/lifecycle_msgs/srv/detail/get_available_states__rosidl_typesupport_introspection_c.h
[109.369s] -- Installing: /home/robot/app/robot_ws/install/lifecycle_msgs/include/lifecycle_msgs/lifecycle_msgs/srv/detail/get_state__type_support.c
[109.369s] -- Installing: /home/robot/app/robot_ws/install/lifecycle_msgs/include/lifecycle_msgs/lifecycle_msgs/srv/detail/get_available_states__type_support.c
[109.375s] -- Installing: /home/robot/app/robot_ws/install/lifecycle_msgs/include/lifecycle_msgs/lifecycle_msgs/srv/detail/get_available_transitions__rosidl_typesupport_introspection_c.h
[109.376s] -- Installing: /home/robot/app/robot_ws/install/lifecycle_msgs/include/lifecycle_msgs/lifecycle_msgs/srv/detail/change_state__type_support.c
[109.376s] -- Up-to-date: /home/robot/app/robot_ws/install/lifecycle_msgs/include/lifecycle_msgs/lifecycle_msgs/msg
[109.379s] -- Installing: /home/robot/app/robot_ws/install/lifecycle_msgs/include/lifecycle_msgs/lifecycle_msgs/msg/rosidl_typesupport_introspection_c__visibility_control.h
[109.379s] -- Up-to-date: /home/robot/app/robot_ws/install/lifecycle_msgs/include/lifecycle_msgs/lifecycle_msgs/msg/detail
[109.380s] -- Installing: /home/robot/app/robot_ws/install/lifecycle_msgs/include/lifecycle_msgs/lifecycle_msgs/msg/detail/transition__type_support.c
[109.382s] -- Installing: /home/robot/app/robot_ws/install/lifecycle_msgs/include/lifecycle_msgs/lifecycle_msgs/msg/detail/transition__rosidl_typesupport_introspection_c.h
[109.383s] -- Installing: /home/robot/app/robot_ws/install/lifecycle_msgs/include/lifecycle_msgs/lifecycle_msgs/msg/detail/state__type_support.c
[109.383s] -- Installing: /home/robot/app/robot_ws/install/lifecycle_msgs/include/lifecycle_msgs/lifecycle_msgs/msg/detail/transition_description__rosidl_typesupport_introspection_c.h
[109.384s] -- Installing: /home/robot/app/robot_ws/install/lifecycle_msgs/include/lifecycle_msgs/lifecycle_msgs/msg/detail/transition_event__rosidl_typesupport_introspection_c.h
[109.384s] -- Installing: /home/robot/app/robot_ws/install/lifecycle_msgs/include/lifecycle_msgs/lifecycle_msgs/msg/detail/state__rosidl_typesupport_introspection_c.h
[109.386s] -- Installing: /home/robot/app/robot_ws/install/lifecycle_msgs/include/lifecycle_msgs/lifecycle_msgs/msg/detail/transition_description__type_support.c
[109.387s] -- Installing: /home/robot/app/robot_ws/install/lifecycle_msgs/include/lifecycle_msgs/lifecycle_msgs/msg/detail/transition_event__type_support.c
[109.387s] -- Installing: /home/robot/app/robot_ws/install/lifecycle_msgs/lib/liblifecycle_msgs__rosidl_typesupport_introspection_c.so
[109.387s] -- Set runtime path of "/home/robot/app/robot_ws/install/lifecycle_msgs/lib/liblifecycle_msgs__rosidl_typesupport_introspection_c.so" to ""
[109.387s] -- Installing: /home/robot/app/robot_ws/install/lifecycle_msgs/lib/liblifecycle_msgs__rosidl_typesupport_c.so
[109.387s] -- Set runtime path of "/home/robot/app/robot_ws/install/lifecycle_msgs/lib/liblifecycle_msgs__rosidl_typesupport_c.so" to ""
[109.388s] -- Up-to-date: /home/robot/app/robot_ws/install/lifecycle_msgs/include/lifecycle_msgs/lifecycle_msgs
[109.388s] -- Up-to-date: /home/robot/app/robot_ws/install/lifecycle_msgs/include/lifecycle_msgs/lifecycle_msgs/srv
[109.388s] -- Installing: /home/robot/app/robot_ws/install/lifecycle_msgs/include/lifecycle_msgs/lifecycle_msgs/srv/get_state.hpp
[109.388s] -- Installing: /home/robot/app/robot_ws/install/lifecycle_msgs/include/lifecycle_msgs/lifecycle_msgs/srv/get_available_transitions.hpp
[109.388s] -- Installing: /home/robot/app/robot_ws/install/lifecycle_msgs/include/lifecycle_msgs/lifecycle_msgs/srv/get_available_states.hpp
[109.388s] -- Up-to-date: /home/robot/app/robot_ws/install/lifecycle_msgs/include/lifecycle_msgs/lifecycle_msgs/srv/detail
[109.389s] -- Installing: /home/robot/app/robot_ws/install/lifecycle_msgs/include/lifecycle_msgs/lifecycle_msgs/srv/detail/get_available_states__struct.hpp
[109.391s] -- Installing: /home/robot/app/robot_ws/install/lifecycle_msgs/include/lifecycle_msgs/lifecycle_msgs/srv/detail/change_state__traits.hpp
[109.394s] -- Installing: /home/robot/app/robot_ws/install/lifecycle_msgs/include/lifecycle_msgs/lifecycle_msgs/srv/detail/get_state__struct.hpp
[109.395s] -- Installing: /home/robot/app/robot_ws/install/lifecycle_msgs/include/lifecycle_msgs/lifecycle_msgs/srv/detail/get_available_states__traits.hpp
[109.397s] -- Installing: /home/robot/app/robot_ws/install/lifecycle_msgs/include/lifecycle_msgs/lifecycle_msgs/srv/detail/get_state__traits.hpp
[109.397s] -- Installing: /home/robot/app/robot_ws/install/lifecycle_msgs/include/lifecycle_msgs/lifecycle_msgs/srv/detail/get_available_transitions__struct.hpp
[109.398s] -- Installing: /home/robot/app/robot_ws/install/lifecycle_msgs/include/lifecycle_msgs/lifecycle_msgs/srv/detail/get_available_states__builder.hpp
[109.398s] -- Installing: /home/robot/app/robot_ws/install/lifecycle_msgs/include/lifecycle_msgs/lifecycle_msgs/srv/detail/get_available_transitions__traits.hpp
[109.399s] -- Installing: /home/robot/app/robot_ws/install/lifecycle_msgs/include/lifecycle_msgs/lifecycle_msgs/srv/detail/change_state__struct.hpp
[109.402s] -- Installing: /home/robot/app/robot_ws/install/lifecycle_msgs/include/lifecycle_msgs/lifecycle_msgs/srv/detail/get_available_transitions__builder.hpp
[109.403s] -- Installing: /home/robot/app/robot_ws/install/lifecycle_msgs/include/lifecycle_msgs/lifecycle_msgs/srv/detail/get_state__builder.hpp
[109.404s] -- Installing: /home/robot/app/robot_ws/install/lifecycle_msgs/include/lifecycle_msgs/lifecycle_msgs/srv/detail/change_state__builder.hpp
[109.407s] -- Installing: /home/robot/app/robot_ws/install/lifecycle_msgs/include/lifecycle_msgs/lifecycle_msgs/srv/change_state.hpp
[109.410s] -- Up-to-date: /home/robot/app/robot_ws/install/lifecycle_msgs/include/lifecycle_msgs/lifecycle_msgs/msg
[109.412s] -- Up-to-date: /home/robot/app/robot_ws/install/lifecycle_msgs/include/lifecycle_msgs/lifecycle_msgs/msg/detail
[109.412s] -- Installing: /home/robot/app/robot_ws/install/lifecycle_msgs/include/lifecycle_msgs/lifecycle_msgs/msg/detail/state__traits.hpp
[109.412s] -- Installing: /home/robot/app/robot_ws/install/lifecycle_msgs/include/lifecycle_msgs/lifecycle_msgs/msg/detail/transition__struct.hpp
[109.412s] -- Installing: /home/robot/app/robot_ws/install/lifecycle_msgs/include/lifecycle_msgs/lifecycle_msgs/msg/detail/state__builder.hpp
[109.412s] -- Installing: /home/robot/app/robot_ws/install/lifecycle_msgs/include/lifecycle_msgs/lifecycle_msgs/msg/detail/transition__traits.hpp
[109.415s] -- Installing: /home/robot/app/robot_ws/install/lifecycle_msgs/include/lifecycle_msgs/lifecycle_msgs/msg/detail/transition_event__builder.hpp
[109.415s] -- Installing: /home/robot/app/robot_ws/install/lifecycle_msgs/include/lifecycle_msgs/lifecycle_msgs/msg/detail/state__struct.hpp
[109.415s] -- Installing: /home/robot/app/robot_ws/install/lifecycle_msgs/include/lifecycle_msgs/lifecycle_msgs/msg/detail/transition_description__builder.hpp
[109.416s] -- Installing: /home/robot/app/robot_ws/install/lifecycle_msgs/include/lifecycle_msgs/lifecycle_msgs/msg/detail/transition_event__struct.hpp
[109.416s] -- Installing: /home/robot/app/robot_ws/install/lifecycle_msgs/include/lifecycle_msgs/lifecycle_msgs/msg/detail/transition_event__traits.hpp
[109.416s] -- Installing: /home/robot/app/robot_ws/install/lifecycle_msgs/include/lifecycle_msgs/lifecycle_msgs/msg/detail/transition_description__traits.hpp
[109.417s] -- Installing: /home/robot/app/robot_ws/install/lifecycle_msgs/include/lifecycle_msgs/lifecycle_msgs/msg/detail/transition__builder.hpp
[109.417s] -- Installing: /home/robot/app/robot_ws/install/lifecycle_msgs/include/lifecycle_msgs/lifecycle_msgs/msg/detail/transition_description__struct.hpp
[109.417s] -- Installing: /home/robot/app/robot_ws/install/lifecycle_msgs/include/lifecycle_msgs/lifecycle_msgs/msg/transition_description.hpp
[109.418s] -- Installing: /home/robot/app/robot_ws/install/lifecycle_msgs/include/lifecycle_msgs/lifecycle_msgs/msg/transition_event.hpp
[109.418s] -- Installing: /home/robot/app/robot_ws/install/lifecycle_msgs/include/lifecycle_msgs/lifecycle_msgs/msg/transition.hpp
[109.418s] -- Installing: /home/robot/app/robot_ws/install/lifecycle_msgs/include/lifecycle_msgs/lifecycle_msgs/msg/state.hpp
[109.418s] -- Up-to-date: /home/robot/app/robot_ws/install/lifecycle_msgs/include/lifecycle_msgs
[109.419s] -- Up-to-date: /home/robot/app/robot_ws/install/lifecycle_msgs/include/lifecycle_msgs/srv
[109.419s] -- Up-to-date: /home/robot/app/robot_ws/install/lifecycle_msgs/include/lifecycle_msgs/srv/detail
[109.419s] -- Up-to-date: /home/robot/app/robot_ws/install/lifecycle_msgs/include/lifecycle_msgs/srv/detail/microxrcedds
[109.419s] -- Installing: /home/robot/app/robot_ws/install/lifecycle_msgs/include/lifecycle_msgs/srv/detail/microxrcedds/change_state__type_support_cpp.cpp
[109.420s] -- Installing: /home/robot/app/robot_ws/install/lifecycle_msgs/include/lifecycle_msgs/srv/detail/microxrcedds/get_state__type_support_cpp.cpp
[109.420s] -- Installing: /home/robot/app/robot_ws/install/lifecycle_msgs/include/lifecycle_msgs/srv/detail/microxrcedds/get_available_states__type_support_cpp.cpp
[109.420s] -- Installing: /home/robot/app/robot_ws/install/lifecycle_msgs/include/lifecycle_msgs/srv/detail/microxrcedds/get_available_transitions__type_support_cpp.cpp
[109.420s] -- Installing: /home/robot/app/robot_ws/install/lifecycle_msgs/include/lifecycle_msgs/srv/detail/get_available_transitions__rosidl_typesupport_microxrcedds_cpp.hpp
[109.421s] -- Installing: /home/robot/app/robot_ws/install/lifecycle_msgs/include/lifecycle_msgs/srv/detail/get_available_states__rosidl_typesupport_microxrcedds_cpp.hpp
[109.421s] -- Installing: /home/robot/app/robot_ws/install/lifecycle_msgs/include/lifecycle_msgs/srv/detail/get_state__rosidl_typesupport_microxrcedds_cpp.hpp
[109.421s] -- Installing: /home/robot/app/robot_ws/install/lifecycle_msgs/include/lifecycle_msgs/srv/detail/change_state__rosidl_typesupport_microxrcedds_cpp.hpp
[109.421s] -- Up-to-date: /home/robot/app/robot_ws/install/lifecycle_msgs/include/lifecycle_msgs/msg
[109.422s] -- Up-to-date: /home/robot/app/robot_ws/install/lifecycle_msgs/include/lifecycle_msgs/msg/detail
[109.422s] -- Installing: /home/robot/app/robot_ws/install/lifecycle_msgs/include/lifecycle_msgs/msg/detail/state__rosidl_typesupport_microxrcedds_cpp.hpp
[109.422s] -- Up-to-date: /home/robot/app/robot_ws/install/lifecycle_msgs/include/lifecycle_msgs/msg/detail/microxrcedds
[109.422s] -- Installing: /home/robot/app/robot_ws/install/lifecycle_msgs/include/lifecycle_msgs/msg/detail/microxrcedds/transition_event__type_support_cpp.cpp
[109.422s] -- Installing: /home/robot/app/robot_ws/install/lifecycle_msgs/include/lifecycle_msgs/msg/detail/microxrcedds/transition__type_support_cpp.cpp
[109.423s] -- Installing: /home/robot/app/robot_ws/install/lifecycle_msgs/include/lifecycle_msgs/msg/detail/microxrcedds/state__type_support_cpp.cpp
[109.423s] -- Installing: /home/robot/app/robot_ws/install/lifecycle_msgs/include/lifecycle_msgs/msg/detail/microxrcedds/transition_description__type_support_cpp.cpp
[109.423s] -- Installing: /home/robot/app/robot_ws/install/lifecycle_msgs/include/lifecycle_msgs/msg/detail/transition__rosidl_typesupport_microxrcedds_cpp.hpp
[109.423s] -- Installing: /home/robot/app/robot_ws/install/lifecycle_msgs/include/lifecycle_msgs/msg/detail/transition_event__rosidl_typesupport_microxrcedds_cpp.hpp
[109.424s] -- Installing: /home/robot/app/robot_ws/install/lifecycle_msgs/include/lifecycle_msgs/msg/detail/transition_description__rosidl_typesupport_microxrcedds_cpp.hpp
[109.424s] -- Installing: /home/robot/app/robot_ws/install/lifecycle_msgs/include/lifecycle_msgs/msg/rosidl_typesupport_microxrcedds_cpp__visibility_control.h
[109.424s] -- Installing: /home/robot/app/robot_ws/install/lifecycle_msgs/lib/liblifecycle_msgs__rosidl_typesupport_microxrcedds_cpp.so
[109.424s] -- Set runtime path of "/home/robot/app/robot_ws/install/lifecycle_msgs/lib/liblifecycle_msgs__rosidl_typesupport_microxrcedds_cpp.so" to ""
[109.425s] -- Up-to-date: /home/robot/app/robot_ws/install/lifecycle_msgs/include/lifecycle_msgs/lifecycle_msgs
[109.425s] -- Up-to-date: /home/robot/app/robot_ws/install/lifecycle_msgs/include/lifecycle_msgs/lifecycle_msgs/srv
[109.425s] -- Up-to-date: /home/robot/app/robot_ws/install/lifecycle_msgs/include/lifecycle_msgs/lifecycle_msgs/srv/detail
[109.425s] -- Installing: /home/robot/app/robot_ws/install/lifecycle_msgs/include/lifecycle_msgs/lifecycle_msgs/srv/detail/change_state__rosidl_typesupport_fastrtps_cpp.hpp
[109.426s] -- Installing: /home/robot/app/robot_ws/install/lifecycle_msgs/include/lifecycle_msgs/lifecycle_msgs/srv/detail/dds_fastrtps
[109.426s] -- Installing: /home/robot/app/robot_ws/install/lifecycle_msgs/include/lifecycle_msgs/lifecycle_msgs/srv/detail/get_state__rosidl_typesupport_fastrtps_cpp.hpp
[109.426s] -- Installing: /home/robot/app/robot_ws/install/lifecycle_msgs/include/lifecycle_msgs/lifecycle_msgs/srv/detail/get_available_transitions__rosidl_typesupport_fastrtps_cpp.hpp
[109.426s] -- Installing: /home/robot/app/robot_ws/install/lifecycle_msgs/include/lifecycle_msgs/lifecycle_msgs/srv/detail/get_available_states__rosidl_typesupport_fastrtps_cpp.hpp
[109.426s] -- Up-to-date: /home/robot/app/robot_ws/install/lifecycle_msgs/include/lifecycle_msgs/lifecycle_msgs/msg
[109.427s] -- Installing: /home/robot/app/robot_ws/install/lifecycle_msgs/include/lifecycle_msgs/lifecycle_msgs/msg/rosidl_typesupport_fastrtps_cpp__visibility_control.h
[109.427s] -- Up-to-date: /home/robot/app/robot_ws/install/lifecycle_msgs/include/lifecycle_msgs/lifecycle_msgs/msg/detail
[109.427s] -- Installing: /home/robot/app/robot_ws/install/lifecycle_msgs/include/lifecycle_msgs/lifecycle_msgs/msg/detail/transition_event__rosidl_typesupport_fastrtps_cpp.hpp
[109.427s] -- Installing: /home/robot/app/robot_ws/install/lifecycle_msgs/include/lifecycle_msgs/lifecycle_msgs/msg/detail/dds_fastrtps
[109.428s] -- Installing: /home/robot/app/robot_ws/install/lifecycle_msgs/include/lifecycle_msgs/lifecycle_msgs/msg/detail/transition__rosidl_typesupport_fastrtps_cpp.hpp
[109.428s] -- Installing: /home/robot/app/robot_ws/install/lifecycle_msgs/include/lifecycle_msgs/lifecycle_msgs/msg/detail/transition_description__rosidl_typesupport_fastrtps_cpp.hpp
[109.428s] -- Installing: /home/robot/app/robot_ws/install/lifecycle_msgs/include/lifecycle_msgs/lifecycle_msgs/msg/detail/state__rosidl_typesupport_fastrtps_cpp.hpp
[109.428s] -- Installing: /home/robot/app/robot_ws/install/lifecycle_msgs/lib/liblifecycle_msgs__rosidl_typesupport_fastrtps_cpp.so
[109.429s] -- Set runtime path of "/home/robot/app/robot_ws/install/lifecycle_msgs/lib/liblifecycle_msgs__rosidl_typesupport_fastrtps_cpp.so" to ""
[109.429s] -- Up-to-date: /home/robot/app/robot_ws/install/lifecycle_msgs/include/lifecycle_msgs/lifecycle_msgs
[109.429s] -- Up-to-date: /home/robot/app/robot_ws/install/lifecycle_msgs/include/lifecycle_msgs/lifecycle_msgs/srv
[109.429s] -- Up-to-date: /home/robot/app/robot_ws/install/lifecycle_msgs/include/lifecycle_msgs/lifecycle_msgs/srv/detail
[109.429s] -- Installing: /home/robot/app/robot_ws/install/lifecycle_msgs/include/lifecycle_msgs/lifecycle_msgs/srv/detail/change_state__type_support.cpp
[109.430s] -- Installing: /home/robot/app/robot_ws/install/lifecycle_msgs/include/lifecycle_msgs/lifecycle_msgs/srv/detail/get_available_transitions__rosidl_typesupport_introspection_cpp.hpp
[109.430s] -- Installing: /home/robot/app/robot_ws/install/lifecycle_msgs/include/lifecycle_msgs/lifecycle_msgs/srv/detail/get_available_states__rosidl_typesupport_introspection_cpp.hpp
[109.430s] -- Installing: /home/robot/app/robot_ws/install/lifecycle_msgs/include/lifecycle_msgs/lifecycle_msgs/srv/detail/get_state__type_support.cpp
[109.430s] -- Installing: /home/robot/app/robot_ws/install/lifecycle_msgs/include/lifecycle_msgs/lifecycle_msgs/srv/detail/get_state__rosidl_typesupport_introspection_cpp.hpp
[109.430s] -- Installing: /home/robot/app/robot_ws/install/lifecycle_msgs/include/lifecycle_msgs/lifecycle_msgs/srv/detail/get_available_transitions__type_support.cpp
[109.431s] -- Installing: /home/robot/app/robot_ws/install/lifecycle_msgs/include/lifecycle_msgs/lifecycle_msgs/srv/detail/change_state__rosidl_typesupport_introspection_cpp.hpp
[109.431s] -- Installing: /home/robot/app/robot_ws/install/lifecycle_msgs/include/lifecycle_msgs/lifecycle_msgs/srv/detail/get_available_states__type_support.cpp
[109.431s] -- Up-to-date: /home/robot/app/robot_ws/install/lifecycle_msgs/include/lifecycle_msgs/lifecycle_msgs/msg
[109.431s] -- Up-to-date: /home/robot/app/robot_ws/install/lifecycle_msgs/include/lifecycle_msgs/lifecycle_msgs/msg/detail
[109.432s] -- Installing: /home/robot/app/robot_ws/install/lifecycle_msgs/include/lifecycle_msgs/lifecycle_msgs/msg/detail/transition__rosidl_typesupport_introspection_cpp.hpp
[109.432s] -- Installing: /home/robot/app/robot_ws/install/lifecycle_msgs/include/lifecycle_msgs/lifecycle_msgs/msg/detail/transition_event__rosidl_typesupport_introspection_cpp.hpp
[109.432s] -- Installing: /home/robot/app/robot_ws/install/lifecycle_msgs/include/lifecycle_msgs/lifecycle_msgs/msg/detail/transition__type_support.cpp
[109.432s] -- Installing: /home/robot/app/robot_ws/install/lifecycle_msgs/include/lifecycle_msgs/lifecycle_msgs/msg/detail/transition_description__rosidl_typesupport_introspection_cpp.hpp
[109.432s] -- Installing: /home/robot/app/robot_ws/install/lifecycle_msgs/include/lifecycle_msgs/lifecycle_msgs/msg/detail/transition_description__type_support.cpp
[109.433s] -- Installing: /home/robot/app/robot_ws/install/lifecycle_msgs/include/lifecycle_msgs/lifecycle_msgs/msg/detail/state__rosidl_typesupport_introspection_cpp.hpp
[109.433s] -- Installing: /home/robot/app/robot_ws/install/lifecycle_msgs/include/lifecycle_msgs/lifecycle_msgs/msg/detail/state__type_support.cpp
[109.433s] -- Installing: /home/robot/app/robot_ws/install/lifecycle_msgs/include/lifecycle_msgs/lifecycle_msgs/msg/detail/transition_event__type_support.cpp
[109.433s] -- Installing: /home/robot/app/robot_ws/install/lifecycle_msgs/lib/liblifecycle_msgs__rosidl_typesupport_introspection_cpp.so
[109.434s] -- Set runtime path of "/home/robot/app/robot_ws/install/lifecycle_msgs/lib/liblifecycle_msgs__rosidl_typesupport_introspection_cpp.so" to ""
[109.434s] -- Installing: /home/robot/app/robot_ws/install/lifecycle_msgs/lib/liblifecycle_msgs__rosidl_typesupport_cpp.so
[109.434s] -- Set runtime path of "/home/robot/app/robot_ws/install/lifecycle_msgs/lib/liblifecycle_msgs__rosidl_typesupport_cpp.so" to ""
[109.434s] -- Installing: /home/robot/app/robot_ws/install/lifecycle_msgs/share/lifecycle_msgs/environment/pythonpath.sh
[109.434s] -- Installing: /home/robot/app/robot_ws/install/lifecycle_msgs/share/lifecycle_msgs/environment/pythonpath.dsv
[109.435s] -- Installing: /home/robot/app/robot_ws/install/lifecycle_msgs/local/lib/python3.10/dist-packages/lifecycle_msgs-1.2.1-py3.10.egg-info
[109.435s] -- Installing: /home/robot/app/robot_ws/install/lifecycle_msgs/local/lib/python3.10/dist-packages/lifecycle_msgs-1.2.1-py3.10.egg-info/dependency_links.txt
[109.435s] -- Installing: /home/robot/app/robot_ws/install/lifecycle_msgs/local/lib/python3.10/dist-packages/lifecycle_msgs-1.2.1-py3.10.egg-info/PKG-INFO
[109.435s] -- Installing: /home/robot/app/robot_ws/install/lifecycle_msgs/local/lib/python3.10/dist-packages/lifecycle_msgs-1.2.1-py3.10.egg-info/SOURCES.txt
[109.435s] -- Installing: /home/robot/app/robot_ws/install/lifecycle_msgs/local/lib/python3.10/dist-packages/lifecycle_msgs-1.2.1-py3.10.egg-info/top_level.txt
[109.435s] -- Installing: /home/robot/app/robot_ws/install/lifecycle_msgs/local/lib/python3.10/dist-packages/lifecycle_msgs
[109.436s] -- Installing: /home/robot/app/robot_ws/install/lifecycle_msgs/local/lib/python3.10/dist-packages/lifecycle_msgs/__init__.py
[109.436s] -- Installing: /home/robot/app/robot_ws/install/lifecycle_msgs/local/lib/python3.10/dist-packages/lifecycle_msgs/lifecycle_msgs_s__rosidl_typesupport_microxrcedds_c.cpython-310-x86_64-linux-gnu.so
[109.436s] -- Installing: /home/robot/app/robot_ws/install/lifecycle_msgs/local/lib/python3.10/dist-packages/lifecycle_msgs/srv
[109.436s] -- Installing: /home/robot/app/robot_ws/install/lifecycle_msgs/local/lib/python3.10/dist-packages/lifecycle_msgs/srv/__init__.py
[109.437s] -- Installing: /home/robot/app/robot_ws/install/lifecycle_msgs/local/lib/python3.10/dist-packages/lifecycle_msgs/srv/_get_available_transitions_s.c
[109.437s] -- Installing: /home/robot/app/robot_ws/install/lifecycle_msgs/local/lib/python3.10/dist-packages/lifecycle_msgs/srv/_get_available_states.py
[109.437s] -- Installing: /home/robot/app/robot_ws/install/lifecycle_msgs/local/lib/python3.10/dist-packages/lifecycle_msgs/srv/_change_state_s.c
[109.437s] -- Installing: /home/robot/app/robot_ws/install/lifecycle_msgs/local/lib/python3.10/dist-packages/lifecycle_msgs/srv/_get_state_s.c
[109.437s] -- Installing: /home/robot/app/robot_ws/install/lifecycle_msgs/local/lib/python3.10/dist-packages/lifecycle_msgs/srv/_get_available_transitions.py
[109.438s] -- Installing: /home/robot/app/robot_ws/install/lifecycle_msgs/local/lib/python3.10/dist-packages/lifecycle_msgs/srv/_get_state.py
[109.438s] -- Installing: /home/robot/app/robot_ws/install/lifecycle_msgs/local/lib/python3.10/dist-packages/lifecycle_msgs/srv/_get_available_states_s.c
[109.438s] -- Installing: /home/robot/app/robot_ws/install/lifecycle_msgs/local/lib/python3.10/dist-packages/lifecycle_msgs/srv/_change_state.py
[109.438s] -- Installing: /home/robot/app/robot_ws/install/lifecycle_msgs/local/lib/python3.10/dist-packages/lifecycle_msgs/lifecycle_msgs_s__rosidl_typesupport_fastrtps_c.cpython-310-x86_64-linux-gnu.so
[109.438s] -- Installing: /home/robot/app/robot_ws/install/lifecycle_msgs/local/lib/python3.10/dist-packages/lifecycle_msgs/_lifecycle_msgs_s.ep.rosidl_typesupport_microxrcedds_c.c
[109.439s] -- Installing: /home/robot/app/robot_ws/install/lifecycle_msgs/local/lib/python3.10/dist-packages/lifecycle_msgs/liblifecycle_msgs__rosidl_generator_py.so
[109.439s] -- Installing: /home/robot/app/robot_ws/install/lifecycle_msgs/local/lib/python3.10/dist-packages/lifecycle_msgs/_lifecycle_msgs_s.ep.rosidl_typesupport_c.c
[109.439s] -- Installing: /home/robot/app/robot_ws/install/lifecycle_msgs/local/lib/python3.10/dist-packages/lifecycle_msgs/lifecycle_msgs_s__rosidl_typesupport_introspection_c.cpython-310-x86_64-linux-gnu.so
[109.439s] -- Installing: /home/robot/app/robot_ws/install/lifecycle_msgs/local/lib/python3.10/dist-packages/lifecycle_msgs/_lifecycle_msgs_s.ep.rosidl_typesupport_fastrtps_c.c
[109.439s] -- Installing: /home/robot/app/robot_ws/install/lifecycle_msgs/local/lib/python3.10/dist-packages/lifecycle_msgs/_lifecycle_msgs_s.ep.rosidl_typesupport_introspection_c.c
[109.440s] -- Installing: /home/robot/app/robot_ws/install/lifecycle_msgs/local/lib/python3.10/dist-packages/lifecycle_msgs/msg
[109.440s] -- Installing: /home/robot/app/robot_ws/install/lifecycle_msgs/local/lib/python3.10/dist-packages/lifecycle_msgs/msg/__init__.py
[109.440s] -- Installing: /home/robot/app/robot_ws/install/lifecycle_msgs/local/lib/python3.10/dist-packages/lifecycle_msgs/msg/_transition.py
[109.440s] -- Installing: /home/robot/app/robot_ws/install/lifecycle_msgs/local/lib/python3.10/dist-packages/lifecycle_msgs/msg/_state.py
[109.440s] -- Installing: /home/robot/app/robot_ws/install/lifecycle_msgs/local/lib/python3.10/dist-packages/lifecycle_msgs/msg/_transition_event.py
[109.441s] -- Installing: /home/robot/app/robot_ws/install/lifecycle_msgs/local/lib/python3.10/dist-packages/lifecycle_msgs/msg/_transition_description.py
[109.441s] -- Installing: /home/robot/app/robot_ws/install/lifecycle_msgs/local/lib/python3.10/dist-packages/lifecycle_msgs/msg/_transition_s.c
[109.441s] -- Installing: /home/robot/app/robot_ws/install/lifecycle_msgs/local/lib/python3.10/dist-packages/lifecycle_msgs/msg/_state_s.c
[109.441s] -- Installing: /home/robot/app/robot_ws/install/lifecycle_msgs/local/lib/python3.10/dist-packages/lifecycle_msgs/msg/_transition_description_s.c
[109.441s] -- Installing: /home/robot/app/robot_ws/install/lifecycle_msgs/local/lib/python3.10/dist-packages/lifecycle_msgs/msg/_transition_event_s.c
[109.442s] -- Installing: /home/robot/app/robot_ws/install/lifecycle_msgs/local/lib/python3.10/dist-packages/lifecycle_msgs/lifecycle_msgs_s__rosidl_typesupport_c.cpython-310-x86_64-linux-gnu.so
[109.559s] Listing '/home/robot/app/robot_ws/install/lifecycle_msgs/local/lib/python3.10/dist-packages/lifecycle_msgs'...
[109.559s] Compiling '/home/robot/app/robot_ws/install/lifecycle_msgs/local/lib/python3.10/dist-packages/lifecycle_msgs/__init__.py'...
[109.560s] Listing '/home/robot/app/robot_ws/install/lifecycle_msgs/local/lib/python3.10/dist-packages/lifecycle_msgs/msg'...
[109.560s] Compiling '/home/robot/app/robot_ws/install/lifecycle_msgs/local/lib/python3.10/dist-packages/lifecycle_msgs/msg/__init__.py'...
[109.560s] Compiling '/home/robot/app/robot_ws/install/lifecycle_msgs/local/lib/python3.10/dist-packages/lifecycle_msgs/msg/_state.py'...
[109.560s] Compiling '/home/robot/app/robot_ws/install/lifecycle_msgs/local/lib/python3.10/dist-packages/lifecycle_msgs/msg/_transition.py'...
[109.560s] Compiling '/home/robot/app/robot_ws/install/lifecycle_msgs/local/lib/python3.10/dist-packages/lifecycle_msgs/msg/_transition_description.py'...
[109.561s] Compiling '/home/robot/app/robot_ws/install/lifecycle_msgs/local/lib/python3.10/dist-packages/lifecycle_msgs/msg/_transition_event.py'...
[109.561s] Listing '/home/robot/app/robot_ws/install/lifecycle_msgs/local/lib/python3.10/dist-packages/lifecycle_msgs/srv'...
[109.561s] Compiling '/home/robot/app/robot_ws/install/lifecycle_msgs/local/lib/python3.10/dist-packages/lifecycle_msgs/srv/__init__.py'...
[109.561s] Compiling '/home/robot/app/robot_ws/install/lifecycle_msgs/local/lib/python3.10/dist-packages/lifecycle_msgs/srv/_change_state.py'...
[109.561s] Compiling '/home/robot/app/robot_ws/install/lifecycle_msgs/local/lib/python3.10/dist-packages/lifecycle_msgs/srv/_get_available_states.py'...
[109.561s] Compiling '/home/robot/app/robot_ws/install/lifecycle_msgs/local/lib/python3.10/dist-packages/lifecycle_msgs/srv/_get_available_transitions.py'...
[109.562s] Compiling '/home/robot/app/robot_ws/install/lifecycle_msgs/local/lib/python3.10/dist-packages/lifecycle_msgs/srv/_get_state.py'...
[109.573s] -- Installing: /home/robot/app/robot_ws/install/lifecycle_msgs/local/lib/python3.10/dist-packages/lifecycle_msgs/lifecycle_msgs_s__rosidl_typesupport_microxrcedds_c.cpython-310-x86_64-linux-gnu.so
[109.580s] -- Set runtime path of "/home/robot/app/robot_ws/install/lifecycle_msgs/local/lib/python3.10/dist-packages/lifecycle_msgs/lifecycle_msgs_s__rosidl_typesupport_microxrcedds_c.cpython-310-x86_64-linux-gnu.so" to ""
[109.580s] -- Installing: /home/robot/app/robot_ws/install/lifecycle_msgs/local/lib/python3.10/dist-packages/lifecycle_msgs/lifecycle_msgs_s__rosidl_typesupport_fastrtps_c.cpython-310-x86_64-linux-gnu.so
[109.580s] -- Set runtime path of "/home/robot/app/robot_ws/install/lifecycle_msgs/local/lib/python3.10/dist-packages/lifecycle_msgs/lifecycle_msgs_s__rosidl_typesupport_fastrtps_c.cpython-310-x86_64-linux-gnu.so" to ""
[109.580s] -- Installing: /home/robot/app/robot_ws/install/lifecycle_msgs/local/lib/python3.10/dist-packages/lifecycle_msgs/lifecycle_msgs_s__rosidl_typesupport_introspection_c.cpython-310-x86_64-linux-gnu.so
[109.581s] -- Set runtime path of "/home/robot/app/robot_ws/install/lifecycle_msgs/local/lib/python3.10/dist-packages/lifecycle_msgs/lifecycle_msgs_s__rosidl_typesupport_introspection_c.cpython-310-x86_64-linux-gnu.so" to ""
[109.582s] -- Installing: /home/robot/app/robot_ws/install/lifecycle_msgs/local/lib/python3.10/dist-packages/lifecycle_msgs/lifecycle_msgs_s__rosidl_typesupport_c.cpython-310-x86_64-linux-gnu.so
[109.583s] -- Set runtime path of "/home/robot/app/robot_ws/install/lifecycle_msgs/local/lib/python3.10/dist-packages/lifecycle_msgs/lifecycle_msgs_s__rosidl_typesupport_c.cpython-310-x86_64-linux-gnu.so" to ""
[109.584s] -- Installing: /home/robot/app/robot_ws/install/lifecycle_msgs/lib/liblifecycle_msgs__rosidl_generator_py.so
[109.585s] -- Set runtime path of "/home/robot/app/robot_ws/install/lifecycle_msgs/lib/liblifecycle_msgs__rosidl_generator_py.so" to ""
[109.590s] -- Installing: /home/robot/app/robot_ws/install/lifecycle_msgs/share/lifecycle_msgs/msg/State.idl
[109.590s] -- Installing: /home/robot/app/robot_ws/install/lifecycle_msgs/share/lifecycle_msgs/msg/Transition.idl
[109.590s] -- Installing: /home/robot/app/robot_ws/install/lifecycle_msgs/share/lifecycle_msgs/msg/TransitionDescription.idl
[109.590s] -- Installing: /home/robot/app/robot_ws/install/lifecycle_msgs/share/lifecycle_msgs/msg/TransitionEvent.idl
[109.591s] -- Installing: /home/robot/app/robot_ws/install/lifecycle_msgs/share/lifecycle_msgs/srv/ChangeState.idl
[109.591s] -- Installing: /home/robot/app/robot_ws/install/lifecycle_msgs/share/lifecycle_msgs/srv/GetAvailableStates.idl
[109.591s] -- Installing: /home/robot/app/robot_ws/install/lifecycle_msgs/share/lifecycle_msgs/srv/GetAvailableTransitions.idl
[109.591s] -- Installing: /home/robot/app/robot_ws/install/lifecycle_msgs/share/lifecycle_msgs/srv/GetState.idl
[109.592s] -- Installing: /home/robot/app/robot_ws/install/lifecycle_msgs/share/lifecycle_msgs/msg/State.msg
[109.592s] -- Installing: /home/robot/app/robot_ws/install/lifecycle_msgs/share/lifecycle_msgs/msg/Transition.msg
[109.592s] -- Installing: /home/robot/app/robot_ws/install/lifecycle_msgs/share/lifecycle_msgs/msg/TransitionDescription.msg
[109.592s] -- Installing: /home/robot/app/robot_ws/install/lifecycle_msgs/share/lifecycle_msgs/msg/TransitionEvent.msg
[109.592s] -- Installing: /home/robot/app/robot_ws/install/lifecycle_msgs/share/lifecycle_msgs/srv/ChangeState.srv
[109.593s] -- Installing: /home/robot/app/robot_ws/install/lifecycle_msgs/share/lifecycle_msgs/srv/ChangeState_Request.msg
[109.593s] -- Installing: /home/robot/app/robot_ws/install/lifecycle_msgs/share/lifecycle_msgs/srv/ChangeState_Response.msg
[109.601s] -- Installing: /home/robot/app/robot_ws/install/lifecycle_msgs/share/lifecycle_msgs/srv/GetAvailableStates.srv
[109.601s] -- Installing: /home/robot/app/robot_ws/install/lifecycle_msgs/share/lifecycle_msgs/srv/GetAvailableStates_Request.msg
[109.601s] -- Installing: /home/robot/app/robot_ws/install/lifecycle_msgs/share/lifecycle_msgs/srv/GetAvailableStates_Response.msg
[109.601s] -- Installing: /home/robot/app/robot_ws/install/lifecycle_msgs/share/lifecycle_msgs/srv/GetAvailableTransitions.srv
[109.602s] -- Installing: /home/robot/app/robot_ws/install/lifecycle_msgs/share/lifecycle_msgs/srv/GetAvailableTransitions_Request.msg
[109.602s] -- Installing: /home/robot/app/robot_ws/install/lifecycle_msgs/share/lifecycle_msgs/srv/GetAvailableTransitions_Response.msg
[109.602s] -- Installing: /home/robot/app/robot_ws/install/lifecycle_msgs/share/lifecycle_msgs/srv/GetState.srv
[109.602s] -- Installing: /home/robot/app/robot_ws/install/lifecycle_msgs/share/lifecycle_msgs/srv/GetState_Request.msg
[109.603s] -- Installing: /home/robot/app/robot_ws/install/lifecycle_msgs/share/lifecycle_msgs/srv/GetState_Response.msg
[109.603s] -- Installing: /home/robot/app/robot_ws/install/lifecycle_msgs/share/ament_index/resource_index/package_run_dependencies/lifecycle_msgs
[109.603s] -- Installing: /home/robot/app/robot_ws/install/lifecycle_msgs/share/ament_index/resource_index/parent_prefix_path/lifecycle_msgs
[109.603s] -- Installing: /home/robot/app/robot_ws/install/lifecycle_msgs/share/lifecycle_msgs/environment/ament_prefix_path.sh
[109.604s] -- Installing: /home/robot/app/robot_ws/install/lifecycle_msgs/share/lifecycle_msgs/environment/ament_prefix_path.dsv
[109.604s] -- Installing: /home/robot/app/robot_ws/install/lifecycle_msgs/share/lifecycle_msgs/environment/path.sh
[109.604s] -- Installing: /home/robot/app/robot_ws/install/lifecycle_msgs/share/lifecycle_msgs/environment/path.dsv
[109.604s] -- Installing: /home/robot/app/robot_ws/install/lifecycle_msgs/share/lifecycle_msgs/local_setup.bash
[109.605s] -- Installing: /home/robot/app/robot_ws/install/lifecycle_msgs/share/lifecycle_msgs/local_setup.sh
[109.605s] -- Installing: /home/robot/app/robot_ws/install/lifecycle_msgs/share/lifecycle_msgs/local_setup.zsh
[109.607s] -- Installing: /home/robot/app/robot_ws/install/lifecycle_msgs/share/lifecycle_msgs/local_setup.dsv
[109.608s] -- Installing: /home/robot/app/robot_ws/install/lifecycle_msgs/share/lifecycle_msgs/package.dsv
[109.608s] -- Installing: /home/robot/app/robot_ws/install/lifecycle_msgs/share/ament_index/resource_index/packages/lifecycle_msgs
[109.608s] -- Installing: /home/robot/app/robot_ws/install/lifecycle_msgs/share/lifecycle_msgs/cmake/export_lifecycle_msgs__rosidl_generator_cExport.cmake
[109.611s] -- Installing: /home/robot/app/robot_ws/install/lifecycle_msgs/share/lifecycle_msgs/cmake/export_lifecycle_msgs__rosidl_generator_cExport-noconfig.cmake
[109.611s] -- Installing: /home/robot/app/robot_ws/install/lifecycle_msgs/share/lifecycle_msgs/cmake/export_lifecycle_msgs__rosidl_typesupport_fastrtps_cExport.cmake
[109.611s] -- Installing: /home/robot/app/robot_ws/install/lifecycle_msgs/share/lifecycle_msgs/cmake/export_lifecycle_msgs__rosidl_typesupport_fastrtps_cExport-noconfig.cmake
[109.611s] -- Installing: /home/robot/app/robot_ws/install/lifecycle_msgs/share/lifecycle_msgs/cmake/lifecycle_msgs__rosidl_typesupport_introspection_cExport.cmake
[109.612s] -- Installing: /home/robot/app/robot_ws/install/lifecycle_msgs/share/lifecycle_msgs/cmake/lifecycle_msgs__rosidl_typesupport_introspection_cExport-noconfig.cmake
[109.612s] -- Installing: /home/robot/app/robot_ws/install/lifecycle_msgs/share/lifecycle_msgs/cmake/lifecycle_msgs__rosidl_typesupport_cExport.cmake
[109.613s] -- Installing: /home/robot/app/robot_ws/install/lifecycle_msgs/share/lifecycle_msgs/cmake/lifecycle_msgs__rosidl_typesupport_cExport-noconfig.cmake
[109.613s] -- Installing: /home/robot/app/robot_ws/install/lifecycle_msgs/share/lifecycle_msgs/cmake/export_lifecycle_msgs__rosidl_generator_cppExport.cmake
[109.614s] -- Installing: /home/robot/app/robot_ws/install/lifecycle_msgs/share/lifecycle_msgs/cmake/export_lifecycle_msgs__rosidl_typesupport_fastrtps_cppExport.cmake
[109.614s] -- Installing: /home/robot/app/robot_ws/install/lifecycle_msgs/share/lifecycle_msgs/cmake/export_lifecycle_msgs__rosidl_typesupport_fastrtps_cppExport-noconfig.cmake
[109.614s] -- Installing: /home/robot/app/robot_ws/install/lifecycle_msgs/share/lifecycle_msgs/cmake/lifecycle_msgs__rosidl_typesupport_introspection_cppExport.cmake
[109.615s] -- Installing: /home/robot/app/robot_ws/install/lifecycle_msgs/share/lifecycle_msgs/cmake/lifecycle_msgs__rosidl_typesupport_introspection_cppExport-noconfig.cmake
[109.620s] -- Installing: /home/robot/app/robot_ws/install/lifecycle_msgs/share/lifecycle_msgs/cmake/lifecycle_msgs__rosidl_typesupport_cppExport.cmake
[109.620s] -- Installing: /home/robot/app/robot_ws/install/lifecycle_msgs/share/lifecycle_msgs/cmake/lifecycle_msgs__rosidl_typesupport_cppExport-noconfig.cmake
[109.620s] -- Installing: /home/robot/app/robot_ws/install/lifecycle_msgs/share/lifecycle_msgs/cmake/export_lifecycle_msgs__rosidl_generator_pyExport.cmake
[109.620s] -- Installing: /home/robot/app/robot_ws/install/lifecycle_msgs/share/lifecycle_msgs/cmake/export_lifecycle_msgs__rosidl_generator_pyExport-noconfig.cmake
[109.621s] -- Installing: /home/robot/app/robot_ws/install/lifecycle_msgs/share/lifecycle_msgs/cmake/rosidl_cmake-extras.cmake
[109.621s] -- Installing: /home/robot/app/robot_ws/install/lifecycle_msgs/share/lifecycle_msgs/cmake/ament_cmake_export_include_directories-extras.cmake
[109.621s] -- Installing: /home/robot/app/robot_ws/install/lifecycle_msgs/share/lifecycle_msgs/cmake/ament_cmake_export_libraries-extras.cmake
[109.622s] -- Installing: /home/robot/app/robot_ws/install/lifecycle_msgs/share/lifecycle_msgs/cmake/ament_cmake_export_targets-extras.cmake
[109.622s] -- Installing: /home/robot/app/robot_ws/install/lifecycle_msgs/share/lifecycle_msgs/cmake/rosidl_cmake_export_typesupport_targets-extras.cmake
[109.622s] -- Installing: /home/robot/app/robot_ws/install/lifecycle_msgs/share/lifecycle_msgs/cmake/ament_cmake_export_dependencies-extras.cmake
[109.622s] -- Installing: /home/robot/app/robot_ws/install/lifecycle_msgs/share/lifecycle_msgs/cmake/rosidl_cmake_export_typesupport_libraries-extras.cmake
[109.622s] -- Installing: /home/robot/app/robot_ws/install/lifecycle_msgs/share/lifecycle_msgs/cmake/lifecycle_msgsConfig.cmake
[109.623s] -- Installing: /home/robot/app/robot_ws/install/lifecycle_msgs/share/lifecycle_msgs/cmake/lifecycle_msgsConfig-version.cmake
[109.623s] -- Installing: /home/robot/app/robot_ws/install/lifecycle_msgs/share/lifecycle_msgs/package.xml
[109.628s] Invoked command in '/home/robot/app/robot_ws/build/lifecycle_msgs' returned '0': CMAKE_PREFIX_PATH=${CMAKE_PREFIX_PATH}:/opt/ros/humble /usr/bin/cmake --install /home/robot/app/robot_ws/build/lifecycle_msgs
