[0.107s] Invoking command in '/home/robot/app/robot_ws/build/micro_ros_setup': CMAKE_PREFIX_PATH=${CMAKE_PREFIX_PATH}:/home/robot/app/robot_ws/install/sensor_msgs_py:/opt/ros/humble /usr/bin/cmake /home/robot/app/robot_ws/src/micro_ros_setup -DCMAKE_INSTALL_PREFIX=/home/robot/app/robot_ws/install/micro_ros_setup
[0.771s] -- Found ament_cmake: 1.3.10 (/opt/ros/humble/share/ament_cmake/cmake)
[0.771s] -- Configuring done
[0.777s] -- Generating done
[0.778s] -- Build files have been written to: /home/robot/app/robot_ws/build/micro_ros_setup
[0.788s] Invoked command in '/home/robot/app/robot_ws/build/micro_ros_setup' returned '0': CMAKE_PREFIX_PATH=${CMAKE_PREFIX_PATH}:/home/robot/app/robot_ws/install/sensor_msgs_py:/opt/ros/humble /usr/bin/cmake /home/robot/app/robot_ws/src/micro_ros_setup -DCMAKE_INSTALL_PREFIX=/home/robot/app/robot_ws/install/micro_ros_setup
[0.788s] Invoking command in '/home/robot/app/robot_ws/build/micro_ros_setup': CMAKE_PREFIX_PATH=${CMAKE_PREFIX_PATH}:/home/robot/app/robot_ws/install/sensor_msgs_py:/opt/ros/humble /usr/bin/cmake --build /home/robot/app/robot_ws/build/micro_ros_setup -- -j8 -l8
[1.013s] Invoked command in '/home/robot/app/robot_ws/build/micro_ros_setup' returned '0': CMAKE_PREFIX_PATH=${CMAKE_PREFIX_PATH}:/home/robot/app/robot_ws/install/sensor_msgs_py:/opt/ros/humble /usr/bin/cmake --build /home/robot/app/robot_ws/build/micro_ros_setup -- -j8 -l8
[1.112s] Invoking command in '/home/robot/app/robot_ws/build/micro_ros_setup': CMAKE_PREFIX_PATH=${CMAKE_PREFIX_PATH}:/home/robot/app/robot_ws/install/sensor_msgs_py:/opt/ros/humble /usr/bin/cmake --install /home/robot/app/robot_ws/build/micro_ros_setup
[1.142s] -- Install configuration: ""
[1.144s] -- Up-to-date: /home/robot/app/robot_ws/install/micro_ros_setup/share/ament_index/resource_index/package_run_dependencies/micro_ros_setup
[1.145s] -- Installing: /home/robot/app/robot_ws/install/micro_ros_setup/share/ament_index/resource_index/parent_prefix_path/micro_ros_setup
[1.145s] -- Up-to-date: /home/robot/app/robot_ws/install/micro_ros_setup/share/micro_ros_setup/environment/ament_prefix_path.sh
[1.146s] -- Installing: /home/robot/app/robot_ws/install/micro_ros_setup/share/micro_ros_setup/environment/ament_prefix_path.dsv
[1.147s] -- Up-to-date: /home/robot/app/robot_ws/install/micro_ros_setup/share/micro_ros_setup/environment/path.sh
[1.147s] -- Installing: /home/robot/app/robot_ws/install/micro_ros_setup/share/micro_ros_setup/environment/path.dsv
[1.147s] -- Up-to-date: /home/robot/app/robot_ws/install/micro_ros_setup/share/micro_ros_setup/local_setup.bash
[1.147s] -- Up-to-date: /home/robot/app/robot_ws/install/micro_ros_setup/share/micro_ros_setup/local_setup.sh
[1.147s] -- Up-to-date: /home/robot/app/robot_ws/install/micro_ros_setup/share/micro_ros_setup/local_setup.zsh
[1.147s] -- Installing: /home/robot/app/robot_ws/install/micro_ros_setup/share/micro_ros_setup/local_setup.dsv
[1.147s] -- Installing: /home/robot/app/robot_ws/install/micro_ros_setup/share/micro_ros_setup/package.dsv
[1.148s] -- Up-to-date: /home/robot/app/robot_ws/install/micro_ros_setup/share/ament_index/resource_index/packages/micro_ros_setup
[1.148s] -- Up-to-date: /home/robot/app/robot_ws/install/micro_ros_setup/share/micro_ros_setup/cmake/micro_ros_setupConfig.cmake
[1.148s] -- Up-to-date: /home/robot/app/robot_ws/install/micro_ros_setup/share/micro_ros_setup/cmake/micro_ros_setupConfig-version.cmake
[1.148s] -- Up-to-date: /home/robot/app/robot_ws/install/micro_ros_setup/share/micro_ros_setup/package.xml
[1.148s] -- Up-to-date: /home/robot/app/robot_ws/install/micro_ros_setup/./config
[1.148s] -- Up-to-date: /home/robot/app/robot_ws/install/micro_ros_setup/./config/renesas_ra
[1.148s] -- Up-to-date: /home/robot/app/robot_ws/install/micro_ros_setup/./config/renesas_ra/dev_uros_packages.repos
[1.148s] -- Up-to-date: /home/robot/app/robot_ws/install/micro_ros_setup/./config/renesas_ra/dev_ros2_packages.txt
[1.151s] -- Up-to-date: /home/robot/app/robot_ws/install/micro_ros_setup/./config/renesas_ra/list_apps.sh
[1.151s] -- Up-to-date: /home/robot/app/robot_ws/install/micro_ros_setup/./config/renesas_ra/ra6m5
[1.152s] -- Up-to-date: /home/robot/app/robot_ws/install/micro_ros_setup/./config/renesas_ra/ra6m5/create.sh
[1.152s] -- Up-to-date: /home/robot/app/robot_ws/install/micro_ros_setup/./config/renesas_ra/ra6m5/build.sh
[1.153s] -- Up-to-date: /home/robot/app/robot_ws/install/micro_ros_setup/./config/renesas_ra/ra6m5/configure.sh
[1.153s] -- Up-to-date: /home/robot/app/robot_ws/install/micro_ros_setup/./config/renesas_ra/ra6m5/client-colcon.meta
[1.153s] -- Up-to-date: /home/robot/app/robot_ws/install/micro_ros_setup/./config/renesas_ra/ra6m5/flash.sh
[1.153s] -- Up-to-date: /home/robot/app/robot_ws/install/micro_ros_setup/./config/renesas_ra/ra6m5/client_uros_packages.repos
[1.153s] -- Up-to-date: /home/robot/app/robot_ws/install/micro_ros_setup/./config/renesas_ra/ra6m5/board.repos
[1.153s] -- Up-to-date: /home/robot/app/robot_ws/install/micro_ros_setup/./config/zephyr
[1.157s] -- Up-to-date: /home/robot/app/robot_ws/install/micro_ros_setup/./config/zephyr/dev_uros_packages.repos
[1.157s] -- Up-to-date: /home/robot/app/robot_ws/install/micro_ros_setup/./config/zephyr/dev_ros2_packages.txt
[1.157s] -- Up-to-date: /home/robot/app/robot_ws/install/micro_ros_setup/./config/zephyr/list_apps.sh
[1.157s] -- Up-to-date: /home/robot/app/robot_ws/install/micro_ros_setup/./config/zephyr/generic
[1.157s] -- Up-to-date: /home/robot/app/robot_ws/install/micro_ros_setup/./config/zephyr/generic/supported_platforms
[1.157s] -- Up-to-date: /home/robot/app/robot_ws/install/micro_ros_setup/./config/zephyr/generic/package.xml
[1.157s] -- Up-to-date: /home/robot/app/robot_ws/install/micro_ros_setup/./config/zephyr/generic/create.sh
[1.161s] -- Up-to-date: /home/robot/app/robot_ws/install/micro_ros_setup/./config/zephyr/generic/build.sh
[1.161s] -- Up-to-date: /home/robot/app/robot_ws/install/micro_ros_setup/./config/zephyr/generic/configure.sh
[1.161s] -- Up-to-date: /home/robot/app/robot_ws/install/micro_ros_setup/./config/zephyr/generic/client-colcon.meta
[1.162s] -- Up-to-date: /home/robot/app/robot_ws/install/micro_ros_setup/./config/zephyr/generic/flash.sh
[1.162s] -- Up-to-date: /home/robot/app/robot_ws/install/micro_ros_setup/./config/zephyr/generic/client_uros_packages.repos
[1.162s] -- Up-to-date: /home/robot/app/robot_ws/install/micro_ros_setup/./config/zephyr/generic/board.repos
[1.162s] -- Up-to-date: /home/robot/app/robot_ws/install/micro_ros_setup/./config/android
[1.162s] -- Up-to-date: /home/robot/app/robot_ws/install/micro_ros_setup/./config/android/dev_uros_packages.repos
[1.162s] -- Up-to-date: /home/robot/app/robot_ws/install/micro_ros_setup/./config/android/dev_ros2_packages.txt
[1.162s] -- Up-to-date: /home/robot/app/robot_ws/install/micro_ros_setup/./config/android/generic
[1.164s] -- Up-to-date: /home/robot/app/robot_ws/install/micro_ros_setup/./config/android/generic/package.xml
[1.164s] -- Up-to-date: /home/robot/app/robot_ws/install/micro_ros_setup/./config/android/generic/create.sh
[1.164s] -- Up-to-date: /home/robot/app/robot_ws/install/micro_ros_setup/./config/android/generic/build.sh
[1.164s] -- Up-to-date: /home/robot/app/robot_ws/install/micro_ros_setup/./config/android/generic/client-colcon.meta
[1.164s] -- Up-to-date: /home/robot/app/robot_ws/install/micro_ros_setup/./config/android/generic/flash.sh
[1.164s] -- Up-to-date: /home/robot/app/robot_ws/install/micro_ros_setup/./config/android/generic/client_uros_packages.repos
[1.164s] -- Up-to-date: /home/robot/app/robot_ws/install/micro_ros_setup/./config/host
[1.165s] -- Up-to-date: /home/robot/app/robot_ws/install/micro_ros_setup/./config/host/dev_uros_packages.repos
[1.165s] -- Up-to-date: /home/robot/app/robot_ws/install/micro_ros_setup/./config/host/dev_ros2_packages.txt
[1.165s] -- Up-to-date: /home/robot/app/robot_ws/install/micro_ros_setup/./config/host/generic
[1.165s] -- Up-to-date: /home/robot/app/robot_ws/install/micro_ros_setup/./config/host/generic/package.xml
[1.165s] -- Up-to-date: /home/robot/app/robot_ws/install/micro_ros_setup/./config/host/generic/create.sh
[1.165s] -- Up-to-date: /home/robot/app/robot_ws/install/micro_ros_setup/./config/host/generic/client-host-colcon.meta
[1.165s] -- Up-to-date: /home/robot/app/robot_ws/install/micro_ros_setup/./config/host/generic/build.sh
[1.168s] -- Up-to-date: /home/robot/app/robot_ws/install/micro_ros_setup/./config/host/generic/flash.sh
[1.168s] -- Up-to-date: /home/robot/app/robot_ws/install/micro_ros_setup/./config/host/generic/client_host_packages.repos
[1.168s] -- Up-to-date: /home/robot/app/robot_ws/install/micro_ros_setup/./config/host/client_ros2_packages.txt
[1.169s] -- Up-to-date: /home/robot/app/robot_ws/install/micro_ros_setup/./config/freertos
[1.169s] -- Up-to-date: /home/robot/app/robot_ws/install/micro_ros_setup/./config/freertos/nucleo_f767zi
[1.169s] -- Up-to-date: /home/robot/app/robot_ws/install/micro_ros_setup/./config/freertos/nucleo_f767zi/package.xml
[1.169s] -- Up-to-date: /home/robot/app/robot_ws/install/micro_ros_setup/./config/freertos/nucleo_f767zi/create.sh
[1.169s] -- Up-to-date: /home/robot/app/robot_ws/install/micro_ros_setup/./config/freertos/nucleo_f767zi/build.sh
[1.169s] -- Up-to-date: /home/robot/app/robot_ws/install/micro_ros_setup/./config/freertos/nucleo_f767zi/configure.sh
[1.169s] -- Up-to-date: /home/robot/app/robot_ws/install/micro_ros_setup/./config/freertos/nucleo_f767zi/client-colcon.meta
[1.169s] -- Up-to-date: /home/robot/app/robot_ws/install/micro_ros_setup/./config/freertos/nucleo_f767zi/flash.sh
[1.170s] -- Up-to-date: /home/robot/app/robot_ws/install/micro_ros_setup/./config/freertos/nucleo_f767zi/client_uros_packages.repos
[1.170s] -- Up-to-date: /home/robot/app/robot_ws/install/micro_ros_setup/./config/freertos/nucleo_f767zi/board.repos
[1.170s] -- Up-to-date: /home/robot/app/robot_ws/install/micro_ros_setup/./config/freertos/nucleo_f746zg
[1.170s] -- Up-to-date: /home/robot/app/robot_ws/install/micro_ros_setup/./config/freertos/nucleo_f746zg/package.xml
[1.170s] -- Up-to-date: /home/robot/app/robot_ws/install/micro_ros_setup/./config/freertos/nucleo_f746zg/create.sh
[1.170s] -- Up-to-date: /home/robot/app/robot_ws/install/micro_ros_setup/./config/freertos/nucleo_f746zg/build.sh
[1.170s] -- Up-to-date: /home/robot/app/robot_ws/install/micro_ros_setup/./config/freertos/nucleo_f746zg/configure.sh
[1.170s] -- Up-to-date: /home/robot/app/robot_ws/install/micro_ros_setup/./config/freertos/nucleo_f746zg/client-colcon.meta
[1.171s] -- Up-to-date: /home/robot/app/robot_ws/install/micro_ros_setup/./config/freertos/nucleo_f746zg/flash.sh
[1.171s] -- Up-to-date: /home/robot/app/robot_ws/install/micro_ros_setup/./config/freertos/nucleo_f746zg/client_uros_packages.repos
[1.171s] -- Up-to-date: /home/robot/app/robot_ws/install/micro_ros_setup/./config/freertos/nucleo_f746zg/board.repos
[1.171s] -- Up-to-date: /home/robot/app/robot_ws/install/micro_ros_setup/./config/freertos/nucleo_f446ze
[1.171s] -- Up-to-date: /home/robot/app/robot_ws/install/micro_ros_setup/./config/freertos/nucleo_f446ze/package.xml
[1.171s] -- Up-to-date: /home/robot/app/robot_ws/install/micro_ros_setup/./config/freertos/nucleo_f446ze/create.sh
[1.171s] -- Up-to-date: /home/robot/app/robot_ws/install/micro_ros_setup/./config/freertos/nucleo_f446ze/build.sh
[1.171s] -- Up-to-date: /home/robot/app/robot_ws/install/micro_ros_setup/./config/freertos/nucleo_f446ze/configure.sh
[1.178s] -- Up-to-date: /home/robot/app/robot_ws/install/micro_ros_setup/./config/freertos/nucleo_f446ze/client-colcon.meta
[1.178s] -- Up-to-date: /home/robot/app/robot_ws/install/micro_ros_setup/./config/freertos/nucleo_f446ze/flash.sh
[1.178s] -- Up-to-date: /home/robot/app/robot_ws/install/micro_ros_setup/./config/freertos/nucleo_f446ze/client_uros_packages.repos
[1.178s] -- Up-to-date: /home/robot/app/robot_ws/install/micro_ros_setup/./config/freertos/nucleo_f446ze/board.repos
[1.178s] -- Up-to-date: /home/robot/app/robot_ws/install/micro_ros_setup/./config/freertos/olimex-stm32-e407
[1.178s] -- Up-to-date: /home/robot/app/robot_ws/install/micro_ros_setup/./config/freertos/olimex-stm32-e407/package.xml
[1.179s] -- Up-to-date: /home/robot/app/robot_ws/install/micro_ros_setup/./config/freertos/olimex-stm32-e407/create.sh
[1.179s] -- Up-to-date: /home/robot/app/robot_ws/install/micro_ros_setup/./config/freertos/olimex-stm32-e407/build.sh
[1.179s] -- Up-to-date: /home/robot/app/robot_ws/install/micro_ros_setup/./config/freertos/olimex-stm32-e407/configure.sh
[1.179s] -- Up-to-date: /home/robot/app/robot_ws/install/micro_ros_setup/./config/freertos/olimex-stm32-e407/client-colcon.meta
[1.180s] -- Up-to-date: /home/robot/app/robot_ws/install/micro_ros_setup/./config/freertos/olimex-stm32-e407/flash.sh
[1.180s] -- Up-to-date: /home/robot/app/robot_ws/install/micro_ros_setup/./config/freertos/olimex-stm32-e407/client_uros_packages.repos
[1.180s] -- Up-to-date: /home/robot/app/robot_ws/install/micro_ros_setup/./config/freertos/olimex-stm32-e407/board.repos
[1.180s] -- Up-to-date: /home/robot/app/robot_ws/install/micro_ros_setup/./config/freertos/crazyflie21
[1.180s] -- Up-to-date: /home/robot/app/robot_ws/install/micro_ros_setup/./config/freertos/crazyflie21/package.xml
[1.180s] -- Up-to-date: /home/robot/app/robot_ws/install/micro_ros_setup/./config/freertos/crazyflie21/create.sh
[1.180s] -- Up-to-date: /home/robot/app/robot_ws/install/micro_ros_setup/./config/freertos/crazyflie21/build.sh
[1.181s] -- Up-to-date: /home/robot/app/robot_ws/install/micro_ros_setup/./config/freertos/crazyflie21/configure.sh
[1.181s] -- Up-to-date: /home/robot/app/robot_ws/install/micro_ros_setup/./config/freertos/crazyflie21/client-colcon.meta
[1.181s] -- Up-to-date: /home/robot/app/robot_ws/install/micro_ros_setup/./config/freertos/crazyflie21/flash.sh
[1.181s] -- Up-to-date: /home/robot/app/robot_ws/install/micro_ros_setup/./config/freertos/crazyflie21/client_uros_packages.repos
[1.181s] -- Up-to-date: /home/robot/app/robot_ws/install/micro_ros_setup/./config/freertos/crazyflie21/board.repos
[1.181s] -- Up-to-date: /home/robot/app/robot_ws/install/micro_ros_setup/./config/freertos/dev_uros_packages.repos
[1.181s] -- Up-to-date: /home/robot/app/robot_ws/install/micro_ros_setup/./config/freertos/dev_ros2_packages.txt
[1.194s] -- Up-to-date: /home/robot/app/robot_ws/install/micro_ros_setup/./config/freertos/nucleo_f446re
[1.194s] -- Up-to-date: /home/robot/app/robot_ws/install/micro_ros_setup/./config/freertos/nucleo_f446re/package.xml
[1.194s] -- Up-to-date: /home/robot/app/robot_ws/install/micro_ros_setup/./config/freertos/nucleo_f446re/create.sh
[1.194s] -- Up-to-date: /home/robot/app/robot_ws/install/micro_ros_setup/./config/freertos/nucleo_f446re/build.sh
[1.194s] -- Up-to-date: /home/robot/app/robot_ws/install/micro_ros_setup/./config/freertos/nucleo_f446re/configure.sh
[1.194s] -- Up-to-date: /home/robot/app/robot_ws/install/micro_ros_setup/./config/freertos/nucleo_f446re/client-colcon.meta
[1.194s] -- Up-to-date: /home/robot/app/robot_ws/install/micro_ros_setup/./config/freertos/nucleo_f446re/flash.sh
[1.195s] -- Up-to-date: /home/robot/app/robot_ws/install/micro_ros_setup/./config/freertos/nucleo_f446re/client_uros_packages.repos
[1.195s] -- Up-to-date: /home/robot/app/robot_ws/install/micro_ros_setup/./config/freertos/nucleo_f446re/board.repos
[1.195s] -- Up-to-date: /home/robot/app/robot_ws/install/micro_ros_setup/./config/freertos/list_apps.sh
[1.195s] -- Up-to-date: /home/robot/app/robot_ws/install/micro_ros_setup/./config/freertos/esp32
[1.195s] -- Up-to-date: /home/robot/app/robot_ws/install/micro_ros_setup/./config/freertos/esp32/README.md
[1.195s] -- Up-to-date: /home/robot/app/robot_ws/install/micro_ros_setup/./config/freertos/esp32/package.xml
[1.195s] -- Up-to-date: /home/robot/app/robot_ws/install/micro_ros_setup/./config/freertos/esp32/create.sh
[1.196s] -- Up-to-date: /home/robot/app/robot_ws/install/micro_ros_setup/./config/freertos/esp32/build.sh
[1.196s] -- Up-to-date: /home/robot/app/robot_ws/install/micro_ros_setup/./config/freertos/esp32/configure.sh
[1.196s] -- Up-to-date: /home/robot/app/robot_ws/install/micro_ros_setup/./config/freertos/esp32/client-colcon.meta
[1.196s] -- Up-to-date: /home/robot/app/robot_ws/install/micro_ros_setup/./config/freertos/esp32/flash.sh
[1.196s] -- Up-to-date: /home/robot/app/robot_ws/install/micro_ros_setup/./config/freertos/esp32/client_uros_packages.repos
[1.196s] -- Up-to-date: /home/robot/app/robot_ws/install/micro_ros_setup/./config/freertos/esp32/board.repos
[1.196s] -- Up-to-date: /home/robot/app/robot_ws/install/micro_ros_setup/./config/generate_lib
[1.196s] -- Up-to-date: /home/robot/app/robot_ws/install/micro_ros_setup/./config/generate_lib/dev_uros_packages.repos
[1.197s] -- Up-to-date: /home/robot/app/robot_ws/install/micro_ros_setup/./config/generate_lib/dev_ros2_packages.txt
[1.197s] -- Up-to-date: /home/robot/app/robot_ws/install/micro_ros_setup/./config/generate_lib/generic
[1.197s] -- Up-to-date: /home/robot/app/robot_ws/install/micro_ros_setup/./config/generate_lib/generic/package.xml
[1.197s] -- Up-to-date: /home/robot/app/robot_ws/install/micro_ros_setup/./config/generate_lib/generic/create.sh
[1.197s] -- Up-to-date: /home/robot/app/robot_ws/install/micro_ros_setup/./config/generate_lib/generic/demo_toolchain.cmake
[1.197s] -- Up-to-date: /home/robot/app/robot_ws/install/micro_ros_setup/./config/generate_lib/generic/build.sh
[1.197s] -- Up-to-date: /home/robot/app/robot_ws/install/micro_ros_setup/./config/generate_lib/generic/client-colcon.meta
[1.199s] -- Up-to-date: /home/robot/app/robot_ws/install/micro_ros_setup/./config/generate_lib/generic/flash.sh
[1.202s] -- Up-to-date: /home/robot/app/robot_ws/install/micro_ros_setup/./config/generate_lib/generic/client_uros_packages.repos
[1.202s] -- Up-to-date: /home/robot/app/robot_ws/install/micro_ros_setup/./config/utils.sh
[1.202s] -- Up-to-date: /home/robot/app/robot_ws/install/micro_ros_setup/./config/agent_uros_packages.repos
[1.202s] -- Up-to-date: /home/robot/app/robot_ws/install/micro_ros_setup/./config/mbed
[1.202s] -- Up-to-date: /home/robot/app/robot_ws/install/micro_ros_setup/./config/mbed/dev_uros_packages.repos
[1.202s] -- Up-to-date: /home/robot/app/robot_ws/install/micro_ros_setup/./config/mbed/dev_ros2_packages.txt
[1.202s] -- Up-to-date: /home/robot/app/robot_ws/install/micro_ros_setup/./config/mbed/list_apps.sh
[1.203s] -- Up-to-date: /home/robot/app/robot_ws/install/micro_ros_setup/./config/mbed/generic
[1.203s] -- Up-to-date: /home/robot/app/robot_ws/install/micro_ros_setup/./config/mbed/generic/supported_platforms
[1.203s] -- Up-to-date: /home/robot/app/robot_ws/install/micro_ros_setup/./config/mbed/generic/package.xml
[1.203s] -- Up-to-date: /home/robot/app/robot_ws/install/micro_ros_setup/./config/mbed/generic/create.sh
[1.203s] -- Up-to-date: /home/robot/app/robot_ws/install/micro_ros_setup/./config/mbed/generic/build.sh
[1.203s] -- Up-to-date: /home/robot/app/robot_ws/install/micro_ros_setup/./config/mbed/generic/flash.sh
[1.203s] -- Up-to-date: /home/robot/app/robot_ws/install/micro_ros_setup/./config/mbed/generic/client_uros_packages.repos
[1.204s] -- Up-to-date: /home/robot/app/robot_ws/install/micro_ros_setup/./config/mbed/generic/board.repos
[1.204s] -- Up-to-date: /home/robot/app/robot_ws/install/micro_ros_setup/./config/raspbian
[1.204s] -- Up-to-date: /home/robot/app/robot_ws/install/micro_ros_setup/./config/raspbian/dev_uros_packages.repos
[1.204s] -- Up-to-date: /home/robot/app/robot_ws/install/micro_ros_setup/./config/raspbian/dev_ros2_packages.txt
[1.204s] -- Up-to-date: /home/robot/app/robot_ws/install/micro_ros_setup/./config/raspbian/generic
[1.204s] -- Up-to-date: /home/robot/app/robot_ws/install/micro_ros_setup/./config/raspbian/generic/supported_platforms
[1.204s] -- Up-to-date: /home/robot/app/robot_ws/install/micro_ros_setup/./config/raspbian/generic/create.sh
[1.204s] -- Up-to-date: /home/robot/app/robot_ws/install/micro_ros_setup/./config/raspbian/generic/build.sh
[1.209s] -- Up-to-date: /home/robot/app/robot_ws/install/micro_ros_setup/./config/raspbian/generic/configure.sh
[1.209s] -- Up-to-date: /home/robot/app/robot_ws/install/micro_ros_setup/./config/raspbian/generic/client-colcon.meta
[1.209s] -- Up-to-date: /home/robot/app/robot_ws/install/micro_ros_setup/./config/raspbian/generic/flash.sh
[1.209s] -- Up-to-date: /home/robot/app/robot_ws/install/micro_ros_setup/./config/raspbian/generic/client_uros_packages.repos
[1.209s] -- Up-to-date: /home/robot/app/robot_ws/install/micro_ros_setup/./config/client_uros_packages.repos
[1.209s] -- Up-to-date: /home/robot/app/robot_ws/install/micro_ros_setup/./config/client_ros2_packages.txt
[1.209s] -- Up-to-date: /home/robot/app/robot_ws/install/micro_ros_setup/./config/agent_ros2_packages.txt
[1.210s] -- Up-to-date: /home/robot/app/robot_ws/install/micro_ros_setup/lib/micro_ros_setup/create_ws.sh
[1.210s] -- Up-to-date: /home/robot/app/robot_ws/install/micro_ros_setup/lib/micro_ros_setup/create_agent_ws.sh
[1.210s] -- Up-to-date: /home/robot/app/robot_ws/install/micro_ros_setup/lib/micro_ros_setup/create_firmware_ws.sh
[1.210s] -- Up-to-date: /home/robot/app/robot_ws/install/micro_ros_setup/lib/micro_ros_setup/configure_firmware.sh
[1.210s] -- Up-to-date: /home/robot/app/robot_ws/install/micro_ros_setup/lib/micro_ros_setup/flash_firmware.sh
[1.210s] -- Up-to-date: /home/robot/app/robot_ws/install/micro_ros_setup/lib/micro_ros_setup/build_firmware.sh
[1.210s] -- Up-to-date: /home/robot/app/robot_ws/install/micro_ros_setup/lib/micro_ros_setup/build_agent.sh
[1.210s] -- Up-to-date: /home/robot/app/robot_ws/install/micro_ros_setup/lib/micro_ros_setup/yaml_filter.py
[1.211s] -- Up-to-date: /home/robot/app/robot_ws/install/micro_ros_setup/lib/micro_ros_setup/clean_env.sh
[1.211s] -- Up-to-date: /home/robot/app/robot_ws/install/micro_ros_setup/lib/micro_ros_setup/component
[1.211s] Invoked command in '/home/robot/app/robot_ws/build/micro_ros_setup' returned '0': CMAKE_PREFIX_PATH=${CMAKE_PREFIX_PATH}:/home/robot/app/robot_ws/install/sensor_msgs_py:/opt/ros/humble /usr/bin/cmake --install /home/robot/app/robot_ws/build/micro_ros_setup
