[0.110s] Invoking command in '/home/robot/app/robot_ws/build/complex_msgs': CMAKE_PREFIX_PATH=/home/robot/app/robot_ws/install/builtin_interfaces:/home/robot/app/robot_ws/install/micro_ros_agent:/home/robot/app/robot_ws/install/micro_ros_demos_rclc:/home/robot/app/robot_ws/install/common_interfaces:/home/robot/app/robot_ws/install/visualization_msgs:/home/robot/app/robot_ws/install/test_msgs:/home/robot/app/robot_ws/install/example_interfaces:/home/robot/app/robot_ws/install/action_msgs:/home/robot/app/robot_ws/install/unique_identifier_msgs:/home/robot/app/robot_ws/install/trajectory_msgs:/home/robot/app/robot_ws/install/stereo_msgs:/home/robot/app/robot_ws/install/std_srvs:/home/robot/app/robot_ws/install/shape_msgs:/home/robot/app/robot_ws/install/sensor_msgs:/home/robot/app/robot_ws/install/nav_msgs:/home/robot/app/robot_ws/install/diagnostic_msgs:/home/robot/app/robot_ws/install/geometry_msgs:/home/robot/app/robot_ws/install/actionlib_msgs:/home/robot/app/robot_ws/install/std_msgs:/home/robot/app/robot_ws/install/statistics_msgs:/home/robot/app/robot_ws/install/rosidl_typesupport_microxrcedds_test_msg:/home/robot/app/robot_ws/install/rosidl_typesupport_microxrcedds_cpp_tests:/home/robot/app/robot_ws/install/rmw_microxrcedds:/home/robot/app/robot_ws/install/rosidl_typesupport_microxrcedds_cpp:/home/robot/app/robot_ws/install/rosidl_typesupport_microxrcedds_c_tests:/home/robot/app/robot_ws/install/rosidl_typesupport_microxrcedds_c:/home/robot/app/robot_ws/install/rosgraph_msgs:/home/robot/app/robot_ws/install/rclc_parameter:/home/robot/app/robot_ws/install/rclc:/home/robot/app/robot_ws/install/composition_interfaces:/home/robot/app/robot_ws/install/rcl_interfaces:/home/robot/app/robot_ws/install/microxrcedds_client:/home/robot/app/robot_ws/install/microcdr:/home/robot/app/robot_ws/install/micro_ros_utilities:/home/robot/app/robot_ws/install/micro_ros_msgs:/home/robot/app/robot_ws/install/lifecycle_msgs:/home/robot/app/robot_ws/install/complex_msgs:/home/robot/app/robot_ws/install/micro_ros_setup:/home/robot/app/robot_ws/install/sensor_msgs_py:/opt/ros/humble LD_LIBRARY_PATH=/home/robot/app/robot_ws/install/builtin_interfaces/lib:/home/robot/app/robot_ws/install/micro_ros_agent/lib:/home/robot/app/robot_ws/install/visualization_msgs/lib:/home/robot/app/robot_ws/install/test_msgs/lib:/home/robot/app/robot_ws/install/example_interfaces/lib:/home/robot/app/robot_ws/install/action_msgs/lib:/home/robot/app/robot_ws/install/unique_identifier_msgs/lib:/home/robot/app/robot_ws/install/trajectory_msgs/lib:/home/robot/app/robot_ws/install/stereo_msgs/lib:/home/robot/app/robot_ws/install/std_srvs/lib:/home/robot/app/robot_ws/install/shape_msgs/lib:/home/robot/app/robot_ws/install/sensor_msgs/lib:/home/robot/app/robot_ws/install/nav_msgs/lib:/home/robot/app/robot_ws/install/diagnostic_msgs/lib:/home/robot/app/robot_ws/install/geometry_msgs/lib:/home/robot/app/robot_ws/install/actionlib_msgs/lib:/home/robot/app/robot_ws/install/std_msgs/lib:/home/robot/app/robot_ws/install/statistics_msgs/lib:/home/robot/app/robot_ws/install/rmw_microxrcedds/lib:/home/robot/app/robot_ws/install/rosidl_typesupport_microxrcedds_cpp/lib:/home/robot/app/robot_ws/install/rosidl_typesupport_microxrcedds_c/lib:/home/robot/app/robot_ws/install/rosgraph_msgs/lib:/home/robot/app/robot_ws/install/rclc_parameter/lib:/home/robot/app/robot_ws/install/rclc/lib:/home/robot/app/robot_ws/install/composition_interfaces/lib:/home/robot/app/robot_ws/install/rcl_interfaces/lib:/home/robot/app/robot_ws/install/microxrcedds_client/lib:/home/robot/app/robot_ws/install/microcdr/lib:/home/robot/app/robot_ws/install/micro_ros_utilities/lib:/home/robot/app/robot_ws/install/micro_ros_msgs/lib:/home/robot/app/robot_ws/install/lifecycle_msgs/lib:/home/robot/app/robot_ws/install/complex_msgs/lib:/opt/ros/humble/opt/rviz_ogre_vendor/lib:/opt/ros/humble/lib/x86_64-linux-gnu:/opt/ros/humble/lib /usr/bin/cmake /home/robot/app/robot_ws/src/uros/micro-ROS-demos/messages/complex_msg -DCMAKE_INSTALL_PREFIX=/home/robot/app/robot_ws/install/complex_msgs
[0.172s] -- Found ament_cmake: 1.3.10 (/opt/ros/humble/share/ament_cmake/cmake)
[0.674s] -- Found builtin_interfaces: 1.2.1 (/home/robot/app/robot_ws/install/builtin_interfaces/share/builtin_interfaces/cmake)
[0.722s] -- Found rosidl_generator_c: 3.1.5 (/opt/ros/humble/share/rosidl_generator_c/cmake)
[0.727s] -- Found rosidl_adapter: 3.1.5 (/opt/ros/humble/share/rosidl_adapter/cmake)
[0.741s] -- Found rosidl_generator_cpp: 3.1.5 (/opt/ros/humble/share/rosidl_generator_cpp/cmake)
[0.758s] -- Using all available rosidl_typesupport_c: rosidl_typesupport_microxrcedds_c;rosidl_typesupport_fastrtps_c;rosidl_typesupport_introspection_c
[0.792s] -- Using all available rosidl_typesupport_cpp: rosidl_typesupport_microxrcedds_cpp;rosidl_typesupport_fastrtps_cpp;rosidl_typesupport_introspection_cpp
[0.858s] -- Found rosidl_default_generators: 1.2.0 (/opt/ros/humble/share/rosidl_default_generators/cmake)
[1.852s] -- Found ament_cmake_ros: 0.10.0 (/opt/ros/humble/share/ament_cmake_ros/cmake)
[3.091s] -- Using all available rosidl_typesupport_c: rosidl_typesupport_microxrcedds_c;rosidl_typesupport_fastrtps_c;rosidl_typesupport_introspection_c
[3.612s] -- Using all available rosidl_typesupport_cpp: rosidl_typesupport_microxrcedds_cpp;rosidl_typesupport_fastrtps_cpp;rosidl_typesupport_introspection_cpp
[3.669s] -- Found python_cmake_module: 0.10.0 (/opt/ros/humble/share/python_cmake_module/cmake)
[3.764s] -- Using PYTHON_EXECUTABLE: /usr/bin/python3
[3.765s] -- Using PYTHON_INCLUDE_DIRS: /usr/include/python3.10
[3.765s] -- Using PYTHON_LIBRARIES: /usr/lib/x86_64-linux-gnu/libpython3.10.so
[3.899s] -- Configuring done
[4.123s] -- Generating done
[4.136s] -- Build files have been written to: /home/robot/app/robot_ws/build/complex_msgs
[4.193s] Invoked command in '/home/robot/app/robot_ws/build/complex_msgs' returned '0': CMAKE_PREFIX_PATH=/home/robot/app/robot_ws/install/builtin_interfaces:/home/robot/app/robot_ws/install/micro_ros_agent:/home/robot/app/robot_ws/install/micro_ros_demos_rclc:/home/robot/app/robot_ws/install/common_interfaces:/home/robot/app/robot_ws/install/visualization_msgs:/home/robot/app/robot_ws/install/test_msgs:/home/robot/app/robot_ws/install/example_interfaces:/home/robot/app/robot_ws/install/action_msgs:/home/robot/app/robot_ws/install/unique_identifier_msgs:/home/robot/app/robot_ws/install/trajectory_msgs:/home/robot/app/robot_ws/install/stereo_msgs:/home/robot/app/robot_ws/install/std_srvs:/home/robot/app/robot_ws/install/shape_msgs:/home/robot/app/robot_ws/install/sensor_msgs:/home/robot/app/robot_ws/install/nav_msgs:/home/robot/app/robot_ws/install/diagnostic_msgs:/home/robot/app/robot_ws/install/geometry_msgs:/home/robot/app/robot_ws/install/actionlib_msgs:/home/robot/app/robot_ws/install/std_msgs:/home/robot/app/robot_ws/install/statistics_msgs:/home/robot/app/robot_ws/install/rosidl_typesupport_microxrcedds_test_msg:/home/robot/app/robot_ws/install/rosidl_typesupport_microxrcedds_cpp_tests:/home/robot/app/robot_ws/install/rmw_microxrcedds:/home/robot/app/robot_ws/install/rosidl_typesupport_microxrcedds_cpp:/home/robot/app/robot_ws/install/rosidl_typesupport_microxrcedds_c_tests:/home/robot/app/robot_ws/install/rosidl_typesupport_microxrcedds_c:/home/robot/app/robot_ws/install/rosgraph_msgs:/home/robot/app/robot_ws/install/rclc_parameter:/home/robot/app/robot_ws/install/rclc:/home/robot/app/robot_ws/install/composition_interfaces:/home/robot/app/robot_ws/install/rcl_interfaces:/home/robot/app/robot_ws/install/microxrcedds_client:/home/robot/app/robot_ws/install/microcdr:/home/robot/app/robot_ws/install/micro_ros_utilities:/home/robot/app/robot_ws/install/micro_ros_msgs:/home/robot/app/robot_ws/install/lifecycle_msgs:/home/robot/app/robot_ws/install/complex_msgs:/home/robot/app/robot_ws/install/micro_ros_setup:/home/robot/app/robot_ws/install/sensor_msgs_py:/opt/ros/humble LD_LIBRARY_PATH=/home/robot/app/robot_ws/install/builtin_interfaces/lib:/home/robot/app/robot_ws/install/micro_ros_agent/lib:/home/robot/app/robot_ws/install/visualization_msgs/lib:/home/robot/app/robot_ws/install/test_msgs/lib:/home/robot/app/robot_ws/install/example_interfaces/lib:/home/robot/app/robot_ws/install/action_msgs/lib:/home/robot/app/robot_ws/install/unique_identifier_msgs/lib:/home/robot/app/robot_ws/install/trajectory_msgs/lib:/home/robot/app/robot_ws/install/stereo_msgs/lib:/home/robot/app/robot_ws/install/std_srvs/lib:/home/robot/app/robot_ws/install/shape_msgs/lib:/home/robot/app/robot_ws/install/sensor_msgs/lib:/home/robot/app/robot_ws/install/nav_msgs/lib:/home/robot/app/robot_ws/install/diagnostic_msgs/lib:/home/robot/app/robot_ws/install/geometry_msgs/lib:/home/robot/app/robot_ws/install/actionlib_msgs/lib:/home/robot/app/robot_ws/install/std_msgs/lib:/home/robot/app/robot_ws/install/statistics_msgs/lib:/home/robot/app/robot_ws/install/rmw_microxrcedds/lib:/home/robot/app/robot_ws/install/rosidl_typesupport_microxrcedds_cpp/lib:/home/robot/app/robot_ws/install/rosidl_typesupport_microxrcedds_c/lib:/home/robot/app/robot_ws/install/rosgraph_msgs/lib:/home/robot/app/robot_ws/install/rclc_parameter/lib:/home/robot/app/robot_ws/install/rclc/lib:/home/robot/app/robot_ws/install/composition_interfaces/lib:/home/robot/app/robot_ws/install/rcl_interfaces/lib:/home/robot/app/robot_ws/install/microxrcedds_client/lib:/home/robot/app/robot_ws/install/microcdr/lib:/home/robot/app/robot_ws/install/micro_ros_utilities/lib:/home/robot/app/robot_ws/install/micro_ros_msgs/lib:/home/robot/app/robot_ws/install/lifecycle_msgs/lib:/home/robot/app/robot_ws/install/complex_msgs/lib:/opt/ros/humble/opt/rviz_ogre_vendor/lib:/opt/ros/humble/lib/x86_64-linux-gnu:/opt/ros/humble/lib /usr/bin/cmake /home/robot/app/robot_ws/src/uros/micro-ROS-demos/messages/complex_msg -DCMAKE_INSTALL_PREFIX=/home/robot/app/robot_ws/install/complex_msgs
[4.194s] Invoking command in '/home/robot/app/robot_ws/build/complex_msgs': CMAKE_PREFIX_PATH=/home/robot/app/robot_ws/install/builtin_interfaces:/home/robot/app/robot_ws/install/micro_ros_agent:/home/robot/app/robot_ws/install/micro_ros_demos_rclc:/home/robot/app/robot_ws/install/common_interfaces:/home/robot/app/robot_ws/install/visualization_msgs:/home/robot/app/robot_ws/install/test_msgs:/home/robot/app/robot_ws/install/example_interfaces:/home/robot/app/robot_ws/install/action_msgs:/home/robot/app/robot_ws/install/unique_identifier_msgs:/home/robot/app/robot_ws/install/trajectory_msgs:/home/robot/app/robot_ws/install/stereo_msgs:/home/robot/app/robot_ws/install/std_srvs:/home/robot/app/robot_ws/install/shape_msgs:/home/robot/app/robot_ws/install/sensor_msgs:/home/robot/app/robot_ws/install/nav_msgs:/home/robot/app/robot_ws/install/diagnostic_msgs:/home/robot/app/robot_ws/install/geometry_msgs:/home/robot/app/robot_ws/install/actionlib_msgs:/home/robot/app/robot_ws/install/std_msgs:/home/robot/app/robot_ws/install/statistics_msgs:/home/robot/app/robot_ws/install/rosidl_typesupport_microxrcedds_test_msg:/home/robot/app/robot_ws/install/rosidl_typesupport_microxrcedds_cpp_tests:/home/robot/app/robot_ws/install/rmw_microxrcedds:/home/robot/app/robot_ws/install/rosidl_typesupport_microxrcedds_cpp:/home/robot/app/robot_ws/install/rosidl_typesupport_microxrcedds_c_tests:/home/robot/app/robot_ws/install/rosidl_typesupport_microxrcedds_c:/home/robot/app/robot_ws/install/rosgraph_msgs:/home/robot/app/robot_ws/install/rclc_parameter:/home/robot/app/robot_ws/install/rclc:/home/robot/app/robot_ws/install/composition_interfaces:/home/robot/app/robot_ws/install/rcl_interfaces:/home/robot/app/robot_ws/install/microxrcedds_client:/home/robot/app/robot_ws/install/microcdr:/home/robot/app/robot_ws/install/micro_ros_utilities:/home/robot/app/robot_ws/install/micro_ros_msgs:/home/robot/app/robot_ws/install/lifecycle_msgs:/home/robot/app/robot_ws/install/complex_msgs:/home/robot/app/robot_ws/install/micro_ros_setup:/home/robot/app/robot_ws/install/sensor_msgs_py:/opt/ros/humble LD_LIBRARY_PATH=/home/robot/app/robot_ws/install/builtin_interfaces/lib:/home/robot/app/robot_ws/install/micro_ros_agent/lib:/home/robot/app/robot_ws/install/visualization_msgs/lib:/home/robot/app/robot_ws/install/test_msgs/lib:/home/robot/app/robot_ws/install/example_interfaces/lib:/home/robot/app/robot_ws/install/action_msgs/lib:/home/robot/app/robot_ws/install/unique_identifier_msgs/lib:/home/robot/app/robot_ws/install/trajectory_msgs/lib:/home/robot/app/robot_ws/install/stereo_msgs/lib:/home/robot/app/robot_ws/install/std_srvs/lib:/home/robot/app/robot_ws/install/shape_msgs/lib:/home/robot/app/robot_ws/install/sensor_msgs/lib:/home/robot/app/robot_ws/install/nav_msgs/lib:/home/robot/app/robot_ws/install/diagnostic_msgs/lib:/home/robot/app/robot_ws/install/geometry_msgs/lib:/home/robot/app/robot_ws/install/actionlib_msgs/lib:/home/robot/app/robot_ws/install/std_msgs/lib:/home/robot/app/robot_ws/install/statistics_msgs/lib:/home/robot/app/robot_ws/install/rmw_microxrcedds/lib:/home/robot/app/robot_ws/install/rosidl_typesupport_microxrcedds_cpp/lib:/home/robot/app/robot_ws/install/rosidl_typesupport_microxrcedds_c/lib:/home/robot/app/robot_ws/install/rosgraph_msgs/lib:/home/robot/app/robot_ws/install/rclc_parameter/lib:/home/robot/app/robot_ws/install/rclc/lib:/home/robot/app/robot_ws/install/composition_interfaces/lib:/home/robot/app/robot_ws/install/rcl_interfaces/lib:/home/robot/app/robot_ws/install/microxrcedds_client/lib:/home/robot/app/robot_ws/install/microcdr/lib:/home/robot/app/robot_ws/install/micro_ros_utilities/lib:/home/robot/app/robot_ws/install/micro_ros_msgs/lib:/home/robot/app/robot_ws/install/lifecycle_msgs/lib:/home/robot/app/robot_ws/install/complex_msgs/lib:/opt/ros/humble/opt/rviz_ogre_vendor/lib:/opt/ros/humble/lib/x86_64-linux-gnu:/opt/ros/humble/lib /usr/bin/cmake --build /home/robot/app/robot_ws/build/complex_msgs -- -j8 -l8
[4.390s] [35m[1mConsolidate compiler generated dependencies of target complex_msgs__rosidl_generator_c[0m
[4.447s] [  2%] Built target complex_msgs__cpp
[4.495s] [ 10%] Built target complex_msgs__rosidl_generator_c
[4.568s] [ 10%] Built target ament_cmake_python_copy_complex_msgs
[4.568s] [35m[1mConsolidate compiler generated dependencies of target complex_msgs__rosidl_typesupport_cpp[0m
[4.580s] [35m[1mConsolidate compiler generated dependencies of target complex_msgs__rosidl_typesupport_fastrtps_cpp[0m
[4.596s] [35m[1mConsolidate compiler generated dependencies of target complex_msgs__rosidl_typesupport_introspection_cpp[0m
[4.613s] [35m[1mConsolidate compiler generated dependencies of target complex_msgs__rosidl_typesupport_microxrcedds_c[0m
[4.638s] [35m[1mConsolidate compiler generated dependencies of target complex_msgs__rosidl_typesupport_introspection_c[0m
[4.639s] [35m[1mConsolidate compiler generated dependencies of target complex_msgs__rosidl_typesupport_microxrcedds_cpp[0m
[4.687s] [35m[1mConsolidate compiler generated dependencies of target complex_msgs__rosidl_typesupport_c[0m
[4.708s] [35m[1mConsolidate compiler generated dependencies of target complex_msgs__rosidl_typesupport_fastrtps_c[0m
[4.708s] [ 18%] Built target complex_msgs__rosidl_typesupport_fastrtps_cpp
[4.726s] [ 26%] Built target complex_msgs__rosidl_typesupport_microxrcedds_cpp
[4.754s] [ 34%] Built target complex_msgs__rosidl_typesupport_introspection_cpp
[4.755s] [ 42%] Built target complex_msgs__rosidl_typesupport_microxrcedds_c
[4.758s] [ 51%] Built target complex_msgs__rosidl_typesupport_cpp
[4.773s] [ 59%] Built target complex_msgs__rosidl_typesupport_introspection_c
[4.800s] [ 67%] Built target complex_msgs__rosidl_typesupport_c
[4.817s] [ 75%] Built target complex_msgs__rosidl_typesupport_fastrtps_c
[4.976s] [ 75%] Built target complex_msgs
[5.078s] [ 77%] Built target complex_msgs__py
[5.121s] [35m[1mConsolidate compiler generated dependencies of target complex_msgs__rosidl_generator_py[0m
[5.205s] [ 83%] Built target complex_msgs__rosidl_generator_py
[5.292s] [35m[1mConsolidate compiler generated dependencies of target complex_msgs__rosidl_typesupport_microxrcedds_c__pyext[0m
[5.292s] [35m[1mConsolidate compiler generated dependencies of target complex_msgs__rosidl_typesupport_fastrtps_c__pyext[0m
[5.322s] [35m[1mConsolidate compiler generated dependencies of target complex_msgs__rosidl_typesupport_introspection_c__pyext[0m
[5.363s] [35m[1mConsolidate compiler generated dependencies of target complex_msgs__rosidl_typesupport_c__pyext[0m
[5.407s] [ 87%] Built target complex_msgs__rosidl_typesupport_microxrcedds_c__pyext
[5.437s] [ 91%] Built target complex_msgs__rosidl_typesupport_fastrtps_c__pyext
[5.439s] [ 95%] Built target complex_msgs__rosidl_typesupport_introspection_c__pyext
[5.532s] [100%] Built target complex_msgs__rosidl_typesupport_c__pyext
[5.877s] running egg_info
[5.884s] writing complex_msgs.egg-info/PKG-INFO
[5.885s] writing dependency_links to complex_msgs.egg-info/dependency_links.txt
[5.885s] writing top-level names to complex_msgs.egg-info/top_level.txt
[5.902s] reading manifest file 'complex_msgs.egg-info/SOURCES.txt'
[5.911s] writing manifest file 'complex_msgs.egg-info/SOURCES.txt'
[6.109s] [100%] Built target ament_cmake_python_build_complex_msgs_egg
[6.177s] Invoked command in '/home/robot/app/robot_ws/build/complex_msgs' returned '0': CMAKE_PREFIX_PATH=/home/robot/app/robot_ws/install/builtin_interfaces:/home/robot/app/robot_ws/install/micro_ros_agent:/home/robot/app/robot_ws/install/micro_ros_demos_rclc:/home/robot/app/robot_ws/install/common_interfaces:/home/robot/app/robot_ws/install/visualization_msgs:/home/robot/app/robot_ws/install/test_msgs:/home/robot/app/robot_ws/install/example_interfaces:/home/robot/app/robot_ws/install/action_msgs:/home/robot/app/robot_ws/install/unique_identifier_msgs:/home/robot/app/robot_ws/install/trajectory_msgs:/home/robot/app/robot_ws/install/stereo_msgs:/home/robot/app/robot_ws/install/std_srvs:/home/robot/app/robot_ws/install/shape_msgs:/home/robot/app/robot_ws/install/sensor_msgs:/home/robot/app/robot_ws/install/nav_msgs:/home/robot/app/robot_ws/install/diagnostic_msgs:/home/robot/app/robot_ws/install/geometry_msgs:/home/robot/app/robot_ws/install/actionlib_msgs:/home/robot/app/robot_ws/install/std_msgs:/home/robot/app/robot_ws/install/statistics_msgs:/home/robot/app/robot_ws/install/rosidl_typesupport_microxrcedds_test_msg:/home/robot/app/robot_ws/install/rosidl_typesupport_microxrcedds_cpp_tests:/home/robot/app/robot_ws/install/rmw_microxrcedds:/home/robot/app/robot_ws/install/rosidl_typesupport_microxrcedds_cpp:/home/robot/app/robot_ws/install/rosidl_typesupport_microxrcedds_c_tests:/home/robot/app/robot_ws/install/rosidl_typesupport_microxrcedds_c:/home/robot/app/robot_ws/install/rosgraph_msgs:/home/robot/app/robot_ws/install/rclc_parameter:/home/robot/app/robot_ws/install/rclc:/home/robot/app/robot_ws/install/composition_interfaces:/home/robot/app/robot_ws/install/rcl_interfaces:/home/robot/app/robot_ws/install/microxrcedds_client:/home/robot/app/robot_ws/install/microcdr:/home/robot/app/robot_ws/install/micro_ros_utilities:/home/robot/app/robot_ws/install/micro_ros_msgs:/home/robot/app/robot_ws/install/lifecycle_msgs:/home/robot/app/robot_ws/install/complex_msgs:/home/robot/app/robot_ws/install/micro_ros_setup:/home/robot/app/robot_ws/install/sensor_msgs_py:/opt/ros/humble LD_LIBRARY_PATH=/home/robot/app/robot_ws/install/builtin_interfaces/lib:/home/robot/app/robot_ws/install/micro_ros_agent/lib:/home/robot/app/robot_ws/install/visualization_msgs/lib:/home/robot/app/robot_ws/install/test_msgs/lib:/home/robot/app/robot_ws/install/example_interfaces/lib:/home/robot/app/robot_ws/install/action_msgs/lib:/home/robot/app/robot_ws/install/unique_identifier_msgs/lib:/home/robot/app/robot_ws/install/trajectory_msgs/lib:/home/robot/app/robot_ws/install/stereo_msgs/lib:/home/robot/app/robot_ws/install/std_srvs/lib:/home/robot/app/robot_ws/install/shape_msgs/lib:/home/robot/app/robot_ws/install/sensor_msgs/lib:/home/robot/app/robot_ws/install/nav_msgs/lib:/home/robot/app/robot_ws/install/diagnostic_msgs/lib:/home/robot/app/robot_ws/install/geometry_msgs/lib:/home/robot/app/robot_ws/install/actionlib_msgs/lib:/home/robot/app/robot_ws/install/std_msgs/lib:/home/robot/app/robot_ws/install/statistics_msgs/lib:/home/robot/app/robot_ws/install/rmw_microxrcedds/lib:/home/robot/app/robot_ws/install/rosidl_typesupport_microxrcedds_cpp/lib:/home/robot/app/robot_ws/install/rosidl_typesupport_microxrcedds_c/lib:/home/robot/app/robot_ws/install/rosgraph_msgs/lib:/home/robot/app/robot_ws/install/rclc_parameter/lib:/home/robot/app/robot_ws/install/rclc/lib:/home/robot/app/robot_ws/install/composition_interfaces/lib:/home/robot/app/robot_ws/install/rcl_interfaces/lib:/home/robot/app/robot_ws/install/microxrcedds_client/lib:/home/robot/app/robot_ws/install/microcdr/lib:/home/robot/app/robot_ws/install/micro_ros_utilities/lib:/home/robot/app/robot_ws/install/micro_ros_msgs/lib:/home/robot/app/robot_ws/install/lifecycle_msgs/lib:/home/robot/app/robot_ws/install/complex_msgs/lib:/opt/ros/humble/opt/rviz_ogre_vendor/lib:/opt/ros/humble/lib/x86_64-linux-gnu:/opt/ros/humble/lib /usr/bin/cmake --build /home/robot/app/robot_ws/build/complex_msgs -- -j8 -l8
[7.030s] Invoking command in '/home/robot/app/robot_ws/build/complex_msgs': CMAKE_PREFIX_PATH=/home/robot/app/robot_ws/install/builtin_interfaces:/home/robot/app/robot_ws/install/micro_ros_agent:/home/robot/app/robot_ws/install/micro_ros_demos_rclc:/home/robot/app/robot_ws/install/common_interfaces:/home/robot/app/robot_ws/install/visualization_msgs:/home/robot/app/robot_ws/install/test_msgs:/home/robot/app/robot_ws/install/example_interfaces:/home/robot/app/robot_ws/install/action_msgs:/home/robot/app/robot_ws/install/unique_identifier_msgs:/home/robot/app/robot_ws/install/trajectory_msgs:/home/robot/app/robot_ws/install/stereo_msgs:/home/robot/app/robot_ws/install/std_srvs:/home/robot/app/robot_ws/install/shape_msgs:/home/robot/app/robot_ws/install/sensor_msgs:/home/robot/app/robot_ws/install/nav_msgs:/home/robot/app/robot_ws/install/diagnostic_msgs:/home/robot/app/robot_ws/install/geometry_msgs:/home/robot/app/robot_ws/install/actionlib_msgs:/home/robot/app/robot_ws/install/std_msgs:/home/robot/app/robot_ws/install/statistics_msgs:/home/robot/app/robot_ws/install/rosidl_typesupport_microxrcedds_test_msg:/home/robot/app/robot_ws/install/rosidl_typesupport_microxrcedds_cpp_tests:/home/robot/app/robot_ws/install/rmw_microxrcedds:/home/robot/app/robot_ws/install/rosidl_typesupport_microxrcedds_cpp:/home/robot/app/robot_ws/install/rosidl_typesupport_microxrcedds_c_tests:/home/robot/app/robot_ws/install/rosidl_typesupport_microxrcedds_c:/home/robot/app/robot_ws/install/rosgraph_msgs:/home/robot/app/robot_ws/install/rclc_parameter:/home/robot/app/robot_ws/install/rclc:/home/robot/app/robot_ws/install/composition_interfaces:/home/robot/app/robot_ws/install/rcl_interfaces:/home/robot/app/robot_ws/install/microxrcedds_client:/home/robot/app/robot_ws/install/microcdr:/home/robot/app/robot_ws/install/micro_ros_utilities:/home/robot/app/robot_ws/install/micro_ros_msgs:/home/robot/app/robot_ws/install/lifecycle_msgs:/home/robot/app/robot_ws/install/complex_msgs:/home/robot/app/robot_ws/install/micro_ros_setup:/home/robot/app/robot_ws/install/sensor_msgs_py:/opt/ros/humble LD_LIBRARY_PATH=/home/robot/app/robot_ws/install/builtin_interfaces/lib:/home/robot/app/robot_ws/install/micro_ros_agent/lib:/home/robot/app/robot_ws/install/visualization_msgs/lib:/home/robot/app/robot_ws/install/test_msgs/lib:/home/robot/app/robot_ws/install/example_interfaces/lib:/home/robot/app/robot_ws/install/action_msgs/lib:/home/robot/app/robot_ws/install/unique_identifier_msgs/lib:/home/robot/app/robot_ws/install/trajectory_msgs/lib:/home/robot/app/robot_ws/install/stereo_msgs/lib:/home/robot/app/robot_ws/install/std_srvs/lib:/home/robot/app/robot_ws/install/shape_msgs/lib:/home/robot/app/robot_ws/install/sensor_msgs/lib:/home/robot/app/robot_ws/install/nav_msgs/lib:/home/robot/app/robot_ws/install/diagnostic_msgs/lib:/home/robot/app/robot_ws/install/geometry_msgs/lib:/home/robot/app/robot_ws/install/actionlib_msgs/lib:/home/robot/app/robot_ws/install/std_msgs/lib:/home/robot/app/robot_ws/install/statistics_msgs/lib:/home/robot/app/robot_ws/install/rmw_microxrcedds/lib:/home/robot/app/robot_ws/install/rosidl_typesupport_microxrcedds_cpp/lib:/home/robot/app/robot_ws/install/rosidl_typesupport_microxrcedds_c/lib:/home/robot/app/robot_ws/install/rosgraph_msgs/lib:/home/robot/app/robot_ws/install/rclc_parameter/lib:/home/robot/app/robot_ws/install/rclc/lib:/home/robot/app/robot_ws/install/composition_interfaces/lib:/home/robot/app/robot_ws/install/rcl_interfaces/lib:/home/robot/app/robot_ws/install/microxrcedds_client/lib:/home/robot/app/robot_ws/install/microcdr/lib:/home/robot/app/robot_ws/install/micro_ros_utilities/lib:/home/robot/app/robot_ws/install/micro_ros_msgs/lib:/home/robot/app/robot_ws/install/lifecycle_msgs/lib:/home/robot/app/robot_ws/install/complex_msgs/lib:/opt/ros/humble/opt/rviz_ogre_vendor/lib:/opt/ros/humble/lib/x86_64-linux-gnu:/opt/ros/humble/lib /usr/bin/cmake --install /home/robot/app/robot_ws/build/complex_msgs
[7.041s] -- Install configuration: ""
[7.044s] -- Up-to-date: /home/robot/app/robot_ws/install/complex_msgs/share/ament_index/resource_index/rosidl_interfaces/complex_msgs
[7.044s] -- Up-to-date: /home/robot/app/robot_ws/install/complex_msgs/include/complex_msgs/complex_msgs
[7.044s] -- Up-to-date: /home/robot/app/robot_ws/install/complex_msgs/include/complex_msgs/complex_msgs/msg
[7.044s] -- Up-to-date: /home/robot/app/robot_ws/install/complex_msgs/include/complex_msgs/complex_msgs/msg/nested_msg_test.h
[7.070s] -- Up-to-date: /home/robot/app/robot_ws/install/complex_msgs/include/complex_msgs/complex_msgs/msg/multi_string_test.h
[7.070s] -- Up-to-date: /home/robot/app/robot_ws/install/complex_msgs/include/complex_msgs/complex_msgs/msg/detail
[7.070s] -- Up-to-date: /home/robot/app/robot_ws/install/complex_msgs/include/complex_msgs/complex_msgs/msg/detail/multi_string_test__struct.h
[7.070s] -- Up-to-date: /home/robot/app/robot_ws/install/complex_msgs/include/complex_msgs/complex_msgs/msg/detail/multi_string_test__functions.c
[7.071s] -- Up-to-date: /home/robot/app/robot_ws/install/complex_msgs/include/complex_msgs/complex_msgs/msg/detail/nested_msg_test__struct.h
[7.071s] -- Up-to-date: /home/robot/app/robot_ws/install/complex_msgs/include/complex_msgs/complex_msgs/msg/detail/multi_string_test__type_support.h
[7.071s] -- Up-to-date: /home/robot/app/robot_ws/install/complex_msgs/include/complex_msgs/complex_msgs/msg/detail/nested_msg_test__type_support.h
[7.071s] -- Up-to-date: /home/robot/app/robot_ws/install/complex_msgs/include/complex_msgs/complex_msgs/msg/detail/multi_string_test__functions.h
[7.071s] -- Up-to-date: /home/robot/app/robot_ws/install/complex_msgs/include/complex_msgs/complex_msgs/msg/detail/nested_msg_test__functions.h
[7.071s] -- Up-to-date: /home/robot/app/robot_ws/install/complex_msgs/include/complex_msgs/complex_msgs/msg/detail/nested_msg_test__functions.c
[7.071s] -- Up-to-date: /home/robot/app/robot_ws/install/complex_msgs/include/complex_msgs/complex_msgs/msg/rosidl_generator_c__visibility_control.h
[7.072s] -- Up-to-date: /home/robot/app/robot_ws/install/complex_msgs/share/complex_msgs/environment/library_path.sh
[7.072s] -- Installing: /home/robot/app/robot_ws/install/complex_msgs/share/complex_msgs/environment/library_path.dsv
[7.077s] -- Up-to-date: /home/robot/app/robot_ws/install/complex_msgs/lib/libcomplex_msgs__rosidl_generator_c.so
[7.077s] -- Up-to-date: /home/robot/app/robot_ws/install/complex_msgs/include/complex_msgs/complex_msgs
[7.077s] -- Up-to-date: /home/robot/app/robot_ws/install/complex_msgs/include/complex_msgs/complex_msgs/msg
[7.077s] -- Up-to-date: /home/robot/app/robot_ws/install/complex_msgs/include/complex_msgs/complex_msgs/msg/detail
[7.077s] -- Up-to-date: /home/robot/app/robot_ws/install/complex_msgs/include/complex_msgs/complex_msgs/msg/detail/multi_string_test__rosidl_typesupport_fastrtps_c.h
[7.078s] -- Up-to-date: /home/robot/app/robot_ws/install/complex_msgs/include/complex_msgs/complex_msgs/msg/detail/nested_msg_test__rosidl_typesupport_fastrtps_c.h
[7.078s] -- Up-to-date: /home/robot/app/robot_ws/install/complex_msgs/include/complex_msgs/complex_msgs/msg/rosidl_typesupport_fastrtps_c__visibility_control.h
[7.078s] -- Up-to-date: /home/robot/app/robot_ws/install/complex_msgs/lib/libcomplex_msgs__rosidl_typesupport_fastrtps_c.so
[7.078s] -- Up-to-date: /home/robot/app/robot_ws/install/complex_msgs/include/complex_msgs/complex_msgs
[7.078s] -- Up-to-date: /home/robot/app/robot_ws/install/complex_msgs/include/complex_msgs/complex_msgs/msg
[7.080s] -- Up-to-date: /home/robot/app/robot_ws/install/complex_msgs/include/complex_msgs/complex_msgs/msg/nested_msg_test.hpp
[7.081s] -- Up-to-date: /home/robot/app/robot_ws/install/complex_msgs/include/complex_msgs/complex_msgs/msg/multi_string_test.hpp
[7.081s] -- Up-to-date: /home/robot/app/robot_ws/install/complex_msgs/include/complex_msgs/complex_msgs/msg/detail
[7.081s] -- Up-to-date: /home/robot/app/robot_ws/install/complex_msgs/include/complex_msgs/complex_msgs/msg/detail/multi_string_test__traits.hpp
[7.081s] -- Up-to-date: /home/robot/app/robot_ws/install/complex_msgs/include/complex_msgs/complex_msgs/msg/detail/multi_string_test__struct.hpp
[7.081s] -- Up-to-date: /home/robot/app/robot_ws/install/complex_msgs/include/complex_msgs/complex_msgs/msg/detail/nested_msg_test__struct.hpp
[7.081s] -- Up-to-date: /home/robot/app/robot_ws/install/complex_msgs/include/complex_msgs/complex_msgs/msg/detail/nested_msg_test__builder.hpp
[7.081s] -- Up-to-date: /home/robot/app/robot_ws/install/complex_msgs/include/complex_msgs/complex_msgs/msg/detail/nested_msg_test__traits.hpp
[7.081s] -- Up-to-date: /home/robot/app/robot_ws/install/complex_msgs/include/complex_msgs/complex_msgs/msg/detail/multi_string_test__builder.hpp
[7.082s] -- Up-to-date: /home/robot/app/robot_ws/install/complex_msgs/include/complex_msgs/complex_msgs
[7.082s] -- Up-to-date: /home/robot/app/robot_ws/install/complex_msgs/include/complex_msgs/complex_msgs/msg
[7.082s] -- Up-to-date: /home/robot/app/robot_ws/install/complex_msgs/include/complex_msgs/complex_msgs/msg/rosidl_typesupport_fastrtps_cpp__visibility_control.h
[7.082s] -- Up-to-date: /home/robot/app/robot_ws/install/complex_msgs/include/complex_msgs/complex_msgs/msg/detail
[7.082s] -- Up-to-date: /home/robot/app/robot_ws/install/complex_msgs/include/complex_msgs/complex_msgs/msg/detail/dds_fastrtps
[7.082s] -- Up-to-date: /home/robot/app/robot_ws/install/complex_msgs/include/complex_msgs/complex_msgs/msg/detail/multi_string_test__rosidl_typesupport_fastrtps_cpp.hpp
[7.082s] -- Up-to-date: /home/robot/app/robot_ws/install/complex_msgs/include/complex_msgs/complex_msgs/msg/detail/nested_msg_test__rosidl_typesupport_fastrtps_cpp.hpp
[7.082s] -- Up-to-date: /home/robot/app/robot_ws/install/complex_msgs/lib/libcomplex_msgs__rosidl_typesupport_fastrtps_cpp.so
[7.082s] -- Up-to-date: /home/robot/app/robot_ws/install/complex_msgs/include/complex_msgs
[7.083s] -- Up-to-date: /home/robot/app/robot_ws/install/complex_msgs/include/complex_msgs/msg
[7.083s] -- Up-to-date: /home/robot/app/robot_ws/install/complex_msgs/include/complex_msgs/msg/detail
[7.083s] -- Up-to-date: /home/robot/app/robot_ws/install/complex_msgs/include/complex_msgs/msg/detail/nested_msg_test__rosidl_typesupport_microxrcedds_c.h
[7.087s] -- Up-to-date: /home/robot/app/robot_ws/install/complex_msgs/include/complex_msgs/msg/detail/microxrcedds
[7.088s] -- Up-to-date: /home/robot/app/robot_ws/install/complex_msgs/include/complex_msgs/msg/detail/multi_string_test__rosidl_typesupport_microxrcedds_c.h
[7.088s] -- Up-to-date: /home/robot/app/robot_ws/install/complex_msgs/include/complex_msgs/msg/rosidl_typesupport_microxrcedds_c__visibility_control.h
[7.088s] -- Up-to-date: /home/robot/app/robot_ws/install/complex_msgs/lib/libcomplex_msgs__rosidl_typesupport_microxrcedds_c.so
[7.088s] -- Up-to-date: /home/robot/app/robot_ws/install/complex_msgs/include/complex_msgs/complex_msgs
[7.088s] -- Up-to-date: /home/robot/app/robot_ws/install/complex_msgs/include/complex_msgs/complex_msgs/msg
[7.088s] -- Up-to-date: /home/robot/app/robot_ws/install/complex_msgs/include/complex_msgs/complex_msgs/msg/rosidl_typesupport_introspection_c__visibility_control.h
[7.088s] -- Up-to-date: /home/robot/app/robot_ws/install/complex_msgs/include/complex_msgs/complex_msgs/msg/detail
[7.089s] -- Up-to-date: /home/robot/app/robot_ws/install/complex_msgs/include/complex_msgs/complex_msgs/msg/detail/nested_msg_test__rosidl_typesupport_introspection_c.h
[7.089s] -- Up-to-date: /home/robot/app/robot_ws/install/complex_msgs/include/complex_msgs/complex_msgs/msg/detail/nested_msg_test__type_support.c
[7.089s] -- Up-to-date: /home/robot/app/robot_ws/install/complex_msgs/include/complex_msgs/complex_msgs/msg/detail/multi_string_test__rosidl_typesupport_introspection_c.h
[7.089s] -- Up-to-date: /home/robot/app/robot_ws/install/complex_msgs/include/complex_msgs/complex_msgs/msg/detail/multi_string_test__type_support.c
[7.089s] -- Up-to-date: /home/robot/app/robot_ws/install/complex_msgs/lib/libcomplex_msgs__rosidl_typesupport_introspection_c.so
[7.089s] -- Up-to-date: /home/robot/app/robot_ws/install/complex_msgs/lib/libcomplex_msgs__rosidl_typesupport_c.so
[7.089s] -- Up-to-date: /home/robot/app/robot_ws/install/complex_msgs/include/complex_msgs
[7.089s] -- Up-to-date: /home/robot/app/robot_ws/install/complex_msgs/include/complex_msgs/msg
[7.089s] -- Up-to-date: /home/robot/app/robot_ws/install/complex_msgs/include/complex_msgs/msg/detail
[7.090s] -- Up-to-date: /home/robot/app/robot_ws/install/complex_msgs/include/complex_msgs/msg/detail/microxrcedds
[7.090s] -- Up-to-date: /home/robot/app/robot_ws/install/complex_msgs/include/complex_msgs/msg/detail/microxrcedds/multi_string_test__type_support_cpp.cpp
[7.090s] -- Up-to-date: /home/robot/app/robot_ws/install/complex_msgs/include/complex_msgs/msg/detail/microxrcedds/nested_msg_test__type_support_cpp.cpp
[7.090s] -- Up-to-date: /home/robot/app/robot_ws/install/complex_msgs/include/complex_msgs/msg/detail/nested_msg_test__rosidl_typesupport_microxrcedds_cpp.hpp
[7.090s] -- Up-to-date: /home/robot/app/robot_ws/install/complex_msgs/include/complex_msgs/msg/detail/multi_string_test__rosidl_typesupport_microxrcedds_cpp.hpp
[7.090s] -- Up-to-date: /home/robot/app/robot_ws/install/complex_msgs/include/complex_msgs/msg/rosidl_typesupport_microxrcedds_cpp__visibility_control.h
[7.096s] -- Up-to-date: /home/robot/app/robot_ws/install/complex_msgs/lib/libcomplex_msgs__rosidl_typesupport_microxrcedds_cpp.so
[7.096s] -- Up-to-date: /home/robot/app/robot_ws/install/complex_msgs/include/complex_msgs/complex_msgs
[7.096s] -- Up-to-date: /home/robot/app/robot_ws/install/complex_msgs/include/complex_msgs/complex_msgs/msg
[7.096s] -- Up-to-date: /home/robot/app/robot_ws/install/complex_msgs/include/complex_msgs/complex_msgs/msg/detail
[7.096s] -- Up-to-date: /home/robot/app/robot_ws/install/complex_msgs/include/complex_msgs/complex_msgs/msg/detail/multi_string_test__type_support.cpp
[7.097s] -- Up-to-date: /home/robot/app/robot_ws/install/complex_msgs/include/complex_msgs/complex_msgs/msg/detail/nested_msg_test__rosidl_typesupport_introspection_cpp.hpp
[7.097s] -- Up-to-date: /home/robot/app/robot_ws/install/complex_msgs/include/complex_msgs/complex_msgs/msg/detail/multi_string_test__rosidl_typesupport_introspection_cpp.hpp
[7.097s] -- Up-to-date: /home/robot/app/robot_ws/install/complex_msgs/include/complex_msgs/complex_msgs/msg/detail/nested_msg_test__type_support.cpp
[7.097s] -- Up-to-date: /home/robot/app/robot_ws/install/complex_msgs/lib/libcomplex_msgs__rosidl_typesupport_introspection_cpp.so
[7.097s] -- Up-to-date: /home/robot/app/robot_ws/install/complex_msgs/lib/libcomplex_msgs__rosidl_typesupport_cpp.so
[7.097s] -- Up-to-date: /home/robot/app/robot_ws/install/complex_msgs/share/complex_msgs/environment/pythonpath.sh
[7.098s] -- Installing: /home/robot/app/robot_ws/install/complex_msgs/share/complex_msgs/environment/pythonpath.dsv
[7.098s] -- Up-to-date: /home/robot/app/robot_ws/install/complex_msgs/local/lib/python3.10/dist-packages/complex_msgs-3.0.2-py3.10.egg-info
[7.098s] -- Installing: /home/robot/app/robot_ws/install/complex_msgs/local/lib/python3.10/dist-packages/complex_msgs-3.0.2-py3.10.egg-info/dependency_links.txt
[7.098s] -- Installing: /home/robot/app/robot_ws/install/complex_msgs/local/lib/python3.10/dist-packages/complex_msgs-3.0.2-py3.10.egg-info/PKG-INFO
[7.098s] -- Installing: /home/robot/app/robot_ws/install/complex_msgs/local/lib/python3.10/dist-packages/complex_msgs-3.0.2-py3.10.egg-info/SOURCES.txt
[7.098s] -- Installing: /home/robot/app/robot_ws/install/complex_msgs/local/lib/python3.10/dist-packages/complex_msgs-3.0.2-py3.10.egg-info/top_level.txt
[7.098s] -- Up-to-date: /home/robot/app/robot_ws/install/complex_msgs/local/lib/python3.10/dist-packages/complex_msgs
[7.098s] -- Installing: /home/robot/app/robot_ws/install/complex_msgs/local/lib/python3.10/dist-packages/complex_msgs/__init__.py
[7.099s] -- Up-to-date: /home/robot/app/robot_ws/install/complex_msgs/local/lib/python3.10/dist-packages/complex_msgs/complex_msgs_s__rosidl_typesupport_microxrcedds_c.cpython-310-x86_64-linux-gnu.so
[7.099s] -- Up-to-date: /home/robot/app/robot_ws/install/complex_msgs/local/lib/python3.10/dist-packages/complex_msgs/_complex_msgs_s.ep.rosidl_typesupport_introspection_c.c
[7.099s] -- Up-to-date: /home/robot/app/robot_ws/install/complex_msgs/local/lib/python3.10/dist-packages/complex_msgs/complex_msgs_s__rosidl_typesupport_c.cpython-310-x86_64-linux-gnu.so
[7.099s] -- Up-to-date: /home/robot/app/robot_ws/install/complex_msgs/local/lib/python3.10/dist-packages/complex_msgs/_complex_msgs_s.ep.rosidl_typesupport_fastrtps_c.c
[7.099s] -- Up-to-date: /home/robot/app/robot_ws/install/complex_msgs/local/lib/python3.10/dist-packages/complex_msgs/_complex_msgs_s.ep.rosidl_typesupport_microxrcedds_c.c
[7.099s] -- Up-to-date: /home/robot/app/robot_ws/install/complex_msgs/local/lib/python3.10/dist-packages/complex_msgs/libcomplex_msgs__rosidl_generator_py.so
[7.099s] -- Up-to-date: /home/robot/app/robot_ws/install/complex_msgs/local/lib/python3.10/dist-packages/complex_msgs/complex_msgs_s__rosidl_typesupport_fastrtps_c.cpython-310-x86_64-linux-gnu.so
[7.099s] -- Up-to-date: /home/robot/app/robot_ws/install/complex_msgs/local/lib/python3.10/dist-packages/complex_msgs/_complex_msgs_s.ep.rosidl_typesupport_c.c
[7.099s] -- Up-to-date: /home/robot/app/robot_ws/install/complex_msgs/local/lib/python3.10/dist-packages/complex_msgs/complex_msgs_s__rosidl_typesupport_introspection_c.cpython-310-x86_64-linux-gnu.so
[7.100s] -- Up-to-date: /home/robot/app/robot_ws/install/complex_msgs/local/lib/python3.10/dist-packages/complex_msgs/msg
[7.100s] -- Up-to-date: /home/robot/app/robot_ws/install/complex_msgs/local/lib/python3.10/dist-packages/complex_msgs/msg/__init__.py
[7.100s] -- Up-to-date: /home/robot/app/robot_ws/install/complex_msgs/local/lib/python3.10/dist-packages/complex_msgs/msg/_multi_string_test.py
[7.100s] -- Up-to-date: /home/robot/app/robot_ws/install/complex_msgs/local/lib/python3.10/dist-packages/complex_msgs/msg/_multi_string_test_s.c
[7.100s] -- Up-to-date: /home/robot/app/robot_ws/install/complex_msgs/local/lib/python3.10/dist-packages/complex_msgs/msg/_nested_msg_test.py
[7.100s] -- Up-to-date: /home/robot/app/robot_ws/install/complex_msgs/local/lib/python3.10/dist-packages/complex_msgs/msg/_nested_msg_test_s.c
[7.281s] Listing '/home/robot/app/robot_ws/install/complex_msgs/local/lib/python3.10/dist-packages/complex_msgs'...
[7.281s] Compiling '/home/robot/app/robot_ws/install/complex_msgs/local/lib/python3.10/dist-packages/complex_msgs/__init__.py'...
[7.281s] Listing '/home/robot/app/robot_ws/install/complex_msgs/local/lib/python3.10/dist-packages/complex_msgs/msg'...
[7.315s] -- Up-to-date: /home/robot/app/robot_ws/install/complex_msgs/local/lib/python3.10/dist-packages/complex_msgs/complex_msgs_s__rosidl_typesupport_microxrcedds_c.cpython-310-x86_64-linux-gnu.so
[7.316s] -- Up-to-date: /home/robot/app/robot_ws/install/complex_msgs/local/lib/python3.10/dist-packages/complex_msgs/complex_msgs_s__rosidl_typesupport_fastrtps_c.cpython-310-x86_64-linux-gnu.so
[7.316s] -- Up-to-date: /home/robot/app/robot_ws/install/complex_msgs/local/lib/python3.10/dist-packages/complex_msgs/complex_msgs_s__rosidl_typesupport_introspection_c.cpython-310-x86_64-linux-gnu.so
[7.319s] -- Up-to-date: /home/robot/app/robot_ws/install/complex_msgs/local/lib/python3.10/dist-packages/complex_msgs/complex_msgs_s__rosidl_typesupport_c.cpython-310-x86_64-linux-gnu.so
[7.324s] -- Up-to-date: /home/robot/app/robot_ws/install/complex_msgs/lib/libcomplex_msgs__rosidl_generator_py.so
[7.324s] -- Up-to-date: /home/robot/app/robot_ws/install/complex_msgs/share/complex_msgs/msg/MultiStringTest.idl
[7.324s] -- Up-to-date: /home/robot/app/robot_ws/install/complex_msgs/share/complex_msgs/msg/NestedMsgTest.idl
[7.324s] -- Up-to-date: /home/robot/app/robot_ws/install/complex_msgs/share/complex_msgs/msg/MultiStringTest.msg
[7.325s] -- Up-to-date: /home/robot/app/robot_ws/install/complex_msgs/share/complex_msgs/msg/NestedMsgTest.msg
[7.325s] -- Up-to-date: /home/robot/app/robot_ws/install/complex_msgs/share/ament_index/resource_index/package_run_dependencies/complex_msgs
[7.325s] -- Installing: /home/robot/app/robot_ws/install/complex_msgs/share/ament_index/resource_index/parent_prefix_path/complex_msgs
[7.325s] -- Up-to-date: /home/robot/app/robot_ws/install/complex_msgs/share/complex_msgs/environment/ament_prefix_path.sh
[7.326s] -- Installing: /home/robot/app/robot_ws/install/complex_msgs/share/complex_msgs/environment/ament_prefix_path.dsv
[7.326s] -- Up-to-date: /home/robot/app/robot_ws/install/complex_msgs/share/complex_msgs/environment/path.sh
[7.326s] -- Installing: /home/robot/app/robot_ws/install/complex_msgs/share/complex_msgs/environment/path.dsv
[7.326s] -- Up-to-date: /home/robot/app/robot_ws/install/complex_msgs/share/complex_msgs/local_setup.bash
[7.326s] -- Up-to-date: /home/robot/app/robot_ws/install/complex_msgs/share/complex_msgs/local_setup.sh
[7.326s] -- Up-to-date: /home/robot/app/robot_ws/install/complex_msgs/share/complex_msgs/local_setup.zsh
[7.326s] -- Installing: /home/robot/app/robot_ws/install/complex_msgs/share/complex_msgs/local_setup.dsv
[7.327s] -- Installing: /home/robot/app/robot_ws/install/complex_msgs/share/complex_msgs/package.dsv
[7.327s] -- Up-to-date: /home/robot/app/robot_ws/install/complex_msgs/share/ament_index/resource_index/packages/complex_msgs
[7.335s] -- Up-to-date: /home/robot/app/robot_ws/install/complex_msgs/share/complex_msgs/cmake/export_complex_msgs__rosidl_generator_cExport.cmake
[7.336s] -- Up-to-date: /home/robot/app/robot_ws/install/complex_msgs/share/complex_msgs/cmake/export_complex_msgs__rosidl_generator_cExport-noconfig.cmake
[7.336s] -- Up-to-date: /home/robot/app/robot_ws/install/complex_msgs/share/complex_msgs/cmake/export_complex_msgs__rosidl_typesupport_fastrtps_cExport.cmake
[7.336s] -- Up-to-date: /home/robot/app/robot_ws/install/complex_msgs/share/complex_msgs/cmake/export_complex_msgs__rosidl_typesupport_fastrtps_cExport-noconfig.cmake
[7.339s] -- Up-to-date: /home/robot/app/robot_ws/install/complex_msgs/share/complex_msgs/cmake/export_complex_msgs__rosidl_generator_cppExport.cmake
[7.339s] -- Up-to-date: /home/robot/app/robot_ws/install/complex_msgs/share/complex_msgs/cmake/export_complex_msgs__rosidl_typesupport_fastrtps_cppExport.cmake
[7.339s] -- Up-to-date: /home/robot/app/robot_ws/install/complex_msgs/share/complex_msgs/cmake/export_complex_msgs__rosidl_typesupport_fastrtps_cppExport-noconfig.cmake
[7.340s] -- Up-to-date: /home/robot/app/robot_ws/install/complex_msgs/share/complex_msgs/cmake/complex_msgs__rosidl_typesupport_introspection_cExport.cmake
[7.340s] -- Up-to-date: /home/robot/app/robot_ws/install/complex_msgs/share/complex_msgs/cmake/complex_msgs__rosidl_typesupport_introspection_cExport-noconfig.cmake
[7.340s] -- Up-to-date: /home/robot/app/robot_ws/install/complex_msgs/share/complex_msgs/cmake/complex_msgs__rosidl_typesupport_cExport.cmake
[7.340s] -- Up-to-date: /home/robot/app/robot_ws/install/complex_msgs/share/complex_msgs/cmake/complex_msgs__rosidl_typesupport_cExport-noconfig.cmake
[7.343s] -- Up-to-date: /home/robot/app/robot_ws/install/complex_msgs/share/complex_msgs/cmake/complex_msgs__rosidl_typesupport_introspection_cppExport.cmake
[7.344s] -- Up-to-date: /home/robot/app/robot_ws/install/complex_msgs/share/complex_msgs/cmake/complex_msgs__rosidl_typesupport_introspection_cppExport-noconfig.cmake
[7.344s] -- Up-to-date: /home/robot/app/robot_ws/install/complex_msgs/share/complex_msgs/cmake/complex_msgs__rosidl_typesupport_cppExport.cmake
[7.344s] -- Up-to-date: /home/robot/app/robot_ws/install/complex_msgs/share/complex_msgs/cmake/complex_msgs__rosidl_typesupport_cppExport-noconfig.cmake
[7.355s] -- Up-to-date: /home/robot/app/robot_ws/install/complex_msgs/share/complex_msgs/cmake/export_complex_msgs__rosidl_generator_pyExport.cmake
[7.355s] -- Up-to-date: /home/robot/app/robot_ws/install/complex_msgs/share/complex_msgs/cmake/export_complex_msgs__rosidl_generator_pyExport-noconfig.cmake
[7.355s] -- Up-to-date: /home/robot/app/robot_ws/install/complex_msgs/share/complex_msgs/cmake/rosidl_cmake-extras.cmake
[7.355s] -- Up-to-date: /home/robot/app/robot_ws/install/complex_msgs/share/complex_msgs/cmake/ament_cmake_export_dependencies-extras.cmake
[7.355s] -- Up-to-date: /home/robot/app/robot_ws/install/complex_msgs/share/complex_msgs/cmake/ament_cmake_export_include_directories-extras.cmake
[7.355s] -- Up-to-date: /home/robot/app/robot_ws/install/complex_msgs/share/complex_msgs/cmake/ament_cmake_export_libraries-extras.cmake
[7.355s] -- Up-to-date: /home/robot/app/robot_ws/install/complex_msgs/share/complex_msgs/cmake/ament_cmake_export_targets-extras.cmake
[7.355s] -- Up-to-date: /home/robot/app/robot_ws/install/complex_msgs/share/complex_msgs/cmake/rosidl_cmake_export_typesupport_targets-extras.cmake
[7.355s] -- Up-to-date: /home/robot/app/robot_ws/install/complex_msgs/share/complex_msgs/cmake/rosidl_cmake_export_typesupport_libraries-extras.cmake
[7.356s] -- Up-to-date: /home/robot/app/robot_ws/install/complex_msgs/share/complex_msgs/cmake/complex_msgsConfig.cmake
[7.356s] -- Up-to-date: /home/robot/app/robot_ws/install/complex_msgs/share/complex_msgs/cmake/complex_msgsConfig-version.cmake
[7.356s] -- Up-to-date: /home/robot/app/robot_ws/install/complex_msgs/share/complex_msgs/package.xml
[7.401s] Invoked command in '/home/robot/app/robot_ws/build/complex_msgs' returned '0': CMAKE_PREFIX_PATH=/home/robot/app/robot_ws/install/builtin_interfaces:/home/robot/app/robot_ws/install/micro_ros_agent:/home/robot/app/robot_ws/install/micro_ros_demos_rclc:/home/robot/app/robot_ws/install/common_interfaces:/home/robot/app/robot_ws/install/visualization_msgs:/home/robot/app/robot_ws/install/test_msgs:/home/robot/app/robot_ws/install/example_interfaces:/home/robot/app/robot_ws/install/action_msgs:/home/robot/app/robot_ws/install/unique_identifier_msgs:/home/robot/app/robot_ws/install/trajectory_msgs:/home/robot/app/robot_ws/install/stereo_msgs:/home/robot/app/robot_ws/install/std_srvs:/home/robot/app/robot_ws/install/shape_msgs:/home/robot/app/robot_ws/install/sensor_msgs:/home/robot/app/robot_ws/install/nav_msgs:/home/robot/app/robot_ws/install/diagnostic_msgs:/home/robot/app/robot_ws/install/geometry_msgs:/home/robot/app/robot_ws/install/actionlib_msgs:/home/robot/app/robot_ws/install/std_msgs:/home/robot/app/robot_ws/install/statistics_msgs:/home/robot/app/robot_ws/install/rosidl_typesupport_microxrcedds_test_msg:/home/robot/app/robot_ws/install/rosidl_typesupport_microxrcedds_cpp_tests:/home/robot/app/robot_ws/install/rmw_microxrcedds:/home/robot/app/robot_ws/install/rosidl_typesupport_microxrcedds_cpp:/home/robot/app/robot_ws/install/rosidl_typesupport_microxrcedds_c_tests:/home/robot/app/robot_ws/install/rosidl_typesupport_microxrcedds_c:/home/robot/app/robot_ws/install/rosgraph_msgs:/home/robot/app/robot_ws/install/rclc_parameter:/home/robot/app/robot_ws/install/rclc:/home/robot/app/robot_ws/install/composition_interfaces:/home/robot/app/robot_ws/install/rcl_interfaces:/home/robot/app/robot_ws/install/microxrcedds_client:/home/robot/app/robot_ws/install/microcdr:/home/robot/app/robot_ws/install/micro_ros_utilities:/home/robot/app/robot_ws/install/micro_ros_msgs:/home/robot/app/robot_ws/install/lifecycle_msgs:/home/robot/app/robot_ws/install/complex_msgs:/home/robot/app/robot_ws/install/micro_ros_setup:/home/robot/app/robot_ws/install/sensor_msgs_py:/opt/ros/humble LD_LIBRARY_PATH=/home/robot/app/robot_ws/install/builtin_interfaces/lib:/home/robot/app/robot_ws/install/micro_ros_agent/lib:/home/robot/app/robot_ws/install/visualization_msgs/lib:/home/robot/app/robot_ws/install/test_msgs/lib:/home/robot/app/robot_ws/install/example_interfaces/lib:/home/robot/app/robot_ws/install/action_msgs/lib:/home/robot/app/robot_ws/install/unique_identifier_msgs/lib:/home/robot/app/robot_ws/install/trajectory_msgs/lib:/home/robot/app/robot_ws/install/stereo_msgs/lib:/home/robot/app/robot_ws/install/std_srvs/lib:/home/robot/app/robot_ws/install/shape_msgs/lib:/home/robot/app/robot_ws/install/sensor_msgs/lib:/home/robot/app/robot_ws/install/nav_msgs/lib:/home/robot/app/robot_ws/install/diagnostic_msgs/lib:/home/robot/app/robot_ws/install/geometry_msgs/lib:/home/robot/app/robot_ws/install/actionlib_msgs/lib:/home/robot/app/robot_ws/install/std_msgs/lib:/home/robot/app/robot_ws/install/statistics_msgs/lib:/home/robot/app/robot_ws/install/rmw_microxrcedds/lib:/home/robot/app/robot_ws/install/rosidl_typesupport_microxrcedds_cpp/lib:/home/robot/app/robot_ws/install/rosidl_typesupport_microxrcedds_c/lib:/home/robot/app/robot_ws/install/rosgraph_msgs/lib:/home/robot/app/robot_ws/install/rclc_parameter/lib:/home/robot/app/robot_ws/install/rclc/lib:/home/robot/app/robot_ws/install/composition_interfaces/lib:/home/robot/app/robot_ws/install/rcl_interfaces/lib:/home/robot/app/robot_ws/install/microxrcedds_client/lib:/home/robot/app/robot_ws/install/microcdr/lib:/home/robot/app/robot_ws/install/micro_ros_utilities/lib:/home/robot/app/robot_ws/install/micro_ros_msgs/lib:/home/robot/app/robot_ws/install/lifecycle_msgs/lib:/home/robot/app/robot_ws/install/complex_msgs/lib:/opt/ros/humble/opt/rviz_ogre_vendor/lib:/opt/ros/humble/lib/x86_64-linux-gnu:/opt/ros/humble/lib /usr/bin/cmake --install /home/robot/app/robot_ws/build/complex_msgs
