[0.052s] Invoking command in '/home/robot/app/robot_ws/build/nav_msgs': CMAKE_PREFIX_PATH=/home/robot/app/robot_ws/install/geometry_msgs:/home/robot/app/robot_ws/install/std_msgs:/home/robot/app/robot_ws/install/builtin_interfaces:/home/robot/app/robot_ws/install/micro_ros_agent:/home/robot/app/robot_ws/install/micro_ros_demos_rclc:/home/robot/app/robot_ws/install/common_interfaces:/home/robot/app/robot_ws/install/visualization_msgs:/home/robot/app/robot_ws/install/test_msgs:/home/robot/app/robot_ws/install/example_interfaces:/home/robot/app/robot_ws/install/action_msgs:/home/robot/app/robot_ws/install/unique_identifier_msgs:/home/robot/app/robot_ws/install/trajectory_msgs:/home/robot/app/robot_ws/install/stereo_msgs:/home/robot/app/robot_ws/install/std_srvs:/home/robot/app/robot_ws/install/shape_msgs:/home/robot/app/robot_ws/install/sensor_msgs:/home/robot/app/robot_ws/install/nav_msgs:/home/robot/app/robot_ws/install/diagnostic_msgs:/home/robot/app/robot_ws/install/actionlib_msgs:/home/robot/app/robot_ws/install/statistics_msgs:/home/robot/app/robot_ws/install/rosidl_typesupport_microxrcedds_test_msg:/home/robot/app/robot_ws/install/rosidl_typesupport_microxrcedds_cpp_tests:/home/robot/app/robot_ws/install/rmw_microxrcedds:/home/robot/app/robot_ws/install/rosidl_typesupport_microxrcedds_cpp:/home/robot/app/robot_ws/install/rosidl_typesupport_microxrcedds_c_tests:/home/robot/app/robot_ws/install/rosidl_typesupport_microxrcedds_c:/home/robot/app/robot_ws/install/rosgraph_msgs:/home/robot/app/robot_ws/install/rclc_parameter:/home/robot/app/robot_ws/install/rclc:/home/robot/app/robot_ws/install/composition_interfaces:/home/robot/app/robot_ws/install/rcl_interfaces:/home/robot/app/robot_ws/install/microxrcedds_client:/home/robot/app/robot_ws/install/microcdr:/home/robot/app/robot_ws/install/micro_ros_utilities:/home/robot/app/robot_ws/install/micro_ros_msgs:/home/robot/app/robot_ws/install/lifecycle_msgs:/home/robot/app/robot_ws/install/complex_msgs:/home/robot/app/robot_ws/install/micro_ros_setup:/home/robot/app/robot_ws/install/sensor_msgs_py:/opt/ros/humble LD_LIBRARY_PATH=/home/robot/app/robot_ws/install/geometry_msgs/lib:/home/robot/app/robot_ws/install/std_msgs/lib:/home/robot/app/robot_ws/install/builtin_interfaces/lib:/home/robot/app/robot_ws/install/micro_ros_agent/lib:/home/robot/app/robot_ws/install/visualization_msgs/lib:/home/robot/app/robot_ws/install/test_msgs/lib:/home/robot/app/robot_ws/install/example_interfaces/lib:/home/robot/app/robot_ws/install/action_msgs/lib:/home/robot/app/robot_ws/install/unique_identifier_msgs/lib:/home/robot/app/robot_ws/install/trajectory_msgs/lib:/home/robot/app/robot_ws/install/stereo_msgs/lib:/home/robot/app/robot_ws/install/std_srvs/lib:/home/robot/app/robot_ws/install/shape_msgs/lib:/home/robot/app/robot_ws/install/sensor_msgs/lib:/home/robot/app/robot_ws/install/nav_msgs/lib:/home/robot/app/robot_ws/install/diagnostic_msgs/lib:/home/robot/app/robot_ws/install/actionlib_msgs/lib:/home/robot/app/robot_ws/install/statistics_msgs/lib:/home/robot/app/robot_ws/install/rmw_microxrcedds/lib:/home/robot/app/robot_ws/install/rosidl_typesupport_microxrcedds_cpp/lib:/home/robot/app/robot_ws/install/rosidl_typesupport_microxrcedds_c/lib:/home/robot/app/robot_ws/install/rosgraph_msgs/lib:/home/robot/app/robot_ws/install/rclc_parameter/lib:/home/robot/app/robot_ws/install/rclc/lib:/home/robot/app/robot_ws/install/composition_interfaces/lib:/home/robot/app/robot_ws/install/rcl_interfaces/lib:/home/robot/app/robot_ws/install/microxrcedds_client/lib:/home/robot/app/robot_ws/install/microcdr/lib:/home/robot/app/robot_ws/install/micro_ros_utilities/lib:/home/robot/app/robot_ws/install/micro_ros_msgs/lib:/home/robot/app/robot_ws/install/lifecycle_msgs/lib:/home/robot/app/robot_ws/install/complex_msgs/lib:/opt/ros/humble/opt/rviz_ogre_vendor/lib:/opt/ros/humble/lib/x86_64-linux-gnu:/opt/ros/humble/lib /usr/bin/cmake /home/robot/app/robot_ws/src/ros2/common_interfaces/nav_msgs -DBUILD_TESTING=OFF -DBUILD_SHARED_LIBS=ON -DCMAKE_INSTALL_PREFIX=/home/robot/app/robot_ws/install/nav_msgs
[0.080s] -- Found ament_cmake: 1.3.10 (/opt/ros/humble/share/ament_cmake/cmake)
[0.442s] -- Found builtin_interfaces: 1.2.1 (/home/robot/app/robot_ws/install/builtin_interfaces/share/builtin_interfaces/cmake)
[0.535s] -- Found rosidl_generator_c: 3.1.5 (/opt/ros/humble/share/rosidl_generator_c/cmake)
[0.539s] -- Found rosidl_adapter: 3.1.5 (/opt/ros/humble/share/rosidl_adapter/cmake)
[0.553s] -- Found rosidl_generator_cpp: 3.1.5 (/opt/ros/humble/share/rosidl_generator_cpp/cmake)
[0.580s] -- Using all available rosidl_typesupport_c: rosidl_typesupport_microxrcedds_c;rosidl_typesupport_fastrtps_c;rosidl_typesupport_introspection_c
[0.631s] -- Using all available rosidl_typesupport_cpp: rosidl_typesupport_microxrcedds_cpp;rosidl_typesupport_fastrtps_cpp;rosidl_typesupport_introspection_cpp
[0.678s] -- Found geometry_msgs: 4.2.4 (/home/robot/app/robot_ws/install/geometry_msgs/share/geometry_msgs/cmake)
[0.820s] -- Found rosidl_default_generators: 1.2.0 (/opt/ros/humble/share/rosidl_default_generators/cmake)
[2.157s] -- Found ament_cmake_ros: 0.10.0 (/opt/ros/humble/share/ament_cmake_ros/cmake)
[4.115s] -- Using all available rosidl_typesupport_c: rosidl_typesupport_microxrcedds_c;rosidl_typesupport_fastrtps_c;rosidl_typesupport_introspection_c
[4.959s] -- Using all available rosidl_typesupport_cpp: rosidl_typesupport_microxrcedds_cpp;rosidl_typesupport_fastrtps_cpp;rosidl_typesupport_introspection_cpp
[5.149s] -- Found python_cmake_module: 0.10.0 (/opt/ros/humble/share/python_cmake_module/cmake)
[5.247s] -- Using PYTHON_EXECUTABLE: /usr/bin/python3
[5.247s] -- Using PYTHON_INCLUDE_DIRS: /usr/include/python3.10
[5.254s] -- Using PYTHON_LIBRARIES: /usr/lib/x86_64-linux-gnu/libpython3.10.so
[5.603s] -- Configuring done
[5.841s] -- Generating done
[5.845s] -- Build files have been written to: /home/robot/app/robot_ws/build/nav_msgs
[5.885s] Invoked command in '/home/robot/app/robot_ws/build/nav_msgs' returned '0': CMAKE_PREFIX_PATH=/home/robot/app/robot_ws/install/geometry_msgs:/home/robot/app/robot_ws/install/std_msgs:/home/robot/app/robot_ws/install/builtin_interfaces:/home/robot/app/robot_ws/install/micro_ros_agent:/home/robot/app/robot_ws/install/micro_ros_demos_rclc:/home/robot/app/robot_ws/install/common_interfaces:/home/robot/app/robot_ws/install/visualization_msgs:/home/robot/app/robot_ws/install/test_msgs:/home/robot/app/robot_ws/install/example_interfaces:/home/robot/app/robot_ws/install/action_msgs:/home/robot/app/robot_ws/install/unique_identifier_msgs:/home/robot/app/robot_ws/install/trajectory_msgs:/home/robot/app/robot_ws/install/stereo_msgs:/home/robot/app/robot_ws/install/std_srvs:/home/robot/app/robot_ws/install/shape_msgs:/home/robot/app/robot_ws/install/sensor_msgs:/home/robot/app/robot_ws/install/nav_msgs:/home/robot/app/robot_ws/install/diagnostic_msgs:/home/robot/app/robot_ws/install/actionlib_msgs:/home/robot/app/robot_ws/install/statistics_msgs:/home/robot/app/robot_ws/install/rosidl_typesupport_microxrcedds_test_msg:/home/robot/app/robot_ws/install/rosidl_typesupport_microxrcedds_cpp_tests:/home/robot/app/robot_ws/install/rmw_microxrcedds:/home/robot/app/robot_ws/install/rosidl_typesupport_microxrcedds_cpp:/home/robot/app/robot_ws/install/rosidl_typesupport_microxrcedds_c_tests:/home/robot/app/robot_ws/install/rosidl_typesupport_microxrcedds_c:/home/robot/app/robot_ws/install/rosgraph_msgs:/home/robot/app/robot_ws/install/rclc_parameter:/home/robot/app/robot_ws/install/rclc:/home/robot/app/robot_ws/install/composition_interfaces:/home/robot/app/robot_ws/install/rcl_interfaces:/home/robot/app/robot_ws/install/microxrcedds_client:/home/robot/app/robot_ws/install/microcdr:/home/robot/app/robot_ws/install/micro_ros_utilities:/home/robot/app/robot_ws/install/micro_ros_msgs:/home/robot/app/robot_ws/install/lifecycle_msgs:/home/robot/app/robot_ws/install/complex_msgs:/home/robot/app/robot_ws/install/micro_ros_setup:/home/robot/app/robot_ws/install/sensor_msgs_py:/opt/ros/humble LD_LIBRARY_PATH=/home/robot/app/robot_ws/install/geometry_msgs/lib:/home/robot/app/robot_ws/install/std_msgs/lib:/home/robot/app/robot_ws/install/builtin_interfaces/lib:/home/robot/app/robot_ws/install/micro_ros_agent/lib:/home/robot/app/robot_ws/install/visualization_msgs/lib:/home/robot/app/robot_ws/install/test_msgs/lib:/home/robot/app/robot_ws/install/example_interfaces/lib:/home/robot/app/robot_ws/install/action_msgs/lib:/home/robot/app/robot_ws/install/unique_identifier_msgs/lib:/home/robot/app/robot_ws/install/trajectory_msgs/lib:/home/robot/app/robot_ws/install/stereo_msgs/lib:/home/robot/app/robot_ws/install/std_srvs/lib:/home/robot/app/robot_ws/install/shape_msgs/lib:/home/robot/app/robot_ws/install/sensor_msgs/lib:/home/robot/app/robot_ws/install/nav_msgs/lib:/home/robot/app/robot_ws/install/diagnostic_msgs/lib:/home/robot/app/robot_ws/install/actionlib_msgs/lib:/home/robot/app/robot_ws/install/statistics_msgs/lib:/home/robot/app/robot_ws/install/rmw_microxrcedds/lib:/home/robot/app/robot_ws/install/rosidl_typesupport_microxrcedds_cpp/lib:/home/robot/app/robot_ws/install/rosidl_typesupport_microxrcedds_c/lib:/home/robot/app/robot_ws/install/rosgraph_msgs/lib:/home/robot/app/robot_ws/install/rclc_parameter/lib:/home/robot/app/robot_ws/install/rclc/lib:/home/robot/app/robot_ws/install/composition_interfaces/lib:/home/robot/app/robot_ws/install/rcl_interfaces/lib:/home/robot/app/robot_ws/install/microxrcedds_client/lib:/home/robot/app/robot_ws/install/microcdr/lib:/home/robot/app/robot_ws/install/micro_ros_utilities/lib:/home/robot/app/robot_ws/install/micro_ros_msgs/lib:/home/robot/app/robot_ws/install/lifecycle_msgs/lib:/home/robot/app/robot_ws/install/complex_msgs/lib:/opt/ros/humble/opt/rviz_ogre_vendor/lib:/opt/ros/humble/lib/x86_64-linux-gnu:/opt/ros/humble/lib /usr/bin/cmake /home/robot/app/robot_ws/src/ros2/common_interfaces/nav_msgs -DBUILD_TESTING=OFF -DBUILD_SHARED_LIBS=ON -DCMAKE_INSTALL_PREFIX=/home/robot/app/robot_ws/install/nav_msgs
[5.886s] Invoking command in '/home/robot/app/robot_ws/build/nav_msgs': CMAKE_PREFIX_PATH=/home/robot/app/robot_ws/install/geometry_msgs:/home/robot/app/robot_ws/install/std_msgs:/home/robot/app/robot_ws/install/builtin_interfaces:/home/robot/app/robot_ws/install/micro_ros_agent:/home/robot/app/robot_ws/install/micro_ros_demos_rclc:/home/robot/app/robot_ws/install/common_interfaces:/home/robot/app/robot_ws/install/visualization_msgs:/home/robot/app/robot_ws/install/test_msgs:/home/robot/app/robot_ws/install/example_interfaces:/home/robot/app/robot_ws/install/action_msgs:/home/robot/app/robot_ws/install/unique_identifier_msgs:/home/robot/app/robot_ws/install/trajectory_msgs:/home/robot/app/robot_ws/install/stereo_msgs:/home/robot/app/robot_ws/install/std_srvs:/home/robot/app/robot_ws/install/shape_msgs:/home/robot/app/robot_ws/install/sensor_msgs:/home/robot/app/robot_ws/install/nav_msgs:/home/robot/app/robot_ws/install/diagnostic_msgs:/home/robot/app/robot_ws/install/actionlib_msgs:/home/robot/app/robot_ws/install/statistics_msgs:/home/robot/app/robot_ws/install/rosidl_typesupport_microxrcedds_test_msg:/home/robot/app/robot_ws/install/rosidl_typesupport_microxrcedds_cpp_tests:/home/robot/app/robot_ws/install/rmw_microxrcedds:/home/robot/app/robot_ws/install/rosidl_typesupport_microxrcedds_cpp:/home/robot/app/robot_ws/install/rosidl_typesupport_microxrcedds_c_tests:/home/robot/app/robot_ws/install/rosidl_typesupport_microxrcedds_c:/home/robot/app/robot_ws/install/rosgraph_msgs:/home/robot/app/robot_ws/install/rclc_parameter:/home/robot/app/robot_ws/install/rclc:/home/robot/app/robot_ws/install/composition_interfaces:/home/robot/app/robot_ws/install/rcl_interfaces:/home/robot/app/robot_ws/install/microxrcedds_client:/home/robot/app/robot_ws/install/microcdr:/home/robot/app/robot_ws/install/micro_ros_utilities:/home/robot/app/robot_ws/install/micro_ros_msgs:/home/robot/app/robot_ws/install/lifecycle_msgs:/home/robot/app/robot_ws/install/complex_msgs:/home/robot/app/robot_ws/install/micro_ros_setup:/home/robot/app/robot_ws/install/sensor_msgs_py:/opt/ros/humble LD_LIBRARY_PATH=/home/robot/app/robot_ws/install/geometry_msgs/lib:/home/robot/app/robot_ws/install/std_msgs/lib:/home/robot/app/robot_ws/install/builtin_interfaces/lib:/home/robot/app/robot_ws/install/micro_ros_agent/lib:/home/robot/app/robot_ws/install/visualization_msgs/lib:/home/robot/app/robot_ws/install/test_msgs/lib:/home/robot/app/robot_ws/install/example_interfaces/lib:/home/robot/app/robot_ws/install/action_msgs/lib:/home/robot/app/robot_ws/install/unique_identifier_msgs/lib:/home/robot/app/robot_ws/install/trajectory_msgs/lib:/home/robot/app/robot_ws/install/stereo_msgs/lib:/home/robot/app/robot_ws/install/std_srvs/lib:/home/robot/app/robot_ws/install/shape_msgs/lib:/home/robot/app/robot_ws/install/sensor_msgs/lib:/home/robot/app/robot_ws/install/nav_msgs/lib:/home/robot/app/robot_ws/install/diagnostic_msgs/lib:/home/robot/app/robot_ws/install/actionlib_msgs/lib:/home/robot/app/robot_ws/install/statistics_msgs/lib:/home/robot/app/robot_ws/install/rmw_microxrcedds/lib:/home/robot/app/robot_ws/install/rosidl_typesupport_microxrcedds_cpp/lib:/home/robot/app/robot_ws/install/rosidl_typesupport_microxrcedds_c/lib:/home/robot/app/robot_ws/install/rosgraph_msgs/lib:/home/robot/app/robot_ws/install/rclc_parameter/lib:/home/robot/app/robot_ws/install/rclc/lib:/home/robot/app/robot_ws/install/composition_interfaces/lib:/home/robot/app/robot_ws/install/rcl_interfaces/lib:/home/robot/app/robot_ws/install/microxrcedds_client/lib:/home/robot/app/robot_ws/install/microcdr/lib:/home/robot/app/robot_ws/install/micro_ros_utilities/lib:/home/robot/app/robot_ws/install/micro_ros_msgs/lib:/home/robot/app/robot_ws/install/lifecycle_msgs/lib:/home/robot/app/robot_ws/install/complex_msgs/lib:/opt/ros/humble/opt/rviz_ogre_vendor/lib:/opt/ros/humble/lib/x86_64-linux-gnu:/opt/ros/humble/lib /usr/bin/cmake --build /home/robot/app/robot_ws/build/nav_msgs -- -j8 -l8
[6.180s] [  0%] Built target nav_msgs__cpp
[6.359s] [  0%] Built target ament_cmake_python_copy_nav_msgs
[6.408s] [35m[1mConsolidate compiler generated dependencies of target nav_msgs__rosidl_typesupport_introspection_cpp[0m
[6.517s] [  9%] Built target nav_msgs__rosidl_typesupport_introspection_cpp
[7.819s] running egg_info
[7.821s] writing nav_msgs.egg-info/PKG-INFO
[7.821s] writing dependency_links to nav_msgs.egg-info/dependency_links.txt
[7.821s] writing top-level names to nav_msgs.egg-info/top_level.txt
[7.827s] reading manifest file 'nav_msgs.egg-info/SOURCES.txt'
[7.833s] writing manifest file 'nav_msgs.egg-info/SOURCES.txt'
[7.934s] [  9%] Built target ament_cmake_python_build_nav_msgs_egg
[8.004s] [35m[1mConsolidate compiler generated dependencies of target nav_msgs__rosidl_typesupport_microxrcedds_cpp[0m
[8.117s] [ 19%] Built target nav_msgs__rosidl_typesupport_microxrcedds_cpp
[8.196s] [35m[1mConsolidate compiler generated dependencies of target nav_msgs__rosidl_typesupport_fastrtps_cpp[0m
[8.298s] [ 28%] Built target nav_msgs__rosidl_typesupport_fastrtps_cpp
[8.349s] [35m[1mConsolidate compiler generated dependencies of target nav_msgs__rosidl_typesupport_cpp[0m
[8.436s] [ 37%] Built target nav_msgs__rosidl_typesupport_cpp
[8.476s] [35m[1mConsolidate compiler generated dependencies of target nav_msgs__rosidl_generator_c[0m
[8.529s] [ 46%] Built target nav_msgs__rosidl_generator_c
[8.589s] [35m[1mConsolidate compiler generated dependencies of target nav_msgs__rosidl_typesupport_fastrtps_c[0m
[8.697s] [ 55%] Built target nav_msgs__rosidl_typesupport_fastrtps_c
[8.746s] [35m[1mConsolidate compiler generated dependencies of target nav_msgs__rosidl_typesupport_c[0m
[8.825s] [ 64%] Built target nav_msgs__rosidl_typesupport_c
[8.871s] [35m[1mConsolidate compiler generated dependencies of target nav_msgs__rosidl_typesupport_introspection_c[0m
[8.941s] [ 73%] Built target nav_msgs__rosidl_typesupport_introspection_c
[9.000s] [35m[1mConsolidate compiler generated dependencies of target nav_msgs__rosidl_typesupport_microxrcedds_c[0m
[9.056s] [ 83%] Built target nav_msgs__rosidl_typesupport_microxrcedds_c
[9.172s] [ 83%] Built target nav_msgs
[9.306s] [ 84%] Built target nav_msgs__py
[9.363s] [35m[1mConsolidate compiler generated dependencies of target nav_msgs__rosidl_generator_py[0m
[9.461s] [ 93%] Built target nav_msgs__rosidl_generator_py
[9.548s] [35m[1mConsolidate compiler generated dependencies of target nav_msgs__rosidl_typesupport_microxrcedds_c__pyext[0m
[9.615s] [ 94%] Built target nav_msgs__rosidl_typesupport_microxrcedds_c__pyext
[9.660s] [35m[1mConsolidate compiler generated dependencies of target nav_msgs__rosidl_typesupport_c__pyext[0m
[9.728s] [ 96%] Built target nav_msgs__rosidl_typesupport_c__pyext
[9.816s] [35m[1mConsolidate compiler generated dependencies of target nav_msgs__rosidl_typesupport_introspection_c__pyext[0m
[9.941s] [ 98%] Built target nav_msgs__rosidl_typesupport_introspection_c__pyext
[9.999s] [35m[1mConsolidate compiler generated dependencies of target nav_msgs__rosidl_typesupport_fastrtps_c__pyext[0m
[10.037s] [100%] Built target nav_msgs__rosidl_typesupport_fastrtps_c__pyext
[10.092s] Invoked command in '/home/robot/app/robot_ws/build/nav_msgs' returned '0': CMAKE_PREFIX_PATH=/home/robot/app/robot_ws/install/geometry_msgs:/home/robot/app/robot_ws/install/std_msgs:/home/robot/app/robot_ws/install/builtin_interfaces:/home/robot/app/robot_ws/install/micro_ros_agent:/home/robot/app/robot_ws/install/micro_ros_demos_rclc:/home/robot/app/robot_ws/install/common_interfaces:/home/robot/app/robot_ws/install/visualization_msgs:/home/robot/app/robot_ws/install/test_msgs:/home/robot/app/robot_ws/install/example_interfaces:/home/robot/app/robot_ws/install/action_msgs:/home/robot/app/robot_ws/install/unique_identifier_msgs:/home/robot/app/robot_ws/install/trajectory_msgs:/home/robot/app/robot_ws/install/stereo_msgs:/home/robot/app/robot_ws/install/std_srvs:/home/robot/app/robot_ws/install/shape_msgs:/home/robot/app/robot_ws/install/sensor_msgs:/home/robot/app/robot_ws/install/nav_msgs:/home/robot/app/robot_ws/install/diagnostic_msgs:/home/robot/app/robot_ws/install/actionlib_msgs:/home/robot/app/robot_ws/install/statistics_msgs:/home/robot/app/robot_ws/install/rosidl_typesupport_microxrcedds_test_msg:/home/robot/app/robot_ws/install/rosidl_typesupport_microxrcedds_cpp_tests:/home/robot/app/robot_ws/install/rmw_microxrcedds:/home/robot/app/robot_ws/install/rosidl_typesupport_microxrcedds_cpp:/home/robot/app/robot_ws/install/rosidl_typesupport_microxrcedds_c_tests:/home/robot/app/robot_ws/install/rosidl_typesupport_microxrcedds_c:/home/robot/app/robot_ws/install/rosgraph_msgs:/home/robot/app/robot_ws/install/rclc_parameter:/home/robot/app/robot_ws/install/rclc:/home/robot/app/robot_ws/install/composition_interfaces:/home/robot/app/robot_ws/install/rcl_interfaces:/home/robot/app/robot_ws/install/microxrcedds_client:/home/robot/app/robot_ws/install/microcdr:/home/robot/app/robot_ws/install/micro_ros_utilities:/home/robot/app/robot_ws/install/micro_ros_msgs:/home/robot/app/robot_ws/install/lifecycle_msgs:/home/robot/app/robot_ws/install/complex_msgs:/home/robot/app/robot_ws/install/micro_ros_setup:/home/robot/app/robot_ws/install/sensor_msgs_py:/opt/ros/humble LD_LIBRARY_PATH=/home/robot/app/robot_ws/install/geometry_msgs/lib:/home/robot/app/robot_ws/install/std_msgs/lib:/home/robot/app/robot_ws/install/builtin_interfaces/lib:/home/robot/app/robot_ws/install/micro_ros_agent/lib:/home/robot/app/robot_ws/install/visualization_msgs/lib:/home/robot/app/robot_ws/install/test_msgs/lib:/home/robot/app/robot_ws/install/example_interfaces/lib:/home/robot/app/robot_ws/install/action_msgs/lib:/home/robot/app/robot_ws/install/unique_identifier_msgs/lib:/home/robot/app/robot_ws/install/trajectory_msgs/lib:/home/robot/app/robot_ws/install/stereo_msgs/lib:/home/robot/app/robot_ws/install/std_srvs/lib:/home/robot/app/robot_ws/install/shape_msgs/lib:/home/robot/app/robot_ws/install/sensor_msgs/lib:/home/robot/app/robot_ws/install/nav_msgs/lib:/home/robot/app/robot_ws/install/diagnostic_msgs/lib:/home/robot/app/robot_ws/install/actionlib_msgs/lib:/home/robot/app/robot_ws/install/statistics_msgs/lib:/home/robot/app/robot_ws/install/rmw_microxrcedds/lib:/home/robot/app/robot_ws/install/rosidl_typesupport_microxrcedds_cpp/lib:/home/robot/app/robot_ws/install/rosidl_typesupport_microxrcedds_c/lib:/home/robot/app/robot_ws/install/rosgraph_msgs/lib:/home/robot/app/robot_ws/install/rclc_parameter/lib:/home/robot/app/robot_ws/install/rclc/lib:/home/robot/app/robot_ws/install/composition_interfaces/lib:/home/robot/app/robot_ws/install/rcl_interfaces/lib:/home/robot/app/robot_ws/install/microxrcedds_client/lib:/home/robot/app/robot_ws/install/microcdr/lib:/home/robot/app/robot_ws/install/micro_ros_utilities/lib:/home/robot/app/robot_ws/install/micro_ros_msgs/lib:/home/robot/app/robot_ws/install/lifecycle_msgs/lib:/home/robot/app/robot_ws/install/complex_msgs/lib:/opt/ros/humble/opt/rviz_ogre_vendor/lib:/opt/ros/humble/lib/x86_64-linux-gnu:/opt/ros/humble/lib /usr/bin/cmake --build /home/robot/app/robot_ws/build/nav_msgs -- -j8 -l8
[12.007s] Invoking command in '/home/robot/app/robot_ws/build/nav_msgs': CMAKE_PREFIX_PATH=/home/robot/app/robot_ws/install/geometry_msgs:/home/robot/app/robot_ws/install/std_msgs:/home/robot/app/robot_ws/install/builtin_interfaces:/home/robot/app/robot_ws/install/micro_ros_agent:/home/robot/app/robot_ws/install/micro_ros_demos_rclc:/home/robot/app/robot_ws/install/common_interfaces:/home/robot/app/robot_ws/install/visualization_msgs:/home/robot/app/robot_ws/install/test_msgs:/home/robot/app/robot_ws/install/example_interfaces:/home/robot/app/robot_ws/install/action_msgs:/home/robot/app/robot_ws/install/unique_identifier_msgs:/home/robot/app/robot_ws/install/trajectory_msgs:/home/robot/app/robot_ws/install/stereo_msgs:/home/robot/app/robot_ws/install/std_srvs:/home/robot/app/robot_ws/install/shape_msgs:/home/robot/app/robot_ws/install/sensor_msgs:/home/robot/app/robot_ws/install/nav_msgs:/home/robot/app/robot_ws/install/diagnostic_msgs:/home/robot/app/robot_ws/install/actionlib_msgs:/home/robot/app/robot_ws/install/statistics_msgs:/home/robot/app/robot_ws/install/rosidl_typesupport_microxrcedds_test_msg:/home/robot/app/robot_ws/install/rosidl_typesupport_microxrcedds_cpp_tests:/home/robot/app/robot_ws/install/rmw_microxrcedds:/home/robot/app/robot_ws/install/rosidl_typesupport_microxrcedds_cpp:/home/robot/app/robot_ws/install/rosidl_typesupport_microxrcedds_c_tests:/home/robot/app/robot_ws/install/rosidl_typesupport_microxrcedds_c:/home/robot/app/robot_ws/install/rosgraph_msgs:/home/robot/app/robot_ws/install/rclc_parameter:/home/robot/app/robot_ws/install/rclc:/home/robot/app/robot_ws/install/composition_interfaces:/home/robot/app/robot_ws/install/rcl_interfaces:/home/robot/app/robot_ws/install/microxrcedds_client:/home/robot/app/robot_ws/install/microcdr:/home/robot/app/robot_ws/install/micro_ros_utilities:/home/robot/app/robot_ws/install/micro_ros_msgs:/home/robot/app/robot_ws/install/lifecycle_msgs:/home/robot/app/robot_ws/install/complex_msgs:/home/robot/app/robot_ws/install/micro_ros_setup:/home/robot/app/robot_ws/install/sensor_msgs_py:/opt/ros/humble LD_LIBRARY_PATH=/home/robot/app/robot_ws/install/geometry_msgs/lib:/home/robot/app/robot_ws/install/std_msgs/lib:/home/robot/app/robot_ws/install/builtin_interfaces/lib:/home/robot/app/robot_ws/install/micro_ros_agent/lib:/home/robot/app/robot_ws/install/visualization_msgs/lib:/home/robot/app/robot_ws/install/test_msgs/lib:/home/robot/app/robot_ws/install/example_interfaces/lib:/home/robot/app/robot_ws/install/action_msgs/lib:/home/robot/app/robot_ws/install/unique_identifier_msgs/lib:/home/robot/app/robot_ws/install/trajectory_msgs/lib:/home/robot/app/robot_ws/install/stereo_msgs/lib:/home/robot/app/robot_ws/install/std_srvs/lib:/home/robot/app/robot_ws/install/shape_msgs/lib:/home/robot/app/robot_ws/install/sensor_msgs/lib:/home/robot/app/robot_ws/install/nav_msgs/lib:/home/robot/app/robot_ws/install/diagnostic_msgs/lib:/home/robot/app/robot_ws/install/actionlib_msgs/lib:/home/robot/app/robot_ws/install/statistics_msgs/lib:/home/robot/app/robot_ws/install/rmw_microxrcedds/lib:/home/robot/app/robot_ws/install/rosidl_typesupport_microxrcedds_cpp/lib:/home/robot/app/robot_ws/install/rosidl_typesupport_microxrcedds_c/lib:/home/robot/app/robot_ws/install/rosgraph_msgs/lib:/home/robot/app/robot_ws/install/rclc_parameter/lib:/home/robot/app/robot_ws/install/rclc/lib:/home/robot/app/robot_ws/install/composition_interfaces/lib:/home/robot/app/robot_ws/install/rcl_interfaces/lib:/home/robot/app/robot_ws/install/microxrcedds_client/lib:/home/robot/app/robot_ws/install/microcdr/lib:/home/robot/app/robot_ws/install/micro_ros_utilities/lib:/home/robot/app/robot_ws/install/micro_ros_msgs/lib:/home/robot/app/robot_ws/install/lifecycle_msgs/lib:/home/robot/app/robot_ws/install/complex_msgs/lib:/opt/ros/humble/opt/rviz_ogre_vendor/lib:/opt/ros/humble/lib/x86_64-linux-gnu:/opt/ros/humble/lib /usr/bin/cmake --install /home/robot/app/robot_ws/build/nav_msgs
[12.024s] -- Install configuration: ""
[12.025s] -- Up-to-date: /home/robot/app/robot_ws/install/nav_msgs/share/ament_index/resource_index/rosidl_interfaces/nav_msgs
[12.026s] -- Up-to-date: /home/robot/app/robot_ws/install/nav_msgs/include/nav_msgs/nav_msgs
[12.026s] -- Up-to-date: /home/robot/app/robot_ws/install/nav_msgs/include/nav_msgs/nav_msgs/srv
[12.026s] -- Up-to-date: /home/robot/app/robot_ws/install/nav_msgs/include/nav_msgs/nav_msgs/srv/get_map.h
[12.027s] -- Up-to-date: /home/robot/app/robot_ws/install/nav_msgs/include/nav_msgs/nav_msgs/srv/get_plan.h
[12.027s] -- Up-to-date: /home/robot/app/robot_ws/install/nav_msgs/include/nav_msgs/nav_msgs/srv/load_map.h
[12.027s] -- Up-to-date: /home/robot/app/robot_ws/install/nav_msgs/include/nav_msgs/nav_msgs/srv/detail
[12.028s] -- Up-to-date: /home/robot/app/robot_ws/install/nav_msgs/include/nav_msgs/nav_msgs/srv/detail/load_map__type_support.h
[12.029s] -- Up-to-date: /home/robot/app/robot_ws/install/nav_msgs/include/nav_msgs/nav_msgs/srv/detail/get_plan__type_support.h
[12.029s] -- Up-to-date: /home/robot/app/robot_ws/install/nav_msgs/include/nav_msgs/nav_msgs/srv/detail/get_map__struct.h
[12.029s] -- Up-to-date: /home/robot/app/robot_ws/install/nav_msgs/include/nav_msgs/nav_msgs/srv/detail/set_map__type_support.h
[12.029s] -- Up-to-date: /home/robot/app/robot_ws/install/nav_msgs/include/nav_msgs/nav_msgs/srv/detail/get_plan__functions.c
[12.029s] -- Up-to-date: /home/robot/app/robot_ws/install/nav_msgs/include/nav_msgs/nav_msgs/srv/detail/set_map__struct.h
[12.030s] -- Up-to-date: /home/robot/app/robot_ws/install/nav_msgs/include/nav_msgs/nav_msgs/srv/detail/get_map__functions.h
[12.030s] -- Up-to-date: /home/robot/app/robot_ws/install/nav_msgs/include/nav_msgs/nav_msgs/srv/detail/load_map__functions.c
[12.030s] -- Up-to-date: /home/robot/app/robot_ws/install/nav_msgs/include/nav_msgs/nav_msgs/srv/detail/get_plan__functions.h
[12.030s] -- Up-to-date: /home/robot/app/robot_ws/install/nav_msgs/include/nav_msgs/nav_msgs/srv/detail/set_map__functions.h
[12.031s] -- Up-to-date: /home/robot/app/robot_ws/install/nav_msgs/include/nav_msgs/nav_msgs/srv/detail/get_plan__struct.h
[12.031s] -- Up-to-date: /home/robot/app/robot_ws/install/nav_msgs/include/nav_msgs/nav_msgs/srv/detail/set_map__functions.c
[12.032s] -- Up-to-date: /home/robot/app/robot_ws/install/nav_msgs/include/nav_msgs/nav_msgs/srv/detail/get_map__type_support.h
[12.032s] -- Up-to-date: /home/robot/app/robot_ws/install/nav_msgs/include/nav_msgs/nav_msgs/srv/detail/load_map__functions.h
[12.032s] -- Up-to-date: /home/robot/app/robot_ws/install/nav_msgs/include/nav_msgs/nav_msgs/srv/detail/load_map__struct.h
[12.032s] -- Up-to-date: /home/robot/app/robot_ws/install/nav_msgs/include/nav_msgs/nav_msgs/srv/detail/get_map__functions.c
[12.032s] -- Up-to-date: /home/robot/app/robot_ws/install/nav_msgs/include/nav_msgs/nav_msgs/srv/set_map.h
[12.033s] -- Up-to-date: /home/robot/app/robot_ws/install/nav_msgs/include/nav_msgs/nav_msgs/msg
[12.033s] -- Up-to-date: /home/robot/app/robot_ws/install/nav_msgs/include/nav_msgs/nav_msgs/msg/map_meta_data.h
[12.034s] -- Up-to-date: /home/robot/app/robot_ws/install/nav_msgs/include/nav_msgs/nav_msgs/msg/odometry.h
[12.034s] -- Up-to-date: /home/robot/app/robot_ws/install/nav_msgs/include/nav_msgs/nav_msgs/msg/path.h
[12.035s] -- Up-to-date: /home/robot/app/robot_ws/install/nav_msgs/include/nav_msgs/nav_msgs/msg/detail
[12.035s] -- Up-to-date: /home/robot/app/robot_ws/install/nav_msgs/include/nav_msgs/nav_msgs/msg/detail/grid_cells__functions.h
[12.036s] -- Up-to-date: /home/robot/app/robot_ws/install/nav_msgs/include/nav_msgs/nav_msgs/msg/detail/odometry__struct.h
[12.036s] -- Up-to-date: /home/robot/app/robot_ws/install/nav_msgs/include/nav_msgs/nav_msgs/msg/detail/path__functions.c
[12.036s] -- Up-to-date: /home/robot/app/robot_ws/install/nav_msgs/include/nav_msgs/nav_msgs/msg/detail/occupancy_grid__functions.c
[12.037s] -- Up-to-date: /home/robot/app/robot_ws/install/nav_msgs/include/nav_msgs/nav_msgs/msg/detail/path__functions.h
[12.037s] -- Up-to-date: /home/robot/app/robot_ws/install/nav_msgs/include/nav_msgs/nav_msgs/msg/detail/map_meta_data__functions.h
[12.037s] -- Up-to-date: /home/robot/app/robot_ws/install/nav_msgs/include/nav_msgs/nav_msgs/msg/detail/occupancy_grid__functions.h
[12.038s] -- Up-to-date: /home/robot/app/robot_ws/install/nav_msgs/include/nav_msgs/nav_msgs/msg/detail/map_meta_data__type_support.h
[12.038s] -- Up-to-date: /home/robot/app/robot_ws/install/nav_msgs/include/nav_msgs/nav_msgs/msg/detail/odometry__functions.c
[12.038s] -- Up-to-date: /home/robot/app/robot_ws/install/nav_msgs/include/nav_msgs/nav_msgs/msg/detail/odometry__functions.h
[12.038s] -- Up-to-date: /home/robot/app/robot_ws/install/nav_msgs/include/nav_msgs/nav_msgs/msg/detail/occupancy_grid__struct.h
[12.039s] -- Up-to-date: /home/robot/app/robot_ws/install/nav_msgs/include/nav_msgs/nav_msgs/msg/detail/grid_cells__struct.h
[12.039s] -- Up-to-date: /home/robot/app/robot_ws/install/nav_msgs/include/nav_msgs/nav_msgs/msg/detail/path__type_support.h
[12.040s] -- Up-to-date: /home/robot/app/robot_ws/install/nav_msgs/include/nav_msgs/nav_msgs/msg/detail/path__struct.h
[12.040s] -- Up-to-date: /home/robot/app/robot_ws/install/nav_msgs/include/nav_msgs/nav_msgs/msg/detail/map_meta_data__functions.c
[12.040s] -- Up-to-date: /home/robot/app/robot_ws/install/nav_msgs/include/nav_msgs/nav_msgs/msg/detail/odometry__type_support.h
[12.040s] -- Up-to-date: /home/robot/app/robot_ws/install/nav_msgs/include/nav_msgs/nav_msgs/msg/detail/grid_cells__functions.c
[12.041s] -- Up-to-date: /home/robot/app/robot_ws/install/nav_msgs/include/nav_msgs/nav_msgs/msg/detail/map_meta_data__struct.h
[12.041s] -- Up-to-date: /home/robot/app/robot_ws/install/nav_msgs/include/nav_msgs/nav_msgs/msg/detail/grid_cells__type_support.h
[12.041s] -- Up-to-date: /home/robot/app/robot_ws/install/nav_msgs/include/nav_msgs/nav_msgs/msg/detail/occupancy_grid__type_support.h
[12.042s] -- Up-to-date: /home/robot/app/robot_ws/install/nav_msgs/include/nav_msgs/nav_msgs/msg/grid_cells.h
[12.043s] -- Up-to-date: /home/robot/app/robot_ws/install/nav_msgs/include/nav_msgs/nav_msgs/msg/occupancy_grid.h
[12.043s] -- Up-to-date: /home/robot/app/robot_ws/install/nav_msgs/include/nav_msgs/nav_msgs/msg/rosidl_generator_c__visibility_control.h
[12.043s] -- Up-to-date: /home/robot/app/robot_ws/install/nav_msgs/share/nav_msgs/environment/library_path.sh
[12.044s] -- Installing: /home/robot/app/robot_ws/install/nav_msgs/share/nav_msgs/environment/library_path.dsv
[12.044s] -- Up-to-date: /home/robot/app/robot_ws/install/nav_msgs/lib/libnav_msgs__rosidl_generator_c.so
[12.045s] -- Up-to-date: /home/robot/app/robot_ws/install/nav_msgs/include/nav_msgs/nav_msgs
[12.045s] -- Up-to-date: /home/robot/app/robot_ws/install/nav_msgs/include/nav_msgs/nav_msgs/srv
[12.045s] -- Up-to-date: /home/robot/app/robot_ws/install/nav_msgs/include/nav_msgs/nav_msgs/srv/detail
[12.046s] -- Up-to-date: /home/robot/app/robot_ws/install/nav_msgs/include/nav_msgs/nav_msgs/srv/detail/get_map__rosidl_typesupport_fastrtps_c.h
[12.046s] -- Up-to-date: /home/robot/app/robot_ws/install/nav_msgs/include/nav_msgs/nav_msgs/srv/detail/set_map__rosidl_typesupport_fastrtps_c.h
[12.046s] -- Up-to-date: /home/robot/app/robot_ws/install/nav_msgs/include/nav_msgs/nav_msgs/srv/detail/get_plan__rosidl_typesupport_fastrtps_c.h
[12.046s] -- Up-to-date: /home/robot/app/robot_ws/install/nav_msgs/include/nav_msgs/nav_msgs/srv/detail/load_map__rosidl_typesupport_fastrtps_c.h
[12.047s] -- Up-to-date: /home/robot/app/robot_ws/install/nav_msgs/include/nav_msgs/nav_msgs/msg
[12.047s] -- Up-to-date: /home/robot/app/robot_ws/install/nav_msgs/include/nav_msgs/nav_msgs/msg/detail
[12.047s] -- Up-to-date: /home/robot/app/robot_ws/install/nav_msgs/include/nav_msgs/nav_msgs/msg/detail/grid_cells__rosidl_typesupport_fastrtps_c.h
[12.047s] -- Up-to-date: /home/robot/app/robot_ws/install/nav_msgs/include/nav_msgs/nav_msgs/msg/detail/map_meta_data__rosidl_typesupport_fastrtps_c.h
[12.047s] -- Up-to-date: /home/robot/app/robot_ws/install/nav_msgs/include/nav_msgs/nav_msgs/msg/detail/path__rosidl_typesupport_fastrtps_c.h
[12.047s] -- Up-to-date: /home/robot/app/robot_ws/install/nav_msgs/include/nav_msgs/nav_msgs/msg/detail/occupancy_grid__rosidl_typesupport_fastrtps_c.h
[12.048s] -- Up-to-date: /home/robot/app/robot_ws/install/nav_msgs/include/nav_msgs/nav_msgs/msg/detail/odometry__rosidl_typesupport_fastrtps_c.h
[12.048s] -- Up-to-date: /home/robot/app/robot_ws/install/nav_msgs/include/nav_msgs/nav_msgs/msg/rosidl_typesupport_fastrtps_c__visibility_control.h
[12.048s] -- Up-to-date: /home/robot/app/robot_ws/install/nav_msgs/lib/libnav_msgs__rosidl_typesupport_fastrtps_c.so
[12.048s] -- Up-to-date: /home/robot/app/robot_ws/install/nav_msgs/include/nav_msgs/nav_msgs
[12.048s] -- Up-to-date: /home/robot/app/robot_ws/install/nav_msgs/include/nav_msgs/nav_msgs/srv
[12.048s] -- Up-to-date: /home/robot/app/robot_ws/install/nav_msgs/include/nav_msgs/nav_msgs/srv/get_map.hpp
[12.048s] -- Up-to-date: /home/robot/app/robot_ws/install/nav_msgs/include/nav_msgs/nav_msgs/srv/set_map.hpp
[12.048s] -- Up-to-date: /home/robot/app/robot_ws/install/nav_msgs/include/nav_msgs/nav_msgs/srv/get_plan.hpp
[12.049s] -- Up-to-date: /home/robot/app/robot_ws/install/nav_msgs/include/nav_msgs/nav_msgs/srv/detail
[12.049s] -- Up-to-date: /home/robot/app/robot_ws/install/nav_msgs/include/nav_msgs/nav_msgs/srv/detail/load_map__builder.hpp
[12.049s] -- Up-to-date: /home/robot/app/robot_ws/install/nav_msgs/include/nav_msgs/nav_msgs/srv/detail/set_map__builder.hpp
[12.049s] -- Up-to-date: /home/robot/app/robot_ws/install/nav_msgs/include/nav_msgs/nav_msgs/srv/detail/get_map__struct.hpp
[12.049s] -- Up-to-date: /home/robot/app/robot_ws/install/nav_msgs/include/nav_msgs/nav_msgs/srv/detail/get_map__traits.hpp
[12.051s] -- Up-to-date: /home/robot/app/robot_ws/install/nav_msgs/include/nav_msgs/nav_msgs/srv/detail/get_map__builder.hpp
[12.051s] -- Up-to-date: /home/robot/app/robot_ws/install/nav_msgs/include/nav_msgs/nav_msgs/srv/detail/set_map__traits.hpp
[12.051s] -- Up-to-date: /home/robot/app/robot_ws/install/nav_msgs/include/nav_msgs/nav_msgs/srv/detail/get_plan__struct.hpp
[12.051s] -- Up-to-date: /home/robot/app/robot_ws/install/nav_msgs/include/nav_msgs/nav_msgs/srv/detail/set_map__struct.hpp
[12.052s] -- Up-to-date: /home/robot/app/robot_ws/install/nav_msgs/include/nav_msgs/nav_msgs/srv/detail/get_plan__traits.hpp
[12.052s] -- Up-to-date: /home/robot/app/robot_ws/install/nav_msgs/include/nav_msgs/nav_msgs/srv/detail/load_map__traits.hpp
[12.052s] -- Up-to-date: /home/robot/app/robot_ws/install/nav_msgs/include/nav_msgs/nav_msgs/srv/detail/load_map__struct.hpp
[12.053s] -- Up-to-date: /home/robot/app/robot_ws/install/nav_msgs/include/nav_msgs/nav_msgs/srv/detail/get_plan__builder.hpp
[12.053s] -- Up-to-date: /home/robot/app/robot_ws/install/nav_msgs/include/nav_msgs/nav_msgs/srv/load_map.hpp
[12.053s] -- Up-to-date: /home/robot/app/robot_ws/install/nav_msgs/include/nav_msgs/nav_msgs/msg
[12.053s] -- Up-to-date: /home/robot/app/robot_ws/install/nav_msgs/include/nav_msgs/nav_msgs/msg/path.hpp
[12.053s] -- Up-to-date: /home/robot/app/robot_ws/install/nav_msgs/include/nav_msgs/nav_msgs/msg/map_meta_data.hpp
[12.053s] -- Up-to-date: /home/robot/app/robot_ws/install/nav_msgs/include/nav_msgs/nav_msgs/msg/grid_cells.hpp
[12.054s] -- Up-to-date: /home/robot/app/robot_ws/install/nav_msgs/include/nav_msgs/nav_msgs/msg/detail
[12.054s] -- Up-to-date: /home/robot/app/robot_ws/install/nav_msgs/include/nav_msgs/nav_msgs/msg/detail/grid_cells__traits.hpp
[12.054s] -- Up-to-date: /home/robot/app/robot_ws/install/nav_msgs/include/nav_msgs/nav_msgs/msg/detail/odometry__traits.hpp
[12.054s] -- Up-to-date: /home/robot/app/robot_ws/install/nav_msgs/include/nav_msgs/nav_msgs/msg/detail/odometry__struct.hpp
[12.054s] -- Up-to-date: /home/robot/app/robot_ws/install/nav_msgs/include/nav_msgs/nav_msgs/msg/detail/grid_cells__builder.hpp
[12.055s] -- Up-to-date: /home/robot/app/robot_ws/install/nav_msgs/include/nav_msgs/nav_msgs/msg/detail/occupancy_grid__traits.hpp
[12.055s] -- Up-to-date: /home/robot/app/robot_ws/install/nav_msgs/include/nav_msgs/nav_msgs/msg/detail/path__builder.hpp
[12.055s] -- Up-to-date: /home/robot/app/robot_ws/install/nav_msgs/include/nav_msgs/nav_msgs/msg/detail/path__traits.hpp
[12.055s] -- Up-to-date: /home/robot/app/robot_ws/install/nav_msgs/include/nav_msgs/nav_msgs/msg/detail/grid_cells__struct.hpp
[12.055s] -- Up-to-date: /home/robot/app/robot_ws/install/nav_msgs/include/nav_msgs/nav_msgs/msg/detail/map_meta_data__traits.hpp
[12.055s] -- Up-to-date: /home/robot/app/robot_ws/install/nav_msgs/include/nav_msgs/nav_msgs/msg/detail/odometry__builder.hpp
[12.056s] -- Up-to-date: /home/robot/app/robot_ws/install/nav_msgs/include/nav_msgs/nav_msgs/msg/detail/map_meta_data__builder.hpp
[12.056s] -- Up-to-date: /home/robot/app/robot_ws/install/nav_msgs/include/nav_msgs/nav_msgs/msg/detail/map_meta_data__struct.hpp
[12.057s] -- Up-to-date: /home/robot/app/robot_ws/install/nav_msgs/include/nav_msgs/nav_msgs/msg/detail/occupancy_grid__struct.hpp
[12.057s] -- Up-to-date: /home/robot/app/robot_ws/install/nav_msgs/include/nav_msgs/nav_msgs/msg/detail/path__struct.hpp
[12.057s] -- Up-to-date: /home/robot/app/robot_ws/install/nav_msgs/include/nav_msgs/nav_msgs/msg/detail/occupancy_grid__builder.hpp
[12.057s] -- Up-to-date: /home/robot/app/robot_ws/install/nav_msgs/include/nav_msgs/nav_msgs/msg/occupancy_grid.hpp
[12.058s] -- Up-to-date: /home/robot/app/robot_ws/install/nav_msgs/include/nav_msgs/nav_msgs/msg/odometry.hpp
[12.058s] -- Up-to-date: /home/robot/app/robot_ws/install/nav_msgs/include/nav_msgs/nav_msgs
[12.058s] -- Up-to-date: /home/robot/app/robot_ws/install/nav_msgs/include/nav_msgs/nav_msgs/srv
[12.058s] -- Up-to-date: /home/robot/app/robot_ws/install/nav_msgs/include/nav_msgs/nav_msgs/srv/detail
[12.059s] -- Up-to-date: /home/robot/app/robot_ws/install/nav_msgs/include/nav_msgs/nav_msgs/srv/detail/dds_fastrtps
[12.059s] -- Up-to-date: /home/robot/app/robot_ws/install/nav_msgs/include/nav_msgs/nav_msgs/srv/detail/set_map__rosidl_typesupport_fastrtps_cpp.hpp
[12.059s] -- Up-to-date: /home/robot/app/robot_ws/install/nav_msgs/include/nav_msgs/nav_msgs/srv/detail/load_map__rosidl_typesupport_fastrtps_cpp.hpp
[12.059s] -- Up-to-date: /home/robot/app/robot_ws/install/nav_msgs/include/nav_msgs/nav_msgs/srv/detail/get_map__rosidl_typesupport_fastrtps_cpp.hpp
[12.059s] -- Up-to-date: /home/robot/app/robot_ws/install/nav_msgs/include/nav_msgs/nav_msgs/srv/detail/get_plan__rosidl_typesupport_fastrtps_cpp.hpp
[12.060s] -- Up-to-date: /home/robot/app/robot_ws/install/nav_msgs/include/nav_msgs/nav_msgs/msg
[12.060s] -- Up-to-date: /home/robot/app/robot_ws/install/nav_msgs/include/nav_msgs/nav_msgs/msg/rosidl_typesupport_fastrtps_cpp__visibility_control.h
[12.060s] -- Up-to-date: /home/robot/app/robot_ws/install/nav_msgs/include/nav_msgs/nav_msgs/msg/detail
[12.060s] -- Up-to-date: /home/robot/app/robot_ws/install/nav_msgs/include/nav_msgs/nav_msgs/msg/detail/odometry__rosidl_typesupport_fastrtps_cpp.hpp
[12.060s] -- Up-to-date: /home/robot/app/robot_ws/install/nav_msgs/include/nav_msgs/nav_msgs/msg/detail/map_meta_data__rosidl_typesupport_fastrtps_cpp.hpp
[12.061s] -- Up-to-date: /home/robot/app/robot_ws/install/nav_msgs/include/nav_msgs/nav_msgs/msg/detail/dds_fastrtps
[12.061s] -- Up-to-date: /home/robot/app/robot_ws/install/nav_msgs/include/nav_msgs/nav_msgs/msg/detail/grid_cells__rosidl_typesupport_fastrtps_cpp.hpp
[12.061s] -- Up-to-date: /home/robot/app/robot_ws/install/nav_msgs/include/nav_msgs/nav_msgs/msg/detail/path__rosidl_typesupport_fastrtps_cpp.hpp
[12.061s] -- Up-to-date: /home/robot/app/robot_ws/install/nav_msgs/include/nav_msgs/nav_msgs/msg/detail/occupancy_grid__rosidl_typesupport_fastrtps_cpp.hpp
[12.061s] -- Up-to-date: /home/robot/app/robot_ws/install/nav_msgs/lib/libnav_msgs__rosidl_typesupport_fastrtps_cpp.so
[12.061s] -- Up-to-date: /home/robot/app/robot_ws/install/nav_msgs/include/nav_msgs
[12.062s] -- Up-to-date: /home/robot/app/robot_ws/install/nav_msgs/include/nav_msgs/srv
[12.062s] -- Up-to-date: /home/robot/app/robot_ws/install/nav_msgs/include/nav_msgs/srv/detail
[12.062s] -- Up-to-date: /home/robot/app/robot_ws/install/nav_msgs/include/nav_msgs/srv/detail/microxrcedds
[12.062s] -- Up-to-date: /home/robot/app/robot_ws/install/nav_msgs/include/nav_msgs/srv/detail/set_map__rosidl_typesupport_microxrcedds_c.h
[12.062s] -- Up-to-date: /home/robot/app/robot_ws/install/nav_msgs/include/nav_msgs/srv/detail/get_plan__rosidl_typesupport_microxrcedds_c.h
[12.062s] -- Up-to-date: /home/robot/app/robot_ws/install/nav_msgs/include/nav_msgs/srv/detail/get_map__rosidl_typesupport_microxrcedds_c.h
[12.063s] -- Up-to-date: /home/robot/app/robot_ws/install/nav_msgs/include/nav_msgs/srv/detail/load_map__rosidl_typesupport_microxrcedds_c.h
[12.063s] -- Up-to-date: /home/robot/app/robot_ws/install/nav_msgs/include/nav_msgs/msg
[12.063s] -- Up-to-date: /home/robot/app/robot_ws/install/nav_msgs/include/nav_msgs/msg/detail
[12.063s] -- Up-to-date: /home/robot/app/robot_ws/install/nav_msgs/include/nav_msgs/msg/detail/map_meta_data__rosidl_typesupport_microxrcedds_c.h
[12.063s] -- Up-to-date: /home/robot/app/robot_ws/install/nav_msgs/include/nav_msgs/msg/detail/grid_cells__rosidl_typesupport_microxrcedds_c.h
[12.064s] -- Up-to-date: /home/robot/app/robot_ws/install/nav_msgs/include/nav_msgs/msg/detail/microxrcedds
[12.064s] -- Up-to-date: /home/robot/app/robot_ws/install/nav_msgs/include/nav_msgs/msg/detail/path__rosidl_typesupport_microxrcedds_c.h
[12.064s] -- Up-to-date: /home/robot/app/robot_ws/install/nav_msgs/include/nav_msgs/msg/detail/occupancy_grid__rosidl_typesupport_microxrcedds_c.h
[12.064s] -- Up-to-date: /home/robot/app/robot_ws/install/nav_msgs/include/nav_msgs/msg/detail/odometry__rosidl_typesupport_microxrcedds_c.h
[12.064s] -- Up-to-date: /home/robot/app/robot_ws/install/nav_msgs/include/nav_msgs/msg/rosidl_typesupport_microxrcedds_c__visibility_control.h
[12.065s] -- Up-to-date: /home/robot/app/robot_ws/install/nav_msgs/lib/libnav_msgs__rosidl_typesupport_microxrcedds_c.so
[12.065s] -- Up-to-date: /home/robot/app/robot_ws/install/nav_msgs/include/nav_msgs/nav_msgs
[12.065s] -- Up-to-date: /home/robot/app/robot_ws/install/nav_msgs/include/nav_msgs/nav_msgs/srv
[12.066s] -- Up-to-date: /home/robot/app/robot_ws/install/nav_msgs/include/nav_msgs/nav_msgs/srv/detail
[12.066s] -- Up-to-date: /home/robot/app/robot_ws/install/nav_msgs/include/nav_msgs/nav_msgs/srv/detail/load_map__type_support.c
[12.066s] -- Up-to-date: /home/robot/app/robot_ws/install/nav_msgs/include/nav_msgs/nav_msgs/srv/detail/get_map__rosidl_typesupport_introspection_c.h
[12.067s] -- Up-to-date: /home/robot/app/robot_ws/install/nav_msgs/include/nav_msgs/nav_msgs/srv/detail/get_plan__rosidl_typesupport_introspection_c.h
[12.067s] -- Up-to-date: /home/robot/app/robot_ws/install/nav_msgs/include/nav_msgs/nav_msgs/srv/detail/load_map__rosidl_typesupport_introspection_c.h
[12.067s] -- Up-to-date: /home/robot/app/robot_ws/install/nav_msgs/include/nav_msgs/nav_msgs/srv/detail/get_plan__type_support.c
[12.067s] -- Up-to-date: /home/robot/app/robot_ws/install/nav_msgs/include/nav_msgs/nav_msgs/srv/detail/set_map__type_support.c
[12.067s] -- Up-to-date: /home/robot/app/robot_ws/install/nav_msgs/include/nav_msgs/nav_msgs/srv/detail/get_map__type_support.c
[12.068s] -- Up-to-date: /home/robot/app/robot_ws/install/nav_msgs/include/nav_msgs/nav_msgs/srv/detail/set_map__rosidl_typesupport_introspection_c.h
[12.068s] -- Up-to-date: /home/robot/app/robot_ws/install/nav_msgs/include/nav_msgs/nav_msgs/msg
[12.068s] -- Up-to-date: /home/robot/app/robot_ws/install/nav_msgs/include/nav_msgs/nav_msgs/msg/rosidl_typesupport_introspection_c__visibility_control.h
[12.068s] -- Up-to-date: /home/robot/app/robot_ws/install/nav_msgs/include/nav_msgs/nav_msgs/msg/detail
[12.068s] -- Up-to-date: /home/robot/app/robot_ws/install/nav_msgs/include/nav_msgs/nav_msgs/msg/detail/grid_cells__rosidl_typesupport_introspection_c.h
[12.068s] -- Up-to-date: /home/robot/app/robot_ws/install/nav_msgs/include/nav_msgs/nav_msgs/msg/detail/occupancy_grid__rosidl_typesupport_introspection_c.h
[12.068s] -- Up-to-date: /home/robot/app/robot_ws/install/nav_msgs/include/nav_msgs/nav_msgs/msg/detail/odometry__type_support.c
[12.069s] -- Up-to-date: /home/robot/app/robot_ws/install/nav_msgs/include/nav_msgs/nav_msgs/msg/detail/path__type_support.c
[12.069s] -- Up-to-date: /home/robot/app/robot_ws/install/nav_msgs/include/nav_msgs/nav_msgs/msg/detail/odometry__rosidl_typesupport_introspection_c.h
[12.069s] -- Up-to-date: /home/robot/app/robot_ws/install/nav_msgs/include/nav_msgs/nav_msgs/msg/detail/map_meta_data__rosidl_typesupport_introspection_c.h
[12.069s] -- Up-to-date: /home/robot/app/robot_ws/install/nav_msgs/include/nav_msgs/nav_msgs/msg/detail/grid_cells__type_support.c
[12.069s] -- Up-to-date: /home/robot/app/robot_ws/install/nav_msgs/include/nav_msgs/nav_msgs/msg/detail/path__rosidl_typesupport_introspection_c.h
[12.069s] -- Up-to-date: /home/robot/app/robot_ws/install/nav_msgs/include/nav_msgs/nav_msgs/msg/detail/map_meta_data__type_support.c
[12.069s] -- Up-to-date: /home/robot/app/robot_ws/install/nav_msgs/include/nav_msgs/nav_msgs/msg/detail/occupancy_grid__type_support.c
[12.070s] -- Up-to-date: /home/robot/app/robot_ws/install/nav_msgs/lib/libnav_msgs__rosidl_typesupport_introspection_c.so
[12.070s] -- Up-to-date: /home/robot/app/robot_ws/install/nav_msgs/lib/libnav_msgs__rosidl_typesupport_c.so
[12.070s] -- Up-to-date: /home/robot/app/robot_ws/install/nav_msgs/include/nav_msgs
[12.070s] -- Up-to-date: /home/robot/app/robot_ws/install/nav_msgs/include/nav_msgs/srv
[12.070s] -- Up-to-date: /home/robot/app/robot_ws/install/nav_msgs/include/nav_msgs/srv/detail
[12.070s] -- Up-to-date: /home/robot/app/robot_ws/install/nav_msgs/include/nav_msgs/srv/detail/get_plan__rosidl_typesupport_microxrcedds_cpp.hpp
[12.071s] -- Up-to-date: /home/robot/app/robot_ws/install/nav_msgs/include/nav_msgs/srv/detail/microxrcedds
[12.071s] -- Up-to-date: /home/robot/app/robot_ws/install/nav_msgs/include/nav_msgs/srv/detail/microxrcedds/get_plan__type_support_cpp.cpp
[12.071s] -- Up-to-date: /home/robot/app/robot_ws/install/nav_msgs/include/nav_msgs/srv/detail/microxrcedds/get_map__type_support_cpp.cpp
[12.071s] -- Up-to-date: /home/robot/app/robot_ws/install/nav_msgs/include/nav_msgs/srv/detail/microxrcedds/set_map__type_support_cpp.cpp
[12.071s] -- Up-to-date: /home/robot/app/robot_ws/install/nav_msgs/include/nav_msgs/srv/detail/microxrcedds/load_map__type_support_cpp.cpp
[12.071s] -- Up-to-date: /home/robot/app/robot_ws/install/nav_msgs/include/nav_msgs/srv/detail/load_map__rosidl_typesupport_microxrcedds_cpp.hpp
[12.072s] -- Up-to-date: /home/robot/app/robot_ws/install/nav_msgs/include/nav_msgs/srv/detail/get_map__rosidl_typesupport_microxrcedds_cpp.hpp
[12.072s] -- Up-to-date: /home/robot/app/robot_ws/install/nav_msgs/include/nav_msgs/srv/detail/set_map__rosidl_typesupport_microxrcedds_cpp.hpp
[12.072s] -- Up-to-date: /home/robot/app/robot_ws/install/nav_msgs/include/nav_msgs/msg
[12.072s] -- Up-to-date: /home/robot/app/robot_ws/install/nav_msgs/include/nav_msgs/msg/detail
[12.072s] -- Up-to-date: /home/robot/app/robot_ws/install/nav_msgs/include/nav_msgs/msg/detail/occupancy_grid__rosidl_typesupport_microxrcedds_cpp.hpp
[12.072s] -- Up-to-date: /home/robot/app/robot_ws/install/nav_msgs/include/nav_msgs/msg/detail/path__rosidl_typesupport_microxrcedds_cpp.hpp
[12.072s] -- Up-to-date: /home/robot/app/robot_ws/install/nav_msgs/include/nav_msgs/msg/detail/map_meta_data__rosidl_typesupport_microxrcedds_cpp.hpp
[12.072s] -- Up-to-date: /home/robot/app/robot_ws/install/nav_msgs/include/nav_msgs/msg/detail/microxrcedds
[12.072s] -- Up-to-date: /home/robot/app/robot_ws/install/nav_msgs/include/nav_msgs/msg/detail/microxrcedds/odometry__type_support_cpp.cpp
[12.073s] -- Up-to-date: /home/robot/app/robot_ws/install/nav_msgs/include/nav_msgs/msg/detail/microxrcedds/path__type_support_cpp.cpp
[12.073s] -- Up-to-date: /home/robot/app/robot_ws/install/nav_msgs/include/nav_msgs/msg/detail/microxrcedds/occupancy_grid__type_support_cpp.cpp
[12.073s] -- Up-to-date: /home/robot/app/robot_ws/install/nav_msgs/include/nav_msgs/msg/detail/microxrcedds/grid_cells__type_support_cpp.cpp
[12.073s] -- Up-to-date: /home/robot/app/robot_ws/install/nav_msgs/include/nav_msgs/msg/detail/microxrcedds/map_meta_data__type_support_cpp.cpp
[12.073s] -- Up-to-date: /home/robot/app/robot_ws/install/nav_msgs/include/nav_msgs/msg/detail/odometry__rosidl_typesupport_microxrcedds_cpp.hpp
[12.073s] -- Up-to-date: /home/robot/app/robot_ws/install/nav_msgs/include/nav_msgs/msg/detail/grid_cells__rosidl_typesupport_microxrcedds_cpp.hpp
[12.073s] -- Up-to-date: /home/robot/app/robot_ws/install/nav_msgs/include/nav_msgs/msg/rosidl_typesupport_microxrcedds_cpp__visibility_control.h
[12.073s] -- Up-to-date: /home/robot/app/robot_ws/install/nav_msgs/lib/libnav_msgs__rosidl_typesupport_microxrcedds_cpp.so
[12.073s] -- Up-to-date: /home/robot/app/robot_ws/install/nav_msgs/include/nav_msgs/nav_msgs
[12.073s] -- Up-to-date: /home/robot/app/robot_ws/install/nav_msgs/include/nav_msgs/nav_msgs/srv
[12.073s] -- Up-to-date: /home/robot/app/robot_ws/install/nav_msgs/include/nav_msgs/nav_msgs/srv/detail
[12.074s] -- Up-to-date: /home/robot/app/robot_ws/install/nav_msgs/include/nav_msgs/nav_msgs/srv/detail/get_map__rosidl_typesupport_introspection_cpp.hpp
[12.074s] -- Up-to-date: /home/robot/app/robot_ws/install/nav_msgs/include/nav_msgs/nav_msgs/srv/detail/load_map__type_support.cpp
[12.074s] -- Up-to-date: /home/robot/app/robot_ws/install/nav_msgs/include/nav_msgs/nav_msgs/srv/detail/get_plan__rosidl_typesupport_introspection_cpp.hpp
[12.074s] -- Up-to-date: /home/robot/app/robot_ws/install/nav_msgs/include/nav_msgs/nav_msgs/srv/detail/set_map__type_support.cpp
[12.074s] -- Up-to-date: /home/robot/app/robot_ws/install/nav_msgs/include/nav_msgs/nav_msgs/srv/detail/load_map__rosidl_typesupport_introspection_cpp.hpp
[12.074s] -- Up-to-date: /home/robot/app/robot_ws/install/nav_msgs/include/nav_msgs/nav_msgs/srv/detail/set_map__rosidl_typesupport_introspection_cpp.hpp
[12.074s] -- Up-to-date: /home/robot/app/robot_ws/install/nav_msgs/include/nav_msgs/nav_msgs/srv/detail/get_plan__type_support.cpp
[12.074s] -- Up-to-date: /home/robot/app/robot_ws/install/nav_msgs/include/nav_msgs/nav_msgs/srv/detail/get_map__type_support.cpp
[12.074s] -- Up-to-date: /home/robot/app/robot_ws/install/nav_msgs/include/nav_msgs/nav_msgs/msg
[12.074s] -- Up-to-date: /home/robot/app/robot_ws/install/nav_msgs/include/nav_msgs/nav_msgs/msg/detail
[12.074s] -- Up-to-date: /home/robot/app/robot_ws/install/nav_msgs/include/nav_msgs/nav_msgs/msg/detail/odometry__type_support.cpp
[12.075s] -- Up-to-date: /home/robot/app/robot_ws/install/nav_msgs/include/nav_msgs/nav_msgs/msg/detail/odometry__rosidl_typesupport_introspection_cpp.hpp
[12.075s] -- Up-to-date: /home/robot/app/robot_ws/install/nav_msgs/include/nav_msgs/nav_msgs/msg/detail/grid_cells__rosidl_typesupport_introspection_cpp.hpp
[12.075s] -- Up-to-date: /home/robot/app/robot_ws/install/nav_msgs/include/nav_msgs/nav_msgs/msg/detail/grid_cells__type_support.cpp
[12.075s] -- Up-to-date: /home/robot/app/robot_ws/install/nav_msgs/include/nav_msgs/nav_msgs/msg/detail/path__type_support.cpp
[12.075s] -- Up-to-date: /home/robot/app/robot_ws/install/nav_msgs/include/nav_msgs/nav_msgs/msg/detail/path__rosidl_typesupport_introspection_cpp.hpp
[12.075s] -- Up-to-date: /home/robot/app/robot_ws/install/nav_msgs/include/nav_msgs/nav_msgs/msg/detail/occupancy_grid__rosidl_typesupport_introspection_cpp.hpp
[12.075s] -- Up-to-date: /home/robot/app/robot_ws/install/nav_msgs/include/nav_msgs/nav_msgs/msg/detail/map_meta_data__type_support.cpp
[12.075s] -- Up-to-date: /home/robot/app/robot_ws/install/nav_msgs/include/nav_msgs/nav_msgs/msg/detail/occupancy_grid__type_support.cpp
[12.075s] -- Up-to-date: /home/robot/app/robot_ws/install/nav_msgs/include/nav_msgs/nav_msgs/msg/detail/map_meta_data__rosidl_typesupport_introspection_cpp.hpp
[12.075s] -- Up-to-date: /home/robot/app/robot_ws/install/nav_msgs/lib/libnav_msgs__rosidl_typesupport_introspection_cpp.so
[12.075s] -- Up-to-date: /home/robot/app/robot_ws/install/nav_msgs/lib/libnav_msgs__rosidl_typesupport_cpp.so
[12.076s] -- Up-to-date: /home/robot/app/robot_ws/install/nav_msgs/share/nav_msgs/environment/pythonpath.sh
[12.076s] -- Installing: /home/robot/app/robot_ws/install/nav_msgs/share/nav_msgs/environment/pythonpath.dsv
[12.076s] -- Up-to-date: /home/robot/app/robot_ws/install/nav_msgs/local/lib/python3.10/dist-packages/nav_msgs-4.2.4-py3.10.egg-info
[12.076s] -- Installing: /home/robot/app/robot_ws/install/nav_msgs/local/lib/python3.10/dist-packages/nav_msgs-4.2.4-py3.10.egg-info/dependency_links.txt
[12.076s] -- Installing: /home/robot/app/robot_ws/install/nav_msgs/local/lib/python3.10/dist-packages/nav_msgs-4.2.4-py3.10.egg-info/PKG-INFO
[12.076s] -- Installing: /home/robot/app/robot_ws/install/nav_msgs/local/lib/python3.10/dist-packages/nav_msgs-4.2.4-py3.10.egg-info/SOURCES.txt
[12.076s] -- Installing: /home/robot/app/robot_ws/install/nav_msgs/local/lib/python3.10/dist-packages/nav_msgs-4.2.4-py3.10.egg-info/top_level.txt
[12.076s] -- Up-to-date: /home/robot/app/robot_ws/install/nav_msgs/local/lib/python3.10/dist-packages/nav_msgs
[12.076s] -- Installing: /home/robot/app/robot_ws/install/nav_msgs/local/lib/python3.10/dist-packages/nav_msgs/__init__.py
[12.076s] -- Up-to-date: /home/robot/app/robot_ws/install/nav_msgs/local/lib/python3.10/dist-packages/nav_msgs/_nav_msgs_s.ep.rosidl_typesupport_fastrtps_c.c
[12.077s] -- Up-to-date: /home/robot/app/robot_ws/install/nav_msgs/local/lib/python3.10/dist-packages/nav_msgs/nav_msgs_s__rosidl_typesupport_introspection_c.cpython-310-x86_64-linux-gnu.so
[12.077s] -- Up-to-date: /home/robot/app/robot_ws/install/nav_msgs/local/lib/python3.10/dist-packages/nav_msgs/srv
[12.077s] -- Up-to-date: /home/robot/app/robot_ws/install/nav_msgs/local/lib/python3.10/dist-packages/nav_msgs/srv/_get_map_s.c
[12.077s] -- Up-to-date: /home/robot/app/robot_ws/install/nav_msgs/local/lib/python3.10/dist-packages/nav_msgs/srv/__init__.py
[12.077s] -- Up-to-date: /home/robot/app/robot_ws/install/nav_msgs/local/lib/python3.10/dist-packages/nav_msgs/srv/_load_map_s.c
[12.077s] -- Up-to-date: /home/robot/app/robot_ws/install/nav_msgs/local/lib/python3.10/dist-packages/nav_msgs/srv/_get_map.py
[12.078s] -- Up-to-date: /home/robot/app/robot_ws/install/nav_msgs/local/lib/python3.10/dist-packages/nav_msgs/srv/_set_map_s.c
[12.078s] -- Up-to-date: /home/robot/app/robot_ws/install/nav_msgs/local/lib/python3.10/dist-packages/nav_msgs/srv/_load_map.py
[12.078s] -- Up-to-date: /home/robot/app/robot_ws/install/nav_msgs/local/lib/python3.10/dist-packages/nav_msgs/srv/_get_plan_s.c
[12.079s] -- Up-to-date: /home/robot/app/robot_ws/install/nav_msgs/local/lib/python3.10/dist-packages/nav_msgs/srv/_get_plan.py
[12.079s] -- Up-to-date: /home/robot/app/robot_ws/install/nav_msgs/local/lib/python3.10/dist-packages/nav_msgs/srv/_set_map.py
[12.079s] -- Up-to-date: /home/robot/app/robot_ws/install/nav_msgs/local/lib/python3.10/dist-packages/nav_msgs/nav_msgs_s__rosidl_typesupport_microxrcedds_c.cpython-310-x86_64-linux-gnu.so
[12.079s] -- Up-to-date: /home/robot/app/robot_ws/install/nav_msgs/local/lib/python3.10/dist-packages/nav_msgs/nav_msgs_s__rosidl_typesupport_fastrtps_c.cpython-310-x86_64-linux-gnu.so
[12.079s] -- Up-to-date: /home/robot/app/robot_ws/install/nav_msgs/local/lib/python3.10/dist-packages/nav_msgs/nav_msgs_s__rosidl_typesupport_c.cpython-310-x86_64-linux-gnu.so
[12.079s] -- Up-to-date: /home/robot/app/robot_ws/install/nav_msgs/local/lib/python3.10/dist-packages/nav_msgs/_nav_msgs_s.ep.rosidl_typesupport_introspection_c.c
[12.079s] -- Up-to-date: /home/robot/app/robot_ws/install/nav_msgs/local/lib/python3.10/dist-packages/nav_msgs/_nav_msgs_s.ep.rosidl_typesupport_microxrcedds_c.c
[12.080s] -- Up-to-date: /home/robot/app/robot_ws/install/nav_msgs/local/lib/python3.10/dist-packages/nav_msgs/_nav_msgs_s.ep.rosidl_typesupport_c.c
[12.080s] -- Up-to-date: /home/robot/app/robot_ws/install/nav_msgs/local/lib/python3.10/dist-packages/nav_msgs/msg
[12.080s] -- Up-to-date: /home/robot/app/robot_ws/install/nav_msgs/local/lib/python3.10/dist-packages/nav_msgs/msg/__init__.py
[12.081s] -- Up-to-date: /home/robot/app/robot_ws/install/nav_msgs/local/lib/python3.10/dist-packages/nav_msgs/msg/_map_meta_data.py
[12.081s] -- Up-to-date: /home/robot/app/robot_ws/install/nav_msgs/local/lib/python3.10/dist-packages/nav_msgs/msg/_map_meta_data_s.c
[12.081s] -- Up-to-date: /home/robot/app/robot_ws/install/nav_msgs/local/lib/python3.10/dist-packages/nav_msgs/msg/_occupancy_grid.py
[12.081s] -- Up-to-date: /home/robot/app/robot_ws/install/nav_msgs/local/lib/python3.10/dist-packages/nav_msgs/msg/_occupancy_grid_s.c
[12.081s] -- Up-to-date: /home/robot/app/robot_ws/install/nav_msgs/local/lib/python3.10/dist-packages/nav_msgs/msg/_grid_cells_s.c
[12.081s] -- Up-to-date: /home/robot/app/robot_ws/install/nav_msgs/local/lib/python3.10/dist-packages/nav_msgs/msg/_path_s.c
[12.081s] -- Up-to-date: /home/robot/app/robot_ws/install/nav_msgs/local/lib/python3.10/dist-packages/nav_msgs/msg/_odometry_s.c
[12.082s] -- Up-to-date: /home/robot/app/robot_ws/install/nav_msgs/local/lib/python3.10/dist-packages/nav_msgs/msg/_path.py
[12.082s] -- Up-to-date: /home/robot/app/robot_ws/install/nav_msgs/local/lib/python3.10/dist-packages/nav_msgs/msg/_grid_cells.py
[12.082s] -- Up-to-date: /home/robot/app/robot_ws/install/nav_msgs/local/lib/python3.10/dist-packages/nav_msgs/msg/_odometry.py
[12.082s] -- Up-to-date: /home/robot/app/robot_ws/install/nav_msgs/local/lib/python3.10/dist-packages/nav_msgs/libnav_msgs__rosidl_generator_py.so
[12.184s] Listing '/home/robot/app/robot_ws/install/nav_msgs/local/lib/python3.10/dist-packages/nav_msgs'...
[12.184s] Compiling '/home/robot/app/robot_ws/install/nav_msgs/local/lib/python3.10/dist-packages/nav_msgs/__init__.py'...
[12.184s] Listing '/home/robot/app/robot_ws/install/nav_msgs/local/lib/python3.10/dist-packages/nav_msgs/msg'...
[12.185s] Listing '/home/robot/app/robot_ws/install/nav_msgs/local/lib/python3.10/dist-packages/nav_msgs/srv'...
[12.191s] -- Up-to-date: /home/robot/app/robot_ws/install/nav_msgs/local/lib/python3.10/dist-packages/nav_msgs/nav_msgs_s__rosidl_typesupport_microxrcedds_c.cpython-310-x86_64-linux-gnu.so
[12.192s] -- Up-to-date: /home/robot/app/robot_ws/install/nav_msgs/local/lib/python3.10/dist-packages/nav_msgs/nav_msgs_s__rosidl_typesupport_fastrtps_c.cpython-310-x86_64-linux-gnu.so
[12.192s] -- Up-to-date: /home/robot/app/robot_ws/install/nav_msgs/local/lib/python3.10/dist-packages/nav_msgs/nav_msgs_s__rosidl_typesupport_introspection_c.cpython-310-x86_64-linux-gnu.so
[12.193s] -- Up-to-date: /home/robot/app/robot_ws/install/nav_msgs/local/lib/python3.10/dist-packages/nav_msgs/nav_msgs_s__rosidl_typesupport_c.cpython-310-x86_64-linux-gnu.so
[12.193s] -- Up-to-date: /home/robot/app/robot_ws/install/nav_msgs/lib/libnav_msgs__rosidl_generator_py.so
[12.194s] -- Up-to-date: /home/robot/app/robot_ws/install/nav_msgs/share/nav_msgs/msg/GridCells.idl
[12.194s] -- Up-to-date: /home/robot/app/robot_ws/install/nav_msgs/share/nav_msgs/msg/MapMetaData.idl
[12.194s] -- Up-to-date: /home/robot/app/robot_ws/install/nav_msgs/share/nav_msgs/msg/OccupancyGrid.idl
[12.195s] -- Up-to-date: /home/robot/app/robot_ws/install/nav_msgs/share/nav_msgs/msg/Odometry.idl
[12.195s] -- Up-to-date: /home/robot/app/robot_ws/install/nav_msgs/share/nav_msgs/msg/Path.idl
[12.195s] -- Up-to-date: /home/robot/app/robot_ws/install/nav_msgs/share/nav_msgs/srv/GetMap.idl
[12.196s] -- Up-to-date: /home/robot/app/robot_ws/install/nav_msgs/share/nav_msgs/srv/GetPlan.idl
[12.196s] -- Up-to-date: /home/robot/app/robot_ws/install/nav_msgs/share/nav_msgs/srv/LoadMap.idl
[12.197s] -- Up-to-date: /home/robot/app/robot_ws/install/nav_msgs/share/nav_msgs/srv/SetMap.idl
[12.197s] -- Up-to-date: /home/robot/app/robot_ws/install/nav_msgs/share/nav_msgs/msg/GridCells.msg
[12.197s] -- Up-to-date: /home/robot/app/robot_ws/install/nav_msgs/share/nav_msgs/msg/MapMetaData.msg
[12.197s] -- Up-to-date: /home/robot/app/robot_ws/install/nav_msgs/share/nav_msgs/msg/OccupancyGrid.msg
[12.198s] -- Up-to-date: /home/robot/app/robot_ws/install/nav_msgs/share/nav_msgs/msg/Odometry.msg
[12.198s] -- Up-to-date: /home/robot/app/robot_ws/install/nav_msgs/share/nav_msgs/msg/Path.msg
[12.198s] -- Up-to-date: /home/robot/app/robot_ws/install/nav_msgs/share/nav_msgs/srv/GetMap.srv
[12.198s] -- Up-to-date: /home/robot/app/robot_ws/install/nav_msgs/share/nav_msgs/srv/GetMap_Request.msg
[12.198s] -- Up-to-date: /home/robot/app/robot_ws/install/nav_msgs/share/nav_msgs/srv/GetMap_Response.msg
[12.199s] -- Up-to-date: /home/robot/app/robot_ws/install/nav_msgs/share/nav_msgs/srv/GetPlan.srv
[12.199s] -- Up-to-date: /home/robot/app/robot_ws/install/nav_msgs/share/nav_msgs/srv/GetPlan_Request.msg
[12.199s] -- Up-to-date: /home/robot/app/robot_ws/install/nav_msgs/share/nav_msgs/srv/GetPlan_Response.msg
[12.200s] -- Up-to-date: /home/robot/app/robot_ws/install/nav_msgs/share/nav_msgs/srv/LoadMap.srv
[12.200s] -- Up-to-date: /home/robot/app/robot_ws/install/nav_msgs/share/nav_msgs/srv/LoadMap_Request.msg
[12.200s] -- Up-to-date: /home/robot/app/robot_ws/install/nav_msgs/share/nav_msgs/srv/LoadMap_Response.msg
[12.200s] -- Up-to-date: /home/robot/app/robot_ws/install/nav_msgs/share/nav_msgs/srv/SetMap.srv
[12.201s] -- Up-to-date: /home/robot/app/robot_ws/install/nav_msgs/share/nav_msgs/srv/SetMap_Request.msg
[12.201s] -- Up-to-date: /home/robot/app/robot_ws/install/nav_msgs/share/nav_msgs/srv/SetMap_Response.msg
[12.201s] -- Up-to-date: /home/robot/app/robot_ws/install/nav_msgs/share/ament_index/resource_index/package_run_dependencies/nav_msgs
[12.201s] -- Up-to-date: /home/robot/app/robot_ws/install/nav_msgs/share/ament_index/resource_index/parent_prefix_path/nav_msgs
[12.202s] -- Up-to-date: /home/robot/app/robot_ws/install/nav_msgs/share/nav_msgs/environment/ament_prefix_path.sh
[12.202s] -- Installing: /home/robot/app/robot_ws/install/nav_msgs/share/nav_msgs/environment/ament_prefix_path.dsv
[12.202s] -- Up-to-date: /home/robot/app/robot_ws/install/nav_msgs/share/nav_msgs/environment/path.sh
[12.202s] -- Installing: /home/robot/app/robot_ws/install/nav_msgs/share/nav_msgs/environment/path.dsv
[12.203s] -- Up-to-date: /home/robot/app/robot_ws/install/nav_msgs/share/nav_msgs/local_setup.bash
[12.203s] -- Up-to-date: /home/robot/app/robot_ws/install/nav_msgs/share/nav_msgs/local_setup.sh
[12.203s] -- Up-to-date: /home/robot/app/robot_ws/install/nav_msgs/share/nav_msgs/local_setup.zsh
[12.203s] -- Installing: /home/robot/app/robot_ws/install/nav_msgs/share/nav_msgs/local_setup.dsv
[12.204s] -- Installing: /home/robot/app/robot_ws/install/nav_msgs/share/nav_msgs/package.dsv
[12.204s] -- Up-to-date: /home/robot/app/robot_ws/install/nav_msgs/share/ament_index/resource_index/packages/nav_msgs
[12.204s] -- Up-to-date: /home/robot/app/robot_ws/install/nav_msgs/share/nav_msgs/cmake/export_nav_msgs__rosidl_generator_cExport.cmake
[12.204s] -- Up-to-date: /home/robot/app/robot_ws/install/nav_msgs/share/nav_msgs/cmake/export_nav_msgs__rosidl_generator_cExport-noconfig.cmake
[12.204s] -- Up-to-date: /home/robot/app/robot_ws/install/nav_msgs/share/nav_msgs/cmake/export_nav_msgs__rosidl_typesupport_fastrtps_cExport.cmake
[12.205s] -- Up-to-date: /home/robot/app/robot_ws/install/nav_msgs/share/nav_msgs/cmake/export_nav_msgs__rosidl_typesupport_fastrtps_cExport-noconfig.cmake
[12.205s] -- Up-to-date: /home/robot/app/robot_ws/install/nav_msgs/share/nav_msgs/cmake/export_nav_msgs__rosidl_generator_cppExport.cmake
[12.205s] -- Up-to-date: /home/robot/app/robot_ws/install/nav_msgs/share/nav_msgs/cmake/export_nav_msgs__rosidl_typesupport_fastrtps_cppExport.cmake
[12.205s] -- Up-to-date: /home/robot/app/robot_ws/install/nav_msgs/share/nav_msgs/cmake/export_nav_msgs__rosidl_typesupport_fastrtps_cppExport-noconfig.cmake
[12.205s] -- Up-to-date: /home/robot/app/robot_ws/install/nav_msgs/share/nav_msgs/cmake/nav_msgs__rosidl_typesupport_introspection_cExport.cmake
[12.205s] -- Up-to-date: /home/robot/app/robot_ws/install/nav_msgs/share/nav_msgs/cmake/nav_msgs__rosidl_typesupport_introspection_cExport-noconfig.cmake
[12.206s] -- Up-to-date: /home/robot/app/robot_ws/install/nav_msgs/share/nav_msgs/cmake/nav_msgs__rosidl_typesupport_cExport.cmake
[12.206s] -- Up-to-date: /home/robot/app/robot_ws/install/nav_msgs/share/nav_msgs/cmake/nav_msgs__rosidl_typesupport_cExport-noconfig.cmake
[12.206s] -- Up-to-date: /home/robot/app/robot_ws/install/nav_msgs/share/nav_msgs/cmake/nav_msgs__rosidl_typesupport_introspection_cppExport.cmake
[12.206s] -- Up-to-date: /home/robot/app/robot_ws/install/nav_msgs/share/nav_msgs/cmake/nav_msgs__rosidl_typesupport_introspection_cppExport-noconfig.cmake
[12.207s] -- Up-to-date: /home/robot/app/robot_ws/install/nav_msgs/share/nav_msgs/cmake/nav_msgs__rosidl_typesupport_cppExport.cmake
[12.207s] -- Up-to-date: /home/robot/app/robot_ws/install/nav_msgs/share/nav_msgs/cmake/nav_msgs__rosidl_typesupport_cppExport-noconfig.cmake
[12.207s] -- Up-to-date: /home/robot/app/robot_ws/install/nav_msgs/share/nav_msgs/cmake/export_nav_msgs__rosidl_generator_pyExport.cmake
[12.207s] -- Up-to-date: /home/robot/app/robot_ws/install/nav_msgs/share/nav_msgs/cmake/export_nav_msgs__rosidl_generator_pyExport-noconfig.cmake
[12.207s] -- Up-to-date: /home/robot/app/robot_ws/install/nav_msgs/share/nav_msgs/cmake/rosidl_cmake-extras.cmake
[12.207s] -- Up-to-date: /home/robot/app/robot_ws/install/nav_msgs/share/nav_msgs/cmake/ament_cmake_export_dependencies-extras.cmake
[12.207s] -- Up-to-date: /home/robot/app/robot_ws/install/nav_msgs/share/nav_msgs/cmake/ament_cmake_export_include_directories-extras.cmake
[12.208s] -- Up-to-date: /home/robot/app/robot_ws/install/nav_msgs/share/nav_msgs/cmake/ament_cmake_export_libraries-extras.cmake
[12.208s] -- Up-to-date: /home/robot/app/robot_ws/install/nav_msgs/share/nav_msgs/cmake/ament_cmake_export_targets-extras.cmake
[12.210s] -- Up-to-date: /home/robot/app/robot_ws/install/nav_msgs/share/nav_msgs/cmake/rosidl_cmake_export_typesupport_targets-extras.cmake
[12.211s] -- Up-to-date: /home/robot/app/robot_ws/install/nav_msgs/share/nav_msgs/cmake/rosidl_cmake_export_typesupport_libraries-extras.cmake
[12.211s] -- Up-to-date: /home/robot/app/robot_ws/install/nav_msgs/share/nav_msgs/cmake/nav_msgsConfig.cmake
[12.211s] -- Up-to-date: /home/robot/app/robot_ws/install/nav_msgs/share/nav_msgs/cmake/nav_msgsConfig-version.cmake
[12.212s] -- Up-to-date: /home/robot/app/robot_ws/install/nav_msgs/share/nav_msgs/package.xml
[12.212s] Invoked command in '/home/robot/app/robot_ws/build/nav_msgs' returned '0': CMAKE_PREFIX_PATH=/home/robot/app/robot_ws/install/geometry_msgs:/home/robot/app/robot_ws/install/std_msgs:/home/robot/app/robot_ws/install/builtin_interfaces:/home/robot/app/robot_ws/install/micro_ros_agent:/home/robot/app/robot_ws/install/micro_ros_demos_rclc:/home/robot/app/robot_ws/install/common_interfaces:/home/robot/app/robot_ws/install/visualization_msgs:/home/robot/app/robot_ws/install/test_msgs:/home/robot/app/robot_ws/install/example_interfaces:/home/robot/app/robot_ws/install/action_msgs:/home/robot/app/robot_ws/install/unique_identifier_msgs:/home/robot/app/robot_ws/install/trajectory_msgs:/home/robot/app/robot_ws/install/stereo_msgs:/home/robot/app/robot_ws/install/std_srvs:/home/robot/app/robot_ws/install/shape_msgs:/home/robot/app/robot_ws/install/sensor_msgs:/home/robot/app/robot_ws/install/nav_msgs:/home/robot/app/robot_ws/install/diagnostic_msgs:/home/robot/app/robot_ws/install/actionlib_msgs:/home/robot/app/robot_ws/install/statistics_msgs:/home/robot/app/robot_ws/install/rosidl_typesupport_microxrcedds_test_msg:/home/robot/app/robot_ws/install/rosidl_typesupport_microxrcedds_cpp_tests:/home/robot/app/robot_ws/install/rmw_microxrcedds:/home/robot/app/robot_ws/install/rosidl_typesupport_microxrcedds_cpp:/home/robot/app/robot_ws/install/rosidl_typesupport_microxrcedds_c_tests:/home/robot/app/robot_ws/install/rosidl_typesupport_microxrcedds_c:/home/robot/app/robot_ws/install/rosgraph_msgs:/home/robot/app/robot_ws/install/rclc_parameter:/home/robot/app/robot_ws/install/rclc:/home/robot/app/robot_ws/install/composition_interfaces:/home/robot/app/robot_ws/install/rcl_interfaces:/home/robot/app/robot_ws/install/microxrcedds_client:/home/robot/app/robot_ws/install/microcdr:/home/robot/app/robot_ws/install/micro_ros_utilities:/home/robot/app/robot_ws/install/micro_ros_msgs:/home/robot/app/robot_ws/install/lifecycle_msgs:/home/robot/app/robot_ws/install/complex_msgs:/home/robot/app/robot_ws/install/micro_ros_setup:/home/robot/app/robot_ws/install/sensor_msgs_py:/opt/ros/humble LD_LIBRARY_PATH=/home/robot/app/robot_ws/install/geometry_msgs/lib:/home/robot/app/robot_ws/install/std_msgs/lib:/home/robot/app/robot_ws/install/builtin_interfaces/lib:/home/robot/app/robot_ws/install/micro_ros_agent/lib:/home/robot/app/robot_ws/install/visualization_msgs/lib:/home/robot/app/robot_ws/install/test_msgs/lib:/home/robot/app/robot_ws/install/example_interfaces/lib:/home/robot/app/robot_ws/install/action_msgs/lib:/home/robot/app/robot_ws/install/unique_identifier_msgs/lib:/home/robot/app/robot_ws/install/trajectory_msgs/lib:/home/robot/app/robot_ws/install/stereo_msgs/lib:/home/robot/app/robot_ws/install/std_srvs/lib:/home/robot/app/robot_ws/install/shape_msgs/lib:/home/robot/app/robot_ws/install/sensor_msgs/lib:/home/robot/app/robot_ws/install/nav_msgs/lib:/home/robot/app/robot_ws/install/diagnostic_msgs/lib:/home/robot/app/robot_ws/install/actionlib_msgs/lib:/home/robot/app/robot_ws/install/statistics_msgs/lib:/home/robot/app/robot_ws/install/rmw_microxrcedds/lib:/home/robot/app/robot_ws/install/rosidl_typesupport_microxrcedds_cpp/lib:/home/robot/app/robot_ws/install/rosidl_typesupport_microxrcedds_c/lib:/home/robot/app/robot_ws/install/rosgraph_msgs/lib:/home/robot/app/robot_ws/install/rclc_parameter/lib:/home/robot/app/robot_ws/install/rclc/lib:/home/robot/app/robot_ws/install/composition_interfaces/lib:/home/robot/app/robot_ws/install/rcl_interfaces/lib:/home/robot/app/robot_ws/install/microxrcedds_client/lib:/home/robot/app/robot_ws/install/microcdr/lib:/home/robot/app/robot_ws/install/micro_ros_utilities/lib:/home/robot/app/robot_ws/install/micro_ros_msgs/lib:/home/robot/app/robot_ws/install/lifecycle_msgs/lib:/home/robot/app/robot_ws/install/complex_msgs/lib:/opt/ros/humble/opt/rviz_ogre_vendor/lib:/opt/ros/humble/lib/x86_64-linux-gnu:/opt/ros/humble/lib /usr/bin/cmake --install /home/robot/app/robot_ws/build/nav_msgs
