[0.119s] Invoking command in '/home/robot/app/robot_ws/build/lifecycle_msgs': CMAKE_PREFIX_PATH=${CMAKE_PREFIX_PATH}:/home/robot/app/robot_ws/install/sensor_msgs_py:/opt/ros/humble /usr/bin/cmake --build /home/robot/app/robot_ws/build/lifecycle_msgs -- -j8 -l8
[0.424s] [35m[1mConsolidate compiler generated dependencies of target lifecycle_msgs__rosidl_generator_c[0m
[0.617s] [ 10%] Built target lifecycle_msgs__rosidl_generator_c
[0.691s] [ 10%] Built target lifecycle_msgs__cpp
[0.755s] [35m[1mConsolidate compiler generated dependencies of target lifecycle_msgs__rosidl_typesupport_introspection_c[0m
[0.756s] [35m[1mConsolidate compiler generated dependencies of target lifecycle_msgs__rosidl_typesupport_c[0m
[0.864s] [ 10%] Built target ament_cmake_python_copy_lifecycle_msgs
[0.942s] [35m[1mConsolidate compiler generated dependencies of target lifecycle_msgs__rosidl_typesupport_microxrcedds_c[0m
[0.955s] [ 19%] Built target lifecycle_msgs__rosidl_typesupport_introspection_c
[0.961s] [35m[1mConsolidate compiler generated dependencies of target lifecycle_msgs__rosidl_typesupport_introspection_cpp[0m
[0.986s] [35m[1mConsolidate compiler generated dependencies of target lifecycle_msgs__rosidl_typesupport_fastrtps_c[0m
[0.990s] [ 28%] Built target lifecycle_msgs__rosidl_typesupport_c
[0.993s] [35m[1mConsolidate compiler generated dependencies of target lifecycle_msgs__rosidl_typesupport_microxrcedds_cpp[0m
[0.998s] [35m[1mConsolidate compiler generated dependencies of target lifecycle_msgs__rosidl_typesupport_fastrtps_cpp[0m
[1.079s] [35m[1mConsolidate compiler generated dependencies of target lifecycle_msgs__rosidl_typesupport_cpp[0m
[1.114s] [ 37%] Built target lifecycle_msgs__rosidl_typesupport_introspection_cpp
[1.146s] [ 46%] Built target lifecycle_msgs__rosidl_typesupport_microxrcedds_c
[1.169s] [ 56%] Built target lifecycle_msgs__rosidl_typesupport_microxrcedds_cpp
[1.188s] [ 65%] Built target lifecycle_msgs__rosidl_typesupport_fastrtps_cpp
[1.313s] [ 74%] Built target lifecycle_msgs__rosidl_typesupport_fastrtps_c
[1.335s] [ 83%] Built target lifecycle_msgs__rosidl_typesupport_cpp
[1.365s] [ 83%] Built target lifecycle_msgs
[1.507s] [ 84%] Built target lifecycle_msgs__py
[1.555s] [35m[1mConsolidate compiler generated dependencies of target lifecycle_msgs__rosidl_generator_py[0m
[1.679s] [ 92%] Built target lifecycle_msgs__rosidl_generator_py
[1.775s] [35m[1mConsolidate compiler generated dependencies of target lifecycle_msgs__rosidl_typesupport_microxrcedds_c__pyext[0m
[1.802s] [35m[1mConsolidate compiler generated dependencies of target lifecycle_msgs__rosidl_typesupport_c__pyext[0m
[1.829s] [35m[1mConsolidate compiler generated dependencies of target lifecycle_msgs__rosidl_typesupport_fastrtps_c__pyext[0m
[1.887s] [35m[1mConsolidate compiler generated dependencies of target lifecycle_msgs__rosidl_typesupport_introspection_c__pyext[0m
[1.983s] [ 94%] Built target lifecycle_msgs__rosidl_typesupport_microxrcedds_c__pyext
[2.047s] [ 98%] Built target lifecycle_msgs__rosidl_typesupport_c__pyext
[2.047s] [ 98%] Built target lifecycle_msgs__rosidl_typesupport_fastrtps_c__pyext
[2.117s] [100%] Built target lifecycle_msgs__rosidl_typesupport_introspection_c__pyext
[2.703s] running egg_info
[2.705s] writing lifecycle_msgs.egg-info/PKG-INFO
[2.705s] writing dependency_links to lifecycle_msgs.egg-info/dependency_links.txt
[2.705s] writing top-level names to lifecycle_msgs.egg-info/top_level.txt
[2.712s] reading manifest file 'lifecycle_msgs.egg-info/SOURCES.txt'
[2.714s] writing manifest file 'lifecycle_msgs.egg-info/SOURCES.txt'
[2.818s] [100%] Built target ament_cmake_python_build_lifecycle_msgs_egg
[2.908s] Invoked command in '/home/robot/app/robot_ws/build/lifecycle_msgs' returned '0': CMAKE_PREFIX_PATH=${CMAKE_PREFIX_PATH}:/home/robot/app/robot_ws/install/sensor_msgs_py:/opt/ros/humble /usr/bin/cmake --build /home/robot/app/robot_ws/build/lifecycle_msgs -- -j8 -l8
[4.441s] Invoking command in '/home/robot/app/robot_ws/build/lifecycle_msgs': CMAKE_PREFIX_PATH=${CMAKE_PREFIX_PATH}:/home/robot/app/robot_ws/install/sensor_msgs_py:/opt/ros/humble /usr/bin/cmake --install /home/robot/app/robot_ws/build/lifecycle_msgs
[4.490s] -- Install configuration: ""
[4.490s] -- Up-to-date: /home/robot/app/robot_ws/install/lifecycle_msgs/share/ament_index/resource_index/rosidl_interfaces/lifecycle_msgs
[4.490s] -- Up-to-date: /home/robot/app/robot_ws/install/lifecycle_msgs/include/lifecycle_msgs/lifecycle_msgs
[4.491s] -- Up-to-date: /home/robot/app/robot_ws/install/lifecycle_msgs/include/lifecycle_msgs/lifecycle_msgs/srv
[4.491s] -- Up-to-date: /home/robot/app/robot_ws/install/lifecycle_msgs/include/lifecycle_msgs/lifecycle_msgs/srv/get_available_states.h
[4.491s] -- Up-to-date: /home/robot/app/robot_ws/install/lifecycle_msgs/include/lifecycle_msgs/lifecycle_msgs/srv/get_state.h
[4.491s] -- Up-to-date: /home/robot/app/robot_ws/install/lifecycle_msgs/include/lifecycle_msgs/lifecycle_msgs/srv/get_available_transitions.h
[4.491s] -- Up-to-date: /home/robot/app/robot_ws/install/lifecycle_msgs/include/lifecycle_msgs/lifecycle_msgs/srv/detail
[4.492s] -- Up-to-date: /home/robot/app/robot_ws/install/lifecycle_msgs/include/lifecycle_msgs/lifecycle_msgs/srv/detail/get_state__type_support.h
[4.492s] -- Up-to-date: /home/robot/app/robot_ws/install/lifecycle_msgs/include/lifecycle_msgs/lifecycle_msgs/srv/detail/get_available_transitions__type_support.h
[4.492s] -- Up-to-date: /home/robot/app/robot_ws/install/lifecycle_msgs/include/lifecycle_msgs/lifecycle_msgs/srv/detail/get_available_transitions__functions.c
[4.492s] -- Up-to-date: /home/robot/app/robot_ws/install/lifecycle_msgs/include/lifecycle_msgs/lifecycle_msgs/srv/detail/get_available_states__functions.c
[4.492s] -- Up-to-date: /home/robot/app/robot_ws/install/lifecycle_msgs/include/lifecycle_msgs/lifecycle_msgs/srv/detail/change_state__functions.h
[4.493s] -- Up-to-date: /home/robot/app/robot_ws/install/lifecycle_msgs/include/lifecycle_msgs/lifecycle_msgs/srv/detail/change_state__functions.c
[4.496s] -- Up-to-date: /home/robot/app/robot_ws/install/lifecycle_msgs/include/lifecycle_msgs/lifecycle_msgs/srv/detail/get_available_states__functions.h
[4.497s] -- Up-to-date: /home/robot/app/robot_ws/install/lifecycle_msgs/include/lifecycle_msgs/lifecycle_msgs/srv/detail/get_state__struct.h
[4.497s] -- Up-to-date: /home/robot/app/robot_ws/install/lifecycle_msgs/include/lifecycle_msgs/lifecycle_msgs/srv/detail/change_state__type_support.h
[4.498s] -- Up-to-date: /home/robot/app/robot_ws/install/lifecycle_msgs/include/lifecycle_msgs/lifecycle_msgs/srv/detail/change_state__struct.h
[4.499s] -- Up-to-date: /home/robot/app/robot_ws/install/lifecycle_msgs/include/lifecycle_msgs/lifecycle_msgs/srv/detail/get_available_states__struct.h
[4.501s] -- Up-to-date: /home/robot/app/robot_ws/install/lifecycle_msgs/include/lifecycle_msgs/lifecycle_msgs/srv/detail/get_available_states__type_support.h
[4.501s] -- Up-to-date: /home/robot/app/robot_ws/install/lifecycle_msgs/include/lifecycle_msgs/lifecycle_msgs/srv/detail/get_state__functions.h
[4.501s] -- Up-to-date: /home/robot/app/robot_ws/install/lifecycle_msgs/include/lifecycle_msgs/lifecycle_msgs/srv/detail/get_available_transitions__functions.h
[4.501s] -- Up-to-date: /home/robot/app/robot_ws/install/lifecycle_msgs/include/lifecycle_msgs/lifecycle_msgs/srv/detail/get_available_transitions__struct.h
[4.501s] -- Up-to-date: /home/robot/app/robot_ws/install/lifecycle_msgs/include/lifecycle_msgs/lifecycle_msgs/srv/detail/get_state__functions.c
[4.505s] -- Up-to-date: /home/robot/app/robot_ws/install/lifecycle_msgs/include/lifecycle_msgs/lifecycle_msgs/srv/change_state.h
[4.505s] -- Up-to-date: /home/robot/app/robot_ws/install/lifecycle_msgs/include/lifecycle_msgs/lifecycle_msgs/msg
[4.505s] -- Up-to-date: /home/robot/app/robot_ws/install/lifecycle_msgs/include/lifecycle_msgs/lifecycle_msgs/msg/transition_event.h
[4.505s] -- Up-to-date: /home/robot/app/robot_ws/install/lifecycle_msgs/include/lifecycle_msgs/lifecycle_msgs/msg/transition.h
[4.505s] -- Up-to-date: /home/robot/app/robot_ws/install/lifecycle_msgs/include/lifecycle_msgs/lifecycle_msgs/msg/state.h
[4.506s] -- Up-to-date: /home/robot/app/robot_ws/install/lifecycle_msgs/include/lifecycle_msgs/lifecycle_msgs/msg/detail
[4.506s] -- Up-to-date: /home/robot/app/robot_ws/install/lifecycle_msgs/include/lifecycle_msgs/lifecycle_msgs/msg/detail/transition_description__type_support.h
[4.506s] -- Up-to-date: /home/robot/app/robot_ws/install/lifecycle_msgs/include/lifecycle_msgs/lifecycle_msgs/msg/detail/transition__functions.c
[4.506s] -- Up-to-date: /home/robot/app/robot_ws/install/lifecycle_msgs/include/lifecycle_msgs/lifecycle_msgs/msg/detail/transition_event__type_support.h
[4.506s] -- Up-to-date: /home/robot/app/robot_ws/install/lifecycle_msgs/include/lifecycle_msgs/lifecycle_msgs/msg/detail/state__struct.h
[4.506s] -- Up-to-date: /home/robot/app/robot_ws/install/lifecycle_msgs/include/lifecycle_msgs/lifecycle_msgs/msg/detail/state__type_support.h
[4.508s] -- Up-to-date: /home/robot/app/robot_ws/install/lifecycle_msgs/include/lifecycle_msgs/lifecycle_msgs/msg/detail/transition_description__functions.c
[4.509s] -- Up-to-date: /home/robot/app/robot_ws/install/lifecycle_msgs/include/lifecycle_msgs/lifecycle_msgs/msg/detail/transition_event__functions.h
[4.509s] -- Up-to-date: /home/robot/app/robot_ws/install/lifecycle_msgs/include/lifecycle_msgs/lifecycle_msgs/msg/detail/transition_description__struct.h
[4.509s] -- Up-to-date: /home/robot/app/robot_ws/install/lifecycle_msgs/include/lifecycle_msgs/lifecycle_msgs/msg/detail/transition__type_support.h
[4.509s] -- Up-to-date: /home/robot/app/robot_ws/install/lifecycle_msgs/include/lifecycle_msgs/lifecycle_msgs/msg/detail/transition__functions.h
[4.509s] -- Up-to-date: /home/robot/app/robot_ws/install/lifecycle_msgs/include/lifecycle_msgs/lifecycle_msgs/msg/detail/transition__struct.h
[4.509s] -- Up-to-date: /home/robot/app/robot_ws/install/lifecycle_msgs/include/lifecycle_msgs/lifecycle_msgs/msg/detail/transition_event__struct.h
[4.510s] -- Up-to-date: /home/robot/app/robot_ws/install/lifecycle_msgs/include/lifecycle_msgs/lifecycle_msgs/msg/detail/state__functions.h
[4.511s] -- Up-to-date: /home/robot/app/robot_ws/install/lifecycle_msgs/include/lifecycle_msgs/lifecycle_msgs/msg/detail/transition_event__functions.c
[4.511s] -- Up-to-date: /home/robot/app/robot_ws/install/lifecycle_msgs/include/lifecycle_msgs/lifecycle_msgs/msg/detail/transition_description__functions.h
[4.511s] -- Up-to-date: /home/robot/app/robot_ws/install/lifecycle_msgs/include/lifecycle_msgs/lifecycle_msgs/msg/detail/state__functions.c
[4.511s] -- Up-to-date: /home/robot/app/robot_ws/install/lifecycle_msgs/include/lifecycle_msgs/lifecycle_msgs/msg/transition_description.h
[4.511s] -- Up-to-date: /home/robot/app/robot_ws/install/lifecycle_msgs/include/lifecycle_msgs/lifecycle_msgs/msg/rosidl_generator_c__visibility_control.h
[4.511s] -- Up-to-date: /home/robot/app/robot_ws/install/lifecycle_msgs/share/lifecycle_msgs/environment/library_path.sh
[4.512s] -- Up-to-date: /home/robot/app/robot_ws/install/lifecycle_msgs/share/lifecycle_msgs/environment/library_path.dsv
[4.512s] -- Up-to-date: /home/robot/app/robot_ws/install/lifecycle_msgs/lib/liblifecycle_msgs__rosidl_generator_c.so
[4.512s] -- Up-to-date: /home/robot/app/robot_ws/install/lifecycle_msgs/include/lifecycle_msgs
[4.512s] -- Up-to-date: /home/robot/app/robot_ws/install/lifecycle_msgs/include/lifecycle_msgs/srv
[4.513s] -- Up-to-date: /home/robot/app/robot_ws/install/lifecycle_msgs/include/lifecycle_msgs/srv/detail
[4.513s] -- Up-to-date: /home/robot/app/robot_ws/install/lifecycle_msgs/include/lifecycle_msgs/srv/detail/get_available_states__rosidl_typesupport_microxrcedds_c.h
[4.514s] -- Up-to-date: /home/robot/app/robot_ws/install/lifecycle_msgs/include/lifecycle_msgs/srv/detail/microxrcedds
[4.514s] -- Up-to-date: /home/robot/app/robot_ws/install/lifecycle_msgs/include/lifecycle_msgs/srv/detail/get_state__rosidl_typesupport_microxrcedds_c.h
[4.516s] -- Up-to-date: /home/robot/app/robot_ws/install/lifecycle_msgs/include/lifecycle_msgs/srv/detail/change_state__rosidl_typesupport_microxrcedds_c.h
[4.517s] -- Up-to-date: /home/robot/app/robot_ws/install/lifecycle_msgs/include/lifecycle_msgs/srv/detail/get_available_transitions__rosidl_typesupport_microxrcedds_c.h
[4.517s] -- Up-to-date: /home/robot/app/robot_ws/install/lifecycle_msgs/include/lifecycle_msgs/msg
[4.519s] -- Up-to-date: /home/robot/app/robot_ws/install/lifecycle_msgs/include/lifecycle_msgs/msg/detail
[4.519s] -- Up-to-date: /home/robot/app/robot_ws/install/lifecycle_msgs/include/lifecycle_msgs/msg/detail/transition__rosidl_typesupport_microxrcedds_c.h
[4.519s] -- Up-to-date: /home/robot/app/robot_ws/install/lifecycle_msgs/include/lifecycle_msgs/msg/detail/microxrcedds
[4.521s] -- Up-to-date: /home/robot/app/robot_ws/install/lifecycle_msgs/include/lifecycle_msgs/msg/detail/transition_description__rosidl_typesupport_microxrcedds_c.h
[4.521s] -- Up-to-date: /home/robot/app/robot_ws/install/lifecycle_msgs/include/lifecycle_msgs/msg/detail/transition_event__rosidl_typesupport_microxrcedds_c.h
[4.521s] -- Up-to-date: /home/robot/app/robot_ws/install/lifecycle_msgs/include/lifecycle_msgs/msg/detail/state__rosidl_typesupport_microxrcedds_c.h
[4.522s] -- Up-to-date: /home/robot/app/robot_ws/install/lifecycle_msgs/include/lifecycle_msgs/msg/rosidl_typesupport_microxrcedds_c__visibility_control.h
[4.522s] -- Up-to-date: /home/robot/app/robot_ws/install/lifecycle_msgs/lib/liblifecycle_msgs__rosidl_typesupport_microxrcedds_c.so
[4.522s] -- Up-to-date: /home/robot/app/robot_ws/install/lifecycle_msgs/include/lifecycle_msgs/lifecycle_msgs
[4.522s] -- Up-to-date: /home/robot/app/robot_ws/install/lifecycle_msgs/include/lifecycle_msgs/lifecycle_msgs/srv
[4.522s] -- Up-to-date: /home/robot/app/robot_ws/install/lifecycle_msgs/include/lifecycle_msgs/lifecycle_msgs/srv/detail
[4.522s] -- Up-to-date: /home/robot/app/robot_ws/install/lifecycle_msgs/include/lifecycle_msgs/lifecycle_msgs/srv/detail/get_available_states__rosidl_typesupport_fastrtps_c.h
[4.524s] -- Up-to-date: /home/robot/app/robot_ws/install/lifecycle_msgs/include/lifecycle_msgs/lifecycle_msgs/srv/detail/change_state__rosidl_typesupport_fastrtps_c.h
[4.525s] -- Up-to-date: /home/robot/app/robot_ws/install/lifecycle_msgs/include/lifecycle_msgs/lifecycle_msgs/srv/detail/get_available_transitions__rosidl_typesupport_fastrtps_c.h
[4.525s] -- Up-to-date: /home/robot/app/robot_ws/install/lifecycle_msgs/include/lifecycle_msgs/lifecycle_msgs/srv/detail/get_state__rosidl_typesupport_fastrtps_c.h
[4.525s] -- Up-to-date: /home/robot/app/robot_ws/install/lifecycle_msgs/include/lifecycle_msgs/lifecycle_msgs/msg
[4.526s] -- Up-to-date: /home/robot/app/robot_ws/install/lifecycle_msgs/include/lifecycle_msgs/lifecycle_msgs/msg/detail
[4.526s] -- Up-to-date: /home/robot/app/robot_ws/install/lifecycle_msgs/include/lifecycle_msgs/lifecycle_msgs/msg/detail/transition_event__rosidl_typesupport_fastrtps_c.h
[4.526s] -- Up-to-date: /home/robot/app/robot_ws/install/lifecycle_msgs/include/lifecycle_msgs/lifecycle_msgs/msg/detail/state__rosidl_typesupport_fastrtps_c.h
[4.526s] -- Up-to-date: /home/robot/app/robot_ws/install/lifecycle_msgs/include/lifecycle_msgs/lifecycle_msgs/msg/detail/transition__rosidl_typesupport_fastrtps_c.h
[4.532s] -- Up-to-date: /home/robot/app/robot_ws/install/lifecycle_msgs/include/lifecycle_msgs/lifecycle_msgs/msg/detail/transition_description__rosidl_typesupport_fastrtps_c.h
[4.532s] -- Up-to-date: /home/robot/app/robot_ws/install/lifecycle_msgs/include/lifecycle_msgs/lifecycle_msgs/msg/rosidl_typesupport_fastrtps_c__visibility_control.h
[4.532s] -- Up-to-date: /home/robot/app/robot_ws/install/lifecycle_msgs/lib/liblifecycle_msgs__rosidl_typesupport_fastrtps_c.so
[4.532s] -- Up-to-date: /home/robot/app/robot_ws/install/lifecycle_msgs/include/lifecycle_msgs/lifecycle_msgs
[4.532s] -- Up-to-date: /home/robot/app/robot_ws/install/lifecycle_msgs/include/lifecycle_msgs/lifecycle_msgs/srv
[4.533s] -- Up-to-date: /home/robot/app/robot_ws/install/lifecycle_msgs/include/lifecycle_msgs/lifecycle_msgs/srv/detail
[4.533s] -- Up-to-date: /home/robot/app/robot_ws/install/lifecycle_msgs/include/lifecycle_msgs/lifecycle_msgs/srv/detail/get_state__rosidl_typesupport_introspection_c.h
[4.533s] -- Up-to-date: /home/robot/app/robot_ws/install/lifecycle_msgs/include/lifecycle_msgs/lifecycle_msgs/srv/detail/change_state__rosidl_typesupport_introspection_c.h
[4.533s] -- Up-to-date: /home/robot/app/robot_ws/install/lifecycle_msgs/include/lifecycle_msgs/lifecycle_msgs/srv/detail/get_available_transitions__type_support.c
[4.533s] -- Up-to-date: /home/robot/app/robot_ws/install/lifecycle_msgs/include/lifecycle_msgs/lifecycle_msgs/srv/detail/get_available_states__rosidl_typesupport_introspection_c.h
[4.533s] -- Up-to-date: /home/robot/app/robot_ws/install/lifecycle_msgs/include/lifecycle_msgs/lifecycle_msgs/srv/detail/get_state__type_support.c
[4.534s] -- Up-to-date: /home/robot/app/robot_ws/install/lifecycle_msgs/include/lifecycle_msgs/lifecycle_msgs/srv/detail/get_available_states__type_support.c
[4.539s] -- Up-to-date: /home/robot/app/robot_ws/install/lifecycle_msgs/include/lifecycle_msgs/lifecycle_msgs/srv/detail/get_available_transitions__rosidl_typesupport_introspection_c.h
[4.540s] -- Up-to-date: /home/robot/app/robot_ws/install/lifecycle_msgs/include/lifecycle_msgs/lifecycle_msgs/srv/detail/change_state__type_support.c
[4.540s] -- Up-to-date: /home/robot/app/robot_ws/install/lifecycle_msgs/include/lifecycle_msgs/lifecycle_msgs/msg
[4.540s] -- Up-to-date: /home/robot/app/robot_ws/install/lifecycle_msgs/include/lifecycle_msgs/lifecycle_msgs/msg/rosidl_typesupport_introspection_c__visibility_control.h
[4.540s] -- Up-to-date: /home/robot/app/robot_ws/install/lifecycle_msgs/include/lifecycle_msgs/lifecycle_msgs/msg/detail
[4.540s] -- Up-to-date: /home/robot/app/robot_ws/install/lifecycle_msgs/include/lifecycle_msgs/lifecycle_msgs/msg/detail/transition__type_support.c
[4.541s] -- Up-to-date: /home/robot/app/robot_ws/install/lifecycle_msgs/include/lifecycle_msgs/lifecycle_msgs/msg/detail/transition__rosidl_typesupport_introspection_c.h
[4.541s] -- Up-to-date: /home/robot/app/robot_ws/install/lifecycle_msgs/include/lifecycle_msgs/lifecycle_msgs/msg/detail/state__type_support.c
[4.541s] -- Up-to-date: /home/robot/app/robot_ws/install/lifecycle_msgs/include/lifecycle_msgs/lifecycle_msgs/msg/detail/transition_description__rosidl_typesupport_introspection_c.h
[4.541s] -- Up-to-date: /home/robot/app/robot_ws/install/lifecycle_msgs/include/lifecycle_msgs/lifecycle_msgs/msg/detail/transition_event__rosidl_typesupport_introspection_c.h
[4.541s] -- Up-to-date: /home/robot/app/robot_ws/install/lifecycle_msgs/include/lifecycle_msgs/lifecycle_msgs/msg/detail/state__rosidl_typesupport_introspection_c.h
[4.542s] -- Up-to-date: /home/robot/app/robot_ws/install/lifecycle_msgs/include/lifecycle_msgs/lifecycle_msgs/msg/detail/transition_description__type_support.c
[4.542s] -- Up-to-date: /home/robot/app/robot_ws/install/lifecycle_msgs/include/lifecycle_msgs/lifecycle_msgs/msg/detail/transition_event__type_support.c
[4.542s] -- Up-to-date: /home/robot/app/robot_ws/install/lifecycle_msgs/lib/liblifecycle_msgs__rosidl_typesupport_introspection_c.so
[4.542s] -- Up-to-date: /home/robot/app/robot_ws/install/lifecycle_msgs/lib/liblifecycle_msgs__rosidl_typesupport_c.so
[4.542s] -- Up-to-date: /home/robot/app/robot_ws/install/lifecycle_msgs/include/lifecycle_msgs/lifecycle_msgs
[4.542s] -- Up-to-date: /home/robot/app/robot_ws/install/lifecycle_msgs/include/lifecycle_msgs/lifecycle_msgs/srv
[4.549s] -- Up-to-date: /home/robot/app/robot_ws/install/lifecycle_msgs/include/lifecycle_msgs/lifecycle_msgs/srv/get_state.hpp
[4.549s] -- Up-to-date: /home/robot/app/robot_ws/install/lifecycle_msgs/include/lifecycle_msgs/lifecycle_msgs/srv/get_available_transitions.hpp
[4.550s] -- Up-to-date: /home/robot/app/robot_ws/install/lifecycle_msgs/include/lifecycle_msgs/lifecycle_msgs/srv/get_available_states.hpp
[4.550s] -- Up-to-date: /home/robot/app/robot_ws/install/lifecycle_msgs/include/lifecycle_msgs/lifecycle_msgs/srv/detail
[4.550s] -- Up-to-date: /home/robot/app/robot_ws/install/lifecycle_msgs/include/lifecycle_msgs/lifecycle_msgs/srv/detail/get_available_states__struct.hpp
[4.551s] -- Up-to-date: /home/robot/app/robot_ws/install/lifecycle_msgs/include/lifecycle_msgs/lifecycle_msgs/srv/detail/change_state__traits.hpp
[4.551s] -- Up-to-date: /home/robot/app/robot_ws/install/lifecycle_msgs/include/lifecycle_msgs/lifecycle_msgs/srv/detail/get_state__struct.hpp
[4.551s] -- Up-to-date: /home/robot/app/robot_ws/install/lifecycle_msgs/include/lifecycle_msgs/lifecycle_msgs/srv/detail/get_available_states__traits.hpp
[4.551s] -- Up-to-date: /home/robot/app/robot_ws/install/lifecycle_msgs/include/lifecycle_msgs/lifecycle_msgs/srv/detail/get_state__traits.hpp
[4.552s] -- Up-to-date: /home/robot/app/robot_ws/install/lifecycle_msgs/include/lifecycle_msgs/lifecycle_msgs/srv/detail/get_available_transitions__struct.hpp
[4.552s] -- Up-to-date: /home/robot/app/robot_ws/install/lifecycle_msgs/include/lifecycle_msgs/lifecycle_msgs/srv/detail/get_available_states__builder.hpp
[4.552s] -- Up-to-date: /home/robot/app/robot_ws/install/lifecycle_msgs/include/lifecycle_msgs/lifecycle_msgs/srv/detail/get_available_transitions__traits.hpp
[4.552s] -- Up-to-date: /home/robot/app/robot_ws/install/lifecycle_msgs/include/lifecycle_msgs/lifecycle_msgs/srv/detail/change_state__struct.hpp
[4.553s] -- Up-to-date: /home/robot/app/robot_ws/install/lifecycle_msgs/include/lifecycle_msgs/lifecycle_msgs/srv/detail/get_available_transitions__builder.hpp
[4.553s] -- Up-to-date: /home/robot/app/robot_ws/install/lifecycle_msgs/include/lifecycle_msgs/lifecycle_msgs/srv/detail/get_state__builder.hpp
[4.553s] -- Up-to-date: /home/robot/app/robot_ws/install/lifecycle_msgs/include/lifecycle_msgs/lifecycle_msgs/srv/detail/change_state__builder.hpp
[4.553s] -- Up-to-date: /home/robot/app/robot_ws/install/lifecycle_msgs/include/lifecycle_msgs/lifecycle_msgs/srv/change_state.hpp
[4.553s] -- Up-to-date: /home/robot/app/robot_ws/install/lifecycle_msgs/include/lifecycle_msgs/lifecycle_msgs/msg
[4.554s] -- Up-to-date: /home/robot/app/robot_ws/install/lifecycle_msgs/include/lifecycle_msgs/lifecycle_msgs/msg/detail
[4.554s] -- Up-to-date: /home/robot/app/robot_ws/install/lifecycle_msgs/include/lifecycle_msgs/lifecycle_msgs/msg/detail/state__traits.hpp
[4.555s] -- Up-to-date: /home/robot/app/robot_ws/install/lifecycle_msgs/include/lifecycle_msgs/lifecycle_msgs/msg/detail/transition__struct.hpp
[4.555s] -- Up-to-date: /home/robot/app/robot_ws/install/lifecycle_msgs/include/lifecycle_msgs/lifecycle_msgs/msg/detail/state__builder.hpp
[4.555s] -- Up-to-date: /home/robot/app/robot_ws/install/lifecycle_msgs/include/lifecycle_msgs/lifecycle_msgs/msg/detail/transition__traits.hpp
[4.555s] -- Up-to-date: /home/robot/app/robot_ws/install/lifecycle_msgs/include/lifecycle_msgs/lifecycle_msgs/msg/detail/transition_event__builder.hpp
[4.556s] -- Up-to-date: /home/robot/app/robot_ws/install/lifecycle_msgs/include/lifecycle_msgs/lifecycle_msgs/msg/detail/state__struct.hpp
[4.556s] -- Up-to-date: /home/robot/app/robot_ws/install/lifecycle_msgs/include/lifecycle_msgs/lifecycle_msgs/msg/detail/transition_description__builder.hpp
[4.556s] -- Up-to-date: /home/robot/app/robot_ws/install/lifecycle_msgs/include/lifecycle_msgs/lifecycle_msgs/msg/detail/transition_event__struct.hpp
[4.556s] -- Up-to-date: /home/robot/app/robot_ws/install/lifecycle_msgs/include/lifecycle_msgs/lifecycle_msgs/msg/detail/transition_event__traits.hpp
[4.556s] -- Up-to-date: /home/robot/app/robot_ws/install/lifecycle_msgs/include/lifecycle_msgs/lifecycle_msgs/msg/detail/transition_description__traits.hpp
[4.556s] -- Up-to-date: /home/robot/app/robot_ws/install/lifecycle_msgs/include/lifecycle_msgs/lifecycle_msgs/msg/detail/transition__builder.hpp
[4.557s] -- Up-to-date: /home/robot/app/robot_ws/install/lifecycle_msgs/include/lifecycle_msgs/lifecycle_msgs/msg/detail/transition_description__struct.hpp
[4.557s] -- Up-to-date: /home/robot/app/robot_ws/install/lifecycle_msgs/include/lifecycle_msgs/lifecycle_msgs/msg/transition_description.hpp
[4.559s] -- Up-to-date: /home/robot/app/robot_ws/install/lifecycle_msgs/include/lifecycle_msgs/lifecycle_msgs/msg/transition_event.hpp
[4.559s] -- Up-to-date: /home/robot/app/robot_ws/install/lifecycle_msgs/include/lifecycle_msgs/lifecycle_msgs/msg/transition.hpp
[4.559s] -- Up-to-date: /home/robot/app/robot_ws/install/lifecycle_msgs/include/lifecycle_msgs/lifecycle_msgs/msg/state.hpp
[4.560s] -- Up-to-date: /home/robot/app/robot_ws/install/lifecycle_msgs/include/lifecycle_msgs
[4.560s] -- Up-to-date: /home/robot/app/robot_ws/install/lifecycle_msgs/include/lifecycle_msgs/srv
[4.560s] -- Up-to-date: /home/robot/app/robot_ws/install/lifecycle_msgs/include/lifecycle_msgs/srv/detail
[4.560s] -- Up-to-date: /home/robot/app/robot_ws/install/lifecycle_msgs/include/lifecycle_msgs/srv/detail/microxrcedds
[4.560s] -- Up-to-date: /home/robot/app/robot_ws/install/lifecycle_msgs/include/lifecycle_msgs/srv/detail/microxrcedds/change_state__type_support_cpp.cpp
[4.561s] -- Up-to-date: /home/robot/app/robot_ws/install/lifecycle_msgs/include/lifecycle_msgs/srv/detail/microxrcedds/get_state__type_support_cpp.cpp
[4.561s] -- Up-to-date: /home/robot/app/robot_ws/install/lifecycle_msgs/include/lifecycle_msgs/srv/detail/microxrcedds/get_available_states__type_support_cpp.cpp
[4.561s] -- Up-to-date: /home/robot/app/robot_ws/install/lifecycle_msgs/include/lifecycle_msgs/srv/detail/microxrcedds/get_available_transitions__type_support_cpp.cpp
[4.561s] -- Up-to-date: /home/robot/app/robot_ws/install/lifecycle_msgs/include/lifecycle_msgs/srv/detail/get_available_transitions__rosidl_typesupport_microxrcedds_cpp.hpp
[4.561s] -- Up-to-date: /home/robot/app/robot_ws/install/lifecycle_msgs/include/lifecycle_msgs/srv/detail/get_available_states__rosidl_typesupport_microxrcedds_cpp.hpp
[4.562s] -- Up-to-date: /home/robot/app/robot_ws/install/lifecycle_msgs/include/lifecycle_msgs/srv/detail/get_state__rosidl_typesupport_microxrcedds_cpp.hpp
[4.562s] -- Up-to-date: /home/robot/app/robot_ws/install/lifecycle_msgs/include/lifecycle_msgs/srv/detail/change_state__rosidl_typesupport_microxrcedds_cpp.hpp
[4.562s] -- Up-to-date: /home/robot/app/robot_ws/install/lifecycle_msgs/include/lifecycle_msgs/msg
[4.562s] -- Up-to-date: /home/robot/app/robot_ws/install/lifecycle_msgs/include/lifecycle_msgs/msg/detail
[4.562s] -- Up-to-date: /home/robot/app/robot_ws/install/lifecycle_msgs/include/lifecycle_msgs/msg/detail/state__rosidl_typesupport_microxrcedds_cpp.hpp
[4.562s] -- Up-to-date: /home/robot/app/robot_ws/install/lifecycle_msgs/include/lifecycle_msgs/msg/detail/microxrcedds
[4.564s] -- Up-to-date: /home/robot/app/robot_ws/install/lifecycle_msgs/include/lifecycle_msgs/msg/detail/microxrcedds/transition_event__type_support_cpp.cpp
[4.564s] -- Up-to-date: /home/robot/app/robot_ws/install/lifecycle_msgs/include/lifecycle_msgs/msg/detail/microxrcedds/transition__type_support_cpp.cpp
[4.565s] -- Up-to-date: /home/robot/app/robot_ws/install/lifecycle_msgs/include/lifecycle_msgs/msg/detail/microxrcedds/state__type_support_cpp.cpp
[4.565s] -- Up-to-date: /home/robot/app/robot_ws/install/lifecycle_msgs/include/lifecycle_msgs/msg/detail/microxrcedds/transition_description__type_support_cpp.cpp
[4.565s] -- Up-to-date: /home/robot/app/robot_ws/install/lifecycle_msgs/include/lifecycle_msgs/msg/detail/transition__rosidl_typesupport_microxrcedds_cpp.hpp
[4.565s] -- Up-to-date: /home/robot/app/robot_ws/install/lifecycle_msgs/include/lifecycle_msgs/msg/detail/transition_event__rosidl_typesupport_microxrcedds_cpp.hpp
[4.565s] -- Up-to-date: /home/robot/app/robot_ws/install/lifecycle_msgs/include/lifecycle_msgs/msg/detail/transition_description__rosidl_typesupport_microxrcedds_cpp.hpp
[4.565s] -- Up-to-date: /home/robot/app/robot_ws/install/lifecycle_msgs/include/lifecycle_msgs/msg/rosidl_typesupport_microxrcedds_cpp__visibility_control.h
[4.566s] -- Up-to-date: /home/robot/app/robot_ws/install/lifecycle_msgs/lib/liblifecycle_msgs__rosidl_typesupport_microxrcedds_cpp.so
[4.566s] -- Up-to-date: /home/robot/app/robot_ws/install/lifecycle_msgs/include/lifecycle_msgs/lifecycle_msgs
[4.566s] -- Up-to-date: /home/robot/app/robot_ws/install/lifecycle_msgs/include/lifecycle_msgs/lifecycle_msgs/srv
[4.566s] -- Up-to-date: /home/robot/app/robot_ws/install/lifecycle_msgs/include/lifecycle_msgs/lifecycle_msgs/srv/detail
[4.566s] -- Up-to-date: /home/robot/app/robot_ws/install/lifecycle_msgs/include/lifecycle_msgs/lifecycle_msgs/srv/detail/change_state__rosidl_typesupport_fastrtps_cpp.hpp
[4.566s] -- Up-to-date: /home/robot/app/robot_ws/install/lifecycle_msgs/include/lifecycle_msgs/lifecycle_msgs/srv/detail/dds_fastrtps
[4.567s] -- Up-to-date: /home/robot/app/robot_ws/install/lifecycle_msgs/include/lifecycle_msgs/lifecycle_msgs/srv/detail/get_state__rosidl_typesupport_fastrtps_cpp.hpp
[4.567s] -- Up-to-date: /home/robot/app/robot_ws/install/lifecycle_msgs/include/lifecycle_msgs/lifecycle_msgs/srv/detail/get_available_transitions__rosidl_typesupport_fastrtps_cpp.hpp
[4.567s] -- Up-to-date: /home/robot/app/robot_ws/install/lifecycle_msgs/include/lifecycle_msgs/lifecycle_msgs/srv/detail/get_available_states__rosidl_typesupport_fastrtps_cpp.hpp
[4.567s] -- Up-to-date: /home/robot/app/robot_ws/install/lifecycle_msgs/include/lifecycle_msgs/lifecycle_msgs/msg
[4.567s] -- Up-to-date: /home/robot/app/robot_ws/install/lifecycle_msgs/include/lifecycle_msgs/lifecycle_msgs/msg/rosidl_typesupport_fastrtps_cpp__visibility_control.h
[4.571s] -- Up-to-date: /home/robot/app/robot_ws/install/lifecycle_msgs/include/lifecycle_msgs/lifecycle_msgs/msg/detail
[4.571s] -- Up-to-date: /home/robot/app/robot_ws/install/lifecycle_msgs/include/lifecycle_msgs/lifecycle_msgs/msg/detail/transition_event__rosidl_typesupport_fastrtps_cpp.hpp
[4.572s] -- Up-to-date: /home/robot/app/robot_ws/install/lifecycle_msgs/include/lifecycle_msgs/lifecycle_msgs/msg/detail/dds_fastrtps
[4.572s] -- Up-to-date: /home/robot/app/robot_ws/install/lifecycle_msgs/include/lifecycle_msgs/lifecycle_msgs/msg/detail/transition__rosidl_typesupport_fastrtps_cpp.hpp
[4.572s] -- Up-to-date: /home/robot/app/robot_ws/install/lifecycle_msgs/include/lifecycle_msgs/lifecycle_msgs/msg/detail/transition_description__rosidl_typesupport_fastrtps_cpp.hpp
[4.572s] -- Up-to-date: /home/robot/app/robot_ws/install/lifecycle_msgs/include/lifecycle_msgs/lifecycle_msgs/msg/detail/state__rosidl_typesupport_fastrtps_cpp.hpp
[4.572s] -- Up-to-date: /home/robot/app/robot_ws/install/lifecycle_msgs/lib/liblifecycle_msgs__rosidl_typesupport_fastrtps_cpp.so
[4.572s] -- Up-to-date: /home/robot/app/robot_ws/install/lifecycle_msgs/include/lifecycle_msgs/lifecycle_msgs
[4.573s] -- Up-to-date: /home/robot/app/robot_ws/install/lifecycle_msgs/include/lifecycle_msgs/lifecycle_msgs/srv
[4.573s] -- Up-to-date: /home/robot/app/robot_ws/install/lifecycle_msgs/include/lifecycle_msgs/lifecycle_msgs/srv/detail
[4.573s] -- Up-to-date: /home/robot/app/robot_ws/install/lifecycle_msgs/include/lifecycle_msgs/lifecycle_msgs/srv/detail/change_state__type_support.cpp
[4.573s] -- Up-to-date: /home/robot/app/robot_ws/install/lifecycle_msgs/include/lifecycle_msgs/lifecycle_msgs/srv/detail/get_available_transitions__rosidl_typesupport_introspection_cpp.hpp
[4.573s] -- Up-to-date: /home/robot/app/robot_ws/install/lifecycle_msgs/include/lifecycle_msgs/lifecycle_msgs/srv/detail/get_available_states__rosidl_typesupport_introspection_cpp.hpp
[4.574s] -- Up-to-date: /home/robot/app/robot_ws/install/lifecycle_msgs/include/lifecycle_msgs/lifecycle_msgs/srv/detail/get_state__type_support.cpp
[4.574s] -- Up-to-date: /home/robot/app/robot_ws/install/lifecycle_msgs/include/lifecycle_msgs/lifecycle_msgs/srv/detail/get_state__rosidl_typesupport_introspection_cpp.hpp
[4.574s] -- Up-to-date: /home/robot/app/robot_ws/install/lifecycle_msgs/include/lifecycle_msgs/lifecycle_msgs/srv/detail/get_available_transitions__type_support.cpp
[4.574s] -- Up-to-date: /home/robot/app/robot_ws/install/lifecycle_msgs/include/lifecycle_msgs/lifecycle_msgs/srv/detail/change_state__rosidl_typesupport_introspection_cpp.hpp
[4.575s] -- Up-to-date: /home/robot/app/robot_ws/install/lifecycle_msgs/include/lifecycle_msgs/lifecycle_msgs/srv/detail/get_available_states__type_support.cpp
[4.575s] -- Up-to-date: /home/robot/app/robot_ws/install/lifecycle_msgs/include/lifecycle_msgs/lifecycle_msgs/msg
[4.575s] -- Up-to-date: /home/robot/app/robot_ws/install/lifecycle_msgs/include/lifecycle_msgs/lifecycle_msgs/msg/detail
[4.575s] -- Up-to-date: /home/robot/app/robot_ws/install/lifecycle_msgs/include/lifecycle_msgs/lifecycle_msgs/msg/detail/transition__rosidl_typesupport_introspection_cpp.hpp
[4.575s] -- Up-to-date: /home/robot/app/robot_ws/install/lifecycle_msgs/include/lifecycle_msgs/lifecycle_msgs/msg/detail/transition_event__rosidl_typesupport_introspection_cpp.hpp
[4.575s] -- Up-to-date: /home/robot/app/robot_ws/install/lifecycle_msgs/include/lifecycle_msgs/lifecycle_msgs/msg/detail/transition__type_support.cpp
[4.576s] -- Up-to-date: /home/robot/app/robot_ws/install/lifecycle_msgs/include/lifecycle_msgs/lifecycle_msgs/msg/detail/transition_description__rosidl_typesupport_introspection_cpp.hpp
[4.576s] -- Up-to-date: /home/robot/app/robot_ws/install/lifecycle_msgs/include/lifecycle_msgs/lifecycle_msgs/msg/detail/transition_description__type_support.cpp
[4.576s] -- Up-to-date: /home/robot/app/robot_ws/install/lifecycle_msgs/include/lifecycle_msgs/lifecycle_msgs/msg/detail/state__rosidl_typesupport_introspection_cpp.hpp
[4.579s] -- Up-to-date: /home/robot/app/robot_ws/install/lifecycle_msgs/include/lifecycle_msgs/lifecycle_msgs/msg/detail/state__type_support.cpp
[4.579s] -- Up-to-date: /home/robot/app/robot_ws/install/lifecycle_msgs/include/lifecycle_msgs/lifecycle_msgs/msg/detail/transition_event__type_support.cpp
[4.580s] -- Up-to-date: /home/robot/app/robot_ws/install/lifecycle_msgs/lib/liblifecycle_msgs__rosidl_typesupport_introspection_cpp.so
[4.580s] -- Up-to-date: /home/robot/app/robot_ws/install/lifecycle_msgs/lib/liblifecycle_msgs__rosidl_typesupport_cpp.so
[4.580s] -- Up-to-date: /home/robot/app/robot_ws/install/lifecycle_msgs/share/lifecycle_msgs/environment/pythonpath.sh
[4.580s] -- Up-to-date: /home/robot/app/robot_ws/install/lifecycle_msgs/share/lifecycle_msgs/environment/pythonpath.dsv
[4.580s] -- Up-to-date: /home/robot/app/robot_ws/install/lifecycle_msgs/local/lib/python3.10/dist-packages/lifecycle_msgs-1.2.1-py3.10.egg-info
[4.581s] -- Installing: /home/robot/app/robot_ws/install/lifecycle_msgs/local/lib/python3.10/dist-packages/lifecycle_msgs-1.2.1-py3.10.egg-info/dependency_links.txt
[4.581s] -- Installing: /home/robot/app/robot_ws/install/lifecycle_msgs/local/lib/python3.10/dist-packages/lifecycle_msgs-1.2.1-py3.10.egg-info/PKG-INFO
[4.581s] -- Installing: /home/robot/app/robot_ws/install/lifecycle_msgs/local/lib/python3.10/dist-packages/lifecycle_msgs-1.2.1-py3.10.egg-info/SOURCES.txt
[4.581s] -- Installing: /home/robot/app/robot_ws/install/lifecycle_msgs/local/lib/python3.10/dist-packages/lifecycle_msgs-1.2.1-py3.10.egg-info/top_level.txt
[4.581s] -- Up-to-date: /home/robot/app/robot_ws/install/lifecycle_msgs/local/lib/python3.10/dist-packages/lifecycle_msgs
[4.582s] -- Up-to-date: /home/robot/app/robot_ws/install/lifecycle_msgs/local/lib/python3.10/dist-packages/lifecycle_msgs/__init__.py
[4.582s] -- Up-to-date: /home/robot/app/robot_ws/install/lifecycle_msgs/local/lib/python3.10/dist-packages/lifecycle_msgs/lifecycle_msgs_s__rosidl_typesupport_microxrcedds_c.cpython-310-x86_64-linux-gnu.so
[4.582s] -- Up-to-date: /home/robot/app/robot_ws/install/lifecycle_msgs/local/lib/python3.10/dist-packages/lifecycle_msgs/srv
[4.582s] -- Up-to-date: /home/robot/app/robot_ws/install/lifecycle_msgs/local/lib/python3.10/dist-packages/lifecycle_msgs/srv/__init__.py
[4.582s] -- Up-to-date: /home/robot/app/robot_ws/install/lifecycle_msgs/local/lib/python3.10/dist-packages/lifecycle_msgs/srv/_get_available_transitions_s.c
[4.589s] -- Up-to-date: /home/robot/app/robot_ws/install/lifecycle_msgs/local/lib/python3.10/dist-packages/lifecycle_msgs/srv/_get_available_states.py
[4.589s] -- Up-to-date: /home/robot/app/robot_ws/install/lifecycle_msgs/local/lib/python3.10/dist-packages/lifecycle_msgs/srv/_change_state_s.c
[4.590s] -- Up-to-date: /home/robot/app/robot_ws/install/lifecycle_msgs/local/lib/python3.10/dist-packages/lifecycle_msgs/srv/_get_state_s.c
[4.590s] -- Up-to-date: /home/robot/app/robot_ws/install/lifecycle_msgs/local/lib/python3.10/dist-packages/lifecycle_msgs/srv/_get_available_transitions.py
[4.592s] -- Up-to-date: /home/robot/app/robot_ws/install/lifecycle_msgs/local/lib/python3.10/dist-packages/lifecycle_msgs/srv/_get_state.py
[4.592s] -- Up-to-date: /home/robot/app/robot_ws/install/lifecycle_msgs/local/lib/python3.10/dist-packages/lifecycle_msgs/srv/_get_available_states_s.c
[4.592s] -- Up-to-date: /home/robot/app/robot_ws/install/lifecycle_msgs/local/lib/python3.10/dist-packages/lifecycle_msgs/srv/_change_state.py
[4.593s] -- Up-to-date: /home/robot/app/robot_ws/install/lifecycle_msgs/local/lib/python3.10/dist-packages/lifecycle_msgs/lifecycle_msgs_s__rosidl_typesupport_fastrtps_c.cpython-310-x86_64-linux-gnu.so
[4.593s] -- Up-to-date: /home/robot/app/robot_ws/install/lifecycle_msgs/local/lib/python3.10/dist-packages/lifecycle_msgs/_lifecycle_msgs_s.ep.rosidl_typesupport_microxrcedds_c.c
[4.593s] -- Up-to-date: /home/robot/app/robot_ws/install/lifecycle_msgs/local/lib/python3.10/dist-packages/lifecycle_msgs/liblifecycle_msgs__rosidl_generator_py.so
[4.593s] -- Up-to-date: /home/robot/app/robot_ws/install/lifecycle_msgs/local/lib/python3.10/dist-packages/lifecycle_msgs/_lifecycle_msgs_s.ep.rosidl_typesupport_c.c
[4.593s] -- Up-to-date: /home/robot/app/robot_ws/install/lifecycle_msgs/local/lib/python3.10/dist-packages/lifecycle_msgs/lifecycle_msgs_s__rosidl_typesupport_introspection_c.cpython-310-x86_64-linux-gnu.so
[4.594s] -- Up-to-date: /home/robot/app/robot_ws/install/lifecycle_msgs/local/lib/python3.10/dist-packages/lifecycle_msgs/_lifecycle_msgs_s.ep.rosidl_typesupport_fastrtps_c.c
[4.594s] -- Up-to-date: /home/robot/app/robot_ws/install/lifecycle_msgs/local/lib/python3.10/dist-packages/lifecycle_msgs/_lifecycle_msgs_s.ep.rosidl_typesupport_introspection_c.c
[4.594s] -- Up-to-date: /home/robot/app/robot_ws/install/lifecycle_msgs/local/lib/python3.10/dist-packages/lifecycle_msgs/msg
[4.594s] -- Up-to-date: /home/robot/app/robot_ws/install/lifecycle_msgs/local/lib/python3.10/dist-packages/lifecycle_msgs/msg/__init__.py
[4.594s] -- Up-to-date: /home/robot/app/robot_ws/install/lifecycle_msgs/local/lib/python3.10/dist-packages/lifecycle_msgs/msg/_transition.py
[4.594s] -- Up-to-date: /home/robot/app/robot_ws/install/lifecycle_msgs/local/lib/python3.10/dist-packages/lifecycle_msgs/msg/_state.py
[4.595s] -- Up-to-date: /home/robot/app/robot_ws/install/lifecycle_msgs/local/lib/python3.10/dist-packages/lifecycle_msgs/msg/_transition_event.py
[4.595s] -- Up-to-date: /home/robot/app/robot_ws/install/lifecycle_msgs/local/lib/python3.10/dist-packages/lifecycle_msgs/msg/_transition_description.py
[4.595s] -- Up-to-date: /home/robot/app/robot_ws/install/lifecycle_msgs/local/lib/python3.10/dist-packages/lifecycle_msgs/msg/_transition_s.c
[4.595s] -- Up-to-date: /home/robot/app/robot_ws/install/lifecycle_msgs/local/lib/python3.10/dist-packages/lifecycle_msgs/msg/_state_s.c
[4.595s] -- Up-to-date: /home/robot/app/robot_ws/install/lifecycle_msgs/local/lib/python3.10/dist-packages/lifecycle_msgs/msg/_transition_description_s.c
[4.595s] -- Up-to-date: /home/robot/app/robot_ws/install/lifecycle_msgs/local/lib/python3.10/dist-packages/lifecycle_msgs/msg/_transition_event_s.c
[4.596s] -- Up-to-date: /home/robot/app/robot_ws/install/lifecycle_msgs/local/lib/python3.10/dist-packages/lifecycle_msgs/lifecycle_msgs_s__rosidl_typesupport_c.cpython-310-x86_64-linux-gnu.so
[4.683s] Listing '/home/robot/app/robot_ws/install/lifecycle_msgs/local/lib/python3.10/dist-packages/lifecycle_msgs'...
[4.683s] Listing '/home/robot/app/robot_ws/install/lifecycle_msgs/local/lib/python3.10/dist-packages/lifecycle_msgs/msg'...
[4.683s] Listing '/home/robot/app/robot_ws/install/lifecycle_msgs/local/lib/python3.10/dist-packages/lifecycle_msgs/srv'...
[4.716s] -- Up-to-date: /home/robot/app/robot_ws/install/lifecycle_msgs/local/lib/python3.10/dist-packages/lifecycle_msgs/lifecycle_msgs_s__rosidl_typesupport_microxrcedds_c.cpython-310-x86_64-linux-gnu.so
[4.716s] -- Up-to-date: /home/robot/app/robot_ws/install/lifecycle_msgs/local/lib/python3.10/dist-packages/lifecycle_msgs/lifecycle_msgs_s__rosidl_typesupport_fastrtps_c.cpython-310-x86_64-linux-gnu.so
[4.729s] -- Up-to-date: /home/robot/app/robot_ws/install/lifecycle_msgs/local/lib/python3.10/dist-packages/lifecycle_msgs/lifecycle_msgs_s__rosidl_typesupport_introspection_c.cpython-310-x86_64-linux-gnu.so
[4.739s] -- Up-to-date: /home/robot/app/robot_ws/install/lifecycle_msgs/local/lib/python3.10/dist-packages/lifecycle_msgs/lifecycle_msgs_s__rosidl_typesupport_c.cpython-310-x86_64-linux-gnu.so
[4.739s] -- Up-to-date: /home/robot/app/robot_ws/install/lifecycle_msgs/lib/liblifecycle_msgs__rosidl_generator_py.so
[4.740s] -- Up-to-date: /home/robot/app/robot_ws/install/lifecycle_msgs/share/lifecycle_msgs/msg/State.idl
[4.740s] -- Up-to-date: /home/robot/app/robot_ws/install/lifecycle_msgs/share/lifecycle_msgs/msg/Transition.idl
[4.741s] -- Up-to-date: /home/robot/app/robot_ws/install/lifecycle_msgs/share/lifecycle_msgs/msg/TransitionDescription.idl
[4.741s] -- Up-to-date: /home/robot/app/robot_ws/install/lifecycle_msgs/share/lifecycle_msgs/msg/TransitionEvent.idl
[4.741s] -- Up-to-date: /home/robot/app/robot_ws/install/lifecycle_msgs/share/lifecycle_msgs/srv/ChangeState.idl
[4.741s] -- Up-to-date: /home/robot/app/robot_ws/install/lifecycle_msgs/share/lifecycle_msgs/srv/GetAvailableStates.idl
[4.741s] -- Up-to-date: /home/robot/app/robot_ws/install/lifecycle_msgs/share/lifecycle_msgs/srv/GetAvailableTransitions.idl
[4.741s] -- Up-to-date: /home/robot/app/robot_ws/install/lifecycle_msgs/share/lifecycle_msgs/srv/GetState.idl
[4.747s] -- Up-to-date: /home/robot/app/robot_ws/install/lifecycle_msgs/share/lifecycle_msgs/msg/State.msg
[4.749s] -- Up-to-date: /home/robot/app/robot_ws/install/lifecycle_msgs/share/lifecycle_msgs/msg/Transition.msg
[4.750s] -- Up-to-date: /home/robot/app/robot_ws/install/lifecycle_msgs/share/lifecycle_msgs/msg/TransitionDescription.msg
[4.750s] -- Up-to-date: /home/robot/app/robot_ws/install/lifecycle_msgs/share/lifecycle_msgs/msg/TransitionEvent.msg
[4.750s] -- Up-to-date: /home/robot/app/robot_ws/install/lifecycle_msgs/share/lifecycle_msgs/srv/ChangeState.srv
[4.750s] -- Up-to-date: /home/robot/app/robot_ws/install/lifecycle_msgs/share/lifecycle_msgs/srv/ChangeState_Request.msg
[4.750s] -- Up-to-date: /home/robot/app/robot_ws/install/lifecycle_msgs/share/lifecycle_msgs/srv/ChangeState_Response.msg
[4.751s] -- Up-to-date: /home/robot/app/robot_ws/install/lifecycle_msgs/share/lifecycle_msgs/srv/GetAvailableStates.srv
[4.751s] -- Up-to-date: /home/robot/app/robot_ws/install/lifecycle_msgs/share/lifecycle_msgs/srv/GetAvailableStates_Request.msg
[4.755s] -- Up-to-date: /home/robot/app/robot_ws/install/lifecycle_msgs/share/lifecycle_msgs/srv/GetAvailableStates_Response.msg
[4.755s] -- Up-to-date: /home/robot/app/robot_ws/install/lifecycle_msgs/share/lifecycle_msgs/srv/GetAvailableTransitions.srv
[4.763s] -- Up-to-date: /home/robot/app/robot_ws/install/lifecycle_msgs/share/lifecycle_msgs/srv/GetAvailableTransitions_Request.msg
[4.763s] -- Up-to-date: /home/robot/app/robot_ws/install/lifecycle_msgs/share/lifecycle_msgs/srv/GetAvailableTransitions_Response.msg
[4.764s] -- Up-to-date: /home/robot/app/robot_ws/install/lifecycle_msgs/share/lifecycle_msgs/srv/GetState.srv
[4.764s] -- Up-to-date: /home/robot/app/robot_ws/install/lifecycle_msgs/share/lifecycle_msgs/srv/GetState_Request.msg
[4.764s] -- Up-to-date: /home/robot/app/robot_ws/install/lifecycle_msgs/share/lifecycle_msgs/srv/GetState_Response.msg
[4.765s] -- Up-to-date: /home/robot/app/robot_ws/install/lifecycle_msgs/share/ament_index/resource_index/package_run_dependencies/lifecycle_msgs
[4.765s] -- Up-to-date: /home/robot/app/robot_ws/install/lifecycle_msgs/share/ament_index/resource_index/parent_prefix_path/lifecycle_msgs
[4.765s] -- Up-to-date: /home/robot/app/robot_ws/install/lifecycle_msgs/share/lifecycle_msgs/environment/ament_prefix_path.sh
[4.765s] -- Up-to-date: /home/robot/app/robot_ws/install/lifecycle_msgs/share/lifecycle_msgs/environment/ament_prefix_path.dsv
[4.765s] -- Up-to-date: /home/robot/app/robot_ws/install/lifecycle_msgs/share/lifecycle_msgs/environment/path.sh
[4.766s] -- Up-to-date: /home/robot/app/robot_ws/install/lifecycle_msgs/share/lifecycle_msgs/environment/path.dsv
[4.766s] -- Up-to-date: /home/robot/app/robot_ws/install/lifecycle_msgs/share/lifecycle_msgs/local_setup.bash
[4.766s] -- Up-to-date: /home/robot/app/robot_ws/install/lifecycle_msgs/share/lifecycle_msgs/local_setup.sh
[4.766s] -- Up-to-date: /home/robot/app/robot_ws/install/lifecycle_msgs/share/lifecycle_msgs/local_setup.zsh
[4.766s] -- Up-to-date: /home/robot/app/robot_ws/install/lifecycle_msgs/share/lifecycle_msgs/local_setup.dsv
[4.773s] -- Installing: /home/robot/app/robot_ws/install/lifecycle_msgs/share/lifecycle_msgs/package.dsv
[4.777s] -- Up-to-date: /home/robot/app/robot_ws/install/lifecycle_msgs/share/ament_index/resource_index/packages/lifecycle_msgs
[4.778s] -- Up-to-date: /home/robot/app/robot_ws/install/lifecycle_msgs/share/lifecycle_msgs/cmake/export_lifecycle_msgs__rosidl_generator_cExport.cmake
[4.778s] -- Up-to-date: /home/robot/app/robot_ws/install/lifecycle_msgs/share/lifecycle_msgs/cmake/export_lifecycle_msgs__rosidl_generator_cExport-noconfig.cmake
[4.778s] -- Up-to-date: /home/robot/app/robot_ws/install/lifecycle_msgs/share/lifecycle_msgs/cmake/export_lifecycle_msgs__rosidl_typesupport_fastrtps_cExport.cmake
[4.778s] -- Up-to-date: /home/robot/app/robot_ws/install/lifecycle_msgs/share/lifecycle_msgs/cmake/export_lifecycle_msgs__rosidl_typesupport_fastrtps_cExport-noconfig.cmake
[4.778s] -- Up-to-date: /home/robot/app/robot_ws/install/lifecycle_msgs/share/lifecycle_msgs/cmake/lifecycle_msgs__rosidl_typesupport_introspection_cExport.cmake
[4.778s] -- Up-to-date: /home/robot/app/robot_ws/install/lifecycle_msgs/share/lifecycle_msgs/cmake/lifecycle_msgs__rosidl_typesupport_introspection_cExport-noconfig.cmake
[4.780s] -- Up-to-date: /home/robot/app/robot_ws/install/lifecycle_msgs/share/lifecycle_msgs/cmake/lifecycle_msgs__rosidl_typesupport_cExport.cmake
[4.780s] -- Up-to-date: /home/robot/app/robot_ws/install/lifecycle_msgs/share/lifecycle_msgs/cmake/lifecycle_msgs__rosidl_typesupport_cExport-noconfig.cmake
[4.782s] -- Up-to-date: /home/robot/app/robot_ws/install/lifecycle_msgs/share/lifecycle_msgs/cmake/export_lifecycle_msgs__rosidl_generator_cppExport.cmake
[4.793s] -- Up-to-date: /home/robot/app/robot_ws/install/lifecycle_msgs/share/lifecycle_msgs/cmake/export_lifecycle_msgs__rosidl_typesupport_fastrtps_cppExport.cmake
[4.793s] -- Up-to-date: /home/robot/app/robot_ws/install/lifecycle_msgs/share/lifecycle_msgs/cmake/export_lifecycle_msgs__rosidl_typesupport_fastrtps_cppExport-noconfig.cmake
[4.793s] -- Up-to-date: /home/robot/app/robot_ws/install/lifecycle_msgs/share/lifecycle_msgs/cmake/lifecycle_msgs__rosidl_typesupport_introspection_cppExport.cmake
[4.794s] -- Up-to-date: /home/robot/app/robot_ws/install/lifecycle_msgs/share/lifecycle_msgs/cmake/lifecycle_msgs__rosidl_typesupport_introspection_cppExport-noconfig.cmake
[4.794s] -- Up-to-date: /home/robot/app/robot_ws/install/lifecycle_msgs/share/lifecycle_msgs/cmake/lifecycle_msgs__rosidl_typesupport_cppExport.cmake
[4.794s] -- Up-to-date: /home/robot/app/robot_ws/install/lifecycle_msgs/share/lifecycle_msgs/cmake/lifecycle_msgs__rosidl_typesupport_cppExport-noconfig.cmake
[4.803s] -- Up-to-date: /home/robot/app/robot_ws/install/lifecycle_msgs/share/lifecycle_msgs/cmake/export_lifecycle_msgs__rosidl_generator_pyExport.cmake
[4.803s] -- Up-to-date: /home/robot/app/robot_ws/install/lifecycle_msgs/share/lifecycle_msgs/cmake/export_lifecycle_msgs__rosidl_generator_pyExport-noconfig.cmake
[4.803s] -- Up-to-date: /home/robot/app/robot_ws/install/lifecycle_msgs/share/lifecycle_msgs/cmake/rosidl_cmake-extras.cmake
[4.803s] -- Up-to-date: /home/robot/app/robot_ws/install/lifecycle_msgs/share/lifecycle_msgs/cmake/ament_cmake_export_include_directories-extras.cmake
[4.804s] -- Up-to-date: /home/robot/app/robot_ws/install/lifecycle_msgs/share/lifecycle_msgs/cmake/ament_cmake_export_libraries-extras.cmake
[4.804s] -- Up-to-date: /home/robot/app/robot_ws/install/lifecycle_msgs/share/lifecycle_msgs/cmake/ament_cmake_export_targets-extras.cmake
[4.826s] -- Up-to-date: /home/robot/app/robot_ws/install/lifecycle_msgs/share/lifecycle_msgs/cmake/rosidl_cmake_export_typesupport_targets-extras.cmake
[4.826s] -- Up-to-date: /home/robot/app/robot_ws/install/lifecycle_msgs/share/lifecycle_msgs/cmake/ament_cmake_export_dependencies-extras.cmake
[4.826s] -- Up-to-date: /home/robot/app/robot_ws/install/lifecycle_msgs/share/lifecycle_msgs/cmake/rosidl_cmake_export_typesupport_libraries-extras.cmake
[4.826s] -- Up-to-date: /home/robot/app/robot_ws/install/lifecycle_msgs/share/lifecycle_msgs/cmake/lifecycle_msgsConfig.cmake
[4.827s] -- Up-to-date: /home/robot/app/robot_ws/install/lifecycle_msgs/share/lifecycle_msgs/cmake/lifecycle_msgsConfig-version.cmake
[4.827s] -- Up-to-date: /home/robot/app/robot_ws/install/lifecycle_msgs/share/lifecycle_msgs/package.xml
[4.849s] Invoked command in '/home/robot/app/robot_ws/build/lifecycle_msgs' returned '0': CMAKE_PREFIX_PATH=${CMAKE_PREFIX_PATH}:/home/robot/app/robot_ws/install/sensor_msgs_py:/opt/ros/humble /usr/bin/cmake --install /home/robot/app/robot_ws/build/lifecycle_msgs
