[0.089s] Invoking command in '/home/robot/app/robot_ws/build/unique_identifier_msgs': CMAKE_PREFIX_PATH=${CMAKE_PREFIX_PATH}:/home/robot/app/robot_ws/install/sensor_msgs_py:/opt/ros/humble /usr/bin/cmake /home/robot/app/robot_ws/src/ros2/unique_identifier_msgs -DCMAKE_INSTALL_PREFIX=/home/robot/app/robot_ws/install/unique_identifier_msgs
[0.122s] -- Found ament_cmake: 1.3.10 (/opt/ros/humble/share/ament_cmake/cmake)
[0.602s] -- Found rosidl_default_generators: 1.2.0 (/opt/ros/humble/share/rosidl_default_generators/cmake)
[0.655s] -- Using all available rosidl_typesupport_c: rosidl_typesupport_microxrcedds_c;rosidl_typesupport_fastrtps_c;rosidl_typesupport_introspection_c
[0.659s] -- Found rosidl_adapter: 3.1.5 (/opt/ros/humble/share/rosidl_adapter/cmake)
[0.696s] -- Using all available rosidl_typesupport_cpp: rosidl_typesupport_microxrcedds_cpp;rosidl_typesupport_fastrtps_cpp;rosidl_typesupport_introspection_cpp
[1.581s] -- Found ament_cmake_ros: 0.10.0 (/opt/ros/humble/share/ament_cmake_ros/cmake)
[2.270s] -- Using all available rosidl_typesupport_c: rosidl_typesupport_microxrcedds_c;rosidl_typesupport_fastrtps_c;rosidl_typesupport_introspection_c
[3.317s] -- Using all available rosidl_typesupport_cpp: rosidl_typesupport_microxrcedds_cpp;rosidl_typesupport_fastrtps_cpp;rosidl_typesupport_introspection_cpp
[3.398s] -- Found python_cmake_module: 0.10.0 (/opt/ros/humble/share/python_cmake_module/cmake)
[3.473s] -- Using PYTHON_EXECUTABLE: /usr/bin/python3
[3.473s] -- Using PYTHON_INCLUDE_DIRS: /usr/include/python3.10
[3.474s] -- Using PYTHON_LIBRARIES: /usr/lib/x86_64-linux-gnu/libpython3.10.so
[3.622s] -- Configuring done
[3.824s] -- Generating done
[3.839s] -- Build files have been written to: /home/robot/app/robot_ws/build/unique_identifier_msgs
[3.877s] Invoked command in '/home/robot/app/robot_ws/build/unique_identifier_msgs' returned '0': CMAKE_PREFIX_PATH=${CMAKE_PREFIX_PATH}:/home/robot/app/robot_ws/install/sensor_msgs_py:/opt/ros/humble /usr/bin/cmake /home/robot/app/robot_ws/src/ros2/unique_identifier_msgs -DCMAKE_INSTALL_PREFIX=/home/robot/app/robot_ws/install/unique_identifier_msgs
[3.877s] Invoking command in '/home/robot/app/robot_ws/build/unique_identifier_msgs': CMAKE_PREFIX_PATH=${CMAKE_PREFIX_PATH}:/home/robot/app/robot_ws/install/sensor_msgs_py:/opt/ros/humble /usr/bin/cmake --build /home/robot/app/robot_ws/build/unique_identifier_msgs -- -j8 -l8
[4.215s] [35m[1mConsolidate compiler generated dependencies of target unique_identifier_msgs__rosidl_generator_c[0m
[4.267s] [  7%] Built target unique_identifier_msgs__rosidl_generator_c
[4.283s] [ 10%] Built target unique_identifier_msgs__cpp
[4.313s] [35m[1mConsolidate compiler generated dependencies of target unique_identifier_msgs__rosidl_typesupport_microxrcedds_c[0m
[4.322s] [35m[1mConsolidate compiler generated dependencies of target unique_identifier_msgs__rosidl_typesupport_introspection_c[0m
[4.337s] [35m[1mConsolidate compiler generated dependencies of target unique_identifier_msgs__rosidl_typesupport_microxrcedds_cpp[0m
[4.345s] [35m[1mConsolidate compiler generated dependencies of target unique_identifier_msgs__rosidl_typesupport_c[0m
[4.357s] [35m[1mConsolidate compiler generated dependencies of target unique_identifier_msgs__rosidl_typesupport_fastrtps_c[0m
[4.371s] [35m[1mConsolidate compiler generated dependencies of target unique_identifier_msgs__rosidl_typesupport_cpp[0m
[4.373s] [35m[1mConsolidate compiler generated dependencies of target unique_identifier_msgs__rosidl_typesupport_fastrtps_cpp[0m
[4.384s] [ 17%] Built target unique_identifier_msgs__rosidl_typesupport_microxrcedds_c
[4.394s] [ 25%] Built target unique_identifier_msgs__rosidl_typesupport_c
[4.396s] [ 25%] Built target ament_cmake_python_copy_unique_identifier_msgs
[4.419s] [ 33%] Built target unique_identifier_msgs__rosidl_typesupport_introspection_c
[4.423s] [ 41%] Built target unique_identifier_msgs__rosidl_typesupport_microxrcedds_cpp
[4.428s] [35m[1mConsolidate compiler generated dependencies of target unique_identifier_msgs__rosidl_typesupport_introspection_cpp[0m
[4.448s] [ 48%] Built target unique_identifier_msgs__rosidl_typesupport_fastrtps_c
[4.480s] [ 56%] Built target unique_identifier_msgs__rosidl_typesupport_cpp
[4.480s] [ 64%] Built target unique_identifier_msgs__rosidl_typesupport_fastrtps_cpp
[4.503s] [ 71%] Built target unique_identifier_msgs__rosidl_typesupport_introspection_cpp
[4.720s] [ 71%] Built target unique_identifier_msgs
[4.864s] [ 74%] Built target unique_identifier_msgs__py
[4.956s] [35m[1mConsolidate compiler generated dependencies of target unique_identifier_msgs__rosidl_generator_py[0m
[5.023s] [ 79%] Built target unique_identifier_msgs__rosidl_generator_py
[5.061s] [35m[1mConsolidate compiler generated dependencies of target unique_identifier_msgs__rosidl_typesupport_microxrcedds_c__pyext[0m
[5.074s] [35m[1mConsolidate compiler generated dependencies of target unique_identifier_msgs__rosidl_typesupport_fastrtps_c__pyext[0m
[5.115s] [35m[1mConsolidate compiler generated dependencies of target unique_identifier_msgs__rosidl_typesupport_c__pyext[0m
[5.116s] [35m[1mConsolidate compiler generated dependencies of target unique_identifier_msgs__rosidl_typesupport_introspection_c__pyext[0m
[5.123s] [ 84%] Built target unique_identifier_msgs__rosidl_typesupport_microxrcedds_c__pyext
[5.146s] [ 89%] Built target unique_identifier_msgs__rosidl_typesupport_fastrtps_c__pyext
[5.187s] [ 94%] Built target unique_identifier_msgs__rosidl_typesupport_introspection_c__pyext
[5.205s] [100%] Built target unique_identifier_msgs__rosidl_typesupport_c__pyext
[5.653s] running egg_info
[5.655s] writing unique_identifier_msgs.egg-info/PKG-INFO
[5.655s] writing dependency_links to unique_identifier_msgs.egg-info/dependency_links.txt
[5.659s] writing top-level names to unique_identifier_msgs.egg-info/top_level.txt
[5.660s] reading manifest file 'unique_identifier_msgs.egg-info/SOURCES.txt'
[5.663s] writing manifest file 'unique_identifier_msgs.egg-info/SOURCES.txt'
[5.736s] [100%] Built target ament_cmake_python_build_unique_identifier_msgs_egg
[5.763s] Invoked command in '/home/robot/app/robot_ws/build/unique_identifier_msgs' returned '0': CMAKE_PREFIX_PATH=${CMAKE_PREFIX_PATH}:/home/robot/app/robot_ws/install/sensor_msgs_py:/opt/ros/humble /usr/bin/cmake --build /home/robot/app/robot_ws/build/unique_identifier_msgs -- -j8 -l8
[6.140s] Invoking command in '/home/robot/app/robot_ws/build/unique_identifier_msgs': CMAKE_PREFIX_PATH=${CMAKE_PREFIX_PATH}:/home/robot/app/robot_ws/install/sensor_msgs_py:/opt/ros/humble /usr/bin/cmake --install /home/robot/app/robot_ws/build/unique_identifier_msgs
[6.166s] -- Install configuration: ""
[6.166s] -- Up-to-date: /home/robot/app/robot_ws/install/unique_identifier_msgs/share/ament_index/resource_index/rosidl_interfaces/unique_identifier_msgs
[6.166s] -- Up-to-date: /home/robot/app/robot_ws/install/unique_identifier_msgs/include/unique_identifier_msgs/unique_identifier_msgs
[6.167s] -- Up-to-date: /home/robot/app/robot_ws/install/unique_identifier_msgs/include/unique_identifier_msgs/unique_identifier_msgs/msg
[6.167s] -- Up-to-date: /home/robot/app/robot_ws/install/unique_identifier_msgs/include/unique_identifier_msgs/unique_identifier_msgs/msg/uuid.h
[6.170s] -- Up-to-date: /home/robot/app/robot_ws/install/unique_identifier_msgs/include/unique_identifier_msgs/unique_identifier_msgs/msg/detail
[6.171s] -- Up-to-date: /home/robot/app/robot_ws/install/unique_identifier_msgs/include/unique_identifier_msgs/unique_identifier_msgs/msg/detail/uuid__struct.h
[6.171s] -- Up-to-date: /home/robot/app/robot_ws/install/unique_identifier_msgs/include/unique_identifier_msgs/unique_identifier_msgs/msg/detail/uuid__functions.c
[6.171s] -- Up-to-date: /home/robot/app/robot_ws/install/unique_identifier_msgs/include/unique_identifier_msgs/unique_identifier_msgs/msg/detail/uuid__type_support.h
[6.171s] -- Up-to-date: /home/robot/app/robot_ws/install/unique_identifier_msgs/include/unique_identifier_msgs/unique_identifier_msgs/msg/detail/uuid__functions.h
[6.171s] -- Up-to-date: /home/robot/app/robot_ws/install/unique_identifier_msgs/include/unique_identifier_msgs/unique_identifier_msgs/msg/rosidl_generator_c__visibility_control.h
[6.173s] -- Up-to-date: /home/robot/app/robot_ws/install/unique_identifier_msgs/share/unique_identifier_msgs/environment/library_path.sh
[6.173s] -- Installing: /home/robot/app/robot_ws/install/unique_identifier_msgs/share/unique_identifier_msgs/environment/library_path.dsv
[6.179s] -- Up-to-date: /home/robot/app/robot_ws/install/unique_identifier_msgs/lib/libunique_identifier_msgs__rosidl_generator_c.so
[6.179s] -- Up-to-date: /home/robot/app/robot_ws/install/unique_identifier_msgs/include/unique_identifier_msgs
[6.180s] -- Up-to-date: /home/robot/app/robot_ws/install/unique_identifier_msgs/include/unique_identifier_msgs/msg
[6.180s] -- Up-to-date: /home/robot/app/robot_ws/install/unique_identifier_msgs/include/unique_identifier_msgs/msg/detail
[6.185s] -- Up-to-date: /home/robot/app/robot_ws/install/unique_identifier_msgs/include/unique_identifier_msgs/msg/detail/microxrcedds
[6.185s] -- Up-to-date: /home/robot/app/robot_ws/install/unique_identifier_msgs/include/unique_identifier_msgs/msg/detail/uuid__rosidl_typesupport_microxrcedds_c.h
[6.185s] -- Up-to-date: /home/robot/app/robot_ws/install/unique_identifier_msgs/include/unique_identifier_msgs/msg/rosidl_typesupport_microxrcedds_c__visibility_control.h
[6.186s] -- Up-to-date: /home/robot/app/robot_ws/install/unique_identifier_msgs/lib/libunique_identifier_msgs__rosidl_typesupport_microxrcedds_c.so
[6.186s] -- Up-to-date: /home/robot/app/robot_ws/install/unique_identifier_msgs/include/unique_identifier_msgs/unique_identifier_msgs
[6.186s] -- Up-to-date: /home/robot/app/robot_ws/install/unique_identifier_msgs/include/unique_identifier_msgs/unique_identifier_msgs/msg
[6.187s] -- Up-to-date: /home/robot/app/robot_ws/install/unique_identifier_msgs/include/unique_identifier_msgs/unique_identifier_msgs/msg/detail
[6.187s] -- Up-to-date: /home/robot/app/robot_ws/install/unique_identifier_msgs/include/unique_identifier_msgs/unique_identifier_msgs/msg/detail/uuid__rosidl_typesupport_fastrtps_c.h
[6.190s] -- Up-to-date: /home/robot/app/robot_ws/install/unique_identifier_msgs/include/unique_identifier_msgs/unique_identifier_msgs/msg/rosidl_typesupport_fastrtps_c__visibility_control.h
[6.191s] -- Up-to-date: /home/robot/app/robot_ws/install/unique_identifier_msgs/lib/libunique_identifier_msgs__rosidl_typesupport_fastrtps_c.so
[6.191s] -- Up-to-date: /home/robot/app/robot_ws/install/unique_identifier_msgs/include/unique_identifier_msgs/unique_identifier_msgs
[6.192s] -- Up-to-date: /home/robot/app/robot_ws/install/unique_identifier_msgs/include/unique_identifier_msgs/unique_identifier_msgs/msg
[6.192s] -- Up-to-date: /home/robot/app/robot_ws/install/unique_identifier_msgs/include/unique_identifier_msgs/unique_identifier_msgs/msg/rosidl_typesupport_introspection_c__visibility_control.h
[6.192s] -- Up-to-date: /home/robot/app/robot_ws/install/unique_identifier_msgs/include/unique_identifier_msgs/unique_identifier_msgs/msg/detail
[6.192s] -- Up-to-date: /home/robot/app/robot_ws/install/unique_identifier_msgs/include/unique_identifier_msgs/unique_identifier_msgs/msg/detail/uuid__rosidl_typesupport_introspection_c.h
[6.209s] -- Up-to-date: /home/robot/app/robot_ws/install/unique_identifier_msgs/include/unique_identifier_msgs/unique_identifier_msgs/msg/detail/uuid__type_support.c
[6.209s] -- Up-to-date: /home/robot/app/robot_ws/install/unique_identifier_msgs/lib/libunique_identifier_msgs__rosidl_typesupport_introspection_c.so
[6.209s] -- Up-to-date: /home/robot/app/robot_ws/install/unique_identifier_msgs/lib/libunique_identifier_msgs__rosidl_typesupport_c.so
[6.209s] -- Up-to-date: /home/robot/app/robot_ws/install/unique_identifier_msgs/include/unique_identifier_msgs/unique_identifier_msgs
[6.209s] -- Up-to-date: /home/robot/app/robot_ws/install/unique_identifier_msgs/include/unique_identifier_msgs/unique_identifier_msgs/msg
[6.209s] -- Up-to-date: /home/robot/app/robot_ws/install/unique_identifier_msgs/include/unique_identifier_msgs/unique_identifier_msgs/msg/detail
[6.210s] -- Up-to-date: /home/robot/app/robot_ws/install/unique_identifier_msgs/include/unique_identifier_msgs/unique_identifier_msgs/msg/detail/uuid__builder.hpp
[6.210s] -- Up-to-date: /home/robot/app/robot_ws/install/unique_identifier_msgs/include/unique_identifier_msgs/unique_identifier_msgs/msg/detail/uuid__traits.hpp
[6.210s] -- Up-to-date: /home/robot/app/robot_ws/install/unique_identifier_msgs/include/unique_identifier_msgs/unique_identifier_msgs/msg/detail/uuid__struct.hpp
[6.210s] -- Up-to-date: /home/robot/app/robot_ws/install/unique_identifier_msgs/include/unique_identifier_msgs/unique_identifier_msgs/msg/uuid.hpp
[6.210s] -- Up-to-date: /home/robot/app/robot_ws/install/unique_identifier_msgs/include/unique_identifier_msgs
[6.210s] -- Up-to-date: /home/robot/app/robot_ws/install/unique_identifier_msgs/include/unique_identifier_msgs/msg
[6.210s] -- Up-to-date: /home/robot/app/robot_ws/install/unique_identifier_msgs/include/unique_identifier_msgs/msg/detail
[6.210s] -- Up-to-date: /home/robot/app/robot_ws/install/unique_identifier_msgs/include/unique_identifier_msgs/msg/detail/microxrcedds
[6.210s] -- Up-to-date: /home/robot/app/robot_ws/install/unique_identifier_msgs/include/unique_identifier_msgs/msg/detail/microxrcedds/uuid__type_support_cpp.cpp
[6.211s] -- Up-to-date: /home/robot/app/robot_ws/install/unique_identifier_msgs/include/unique_identifier_msgs/msg/detail/uuid__rosidl_typesupport_microxrcedds_cpp.hpp
[6.216s] -- Up-to-date: /home/robot/app/robot_ws/install/unique_identifier_msgs/include/unique_identifier_msgs/msg/rosidl_typesupport_microxrcedds_cpp__visibility_control.h
[6.216s] -- Up-to-date: /home/robot/app/robot_ws/install/unique_identifier_msgs/lib/libunique_identifier_msgs__rosidl_typesupport_microxrcedds_cpp.so
[6.217s] -- Up-to-date: /home/robot/app/robot_ws/install/unique_identifier_msgs/include/unique_identifier_msgs/unique_identifier_msgs
[6.217s] -- Up-to-date: /home/robot/app/robot_ws/install/unique_identifier_msgs/include/unique_identifier_msgs/unique_identifier_msgs/msg
[6.218s] -- Up-to-date: /home/robot/app/robot_ws/install/unique_identifier_msgs/include/unique_identifier_msgs/unique_identifier_msgs/msg/rosidl_typesupport_fastrtps_cpp__visibility_control.h
[6.218s] -- Up-to-date: /home/robot/app/robot_ws/install/unique_identifier_msgs/include/unique_identifier_msgs/unique_identifier_msgs/msg/detail
[6.218s] -- Up-to-date: /home/robot/app/robot_ws/install/unique_identifier_msgs/include/unique_identifier_msgs/unique_identifier_msgs/msg/detail/uuid__rosidl_typesupport_fastrtps_cpp.hpp
[6.218s] -- Up-to-date: /home/robot/app/robot_ws/install/unique_identifier_msgs/include/unique_identifier_msgs/unique_identifier_msgs/msg/detail/dds_fastrtps
[6.220s] -- Up-to-date: /home/robot/app/robot_ws/install/unique_identifier_msgs/lib/libunique_identifier_msgs__rosidl_typesupport_fastrtps_cpp.so
[6.220s] -- Up-to-date: /home/robot/app/robot_ws/install/unique_identifier_msgs/include/unique_identifier_msgs/unique_identifier_msgs
[6.220s] -- Up-to-date: /home/robot/app/robot_ws/install/unique_identifier_msgs/include/unique_identifier_msgs/unique_identifier_msgs/msg
[6.220s] -- Up-to-date: /home/robot/app/robot_ws/install/unique_identifier_msgs/include/unique_identifier_msgs/unique_identifier_msgs/msg/detail
[6.221s] -- Up-to-date: /home/robot/app/robot_ws/install/unique_identifier_msgs/include/unique_identifier_msgs/unique_identifier_msgs/msg/detail/uuid__rosidl_typesupport_introspection_cpp.hpp
[6.221s] -- Up-to-date: /home/robot/app/robot_ws/install/unique_identifier_msgs/include/unique_identifier_msgs/unique_identifier_msgs/msg/detail/uuid__type_support.cpp
[6.221s] -- Up-to-date: /home/robot/app/robot_ws/install/unique_identifier_msgs/lib/libunique_identifier_msgs__rosidl_typesupport_introspection_cpp.so
[6.241s] -- Up-to-date: /home/robot/app/robot_ws/install/unique_identifier_msgs/lib/libunique_identifier_msgs__rosidl_typesupport_cpp.so
[6.242s] -- Up-to-date: /home/robot/app/robot_ws/install/unique_identifier_msgs/share/unique_identifier_msgs/environment/pythonpath.sh
[6.242s] -- Installing: /home/robot/app/robot_ws/install/unique_identifier_msgs/share/unique_identifier_msgs/environment/pythonpath.dsv
[6.242s] -- Up-to-date: /home/robot/app/robot_ws/install/unique_identifier_msgs/local/lib/python3.10/dist-packages/unique_identifier_msgs-2.2.1-py3.10.egg-info
[6.242s] -- Installing: /home/robot/app/robot_ws/install/unique_identifier_msgs/local/lib/python3.10/dist-packages/unique_identifier_msgs-2.2.1-py3.10.egg-info/dependency_links.txt
[6.242s] -- Installing: /home/robot/app/robot_ws/install/unique_identifier_msgs/local/lib/python3.10/dist-packages/unique_identifier_msgs-2.2.1-py3.10.egg-info/PKG-INFO
[6.242s] -- Installing: /home/robot/app/robot_ws/install/unique_identifier_msgs/local/lib/python3.10/dist-packages/unique_identifier_msgs-2.2.1-py3.10.egg-info/SOURCES.txt
[6.242s] -- Installing: /home/robot/app/robot_ws/install/unique_identifier_msgs/local/lib/python3.10/dist-packages/unique_identifier_msgs-2.2.1-py3.10.egg-info/top_level.txt
[6.242s] -- Up-to-date: /home/robot/app/robot_ws/install/unique_identifier_msgs/local/lib/python3.10/dist-packages/unique_identifier_msgs
[6.242s] -- Installing: /home/robot/app/robot_ws/install/unique_identifier_msgs/local/lib/python3.10/dist-packages/unique_identifier_msgs/__init__.py
[6.242s] -- Up-to-date: /home/robot/app/robot_ws/install/unique_identifier_msgs/local/lib/python3.10/dist-packages/unique_identifier_msgs/_unique_identifier_msgs_s.ep.rosidl_typesupport_microxrcedds_c.c
[6.243s] -- Up-to-date: /home/robot/app/robot_ws/install/unique_identifier_msgs/local/lib/python3.10/dist-packages/unique_identifier_msgs/unique_identifier_msgs_s__rosidl_typesupport_microxrcedds_c.cpython-310-x86_64-linux-gnu.so
[6.243s] -- Up-to-date: /home/robot/app/robot_ws/install/unique_identifier_msgs/local/lib/python3.10/dist-packages/unique_identifier_msgs/_unique_identifier_msgs_s.ep.rosidl_typesupport_c.c
[6.243s] -- Up-to-date: /home/robot/app/robot_ws/install/unique_identifier_msgs/local/lib/python3.10/dist-packages/unique_identifier_msgs/unique_identifier_msgs_s__rosidl_typesupport_fastrtps_c.cpython-310-x86_64-linux-gnu.so
[6.243s] -- Up-to-date: /home/robot/app/robot_ws/install/unique_identifier_msgs/local/lib/python3.10/dist-packages/unique_identifier_msgs/unique_identifier_msgs_s__rosidl_typesupport_introspection_c.cpython-310-x86_64-linux-gnu.so
[6.244s] -- Up-to-date: /home/robot/app/robot_ws/install/unique_identifier_msgs/local/lib/python3.10/dist-packages/unique_identifier_msgs/libunique_identifier_msgs__rosidl_generator_py.so
[6.244s] -- Up-to-date: /home/robot/app/robot_ws/install/unique_identifier_msgs/local/lib/python3.10/dist-packages/unique_identifier_msgs/_unique_identifier_msgs_s.ep.rosidl_typesupport_introspection_c.c
[6.244s] -- Up-to-date: /home/robot/app/robot_ws/install/unique_identifier_msgs/local/lib/python3.10/dist-packages/unique_identifier_msgs/_unique_identifier_msgs_s.ep.rosidl_typesupport_fastrtps_c.c
[6.246s] -- Up-to-date: /home/robot/app/robot_ws/install/unique_identifier_msgs/local/lib/python3.10/dist-packages/unique_identifier_msgs/msg
[6.247s] -- Up-to-date: /home/robot/app/robot_ws/install/unique_identifier_msgs/local/lib/python3.10/dist-packages/unique_identifier_msgs/msg/__init__.py
[6.255s] -- Up-to-date: /home/robot/app/robot_ws/install/unique_identifier_msgs/local/lib/python3.10/dist-packages/unique_identifier_msgs/msg/_uuid_s.c
[6.255s] -- Up-to-date: /home/robot/app/robot_ws/install/unique_identifier_msgs/local/lib/python3.10/dist-packages/unique_identifier_msgs/msg/_uuid.py
[6.255s] -- Up-to-date: /home/robot/app/robot_ws/install/unique_identifier_msgs/local/lib/python3.10/dist-packages/unique_identifier_msgs/unique_identifier_msgs_s__rosidl_typesupport_c.cpython-310-x86_64-linux-gnu.so
[6.355s] Listing '/home/robot/app/robot_ws/install/unique_identifier_msgs/local/lib/python3.10/dist-packages/unique_identifier_msgs'...
[6.356s] Compiling '/home/robot/app/robot_ws/install/unique_identifier_msgs/local/lib/python3.10/dist-packages/unique_identifier_msgs/__init__.py'...
[6.356s] Listing '/home/robot/app/robot_ws/install/unique_identifier_msgs/local/lib/python3.10/dist-packages/unique_identifier_msgs/msg'...
[6.371s] -- Up-to-date: /home/robot/app/robot_ws/install/unique_identifier_msgs/local/lib/python3.10/dist-packages/unique_identifier_msgs/unique_identifier_msgs_s__rosidl_typesupport_microxrcedds_c.cpython-310-x86_64-linux-gnu.so
[6.373s] -- Up-to-date: /home/robot/app/robot_ws/install/unique_identifier_msgs/local/lib/python3.10/dist-packages/unique_identifier_msgs/unique_identifier_msgs_s__rosidl_typesupport_fastrtps_c.cpython-310-x86_64-linux-gnu.so
[6.373s] -- Up-to-date: /home/robot/app/robot_ws/install/unique_identifier_msgs/local/lib/python3.10/dist-packages/unique_identifier_msgs/unique_identifier_msgs_s__rosidl_typesupport_introspection_c.cpython-310-x86_64-linux-gnu.so
[6.374s] -- Up-to-date: /home/robot/app/robot_ws/install/unique_identifier_msgs/local/lib/python3.10/dist-packages/unique_identifier_msgs/unique_identifier_msgs_s__rosidl_typesupport_c.cpython-310-x86_64-linux-gnu.so
[6.374s] -- Up-to-date: /home/robot/app/robot_ws/install/unique_identifier_msgs/lib/libunique_identifier_msgs__rosidl_generator_py.so
[6.374s] -- Up-to-date: /home/robot/app/robot_ws/install/unique_identifier_msgs/share/unique_identifier_msgs/msg/UUID.idl
[6.374s] -- Up-to-date: /home/robot/app/robot_ws/install/unique_identifier_msgs/share/unique_identifier_msgs/msg/UUID.msg
[6.375s] -- Up-to-date: /home/robot/app/robot_ws/install/unique_identifier_msgs/share/ament_index/resource_index/package_run_dependencies/unique_identifier_msgs
[6.379s] -- Installing: /home/robot/app/robot_ws/install/unique_identifier_msgs/share/ament_index/resource_index/parent_prefix_path/unique_identifier_msgs
[6.379s] -- Up-to-date: /home/robot/app/robot_ws/install/unique_identifier_msgs/share/unique_identifier_msgs/environment/ament_prefix_path.sh
[6.379s] -- Installing: /home/robot/app/robot_ws/install/unique_identifier_msgs/share/unique_identifier_msgs/environment/ament_prefix_path.dsv
[6.379s] -- Up-to-date: /home/robot/app/robot_ws/install/unique_identifier_msgs/share/unique_identifier_msgs/environment/path.sh
[6.379s] -- Installing: /home/robot/app/robot_ws/install/unique_identifier_msgs/share/unique_identifier_msgs/environment/path.dsv
[6.380s] -- Up-to-date: /home/robot/app/robot_ws/install/unique_identifier_msgs/share/unique_identifier_msgs/local_setup.bash
[6.380s] -- Up-to-date: /home/robot/app/robot_ws/install/unique_identifier_msgs/share/unique_identifier_msgs/local_setup.sh
[6.380s] -- Up-to-date: /home/robot/app/robot_ws/install/unique_identifier_msgs/share/unique_identifier_msgs/local_setup.zsh
[6.380s] -- Installing: /home/robot/app/robot_ws/install/unique_identifier_msgs/share/unique_identifier_msgs/local_setup.dsv
[6.380s] -- Installing: /home/robot/app/robot_ws/install/unique_identifier_msgs/share/unique_identifier_msgs/package.dsv
[6.380s] -- Up-to-date: /home/robot/app/robot_ws/install/unique_identifier_msgs/share/ament_index/resource_index/packages/unique_identifier_msgs
[6.380s] -- Up-to-date: /home/robot/app/robot_ws/install/unique_identifier_msgs/share/unique_identifier_msgs/cmake/export_unique_identifier_msgs__rosidl_generator_cExport.cmake
[6.380s] -- Up-to-date: /home/robot/app/robot_ws/install/unique_identifier_msgs/share/unique_identifier_msgs/cmake/export_unique_identifier_msgs__rosidl_generator_cExport-noconfig.cmake
[6.380s] -- Up-to-date: /home/robot/app/robot_ws/install/unique_identifier_msgs/share/unique_identifier_msgs/cmake/export_unique_identifier_msgs__rosidl_typesupport_fastrtps_cExport.cmake
[6.381s] -- Up-to-date: /home/robot/app/robot_ws/install/unique_identifier_msgs/share/unique_identifier_msgs/cmake/export_unique_identifier_msgs__rosidl_typesupport_fastrtps_cExport-noconfig.cmake
[6.381s] -- Up-to-date: /home/robot/app/robot_ws/install/unique_identifier_msgs/share/unique_identifier_msgs/cmake/unique_identifier_msgs__rosidl_typesupport_introspection_cExport.cmake
[6.381s] -- Up-to-date: /home/robot/app/robot_ws/install/unique_identifier_msgs/share/unique_identifier_msgs/cmake/unique_identifier_msgs__rosidl_typesupport_introspection_cExport-noconfig.cmake
[6.381s] -- Up-to-date: /home/robot/app/robot_ws/install/unique_identifier_msgs/share/unique_identifier_msgs/cmake/unique_identifier_msgs__rosidl_typesupport_cExport.cmake
[6.381s] -- Up-to-date: /home/robot/app/robot_ws/install/unique_identifier_msgs/share/unique_identifier_msgs/cmake/unique_identifier_msgs__rosidl_typesupport_cExport-noconfig.cmake
[6.381s] -- Up-to-date: /home/robot/app/robot_ws/install/unique_identifier_msgs/share/unique_identifier_msgs/cmake/export_unique_identifier_msgs__rosidl_generator_cppExport.cmake
[6.381s] -- Up-to-date: /home/robot/app/robot_ws/install/unique_identifier_msgs/share/unique_identifier_msgs/cmake/export_unique_identifier_msgs__rosidl_typesupport_fastrtps_cppExport.cmake
[6.383s] -- Up-to-date: /home/robot/app/robot_ws/install/unique_identifier_msgs/share/unique_identifier_msgs/cmake/export_unique_identifier_msgs__rosidl_typesupport_fastrtps_cppExport-noconfig.cmake
[6.383s] -- Up-to-date: /home/robot/app/robot_ws/install/unique_identifier_msgs/share/unique_identifier_msgs/cmake/unique_identifier_msgs__rosidl_typesupport_introspection_cppExport.cmake
[6.384s] -- Up-to-date: /home/robot/app/robot_ws/install/unique_identifier_msgs/share/unique_identifier_msgs/cmake/unique_identifier_msgs__rosidl_typesupport_introspection_cppExport-noconfig.cmake
[6.384s] -- Up-to-date: /home/robot/app/robot_ws/install/unique_identifier_msgs/share/unique_identifier_msgs/cmake/unique_identifier_msgs__rosidl_typesupport_cppExport.cmake
[6.384s] -- Up-to-date: /home/robot/app/robot_ws/install/unique_identifier_msgs/share/unique_identifier_msgs/cmake/unique_identifier_msgs__rosidl_typesupport_cppExport-noconfig.cmake
[6.384s] -- Up-to-date: /home/robot/app/robot_ws/install/unique_identifier_msgs/share/unique_identifier_msgs/cmake/export_unique_identifier_msgs__rosidl_generator_pyExport.cmake
[6.385s] -- Up-to-date: /home/robot/app/robot_ws/install/unique_identifier_msgs/share/unique_identifier_msgs/cmake/export_unique_identifier_msgs__rosidl_generator_pyExport-noconfig.cmake
[6.385s] -- Up-to-date: /home/robot/app/robot_ws/install/unique_identifier_msgs/share/unique_identifier_msgs/cmake/rosidl_cmake-extras.cmake
[6.385s] -- Up-to-date: /home/robot/app/robot_ws/install/unique_identifier_msgs/share/unique_identifier_msgs/cmake/ament_cmake_export_include_directories-extras.cmake
[6.385s] -- Up-to-date: /home/robot/app/robot_ws/install/unique_identifier_msgs/share/unique_identifier_msgs/cmake/ament_cmake_export_libraries-extras.cmake
[6.385s] -- Up-to-date: /home/robot/app/robot_ws/install/unique_identifier_msgs/share/unique_identifier_msgs/cmake/ament_cmake_export_targets-extras.cmake
[6.385s] -- Up-to-date: /home/robot/app/robot_ws/install/unique_identifier_msgs/share/unique_identifier_msgs/cmake/rosidl_cmake_export_typesupport_targets-extras.cmake
[6.385s] -- Up-to-date: /home/robot/app/robot_ws/install/unique_identifier_msgs/share/unique_identifier_msgs/cmake/ament_cmake_export_dependencies-extras.cmake
[6.386s] -- Up-to-date: /home/robot/app/robot_ws/install/unique_identifier_msgs/share/unique_identifier_msgs/cmake/rosidl_cmake_export_typesupport_libraries-extras.cmake
[6.386s] -- Up-to-date: /home/robot/app/robot_ws/install/unique_identifier_msgs/share/unique_identifier_msgs/cmake/unique_identifier_msgsConfig.cmake
[6.386s] -- Up-to-date: /home/robot/app/robot_ws/install/unique_identifier_msgs/share/unique_identifier_msgs/cmake/unique_identifier_msgsConfig-version.cmake
[6.386s] -- Up-to-date: /home/robot/app/robot_ws/install/unique_identifier_msgs/share/unique_identifier_msgs/package.xml
[6.386s] -- Up-to-date: /home/robot/app/robot_ws/install/unique_identifier_msgs/share/unique_identifier_msgs/mapping_rules.yaml
[6.418s] Invoked command in '/home/robot/app/robot_ws/build/unique_identifier_msgs' returned '0': CMAKE_PREFIX_PATH=${CMAKE_PREFIX_PATH}:/home/robot/app/robot_ws/install/sensor_msgs_py:/opt/ros/humble /usr/bin/cmake --install /home/robot/app/robot_ws/build/unique_identifier_msgs
