-- Found ament_cmake: 1.3.10 (/opt/ros/humble/share/ament_cmake/cmake)
-- Found rosidl_default_generators: 1.2.0 (/opt/ros/humble/share/rosidl_default_generators/cmake)
-- Using all available rosidl_typesupport_c: rosidl_typesupport_microxrcedds_c;rosidl_typesupport_fastrtps_c;rosidl_typesupport_introspection_c
-- Found rosidl_adapter: 3.1.5 (/opt/ros/humble/share/rosidl_adapter/cmake)
-- Using all available rosidl_typesupport_cpp: rosidl_typesupport_microxrcedds_cpp;rosidl_typesupport_fastrtps_cpp;rosidl_typesupport_introspection_cpp
-- Found builtin_interfaces: 1.2.1 (/home/robot/app/robot_ws/install/builtin_interfaces/share/builtin_interfaces/cmake)
-- Found ament_cmake_ros: 0.10.0 (/opt/ros/humble/share/ament_cmake_ros/cmake)
-- Using all available rosidl_typesupport_c: rosidl_typesupport_microxrcedds_c;rosidl_typesupport_fastrtps_c;rosidl_typesupport_introspection_c
-- Using all available rosidl_typesupport_cpp: rosidl_typesupport_microxrcedds_cpp;rosidl_typesupport_fastrtps_cpp;rosidl_typesupport_introspection_cpp
-- Found python_cmake_module: 0.10.0 (/opt/ros/humble/share/python_cmake_module/cmake)
-- Using PYTHON_EXECUTABLE: /usr/bin/python3
-- Using PYTHON_INCLUDE_DIRS: /usr/include/python3.10
-- Using PYTHON_LIBRARIES: /usr/lib/x86_64-linux-gnu/libpython3.10.so
-- Configuring done
-- Generating done
-- Build files have been written to: /home/robot/app/robot_ws/build/rcl_interfaces
[  0%] Built target rcl_interfaces__cpp
[  0%] Built target ament_cmake_python_copy_rcl_interfaces
[35m[1mConsolidate compiler generated dependencies of target rcl_interfaces__rosidl_typesupport_introspection_cpp[0m
[  9%] Built target rcl_interfaces__rosidl_typesupport_introspection_cpp
running egg_info
writing rcl_interfaces.egg-info/PKG-INFO
writing dependency_links to rcl_interfaces.egg-info/dependency_links.txt
writing top-level names to rcl_interfaces.egg-info/top_level.txt
reading manifest file 'rcl_interfaces.egg-info/SOURCES.txt'
writing manifest file 'rcl_interfaces.egg-info/SOURCES.txt'
[  9%] Built target ament_cmake_python_build_rcl_interfaces_egg
[35m[1mConsolidate compiler generated dependencies of target rcl_interfaces__rosidl_typesupport_fastrtps_cpp[0m
[ 18%] Built target rcl_interfaces__rosidl_typesupport_fastrtps_cpp
[35m[1mConsolidate compiler generated dependencies of target rcl_interfaces__rosidl_typesupport_microxrcedds_cpp[0m
[ 28%] Built target rcl_interfaces__rosidl_typesupport_microxrcedds_cpp
[35m[1mConsolidate compiler generated dependencies of target rcl_interfaces__rosidl_typesupport_cpp[0m
[ 37%] Built target rcl_interfaces__rosidl_typesupport_cpp
[35m[1mConsolidate compiler generated dependencies of target rcl_interfaces__rosidl_generator_c[0m
[ 46%] Built target rcl_interfaces__rosidl_generator_c
[35m[1mConsolidate compiler generated dependencies of target rcl_interfaces__rosidl_typesupport_microxrcedds_c[0m
[ 56%] Built target rcl_interfaces__rosidl_typesupport_microxrcedds_c
[35m[1mConsolidate compiler generated dependencies of target rcl_interfaces__rosidl_typesupport_c[0m
[ 66%] Built target rcl_interfaces__rosidl_typesupport_c
[35m[1mConsolidate compiler generated dependencies of target rcl_interfaces__rosidl_typesupport_introspection_c[0m
[ 76%] Built target rcl_interfaces__rosidl_typesupport_introspection_c
[35m[1mConsolidate compiler generated dependencies of target rcl_interfaces__rosidl_typesupport_fastrtps_c[0m
[ 86%] Built target rcl_interfaces__rosidl_typesupport_fastrtps_c
[ 86%] Built target rcl_interfaces
[ 87%] Built target rcl_interfaces__py
[35m[1mConsolidate compiler generated dependencies of target rcl_interfaces__rosidl_generator_py[0m
[ 96%] Built target rcl_interfaces__rosidl_generator_py
[35m[1mConsolidate compiler generated dependencies of target rcl_interfaces__rosidl_typesupport_microxrcedds_c__pyext[0m
[ 97%] Built target rcl_interfaces__rosidl_typesupport_microxrcedds_c__pyext
[35m[1mConsolidate compiler generated dependencies of target rcl_interfaces__rosidl_typesupport_c__pyext[0m
[ 98%] Built target rcl_interfaces__rosidl_typesupport_c__pyext
[35m[1mConsolidate compiler generated dependencies of target rcl_interfaces__rosidl_typesupport_introspection_c__pyext[0m
[ 99%] Built target rcl_interfaces__rosidl_typesupport_introspection_c__pyext
[35m[1mConsolidate compiler generated dependencies of target rcl_interfaces__rosidl_typesupport_fastrtps_c__pyext[0m
[100%] Built target rcl_interfaces__rosidl_typesupport_fastrtps_c__pyext
-- Install configuration: ""
-- Up-to-date: /home/robot/app/robot_ws/install/rcl_interfaces/share/ament_index/resource_index/rosidl_interfaces/rcl_interfaces
-- Up-to-date: /home/robot/app/robot_ws/install/rcl_interfaces/include/rcl_interfaces/rcl_interfaces
-- Up-to-date: /home/robot/app/robot_ws/install/rcl_interfaces/include/rcl_interfaces/rcl_interfaces/srv
-- Up-to-date: /home/robot/app/robot_ws/install/rcl_interfaces/include/rcl_interfaces/rcl_interfaces/srv/set_parameters_atomically.h
-- Up-to-date: /home/robot/app/robot_ws/install/rcl_interfaces/include/rcl_interfaces/rcl_interfaces/srv/detail
-- Up-to-date: /home/robot/app/robot_ws/install/rcl_interfaces/include/rcl_interfaces/rcl_interfaces/srv/detail/describe_parameters__struct.h
-- Up-to-date: /home/robot/app/robot_ws/install/rcl_interfaces/include/rcl_interfaces/rcl_interfaces/srv/detail/get_parameter_types__type_support.h
-- Up-to-date: /home/robot/app/robot_ws/install/rcl_interfaces/include/rcl_interfaces/rcl_interfaces/srv/detail/get_parameter_types__functions.h
-- Up-to-date: /home/robot/app/robot_ws/install/rcl_interfaces/include/rcl_interfaces/rcl_interfaces/srv/detail/set_parameters__functions.c
-- Up-to-date: /home/robot/app/robot_ws/install/rcl_interfaces/include/rcl_interfaces/rcl_interfaces/srv/detail/set_parameters_atomically__struct.h
-- Up-to-date: /home/robot/app/robot_ws/install/rcl_interfaces/include/rcl_interfaces/rcl_interfaces/srv/detail/list_parameters__struct.h
-- Up-to-date: /home/robot/app/robot_ws/install/rcl_interfaces/include/rcl_interfaces/rcl_interfaces/srv/detail/set_parameters_atomically__type_support.h
-- Up-to-date: /home/robot/app/robot_ws/install/rcl_interfaces/include/rcl_interfaces/rcl_interfaces/srv/detail/describe_parameters__functions.h
-- Up-to-date: /home/robot/app/robot_ws/install/rcl_interfaces/include/rcl_interfaces/rcl_interfaces/srv/detail/set_parameters_atomically__functions.c
-- Up-to-date: /home/robot/app/robot_ws/install/rcl_interfaces/include/rcl_interfaces/rcl_interfaces/srv/detail/set_parameters__type_support.h
-- Up-to-date: /home/robot/app/robot_ws/install/rcl_interfaces/include/rcl_interfaces/rcl_interfaces/srv/detail/describe_parameters__functions.c
-- Up-to-date: /home/robot/app/robot_ws/install/rcl_interfaces/include/rcl_interfaces/rcl_interfaces/srv/detail/list_parameters__type_support.h
-- Up-to-date: /home/robot/app/robot_ws/install/rcl_interfaces/include/rcl_interfaces/rcl_interfaces/srv/detail/get_parameters__functions.h
-- Up-to-date: /home/robot/app/robot_ws/install/rcl_interfaces/include/rcl_interfaces/rcl_interfaces/srv/detail/set_parameters__struct.h
-- Up-to-date: /home/robot/app/robot_ws/install/rcl_interfaces/include/rcl_interfaces/rcl_interfaces/srv/detail/describe_parameters__type_support.h
-- Up-to-date: /home/robot/app/robot_ws/install/rcl_interfaces/include/rcl_interfaces/rcl_interfaces/srv/detail/set_parameters__functions.h
-- Up-to-date: /home/robot/app/robot_ws/install/rcl_interfaces/include/rcl_interfaces/rcl_interfaces/srv/detail/set_parameters_atomically__functions.h
-- Up-to-date: /home/robot/app/robot_ws/install/rcl_interfaces/include/rcl_interfaces/rcl_interfaces/srv/detail/list_parameters__functions.c
-- Up-to-date: /home/robot/app/robot_ws/install/rcl_interfaces/include/rcl_interfaces/rcl_interfaces/srv/detail/get_parameters__struct.h
-- Up-to-date: /home/robot/app/robot_ws/install/rcl_interfaces/include/rcl_interfaces/rcl_interfaces/srv/detail/get_parameters__type_support.h
-- Up-to-date: /home/robot/app/robot_ws/install/rcl_interfaces/include/rcl_interfaces/rcl_interfaces/srv/detail/get_parameter_types__functions.c
-- Up-to-date: /home/robot/app/robot_ws/install/rcl_interfaces/include/rcl_interfaces/rcl_interfaces/srv/detail/get_parameters__functions.c
-- Up-to-date: /home/robot/app/robot_ws/install/rcl_interfaces/include/rcl_interfaces/rcl_interfaces/srv/detail/list_parameters__functions.h
-- Up-to-date: /home/robot/app/robot_ws/install/rcl_interfaces/include/rcl_interfaces/rcl_interfaces/srv/detail/get_parameter_types__struct.h
-- Up-to-date: /home/robot/app/robot_ws/install/rcl_interfaces/include/rcl_interfaces/rcl_interfaces/srv/list_parameters.h
-- Up-to-date: /home/robot/app/robot_ws/install/rcl_interfaces/include/rcl_interfaces/rcl_interfaces/srv/set_parameters.h
-- Up-to-date: /home/robot/app/robot_ws/install/rcl_interfaces/include/rcl_interfaces/rcl_interfaces/srv/describe_parameters.h
-- Up-to-date: /home/robot/app/robot_ws/install/rcl_interfaces/include/rcl_interfaces/rcl_interfaces/srv/get_parameter_types.h
-- Up-to-date: /home/robot/app/robot_ws/install/rcl_interfaces/include/rcl_interfaces/rcl_interfaces/srv/get_parameters.h
-- Up-to-date: /home/robot/app/robot_ws/install/rcl_interfaces/include/rcl_interfaces/rcl_interfaces/msg
-- Up-to-date: /home/robot/app/robot_ws/install/rcl_interfaces/include/rcl_interfaces/rcl_interfaces/msg/parameter.h
-- Up-to-date: /home/robot/app/robot_ws/install/rcl_interfaces/include/rcl_interfaces/rcl_interfaces/msg/parameter_type.h
-- Up-to-date: /home/robot/app/robot_ws/install/rcl_interfaces/include/rcl_interfaces/rcl_interfaces/msg/parameter_descriptor.h
-- Up-to-date: /home/robot/app/robot_ws/install/rcl_interfaces/include/rcl_interfaces/rcl_interfaces/msg/integer_range.h
-- Up-to-date: /home/robot/app/robot_ws/install/rcl_interfaces/include/rcl_interfaces/rcl_interfaces/msg/parameter_value.h
-- Up-to-date: /home/robot/app/robot_ws/install/rcl_interfaces/include/rcl_interfaces/rcl_interfaces/msg/log.h
-- Up-to-date: /home/robot/app/robot_ws/install/rcl_interfaces/include/rcl_interfaces/rcl_interfaces/msg/detail
-- Up-to-date: /home/robot/app/robot_ws/install/rcl_interfaces/include/rcl_interfaces/rcl_interfaces/msg/detail/parameter_type__functions.c
-- Up-to-date: /home/robot/app/robot_ws/install/rcl_interfaces/include/rcl_interfaces/rcl_interfaces/msg/detail/parameter_descriptor__functions.c
-- Up-to-date: /home/robot/app/robot_ws/install/rcl_interfaces/include/rcl_interfaces/rcl_interfaces/msg/detail/parameter_event__struct.h
-- Up-to-date: /home/robot/app/robot_ws/install/rcl_interfaces/include/rcl_interfaces/rcl_interfaces/msg/detail/parameter__struct.h
-- Up-to-date: /home/robot/app/robot_ws/install/rcl_interfaces/include/rcl_interfaces/rcl_interfaces/msg/detail/integer_range__struct.h
-- Up-to-date: /home/robot/app/robot_ws/install/rcl_interfaces/include/rcl_interfaces/rcl_interfaces/msg/detail/list_parameters_result__type_support.h
-- Up-to-date: /home/robot/app/robot_ws/install/rcl_interfaces/include/rcl_interfaces/rcl_interfaces/msg/detail/log__struct.h
-- Up-to-date: /home/robot/app/robot_ws/install/rcl_interfaces/include/rcl_interfaces/rcl_interfaces/msg/detail/parameter_value__struct.h
-- Up-to-date: /home/robot/app/robot_ws/install/rcl_interfaces/include/rcl_interfaces/rcl_interfaces/msg/detail/set_parameters_result__functions.h
-- Up-to-date: /home/robot/app/robot_ws/install/rcl_interfaces/include/rcl_interfaces/rcl_interfaces/msg/detail/parameter_event_descriptors__type_support.h
-- Up-to-date: /home/robot/app/robot_ws/install/rcl_interfaces/include/rcl_interfaces/rcl_interfaces/msg/detail/parameter_event__type_support.h
-- Up-to-date: /home/robot/app/robot_ws/install/rcl_interfaces/include/rcl_interfaces/rcl_interfaces/msg/detail/integer_range__type_support.h
-- Up-to-date: /home/robot/app/robot_ws/install/rcl_interfaces/include/rcl_interfaces/rcl_interfaces/msg/detail/parameter_type__type_support.h
-- Up-to-date: /home/robot/app/robot_ws/install/rcl_interfaces/include/rcl_interfaces/rcl_interfaces/msg/detail/parameter_descriptor__struct.h
-- Up-to-date: /home/robot/app/robot_ws/install/rcl_interfaces/include/rcl_interfaces/rcl_interfaces/msg/detail/log__functions.h
-- Up-to-date: /home/robot/app/robot_ws/install/rcl_interfaces/include/rcl_interfaces/rcl_interfaces/msg/detail/integer_range__functions.c
-- Up-to-date: /home/robot/app/robot_ws/install/rcl_interfaces/include/rcl_interfaces/rcl_interfaces/msg/detail/parameter__functions.c
-- Up-to-date: /home/robot/app/robot_ws/install/rcl_interfaces/include/rcl_interfaces/rcl_interfaces/msg/detail/log__functions.c
-- Up-to-date: /home/robot/app/robot_ws/install/rcl_interfaces/include/rcl_interfaces/rcl_interfaces/msg/detail/parameter_event_descriptors__functions.c
-- Up-to-date: /home/robot/app/robot_ws/install/rcl_interfaces/include/rcl_interfaces/rcl_interfaces/msg/detail/list_parameters_result__functions.h
-- Up-to-date: /home/robot/app/robot_ws/install/rcl_interfaces/include/rcl_interfaces/rcl_interfaces/msg/detail/floating_point_range__struct.h
-- Up-to-date: /home/robot/app/robot_ws/install/rcl_interfaces/include/rcl_interfaces/rcl_interfaces/msg/detail/set_parameters_result__type_support.h
-- Up-to-date: /home/robot/app/robot_ws/install/rcl_interfaces/include/rcl_interfaces/rcl_interfaces/msg/detail/list_parameters_result__struct.h
-- Up-to-date: /home/robot/app/robot_ws/install/rcl_interfaces/include/rcl_interfaces/rcl_interfaces/msg/detail/set_parameters_result__functions.c
-- Up-to-date: /home/robot/app/robot_ws/install/rcl_interfaces/include/rcl_interfaces/rcl_interfaces/msg/detail/floating_point_range__functions.h
-- Up-to-date: /home/robot/app/robot_ws/install/rcl_interfaces/include/rcl_interfaces/rcl_interfaces/msg/detail/list_parameters_result__functions.c
-- Up-to-date: /home/robot/app/robot_ws/install/rcl_interfaces/include/rcl_interfaces/rcl_interfaces/msg/detail/parameter_event_descriptors__struct.h
-- Up-to-date: /home/robot/app/robot_ws/install/rcl_interfaces/include/rcl_interfaces/rcl_interfaces/msg/detail/parameter_descriptor__functions.h
-- Up-to-date: /home/robot/app/robot_ws/install/rcl_interfaces/include/rcl_interfaces/rcl_interfaces/msg/detail/parameter_event_descriptors__functions.h
-- Up-to-date: /home/robot/app/robot_ws/install/rcl_interfaces/include/rcl_interfaces/rcl_interfaces/msg/detail/parameter_event__functions.c
-- Up-to-date: /home/robot/app/robot_ws/install/rcl_interfaces/include/rcl_interfaces/rcl_interfaces/msg/detail/parameter_value__functions.h
-- Up-to-date: /home/robot/app/robot_ws/install/rcl_interfaces/include/rcl_interfaces/rcl_interfaces/msg/detail/integer_range__functions.h
-- Up-to-date: /home/robot/app/robot_ws/install/rcl_interfaces/include/rcl_interfaces/rcl_interfaces/msg/detail/parameter__type_support.h
-- Up-to-date: /home/robot/app/robot_ws/install/rcl_interfaces/include/rcl_interfaces/rcl_interfaces/msg/detail/log__type_support.h
-- Up-to-date: /home/robot/app/robot_ws/install/rcl_interfaces/include/rcl_interfaces/rcl_interfaces/msg/detail/floating_point_range__type_support.h
-- Up-to-date: /home/robot/app/robot_ws/install/rcl_interfaces/include/rcl_interfaces/rcl_interfaces/msg/detail/parameter_descriptor__type_support.h
-- Up-to-date: /home/robot/app/robot_ws/install/rcl_interfaces/include/rcl_interfaces/rcl_interfaces/msg/detail/set_parameters_result__struct.h
-- Up-to-date: /home/robot/app/robot_ws/install/rcl_interfaces/include/rcl_interfaces/rcl_interfaces/msg/detail/parameter__functions.h
-- Up-to-date: /home/robot/app/robot_ws/install/rcl_interfaces/include/rcl_interfaces/rcl_interfaces/msg/detail/parameter_type__functions.h
-- Up-to-date: /home/robot/app/robot_ws/install/rcl_interfaces/include/rcl_interfaces/rcl_interfaces/msg/detail/parameter_event__functions.h
-- Up-to-date: /home/robot/app/robot_ws/install/rcl_interfaces/include/rcl_interfaces/rcl_interfaces/msg/detail/parameter_value__type_support.h
-- Up-to-date: /home/robot/app/robot_ws/install/rcl_interfaces/include/rcl_interfaces/rcl_interfaces/msg/detail/parameter_value__functions.c
-- Up-to-date: /home/robot/app/robot_ws/install/rcl_interfaces/include/rcl_interfaces/rcl_interfaces/msg/detail/floating_point_range__functions.c
-- Up-to-date: /home/robot/app/robot_ws/install/rcl_interfaces/include/rcl_interfaces/rcl_interfaces/msg/detail/parameter_type__struct.h
-- Up-to-date: /home/robot/app/robot_ws/install/rcl_interfaces/include/rcl_interfaces/rcl_interfaces/msg/parameter_event_descriptors.h
-- Up-to-date: /home/robot/app/robot_ws/install/rcl_interfaces/include/rcl_interfaces/rcl_interfaces/msg/set_parameters_result.h
-- Up-to-date: /home/robot/app/robot_ws/install/rcl_interfaces/include/rcl_interfaces/rcl_interfaces/msg/floating_point_range.h
-- Up-to-date: /home/robot/app/robot_ws/install/rcl_interfaces/include/rcl_interfaces/rcl_interfaces/msg/parameter_event.h
-- Up-to-date: /home/robot/app/robot_ws/install/rcl_interfaces/include/rcl_interfaces/rcl_interfaces/msg/list_parameters_result.h
-- Up-to-date: /home/robot/app/robot_ws/install/rcl_interfaces/include/rcl_interfaces/rcl_interfaces/msg/rosidl_generator_c__visibility_control.h
-- Up-to-date: /home/robot/app/robot_ws/install/rcl_interfaces/share/rcl_interfaces/environment/library_path.sh
-- Installing: /home/robot/app/robot_ws/install/rcl_interfaces/share/rcl_interfaces/environment/library_path.dsv
-- Up-to-date: /home/robot/app/robot_ws/install/rcl_interfaces/lib/librcl_interfaces__rosidl_generator_c.so
-- Up-to-date: /home/robot/app/robot_ws/install/rcl_interfaces/include/rcl_interfaces
-- Up-to-date: /home/robot/app/robot_ws/install/rcl_interfaces/include/rcl_interfaces/srv
-- Up-to-date: /home/robot/app/robot_ws/install/rcl_interfaces/include/rcl_interfaces/srv/detail
-- Up-to-date: /home/robot/app/robot_ws/install/rcl_interfaces/include/rcl_interfaces/srv/detail/get_parameter_types__rosidl_typesupport_microxrcedds_c.h
-- Up-to-date: /home/robot/app/robot_ws/install/rcl_interfaces/include/rcl_interfaces/srv/detail/describe_parameters__rosidl_typesupport_microxrcedds_c.h
-- Up-to-date: /home/robot/app/robot_ws/install/rcl_interfaces/include/rcl_interfaces/srv/detail/list_parameters__rosidl_typesupport_microxrcedds_c.h
-- Up-to-date: /home/robot/app/robot_ws/install/rcl_interfaces/include/rcl_interfaces/srv/detail/get_parameters__rosidl_typesupport_microxrcedds_c.h
-- Up-to-date: /home/robot/app/robot_ws/install/rcl_interfaces/include/rcl_interfaces/srv/detail/set_parameters_atomically__rosidl_typesupport_microxrcedds_c.h
-- Up-to-date: /home/robot/app/robot_ws/install/rcl_interfaces/include/rcl_interfaces/srv/detail/microxrcedds
-- Up-to-date: /home/robot/app/robot_ws/install/rcl_interfaces/include/rcl_interfaces/srv/detail/set_parameters__rosidl_typesupport_microxrcedds_c.h
-- Up-to-date: /home/robot/app/robot_ws/install/rcl_interfaces/include/rcl_interfaces/msg
-- Up-to-date: /home/robot/app/robot_ws/install/rcl_interfaces/include/rcl_interfaces/msg/detail
-- Up-to-date: /home/robot/app/robot_ws/install/rcl_interfaces/include/rcl_interfaces/msg/detail/parameter_event_descriptors__rosidl_typesupport_microxrcedds_c.h
-- Up-to-date: /home/robot/app/robot_ws/install/rcl_interfaces/include/rcl_interfaces/msg/detail/log__rosidl_typesupport_microxrcedds_c.h
-- Up-to-date: /home/robot/app/robot_ws/install/rcl_interfaces/include/rcl_interfaces/msg/detail/microxrcedds
-- Up-to-date: /home/robot/app/robot_ws/install/rcl_interfaces/include/rcl_interfaces/msg/detail/list_parameters_result__rosidl_typesupport_microxrcedds_c.h
-- Up-to-date: /home/robot/app/robot_ws/install/rcl_interfaces/include/rcl_interfaces/msg/detail/integer_range__rosidl_typesupport_microxrcedds_c.h
-- Up-to-date: /home/robot/app/robot_ws/install/rcl_interfaces/include/rcl_interfaces/msg/detail/set_parameters_result__rosidl_typesupport_microxrcedds_c.h
-- Up-to-date: /home/robot/app/robot_ws/install/rcl_interfaces/include/rcl_interfaces/msg/detail/parameter_type__rosidl_typesupport_microxrcedds_c.h
-- Up-to-date: /home/robot/app/robot_ws/install/rcl_interfaces/include/rcl_interfaces/msg/detail/parameter_descriptor__rosidl_typesupport_microxrcedds_c.h
-- Up-to-date: /home/robot/app/robot_ws/install/rcl_interfaces/include/rcl_interfaces/msg/detail/parameter_value__rosidl_typesupport_microxrcedds_c.h
-- Up-to-date: /home/robot/app/robot_ws/install/rcl_interfaces/include/rcl_interfaces/msg/detail/parameter__rosidl_typesupport_microxrcedds_c.h
-- Up-to-date: /home/robot/app/robot_ws/install/rcl_interfaces/include/rcl_interfaces/msg/detail/floating_point_range__rosidl_typesupport_microxrcedds_c.h
-- Up-to-date: /home/robot/app/robot_ws/install/rcl_interfaces/include/rcl_interfaces/msg/detail/parameter_event__rosidl_typesupport_microxrcedds_c.h
-- Up-to-date: /home/robot/app/robot_ws/install/rcl_interfaces/include/rcl_interfaces/msg/rosidl_typesupport_microxrcedds_c__visibility_control.h
-- Up-to-date: /home/robot/app/robot_ws/install/rcl_interfaces/lib/librcl_interfaces__rosidl_typesupport_microxrcedds_c.so
-- Up-to-date: /home/robot/app/robot_ws/install/rcl_interfaces/include/rcl_interfaces/rcl_interfaces
-- Up-to-date: /home/robot/app/robot_ws/install/rcl_interfaces/include/rcl_interfaces/rcl_interfaces/srv
-- Up-to-date: /home/robot/app/robot_ws/install/rcl_interfaces/include/rcl_interfaces/rcl_interfaces/srv/detail
-- Up-to-date: /home/robot/app/robot_ws/install/rcl_interfaces/include/rcl_interfaces/rcl_interfaces/srv/detail/set_parameters__rosidl_typesupport_fastrtps_c.h
-- Up-to-date: /home/robot/app/robot_ws/install/rcl_interfaces/include/rcl_interfaces/rcl_interfaces/srv/detail/get_parameters__rosidl_typesupport_fastrtps_c.h
-- Up-to-date: /home/robot/app/robot_ws/install/rcl_interfaces/include/rcl_interfaces/rcl_interfaces/srv/detail/list_parameters__rosidl_typesupport_fastrtps_c.h
-- Up-to-date: /home/robot/app/robot_ws/install/rcl_interfaces/include/rcl_interfaces/rcl_interfaces/srv/detail/describe_parameters__rosidl_typesupport_fastrtps_c.h
-- Up-to-date: /home/robot/app/robot_ws/install/rcl_interfaces/include/rcl_interfaces/rcl_interfaces/srv/detail/set_parameters_atomically__rosidl_typesupport_fastrtps_c.h
-- Up-to-date: /home/robot/app/robot_ws/install/rcl_interfaces/include/rcl_interfaces/rcl_interfaces/srv/detail/get_parameter_types__rosidl_typesupport_fastrtps_c.h
-- Up-to-date: /home/robot/app/robot_ws/install/rcl_interfaces/include/rcl_interfaces/rcl_interfaces/msg
-- Up-to-date: /home/robot/app/robot_ws/install/rcl_interfaces/include/rcl_interfaces/rcl_interfaces/msg/detail
-- Up-to-date: /home/robot/app/robot_ws/install/rcl_interfaces/include/rcl_interfaces/rcl_interfaces/msg/detail/set_parameters_result__rosidl_typesupport_fastrtps_c.h
-- Up-to-date: /home/robot/app/robot_ws/install/rcl_interfaces/include/rcl_interfaces/rcl_interfaces/msg/detail/parameter__rosidl_typesupport_fastrtps_c.h
-- Up-to-date: /home/robot/app/robot_ws/install/rcl_interfaces/include/rcl_interfaces/rcl_interfaces/msg/detail/parameter_type__rosidl_typesupport_fastrtps_c.h
-- Up-to-date: /home/robot/app/robot_ws/install/rcl_interfaces/include/rcl_interfaces/rcl_interfaces/msg/detail/parameter_descriptor__rosidl_typesupport_fastrtps_c.h
-- Up-to-date: /home/robot/app/robot_ws/install/rcl_interfaces/include/rcl_interfaces/rcl_interfaces/msg/detail/parameter_event__rosidl_typesupport_fastrtps_c.h
-- Up-to-date: /home/robot/app/robot_ws/install/rcl_interfaces/include/rcl_interfaces/rcl_interfaces/msg/detail/parameter_value__rosidl_typesupport_fastrtps_c.h
-- Up-to-date: /home/robot/app/robot_ws/install/rcl_interfaces/include/rcl_interfaces/rcl_interfaces/msg/detail/list_parameters_result__rosidl_typesupport_fastrtps_c.h
-- Up-to-date: /home/robot/app/robot_ws/install/rcl_interfaces/include/rcl_interfaces/rcl_interfaces/msg/detail/parameter_event_descriptors__rosidl_typesupport_fastrtps_c.h
-- Up-to-date: /home/robot/app/robot_ws/install/rcl_interfaces/include/rcl_interfaces/rcl_interfaces/msg/detail/floating_point_range__rosidl_typesupport_fastrtps_c.h
-- Up-to-date: /home/robot/app/robot_ws/install/rcl_interfaces/include/rcl_interfaces/rcl_interfaces/msg/detail/integer_range__rosidl_typesupport_fastrtps_c.h
-- Up-to-date: /home/robot/app/robot_ws/install/rcl_interfaces/include/rcl_interfaces/rcl_interfaces/msg/detail/log__rosidl_typesupport_fastrtps_c.h
-- Up-to-date: /home/robot/app/robot_ws/install/rcl_interfaces/include/rcl_interfaces/rcl_interfaces/msg/rosidl_typesupport_fastrtps_c__visibility_control.h
-- Up-to-date: /home/robot/app/robot_ws/install/rcl_interfaces/lib/librcl_interfaces__rosidl_typesupport_fastrtps_c.so
-- Up-to-date: /home/robot/app/robot_ws/install/rcl_interfaces/include/rcl_interfaces/rcl_interfaces
-- Up-to-date: /home/robot/app/robot_ws/install/rcl_interfaces/include/rcl_interfaces/rcl_interfaces/srv
-- Up-to-date: /home/robot/app/robot_ws/install/rcl_interfaces/include/rcl_interfaces/rcl_interfaces/srv/detail
-- Up-to-date: /home/robot/app/robot_ws/install/rcl_interfaces/include/rcl_interfaces/rcl_interfaces/srv/detail/get_parameters__type_support.c
-- Up-to-date: /home/robot/app/robot_ws/install/rcl_interfaces/include/rcl_interfaces/rcl_interfaces/srv/detail/set_parameters__type_support.c
-- Up-to-date: /home/robot/app/robot_ws/install/rcl_interfaces/include/rcl_interfaces/rcl_interfaces/srv/detail/get_parameters__rosidl_typesupport_introspection_c.h
-- Up-to-date: /home/robot/app/robot_ws/install/rcl_interfaces/include/rcl_interfaces/rcl_interfaces/srv/detail/set_parameters_atomically__rosidl_typesupport_introspection_c.h
-- Up-to-date: /home/robot/app/robot_ws/install/rcl_interfaces/include/rcl_interfaces/rcl_interfaces/srv/detail/list_parameters__type_support.c
-- Up-to-date: /home/robot/app/robot_ws/install/rcl_interfaces/include/rcl_interfaces/rcl_interfaces/srv/detail/set_parameters__rosidl_typesupport_introspection_c.h
-- Up-to-date: /home/robot/app/robot_ws/install/rcl_interfaces/include/rcl_interfaces/rcl_interfaces/srv/detail/describe_parameters__type_support.c
-- Up-to-date: /home/robot/app/robot_ws/install/rcl_interfaces/include/rcl_interfaces/rcl_interfaces/srv/detail/get_parameter_types__rosidl_typesupport_introspection_c.h
-- Up-to-date: /home/robot/app/robot_ws/install/rcl_interfaces/include/rcl_interfaces/rcl_interfaces/srv/detail/set_parameters_atomically__type_support.c
-- Up-to-date: /home/robot/app/robot_ws/install/rcl_interfaces/include/rcl_interfaces/rcl_interfaces/srv/detail/describe_parameters__rosidl_typesupport_introspection_c.h
-- Up-to-date: /home/robot/app/robot_ws/install/rcl_interfaces/include/rcl_interfaces/rcl_interfaces/srv/detail/get_parameter_types__type_support.c
-- Up-to-date: /home/robot/app/robot_ws/install/rcl_interfaces/include/rcl_interfaces/rcl_interfaces/srv/detail/list_parameters__rosidl_typesupport_introspection_c.h
-- Up-to-date: /home/robot/app/robot_ws/install/rcl_interfaces/include/rcl_interfaces/rcl_interfaces/msg
-- Up-to-date: /home/robot/app/robot_ws/install/rcl_interfaces/include/rcl_interfaces/rcl_interfaces/msg/rosidl_typesupport_introspection_c__visibility_control.h
-- Up-to-date: /home/robot/app/robot_ws/install/rcl_interfaces/include/rcl_interfaces/rcl_interfaces/msg/detail
-- Up-to-date: /home/robot/app/robot_ws/install/rcl_interfaces/include/rcl_interfaces/rcl_interfaces/msg/detail/list_parameters_result__rosidl_typesupport_introspection_c.h
-- Up-to-date: /home/robot/app/robot_ws/install/rcl_interfaces/include/rcl_interfaces/rcl_interfaces/msg/detail/parameter_type__rosidl_typesupport_introspection_c.h
-- Up-to-date: /home/robot/app/robot_ws/install/rcl_interfaces/include/rcl_interfaces/rcl_interfaces/msg/detail/parameter_event_descriptors__type_support.c
-- Up-to-date: /home/robot/app/robot_ws/install/rcl_interfaces/include/rcl_interfaces/rcl_interfaces/msg/detail/integer_range__rosidl_typesupport_introspection_c.h
-- Up-to-date: /home/robot/app/robot_ws/install/rcl_interfaces/include/rcl_interfaces/rcl_interfaces/msg/detail/set_parameters_result__type_support.c
-- Up-to-date: /home/robot/app/robot_ws/install/rcl_interfaces/include/rcl_interfaces/rcl_interfaces/msg/detail/parameter_event__type_support.c
-- Up-to-date: /home/robot/app/robot_ws/install/rcl_interfaces/include/rcl_interfaces/rcl_interfaces/msg/detail/parameter_event__rosidl_typesupport_introspection_c.h
-- Up-to-date: /home/robot/app/robot_ws/install/rcl_interfaces/include/rcl_interfaces/rcl_interfaces/msg/detail/floating_point_range__rosidl_typesupport_introspection_c.h
-- Up-to-date: /home/robot/app/robot_ws/install/rcl_interfaces/include/rcl_interfaces/rcl_interfaces/msg/detail/parameter_value__rosidl_typesupport_introspection_c.h
-- Up-to-date: /home/robot/app/robot_ws/install/rcl_interfaces/include/rcl_interfaces/rcl_interfaces/msg/detail/log__type_support.c
-- Up-to-date: /home/robot/app/robot_ws/install/rcl_interfaces/include/rcl_interfaces/rcl_interfaces/msg/detail/log__rosidl_typesupport_introspection_c.h
-- Up-to-date: /home/robot/app/robot_ws/install/rcl_interfaces/include/rcl_interfaces/rcl_interfaces/msg/detail/list_parameters_result__type_support.c
-- Up-to-date: /home/robot/app/robot_ws/install/rcl_interfaces/include/rcl_interfaces/rcl_interfaces/msg/detail/parameter_type__type_support.c
-- Up-to-date: /home/robot/app/robot_ws/install/rcl_interfaces/include/rcl_interfaces/rcl_interfaces/msg/detail/parameter_value__type_support.c
-- Up-to-date: /home/robot/app/robot_ws/install/rcl_interfaces/include/rcl_interfaces/rcl_interfaces/msg/detail/parameter__rosidl_typesupport_introspection_c.h
-- Up-to-date: /home/robot/app/robot_ws/install/rcl_interfaces/include/rcl_interfaces/rcl_interfaces/msg/detail/parameter_descriptor__type_support.c
-- Up-to-date: /home/robot/app/robot_ws/install/rcl_interfaces/include/rcl_interfaces/rcl_interfaces/msg/detail/floating_point_range__type_support.c
-- Up-to-date: /home/robot/app/robot_ws/install/rcl_interfaces/include/rcl_interfaces/rcl_interfaces/msg/detail/parameter_event_descriptors__rosidl_typesupport_introspection_c.h
-- Up-to-date: /home/robot/app/robot_ws/install/rcl_interfaces/include/rcl_interfaces/rcl_interfaces/msg/detail/set_parameters_result__rosidl_typesupport_introspection_c.h
-- Up-to-date: /home/robot/app/robot_ws/install/rcl_interfaces/include/rcl_interfaces/rcl_interfaces/msg/detail/integer_range__type_support.c
-- Up-to-date: /home/robot/app/robot_ws/install/rcl_interfaces/include/rcl_interfaces/rcl_interfaces/msg/detail/parameter_descriptor__rosidl_typesupport_introspection_c.h
-- Up-to-date: /home/robot/app/robot_ws/install/rcl_interfaces/include/rcl_interfaces/rcl_interfaces/msg/detail/parameter__type_support.c
-- Up-to-date: /home/robot/app/robot_ws/install/rcl_interfaces/lib/librcl_interfaces__rosidl_typesupport_introspection_c.so
-- Up-to-date: /home/robot/app/robot_ws/install/rcl_interfaces/lib/librcl_interfaces__rosidl_typesupport_c.so
-- Up-to-date: /home/robot/app/robot_ws/install/rcl_interfaces/include/rcl_interfaces/rcl_interfaces
-- Up-to-date: /home/robot/app/robot_ws/install/rcl_interfaces/include/rcl_interfaces/rcl_interfaces/srv
-- Up-to-date: /home/robot/app/robot_ws/install/rcl_interfaces/include/rcl_interfaces/rcl_interfaces/srv/get_parameter_types.hpp
-- Up-to-date: /home/robot/app/robot_ws/install/rcl_interfaces/include/rcl_interfaces/rcl_interfaces/srv/get_parameters.hpp
-- Up-to-date: /home/robot/app/robot_ws/install/rcl_interfaces/include/rcl_interfaces/rcl_interfaces/srv/list_parameters.hpp
-- Up-to-date: /home/robot/app/robot_ws/install/rcl_interfaces/include/rcl_interfaces/rcl_interfaces/srv/set_parameters_atomically.hpp
-- Up-to-date: /home/robot/app/robot_ws/install/rcl_interfaces/include/rcl_interfaces/rcl_interfaces/srv/detail
-- Up-to-date: /home/robot/app/robot_ws/install/rcl_interfaces/include/rcl_interfaces/rcl_interfaces/srv/detail/get_parameters__builder.hpp
-- Up-to-date: /home/robot/app/robot_ws/install/rcl_interfaces/include/rcl_interfaces/rcl_interfaces/srv/detail/set_parameters_atomically__builder.hpp
-- Up-to-date: /home/robot/app/robot_ws/install/rcl_interfaces/include/rcl_interfaces/rcl_interfaces/srv/detail/get_parameter_types__builder.hpp
-- Up-to-date: /home/robot/app/robot_ws/install/rcl_interfaces/include/rcl_interfaces/rcl_interfaces/srv/detail/get_parameters__struct.hpp
-- Up-to-date: /home/robot/app/robot_ws/install/rcl_interfaces/include/rcl_interfaces/rcl_interfaces/srv/detail/describe_parameters__traits.hpp
-- Up-to-date: /home/robot/app/robot_ws/install/rcl_interfaces/include/rcl_interfaces/rcl_interfaces/srv/detail/get_parameters__traits.hpp
-- Up-to-date: /home/robot/app/robot_ws/install/rcl_interfaces/include/rcl_interfaces/rcl_interfaces/srv/detail/describe_parameters__struct.hpp
-- Up-to-date: /home/robot/app/robot_ws/install/rcl_interfaces/include/rcl_interfaces/rcl_interfaces/srv/detail/list_parameters__builder.hpp
-- Up-to-date: /home/robot/app/robot_ws/install/rcl_interfaces/include/rcl_interfaces/rcl_interfaces/srv/detail/set_parameters__traits.hpp
-- Up-to-date: /home/robot/app/robot_ws/install/rcl_interfaces/include/rcl_interfaces/rcl_interfaces/srv/detail/set_parameters__struct.hpp
-- Up-to-date: /home/robot/app/robot_ws/install/rcl_interfaces/include/rcl_interfaces/rcl_interfaces/srv/detail/get_parameter_types__traits.hpp
-- Up-to-date: /home/robot/app/robot_ws/install/rcl_interfaces/include/rcl_interfaces/rcl_interfaces/srv/detail/set_parameters__builder.hpp
-- Up-to-date: /home/robot/app/robot_ws/install/rcl_interfaces/include/rcl_interfaces/rcl_interfaces/srv/detail/set_parameters_atomically__struct.hpp
-- Up-to-date: /home/robot/app/robot_ws/install/rcl_interfaces/include/rcl_interfaces/rcl_interfaces/srv/detail/list_parameters__struct.hpp
-- Up-to-date: /home/robot/app/robot_ws/install/rcl_interfaces/include/rcl_interfaces/rcl_interfaces/srv/detail/get_parameter_types__struct.hpp
-- Up-to-date: /home/robot/app/robot_ws/install/rcl_interfaces/include/rcl_interfaces/rcl_interfaces/srv/detail/set_parameters_atomically__traits.hpp
-- Up-to-date: /home/robot/app/robot_ws/install/rcl_interfaces/include/rcl_interfaces/rcl_interfaces/srv/detail/describe_parameters__builder.hpp
-- Up-to-date: /home/robot/app/robot_ws/install/rcl_interfaces/include/rcl_interfaces/rcl_interfaces/srv/detail/list_parameters__traits.hpp
-- Up-to-date: /home/robot/app/robot_ws/install/rcl_interfaces/include/rcl_interfaces/rcl_interfaces/srv/set_parameters.hpp
-- Up-to-date: /home/robot/app/robot_ws/install/rcl_interfaces/include/rcl_interfaces/rcl_interfaces/srv/describe_parameters.hpp
-- Up-to-date: /home/robot/app/robot_ws/install/rcl_interfaces/include/rcl_interfaces/rcl_interfaces/msg
-- Up-to-date: /home/robot/app/robot_ws/install/rcl_interfaces/include/rcl_interfaces/rcl_interfaces/msg/parameter_event.hpp
-- Up-to-date: /home/robot/app/robot_ws/install/rcl_interfaces/include/rcl_interfaces/rcl_interfaces/msg/parameter.hpp
-- Up-to-date: /home/robot/app/robot_ws/install/rcl_interfaces/include/rcl_interfaces/rcl_interfaces/msg/parameter_type.hpp
-- Up-to-date: /home/robot/app/robot_ws/install/rcl_interfaces/include/rcl_interfaces/rcl_interfaces/msg/log.hpp
-- Up-to-date: /home/robot/app/robot_ws/install/rcl_interfaces/include/rcl_interfaces/rcl_interfaces/msg/parameter_event_descriptors.hpp
-- Up-to-date: /home/robot/app/robot_ws/install/rcl_interfaces/include/rcl_interfaces/rcl_interfaces/msg/floating_point_range.hpp
-- Up-to-date: /home/robot/app/robot_ws/install/rcl_interfaces/include/rcl_interfaces/rcl_interfaces/msg/parameter_value.hpp
-- Up-to-date: /home/robot/app/robot_ws/install/rcl_interfaces/include/rcl_interfaces/rcl_interfaces/msg/set_parameters_result.hpp
-- Up-to-date: /home/robot/app/robot_ws/install/rcl_interfaces/include/rcl_interfaces/rcl_interfaces/msg/detail
-- Up-to-date: /home/robot/app/robot_ws/install/rcl_interfaces/include/rcl_interfaces/rcl_interfaces/msg/detail/integer_range__traits.hpp
-- Up-to-date: /home/robot/app/robot_ws/install/rcl_interfaces/include/rcl_interfaces/rcl_interfaces/msg/detail/parameter_descriptor__builder.hpp
-- Up-to-date: /home/robot/app/robot_ws/install/rcl_interfaces/include/rcl_interfaces/rcl_interfaces/msg/detail/integer_range__struct.hpp
-- Up-to-date: /home/robot/app/robot_ws/install/rcl_interfaces/include/rcl_interfaces/rcl_interfaces/msg/detail/parameter__traits.hpp
-- Up-to-date: /home/robot/app/robot_ws/install/rcl_interfaces/include/rcl_interfaces/rcl_interfaces/msg/detail/parameter_event__builder.hpp
-- Up-to-date: /home/robot/app/robot_ws/install/rcl_interfaces/include/rcl_interfaces/rcl_interfaces/msg/detail/parameter__struct.hpp
-- Up-to-date: /home/robot/app/robot_ws/install/rcl_interfaces/include/rcl_interfaces/rcl_interfaces/msg/detail/parameter_value__builder.hpp
-- Up-to-date: /home/robot/app/robot_ws/install/rcl_interfaces/include/rcl_interfaces/rcl_interfaces/msg/detail/set_parameters_result__builder.hpp
-- Up-to-date: /home/robot/app/robot_ws/install/rcl_interfaces/include/rcl_interfaces/rcl_interfaces/msg/detail/floating_point_range__builder.hpp
-- Up-to-date: /home/robot/app/robot_ws/install/rcl_interfaces/include/rcl_interfaces/rcl_interfaces/msg/detail/set_parameters_result__struct.hpp
-- Up-to-date: /home/robot/app/robot_ws/install/rcl_interfaces/include/rcl_interfaces/rcl_interfaces/msg/detail/parameter_value__traits.hpp
-- Up-to-date: /home/robot/app/robot_ws/install/rcl_interfaces/include/rcl_interfaces/rcl_interfaces/msg/detail/floating_point_range__struct.hpp
-- Up-to-date: /home/robot/app/robot_ws/install/rcl_interfaces/include/rcl_interfaces/rcl_interfaces/msg/detail/parameter_event__traits.hpp
-- Up-to-date: /home/robot/app/robot_ws/install/rcl_interfaces/include/rcl_interfaces/rcl_interfaces/msg/detail/parameter__builder.hpp
-- Up-to-date: /home/robot/app/robot_ws/install/rcl_interfaces/include/rcl_interfaces/rcl_interfaces/msg/detail/parameter_descriptor__traits.hpp
-- Up-to-date: /home/robot/app/robot_ws/install/rcl_interfaces/include/rcl_interfaces/rcl_interfaces/msg/detail/parameter_event__struct.hpp
-- Up-to-date: /home/robot/app/robot_ws/install/rcl_interfaces/include/rcl_interfaces/rcl_interfaces/msg/detail/parameter_type__builder.hpp
-- Up-to-date: /home/robot/app/robot_ws/install/rcl_interfaces/include/rcl_interfaces/rcl_interfaces/msg/detail/list_parameters_result__struct.hpp
-- Up-to-date: /home/robot/app/robot_ws/install/rcl_interfaces/include/rcl_interfaces/rcl_interfaces/msg/detail/log__struct.hpp
-- Up-to-date: /home/robot/app/robot_ws/install/rcl_interfaces/include/rcl_interfaces/rcl_interfaces/msg/detail/integer_range__builder.hpp
-- Up-to-date: /home/robot/app/robot_ws/install/rcl_interfaces/include/rcl_interfaces/rcl_interfaces/msg/detail/list_parameters_result__builder.hpp
-- Up-to-date: /home/robot/app/robot_ws/install/rcl_interfaces/include/rcl_interfaces/rcl_interfaces/msg/detail/parameter_value__struct.hpp
-- Up-to-date: /home/robot/app/robot_ws/install/rcl_interfaces/include/rcl_interfaces/rcl_interfaces/msg/detail/list_parameters_result__traits.hpp
-- Up-to-date: /home/robot/app/robot_ws/install/rcl_interfaces/include/rcl_interfaces/rcl_interfaces/msg/detail/parameter_descriptor__struct.hpp
-- Up-to-date: /home/robot/app/robot_ws/install/rcl_interfaces/include/rcl_interfaces/rcl_interfaces/msg/detail/parameter_event_descriptors__struct.hpp
-- Up-to-date: /home/robot/app/robot_ws/install/rcl_interfaces/include/rcl_interfaces/rcl_interfaces/msg/detail/parameter_type__traits.hpp
-- Up-to-date: /home/robot/app/robot_ws/install/rcl_interfaces/include/rcl_interfaces/rcl_interfaces/msg/detail/log__traits.hpp
-- Up-to-date: /home/robot/app/robot_ws/install/rcl_interfaces/include/rcl_interfaces/rcl_interfaces/msg/detail/set_parameters_result__traits.hpp
-- Up-to-date: /home/robot/app/robot_ws/install/rcl_interfaces/include/rcl_interfaces/rcl_interfaces/msg/detail/parameter_type__struct.hpp
-- Up-to-date: /home/robot/app/robot_ws/install/rcl_interfaces/include/rcl_interfaces/rcl_interfaces/msg/detail/log__builder.hpp
-- Up-to-date: /home/robot/app/robot_ws/install/rcl_interfaces/include/rcl_interfaces/rcl_interfaces/msg/detail/parameter_event_descriptors__traits.hpp
-- Up-to-date: /home/robot/app/robot_ws/install/rcl_interfaces/include/rcl_interfaces/rcl_interfaces/msg/detail/floating_point_range__traits.hpp
-- Up-to-date: /home/robot/app/robot_ws/install/rcl_interfaces/include/rcl_interfaces/rcl_interfaces/msg/detail/parameter_event_descriptors__builder.hpp
-- Up-to-date: /home/robot/app/robot_ws/install/rcl_interfaces/include/rcl_interfaces/rcl_interfaces/msg/parameter_descriptor.hpp
-- Up-to-date: /home/robot/app/robot_ws/install/rcl_interfaces/include/rcl_interfaces/rcl_interfaces/msg/integer_range.hpp
-- Up-to-date: /home/robot/app/robot_ws/install/rcl_interfaces/include/rcl_interfaces/rcl_interfaces/msg/list_parameters_result.hpp
-- Up-to-date: /home/robot/app/robot_ws/install/rcl_interfaces/include/rcl_interfaces
-- Up-to-date: /home/robot/app/robot_ws/install/rcl_interfaces/include/rcl_interfaces/srv
-- Up-to-date: /home/robot/app/robot_ws/install/rcl_interfaces/include/rcl_interfaces/srv/detail
-- Up-to-date: /home/robot/app/robot_ws/install/rcl_interfaces/include/rcl_interfaces/srv/detail/get_parameters__rosidl_typesupport_microxrcedds_cpp.hpp
-- Up-to-date: /home/robot/app/robot_ws/install/rcl_interfaces/include/rcl_interfaces/srv/detail/describe_parameters__rosidl_typesupport_microxrcedds_cpp.hpp
-- Up-to-date: /home/robot/app/robot_ws/install/rcl_interfaces/include/rcl_interfaces/srv/detail/microxrcedds
-- Up-to-date: /home/robot/app/robot_ws/install/rcl_interfaces/include/rcl_interfaces/srv/detail/microxrcedds/describe_parameters__type_support_cpp.cpp
-- Up-to-date: /home/robot/app/robot_ws/install/rcl_interfaces/include/rcl_interfaces/srv/detail/microxrcedds/set_parameters_atomically__type_support_cpp.cpp
-- Up-to-date: /home/robot/app/robot_ws/install/rcl_interfaces/include/rcl_interfaces/srv/detail/microxrcedds/get_parameters__type_support_cpp.cpp
-- Up-to-date: /home/robot/app/robot_ws/install/rcl_interfaces/include/rcl_interfaces/srv/detail/microxrcedds/set_parameters__type_support_cpp.cpp
-- Up-to-date: /home/robot/app/robot_ws/install/rcl_interfaces/include/rcl_interfaces/srv/detail/microxrcedds/get_parameter_types__type_support_cpp.cpp
-- Up-to-date: /home/robot/app/robot_ws/install/rcl_interfaces/include/rcl_interfaces/srv/detail/microxrcedds/list_parameters__type_support_cpp.cpp
-- Up-to-date: /home/robot/app/robot_ws/install/rcl_interfaces/include/rcl_interfaces/srv/detail/list_parameters__rosidl_typesupport_microxrcedds_cpp.hpp
-- Up-to-date: /home/robot/app/robot_ws/install/rcl_interfaces/include/rcl_interfaces/srv/detail/set_parameters__rosidl_typesupport_microxrcedds_cpp.hpp
-- Up-to-date: /home/robot/app/robot_ws/install/rcl_interfaces/include/rcl_interfaces/srv/detail/get_parameter_types__rosidl_typesupport_microxrcedds_cpp.hpp
-- Up-to-date: /home/robot/app/robot_ws/install/rcl_interfaces/include/rcl_interfaces/srv/detail/set_parameters_atomically__rosidl_typesupport_microxrcedds_cpp.hpp
-- Up-to-date: /home/robot/app/robot_ws/install/rcl_interfaces/include/rcl_interfaces/msg
-- Up-to-date: /home/robot/app/robot_ws/install/rcl_interfaces/include/rcl_interfaces/msg/detail
-- Up-to-date: /home/robot/app/robot_ws/install/rcl_interfaces/include/rcl_interfaces/msg/detail/parameter_event_descriptors__rosidl_typesupport_microxrcedds_cpp.hpp
-- Up-to-date: /home/robot/app/robot_ws/install/rcl_interfaces/include/rcl_interfaces/msg/detail/parameter_descriptor__rosidl_typesupport_microxrcedds_cpp.hpp
-- Up-to-date: /home/robot/app/robot_ws/install/rcl_interfaces/include/rcl_interfaces/msg/detail/parameter__rosidl_typesupport_microxrcedds_cpp.hpp
-- Up-to-date: /home/robot/app/robot_ws/install/rcl_interfaces/include/rcl_interfaces/msg/detail/parameter_event__rosidl_typesupport_microxrcedds_cpp.hpp
-- Up-to-date: /home/robot/app/robot_ws/install/rcl_interfaces/include/rcl_interfaces/msg/detail/parameter_value__rosidl_typesupport_microxrcedds_cpp.hpp
-- Up-to-date: /home/robot/app/robot_ws/install/rcl_interfaces/include/rcl_interfaces/msg/detail/log__rosidl_typesupport_microxrcedds_cpp.hpp
-- Up-to-date: /home/robot/app/robot_ws/install/rcl_interfaces/include/rcl_interfaces/msg/detail/microxrcedds
-- Up-to-date: /home/robot/app/robot_ws/install/rcl_interfaces/include/rcl_interfaces/msg/detail/microxrcedds/parameter_type__type_support_cpp.cpp
-- Up-to-date: /home/robot/app/robot_ws/install/rcl_interfaces/include/rcl_interfaces/msg/detail/microxrcedds/list_parameters_result__type_support_cpp.cpp
-- Up-to-date: /home/robot/app/robot_ws/install/rcl_interfaces/include/rcl_interfaces/msg/detail/microxrcedds/integer_range__type_support_cpp.cpp
-- Up-to-date: /home/robot/app/robot_ws/install/rcl_interfaces/include/rcl_interfaces/msg/detail/microxrcedds/parameter__type_support_cpp.cpp
-- Up-to-date: /home/robot/app/robot_ws/install/rcl_interfaces/include/rcl_interfaces/msg/detail/microxrcedds/set_parameters_result__type_support_cpp.cpp
-- Up-to-date: /home/robot/app/robot_ws/install/rcl_interfaces/include/rcl_interfaces/msg/detail/microxrcedds/parameter_event__type_support_cpp.cpp
-- Up-to-date: /home/robot/app/robot_ws/install/rcl_interfaces/include/rcl_interfaces/msg/detail/microxrcedds/parameter_value__type_support_cpp.cpp
-- Up-to-date: /home/robot/app/robot_ws/install/rcl_interfaces/include/rcl_interfaces/msg/detail/microxrcedds/log__type_support_cpp.cpp
-- Up-to-date: /home/robot/app/robot_ws/install/rcl_interfaces/include/rcl_interfaces/msg/detail/microxrcedds/parameter_event_descriptors__type_support_cpp.cpp
-- Up-to-date: /home/robot/app/robot_ws/install/rcl_interfaces/include/rcl_interfaces/msg/detail/microxrcedds/parameter_descriptor__type_support_cpp.cpp
-- Up-to-date: /home/robot/app/robot_ws/install/rcl_interfaces/include/rcl_interfaces/msg/detail/microxrcedds/floating_point_range__type_support_cpp.cpp
-- Up-to-date: /home/robot/app/robot_ws/install/rcl_interfaces/include/rcl_interfaces/msg/detail/list_parameters_result__rosidl_typesupport_microxrcedds_cpp.hpp
-- Up-to-date: /home/robot/app/robot_ws/install/rcl_interfaces/include/rcl_interfaces/msg/detail/floating_point_range__rosidl_typesupport_microxrcedds_cpp.hpp
-- Up-to-date: /home/robot/app/robot_ws/install/rcl_interfaces/include/rcl_interfaces/msg/detail/parameter_type__rosidl_typesupport_microxrcedds_cpp.hpp
-- Up-to-date: /home/robot/app/robot_ws/install/rcl_interfaces/include/rcl_interfaces/msg/detail/integer_range__rosidl_typesupport_microxrcedds_cpp.hpp
-- Up-to-date: /home/robot/app/robot_ws/install/rcl_interfaces/include/rcl_interfaces/msg/detail/set_parameters_result__rosidl_typesupport_microxrcedds_cpp.hpp
-- Up-to-date: /home/robot/app/robot_ws/install/rcl_interfaces/include/rcl_interfaces/msg/rosidl_typesupport_microxrcedds_cpp__visibility_control.h
-- Up-to-date: /home/robot/app/robot_ws/install/rcl_interfaces/lib/librcl_interfaces__rosidl_typesupport_microxrcedds_cpp.so
-- Up-to-date: /home/robot/app/robot_ws/install/rcl_interfaces/include/rcl_interfaces/rcl_interfaces
-- Up-to-date: /home/robot/app/robot_ws/install/rcl_interfaces/include/rcl_interfaces/rcl_interfaces/srv
-- Up-to-date: /home/robot/app/robot_ws/install/rcl_interfaces/include/rcl_interfaces/rcl_interfaces/srv/detail
-- Up-to-date: /home/robot/app/robot_ws/install/rcl_interfaces/include/rcl_interfaces/rcl_interfaces/srv/detail/dds_fastrtps
-- Up-to-date: /home/robot/app/robot_ws/install/rcl_interfaces/include/rcl_interfaces/rcl_interfaces/srv/detail/get_parameter_types__rosidl_typesupport_fastrtps_cpp.hpp
-- Up-to-date: /home/robot/app/robot_ws/install/rcl_interfaces/include/rcl_interfaces/rcl_interfaces/srv/detail/list_parameters__rosidl_typesupport_fastrtps_cpp.hpp
-- Up-to-date: /home/robot/app/robot_ws/install/rcl_interfaces/include/rcl_interfaces/rcl_interfaces/srv/detail/get_parameters__rosidl_typesupport_fastrtps_cpp.hpp
-- Up-to-date: /home/robot/app/robot_ws/install/rcl_interfaces/include/rcl_interfaces/rcl_interfaces/srv/detail/set_parameters__rosidl_typesupport_fastrtps_cpp.hpp
-- Up-to-date: /home/robot/app/robot_ws/install/rcl_interfaces/include/rcl_interfaces/rcl_interfaces/srv/detail/describe_parameters__rosidl_typesupport_fastrtps_cpp.hpp
-- Up-to-date: /home/robot/app/robot_ws/install/rcl_interfaces/include/rcl_interfaces/rcl_interfaces/srv/detail/set_parameters_atomically__rosidl_typesupport_fastrtps_cpp.hpp
-- Up-to-date: /home/robot/app/robot_ws/install/rcl_interfaces/include/rcl_interfaces/rcl_interfaces/msg
-- Up-to-date: /home/robot/app/robot_ws/install/rcl_interfaces/include/rcl_interfaces/rcl_interfaces/msg/rosidl_typesupport_fastrtps_cpp__visibility_control.h
-- Up-to-date: /home/robot/app/robot_ws/install/rcl_interfaces/include/rcl_interfaces/rcl_interfaces/msg/detail
-- Up-to-date: /home/robot/app/robot_ws/install/rcl_interfaces/include/rcl_interfaces/rcl_interfaces/msg/detail/integer_range__rosidl_typesupport_fastrtps_cpp.hpp
-- Up-to-date: /home/robot/app/robot_ws/install/rcl_interfaces/include/rcl_interfaces/rcl_interfaces/msg/detail/log__rosidl_typesupport_fastrtps_cpp.hpp
-- Up-to-date: /home/robot/app/robot_ws/install/rcl_interfaces/include/rcl_interfaces/rcl_interfaces/msg/detail/dds_fastrtps
-- Up-to-date: /home/robot/app/robot_ws/install/rcl_interfaces/include/rcl_interfaces/rcl_interfaces/msg/detail/parameter_type__rosidl_typesupport_fastrtps_cpp.hpp
-- Up-to-date: /home/robot/app/robot_ws/install/rcl_interfaces/include/rcl_interfaces/rcl_interfaces/msg/detail/parameter_value__rosidl_typesupport_fastrtps_cpp.hpp
-- Up-to-date: /home/robot/app/robot_ws/install/rcl_interfaces/include/rcl_interfaces/rcl_interfaces/msg/detail/parameter_descriptor__rosidl_typesupport_fastrtps_cpp.hpp
-- Up-to-date: /home/robot/app/robot_ws/install/rcl_interfaces/include/rcl_interfaces/rcl_interfaces/msg/detail/parameter_event__rosidl_typesupport_fastrtps_cpp.hpp
-- Up-to-date: /home/robot/app/robot_ws/install/rcl_interfaces/include/rcl_interfaces/rcl_interfaces/msg/detail/parameter_event_descriptors__rosidl_typesupport_fastrtps_cpp.hpp
-- Up-to-date: /home/robot/app/robot_ws/install/rcl_interfaces/include/rcl_interfaces/rcl_interfaces/msg/detail/floating_point_range__rosidl_typesupport_fastrtps_cpp.hpp
-- Up-to-date: /home/robot/app/robot_ws/install/rcl_interfaces/include/rcl_interfaces/rcl_interfaces/msg/detail/set_parameters_result__rosidl_typesupport_fastrtps_cpp.hpp
-- Up-to-date: /home/robot/app/robot_ws/install/rcl_interfaces/include/rcl_interfaces/rcl_interfaces/msg/detail/parameter__rosidl_typesupport_fastrtps_cpp.hpp
-- Up-to-date: /home/robot/app/robot_ws/install/rcl_interfaces/include/rcl_interfaces/rcl_interfaces/msg/detail/list_parameters_result__rosidl_typesupport_fastrtps_cpp.hpp
-- Up-to-date: /home/robot/app/robot_ws/install/rcl_interfaces/lib/librcl_interfaces__rosidl_typesupport_fastrtps_cpp.so
-- Up-to-date: /home/robot/app/robot_ws/install/rcl_interfaces/include/rcl_interfaces/rcl_interfaces
-- Up-to-date: /home/robot/app/robot_ws/install/rcl_interfaces/include/rcl_interfaces/rcl_interfaces/srv
-- Up-to-date: /home/robot/app/robot_ws/install/rcl_interfaces/include/rcl_interfaces/rcl_interfaces/srv/detail
-- Up-to-date: /home/robot/app/robot_ws/install/rcl_interfaces/include/rcl_interfaces/rcl_interfaces/srv/detail/get_parameter_types__type_support.cpp
-- Up-to-date: /home/robot/app/robot_ws/install/rcl_interfaces/include/rcl_interfaces/rcl_interfaces/srv/detail/get_parameter_types__rosidl_typesupport_introspection_cpp.hpp
-- Up-to-date: /home/robot/app/robot_ws/install/rcl_interfaces/include/rcl_interfaces/rcl_interfaces/srv/detail/get_parameters__rosidl_typesupport_introspection_cpp.hpp
-- Up-to-date: /home/robot/app/robot_ws/install/rcl_interfaces/include/rcl_interfaces/rcl_interfaces/srv/detail/list_parameters__type_support.cpp
-- Up-to-date: /home/robot/app/robot_ws/install/rcl_interfaces/include/rcl_interfaces/rcl_interfaces/srv/detail/describe_parameters__rosidl_typesupport_introspection_cpp.hpp
-- Up-to-date: /home/robot/app/robot_ws/install/rcl_interfaces/include/rcl_interfaces/rcl_interfaces/srv/detail/set_parameters__rosidl_typesupport_introspection_cpp.hpp
-- Up-to-date: /home/robot/app/robot_ws/install/rcl_interfaces/include/rcl_interfaces/rcl_interfaces/srv/detail/set_parameters__type_support.cpp
-- Up-to-date: /home/robot/app/robot_ws/install/rcl_interfaces/include/rcl_interfaces/rcl_interfaces/srv/detail/set_parameters_atomically__type_support.cpp
-- Up-to-date: /home/robot/app/robot_ws/install/rcl_interfaces/include/rcl_interfaces/rcl_interfaces/srv/detail/set_parameters_atomically__rosidl_typesupport_introspection_cpp.hpp
-- Up-to-date: /home/robot/app/robot_ws/install/rcl_interfaces/include/rcl_interfaces/rcl_interfaces/srv/detail/list_parameters__rosidl_typesupport_introspection_cpp.hpp
-- Up-to-date: /home/robot/app/robot_ws/install/rcl_interfaces/include/rcl_interfaces/rcl_interfaces/srv/detail/describe_parameters__type_support.cpp
-- Up-to-date: /home/robot/app/robot_ws/install/rcl_interfaces/include/rcl_interfaces/rcl_interfaces/srv/detail/get_parameters__type_support.cpp
-- Up-to-date: /home/robot/app/robot_ws/install/rcl_interfaces/include/rcl_interfaces/rcl_interfaces/msg
-- Up-to-date: /home/robot/app/robot_ws/install/rcl_interfaces/include/rcl_interfaces/rcl_interfaces/msg/detail
-- Up-to-date: /home/robot/app/robot_ws/install/rcl_interfaces/include/rcl_interfaces/rcl_interfaces/msg/detail/parameter__rosidl_typesupport_introspection_cpp.hpp
-- Up-to-date: /home/robot/app/robot_ws/install/rcl_interfaces/include/rcl_interfaces/rcl_interfaces/msg/detail/list_parameters_result__type_support.cpp
-- Up-to-date: /home/robot/app/robot_ws/install/rcl_interfaces/include/rcl_interfaces/rcl_interfaces/msg/detail/parameter_event__rosidl_typesupport_introspection_cpp.hpp
-- Up-to-date: /home/robot/app/robot_ws/install/rcl_interfaces/include/rcl_interfaces/rcl_interfaces/msg/detail/parameter_descriptor__type_support.cpp
-- Up-to-date: /home/robot/app/robot_ws/install/rcl_interfaces/include/rcl_interfaces/rcl_interfaces/msg/detail/list_parameters_result__rosidl_typesupport_introspection_cpp.hpp
-- Up-to-date: /home/robot/app/robot_ws/install/rcl_interfaces/include/rcl_interfaces/rcl_interfaces/msg/detail/log__rosidl_typesupport_introspection_cpp.hpp
-- Up-to-date: /home/robot/app/robot_ws/install/rcl_interfaces/include/rcl_interfaces/rcl_interfaces/msg/detail/parameter__type_support.cpp
-- Up-to-date: /home/robot/app/robot_ws/install/rcl_interfaces/include/rcl_interfaces/rcl_interfaces/msg/detail/parameter_type__type_support.cpp
-- Up-to-date: /home/robot/app/robot_ws/install/rcl_interfaces/include/rcl_interfaces/rcl_interfaces/msg/detail/floating_point_range__rosidl_typesupport_introspection_cpp.hpp
-- Up-to-date: /home/robot/app/robot_ws/install/rcl_interfaces/include/rcl_interfaces/rcl_interfaces/msg/detail/parameter_event_descriptors__type_support.cpp
-- Up-to-date: /home/robot/app/robot_ws/install/rcl_interfaces/include/rcl_interfaces/rcl_interfaces/msg/detail/parameter_type__rosidl_typesupport_introspection_cpp.hpp
-- Up-to-date: /home/robot/app/robot_ws/install/rcl_interfaces/include/rcl_interfaces/rcl_interfaces/msg/detail/integer_range__type_support.cpp
-- Up-to-date: /home/robot/app/robot_ws/install/rcl_interfaces/include/rcl_interfaces/rcl_interfaces/msg/detail/parameter_value__type_support.cpp
-- Up-to-date: /home/robot/app/robot_ws/install/rcl_interfaces/include/rcl_interfaces/rcl_interfaces/msg/detail/log__type_support.cpp
-- Up-to-date: /home/robot/app/robot_ws/install/rcl_interfaces/include/rcl_interfaces/rcl_interfaces/msg/detail/parameter_event_descriptors__rosidl_typesupport_introspection_cpp.hpp
-- Up-to-date: /home/robot/app/robot_ws/install/rcl_interfaces/include/rcl_interfaces/rcl_interfaces/msg/detail/parameter_descriptor__rosidl_typesupport_introspection_cpp.hpp
-- Up-to-date: /home/robot/app/robot_ws/install/rcl_interfaces/include/rcl_interfaces/rcl_interfaces/msg/detail/set_parameters_result__rosidl_typesupport_introspection_cpp.hpp
-- Up-to-date: /home/robot/app/robot_ws/install/rcl_interfaces/include/rcl_interfaces/rcl_interfaces/msg/detail/parameter_event__type_support.cpp
-- Up-to-date: /home/robot/app/robot_ws/install/rcl_interfaces/include/rcl_interfaces/rcl_interfaces/msg/detail/floating_point_range__type_support.cpp
-- Up-to-date: /home/robot/app/robot_ws/install/rcl_interfaces/include/rcl_interfaces/rcl_interfaces/msg/detail/parameter_value__rosidl_typesupport_introspection_cpp.hpp
-- Up-to-date: /home/robot/app/robot_ws/install/rcl_interfaces/include/rcl_interfaces/rcl_interfaces/msg/detail/set_parameters_result__type_support.cpp
-- Up-to-date: /home/robot/app/robot_ws/install/rcl_interfaces/include/rcl_interfaces/rcl_interfaces/msg/detail/integer_range__rosidl_typesupport_introspection_cpp.hpp
-- Up-to-date: /home/robot/app/robot_ws/install/rcl_interfaces/lib/librcl_interfaces__rosidl_typesupport_introspection_cpp.so
-- Up-to-date: /home/robot/app/robot_ws/install/rcl_interfaces/lib/librcl_interfaces__rosidl_typesupport_cpp.so
-- Up-to-date: /home/robot/app/robot_ws/install/rcl_interfaces/share/rcl_interfaces/environment/pythonpath.sh
-- Installing: /home/robot/app/robot_ws/install/rcl_interfaces/share/rcl_interfaces/environment/pythonpath.dsv
-- Up-to-date: /home/robot/app/robot_ws/install/rcl_interfaces/local/lib/python3.10/dist-packages/rcl_interfaces-1.2.1-py3.10.egg-info
-- Installing: /home/robot/app/robot_ws/install/rcl_interfaces/local/lib/python3.10/dist-packages/rcl_interfaces-1.2.1-py3.10.egg-info/dependency_links.txt
-- Installing: /home/robot/app/robot_ws/install/rcl_interfaces/local/lib/python3.10/dist-packages/rcl_interfaces-1.2.1-py3.10.egg-info/PKG-INFO
-- Installing: /home/robot/app/robot_ws/install/rcl_interfaces/local/lib/python3.10/dist-packages/rcl_interfaces-1.2.1-py3.10.egg-info/SOURCES.txt
-- Installing: /home/robot/app/robot_ws/install/rcl_interfaces/local/lib/python3.10/dist-packages/rcl_interfaces-1.2.1-py3.10.egg-info/top_level.txt
-- Up-to-date: /home/robot/app/robot_ws/install/rcl_interfaces/local/lib/python3.10/dist-packages/rcl_interfaces
-- Installing: /home/robot/app/robot_ws/install/rcl_interfaces/local/lib/python3.10/dist-packages/rcl_interfaces/__init__.py
-- Up-to-date: /home/robot/app/robot_ws/install/rcl_interfaces/local/lib/python3.10/dist-packages/rcl_interfaces/rcl_interfaces_s__rosidl_typesupport_c.cpython-310-x86_64-linux-gnu.so
-- Up-to-date: /home/robot/app/robot_ws/install/rcl_interfaces/local/lib/python3.10/dist-packages/rcl_interfaces/_rcl_interfaces_s.ep.rosidl_typesupport_microxrcedds_c.c
-- Up-to-date: /home/robot/app/robot_ws/install/rcl_interfaces/local/lib/python3.10/dist-packages/rcl_interfaces/srv
-- Up-to-date: /home/robot/app/robot_ws/install/rcl_interfaces/local/lib/python3.10/dist-packages/rcl_interfaces/srv/__init__.py
-- Up-to-date: /home/robot/app/robot_ws/install/rcl_interfaces/local/lib/python3.10/dist-packages/rcl_interfaces/srv/_get_parameter_types_s.c
-- Up-to-date: /home/robot/app/robot_ws/install/rcl_interfaces/local/lib/python3.10/dist-packages/rcl_interfaces/srv/_set_parameters_atomically.py
-- Up-to-date: /home/robot/app/robot_ws/install/rcl_interfaces/local/lib/python3.10/dist-packages/rcl_interfaces/srv/_describe_parameters.py
-- Up-to-date: /home/robot/app/robot_ws/install/rcl_interfaces/local/lib/python3.10/dist-packages/rcl_interfaces/srv/_list_parameters.py
-- Up-to-date: /home/robot/app/robot_ws/install/rcl_interfaces/local/lib/python3.10/dist-packages/rcl_interfaces/srv/_set_parameters_atomically_s.c
-- Up-to-date: /home/robot/app/robot_ws/install/rcl_interfaces/local/lib/python3.10/dist-packages/rcl_interfaces/srv/_set_parameters_s.c
-- Up-to-date: /home/robot/app/robot_ws/install/rcl_interfaces/local/lib/python3.10/dist-packages/rcl_interfaces/srv/_set_parameters.py
-- Up-to-date: /home/robot/app/robot_ws/install/rcl_interfaces/local/lib/python3.10/dist-packages/rcl_interfaces/srv/_get_parameter_types.py
-- Up-to-date: /home/robot/app/robot_ws/install/rcl_interfaces/local/lib/python3.10/dist-packages/rcl_interfaces/srv/_get_parameters_s.c
-- Up-to-date: /home/robot/app/robot_ws/install/rcl_interfaces/local/lib/python3.10/dist-packages/rcl_interfaces/srv/_describe_parameters_s.c
-- Up-to-date: /home/robot/app/robot_ws/install/rcl_interfaces/local/lib/python3.10/dist-packages/rcl_interfaces/srv/_get_parameters.py
-- Up-to-date: /home/robot/app/robot_ws/install/rcl_interfaces/local/lib/python3.10/dist-packages/rcl_interfaces/srv/_list_parameters_s.c
-- Up-to-date: /home/robot/app/robot_ws/install/rcl_interfaces/local/lib/python3.10/dist-packages/rcl_interfaces/_rcl_interfaces_s.ep.rosidl_typesupport_c.c
-- Up-to-date: /home/robot/app/robot_ws/install/rcl_interfaces/local/lib/python3.10/dist-packages/rcl_interfaces/rcl_interfaces_s__rosidl_typesupport_introspection_c.cpython-310-x86_64-linux-gnu.so
-- Up-to-date: /home/robot/app/robot_ws/install/rcl_interfaces/local/lib/python3.10/dist-packages/rcl_interfaces/rcl_interfaces_s__rosidl_typesupport_fastrtps_c.cpython-310-x86_64-linux-gnu.so
-- Up-to-date: /home/robot/app/robot_ws/install/rcl_interfaces/local/lib/python3.10/dist-packages/rcl_interfaces/_rcl_interfaces_s.ep.rosidl_typesupport_introspection_c.c
-- Up-to-date: /home/robot/app/robot_ws/install/rcl_interfaces/local/lib/python3.10/dist-packages/rcl_interfaces/librcl_interfaces__rosidl_generator_py.so
-- Up-to-date: /home/robot/app/robot_ws/install/rcl_interfaces/local/lib/python3.10/dist-packages/rcl_interfaces/rcl_interfaces_s__rosidl_typesupport_microxrcedds_c.cpython-310-x86_64-linux-gnu.so
-- Up-to-date: /home/robot/app/robot_ws/install/rcl_interfaces/local/lib/python3.10/dist-packages/rcl_interfaces/msg
-- Up-to-date: /home/robot/app/robot_ws/install/rcl_interfaces/local/lib/python3.10/dist-packages/rcl_interfaces/msg/__init__.py
-- Up-to-date: /home/robot/app/robot_ws/install/rcl_interfaces/local/lib/python3.10/dist-packages/rcl_interfaces/msg/_parameter_event_s.c
-- Up-to-date: /home/robot/app/robot_ws/install/rcl_interfaces/local/lib/python3.10/dist-packages/rcl_interfaces/msg/_set_parameters_result_s.c
-- Up-to-date: /home/robot/app/robot_ws/install/rcl_interfaces/local/lib/python3.10/dist-packages/rcl_interfaces/msg/_integer_range.py
-- Up-to-date: /home/robot/app/robot_ws/install/rcl_interfaces/local/lib/python3.10/dist-packages/rcl_interfaces/msg/_set_parameters_result.py
-- Up-to-date: /home/robot/app/robot_ws/install/rcl_interfaces/local/lib/python3.10/dist-packages/rcl_interfaces/msg/_parameter_descriptor.py
-- Up-to-date: /home/robot/app/robot_ws/install/rcl_interfaces/local/lib/python3.10/dist-packages/rcl_interfaces/msg/_list_parameters_result.py
-- Up-to-date: /home/robot/app/robot_ws/install/rcl_interfaces/local/lib/python3.10/dist-packages/rcl_interfaces/msg/_parameter_s.c
-- Up-to-date: /home/robot/app/robot_ws/install/rcl_interfaces/local/lib/python3.10/dist-packages/rcl_interfaces/msg/_integer_range_s.c
-- Up-to-date: /home/robot/app/robot_ws/install/rcl_interfaces/local/lib/python3.10/dist-packages/rcl_interfaces/msg/_floating_point_range_s.c
-- Up-to-date: /home/robot/app/robot_ws/install/rcl_interfaces/local/lib/python3.10/dist-packages/rcl_interfaces/msg/_parameter_value.py
-- Up-to-date: /home/robot/app/robot_ws/install/rcl_interfaces/local/lib/python3.10/dist-packages/rcl_interfaces/msg/_floating_point_range.py
-- Up-to-date: /home/robot/app/robot_ws/install/rcl_interfaces/local/lib/python3.10/dist-packages/rcl_interfaces/msg/_log.py
-- Up-to-date: /home/robot/app/robot_ws/install/rcl_interfaces/local/lib/python3.10/dist-packages/rcl_interfaces/msg/_parameter.py
-- Up-to-date: /home/robot/app/robot_ws/install/rcl_interfaces/local/lib/python3.10/dist-packages/rcl_interfaces/msg/_parameter_event_descriptors.py
-- Up-to-date: /home/robot/app/robot_ws/install/rcl_interfaces/local/lib/python3.10/dist-packages/rcl_interfaces/msg/_log_s.c
-- Up-to-date: /home/robot/app/robot_ws/install/rcl_interfaces/local/lib/python3.10/dist-packages/rcl_interfaces/msg/_parameter_event_descriptors_s.c
-- Up-to-date: /home/robot/app/robot_ws/install/rcl_interfaces/local/lib/python3.10/dist-packages/rcl_interfaces/msg/_parameter_event.py
-- Up-to-date: /home/robot/app/robot_ws/install/rcl_interfaces/local/lib/python3.10/dist-packages/rcl_interfaces/msg/_list_parameters_result_s.c
-- Up-to-date: /home/robot/app/robot_ws/install/rcl_interfaces/local/lib/python3.10/dist-packages/rcl_interfaces/msg/_parameter_type_s.c
-- Up-to-date: /home/robot/app/robot_ws/install/rcl_interfaces/local/lib/python3.10/dist-packages/rcl_interfaces/msg/_parameter_value_s.c
-- Up-to-date: /home/robot/app/robot_ws/install/rcl_interfaces/local/lib/python3.10/dist-packages/rcl_interfaces/msg/_parameter_type.py
-- Up-to-date: /home/robot/app/robot_ws/install/rcl_interfaces/local/lib/python3.10/dist-packages/rcl_interfaces/msg/_parameter_descriptor_s.c
-- Up-to-date: /home/robot/app/robot_ws/install/rcl_interfaces/local/lib/python3.10/dist-packages/rcl_interfaces/_rcl_interfaces_s.ep.rosidl_typesupport_fastrtps_c.c
Listing '/home/robot/app/robot_ws/install/rcl_interfaces/local/lib/python3.10/dist-packages/rcl_interfaces'...
Compiling '/home/robot/app/robot_ws/install/rcl_interfaces/local/lib/python3.10/dist-packages/rcl_interfaces/__init__.py'...
Listing '/home/robot/app/robot_ws/install/rcl_interfaces/local/lib/python3.10/dist-packages/rcl_interfaces/msg'...
Listing '/home/robot/app/robot_ws/install/rcl_interfaces/local/lib/python3.10/dist-packages/rcl_interfaces/srv'...
-- Up-to-date: /home/robot/app/robot_ws/install/rcl_interfaces/local/lib/python3.10/dist-packages/rcl_interfaces/rcl_interfaces_s__rosidl_typesupport_microxrcedds_c.cpython-310-x86_64-linux-gnu.so
-- Up-to-date: /home/robot/app/robot_ws/install/rcl_interfaces/local/lib/python3.10/dist-packages/rcl_interfaces/rcl_interfaces_s__rosidl_typesupport_fastrtps_c.cpython-310-x86_64-linux-gnu.so
-- Up-to-date: /home/robot/app/robot_ws/install/rcl_interfaces/local/lib/python3.10/dist-packages/rcl_interfaces/rcl_interfaces_s__rosidl_typesupport_introspection_c.cpython-310-x86_64-linux-gnu.so
-- Up-to-date: /home/robot/app/robot_ws/install/rcl_interfaces/local/lib/python3.10/dist-packages/rcl_interfaces/rcl_interfaces_s__rosidl_typesupport_c.cpython-310-x86_64-linux-gnu.so
-- Up-to-date: /home/robot/app/robot_ws/install/rcl_interfaces/lib/librcl_interfaces__rosidl_generator_py.so
-- Up-to-date: /home/robot/app/robot_ws/install/rcl_interfaces/share/rcl_interfaces/msg/FloatingPointRange.idl
-- Up-to-date: /home/robot/app/robot_ws/install/rcl_interfaces/share/rcl_interfaces/msg/IntegerRange.idl
-- Up-to-date: /home/robot/app/robot_ws/install/rcl_interfaces/share/rcl_interfaces/msg/ListParametersResult.idl
-- Up-to-date: /home/robot/app/robot_ws/install/rcl_interfaces/share/rcl_interfaces/msg/Log.idl
-- Up-to-date: /home/robot/app/robot_ws/install/rcl_interfaces/share/rcl_interfaces/msg/ParameterDescriptor.idl
-- Up-to-date: /home/robot/app/robot_ws/install/rcl_interfaces/share/rcl_interfaces/msg/ParameterEventDescriptors.idl
-- Up-to-date: /home/robot/app/robot_ws/install/rcl_interfaces/share/rcl_interfaces/msg/ParameterEvent.idl
-- Up-to-date: /home/robot/app/robot_ws/install/rcl_interfaces/share/rcl_interfaces/msg/Parameter.idl
-- Up-to-date: /home/robot/app/robot_ws/install/rcl_interfaces/share/rcl_interfaces/msg/ParameterType.idl
-- Up-to-date: /home/robot/app/robot_ws/install/rcl_interfaces/share/rcl_interfaces/msg/ParameterValue.idl
-- Up-to-date: /home/robot/app/robot_ws/install/rcl_interfaces/share/rcl_interfaces/msg/SetParametersResult.idl
-- Up-to-date: /home/robot/app/robot_ws/install/rcl_interfaces/share/rcl_interfaces/srv/DescribeParameters.idl
-- Up-to-date: /home/robot/app/robot_ws/install/rcl_interfaces/share/rcl_interfaces/srv/GetParameters.idl
-- Up-to-date: /home/robot/app/robot_ws/install/rcl_interfaces/share/rcl_interfaces/srv/GetParameterTypes.idl
-- Up-to-date: /home/robot/app/robot_ws/install/rcl_interfaces/share/rcl_interfaces/srv/ListParameters.idl
-- Up-to-date: /home/robot/app/robot_ws/install/rcl_interfaces/share/rcl_interfaces/srv/SetParametersAtomically.idl
-- Up-to-date: /home/robot/app/robot_ws/install/rcl_interfaces/share/rcl_interfaces/srv/SetParameters.idl
-- Up-to-date: /home/robot/app/robot_ws/install/rcl_interfaces/share/rcl_interfaces/msg/FloatingPointRange.msg
-- Up-to-date: /home/robot/app/robot_ws/install/rcl_interfaces/share/rcl_interfaces/msg/IntegerRange.msg
-- Up-to-date: /home/robot/app/robot_ws/install/rcl_interfaces/share/rcl_interfaces/msg/ListParametersResult.msg
-- Up-to-date: /home/robot/app/robot_ws/install/rcl_interfaces/share/rcl_interfaces/msg/Log.msg
-- Up-to-date: /home/robot/app/robot_ws/install/rcl_interfaces/share/rcl_interfaces/msg/ParameterDescriptor.msg
-- Up-to-date: /home/robot/app/robot_ws/install/rcl_interfaces/share/rcl_interfaces/msg/ParameterEventDescriptors.msg
-- Up-to-date: /home/robot/app/robot_ws/install/rcl_interfaces/share/rcl_interfaces/msg/ParameterEvent.msg
-- Up-to-date: /home/robot/app/robot_ws/install/rcl_interfaces/share/rcl_interfaces/msg/Parameter.msg
-- Up-to-date: /home/robot/app/robot_ws/install/rcl_interfaces/share/rcl_interfaces/msg/ParameterType.msg
-- Up-to-date: /home/robot/app/robot_ws/install/rcl_interfaces/share/rcl_interfaces/msg/ParameterValue.msg
-- Up-to-date: /home/robot/app/robot_ws/install/rcl_interfaces/share/rcl_interfaces/msg/SetParametersResult.msg
-- Up-to-date: /home/robot/app/robot_ws/install/rcl_interfaces/share/rcl_interfaces/srv/DescribeParameters.srv
-- Up-to-date: /home/robot/app/robot_ws/install/rcl_interfaces/share/rcl_interfaces/srv/DescribeParameters_Request.msg
-- Up-to-date: /home/robot/app/robot_ws/install/rcl_interfaces/share/rcl_interfaces/srv/DescribeParameters_Response.msg
-- Up-to-date: /home/robot/app/robot_ws/install/rcl_interfaces/share/rcl_interfaces/srv/GetParameters.srv
-- Up-to-date: /home/robot/app/robot_ws/install/rcl_interfaces/share/rcl_interfaces/srv/GetParameters_Request.msg
-- Up-to-date: /home/robot/app/robot_ws/install/rcl_interfaces/share/rcl_interfaces/srv/GetParameters_Response.msg
-- Up-to-date: /home/robot/app/robot_ws/install/rcl_interfaces/share/rcl_interfaces/srv/GetParameterTypes.srv
-- Up-to-date: /home/robot/app/robot_ws/install/rcl_interfaces/share/rcl_interfaces/srv/GetParameterTypes_Request.msg
-- Up-to-date: /home/robot/app/robot_ws/install/rcl_interfaces/share/rcl_interfaces/srv/GetParameterTypes_Response.msg
-- Up-to-date: /home/robot/app/robot_ws/install/rcl_interfaces/share/rcl_interfaces/srv/ListParameters.srv
-- Up-to-date: /home/robot/app/robot_ws/install/rcl_interfaces/share/rcl_interfaces/srv/ListParameters_Request.msg
-- Up-to-date: /home/robot/app/robot_ws/install/rcl_interfaces/share/rcl_interfaces/srv/ListParameters_Response.msg
-- Up-to-date: /home/robot/app/robot_ws/install/rcl_interfaces/share/rcl_interfaces/srv/SetParametersAtomically.srv
-- Up-to-date: /home/robot/app/robot_ws/install/rcl_interfaces/share/rcl_interfaces/srv/SetParametersAtomically_Request.msg
-- Up-to-date: /home/robot/app/robot_ws/install/rcl_interfaces/share/rcl_interfaces/srv/SetParametersAtomically_Response.msg
-- Up-to-date: /home/robot/app/robot_ws/install/rcl_interfaces/share/rcl_interfaces/srv/SetParameters.srv
-- Up-to-date: /home/robot/app/robot_ws/install/rcl_interfaces/share/rcl_interfaces/srv/SetParameters_Request.msg
-- Up-to-date: /home/robot/app/robot_ws/install/rcl_interfaces/share/rcl_interfaces/srv/SetParameters_Response.msg
-- Up-to-date: /home/robot/app/robot_ws/install/rcl_interfaces/share/rcl_interfaces/mapping_rules.yaml
-- Up-to-date: /home/robot/app/robot_ws/install/rcl_interfaces/share/ament_index/resource_index/package_run_dependencies/rcl_interfaces
-- Installing: /home/robot/app/robot_ws/install/rcl_interfaces/share/ament_index/resource_index/parent_prefix_path/rcl_interfaces
-- Up-to-date: /home/robot/app/robot_ws/install/rcl_interfaces/share/rcl_interfaces/environment/ament_prefix_path.sh
-- Installing: /home/robot/app/robot_ws/install/rcl_interfaces/share/rcl_interfaces/environment/ament_prefix_path.dsv
-- Up-to-date: /home/robot/app/robot_ws/install/rcl_interfaces/share/rcl_interfaces/environment/path.sh
-- Installing: /home/robot/app/robot_ws/install/rcl_interfaces/share/rcl_interfaces/environment/path.dsv
-- Up-to-date: /home/robot/app/robot_ws/install/rcl_interfaces/share/rcl_interfaces/local_setup.bash
-- Up-to-date: /home/robot/app/robot_ws/install/rcl_interfaces/share/rcl_interfaces/local_setup.sh
-- Up-to-date: /home/robot/app/robot_ws/install/rcl_interfaces/share/rcl_interfaces/local_setup.zsh
-- Installing: /home/robot/app/robot_ws/install/rcl_interfaces/share/rcl_interfaces/local_setup.dsv
-- Installing: /home/robot/app/robot_ws/install/rcl_interfaces/share/rcl_interfaces/package.dsv
-- Up-to-date: /home/robot/app/robot_ws/install/rcl_interfaces/share/ament_index/resource_index/packages/rcl_interfaces
-- Up-to-date: /home/robot/app/robot_ws/install/rcl_interfaces/share/rcl_interfaces/cmake/export_rcl_interfaces__rosidl_generator_cExport.cmake
-- Up-to-date: /home/robot/app/robot_ws/install/rcl_interfaces/share/rcl_interfaces/cmake/export_rcl_interfaces__rosidl_generator_cExport-noconfig.cmake
-- Up-to-date: /home/robot/app/robot_ws/install/rcl_interfaces/share/rcl_interfaces/cmake/export_rcl_interfaces__rosidl_typesupport_fastrtps_cExport.cmake
-- Up-to-date: /home/robot/app/robot_ws/install/rcl_interfaces/share/rcl_interfaces/cmake/export_rcl_interfaces__rosidl_typesupport_fastrtps_cExport-noconfig.cmake
-- Up-to-date: /home/robot/app/robot_ws/install/rcl_interfaces/share/rcl_interfaces/cmake/rcl_interfaces__rosidl_typesupport_introspection_cExport.cmake
-- Up-to-date: /home/robot/app/robot_ws/install/rcl_interfaces/share/rcl_interfaces/cmake/rcl_interfaces__rosidl_typesupport_introspection_cExport-noconfig.cmake
-- Up-to-date: /home/robot/app/robot_ws/install/rcl_interfaces/share/rcl_interfaces/cmake/rcl_interfaces__rosidl_typesupport_cExport.cmake
-- Up-to-date: /home/robot/app/robot_ws/install/rcl_interfaces/share/rcl_interfaces/cmake/rcl_interfaces__rosidl_typesupport_cExport-noconfig.cmake
-- Up-to-date: /home/robot/app/robot_ws/install/rcl_interfaces/share/rcl_interfaces/cmake/export_rcl_interfaces__rosidl_generator_cppExport.cmake
-- Up-to-date: /home/robot/app/robot_ws/install/rcl_interfaces/share/rcl_interfaces/cmake/export_rcl_interfaces__rosidl_typesupport_fastrtps_cppExport.cmake
-- Up-to-date: /home/robot/app/robot_ws/install/rcl_interfaces/share/rcl_interfaces/cmake/export_rcl_interfaces__rosidl_typesupport_fastrtps_cppExport-noconfig.cmake
-- Up-to-date: /home/robot/app/robot_ws/install/rcl_interfaces/share/rcl_interfaces/cmake/rcl_interfaces__rosidl_typesupport_introspection_cppExport.cmake
-- Up-to-date: /home/robot/app/robot_ws/install/rcl_interfaces/share/rcl_interfaces/cmake/rcl_interfaces__rosidl_typesupport_introspection_cppExport-noconfig.cmake
-- Up-to-date: /home/robot/app/robot_ws/install/rcl_interfaces/share/rcl_interfaces/cmake/rcl_interfaces__rosidl_typesupport_cppExport.cmake
-- Up-to-date: /home/robot/app/robot_ws/install/rcl_interfaces/share/rcl_interfaces/cmake/rcl_interfaces__rosidl_typesupport_cppExport-noconfig.cmake
-- Up-to-date: /home/robot/app/robot_ws/install/rcl_interfaces/share/rcl_interfaces/cmake/export_rcl_interfaces__rosidl_generator_pyExport.cmake
-- Up-to-date: /home/robot/app/robot_ws/install/rcl_interfaces/share/rcl_interfaces/cmake/export_rcl_interfaces__rosidl_generator_pyExport-noconfig.cmake
-- Up-to-date: /home/robot/app/robot_ws/install/rcl_interfaces/share/rcl_interfaces/cmake/rosidl_cmake-extras.cmake
-- Up-to-date: /home/robot/app/robot_ws/install/rcl_interfaces/share/rcl_interfaces/cmake/ament_cmake_export_dependencies-extras.cmake
-- Up-to-date: /home/robot/app/robot_ws/install/rcl_interfaces/share/rcl_interfaces/cmake/ament_cmake_export_include_directories-extras.cmake
-- Up-to-date: /home/robot/app/robot_ws/install/rcl_interfaces/share/rcl_interfaces/cmake/ament_cmake_export_libraries-extras.cmake
-- Up-to-date: /home/robot/app/robot_ws/install/rcl_interfaces/share/rcl_interfaces/cmake/ament_cmake_export_targets-extras.cmake
-- Up-to-date: /home/robot/app/robot_ws/install/rcl_interfaces/share/rcl_interfaces/cmake/rosidl_cmake_export_typesupport_targets-extras.cmake
-- Up-to-date: /home/robot/app/robot_ws/install/rcl_interfaces/share/rcl_interfaces/cmake/rosidl_cmake_export_typesupport_libraries-extras.cmake
-- Up-to-date: /home/robot/app/robot_ws/install/rcl_interfaces/share/rcl_interfaces/cmake/rcl_interfacesConfig.cmake
-- Up-to-date: /home/robot/app/robot_ws/install/rcl_interfaces/share/rcl_interfaces/cmake/rcl_interfacesConfig-version.cmake
-- Up-to-date: /home/robot/app/robot_ws/install/rcl_interfaces/share/rcl_interfaces/package.xml
