[0.051s] Invoking command in '/home/robot/app/robot_ws/build/std_srvs': CMAKE_PREFIX_PATH=${CMAKE_PREFIX_PATH}:/home/robot/app/robot_ws/install/sensor_msgs_py:/opt/ros/humble /usr/bin/cmake --build /home/robot/app/robot_ws/build/std_srvs -- -j8 -l8
[0.225s] [35m[1mConsolidate compiler generated dependencies of target std_srvs__rosidl_generator_c[0m
[0.330s] [  8%] Built target std_srvs__rosidl_generator_c
[0.337s] [ 10%] Built target std_srvs__cpp
[0.395s] [ 10%] Built target ament_cmake_python_copy_std_srvs
[0.410s] [35m[1mConsolidate compiler generated dependencies of target std_srvs__rosidl_typesupport_microxrcedds_c[0m
[0.494s] [35m[1mConsolidate compiler generated dependencies of target std_srvs__rosidl_typesupport_fastrtps_c[0m
[0.500s] [35m[1mConsolidate compiler generated dependencies of target std_srvs__rosidl_typesupport_introspection_cpp[0m
[0.503s] [35m[1mConsolidate compiler generated dependencies of target std_srvs__rosidl_typesupport_cpp[0m
[0.515s] [35m[1mConsolidate compiler generated dependencies of target std_srvs__rosidl_typesupport_introspection_c[0m
[0.518s] [35m[1mConsolidate compiler generated dependencies of target std_srvs__rosidl_typesupport_fastrtps_cpp[0m
[0.518s] [35m[1mConsolidate compiler generated dependencies of target std_srvs__rosidl_typesupport_microxrcedds_cpp[0m
[0.523s] [35m[1mConsolidate compiler generated dependencies of target std_srvs__rosidl_typesupport_c[0m
[0.586s] [ 18%] Built target std_srvs__rosidl_typesupport_microxrcedds_c
[0.619s] [ 27%] Built target std_srvs__rosidl_typesupport_fastrtps_c
[0.668s] [ 35%] Built target std_srvs__rosidl_typesupport_introspection_cpp
[0.671s] [ 44%] Built target std_srvs__rosidl_typesupport_introspection_c
[0.746s] [ 52%] Built target std_srvs__rosidl_typesupport_c
[0.746s] [ 61%] Built target std_srvs__rosidl_typesupport_microxrcedds_cpp
[0.752s] [ 69%] Built target std_srvs__rosidl_typesupport_cpp
[0.763s] [ 77%] Built target std_srvs__rosidl_typesupport_fastrtps_cpp
[0.905s] [ 77%] Built target std_srvs
[1.001s] [ 79%] Built target std_srvs__py
[1.100s] [35m[1mConsolidate compiler generated dependencies of target std_srvs__rosidl_generator_py[0m
[1.158s] [ 86%] Built target std_srvs__rosidl_generator_py
[1.221s] [35m[1mConsolidate compiler generated dependencies of target std_srvs__rosidl_typesupport_microxrcedds_c__pyext[0m
[1.232s] [35m[1mConsolidate compiler generated dependencies of target std_srvs__rosidl_typesupport_introspection_c__pyext[0m
[1.233s] [35m[1mConsolidate compiler generated dependencies of target std_srvs__rosidl_typesupport_c__pyext[0m
[1.257s] [35m[1mConsolidate compiler generated dependencies of target std_srvs__rosidl_typesupport_fastrtps_c__pyext[0m
[1.312s] [ 89%] Built target std_srvs__rosidl_typesupport_introspection_c__pyext
[1.316s] [ 93%] Built target std_srvs__rosidl_typesupport_c__pyext
[1.332s] [ 96%] Built target std_srvs__rosidl_typesupport_fastrtps_c__pyext
[1.337s] [100%] Built target std_srvs__rosidl_typesupport_microxrcedds_c__pyext
[1.718s] running egg_info
[1.720s] writing std_srvs.egg-info/PKG-INFO
[1.722s] writing dependency_links to std_srvs.egg-info/dependency_links.txt
[1.723s] writing top-level names to std_srvs.egg-info/top_level.txt
[1.724s] reading manifest file 'std_srvs.egg-info/SOURCES.txt'
[1.726s] writing manifest file 'std_srvs.egg-info/SOURCES.txt'
[1.781s] [100%] Built target ament_cmake_python_build_std_srvs_egg
[1.805s] Invoked command in '/home/robot/app/robot_ws/build/std_srvs' returned '0': CMAKE_PREFIX_PATH=${CMAKE_PREFIX_PATH}:/home/robot/app/robot_ws/install/sensor_msgs_py:/opt/ros/humble /usr/bin/cmake --build /home/robot/app/robot_ws/build/std_srvs -- -j8 -l8
[2.269s] Invoking command in '/home/robot/app/robot_ws/build/std_srvs': CMAKE_PREFIX_PATH=${CMAKE_PREFIX_PATH}:/home/robot/app/robot_ws/install/sensor_msgs_py:/opt/ros/humble /usr/bin/cmake --install /home/robot/app/robot_ws/build/std_srvs
[2.289s] -- Install configuration: ""
[2.290s] -- Up-to-date: /home/robot/app/robot_ws/install/std_srvs/share/ament_index/resource_index/rosidl_interfaces/std_srvs
[2.290s] -- Up-to-date: /home/robot/app/robot_ws/install/std_srvs/include/std_srvs/std_srvs
[2.292s] -- Up-to-date: /home/robot/app/robot_ws/install/std_srvs/include/std_srvs/std_srvs/srv
[2.293s] -- Up-to-date: /home/robot/app/robot_ws/install/std_srvs/include/std_srvs/std_srvs/srv/set_bool.h
[2.297s] -- Up-to-date: /home/robot/app/robot_ws/install/std_srvs/include/std_srvs/std_srvs/srv/detail
[2.297s] -- Up-to-date: /home/robot/app/robot_ws/install/std_srvs/include/std_srvs/std_srvs/srv/detail/set_bool__functions.c
[2.297s] -- Up-to-date: /home/robot/app/robot_ws/install/std_srvs/include/std_srvs/std_srvs/srv/detail/trigger__functions.c
[2.297s] -- Up-to-date: /home/robot/app/robot_ws/install/std_srvs/include/std_srvs/std_srvs/srv/detail/trigger__functions.h
[2.297s] -- Up-to-date: /home/robot/app/robot_ws/install/std_srvs/include/std_srvs/std_srvs/srv/detail/empty__type_support.h
[2.297s] -- Up-to-date: /home/robot/app/robot_ws/install/std_srvs/include/std_srvs/std_srvs/srv/detail/empty__struct.h
[2.297s] -- Up-to-date: /home/robot/app/robot_ws/install/std_srvs/include/std_srvs/std_srvs/srv/detail/empty__functions.c
[2.298s] -- Up-to-date: /home/robot/app/robot_ws/install/std_srvs/include/std_srvs/std_srvs/srv/detail/empty__functions.h
[2.298s] -- Up-to-date: /home/robot/app/robot_ws/install/std_srvs/include/std_srvs/std_srvs/srv/detail/trigger__type_support.h
[2.298s] -- Up-to-date: /home/robot/app/robot_ws/install/std_srvs/include/std_srvs/std_srvs/srv/detail/set_bool__functions.h
[2.300s] -- Up-to-date: /home/robot/app/robot_ws/install/std_srvs/include/std_srvs/std_srvs/srv/detail/trigger__struct.h
[2.301s] -- Up-to-date: /home/robot/app/robot_ws/install/std_srvs/include/std_srvs/std_srvs/srv/detail/set_bool__type_support.h
[2.301s] -- Up-to-date: /home/robot/app/robot_ws/install/std_srvs/include/std_srvs/std_srvs/srv/detail/set_bool__struct.h
[2.301s] -- Up-to-date: /home/robot/app/robot_ws/install/std_srvs/include/std_srvs/std_srvs/srv/trigger.h
[2.301s] -- Up-to-date: /home/robot/app/robot_ws/install/std_srvs/include/std_srvs/std_srvs/srv/empty.h
[2.304s] -- Up-to-date: /home/robot/app/robot_ws/install/std_srvs/include/std_srvs/std_srvs/msg
[2.304s] -- Up-to-date: /home/robot/app/robot_ws/install/std_srvs/include/std_srvs/std_srvs/msg/rosidl_generator_c__visibility_control.h
[2.304s] -- Up-to-date: /home/robot/app/robot_ws/install/std_srvs/share/std_srvs/environment/library_path.sh
[2.304s] -- Up-to-date: /home/robot/app/robot_ws/install/std_srvs/share/std_srvs/environment/library_path.dsv
[2.304s] -- Up-to-date: /home/robot/app/robot_ws/install/std_srvs/lib/libstd_srvs__rosidl_generator_c.so
[2.305s] -- Up-to-date: /home/robot/app/robot_ws/install/std_srvs/include/std_srvs
[2.305s] -- Up-to-date: /home/robot/app/robot_ws/install/std_srvs/include/std_srvs/srv
[2.305s] -- Up-to-date: /home/robot/app/robot_ws/install/std_srvs/include/std_srvs/srv/detail
[2.305s] -- Up-to-date: /home/robot/app/robot_ws/install/std_srvs/include/std_srvs/srv/detail/trigger__rosidl_typesupport_microxrcedds_c.h
[2.305s] -- Up-to-date: /home/robot/app/robot_ws/install/std_srvs/include/std_srvs/srv/detail/set_bool__rosidl_typesupport_microxrcedds_c.h
[2.305s] -- Up-to-date: /home/robot/app/robot_ws/install/std_srvs/include/std_srvs/srv/detail/empty__rosidl_typesupport_microxrcedds_c.h
[2.305s] -- Up-to-date: /home/robot/app/robot_ws/install/std_srvs/include/std_srvs/srv/detail/microxrcedds
[2.305s] -- Up-to-date: /home/robot/app/robot_ws/install/std_srvs/include/std_srvs/msg
[2.305s] -- Up-to-date: /home/robot/app/robot_ws/install/std_srvs/include/std_srvs/msg/rosidl_typesupport_microxrcedds_c__visibility_control.h
[2.305s] -- Up-to-date: /home/robot/app/robot_ws/install/std_srvs/lib/libstd_srvs__rosidl_typesupport_microxrcedds_c.so
[2.306s] -- Up-to-date: /home/robot/app/robot_ws/install/std_srvs/include/std_srvs/std_srvs
[2.306s] -- Up-to-date: /home/robot/app/robot_ws/install/std_srvs/include/std_srvs/std_srvs/srv
[2.306s] -- Up-to-date: /home/robot/app/robot_ws/install/std_srvs/include/std_srvs/std_srvs/srv/detail
[2.306s] -- Up-to-date: /home/robot/app/robot_ws/install/std_srvs/include/std_srvs/std_srvs/srv/detail/empty__rosidl_typesupport_fastrtps_c.h
[2.306s] -- Up-to-date: /home/robot/app/robot_ws/install/std_srvs/include/std_srvs/std_srvs/srv/detail/set_bool__rosidl_typesupport_fastrtps_c.h
[2.306s] -- Up-to-date: /home/robot/app/robot_ws/install/std_srvs/include/std_srvs/std_srvs/srv/detail/trigger__rosidl_typesupport_fastrtps_c.h
[2.306s] -- Up-to-date: /home/robot/app/robot_ws/install/std_srvs/include/std_srvs/std_srvs/msg
[2.306s] -- Up-to-date: /home/robot/app/robot_ws/install/std_srvs/include/std_srvs/std_srvs/msg/rosidl_typesupport_fastrtps_c__visibility_control.h
[2.306s] -- Up-to-date: /home/robot/app/robot_ws/install/std_srvs/lib/libstd_srvs__rosidl_typesupport_fastrtps_c.so
[2.306s] -- Up-to-date: /home/robot/app/robot_ws/install/std_srvs/include/std_srvs/std_srvs
[2.307s] -- Up-to-date: /home/robot/app/robot_ws/install/std_srvs/include/std_srvs/std_srvs/srv
[2.307s] -- Up-to-date: /home/robot/app/robot_ws/install/std_srvs/include/std_srvs/std_srvs/srv/detail
[2.307s] -- Up-to-date: /home/robot/app/robot_ws/install/std_srvs/include/std_srvs/std_srvs/srv/detail/set_bool__rosidl_typesupport_introspection_c.h
[2.307s] -- Up-to-date: /home/robot/app/robot_ws/install/std_srvs/include/std_srvs/std_srvs/srv/detail/trigger__rosidl_typesupport_introspection_c.h
[2.307s] -- Up-to-date: /home/robot/app/robot_ws/install/std_srvs/include/std_srvs/std_srvs/srv/detail/trigger__type_support.c
[2.307s] -- Up-to-date: /home/robot/app/robot_ws/install/std_srvs/include/std_srvs/std_srvs/srv/detail/empty__type_support.c
[2.307s] -- Up-to-date: /home/robot/app/robot_ws/install/std_srvs/include/std_srvs/std_srvs/srv/detail/empty__rosidl_typesupport_introspection_c.h
[2.307s] -- Up-to-date: /home/robot/app/robot_ws/install/std_srvs/include/std_srvs/std_srvs/srv/detail/set_bool__type_support.c
[2.307s] -- Up-to-date: /home/robot/app/robot_ws/install/std_srvs/include/std_srvs/std_srvs/msg
[2.307s] -- Up-to-date: /home/robot/app/robot_ws/install/std_srvs/include/std_srvs/std_srvs/msg/rosidl_typesupport_introspection_c__visibility_control.h
[2.308s] -- Up-to-date: /home/robot/app/robot_ws/install/std_srvs/lib/libstd_srvs__rosidl_typesupport_introspection_c.so
[2.308s] -- Up-to-date: /home/robot/app/robot_ws/install/std_srvs/lib/libstd_srvs__rosidl_typesupport_c.so
[2.308s] -- Up-to-date: /home/robot/app/robot_ws/install/std_srvs/include/std_srvs/std_srvs
[2.310s] -- Up-to-date: /home/robot/app/robot_ws/install/std_srvs/include/std_srvs/std_srvs/srv
[2.310s] -- Up-to-date: /home/robot/app/robot_ws/install/std_srvs/include/std_srvs/std_srvs/srv/set_bool.hpp
[2.312s] -- Up-to-date: /home/robot/app/robot_ws/install/std_srvs/include/std_srvs/std_srvs/srv/trigger.hpp
[2.312s] -- Up-to-date: /home/robot/app/robot_ws/install/std_srvs/include/std_srvs/std_srvs/srv/empty.hpp
[2.312s] -- Up-to-date: /home/robot/app/robot_ws/install/std_srvs/include/std_srvs/std_srvs/srv/detail
[2.312s] -- Up-to-date: /home/robot/app/robot_ws/install/std_srvs/include/std_srvs/std_srvs/srv/detail/set_bool__struct.hpp
[2.312s] -- Up-to-date: /home/robot/app/robot_ws/install/std_srvs/include/std_srvs/std_srvs/srv/detail/empty__struct.hpp
[2.312s] -- Up-to-date: /home/robot/app/robot_ws/install/std_srvs/include/std_srvs/std_srvs/srv/detail/trigger__struct.hpp
[2.312s] -- Up-to-date: /home/robot/app/robot_ws/install/std_srvs/include/std_srvs/std_srvs/srv/detail/trigger__traits.hpp
[2.313s] -- Up-to-date: /home/robot/app/robot_ws/install/std_srvs/include/std_srvs/std_srvs/srv/detail/empty__traits.hpp
[2.313s] -- Up-to-date: /home/robot/app/robot_ws/install/std_srvs/include/std_srvs/std_srvs/srv/detail/trigger__builder.hpp
[2.313s] -- Up-to-date: /home/robot/app/robot_ws/install/std_srvs/include/std_srvs/std_srvs/srv/detail/set_bool__traits.hpp
[2.313s] -- Up-to-date: /home/robot/app/robot_ws/install/std_srvs/include/std_srvs/std_srvs/srv/detail/set_bool__builder.hpp
[2.313s] -- Up-to-date: /home/robot/app/robot_ws/install/std_srvs/include/std_srvs/std_srvs/srv/detail/empty__builder.hpp
[2.313s] -- Up-to-date: /home/robot/app/robot_ws/install/std_srvs/include/std_srvs
[2.313s] -- Up-to-date: /home/robot/app/robot_ws/install/std_srvs/include/std_srvs/srv
[2.313s] -- Up-to-date: /home/robot/app/robot_ws/install/std_srvs/include/std_srvs/srv/detail
[2.313s] -- Up-to-date: /home/robot/app/robot_ws/install/std_srvs/include/std_srvs/srv/detail/empty__rosidl_typesupport_microxrcedds_cpp.hpp
[2.314s] -- Up-to-date: /home/robot/app/robot_ws/install/std_srvs/include/std_srvs/srv/detail/microxrcedds
[2.314s] -- Up-to-date: /home/robot/app/robot_ws/install/std_srvs/include/std_srvs/srv/detail/microxrcedds/empty__type_support_cpp.cpp
[2.314s] -- Up-to-date: /home/robot/app/robot_ws/install/std_srvs/include/std_srvs/srv/detail/microxrcedds/trigger__type_support_cpp.cpp
[2.314s] -- Up-to-date: /home/robot/app/robot_ws/install/std_srvs/include/std_srvs/srv/detail/microxrcedds/set_bool__type_support_cpp.cpp
[2.314s] -- Up-to-date: /home/robot/app/robot_ws/install/std_srvs/include/std_srvs/srv/detail/set_bool__rosidl_typesupport_microxrcedds_cpp.hpp
[2.314s] -- Up-to-date: /home/robot/app/robot_ws/install/std_srvs/include/std_srvs/srv/detail/trigger__rosidl_typesupport_microxrcedds_cpp.hpp
[2.314s] -- Up-to-date: /home/robot/app/robot_ws/install/std_srvs/include/std_srvs/msg
[2.314s] -- Up-to-date: /home/robot/app/robot_ws/install/std_srvs/include/std_srvs/msg/rosidl_typesupport_microxrcedds_cpp__visibility_control.h
[2.314s] -- Up-to-date: /home/robot/app/robot_ws/install/std_srvs/lib/libstd_srvs__rosidl_typesupport_microxrcedds_cpp.so
[2.314s] -- Up-to-date: /home/robot/app/robot_ws/install/std_srvs/include/std_srvs/std_srvs
[2.315s] -- Up-to-date: /home/robot/app/robot_ws/install/std_srvs/include/std_srvs/std_srvs/srv
[2.315s] -- Up-to-date: /home/robot/app/robot_ws/install/std_srvs/include/std_srvs/std_srvs/srv/detail
[2.315s] -- Up-to-date: /home/robot/app/robot_ws/install/std_srvs/include/std_srvs/std_srvs/srv/detail/set_bool__rosidl_typesupport_fastrtps_cpp.hpp
[2.316s] -- Up-to-date: /home/robot/app/robot_ws/install/std_srvs/include/std_srvs/std_srvs/srv/detail/dds_fastrtps
[2.316s] -- Up-to-date: /home/robot/app/robot_ws/install/std_srvs/include/std_srvs/std_srvs/srv/detail/empty__rosidl_typesupport_fastrtps_cpp.hpp
[2.316s] -- Up-to-date: /home/robot/app/robot_ws/install/std_srvs/include/std_srvs/std_srvs/srv/detail/trigger__rosidl_typesupport_fastrtps_cpp.hpp
[2.317s] -- Up-to-date: /home/robot/app/robot_ws/install/std_srvs/include/std_srvs/std_srvs/msg
[2.317s] -- Up-to-date: /home/robot/app/robot_ws/install/std_srvs/include/std_srvs/std_srvs/msg/rosidl_typesupport_fastrtps_cpp__visibility_control.h
[2.317s] -- Up-to-date: /home/robot/app/robot_ws/install/std_srvs/lib/libstd_srvs__rosidl_typesupport_fastrtps_cpp.so
[2.317s] -- Up-to-date: /home/robot/app/robot_ws/install/std_srvs/include/std_srvs/std_srvs
[2.317s] -- Up-to-date: /home/robot/app/robot_ws/install/std_srvs/include/std_srvs/std_srvs/srv
[2.317s] -- Up-to-date: /home/robot/app/robot_ws/install/std_srvs/include/std_srvs/std_srvs/srv/detail
[2.318s] -- Up-to-date: /home/robot/app/robot_ws/install/std_srvs/include/std_srvs/std_srvs/srv/detail/empty__type_support.cpp
[2.319s] -- Up-to-date: /home/robot/app/robot_ws/install/std_srvs/include/std_srvs/std_srvs/srv/detail/trigger__rosidl_typesupport_introspection_cpp.hpp
[2.319s] -- Up-to-date: /home/robot/app/robot_ws/install/std_srvs/include/std_srvs/std_srvs/srv/detail/set_bool__rosidl_typesupport_introspection_cpp.hpp
[2.319s] -- Up-to-date: /home/robot/app/robot_ws/install/std_srvs/include/std_srvs/std_srvs/srv/detail/set_bool__type_support.cpp
[2.319s] -- Up-to-date: /home/robot/app/robot_ws/install/std_srvs/include/std_srvs/std_srvs/srv/detail/trigger__type_support.cpp
[2.319s] -- Up-to-date: /home/robot/app/robot_ws/install/std_srvs/include/std_srvs/std_srvs/srv/detail/empty__rosidl_typesupport_introspection_cpp.hpp
[2.319s] -- Up-to-date: /home/robot/app/robot_ws/install/std_srvs/lib/libstd_srvs__rosidl_typesupport_introspection_cpp.so
[2.319s] -- Up-to-date: /home/robot/app/robot_ws/install/std_srvs/lib/libstd_srvs__rosidl_typesupport_cpp.so
[2.319s] -- Up-to-date: /home/robot/app/robot_ws/install/std_srvs/share/std_srvs/environment/pythonpath.sh
[2.319s] -- Up-to-date: /home/robot/app/robot_ws/install/std_srvs/share/std_srvs/environment/pythonpath.dsv
[2.320s] -- Up-to-date: /home/robot/app/robot_ws/install/std_srvs/local/lib/python3.10/dist-packages/std_srvs-4.2.4-py3.10.egg-info
[2.320s] -- Installing: /home/robot/app/robot_ws/install/std_srvs/local/lib/python3.10/dist-packages/std_srvs-4.2.4-py3.10.egg-info/dependency_links.txt
[2.321s] -- Installing: /home/robot/app/robot_ws/install/std_srvs/local/lib/python3.10/dist-packages/std_srvs-4.2.4-py3.10.egg-info/PKG-INFO
[2.321s] -- Installing: /home/robot/app/robot_ws/install/std_srvs/local/lib/python3.10/dist-packages/std_srvs-4.2.4-py3.10.egg-info/SOURCES.txt
[2.321s] -- Installing: /home/robot/app/robot_ws/install/std_srvs/local/lib/python3.10/dist-packages/std_srvs-4.2.4-py3.10.egg-info/top_level.txt
[2.321s] -- Up-to-date: /home/robot/app/robot_ws/install/std_srvs/local/lib/python3.10/dist-packages/std_srvs
[2.321s] -- Up-to-date: /home/robot/app/robot_ws/install/std_srvs/local/lib/python3.10/dist-packages/std_srvs/__init__.py
[2.322s] -- Up-to-date: /home/robot/app/robot_ws/install/std_srvs/local/lib/python3.10/dist-packages/std_srvs/_std_srvs_s.ep.rosidl_typesupport_c.c
[2.322s] -- Up-to-date: /home/robot/app/robot_ws/install/std_srvs/local/lib/python3.10/dist-packages/std_srvs/srv
[2.323s] -- Up-to-date: /home/robot/app/robot_ws/install/std_srvs/local/lib/python3.10/dist-packages/std_srvs/srv/__init__.py
[2.324s] -- Up-to-date: /home/robot/app/robot_ws/install/std_srvs/local/lib/python3.10/dist-packages/std_srvs/srv/_trigger_s.c
[2.324s] -- Up-to-date: /home/robot/app/robot_ws/install/std_srvs/local/lib/python3.10/dist-packages/std_srvs/srv/_set_bool_s.c
[2.324s] -- Up-to-date: /home/robot/app/robot_ws/install/std_srvs/local/lib/python3.10/dist-packages/std_srvs/srv/_empty_s.c
[2.324s] -- Up-to-date: /home/robot/app/robot_ws/install/std_srvs/local/lib/python3.10/dist-packages/std_srvs/srv/_trigger.py
[2.324s] -- Up-to-date: /home/robot/app/robot_ws/install/std_srvs/local/lib/python3.10/dist-packages/std_srvs/srv/_empty.py
[2.324s] -- Up-to-date: /home/robot/app/robot_ws/install/std_srvs/local/lib/python3.10/dist-packages/std_srvs/srv/_set_bool.py
[2.324s] -- Up-to-date: /home/robot/app/robot_ws/install/std_srvs/local/lib/python3.10/dist-packages/std_srvs/_std_srvs_s.ep.rosidl_typesupport_introspection_c.c
[2.325s] -- Up-to-date: /home/robot/app/robot_ws/install/std_srvs/local/lib/python3.10/dist-packages/std_srvs/std_srvs_s__rosidl_typesupport_fastrtps_c.cpython-310-x86_64-linux-gnu.so
[2.325s] -- Up-to-date: /home/robot/app/robot_ws/install/std_srvs/local/lib/python3.10/dist-packages/std_srvs/libstd_srvs__rosidl_generator_py.so
[2.325s] -- Up-to-date: /home/robot/app/robot_ws/install/std_srvs/local/lib/python3.10/dist-packages/std_srvs/_std_srvs_s.ep.rosidl_typesupport_fastrtps_c.c
[2.325s] -- Up-to-date: /home/robot/app/robot_ws/install/std_srvs/local/lib/python3.10/dist-packages/std_srvs/std_srvs_s__rosidl_typesupport_microxrcedds_c.cpython-310-x86_64-linux-gnu.so
[2.325s] -- Up-to-date: /home/robot/app/robot_ws/install/std_srvs/local/lib/python3.10/dist-packages/std_srvs/_std_srvs_s.ep.rosidl_typesupport_microxrcedds_c.c
[2.325s] -- Up-to-date: /home/robot/app/robot_ws/install/std_srvs/local/lib/python3.10/dist-packages/std_srvs/std_srvs_s__rosidl_typesupport_c.cpython-310-x86_64-linux-gnu.so
[2.326s] -- Up-to-date: /home/robot/app/robot_ws/install/std_srvs/local/lib/python3.10/dist-packages/std_srvs/std_srvs_s__rosidl_typesupport_introspection_c.cpython-310-x86_64-linux-gnu.so
[2.387s] Listing '/home/robot/app/robot_ws/install/std_srvs/local/lib/python3.10/dist-packages/std_srvs'...
[2.387s] Listing '/home/robot/app/robot_ws/install/std_srvs/local/lib/python3.10/dist-packages/std_srvs/srv'...
[2.394s] -- Up-to-date: /home/robot/app/robot_ws/install/std_srvs/local/lib/python3.10/dist-packages/std_srvs/std_srvs_s__rosidl_typesupport_microxrcedds_c.cpython-310-x86_64-linux-gnu.so
[2.394s] -- Up-to-date: /home/robot/app/robot_ws/install/std_srvs/local/lib/python3.10/dist-packages/std_srvs/std_srvs_s__rosidl_typesupport_fastrtps_c.cpython-310-x86_64-linux-gnu.so
[2.396s] -- Up-to-date: /home/robot/app/robot_ws/install/std_srvs/local/lib/python3.10/dist-packages/std_srvs/std_srvs_s__rosidl_typesupport_introspection_c.cpython-310-x86_64-linux-gnu.so
[2.397s] -- Up-to-date: /home/robot/app/robot_ws/install/std_srvs/local/lib/python3.10/dist-packages/std_srvs/std_srvs_s__rosidl_typesupport_c.cpython-310-x86_64-linux-gnu.so
[2.397s] -- Up-to-date: /home/robot/app/robot_ws/install/std_srvs/lib/libstd_srvs__rosidl_generator_py.so
[2.397s] -- Up-to-date: /home/robot/app/robot_ws/install/std_srvs/share/std_srvs/srv/Empty.idl
[2.397s] -- Up-to-date: /home/robot/app/robot_ws/install/std_srvs/share/std_srvs/srv/SetBool.idl
[2.397s] -- Up-to-date: /home/robot/app/robot_ws/install/std_srvs/share/std_srvs/srv/Trigger.idl
[2.397s] -- Up-to-date: /home/robot/app/robot_ws/install/std_srvs/share/std_srvs/srv/Empty.srv
[2.398s] -- Up-to-date: /home/robot/app/robot_ws/install/std_srvs/share/std_srvs/srv/Empty_Request.msg
[2.398s] -- Up-to-date: /home/robot/app/robot_ws/install/std_srvs/share/std_srvs/srv/Empty_Response.msg
[2.398s] -- Up-to-date: /home/robot/app/robot_ws/install/std_srvs/share/std_srvs/srv/SetBool.srv
[2.398s] -- Up-to-date: /home/robot/app/robot_ws/install/std_srvs/share/std_srvs/srv/SetBool_Request.msg
[2.399s] -- Up-to-date: /home/robot/app/robot_ws/install/std_srvs/share/std_srvs/srv/SetBool_Response.msg
[2.399s] -- Up-to-date: /home/robot/app/robot_ws/install/std_srvs/share/std_srvs/srv/Trigger.srv
[2.399s] -- Up-to-date: /home/robot/app/robot_ws/install/std_srvs/share/std_srvs/srv/Trigger_Request.msg
[2.399s] -- Up-to-date: /home/robot/app/robot_ws/install/std_srvs/share/std_srvs/srv/Trigger_Response.msg
[2.399s] -- Up-to-date: /home/robot/app/robot_ws/install/std_srvs/share/ament_index/resource_index/package_run_dependencies/std_srvs
[2.399s] -- Up-to-date: /home/robot/app/robot_ws/install/std_srvs/share/ament_index/resource_index/parent_prefix_path/std_srvs
[2.399s] -- Up-to-date: /home/robot/app/robot_ws/install/std_srvs/share/std_srvs/environment/ament_prefix_path.sh
[2.400s] -- Up-to-date: /home/robot/app/robot_ws/install/std_srvs/share/std_srvs/environment/ament_prefix_path.dsv
[2.400s] -- Up-to-date: /home/robot/app/robot_ws/install/std_srvs/share/std_srvs/environment/path.sh
[2.400s] -- Up-to-date: /home/robot/app/robot_ws/install/std_srvs/share/std_srvs/environment/path.dsv
[2.401s] -- Up-to-date: /home/robot/app/robot_ws/install/std_srvs/share/std_srvs/local_setup.bash
[2.401s] -- Up-to-date: /home/robot/app/robot_ws/install/std_srvs/share/std_srvs/local_setup.sh
[2.401s] -- Up-to-date: /home/robot/app/robot_ws/install/std_srvs/share/std_srvs/local_setup.zsh
[2.401s] -- Up-to-date: /home/robot/app/robot_ws/install/std_srvs/share/std_srvs/local_setup.dsv
[2.402s] -- Installing: /home/robot/app/robot_ws/install/std_srvs/share/std_srvs/package.dsv
[2.402s] -- Up-to-date: /home/robot/app/robot_ws/install/std_srvs/share/ament_index/resource_index/packages/std_srvs
[2.403s] -- Up-to-date: /home/robot/app/robot_ws/install/std_srvs/share/std_srvs/cmake/export_std_srvs__rosidl_generator_cExport.cmake
[2.403s] -- Up-to-date: /home/robot/app/robot_ws/install/std_srvs/share/std_srvs/cmake/export_std_srvs__rosidl_generator_cExport-noconfig.cmake
[2.403s] -- Up-to-date: /home/robot/app/robot_ws/install/std_srvs/share/std_srvs/cmake/export_std_srvs__rosidl_typesupport_fastrtps_cExport.cmake
[2.403s] -- Up-to-date: /home/robot/app/robot_ws/install/std_srvs/share/std_srvs/cmake/export_std_srvs__rosidl_typesupport_fastrtps_cExport-noconfig.cmake
[2.404s] -- Up-to-date: /home/robot/app/robot_ws/install/std_srvs/share/std_srvs/cmake/std_srvs__rosidl_typesupport_introspection_cExport.cmake
[2.404s] -- Up-to-date: /home/robot/app/robot_ws/install/std_srvs/share/std_srvs/cmake/std_srvs__rosidl_typesupport_introspection_cExport-noconfig.cmake
[2.404s] -- Up-to-date: /home/robot/app/robot_ws/install/std_srvs/share/std_srvs/cmake/std_srvs__rosidl_typesupport_cExport.cmake
[2.404s] -- Up-to-date: /home/robot/app/robot_ws/install/std_srvs/share/std_srvs/cmake/std_srvs__rosidl_typesupport_cExport-noconfig.cmake
[2.405s] -- Up-to-date: /home/robot/app/robot_ws/install/std_srvs/share/std_srvs/cmake/export_std_srvs__rosidl_generator_cppExport.cmake
[2.407s] -- Up-to-date: /home/robot/app/robot_ws/install/std_srvs/share/std_srvs/cmake/export_std_srvs__rosidl_typesupport_fastrtps_cppExport.cmake
[2.407s] -- Up-to-date: /home/robot/app/robot_ws/install/std_srvs/share/std_srvs/cmake/export_std_srvs__rosidl_typesupport_fastrtps_cppExport-noconfig.cmake
[2.407s] -- Up-to-date: /home/robot/app/robot_ws/install/std_srvs/share/std_srvs/cmake/std_srvs__rosidl_typesupport_introspection_cppExport.cmake
[2.407s] -- Up-to-date: /home/robot/app/robot_ws/install/std_srvs/share/std_srvs/cmake/std_srvs__rosidl_typesupport_introspection_cppExport-noconfig.cmake
[2.407s] -- Up-to-date: /home/robot/app/robot_ws/install/std_srvs/share/std_srvs/cmake/std_srvs__rosidl_typesupport_cppExport.cmake
[2.407s] -- Up-to-date: /home/robot/app/robot_ws/install/std_srvs/share/std_srvs/cmake/std_srvs__rosidl_typesupport_cppExport-noconfig.cmake
[2.408s] -- Up-to-date: /home/robot/app/robot_ws/install/std_srvs/share/std_srvs/cmake/export_std_srvs__rosidl_generator_pyExport.cmake
[2.408s] -- Up-to-date: /home/robot/app/robot_ws/install/std_srvs/share/std_srvs/cmake/export_std_srvs__rosidl_generator_pyExport-noconfig.cmake
[2.408s] -- Up-to-date: /home/robot/app/robot_ws/install/std_srvs/share/std_srvs/cmake/rosidl_cmake-extras.cmake
[2.408s] -- Up-to-date: /home/robot/app/robot_ws/install/std_srvs/share/std_srvs/cmake/ament_cmake_export_include_directories-extras.cmake
[2.408s] -- Up-to-date: /home/robot/app/robot_ws/install/std_srvs/share/std_srvs/cmake/ament_cmake_export_libraries-extras.cmake
[2.413s] -- Up-to-date: /home/robot/app/robot_ws/install/std_srvs/share/std_srvs/cmake/ament_cmake_export_targets-extras.cmake
[2.413s] -- Up-to-date: /home/robot/app/robot_ws/install/std_srvs/share/std_srvs/cmake/rosidl_cmake_export_typesupport_targets-extras.cmake
[2.414s] -- Up-to-date: /home/robot/app/robot_ws/install/std_srvs/share/std_srvs/cmake/ament_cmake_export_dependencies-extras.cmake
[2.414s] -- Up-to-date: /home/robot/app/robot_ws/install/std_srvs/share/std_srvs/cmake/rosidl_cmake_export_typesupport_libraries-extras.cmake
[2.414s] -- Up-to-date: /home/robot/app/robot_ws/install/std_srvs/share/std_srvs/cmake/std_srvsConfig.cmake
[2.414s] -- Up-to-date: /home/robot/app/robot_ws/install/std_srvs/share/std_srvs/cmake/std_srvsConfig-version.cmake
[2.414s] -- Up-to-date: /home/robot/app/robot_ws/install/std_srvs/share/std_srvs/package.xml
[2.414s] Invoked command in '/home/robot/app/robot_ws/build/std_srvs' returned '0': CMAKE_PREFIX_PATH=${CMAKE_PREFIX_PATH}:/home/robot/app/robot_ws/install/sensor_msgs_py:/opt/ros/humble /usr/bin/cmake --install /home/robot/app/robot_ws/build/std_srvs
