[0.079s] Invoking command in '/home/robot/app/robot_ws/build/my_custom_message': CMAKE_PREFIX_PATH=${CMAKE_PREFIX_PATH}:/home/robot/app/robot_ws/install/sensor_msgs_py:/opt/ros/humble /usr/bin/cmake --build /home/robot/app/robot_ws/build/my_custom_message -- -j8 -l8
[0.407s] [  2%] Built target my_custom_message__cpp
[0.420s] [ 10%] Built target my_custom_message__rosidl_generator_c
[0.480s] [ 10%] Built target ament_cmake_python_copy_my_custom_message
[0.566s] [ 17%] Built target my_custom_message__rosidl_typesupport_microxrcedds_cpp
[0.594s] [ 25%] Built target my_custom_message__rosidl_typesupport_fastrtps_cpp
[0.605s] [ 33%] Built target my_custom_message__rosidl_typesupport_cpp
[0.606s] [ 41%] Built target my_custom_message__rosidl_typesupport_fastrtps_c
[0.614s] [ 48%] Built target my_custom_message__rosidl_typesupport_introspection_cpp
[0.637s] [ 56%] Built target my_custom_message__rosidl_typesupport_introspection_c
[0.637s] [ 64%] Built target my_custom_message__rosidl_typesupport_microxrcedds_c
[0.653s] [ 71%] Built target my_custom_message__rosidl_typesupport_c
[0.784s] [ 71%] Built target my_custom_message
[0.872s] [ 74%] Built target my_custom_message__py
[0.982s] [ 79%] Built target my_custom_message__rosidl_generator_py
[1.102s] [ 84%] Built target my_custom_message__rosidl_typesupport_introspection_c__pyext
[1.110s] [ 89%] Built target my_custom_message__rosidl_typesupport_microxrcedds_c__pyext
[1.116s] [ 94%] Built target my_custom_message__rosidl_typesupport_fastrtps_c__pyext
[1.145s] [100%] Built target my_custom_message__rosidl_typesupport_c__pyext
[1.544s] running egg_info
[1.547s] writing my_custom_message.egg-info/PKG-INFO
[1.548s] writing dependency_links to my_custom_message.egg-info/dependency_links.txt
[1.550s] writing top-level names to my_custom_message.egg-info/top_level.txt
[1.555s] reading manifest file 'my_custom_message.egg-info/SOURCES.txt'
[1.563s] writing manifest file 'my_custom_message.egg-info/SOURCES.txt'
[1.614s] [100%] Built target ament_cmake_python_build_my_custom_message_egg
[1.657s] Invoked command in '/home/robot/app/robot_ws/build/my_custom_message' returned '0': CMAKE_PREFIX_PATH=${CMAKE_PREFIX_PATH}:/home/robot/app/robot_ws/install/sensor_msgs_py:/opt/ros/humble /usr/bin/cmake --build /home/robot/app/robot_ws/build/my_custom_message -- -j8 -l8
[2.194s] Invoking command in '/home/robot/app/robot_ws/build/my_custom_message': CMAKE_PREFIX_PATH=${CMAKE_PREFIX_PATH}:/home/robot/app/robot_ws/install/sensor_msgs_py:/opt/ros/humble /usr/bin/cmake --install /home/robot/app/robot_ws/build/my_custom_message
[2.277s] -- Install configuration: ""
[2.278s] -- Up-to-date: /home/robot/app/robot_ws/install/my_custom_message/share/ament_index/resource_index/rosidl_interfaces/my_custom_message
[2.283s] -- Up-to-date: /home/robot/app/robot_ws/install/my_custom_message/include/my_custom_message/my_custom_message
[2.284s] -- Up-to-date: /home/robot/app/robot_ws/install/my_custom_message/include/my_custom_message/my_custom_message/msg
[2.284s] -- Up-to-date: /home/robot/app/robot_ws/install/my_custom_message/include/my_custom_message/my_custom_message/msg/my_custom_message.h
[2.284s] -- Up-to-date: /home/robot/app/robot_ws/install/my_custom_message/include/my_custom_message/my_custom_message/msg/detail
[2.284s] -- Up-to-date: /home/robot/app/robot_ws/install/my_custom_message/include/my_custom_message/my_custom_message/msg/detail/my_custom_message__type_support.h
[2.284s] -- Up-to-date: /home/robot/app/robot_ws/install/my_custom_message/include/my_custom_message/my_custom_message/msg/detail/my_custom_message__functions.c
[2.284s] -- Up-to-date: /home/robot/app/robot_ws/install/my_custom_message/include/my_custom_message/my_custom_message/msg/detail/my_custom_message__struct.h
[2.285s] -- Up-to-date: /home/robot/app/robot_ws/install/my_custom_message/include/my_custom_message/my_custom_message/msg/detail/my_custom_message__functions.h
[2.285s] -- Up-to-date: /home/robot/app/robot_ws/install/my_custom_message/include/my_custom_message/my_custom_message/msg/rosidl_generator_c__visibility_control.h
[2.285s] -- Up-to-date: /home/robot/app/robot_ws/install/my_custom_message/share/my_custom_message/environment/library_path.sh
[2.285s] -- Up-to-date: /home/robot/app/robot_ws/install/my_custom_message/share/my_custom_message/environment/library_path.dsv
[2.286s] -- Up-to-date: /home/robot/app/robot_ws/install/my_custom_message/lib/libmy_custom_message__rosidl_generator_c.so
[2.286s] -- Up-to-date: /home/robot/app/robot_ws/install/my_custom_message/include/my_custom_message
[2.286s] -- Up-to-date: /home/robot/app/robot_ws/install/my_custom_message/include/my_custom_message/msg
[2.287s] -- Up-to-date: /home/robot/app/robot_ws/install/my_custom_message/include/my_custom_message/msg/detail
[2.290s] -- Up-to-date: /home/robot/app/robot_ws/install/my_custom_message/include/my_custom_message/msg/detail/microxrcedds
[2.291s] -- Up-to-date: /home/robot/app/robot_ws/install/my_custom_message/include/my_custom_message/msg/detail/my_custom_message__rosidl_typesupport_microxrcedds_c.h
[2.291s] -- Up-to-date: /home/robot/app/robot_ws/install/my_custom_message/include/my_custom_message/msg/rosidl_typesupport_microxrcedds_c__visibility_control.h
[2.291s] -- Up-to-date: /home/robot/app/robot_ws/install/my_custom_message/lib/libmy_custom_message__rosidl_typesupport_microxrcedds_c.so
[2.291s] -- Up-to-date: /home/robot/app/robot_ws/install/my_custom_message/include/my_custom_message/my_custom_message
[2.292s] -- Up-to-date: /home/robot/app/robot_ws/install/my_custom_message/include/my_custom_message/my_custom_message/msg
[2.292s] -- Up-to-date: /home/robot/app/robot_ws/install/my_custom_message/include/my_custom_message/my_custom_message/msg/detail
[2.292s] -- Up-to-date: /home/robot/app/robot_ws/install/my_custom_message/include/my_custom_message/my_custom_message/msg/detail/my_custom_message__rosidl_typesupport_fastrtps_c.h
[2.292s] -- Up-to-date: /home/robot/app/robot_ws/install/my_custom_message/include/my_custom_message/my_custom_message/msg/rosidl_typesupport_fastrtps_c__visibility_control.h
[2.292s] -- Up-to-date: /home/robot/app/robot_ws/install/my_custom_message/lib/libmy_custom_message__rosidl_typesupport_fastrtps_c.so
[2.292s] -- Up-to-date: /home/robot/app/robot_ws/install/my_custom_message/include/my_custom_message/my_custom_message
[2.293s] -- Up-to-date: /home/robot/app/robot_ws/install/my_custom_message/include/my_custom_message/my_custom_message/msg
[2.293s] -- Up-to-date: /home/robot/app/robot_ws/install/my_custom_message/include/my_custom_message/my_custom_message/msg/rosidl_typesupport_introspection_c__visibility_control.h
[2.293s] -- Up-to-date: /home/robot/app/robot_ws/install/my_custom_message/include/my_custom_message/my_custom_message/msg/detail
[2.293s] -- Up-to-date: /home/robot/app/robot_ws/install/my_custom_message/include/my_custom_message/my_custom_message/msg/detail/my_custom_message__type_support.c
[2.293s] -- Up-to-date: /home/robot/app/robot_ws/install/my_custom_message/include/my_custom_message/my_custom_message/msg/detail/my_custom_message__rosidl_typesupport_introspection_c.h
[2.297s] -- Up-to-date: /home/robot/app/robot_ws/install/my_custom_message/lib/libmy_custom_message__rosidl_typesupport_introspection_c.so
[2.297s] -- Up-to-date: /home/robot/app/robot_ws/install/my_custom_message/lib/libmy_custom_message__rosidl_typesupport_c.so
[2.298s] -- Up-to-date: /home/robot/app/robot_ws/install/my_custom_message/include/my_custom_message/my_custom_message
[2.298s] -- Up-to-date: /home/robot/app/robot_ws/install/my_custom_message/include/my_custom_message/my_custom_message/msg
[2.298s] -- Up-to-date: /home/robot/app/robot_ws/install/my_custom_message/include/my_custom_message/my_custom_message/msg/my_custom_message.hpp
[2.298s] -- Up-to-date: /home/robot/app/robot_ws/install/my_custom_message/include/my_custom_message/my_custom_message/msg/detail
[2.299s] -- Up-to-date: /home/robot/app/robot_ws/install/my_custom_message/include/my_custom_message/my_custom_message/msg/detail/my_custom_message__builder.hpp
[2.299s] -- Up-to-date: /home/robot/app/robot_ws/install/my_custom_message/include/my_custom_message/my_custom_message/msg/detail/my_custom_message__struct.hpp
[2.299s] -- Up-to-date: /home/robot/app/robot_ws/install/my_custom_message/include/my_custom_message/my_custom_message/msg/detail/my_custom_message__traits.hpp
[2.299s] -- Up-to-date: /home/robot/app/robot_ws/install/my_custom_message/include/my_custom_message
[2.299s] -- Up-to-date: /home/robot/app/robot_ws/install/my_custom_message/include/my_custom_message/msg
[2.300s] -- Up-to-date: /home/robot/app/robot_ws/install/my_custom_message/include/my_custom_message/msg/detail
[2.310s] -- Up-to-date: /home/robot/app/robot_ws/install/my_custom_message/include/my_custom_message/msg/detail/microxrcedds
[2.310s] -- Up-to-date: /home/robot/app/robot_ws/install/my_custom_message/include/my_custom_message/msg/detail/microxrcedds/my_custom_message__type_support_cpp.cpp
[2.311s] -- Up-to-date: /home/robot/app/robot_ws/install/my_custom_message/include/my_custom_message/msg/detail/my_custom_message__rosidl_typesupport_microxrcedds_cpp.hpp
[2.311s] -- Up-to-date: /home/robot/app/robot_ws/install/my_custom_message/include/my_custom_message/msg/rosidl_typesupport_microxrcedds_cpp__visibility_control.h
[2.311s] -- Up-to-date: /home/robot/app/robot_ws/install/my_custom_message/lib/libmy_custom_message__rosidl_typesupport_microxrcedds_cpp.so
[2.311s] -- Up-to-date: /home/robot/app/robot_ws/install/my_custom_message/include/my_custom_message/my_custom_message
[2.311s] -- Up-to-date: /home/robot/app/robot_ws/install/my_custom_message/include/my_custom_message/my_custom_message/msg
[2.311s] -- Up-to-date: /home/robot/app/robot_ws/install/my_custom_message/include/my_custom_message/my_custom_message/msg/rosidl_typesupport_fastrtps_cpp__visibility_control.h
[2.312s] -- Up-to-date: /home/robot/app/robot_ws/install/my_custom_message/include/my_custom_message/my_custom_message/msg/detail
[2.312s] -- Up-to-date: /home/robot/app/robot_ws/install/my_custom_message/include/my_custom_message/my_custom_message/msg/detail/dds_fastrtps
[2.312s] -- Up-to-date: /home/robot/app/robot_ws/install/my_custom_message/include/my_custom_message/my_custom_message/msg/detail/my_custom_message__rosidl_typesupport_fastrtps_cpp.hpp
[2.312s] -- Up-to-date: /home/robot/app/robot_ws/install/my_custom_message/lib/libmy_custom_message__rosidl_typesupport_fastrtps_cpp.so
[2.312s] -- Up-to-date: /home/robot/app/robot_ws/install/my_custom_message/include/my_custom_message/my_custom_message
[2.313s] -- Up-to-date: /home/robot/app/robot_ws/install/my_custom_message/include/my_custom_message/my_custom_message/msg
[2.313s] -- Up-to-date: /home/robot/app/robot_ws/install/my_custom_message/include/my_custom_message/my_custom_message/msg/detail
[2.313s] -- Up-to-date: /home/robot/app/robot_ws/install/my_custom_message/include/my_custom_message/my_custom_message/msg/detail/my_custom_message__type_support.cpp
[2.313s] -- Up-to-date: /home/robot/app/robot_ws/install/my_custom_message/include/my_custom_message/my_custom_message/msg/detail/my_custom_message__rosidl_typesupport_introspection_cpp.hpp
[2.313s] -- Up-to-date: /home/robot/app/robot_ws/install/my_custom_message/lib/libmy_custom_message__rosidl_typesupport_introspection_cpp.so
[2.318s] -- Up-to-date: /home/robot/app/robot_ws/install/my_custom_message/lib/libmy_custom_message__rosidl_typesupport_cpp.so
[2.318s] -- Up-to-date: /home/robot/app/robot_ws/install/my_custom_message/share/my_custom_message/environment/pythonpath.sh
[2.318s] -- Up-to-date: /home/robot/app/robot_ws/install/my_custom_message/share/my_custom_message/environment/pythonpath.dsv
[2.318s] -- Up-to-date: /home/robot/app/robot_ws/install/my_custom_message/local/lib/python3.10/dist-packages/my_custom_message-0.0.0-py3.10.egg-info
[2.318s] -- Installing: /home/robot/app/robot_ws/install/my_custom_message/local/lib/python3.10/dist-packages/my_custom_message-0.0.0-py3.10.egg-info/dependency_links.txt
[2.319s] -- Installing: /home/robot/app/robot_ws/install/my_custom_message/local/lib/python3.10/dist-packages/my_custom_message-0.0.0-py3.10.egg-info/PKG-INFO
[2.319s] -- Installing: /home/robot/app/robot_ws/install/my_custom_message/local/lib/python3.10/dist-packages/my_custom_message-0.0.0-py3.10.egg-info/SOURCES.txt
[2.319s] -- Installing: /home/robot/app/robot_ws/install/my_custom_message/local/lib/python3.10/dist-packages/my_custom_message-0.0.0-py3.10.egg-info/top_level.txt
[2.319s] -- Up-to-date: /home/robot/app/robot_ws/install/my_custom_message/local/lib/python3.10/dist-packages/my_custom_message
[2.319s] -- Up-to-date: /home/robot/app/robot_ws/install/my_custom_message/local/lib/python3.10/dist-packages/my_custom_message/__init__.py
[2.320s] -- Up-to-date: /home/robot/app/robot_ws/install/my_custom_message/local/lib/python3.10/dist-packages/my_custom_message/my_custom_message_s__rosidl_typesupport_fastrtps_c.cpython-310-x86_64-linux-gnu.so
[2.320s] -- Up-to-date: /home/robot/app/robot_ws/install/my_custom_message/local/lib/python3.10/dist-packages/my_custom_message/_my_custom_message_s.ep.rosidl_typesupport_microxrcedds_c.c
[2.320s] -- Up-to-date: /home/robot/app/robot_ws/install/my_custom_message/local/lib/python3.10/dist-packages/my_custom_message/my_custom_message_s__rosidl_typesupport_introspection_c.cpython-310-x86_64-linux-gnu.so
[2.320s] -- Up-to-date: /home/robot/app/robot_ws/install/my_custom_message/local/lib/python3.10/dist-packages/my_custom_message/_my_custom_message_s.ep.rosidl_typesupport_c.c
[2.320s] -- Up-to-date: /home/robot/app/robot_ws/install/my_custom_message/local/lib/python3.10/dist-packages/my_custom_message/my_custom_message_s__rosidl_typesupport_microxrcedds_c.cpython-310-x86_64-linux-gnu.so
[2.320s] -- Up-to-date: /home/robot/app/robot_ws/install/my_custom_message/local/lib/python3.10/dist-packages/my_custom_message/libmy_custom_message__rosidl_generator_py.so
[2.324s] -- Up-to-date: /home/robot/app/robot_ws/install/my_custom_message/local/lib/python3.10/dist-packages/my_custom_message/my_custom_message_s__rosidl_typesupport_c.cpython-310-x86_64-linux-gnu.so
[2.324s] -- Up-to-date: /home/robot/app/robot_ws/install/my_custom_message/local/lib/python3.10/dist-packages/my_custom_message/_my_custom_message_s.ep.rosidl_typesupport_introspection_c.c
[2.324s] -- Up-to-date: /home/robot/app/robot_ws/install/my_custom_message/local/lib/python3.10/dist-packages/my_custom_message/msg
[2.325s] -- Up-to-date: /home/robot/app/robot_ws/install/my_custom_message/local/lib/python3.10/dist-packages/my_custom_message/msg/__init__.py
[2.325s] -- Up-to-date: /home/robot/app/robot_ws/install/my_custom_message/local/lib/python3.10/dist-packages/my_custom_message/msg/_my_custom_message.py
[2.325s] -- Up-to-date: /home/robot/app/robot_ws/install/my_custom_message/local/lib/python3.10/dist-packages/my_custom_message/msg/_my_custom_message_s.c
[2.325s] -- Up-to-date: /home/robot/app/robot_ws/install/my_custom_message/local/lib/python3.10/dist-packages/my_custom_message/_my_custom_message_s.ep.rosidl_typesupport_fastrtps_c.c
[2.413s] Listing '/home/robot/app/robot_ws/install/my_custom_message/local/lib/python3.10/dist-packages/my_custom_message'...
[2.413s] Listing '/home/robot/app/robot_ws/install/my_custom_message/local/lib/python3.10/dist-packages/my_custom_message/msg'...
[2.430s] -- Up-to-date: /home/robot/app/robot_ws/install/my_custom_message/local/lib/python3.10/dist-packages/my_custom_message/my_custom_message_s__rosidl_typesupport_microxrcedds_c.cpython-310-x86_64-linux-gnu.so
[2.442s] -- Up-to-date: /home/robot/app/robot_ws/install/my_custom_message/local/lib/python3.10/dist-packages/my_custom_message/my_custom_message_s__rosidl_typesupport_fastrtps_c.cpython-310-x86_64-linux-gnu.so
[2.444s] -- Up-to-date: /home/robot/app/robot_ws/install/my_custom_message/local/lib/python3.10/dist-packages/my_custom_message/my_custom_message_s__rosidl_typesupport_introspection_c.cpython-310-x86_64-linux-gnu.so
[2.444s] -- Up-to-date: /home/robot/app/robot_ws/install/my_custom_message/local/lib/python3.10/dist-packages/my_custom_message/my_custom_message_s__rosidl_typesupport_c.cpython-310-x86_64-linux-gnu.so
[2.447s] -- Up-to-date: /home/robot/app/robot_ws/install/my_custom_message/lib/libmy_custom_message__rosidl_generator_py.so
[2.447s] -- Up-to-date: /home/robot/app/robot_ws/install/my_custom_message/share/my_custom_message/msg/MyCustomMessage.idl
[2.448s] -- Up-to-date: /home/robot/app/robot_ws/install/my_custom_message/share/my_custom_message/msg/MyCustomMessage.msg
[2.448s] -- Up-to-date: /home/robot/app/robot_ws/install/my_custom_message/share/ament_index/resource_index/package_run_dependencies/my_custom_message
[2.449s] -- Up-to-date: /home/robot/app/robot_ws/install/my_custom_message/share/ament_index/resource_index/parent_prefix_path/my_custom_message
[2.449s] -- Up-to-date: /home/robot/app/robot_ws/install/my_custom_message/share/my_custom_message/environment/ament_prefix_path.sh
[2.449s] -- Up-to-date: /home/robot/app/robot_ws/install/my_custom_message/share/my_custom_message/environment/ament_prefix_path.dsv
[2.449s] -- Up-to-date: /home/robot/app/robot_ws/install/my_custom_message/share/my_custom_message/environment/path.sh
[2.450s] -- Up-to-date: /home/robot/app/robot_ws/install/my_custom_message/share/my_custom_message/environment/path.dsv
[2.450s] -- Up-to-date: /home/robot/app/robot_ws/install/my_custom_message/share/my_custom_message/local_setup.bash
[2.450s] -- Up-to-date: /home/robot/app/robot_ws/install/my_custom_message/share/my_custom_message/local_setup.sh
[2.450s] -- Up-to-date: /home/robot/app/robot_ws/install/my_custom_message/share/my_custom_message/local_setup.zsh
[2.452s] -- Up-to-date: /home/robot/app/robot_ws/install/my_custom_message/share/my_custom_message/local_setup.dsv
[2.452s] -- Installing: /home/robot/app/robot_ws/install/my_custom_message/share/my_custom_message/package.dsv
[2.456s] -- Up-to-date: /home/robot/app/robot_ws/install/my_custom_message/share/ament_index/resource_index/packages/my_custom_message
[2.456s] -- Up-to-date: /home/robot/app/robot_ws/install/my_custom_message/share/my_custom_message/cmake/export_my_custom_message__rosidl_generator_cExport.cmake
[2.456s] -- Up-to-date: /home/robot/app/robot_ws/install/my_custom_message/share/my_custom_message/cmake/export_my_custom_message__rosidl_generator_cExport-noconfig.cmake
[2.457s] -- Up-to-date: /home/robot/app/robot_ws/install/my_custom_message/share/my_custom_message/cmake/export_my_custom_message__rosidl_typesupport_fastrtps_cExport.cmake
[2.457s] -- Up-to-date: /home/robot/app/robot_ws/install/my_custom_message/share/my_custom_message/cmake/export_my_custom_message__rosidl_typesupport_fastrtps_cExport-noconfig.cmake
[2.457s] -- Up-to-date: /home/robot/app/robot_ws/install/my_custom_message/share/my_custom_message/cmake/my_custom_message__rosidl_typesupport_introspection_cExport.cmake
[2.458s] -- Up-to-date: /home/robot/app/robot_ws/install/my_custom_message/share/my_custom_message/cmake/my_custom_message__rosidl_typesupport_introspection_cExport-noconfig.cmake
[2.458s] -- Up-to-date: /home/robot/app/robot_ws/install/my_custom_message/share/my_custom_message/cmake/my_custom_message__rosidl_typesupport_cExport.cmake
[2.461s] -- Up-to-date: /home/robot/app/robot_ws/install/my_custom_message/share/my_custom_message/cmake/my_custom_message__rosidl_typesupport_cExport-noconfig.cmake
[2.464s] -- Up-to-date: /home/robot/app/robot_ws/install/my_custom_message/share/my_custom_message/cmake/export_my_custom_message__rosidl_generator_cppExport.cmake
[2.464s] -- Up-to-date: /home/robot/app/robot_ws/install/my_custom_message/share/my_custom_message/cmake/export_my_custom_message__rosidl_typesupport_fastrtps_cppExport.cmake
[2.464s] -- Up-to-date: /home/robot/app/robot_ws/install/my_custom_message/share/my_custom_message/cmake/export_my_custom_message__rosidl_typesupport_fastrtps_cppExport-noconfig.cmake
[2.465s] -- Up-to-date: /home/robot/app/robot_ws/install/my_custom_message/share/my_custom_message/cmake/my_custom_message__rosidl_typesupport_introspection_cppExport.cmake
[2.466s] -- Up-to-date: /home/robot/app/robot_ws/install/my_custom_message/share/my_custom_message/cmake/my_custom_message__rosidl_typesupport_introspection_cppExport-noconfig.cmake
[2.466s] -- Up-to-date: /home/robot/app/robot_ws/install/my_custom_message/share/my_custom_message/cmake/my_custom_message__rosidl_typesupport_cppExport.cmake
[2.466s] -- Up-to-date: /home/robot/app/robot_ws/install/my_custom_message/share/my_custom_message/cmake/my_custom_message__rosidl_typesupport_cppExport-noconfig.cmake
[2.467s] -- Up-to-date: /home/robot/app/robot_ws/install/my_custom_message/share/my_custom_message/cmake/export_my_custom_message__rosidl_generator_pyExport.cmake
[2.468s] -- Up-to-date: /home/robot/app/robot_ws/install/my_custom_message/share/my_custom_message/cmake/export_my_custom_message__rosidl_generator_pyExport-noconfig.cmake
[2.468s] -- Up-to-date: /home/robot/app/robot_ws/install/my_custom_message/share/my_custom_message/cmake/rosidl_cmake-extras.cmake
[2.468s] -- Up-to-date: /home/robot/app/robot_ws/install/my_custom_message/share/my_custom_message/cmake/ament_cmake_export_include_directories-extras.cmake
[2.468s] -- Up-to-date: /home/robot/app/robot_ws/install/my_custom_message/share/my_custom_message/cmake/ament_cmake_export_libraries-extras.cmake
[2.468s] -- Up-to-date: /home/robot/app/robot_ws/install/my_custom_message/share/my_custom_message/cmake/ament_cmake_export_targets-extras.cmake
[2.469s] -- Up-to-date: /home/robot/app/robot_ws/install/my_custom_message/share/my_custom_message/cmake/rosidl_cmake_export_typesupport_targets-extras.cmake
[2.469s] -- Up-to-date: /home/robot/app/robot_ws/install/my_custom_message/share/my_custom_message/cmake/ament_cmake_export_dependencies-extras.cmake
[2.469s] -- Up-to-date: /home/robot/app/robot_ws/install/my_custom_message/share/my_custom_message/cmake/rosidl_cmake_export_typesupport_libraries-extras.cmake
[2.469s] -- Up-to-date: /home/robot/app/robot_ws/install/my_custom_message/share/my_custom_message/cmake/my_custom_messageConfig.cmake
[2.469s] -- Up-to-date: /home/robot/app/robot_ws/install/my_custom_message/share/my_custom_message/cmake/my_custom_messageConfig-version.cmake
[2.469s] -- Up-to-date: /home/robot/app/robot_ws/install/my_custom_message/share/my_custom_message/package.xml
[2.477s] Invoked command in '/home/robot/app/robot_ws/build/my_custom_message' returned '0': CMAKE_PREFIX_PATH=${CMAKE_PREFIX_PATH}:/home/robot/app/robot_ws/install/sensor_msgs_py:/opt/ros/humble /usr/bin/cmake --install /home/robot/app/robot_ws/build/my_custom_message
