[0.053s] Invoking command in '/home/robot/app/robot_ws/build/shape_msgs': CMAKE_PREFIX_PATH=/home/robot/app/robot_ws/install/geometry_msgs:/home/robot/app/robot_ws/install/std_msgs:/home/robot/app/robot_ws/install/builtin_interfaces:/home/robot/app/robot_ws/install/micro_ros_agent:/home/robot/app/robot_ws/install/micro_ros_demos_rclc:/home/robot/app/robot_ws/install/common_interfaces:/home/robot/app/robot_ws/install/visualization_msgs:/home/robot/app/robot_ws/install/test_msgs:/home/robot/app/robot_ws/install/example_interfaces:/home/robot/app/robot_ws/install/action_msgs:/home/robot/app/robot_ws/install/unique_identifier_msgs:/home/robot/app/robot_ws/install/trajectory_msgs:/home/robot/app/robot_ws/install/stereo_msgs:/home/robot/app/robot_ws/install/std_srvs:/home/robot/app/robot_ws/install/shape_msgs:/home/robot/app/robot_ws/install/sensor_msgs:/home/robot/app/robot_ws/install/nav_msgs:/home/robot/app/robot_ws/install/diagnostic_msgs:/home/robot/app/robot_ws/install/actionlib_msgs:/home/robot/app/robot_ws/install/statistics_msgs:/home/robot/app/robot_ws/install/rosidl_typesupport_microxrcedds_test_msg:/home/robot/app/robot_ws/install/rosidl_typesupport_microxrcedds_cpp_tests:/home/robot/app/robot_ws/install/rmw_microxrcedds:/home/robot/app/robot_ws/install/rosidl_typesupport_microxrcedds_cpp:/home/robot/app/robot_ws/install/rosidl_typesupport_microxrcedds_c_tests:/home/robot/app/robot_ws/install/rosidl_typesupport_microxrcedds_c:/home/robot/app/robot_ws/install/rosgraph_msgs:/home/robot/app/robot_ws/install/rclc_parameter:/home/robot/app/robot_ws/install/rclc:/home/robot/app/robot_ws/install/composition_interfaces:/home/robot/app/robot_ws/install/rcl_interfaces:/home/robot/app/robot_ws/install/microxrcedds_client:/home/robot/app/robot_ws/install/microcdr:/home/robot/app/robot_ws/install/micro_ros_utilities:/home/robot/app/robot_ws/install/micro_ros_msgs:/home/robot/app/robot_ws/install/lifecycle_msgs:/home/robot/app/robot_ws/install/complex_msgs:/home/robot/app/robot_ws/install/micro_ros_setup:/home/robot/app/robot_ws/install/sensor_msgs_py:/opt/ros/humble LD_LIBRARY_PATH=/home/robot/app/robot_ws/install/geometry_msgs/lib:/home/robot/app/robot_ws/install/std_msgs/lib:/home/robot/app/robot_ws/install/builtin_interfaces/lib:/home/robot/app/robot_ws/install/micro_ros_agent/lib:/home/robot/app/robot_ws/install/visualization_msgs/lib:/home/robot/app/robot_ws/install/test_msgs/lib:/home/robot/app/robot_ws/install/example_interfaces/lib:/home/robot/app/robot_ws/install/action_msgs/lib:/home/robot/app/robot_ws/install/unique_identifier_msgs/lib:/home/robot/app/robot_ws/install/trajectory_msgs/lib:/home/robot/app/robot_ws/install/stereo_msgs/lib:/home/robot/app/robot_ws/install/std_srvs/lib:/home/robot/app/robot_ws/install/shape_msgs/lib:/home/robot/app/robot_ws/install/sensor_msgs/lib:/home/robot/app/robot_ws/install/nav_msgs/lib:/home/robot/app/robot_ws/install/diagnostic_msgs/lib:/home/robot/app/robot_ws/install/actionlib_msgs/lib:/home/robot/app/robot_ws/install/statistics_msgs/lib:/home/robot/app/robot_ws/install/rmw_microxrcedds/lib:/home/robot/app/robot_ws/install/rosidl_typesupport_microxrcedds_cpp/lib:/home/robot/app/robot_ws/install/rosidl_typesupport_microxrcedds_c/lib:/home/robot/app/robot_ws/install/rosgraph_msgs/lib:/home/robot/app/robot_ws/install/rclc_parameter/lib:/home/robot/app/robot_ws/install/rclc/lib:/home/robot/app/robot_ws/install/composition_interfaces/lib:/home/robot/app/robot_ws/install/rcl_interfaces/lib:/home/robot/app/robot_ws/install/microxrcedds_client/lib:/home/robot/app/robot_ws/install/microcdr/lib:/home/robot/app/robot_ws/install/micro_ros_utilities/lib:/home/robot/app/robot_ws/install/micro_ros_msgs/lib:/home/robot/app/robot_ws/install/lifecycle_msgs/lib:/home/robot/app/robot_ws/install/complex_msgs/lib:/opt/ros/humble/opt/rviz_ogre_vendor/lib:/opt/ros/humble/lib/x86_64-linux-gnu:/opt/ros/humble/lib /usr/bin/cmake /home/robot/app/robot_ws/src/ros2/common_interfaces/shape_msgs -DCMAKE_INSTALL_PREFIX=/home/robot/app/robot_ws/install/shape_msgs
[0.079s] -- Found ament_cmake: 1.3.10 (/opt/ros/humble/share/ament_cmake/cmake)
[0.532s] -- Found geometry_msgs: 4.2.4 (/home/robot/app/robot_ws/install/geometry_msgs/share/geometry_msgs/cmake)
[0.607s] -- Found rosidl_generator_c: 3.1.5 (/opt/ros/humble/share/rosidl_generator_c/cmake)
[0.615s] -- Found rosidl_adapter: 3.1.5 (/opt/ros/humble/share/rosidl_adapter/cmake)
[0.627s] -- Found rosidl_generator_cpp: 3.1.5 (/opt/ros/humble/share/rosidl_generator_cpp/cmake)
[0.648s] -- Using all available rosidl_typesupport_c: rosidl_typesupport_microxrcedds_c;rosidl_typesupport_fastrtps_c;rosidl_typesupport_introspection_c
[0.687s] -- Using all available rosidl_typesupport_cpp: rosidl_typesupport_microxrcedds_cpp;rosidl_typesupport_fastrtps_cpp;rosidl_typesupport_introspection_cpp
[0.767s] -- Found rosidl_default_generators: 1.2.0 (/opt/ros/humble/share/rosidl_default_generators/cmake)
[1.640s] -- Found ament_cmake_ros: 0.10.0 (/opt/ros/humble/share/ament_cmake_ros/cmake)
[2.871s] -- Using all available rosidl_typesupport_c: rosidl_typesupport_microxrcedds_c;rosidl_typesupport_fastrtps_c;rosidl_typesupport_introspection_c
[3.603s] -- Using all available rosidl_typesupport_cpp: rosidl_typesupport_microxrcedds_cpp;rosidl_typesupport_fastrtps_cpp;rosidl_typesupport_introspection_cpp
[3.670s] -- Found python_cmake_module: 0.10.0 (/opt/ros/humble/share/python_cmake_module/cmake)
[3.730s] -- Using PYTHON_EXECUTABLE: /usr/bin/python3
[3.730s] -- Using PYTHON_INCLUDE_DIRS: /usr/include/python3.10
[3.730s] -- Using PYTHON_LIBRARIES: /usr/lib/x86_64-linux-gnu/libpython3.10.so
[4.002s] -- Configuring done
[4.297s] -- Generating done
[4.319s] -- Build files have been written to: /home/robot/app/robot_ws/build/shape_msgs
[4.330s] Invoked command in '/home/robot/app/robot_ws/build/shape_msgs' returned '0': CMAKE_PREFIX_PATH=/home/robot/app/robot_ws/install/geometry_msgs:/home/robot/app/robot_ws/install/std_msgs:/home/robot/app/robot_ws/install/builtin_interfaces:/home/robot/app/robot_ws/install/micro_ros_agent:/home/robot/app/robot_ws/install/micro_ros_demos_rclc:/home/robot/app/robot_ws/install/common_interfaces:/home/robot/app/robot_ws/install/visualization_msgs:/home/robot/app/robot_ws/install/test_msgs:/home/robot/app/robot_ws/install/example_interfaces:/home/robot/app/robot_ws/install/action_msgs:/home/robot/app/robot_ws/install/unique_identifier_msgs:/home/robot/app/robot_ws/install/trajectory_msgs:/home/robot/app/robot_ws/install/stereo_msgs:/home/robot/app/robot_ws/install/std_srvs:/home/robot/app/robot_ws/install/shape_msgs:/home/robot/app/robot_ws/install/sensor_msgs:/home/robot/app/robot_ws/install/nav_msgs:/home/robot/app/robot_ws/install/diagnostic_msgs:/home/robot/app/robot_ws/install/actionlib_msgs:/home/robot/app/robot_ws/install/statistics_msgs:/home/robot/app/robot_ws/install/rosidl_typesupport_microxrcedds_test_msg:/home/robot/app/robot_ws/install/rosidl_typesupport_microxrcedds_cpp_tests:/home/robot/app/robot_ws/install/rmw_microxrcedds:/home/robot/app/robot_ws/install/rosidl_typesupport_microxrcedds_cpp:/home/robot/app/robot_ws/install/rosidl_typesupport_microxrcedds_c_tests:/home/robot/app/robot_ws/install/rosidl_typesupport_microxrcedds_c:/home/robot/app/robot_ws/install/rosgraph_msgs:/home/robot/app/robot_ws/install/rclc_parameter:/home/robot/app/robot_ws/install/rclc:/home/robot/app/robot_ws/install/composition_interfaces:/home/robot/app/robot_ws/install/rcl_interfaces:/home/robot/app/robot_ws/install/microxrcedds_client:/home/robot/app/robot_ws/install/microcdr:/home/robot/app/robot_ws/install/micro_ros_utilities:/home/robot/app/robot_ws/install/micro_ros_msgs:/home/robot/app/robot_ws/install/lifecycle_msgs:/home/robot/app/robot_ws/install/complex_msgs:/home/robot/app/robot_ws/install/micro_ros_setup:/home/robot/app/robot_ws/install/sensor_msgs_py:/opt/ros/humble LD_LIBRARY_PATH=/home/robot/app/robot_ws/install/geometry_msgs/lib:/home/robot/app/robot_ws/install/std_msgs/lib:/home/robot/app/robot_ws/install/builtin_interfaces/lib:/home/robot/app/robot_ws/install/micro_ros_agent/lib:/home/robot/app/robot_ws/install/visualization_msgs/lib:/home/robot/app/robot_ws/install/test_msgs/lib:/home/robot/app/robot_ws/install/example_interfaces/lib:/home/robot/app/robot_ws/install/action_msgs/lib:/home/robot/app/robot_ws/install/unique_identifier_msgs/lib:/home/robot/app/robot_ws/install/trajectory_msgs/lib:/home/robot/app/robot_ws/install/stereo_msgs/lib:/home/robot/app/robot_ws/install/std_srvs/lib:/home/robot/app/robot_ws/install/shape_msgs/lib:/home/robot/app/robot_ws/install/sensor_msgs/lib:/home/robot/app/robot_ws/install/nav_msgs/lib:/home/robot/app/robot_ws/install/diagnostic_msgs/lib:/home/robot/app/robot_ws/install/actionlib_msgs/lib:/home/robot/app/robot_ws/install/statistics_msgs/lib:/home/robot/app/robot_ws/install/rmw_microxrcedds/lib:/home/robot/app/robot_ws/install/rosidl_typesupport_microxrcedds_cpp/lib:/home/robot/app/robot_ws/install/rosidl_typesupport_microxrcedds_c/lib:/home/robot/app/robot_ws/install/rosgraph_msgs/lib:/home/robot/app/robot_ws/install/rclc_parameter/lib:/home/robot/app/robot_ws/install/rclc/lib:/home/robot/app/robot_ws/install/composition_interfaces/lib:/home/robot/app/robot_ws/install/rcl_interfaces/lib:/home/robot/app/robot_ws/install/microxrcedds_client/lib:/home/robot/app/robot_ws/install/microcdr/lib:/home/robot/app/robot_ws/install/micro_ros_utilities/lib:/home/robot/app/robot_ws/install/micro_ros_msgs/lib:/home/robot/app/robot_ws/install/lifecycle_msgs/lib:/home/robot/app/robot_ws/install/complex_msgs/lib:/opt/ros/humble/opt/rviz_ogre_vendor/lib:/opt/ros/humble/lib/x86_64-linux-gnu:/opt/ros/humble/lib /usr/bin/cmake /home/robot/app/robot_ws/src/ros2/common_interfaces/shape_msgs -DCMAKE_INSTALL_PREFIX=/home/robot/app/robot_ws/install/shape_msgs
[4.335s] Invoking command in '/home/robot/app/robot_ws/build/shape_msgs': CMAKE_PREFIX_PATH=/home/robot/app/robot_ws/install/geometry_msgs:/home/robot/app/robot_ws/install/std_msgs:/home/robot/app/robot_ws/install/builtin_interfaces:/home/robot/app/robot_ws/install/micro_ros_agent:/home/robot/app/robot_ws/install/micro_ros_demos_rclc:/home/robot/app/robot_ws/install/common_interfaces:/home/robot/app/robot_ws/install/visualization_msgs:/home/robot/app/robot_ws/install/test_msgs:/home/robot/app/robot_ws/install/example_interfaces:/home/robot/app/robot_ws/install/action_msgs:/home/robot/app/robot_ws/install/unique_identifier_msgs:/home/robot/app/robot_ws/install/trajectory_msgs:/home/robot/app/robot_ws/install/stereo_msgs:/home/robot/app/robot_ws/install/std_srvs:/home/robot/app/robot_ws/install/shape_msgs:/home/robot/app/robot_ws/install/sensor_msgs:/home/robot/app/robot_ws/install/nav_msgs:/home/robot/app/robot_ws/install/diagnostic_msgs:/home/robot/app/robot_ws/install/actionlib_msgs:/home/robot/app/robot_ws/install/statistics_msgs:/home/robot/app/robot_ws/install/rosidl_typesupport_microxrcedds_test_msg:/home/robot/app/robot_ws/install/rosidl_typesupport_microxrcedds_cpp_tests:/home/robot/app/robot_ws/install/rmw_microxrcedds:/home/robot/app/robot_ws/install/rosidl_typesupport_microxrcedds_cpp:/home/robot/app/robot_ws/install/rosidl_typesupport_microxrcedds_c_tests:/home/robot/app/robot_ws/install/rosidl_typesupport_microxrcedds_c:/home/robot/app/robot_ws/install/rosgraph_msgs:/home/robot/app/robot_ws/install/rclc_parameter:/home/robot/app/robot_ws/install/rclc:/home/robot/app/robot_ws/install/composition_interfaces:/home/robot/app/robot_ws/install/rcl_interfaces:/home/robot/app/robot_ws/install/microxrcedds_client:/home/robot/app/robot_ws/install/microcdr:/home/robot/app/robot_ws/install/micro_ros_utilities:/home/robot/app/robot_ws/install/micro_ros_msgs:/home/robot/app/robot_ws/install/lifecycle_msgs:/home/robot/app/robot_ws/install/complex_msgs:/home/robot/app/robot_ws/install/micro_ros_setup:/home/robot/app/robot_ws/install/sensor_msgs_py:/opt/ros/humble LD_LIBRARY_PATH=/home/robot/app/robot_ws/install/geometry_msgs/lib:/home/robot/app/robot_ws/install/std_msgs/lib:/home/robot/app/robot_ws/install/builtin_interfaces/lib:/home/robot/app/robot_ws/install/micro_ros_agent/lib:/home/robot/app/robot_ws/install/visualization_msgs/lib:/home/robot/app/robot_ws/install/test_msgs/lib:/home/robot/app/robot_ws/install/example_interfaces/lib:/home/robot/app/robot_ws/install/action_msgs/lib:/home/robot/app/robot_ws/install/unique_identifier_msgs/lib:/home/robot/app/robot_ws/install/trajectory_msgs/lib:/home/robot/app/robot_ws/install/stereo_msgs/lib:/home/robot/app/robot_ws/install/std_srvs/lib:/home/robot/app/robot_ws/install/shape_msgs/lib:/home/robot/app/robot_ws/install/sensor_msgs/lib:/home/robot/app/robot_ws/install/nav_msgs/lib:/home/robot/app/robot_ws/install/diagnostic_msgs/lib:/home/robot/app/robot_ws/install/actionlib_msgs/lib:/home/robot/app/robot_ws/install/statistics_msgs/lib:/home/robot/app/robot_ws/install/rmw_microxrcedds/lib:/home/robot/app/robot_ws/install/rosidl_typesupport_microxrcedds_cpp/lib:/home/robot/app/robot_ws/install/rosidl_typesupport_microxrcedds_c/lib:/home/robot/app/robot_ws/install/rosgraph_msgs/lib:/home/robot/app/robot_ws/install/rclc_parameter/lib:/home/robot/app/robot_ws/install/rclc/lib:/home/robot/app/robot_ws/install/composition_interfaces/lib:/home/robot/app/robot_ws/install/rcl_interfaces/lib:/home/robot/app/robot_ws/install/microxrcedds_client/lib:/home/robot/app/robot_ws/install/microcdr/lib:/home/robot/app/robot_ws/install/micro_ros_utilities/lib:/home/robot/app/robot_ws/install/micro_ros_msgs/lib:/home/robot/app/robot_ws/install/lifecycle_msgs/lib:/home/robot/app/robot_ws/install/complex_msgs/lib:/opt/ros/humble/opt/rviz_ogre_vendor/lib:/opt/ros/humble/lib/x86_64-linux-gnu:/opt/ros/humble/lib /usr/bin/cmake --build /home/robot/app/robot_ws/build/shape_msgs -- -j8 -l8
[4.523s] [35m[1mConsolidate compiler generated dependencies of target shape_msgs__rosidl_generator_c[0m
[4.580s] [  1%] Built target shape_msgs__cpp
[4.608s] [ 10%] Built target shape_msgs__rosidl_generator_c
[4.624s] [ 10%] Built target ament_cmake_python_copy_shape_msgs
[4.629s] [35m[1mConsolidate compiler generated dependencies of target shape_msgs__rosidl_typesupport_cpp[0m
[4.662s] [35m[1mConsolidate compiler generated dependencies of target shape_msgs__rosidl_typesupport_introspection_cpp[0m
[4.677s] [35m[1mConsolidate compiler generated dependencies of target shape_msgs__rosidl_typesupport_introspection_c[0m
[4.700s] [ 18%] Built target shape_msgs__rosidl_typesupport_cpp
[4.748s] [ 27%] Built target shape_msgs__rosidl_typesupport_introspection_c
[4.763s] [ 36%] Built target shape_msgs__rosidl_typesupport_introspection_cpp
[4.774s] [35m[1mConsolidate compiler generated dependencies of target shape_msgs__rosidl_typesupport_c[0m
[4.826s] [ 44%] Built target shape_msgs__rosidl_typesupport_c
[5.421s] running egg_info
[5.426s] writing shape_msgs.egg-info/PKG-INFO
[5.426s] writing dependency_links to shape_msgs.egg-info/dependency_links.txt
[5.426s] writing top-level names to shape_msgs.egg-info/top_level.txt
[5.431s] reading manifest file 'shape_msgs.egg-info/SOURCES.txt'
[5.431s] writing manifest file 'shape_msgs.egg-info/SOURCES.txt'
[5.541s] [ 44%] Built target ament_cmake_python_build_shape_msgs_egg
[5.576s] [35m[1mConsolidate compiler generated dependencies of target shape_msgs__rosidl_typesupport_microxrcedds_c[0m
[5.628s] [ 53%] Built target shape_msgs__rosidl_typesupport_microxrcedds_c
[5.665s] [35m[1mConsolidate compiler generated dependencies of target shape_msgs__rosidl_typesupport_fastrtps_c[0m
[5.719s] [ 62%] Built target shape_msgs__rosidl_typesupport_fastrtps_c
[5.755s] [35m[1mConsolidate compiler generated dependencies of target shape_msgs__rosidl_typesupport_microxrcedds_cpp[0m
[5.807s] [ 71%] Built target shape_msgs__rosidl_typesupport_microxrcedds_cpp
[5.856s] [35m[1mConsolidate compiler generated dependencies of target shape_msgs__rosidl_typesupport_fastrtps_cpp[0m
[5.892s] [ 79%] Built target shape_msgs__rosidl_typesupport_fastrtps_cpp
[5.954s] [ 79%] Built target shape_msgs
[6.018s] [ 81%] Built target shape_msgs__py
[6.058s] [35m[1mConsolidate compiler generated dependencies of target shape_msgs__rosidl_generator_py[0m
[6.136s] [ 88%] Built target shape_msgs__rosidl_generator_py
[6.216s] [35m[1mConsolidate compiler generated dependencies of target shape_msgs__rosidl_typesupport_microxrcedds_c__pyext[0m
[6.260s] [ 91%] Built target shape_msgs__rosidl_typesupport_microxrcedds_c__pyext
[6.298s] [35m[1mConsolidate compiler generated dependencies of target shape_msgs__rosidl_typesupport_c__pyext[0m
[6.340s] [ 94%] Built target shape_msgs__rosidl_typesupport_c__pyext
[6.391s] [35m[1mConsolidate compiler generated dependencies of target shape_msgs__rosidl_typesupport_introspection_c__pyext[0m
[6.442s] [ 97%] Built target shape_msgs__rosidl_typesupport_introspection_c__pyext
[6.477s] [35m[1mConsolidate compiler generated dependencies of target shape_msgs__rosidl_typesupport_fastrtps_c__pyext[0m
[6.516s] [100%] Built target shape_msgs__rosidl_typesupport_fastrtps_c__pyext
[6.551s] Invoked command in '/home/robot/app/robot_ws/build/shape_msgs' returned '0': CMAKE_PREFIX_PATH=/home/robot/app/robot_ws/install/geometry_msgs:/home/robot/app/robot_ws/install/std_msgs:/home/robot/app/robot_ws/install/builtin_interfaces:/home/robot/app/robot_ws/install/micro_ros_agent:/home/robot/app/robot_ws/install/micro_ros_demos_rclc:/home/robot/app/robot_ws/install/common_interfaces:/home/robot/app/robot_ws/install/visualization_msgs:/home/robot/app/robot_ws/install/test_msgs:/home/robot/app/robot_ws/install/example_interfaces:/home/robot/app/robot_ws/install/action_msgs:/home/robot/app/robot_ws/install/unique_identifier_msgs:/home/robot/app/robot_ws/install/trajectory_msgs:/home/robot/app/robot_ws/install/stereo_msgs:/home/robot/app/robot_ws/install/std_srvs:/home/robot/app/robot_ws/install/shape_msgs:/home/robot/app/robot_ws/install/sensor_msgs:/home/robot/app/robot_ws/install/nav_msgs:/home/robot/app/robot_ws/install/diagnostic_msgs:/home/robot/app/robot_ws/install/actionlib_msgs:/home/robot/app/robot_ws/install/statistics_msgs:/home/robot/app/robot_ws/install/rosidl_typesupport_microxrcedds_test_msg:/home/robot/app/robot_ws/install/rosidl_typesupport_microxrcedds_cpp_tests:/home/robot/app/robot_ws/install/rmw_microxrcedds:/home/robot/app/robot_ws/install/rosidl_typesupport_microxrcedds_cpp:/home/robot/app/robot_ws/install/rosidl_typesupport_microxrcedds_c_tests:/home/robot/app/robot_ws/install/rosidl_typesupport_microxrcedds_c:/home/robot/app/robot_ws/install/rosgraph_msgs:/home/robot/app/robot_ws/install/rclc_parameter:/home/robot/app/robot_ws/install/rclc:/home/robot/app/robot_ws/install/composition_interfaces:/home/robot/app/robot_ws/install/rcl_interfaces:/home/robot/app/robot_ws/install/microxrcedds_client:/home/robot/app/robot_ws/install/microcdr:/home/robot/app/robot_ws/install/micro_ros_utilities:/home/robot/app/robot_ws/install/micro_ros_msgs:/home/robot/app/robot_ws/install/lifecycle_msgs:/home/robot/app/robot_ws/install/complex_msgs:/home/robot/app/robot_ws/install/micro_ros_setup:/home/robot/app/robot_ws/install/sensor_msgs_py:/opt/ros/humble LD_LIBRARY_PATH=/home/robot/app/robot_ws/install/geometry_msgs/lib:/home/robot/app/robot_ws/install/std_msgs/lib:/home/robot/app/robot_ws/install/builtin_interfaces/lib:/home/robot/app/robot_ws/install/micro_ros_agent/lib:/home/robot/app/robot_ws/install/visualization_msgs/lib:/home/robot/app/robot_ws/install/test_msgs/lib:/home/robot/app/robot_ws/install/example_interfaces/lib:/home/robot/app/robot_ws/install/action_msgs/lib:/home/robot/app/robot_ws/install/unique_identifier_msgs/lib:/home/robot/app/robot_ws/install/trajectory_msgs/lib:/home/robot/app/robot_ws/install/stereo_msgs/lib:/home/robot/app/robot_ws/install/std_srvs/lib:/home/robot/app/robot_ws/install/shape_msgs/lib:/home/robot/app/robot_ws/install/sensor_msgs/lib:/home/robot/app/robot_ws/install/nav_msgs/lib:/home/robot/app/robot_ws/install/diagnostic_msgs/lib:/home/robot/app/robot_ws/install/actionlib_msgs/lib:/home/robot/app/robot_ws/install/statistics_msgs/lib:/home/robot/app/robot_ws/install/rmw_microxrcedds/lib:/home/robot/app/robot_ws/install/rosidl_typesupport_microxrcedds_cpp/lib:/home/robot/app/robot_ws/install/rosidl_typesupport_microxrcedds_c/lib:/home/robot/app/robot_ws/install/rosgraph_msgs/lib:/home/robot/app/robot_ws/install/rclc_parameter/lib:/home/robot/app/robot_ws/install/rclc/lib:/home/robot/app/robot_ws/install/composition_interfaces/lib:/home/robot/app/robot_ws/install/rcl_interfaces/lib:/home/robot/app/robot_ws/install/microxrcedds_client/lib:/home/robot/app/robot_ws/install/microcdr/lib:/home/robot/app/robot_ws/install/micro_ros_utilities/lib:/home/robot/app/robot_ws/install/micro_ros_msgs/lib:/home/robot/app/robot_ws/install/lifecycle_msgs/lib:/home/robot/app/robot_ws/install/complex_msgs/lib:/opt/ros/humble/opt/rviz_ogre_vendor/lib:/opt/ros/humble/lib/x86_64-linux-gnu:/opt/ros/humble/lib /usr/bin/cmake --build /home/robot/app/robot_ws/build/shape_msgs -- -j8 -l8
[7.441s] Invoking command in '/home/robot/app/robot_ws/build/shape_msgs': CMAKE_PREFIX_PATH=/home/robot/app/robot_ws/install/geometry_msgs:/home/robot/app/robot_ws/install/std_msgs:/home/robot/app/robot_ws/install/builtin_interfaces:/home/robot/app/robot_ws/install/micro_ros_agent:/home/robot/app/robot_ws/install/micro_ros_demos_rclc:/home/robot/app/robot_ws/install/common_interfaces:/home/robot/app/robot_ws/install/visualization_msgs:/home/robot/app/robot_ws/install/test_msgs:/home/robot/app/robot_ws/install/example_interfaces:/home/robot/app/robot_ws/install/action_msgs:/home/robot/app/robot_ws/install/unique_identifier_msgs:/home/robot/app/robot_ws/install/trajectory_msgs:/home/robot/app/robot_ws/install/stereo_msgs:/home/robot/app/robot_ws/install/std_srvs:/home/robot/app/robot_ws/install/shape_msgs:/home/robot/app/robot_ws/install/sensor_msgs:/home/robot/app/robot_ws/install/nav_msgs:/home/robot/app/robot_ws/install/diagnostic_msgs:/home/robot/app/robot_ws/install/actionlib_msgs:/home/robot/app/robot_ws/install/statistics_msgs:/home/robot/app/robot_ws/install/rosidl_typesupport_microxrcedds_test_msg:/home/robot/app/robot_ws/install/rosidl_typesupport_microxrcedds_cpp_tests:/home/robot/app/robot_ws/install/rmw_microxrcedds:/home/robot/app/robot_ws/install/rosidl_typesupport_microxrcedds_cpp:/home/robot/app/robot_ws/install/rosidl_typesupport_microxrcedds_c_tests:/home/robot/app/robot_ws/install/rosidl_typesupport_microxrcedds_c:/home/robot/app/robot_ws/install/rosgraph_msgs:/home/robot/app/robot_ws/install/rclc_parameter:/home/robot/app/robot_ws/install/rclc:/home/robot/app/robot_ws/install/composition_interfaces:/home/robot/app/robot_ws/install/rcl_interfaces:/home/robot/app/robot_ws/install/microxrcedds_client:/home/robot/app/robot_ws/install/microcdr:/home/robot/app/robot_ws/install/micro_ros_utilities:/home/robot/app/robot_ws/install/micro_ros_msgs:/home/robot/app/robot_ws/install/lifecycle_msgs:/home/robot/app/robot_ws/install/complex_msgs:/home/robot/app/robot_ws/install/micro_ros_setup:/home/robot/app/robot_ws/install/sensor_msgs_py:/opt/ros/humble LD_LIBRARY_PATH=/home/robot/app/robot_ws/install/geometry_msgs/lib:/home/robot/app/robot_ws/install/std_msgs/lib:/home/robot/app/robot_ws/install/builtin_interfaces/lib:/home/robot/app/robot_ws/install/micro_ros_agent/lib:/home/robot/app/robot_ws/install/visualization_msgs/lib:/home/robot/app/robot_ws/install/test_msgs/lib:/home/robot/app/robot_ws/install/example_interfaces/lib:/home/robot/app/robot_ws/install/action_msgs/lib:/home/robot/app/robot_ws/install/unique_identifier_msgs/lib:/home/robot/app/robot_ws/install/trajectory_msgs/lib:/home/robot/app/robot_ws/install/stereo_msgs/lib:/home/robot/app/robot_ws/install/std_srvs/lib:/home/robot/app/robot_ws/install/shape_msgs/lib:/home/robot/app/robot_ws/install/sensor_msgs/lib:/home/robot/app/robot_ws/install/nav_msgs/lib:/home/robot/app/robot_ws/install/diagnostic_msgs/lib:/home/robot/app/robot_ws/install/actionlib_msgs/lib:/home/robot/app/robot_ws/install/statistics_msgs/lib:/home/robot/app/robot_ws/install/rmw_microxrcedds/lib:/home/robot/app/robot_ws/install/rosidl_typesupport_microxrcedds_cpp/lib:/home/robot/app/robot_ws/install/rosidl_typesupport_microxrcedds_c/lib:/home/robot/app/robot_ws/install/rosgraph_msgs/lib:/home/robot/app/robot_ws/install/rclc_parameter/lib:/home/robot/app/robot_ws/install/rclc/lib:/home/robot/app/robot_ws/install/composition_interfaces/lib:/home/robot/app/robot_ws/install/rcl_interfaces/lib:/home/robot/app/robot_ws/install/microxrcedds_client/lib:/home/robot/app/robot_ws/install/microcdr/lib:/home/robot/app/robot_ws/install/micro_ros_utilities/lib:/home/robot/app/robot_ws/install/micro_ros_msgs/lib:/home/robot/app/robot_ws/install/lifecycle_msgs/lib:/home/robot/app/robot_ws/install/complex_msgs/lib:/opt/ros/humble/opt/rviz_ogre_vendor/lib:/opt/ros/humble/lib/x86_64-linux-gnu:/opt/ros/humble/lib /usr/bin/cmake --install /home/robot/app/robot_ws/build/shape_msgs
[7.460s] -- Install configuration: ""
[7.461s] -- Up-to-date: /home/robot/app/robot_ws/install/shape_msgs/share/ament_index/resource_index/rosidl_interfaces/shape_msgs
[7.463s] -- Up-to-date: /home/robot/app/robot_ws/install/shape_msgs/include/shape_msgs/shape_msgs
[7.463s] -- Up-to-date: /home/robot/app/robot_ws/install/shape_msgs/include/shape_msgs/shape_msgs/msg
[7.463s] -- Up-to-date: /home/robot/app/robot_ws/install/shape_msgs/include/shape_msgs/shape_msgs/msg/mesh_triangle.h
[7.464s] -- Up-to-date: /home/robot/app/robot_ws/install/shape_msgs/include/shape_msgs/shape_msgs/msg/mesh.h
[7.464s] -- Up-to-date: /home/robot/app/robot_ws/install/shape_msgs/include/shape_msgs/shape_msgs/msg/detail
[7.467s] -- Up-to-date: /home/robot/app/robot_ws/install/shape_msgs/include/shape_msgs/shape_msgs/msg/detail/solid_primitive__type_support.h
[7.467s] -- Up-to-date: /home/robot/app/robot_ws/install/shape_msgs/include/shape_msgs/shape_msgs/msg/detail/plane__struct.h
[7.467s] -- Up-to-date: /home/robot/app/robot_ws/install/shape_msgs/include/shape_msgs/shape_msgs/msg/detail/mesh__functions.h
[7.469s] -- Up-to-date: /home/robot/app/robot_ws/install/shape_msgs/include/shape_msgs/shape_msgs/msg/detail/plane__type_support.h
[7.470s] -- Up-to-date: /home/robot/app/robot_ws/install/shape_msgs/include/shape_msgs/shape_msgs/msg/detail/mesh__struct.h
[7.471s] -- Up-to-date: /home/robot/app/robot_ws/install/shape_msgs/include/shape_msgs/shape_msgs/msg/detail/plane__functions.h
[7.471s] -- Up-to-date: /home/robot/app/robot_ws/install/shape_msgs/include/shape_msgs/shape_msgs/msg/detail/mesh_triangle__functions.h
[7.471s] -- Up-to-date: /home/robot/app/robot_ws/install/shape_msgs/include/shape_msgs/shape_msgs/msg/detail/mesh_triangle__struct.h
[7.471s] -- Up-to-date: /home/robot/app/robot_ws/install/shape_msgs/include/shape_msgs/shape_msgs/msg/detail/mesh__functions.c
[7.471s] -- Up-to-date: /home/robot/app/robot_ws/install/shape_msgs/include/shape_msgs/shape_msgs/msg/detail/plane__functions.c
[7.471s] -- Up-to-date: /home/robot/app/robot_ws/install/shape_msgs/include/shape_msgs/shape_msgs/msg/detail/solid_primitive__struct.h
[7.475s] -- Up-to-date: /home/robot/app/robot_ws/install/shape_msgs/include/shape_msgs/shape_msgs/msg/detail/mesh_triangle__type_support.h
[7.475s] -- Up-to-date: /home/robot/app/robot_ws/install/shape_msgs/include/shape_msgs/shape_msgs/msg/detail/mesh__type_support.h
[7.475s] -- Up-to-date: /home/robot/app/robot_ws/install/shape_msgs/include/shape_msgs/shape_msgs/msg/detail/solid_primitive__functions.c
[7.475s] -- Up-to-date: /home/robot/app/robot_ws/install/shape_msgs/include/shape_msgs/shape_msgs/msg/detail/solid_primitive__functions.h
[7.475s] -- Up-to-date: /home/robot/app/robot_ws/install/shape_msgs/include/shape_msgs/shape_msgs/msg/detail/mesh_triangle__functions.c
[7.476s] -- Up-to-date: /home/robot/app/robot_ws/install/shape_msgs/include/shape_msgs/shape_msgs/msg/plane.h
[7.476s] -- Up-to-date: /home/robot/app/robot_ws/install/shape_msgs/include/shape_msgs/shape_msgs/msg/solid_primitive.h
[7.476s] -- Up-to-date: /home/robot/app/robot_ws/install/shape_msgs/include/shape_msgs/shape_msgs/msg/rosidl_generator_c__visibility_control.h
[7.476s] -- Up-to-date: /home/robot/app/robot_ws/install/shape_msgs/share/shape_msgs/environment/library_path.sh
[7.476s] -- Installing: /home/robot/app/robot_ws/install/shape_msgs/share/shape_msgs/environment/library_path.dsv
[7.476s] -- Up-to-date: /home/robot/app/robot_ws/install/shape_msgs/lib/libshape_msgs__rosidl_generator_c.so
[7.477s] -- Up-to-date: /home/robot/app/robot_ws/install/shape_msgs/include/shape_msgs/shape_msgs
[7.477s] -- Up-to-date: /home/robot/app/robot_ws/install/shape_msgs/include/shape_msgs/shape_msgs/msg
[7.477s] -- Up-to-date: /home/robot/app/robot_ws/install/shape_msgs/include/shape_msgs/shape_msgs/msg/detail
[7.487s] -- Up-to-date: /home/robot/app/robot_ws/install/shape_msgs/include/shape_msgs/shape_msgs/msg/detail/mesh_triangle__rosidl_typesupport_fastrtps_c.h
[7.487s] -- Up-to-date: /home/robot/app/robot_ws/install/shape_msgs/include/shape_msgs/shape_msgs/msg/detail/mesh__rosidl_typesupport_fastrtps_c.h
[7.487s] -- Up-to-date: /home/robot/app/robot_ws/install/shape_msgs/include/shape_msgs/shape_msgs/msg/detail/plane__rosidl_typesupport_fastrtps_c.h
[7.487s] -- Up-to-date: /home/robot/app/robot_ws/install/shape_msgs/include/shape_msgs/shape_msgs/msg/detail/solid_primitive__rosidl_typesupport_fastrtps_c.h
[7.487s] -- Up-to-date: /home/robot/app/robot_ws/install/shape_msgs/include/shape_msgs/shape_msgs/msg/rosidl_typesupport_fastrtps_c__visibility_control.h
[7.488s] -- Up-to-date: /home/robot/app/robot_ws/install/shape_msgs/lib/libshape_msgs__rosidl_typesupport_fastrtps_c.so
[7.488s] -- Up-to-date: /home/robot/app/robot_ws/install/shape_msgs/include/shape_msgs/shape_msgs
[7.488s] -- Up-to-date: /home/robot/app/robot_ws/install/shape_msgs/include/shape_msgs/shape_msgs/msg
[7.488s] -- Up-to-date: /home/robot/app/robot_ws/install/shape_msgs/include/shape_msgs/shape_msgs/msg/mesh.hpp
[7.488s] -- Up-to-date: /home/robot/app/robot_ws/install/shape_msgs/include/shape_msgs/shape_msgs/msg/solid_primitive.hpp
[7.488s] -- Up-to-date: /home/robot/app/robot_ws/install/shape_msgs/include/shape_msgs/shape_msgs/msg/mesh_triangle.hpp
[7.488s] -- Up-to-date: /home/robot/app/robot_ws/install/shape_msgs/include/shape_msgs/shape_msgs/msg/plane.hpp
[7.488s] -- Up-to-date: /home/robot/app/robot_ws/install/shape_msgs/include/shape_msgs/shape_msgs/msg/detail
[7.489s] -- Up-to-date: /home/robot/app/robot_ws/install/shape_msgs/include/shape_msgs/shape_msgs/msg/detail/plane__builder.hpp
[7.489s] -- Up-to-date: /home/robot/app/robot_ws/install/shape_msgs/include/shape_msgs/shape_msgs/msg/detail/mesh__builder.hpp
[7.489s] -- Up-to-date: /home/robot/app/robot_ws/install/shape_msgs/include/shape_msgs/shape_msgs/msg/detail/solid_primitive__traits.hpp
[7.489s] -- Up-to-date: /home/robot/app/robot_ws/install/shape_msgs/include/shape_msgs/shape_msgs/msg/detail/mesh__traits.hpp
[7.489s] -- Up-to-date: /home/robot/app/robot_ws/install/shape_msgs/include/shape_msgs/shape_msgs/msg/detail/mesh_triangle__struct.hpp
[7.489s] -- Up-to-date: /home/robot/app/robot_ws/install/shape_msgs/include/shape_msgs/shape_msgs/msg/detail/mesh_triangle__builder.hpp
[7.489s] -- Up-to-date: /home/robot/app/robot_ws/install/shape_msgs/include/shape_msgs/shape_msgs/msg/detail/solid_primitive__builder.hpp
[7.489s] -- Up-to-date: /home/robot/app/robot_ws/install/shape_msgs/include/shape_msgs/shape_msgs/msg/detail/solid_primitive__struct.hpp
[7.489s] -- Up-to-date: /home/robot/app/robot_ws/install/shape_msgs/include/shape_msgs/shape_msgs/msg/detail/mesh_triangle__traits.hpp
[7.490s] -- Up-to-date: /home/robot/app/robot_ws/install/shape_msgs/include/shape_msgs/shape_msgs/msg/detail/mesh__struct.hpp
[7.490s] -- Up-to-date: /home/robot/app/robot_ws/install/shape_msgs/include/shape_msgs/shape_msgs/msg/detail/plane__struct.hpp
[7.490s] -- Up-to-date: /home/robot/app/robot_ws/install/shape_msgs/include/shape_msgs/shape_msgs/msg/detail/plane__traits.hpp
[7.490s] -- Up-to-date: /home/robot/app/robot_ws/install/shape_msgs/include/shape_msgs/shape_msgs
[7.490s] -- Up-to-date: /home/robot/app/robot_ws/install/shape_msgs/include/shape_msgs/shape_msgs/msg
[7.490s] -- Up-to-date: /home/robot/app/robot_ws/install/shape_msgs/include/shape_msgs/shape_msgs/msg/rosidl_typesupport_fastrtps_cpp__visibility_control.h
[7.490s] -- Up-to-date: /home/robot/app/robot_ws/install/shape_msgs/include/shape_msgs/shape_msgs/msg/detail
[7.492s] -- Up-to-date: /home/robot/app/robot_ws/install/shape_msgs/include/shape_msgs/shape_msgs/msg/detail/solid_primitive__rosidl_typesupport_fastrtps_cpp.hpp
[7.492s] -- Up-to-date: /home/robot/app/robot_ws/install/shape_msgs/include/shape_msgs/shape_msgs/msg/detail/mesh__rosidl_typesupport_fastrtps_cpp.hpp
[7.492s] -- Up-to-date: /home/robot/app/robot_ws/install/shape_msgs/include/shape_msgs/shape_msgs/msg/detail/dds_fastrtps
[7.492s] -- Up-to-date: /home/robot/app/robot_ws/install/shape_msgs/include/shape_msgs/shape_msgs/msg/detail/mesh_triangle__rosidl_typesupport_fastrtps_cpp.hpp
[7.492s] -- Up-to-date: /home/robot/app/robot_ws/install/shape_msgs/include/shape_msgs/shape_msgs/msg/detail/plane__rosidl_typesupport_fastrtps_cpp.hpp
[7.492s] -- Up-to-date: /home/robot/app/robot_ws/install/shape_msgs/lib/libshape_msgs__rosidl_typesupport_fastrtps_cpp.so
[7.493s] -- Up-to-date: /home/robot/app/robot_ws/install/shape_msgs/include/shape_msgs
[7.493s] -- Up-to-date: /home/robot/app/robot_ws/install/shape_msgs/include/shape_msgs/msg
[7.493s] -- Up-to-date: /home/robot/app/robot_ws/install/shape_msgs/include/shape_msgs/msg/detail
[7.493s] -- Up-to-date: /home/robot/app/robot_ws/install/shape_msgs/include/shape_msgs/msg/detail/solid_primitive__rosidl_typesupport_microxrcedds_c.h
[7.493s] -- Up-to-date: /home/robot/app/robot_ws/install/shape_msgs/include/shape_msgs/msg/detail/mesh_triangle__rosidl_typesupport_microxrcedds_c.h
[7.493s] -- Up-to-date: /home/robot/app/robot_ws/install/shape_msgs/include/shape_msgs/msg/detail/microxrcedds
[7.493s] -- Up-to-date: /home/robot/app/robot_ws/install/shape_msgs/include/shape_msgs/msg/detail/mesh__rosidl_typesupport_microxrcedds_c.h
[7.493s] -- Up-to-date: /home/robot/app/robot_ws/install/shape_msgs/include/shape_msgs/msg/detail/plane__rosidl_typesupport_microxrcedds_c.h
[7.494s] -- Up-to-date: /home/robot/app/robot_ws/install/shape_msgs/include/shape_msgs/msg/rosidl_typesupport_microxrcedds_c__visibility_control.h
[7.494s] -- Up-to-date: /home/robot/app/robot_ws/install/shape_msgs/lib/libshape_msgs__rosidl_typesupport_microxrcedds_c.so
[7.494s] -- Up-to-date: /home/robot/app/robot_ws/install/shape_msgs/include/shape_msgs/shape_msgs
[7.494s] -- Up-to-date: /home/robot/app/robot_ws/install/shape_msgs/include/shape_msgs/shape_msgs/msg
[7.494s] -- Up-to-date: /home/robot/app/robot_ws/install/shape_msgs/include/shape_msgs/shape_msgs/msg/rosidl_typesupport_introspection_c__visibility_control.h
[7.494s] -- Up-to-date: /home/robot/app/robot_ws/install/shape_msgs/include/shape_msgs/shape_msgs/msg/detail
[7.502s] -- Up-to-date: /home/robot/app/robot_ws/install/shape_msgs/include/shape_msgs/shape_msgs/msg/detail/solid_primitive__rosidl_typesupport_introspection_c.h
[7.503s] -- Up-to-date: /home/robot/app/robot_ws/install/shape_msgs/include/shape_msgs/shape_msgs/msg/detail/plane__type_support.c
[7.503s] -- Up-to-date: /home/robot/app/robot_ws/install/shape_msgs/include/shape_msgs/shape_msgs/msg/detail/plane__rosidl_typesupport_introspection_c.h
[7.505s] -- Up-to-date: /home/robot/app/robot_ws/install/shape_msgs/include/shape_msgs/shape_msgs/msg/detail/mesh_triangle__type_support.c
[7.506s] -- Up-to-date: /home/robot/app/robot_ws/install/shape_msgs/include/shape_msgs/shape_msgs/msg/detail/solid_primitive__type_support.c
[7.506s] -- Up-to-date: /home/robot/app/robot_ws/install/shape_msgs/include/shape_msgs/shape_msgs/msg/detail/mesh__type_support.c
[7.506s] -- Up-to-date: /home/robot/app/robot_ws/install/shape_msgs/include/shape_msgs/shape_msgs/msg/detail/mesh_triangle__rosidl_typesupport_introspection_c.h
[7.506s] -- Up-to-date: /home/robot/app/robot_ws/install/shape_msgs/include/shape_msgs/shape_msgs/msg/detail/mesh__rosidl_typesupport_introspection_c.h
[7.506s] -- Up-to-date: /home/robot/app/robot_ws/install/shape_msgs/lib/libshape_msgs__rosidl_typesupport_introspection_c.so
[7.507s] -- Up-to-date: /home/robot/app/robot_ws/install/shape_msgs/lib/libshape_msgs__rosidl_typesupport_c.so
[7.507s] -- Up-to-date: /home/robot/app/robot_ws/install/shape_msgs/include/shape_msgs
[7.507s] -- Up-to-date: /home/robot/app/robot_ws/install/shape_msgs/include/shape_msgs/msg
[7.507s] -- Up-to-date: /home/robot/app/robot_ws/install/shape_msgs/include/shape_msgs/msg/detail
[7.507s] -- Up-to-date: /home/robot/app/robot_ws/install/shape_msgs/include/shape_msgs/msg/detail/plane__rosidl_typesupport_microxrcedds_cpp.hpp
[7.507s] -- Up-to-date: /home/robot/app/robot_ws/install/shape_msgs/include/shape_msgs/msg/detail/microxrcedds
[7.507s] -- Up-to-date: /home/robot/app/robot_ws/install/shape_msgs/include/shape_msgs/msg/detail/microxrcedds/mesh__type_support_cpp.cpp
[7.507s] -- Up-to-date: /home/robot/app/robot_ws/install/shape_msgs/include/shape_msgs/msg/detail/microxrcedds/solid_primitive__type_support_cpp.cpp
[7.508s] -- Up-to-date: /home/robot/app/robot_ws/install/shape_msgs/include/shape_msgs/msg/detail/microxrcedds/mesh_triangle__type_support_cpp.cpp
[7.508s] -- Up-to-date: /home/robot/app/robot_ws/install/shape_msgs/include/shape_msgs/msg/detail/microxrcedds/plane__type_support_cpp.cpp
[7.508s] -- Up-to-date: /home/robot/app/robot_ws/install/shape_msgs/include/shape_msgs/msg/detail/solid_primitive__rosidl_typesupport_microxrcedds_cpp.hpp
[7.508s] -- Up-to-date: /home/robot/app/robot_ws/install/shape_msgs/include/shape_msgs/msg/detail/mesh__rosidl_typesupport_microxrcedds_cpp.hpp
[7.508s] -- Up-to-date: /home/robot/app/robot_ws/install/shape_msgs/include/shape_msgs/msg/detail/mesh_triangle__rosidl_typesupport_microxrcedds_cpp.hpp
[7.508s] -- Up-to-date: /home/robot/app/robot_ws/install/shape_msgs/include/shape_msgs/msg/rosidl_typesupport_microxrcedds_cpp__visibility_control.h
[7.508s] -- Up-to-date: /home/robot/app/robot_ws/install/shape_msgs/lib/libshape_msgs__rosidl_typesupport_microxrcedds_cpp.so
[7.508s] -- Up-to-date: /home/robot/app/robot_ws/install/shape_msgs/include/shape_msgs/shape_msgs
[7.508s] -- Up-to-date: /home/robot/app/robot_ws/install/shape_msgs/include/shape_msgs/shape_msgs/msg
[7.509s] -- Up-to-date: /home/robot/app/robot_ws/install/shape_msgs/include/shape_msgs/shape_msgs/msg/detail
[7.509s] -- Up-to-date: /home/robot/app/robot_ws/install/shape_msgs/include/shape_msgs/shape_msgs/msg/detail/plane__rosidl_typesupport_introspection_cpp.hpp
[7.509s] -- Up-to-date: /home/robot/app/robot_ws/install/shape_msgs/include/shape_msgs/shape_msgs/msg/detail/mesh_triangle__type_support.cpp
[7.509s] -- Up-to-date: /home/robot/app/robot_ws/install/shape_msgs/include/shape_msgs/shape_msgs/msg/detail/solid_primitive__rosidl_typesupport_introspection_cpp.hpp
[7.509s] -- Up-to-date: /home/robot/app/robot_ws/install/shape_msgs/include/shape_msgs/shape_msgs/msg/detail/mesh__type_support.cpp
[7.509s] -- Up-to-date: /home/robot/app/robot_ws/install/shape_msgs/include/shape_msgs/shape_msgs/msg/detail/mesh_triangle__rosidl_typesupport_introspection_cpp.hpp
[7.509s] -- Up-to-date: /home/robot/app/robot_ws/install/shape_msgs/include/shape_msgs/shape_msgs/msg/detail/solid_primitive__type_support.cpp
[7.509s] -- Up-to-date: /home/robot/app/robot_ws/install/shape_msgs/include/shape_msgs/shape_msgs/msg/detail/plane__type_support.cpp
[7.510s] -- Up-to-date: /home/robot/app/robot_ws/install/shape_msgs/include/shape_msgs/shape_msgs/msg/detail/mesh__rosidl_typesupport_introspection_cpp.hpp
[7.510s] -- Up-to-date: /home/robot/app/robot_ws/install/shape_msgs/lib/libshape_msgs__rosidl_typesupport_introspection_cpp.so
[7.510s] -- Up-to-date: /home/robot/app/robot_ws/install/shape_msgs/lib/libshape_msgs__rosidl_typesupport_cpp.so
[7.510s] -- Up-to-date: /home/robot/app/robot_ws/install/shape_msgs/share/shape_msgs/environment/pythonpath.sh
[7.510s] -- Installing: /home/robot/app/robot_ws/install/shape_msgs/share/shape_msgs/environment/pythonpath.dsv
[7.510s] -- Up-to-date: /home/robot/app/robot_ws/install/shape_msgs/local/lib/python3.10/dist-packages/shape_msgs-4.2.4-py3.10.egg-info
[7.510s] -- Installing: /home/robot/app/robot_ws/install/shape_msgs/local/lib/python3.10/dist-packages/shape_msgs-4.2.4-py3.10.egg-info/dependency_links.txt
[7.510s] -- Installing: /home/robot/app/robot_ws/install/shape_msgs/local/lib/python3.10/dist-packages/shape_msgs-4.2.4-py3.10.egg-info/PKG-INFO
[7.516s] -- Installing: /home/robot/app/robot_ws/install/shape_msgs/local/lib/python3.10/dist-packages/shape_msgs-4.2.4-py3.10.egg-info/SOURCES.txt
[7.516s] -- Installing: /home/robot/app/robot_ws/install/shape_msgs/local/lib/python3.10/dist-packages/shape_msgs-4.2.4-py3.10.egg-info/top_level.txt
[7.516s] -- Up-to-date: /home/robot/app/robot_ws/install/shape_msgs/local/lib/python3.10/dist-packages/shape_msgs
[7.516s] -- Installing: /home/robot/app/robot_ws/install/shape_msgs/local/lib/python3.10/dist-packages/shape_msgs/__init__.py
[7.516s] -- Up-to-date: /home/robot/app/robot_ws/install/shape_msgs/local/lib/python3.10/dist-packages/shape_msgs/_shape_msgs_s.ep.rosidl_typesupport_c.c
[7.516s] -- Up-to-date: /home/robot/app/robot_ws/install/shape_msgs/local/lib/python3.10/dist-packages/shape_msgs/_shape_msgs_s.ep.rosidl_typesupport_microxrcedds_c.c
[7.517s] -- Up-to-date: /home/robot/app/robot_ws/install/shape_msgs/local/lib/python3.10/dist-packages/shape_msgs/shape_msgs_s__rosidl_typesupport_introspection_c.cpython-310-x86_64-linux-gnu.so
[7.517s] -- Up-to-date: /home/robot/app/robot_ws/install/shape_msgs/local/lib/python3.10/dist-packages/shape_msgs/shape_msgs_s__rosidl_typesupport_c.cpython-310-x86_64-linux-gnu.so
[7.517s] -- Up-to-date: /home/robot/app/robot_ws/install/shape_msgs/local/lib/python3.10/dist-packages/shape_msgs/_shape_msgs_s.ep.rosidl_typesupport_introspection_c.c
[7.517s] -- Up-to-date: /home/robot/app/robot_ws/install/shape_msgs/local/lib/python3.10/dist-packages/shape_msgs/shape_msgs_s__rosidl_typesupport_microxrcedds_c.cpython-310-x86_64-linux-gnu.so
[7.517s] -- Up-to-date: /home/robot/app/robot_ws/install/shape_msgs/local/lib/python3.10/dist-packages/shape_msgs/libshape_msgs__rosidl_generator_py.so
[7.517s] -- Up-to-date: /home/robot/app/robot_ws/install/shape_msgs/local/lib/python3.10/dist-packages/shape_msgs/_shape_msgs_s.ep.rosidl_typesupport_fastrtps_c.c
[7.517s] -- Up-to-date: /home/robot/app/robot_ws/install/shape_msgs/local/lib/python3.10/dist-packages/shape_msgs/shape_msgs_s__rosidl_typesupport_fastrtps_c.cpython-310-x86_64-linux-gnu.so
[7.520s] -- Up-to-date: /home/robot/app/robot_ws/install/shape_msgs/local/lib/python3.10/dist-packages/shape_msgs/msg
[7.520s] -- Up-to-date: /home/robot/app/robot_ws/install/shape_msgs/local/lib/python3.10/dist-packages/shape_msgs/msg/__init__.py
[7.520s] -- Up-to-date: /home/robot/app/robot_ws/install/shape_msgs/local/lib/python3.10/dist-packages/shape_msgs/msg/_plane.py
[7.520s] -- Up-to-date: /home/robot/app/robot_ws/install/shape_msgs/local/lib/python3.10/dist-packages/shape_msgs/msg/_mesh.py
[7.520s] -- Up-to-date: /home/robot/app/robot_ws/install/shape_msgs/local/lib/python3.10/dist-packages/shape_msgs/msg/_plane_s.c
[7.520s] -- Up-to-date: /home/robot/app/robot_ws/install/shape_msgs/local/lib/python3.10/dist-packages/shape_msgs/msg/_solid_primitive_s.c
[7.520s] -- Up-to-date: /home/robot/app/robot_ws/install/shape_msgs/local/lib/python3.10/dist-packages/shape_msgs/msg/_mesh_s.c
[7.521s] -- Up-to-date: /home/robot/app/robot_ws/install/shape_msgs/local/lib/python3.10/dist-packages/shape_msgs/msg/_mesh_triangle_s.c
[7.521s] -- Up-to-date: /home/robot/app/robot_ws/install/shape_msgs/local/lib/python3.10/dist-packages/shape_msgs/msg/_solid_primitive.py
[7.521s] -- Up-to-date: /home/robot/app/robot_ws/install/shape_msgs/local/lib/python3.10/dist-packages/shape_msgs/msg/_mesh_triangle.py
[7.605s] Listing '/home/robot/app/robot_ws/install/shape_msgs/local/lib/python3.10/dist-packages/shape_msgs'...
[7.606s] Compiling '/home/robot/app/robot_ws/install/shape_msgs/local/lib/python3.10/dist-packages/shape_msgs/__init__.py'...
[7.606s] Listing '/home/robot/app/robot_ws/install/shape_msgs/local/lib/python3.10/dist-packages/shape_msgs/msg'...
[7.614s] -- Up-to-date: /home/robot/app/robot_ws/install/shape_msgs/local/lib/python3.10/dist-packages/shape_msgs/shape_msgs_s__rosidl_typesupport_microxrcedds_c.cpython-310-x86_64-linux-gnu.so
[7.616s] -- Up-to-date: /home/robot/app/robot_ws/install/shape_msgs/local/lib/python3.10/dist-packages/shape_msgs/shape_msgs_s__rosidl_typesupport_fastrtps_c.cpython-310-x86_64-linux-gnu.so
[7.617s] -- Up-to-date: /home/robot/app/robot_ws/install/shape_msgs/local/lib/python3.10/dist-packages/shape_msgs/shape_msgs_s__rosidl_typesupport_introspection_c.cpython-310-x86_64-linux-gnu.so
[7.620s] -- Up-to-date: /home/robot/app/robot_ws/install/shape_msgs/local/lib/python3.10/dist-packages/shape_msgs/shape_msgs_s__rosidl_typesupport_c.cpython-310-x86_64-linux-gnu.so
[7.620s] -- Up-to-date: /home/robot/app/robot_ws/install/shape_msgs/lib/libshape_msgs__rosidl_generator_py.so
[7.621s] -- Up-to-date: /home/robot/app/robot_ws/install/shape_msgs/share/shape_msgs/msg/Mesh.idl
[7.621s] -- Up-to-date: /home/robot/app/robot_ws/install/shape_msgs/share/shape_msgs/msg/MeshTriangle.idl
[7.622s] -- Up-to-date: /home/robot/app/robot_ws/install/shape_msgs/share/shape_msgs/msg/Plane.idl
[7.624s] -- Up-to-date: /home/robot/app/robot_ws/install/shape_msgs/share/shape_msgs/msg/SolidPrimitive.idl
[7.625s] -- Up-to-date: /home/robot/app/robot_ws/install/shape_msgs/share/shape_msgs/msg/Mesh.msg
[7.625s] -- Up-to-date: /home/robot/app/robot_ws/install/shape_msgs/share/shape_msgs/msg/MeshTriangle.msg
[7.625s] -- Up-to-date: /home/robot/app/robot_ws/install/shape_msgs/share/shape_msgs/msg/Plane.msg
[7.625s] -- Up-to-date: /home/robot/app/robot_ws/install/shape_msgs/share/shape_msgs/msg/SolidPrimitive.msg
[7.625s] -- Up-to-date: /home/robot/app/robot_ws/install/shape_msgs/share/ament_index/resource_index/package_run_dependencies/shape_msgs
[7.625s] -- Installing: /home/robot/app/robot_ws/install/shape_msgs/share/ament_index/resource_index/parent_prefix_path/shape_msgs
[7.625s] -- Up-to-date: /home/robot/app/robot_ws/install/shape_msgs/share/shape_msgs/environment/ament_prefix_path.sh
[7.626s] -- Installing: /home/robot/app/robot_ws/install/shape_msgs/share/shape_msgs/environment/ament_prefix_path.dsv
[7.628s] -- Up-to-date: /home/robot/app/robot_ws/install/shape_msgs/share/shape_msgs/environment/path.sh
[7.628s] -- Installing: /home/robot/app/robot_ws/install/shape_msgs/share/shape_msgs/environment/path.dsv
[7.628s] -- Up-to-date: /home/robot/app/robot_ws/install/shape_msgs/share/shape_msgs/local_setup.bash
[7.628s] -- Up-to-date: /home/robot/app/robot_ws/install/shape_msgs/share/shape_msgs/local_setup.sh
[7.628s] -- Up-to-date: /home/robot/app/robot_ws/install/shape_msgs/share/shape_msgs/local_setup.zsh
[7.628s] -- Installing: /home/robot/app/robot_ws/install/shape_msgs/share/shape_msgs/local_setup.dsv
[7.634s] -- Installing: /home/robot/app/robot_ws/install/shape_msgs/share/shape_msgs/package.dsv
[7.634s] -- Up-to-date: /home/robot/app/robot_ws/install/shape_msgs/share/ament_index/resource_index/packages/shape_msgs
[7.634s] -- Up-to-date: /home/robot/app/robot_ws/install/shape_msgs/share/shape_msgs/cmake/export_shape_msgs__rosidl_generator_cExport.cmake
[7.635s] -- Up-to-date: /home/robot/app/robot_ws/install/shape_msgs/share/shape_msgs/cmake/export_shape_msgs__rosidl_generator_cExport-noconfig.cmake
[7.639s] -- Up-to-date: /home/robot/app/robot_ws/install/shape_msgs/share/shape_msgs/cmake/export_shape_msgs__rosidl_typesupport_fastrtps_cExport.cmake
[7.639s] -- Up-to-date: /home/robot/app/robot_ws/install/shape_msgs/share/shape_msgs/cmake/export_shape_msgs__rosidl_typesupport_fastrtps_cExport-noconfig.cmake
[7.639s] -- Up-to-date: /home/robot/app/robot_ws/install/shape_msgs/share/shape_msgs/cmake/export_shape_msgs__rosidl_generator_cppExport.cmake
[7.639s] -- Up-to-date: /home/robot/app/robot_ws/install/shape_msgs/share/shape_msgs/cmake/export_shape_msgs__rosidl_typesupport_fastrtps_cppExport.cmake
[7.640s] -- Up-to-date: /home/robot/app/robot_ws/install/shape_msgs/share/shape_msgs/cmake/export_shape_msgs__rosidl_typesupport_fastrtps_cppExport-noconfig.cmake
[7.640s] -- Up-to-date: /home/robot/app/robot_ws/install/shape_msgs/share/shape_msgs/cmake/shape_msgs__rosidl_typesupport_introspection_cExport.cmake
[7.640s] -- Up-to-date: /home/robot/app/robot_ws/install/shape_msgs/share/shape_msgs/cmake/shape_msgs__rosidl_typesupport_introspection_cExport-noconfig.cmake
[7.640s] -- Up-to-date: /home/robot/app/robot_ws/install/shape_msgs/share/shape_msgs/cmake/shape_msgs__rosidl_typesupport_cExport.cmake
[7.640s] -- Up-to-date: /home/robot/app/robot_ws/install/shape_msgs/share/shape_msgs/cmake/shape_msgs__rosidl_typesupport_cExport-noconfig.cmake
[7.641s] -- Up-to-date: /home/robot/app/robot_ws/install/shape_msgs/share/shape_msgs/cmake/shape_msgs__rosidl_typesupport_introspection_cppExport.cmake
[7.641s] -- Up-to-date: /home/robot/app/robot_ws/install/shape_msgs/share/shape_msgs/cmake/shape_msgs__rosidl_typesupport_introspection_cppExport-noconfig.cmake
[7.641s] -- Up-to-date: /home/robot/app/robot_ws/install/shape_msgs/share/shape_msgs/cmake/shape_msgs__rosidl_typesupport_cppExport.cmake
[7.642s] -- Up-to-date: /home/robot/app/robot_ws/install/shape_msgs/share/shape_msgs/cmake/shape_msgs__rosidl_typesupport_cppExport-noconfig.cmake
[7.643s] -- Up-to-date: /home/robot/app/robot_ws/install/shape_msgs/share/shape_msgs/cmake/export_shape_msgs__rosidl_generator_pyExport.cmake
[7.646s] -- Up-to-date: /home/robot/app/robot_ws/install/shape_msgs/share/shape_msgs/cmake/export_shape_msgs__rosidl_generator_pyExport-noconfig.cmake
[7.647s] -- Up-to-date: /home/robot/app/robot_ws/install/shape_msgs/share/shape_msgs/cmake/rosidl_cmake-extras.cmake
[7.647s] -- Up-to-date: /home/robot/app/robot_ws/install/shape_msgs/share/shape_msgs/cmake/ament_cmake_export_dependencies-extras.cmake
[7.647s] -- Up-to-date: /home/robot/app/robot_ws/install/shape_msgs/share/shape_msgs/cmake/ament_cmake_export_include_directories-extras.cmake
[7.647s] -- Up-to-date: /home/robot/app/robot_ws/install/shape_msgs/share/shape_msgs/cmake/ament_cmake_export_libraries-extras.cmake
[7.647s] -- Up-to-date: /home/robot/app/robot_ws/install/shape_msgs/share/shape_msgs/cmake/ament_cmake_export_targets-extras.cmake
[7.648s] -- Up-to-date: /home/robot/app/robot_ws/install/shape_msgs/share/shape_msgs/cmake/rosidl_cmake_export_typesupport_targets-extras.cmake
[7.648s] -- Up-to-date: /home/robot/app/robot_ws/install/shape_msgs/share/shape_msgs/cmake/rosidl_cmake_export_typesupport_libraries-extras.cmake
[7.648s] -- Up-to-date: /home/robot/app/robot_ws/install/shape_msgs/share/shape_msgs/cmake/shape_msgsConfig.cmake
[7.648s] -- Up-to-date: /home/robot/app/robot_ws/install/shape_msgs/share/shape_msgs/cmake/shape_msgsConfig-version.cmake
[7.649s] -- Up-to-date: /home/robot/app/robot_ws/install/shape_msgs/share/shape_msgs/package.xml
[7.652s] Invoked command in '/home/robot/app/robot_ws/build/shape_msgs' returned '0': CMAKE_PREFIX_PATH=/home/robot/app/robot_ws/install/geometry_msgs:/home/robot/app/robot_ws/install/std_msgs:/home/robot/app/robot_ws/install/builtin_interfaces:/home/robot/app/robot_ws/install/micro_ros_agent:/home/robot/app/robot_ws/install/micro_ros_demos_rclc:/home/robot/app/robot_ws/install/common_interfaces:/home/robot/app/robot_ws/install/visualization_msgs:/home/robot/app/robot_ws/install/test_msgs:/home/robot/app/robot_ws/install/example_interfaces:/home/robot/app/robot_ws/install/action_msgs:/home/robot/app/robot_ws/install/unique_identifier_msgs:/home/robot/app/robot_ws/install/trajectory_msgs:/home/robot/app/robot_ws/install/stereo_msgs:/home/robot/app/robot_ws/install/std_srvs:/home/robot/app/robot_ws/install/shape_msgs:/home/robot/app/robot_ws/install/sensor_msgs:/home/robot/app/robot_ws/install/nav_msgs:/home/robot/app/robot_ws/install/diagnostic_msgs:/home/robot/app/robot_ws/install/actionlib_msgs:/home/robot/app/robot_ws/install/statistics_msgs:/home/robot/app/robot_ws/install/rosidl_typesupport_microxrcedds_test_msg:/home/robot/app/robot_ws/install/rosidl_typesupport_microxrcedds_cpp_tests:/home/robot/app/robot_ws/install/rmw_microxrcedds:/home/robot/app/robot_ws/install/rosidl_typesupport_microxrcedds_cpp:/home/robot/app/robot_ws/install/rosidl_typesupport_microxrcedds_c_tests:/home/robot/app/robot_ws/install/rosidl_typesupport_microxrcedds_c:/home/robot/app/robot_ws/install/rosgraph_msgs:/home/robot/app/robot_ws/install/rclc_parameter:/home/robot/app/robot_ws/install/rclc:/home/robot/app/robot_ws/install/composition_interfaces:/home/robot/app/robot_ws/install/rcl_interfaces:/home/robot/app/robot_ws/install/microxrcedds_client:/home/robot/app/robot_ws/install/microcdr:/home/robot/app/robot_ws/install/micro_ros_utilities:/home/robot/app/robot_ws/install/micro_ros_msgs:/home/robot/app/robot_ws/install/lifecycle_msgs:/home/robot/app/robot_ws/install/complex_msgs:/home/robot/app/robot_ws/install/micro_ros_setup:/home/robot/app/robot_ws/install/sensor_msgs_py:/opt/ros/humble LD_LIBRARY_PATH=/home/robot/app/robot_ws/install/geometry_msgs/lib:/home/robot/app/robot_ws/install/std_msgs/lib:/home/robot/app/robot_ws/install/builtin_interfaces/lib:/home/robot/app/robot_ws/install/micro_ros_agent/lib:/home/robot/app/robot_ws/install/visualization_msgs/lib:/home/robot/app/robot_ws/install/test_msgs/lib:/home/robot/app/robot_ws/install/example_interfaces/lib:/home/robot/app/robot_ws/install/action_msgs/lib:/home/robot/app/robot_ws/install/unique_identifier_msgs/lib:/home/robot/app/robot_ws/install/trajectory_msgs/lib:/home/robot/app/robot_ws/install/stereo_msgs/lib:/home/robot/app/robot_ws/install/std_srvs/lib:/home/robot/app/robot_ws/install/shape_msgs/lib:/home/robot/app/robot_ws/install/sensor_msgs/lib:/home/robot/app/robot_ws/install/nav_msgs/lib:/home/robot/app/robot_ws/install/diagnostic_msgs/lib:/home/robot/app/robot_ws/install/actionlib_msgs/lib:/home/robot/app/robot_ws/install/statistics_msgs/lib:/home/robot/app/robot_ws/install/rmw_microxrcedds/lib:/home/robot/app/robot_ws/install/rosidl_typesupport_microxrcedds_cpp/lib:/home/robot/app/robot_ws/install/rosidl_typesupport_microxrcedds_c/lib:/home/robot/app/robot_ws/install/rosgraph_msgs/lib:/home/robot/app/robot_ws/install/rclc_parameter/lib:/home/robot/app/robot_ws/install/rclc/lib:/home/robot/app/robot_ws/install/composition_interfaces/lib:/home/robot/app/robot_ws/install/rcl_interfaces/lib:/home/robot/app/robot_ws/install/microxrcedds_client/lib:/home/robot/app/robot_ws/install/microcdr/lib:/home/robot/app/robot_ws/install/micro_ros_utilities/lib:/home/robot/app/robot_ws/install/micro_ros_msgs/lib:/home/robot/app/robot_ws/install/lifecycle_msgs/lib:/home/robot/app/robot_ws/install/complex_msgs/lib:/opt/ros/humble/opt/rviz_ogre_vendor/lib:/opt/ros/humble/lib/x86_64-linux-gnu:/opt/ros/humble/lib /usr/bin/cmake --install /home/robot/app/robot_ws/build/shape_msgs
