[0.043s] Invoking command in '/home/robot/app/robot_ws/build/composition_interfaces': CMAKE_PREFIX_PATH=/home/robot/app/robot_ws/install/rcl_interfaces:/home/robot/app/robot_ws/install/builtin_interfaces:/home/robot/app/robot_ws/install/micro_ros_demos_rclc:/home/robot/app/robot_ws/install/common_interfaces:/home/robot/app/robot_ws/install/visualization_msgs:/home/robot/app/robot_ws/install/test_msgs:/home/robot/app/robot_ws/install/example_interfaces:/home/robot/app/robot_ws/install/action_msgs:/home/robot/app/robot_ws/install/unique_identifier_msgs:/home/robot/app/robot_ws/install/trajectory_msgs:/home/robot/app/robot_ws/install/stereo_msgs:/home/robot/app/robot_ws/install/std_srvs:/home/robot/app/robot_ws/install/shape_msgs:/home/robot/app/robot_ws/install/sensor_msgs:/home/robot/app/robot_ws/install/nav_msgs:/home/robot/app/robot_ws/install/diagnostic_msgs:/home/robot/app/robot_ws/install/geometry_msgs:/home/robot/app/robot_ws/install/actionlib_msgs:/home/robot/app/robot_ws/install/std_msgs:/home/robot/app/robot_ws/install/statistics_msgs:/home/robot/app/robot_ws/install/rosidl_typesupport_microxrcedds_test_msg:/home/robot/app/robot_ws/install/rosidl_typesupport_microxrcedds_cpp_tests:/home/robot/app/robot_ws/install/rmw_microxrcedds:/home/robot/app/robot_ws/install/rosidl_typesupport_microxrcedds_cpp:/home/robot/app/robot_ws/install/rosidl_typesupport_microxrcedds_c_tests:/home/robot/app/robot_ws/install/rosidl_typesupport_microxrcedds_c:/home/robot/app/robot_ws/install/rosgraph_msgs:/home/robot/app/robot_ws/install/rclc_parameter:/home/robot/app/robot_ws/install/rclc:/home/robot/app/robot_ws/install/composition_interfaces:/home/robot/app/robot_ws/install/microxrcedds_client:/home/robot/app/robot_ws/install/microcdr:/home/robot/app/robot_ws/install/micro_ros_utilities:/home/robot/app/robot_ws/install/micro_ros_msgs:/home/robot/app/robot_ws/install/lifecycle_msgs:/home/robot/app/robot_ws/install/complex_msgs:/home/robot/app/robot_ws/install/micro_ros_setup:/home/robot/app/robot_ws/install/my_custom_message:/home/robot/app/robot_ws/install/sensor_msgs_py:/opt/ros/humble LD_LIBRARY_PATH=/home/robot/app/robot_ws/install/rcl_interfaces/lib:/home/robot/app/robot_ws/install/builtin_interfaces/lib:/home/robot/app/robot_ws/install/visualization_msgs/lib:/home/robot/app/robot_ws/install/test_msgs/lib:/home/robot/app/robot_ws/install/example_interfaces/lib:/home/robot/app/robot_ws/install/action_msgs/lib:/home/robot/app/robot_ws/install/unique_identifier_msgs/lib:/home/robot/app/robot_ws/install/trajectory_msgs/lib:/home/robot/app/robot_ws/install/stereo_msgs/lib:/home/robot/app/robot_ws/install/std_srvs/lib:/home/robot/app/robot_ws/install/shape_msgs/lib:/home/robot/app/robot_ws/install/sensor_msgs/lib:/home/robot/app/robot_ws/install/nav_msgs/lib:/home/robot/app/robot_ws/install/diagnostic_msgs/lib:/home/robot/app/robot_ws/install/geometry_msgs/lib:/home/robot/app/robot_ws/install/actionlib_msgs/lib:/home/robot/app/robot_ws/install/std_msgs/lib:/home/robot/app/robot_ws/install/statistics_msgs/lib:/home/robot/app/robot_ws/install/rmw_microxrcedds/lib:/home/robot/app/robot_ws/install/rosidl_typesupport_microxrcedds_cpp/lib:/home/robot/app/robot_ws/install/rosidl_typesupport_microxrcedds_c/lib:/home/robot/app/robot_ws/install/rosgraph_msgs/lib:/home/robot/app/robot_ws/install/rclc_parameter/lib:/home/robot/app/robot_ws/install/rclc/lib:/home/robot/app/robot_ws/install/composition_interfaces/lib:/home/robot/app/robot_ws/install/microxrcedds_client/lib:/home/robot/app/robot_ws/install/microcdr/lib:/home/robot/app/robot_ws/install/micro_ros_utilities/lib:/home/robot/app/robot_ws/install/micro_ros_msgs/lib:/home/robot/app/robot_ws/install/lifecycle_msgs/lib:/home/robot/app/robot_ws/install/complex_msgs/lib:/home/robot/app/robot_ws/install/my_custom_message/lib:/opt/ros/humble/opt/rviz_ogre_vendor/lib:/opt/ros/humble/lib/x86_64-linux-gnu:/opt/ros/humble/lib /usr/bin/cmake --build /home/robot/app/robot_ws/build/composition_interfaces -- -j8 -l8
[0.160s] [35m[1mConsolidate compiler generated dependencies of target composition_interfaces__rosidl_generator_c[0m
[0.188s] [  1%] Built target composition_interfaces__cpp
[0.206s] [ 10%] Built target composition_interfaces__rosidl_generator_c
[0.231s] [ 10%] Built target ament_cmake_python_copy_composition_interfaces
[0.232s] [35m[1mConsolidate compiler generated dependencies of target composition_interfaces__rosidl_typesupport_microxrcedds_cpp[0m
[0.237s] [35m[1mConsolidate compiler generated dependencies of target composition_interfaces__rosidl_typesupport_fastrtps_cpp[0m
[0.246s] [35m[1mConsolidate compiler generated dependencies of target composition_interfaces__rosidl_typesupport_introspection_cpp[0m
[0.249s] [35m[1mConsolidate compiler generated dependencies of target composition_interfaces__rosidl_typesupport_cpp[0m
[0.270s] [35m[1mConsolidate compiler generated dependencies of target composition_interfaces__rosidl_typesupport_fastrtps_c[0m
[0.278s] [35m[1mConsolidate compiler generated dependencies of target composition_interfaces__rosidl_typesupport_introspection_c[0m
[0.283s] [35m[1mConsolidate compiler generated dependencies of target composition_interfaces__rosidl_typesupport_microxrcedds_c[0m
[0.285s] [35m[1mConsolidate compiler generated dependencies of target composition_interfaces__rosidl_typesupport_c[0m
[0.293s] [ 18%] Built target composition_interfaces__rosidl_typesupport_fastrtps_cpp
[0.310s] [ 27%] Built target composition_interfaces__rosidl_typesupport_microxrcedds_cpp
[0.320s] [ 35%] Built target composition_interfaces__rosidl_typesupport_cpp
[0.332s] [ 44%] Built target composition_interfaces__rosidl_typesupport_introspection_cpp
[0.348s] [ 52%] Built target composition_interfaces__rosidl_typesupport_c
[0.351s] [ 61%] Built target composition_interfaces__rosidl_typesupport_fastrtps_c
[0.356s] [ 69%] Built target composition_interfaces__rosidl_typesupport_microxrcedds_c
[0.363s] [ 77%] Built target composition_interfaces__rosidl_typesupport_introspection_c
[0.430s] [ 77%] Built target composition_interfaces
[0.496s] [ 79%] Built target composition_interfaces__py
[0.536s] [35m[1mConsolidate compiler generated dependencies of target composition_interfaces__rosidl_generator_py[0m
[0.611s] [ 86%] Built target composition_interfaces__rosidl_generator_py
[0.713s] [35m[1mConsolidate compiler generated dependencies of target composition_interfaces__rosidl_typesupport_fastrtps_c__pyext[0m
[0.728s] [35m[1mConsolidate compiler generated dependencies of target composition_interfaces__rosidl_typesupport_c__pyext[0m
[0.728s] [35m[1mConsolidate compiler generated dependencies of target composition_interfaces__rosidl_typesupport_microxrcedds_c__pyext[0m
[0.728s] [35m[1mConsolidate compiler generated dependencies of target composition_interfaces__rosidl_typesupport_introspection_c__pyext[0m
[0.728s] [ 89%] Built target composition_interfaces__rosidl_typesupport_fastrtps_c__pyext
[0.728s] [ 93%] Built target composition_interfaces__rosidl_typesupport_c__pyext
[0.729s] [ 96%] Built target composition_interfaces__rosidl_typesupport_microxrcedds_c__pyext
[0.729s] [100%] Built target composition_interfaces__rosidl_typesupport_introspection_c__pyext
[1.024s] running egg_info
[1.025s] writing composition_interfaces.egg-info/PKG-INFO
[1.026s] writing dependency_links to composition_interfaces.egg-info/dependency_links.txt
[1.027s] writing top-level names to composition_interfaces.egg-info/top_level.txt
[1.031s] reading manifest file 'composition_interfaces.egg-info/SOURCES.txt'
[1.032s] writing manifest file 'composition_interfaces.egg-info/SOURCES.txt'
[1.089s] [100%] Built target ament_cmake_python_build_composition_interfaces_egg
[1.115s] Invoked command in '/home/robot/app/robot_ws/build/composition_interfaces' returned '0': CMAKE_PREFIX_PATH=/home/robot/app/robot_ws/install/rcl_interfaces:/home/robot/app/robot_ws/install/builtin_interfaces:/home/robot/app/robot_ws/install/micro_ros_demos_rclc:/home/robot/app/robot_ws/install/common_interfaces:/home/robot/app/robot_ws/install/visualization_msgs:/home/robot/app/robot_ws/install/test_msgs:/home/robot/app/robot_ws/install/example_interfaces:/home/robot/app/robot_ws/install/action_msgs:/home/robot/app/robot_ws/install/unique_identifier_msgs:/home/robot/app/robot_ws/install/trajectory_msgs:/home/robot/app/robot_ws/install/stereo_msgs:/home/robot/app/robot_ws/install/std_srvs:/home/robot/app/robot_ws/install/shape_msgs:/home/robot/app/robot_ws/install/sensor_msgs:/home/robot/app/robot_ws/install/nav_msgs:/home/robot/app/robot_ws/install/diagnostic_msgs:/home/robot/app/robot_ws/install/geometry_msgs:/home/robot/app/robot_ws/install/actionlib_msgs:/home/robot/app/robot_ws/install/std_msgs:/home/robot/app/robot_ws/install/statistics_msgs:/home/robot/app/robot_ws/install/rosidl_typesupport_microxrcedds_test_msg:/home/robot/app/robot_ws/install/rosidl_typesupport_microxrcedds_cpp_tests:/home/robot/app/robot_ws/install/rmw_microxrcedds:/home/robot/app/robot_ws/install/rosidl_typesupport_microxrcedds_cpp:/home/robot/app/robot_ws/install/rosidl_typesupport_microxrcedds_c_tests:/home/robot/app/robot_ws/install/rosidl_typesupport_microxrcedds_c:/home/robot/app/robot_ws/install/rosgraph_msgs:/home/robot/app/robot_ws/install/rclc_parameter:/home/robot/app/robot_ws/install/rclc:/home/robot/app/robot_ws/install/composition_interfaces:/home/robot/app/robot_ws/install/microxrcedds_client:/home/robot/app/robot_ws/install/microcdr:/home/robot/app/robot_ws/install/micro_ros_utilities:/home/robot/app/robot_ws/install/micro_ros_msgs:/home/robot/app/robot_ws/install/lifecycle_msgs:/home/robot/app/robot_ws/install/complex_msgs:/home/robot/app/robot_ws/install/micro_ros_setup:/home/robot/app/robot_ws/install/my_custom_message:/home/robot/app/robot_ws/install/sensor_msgs_py:/opt/ros/humble LD_LIBRARY_PATH=/home/robot/app/robot_ws/install/rcl_interfaces/lib:/home/robot/app/robot_ws/install/builtin_interfaces/lib:/home/robot/app/robot_ws/install/visualization_msgs/lib:/home/robot/app/robot_ws/install/test_msgs/lib:/home/robot/app/robot_ws/install/example_interfaces/lib:/home/robot/app/robot_ws/install/action_msgs/lib:/home/robot/app/robot_ws/install/unique_identifier_msgs/lib:/home/robot/app/robot_ws/install/trajectory_msgs/lib:/home/robot/app/robot_ws/install/stereo_msgs/lib:/home/robot/app/robot_ws/install/std_srvs/lib:/home/robot/app/robot_ws/install/shape_msgs/lib:/home/robot/app/robot_ws/install/sensor_msgs/lib:/home/robot/app/robot_ws/install/nav_msgs/lib:/home/robot/app/robot_ws/install/diagnostic_msgs/lib:/home/robot/app/robot_ws/install/geometry_msgs/lib:/home/robot/app/robot_ws/install/actionlib_msgs/lib:/home/robot/app/robot_ws/install/std_msgs/lib:/home/robot/app/robot_ws/install/statistics_msgs/lib:/home/robot/app/robot_ws/install/rmw_microxrcedds/lib:/home/robot/app/robot_ws/install/rosidl_typesupport_microxrcedds_cpp/lib:/home/robot/app/robot_ws/install/rosidl_typesupport_microxrcedds_c/lib:/home/robot/app/robot_ws/install/rosgraph_msgs/lib:/home/robot/app/robot_ws/install/rclc_parameter/lib:/home/robot/app/robot_ws/install/rclc/lib:/home/robot/app/robot_ws/install/composition_interfaces/lib:/home/robot/app/robot_ws/install/microxrcedds_client/lib:/home/robot/app/robot_ws/install/microcdr/lib:/home/robot/app/robot_ws/install/micro_ros_utilities/lib:/home/robot/app/robot_ws/install/micro_ros_msgs/lib:/home/robot/app/robot_ws/install/lifecycle_msgs/lib:/home/robot/app/robot_ws/install/complex_msgs/lib:/home/robot/app/robot_ws/install/my_custom_message/lib:/opt/ros/humble/opt/rviz_ogre_vendor/lib:/opt/ros/humble/lib/x86_64-linux-gnu:/opt/ros/humble/lib /usr/bin/cmake --build /home/robot/app/robot_ws/build/composition_interfaces -- -j8 -l8
[1.564s] Invoking command in '/home/robot/app/robot_ws/build/composition_interfaces': CMAKE_PREFIX_PATH=/home/robot/app/robot_ws/install/rcl_interfaces:/home/robot/app/robot_ws/install/builtin_interfaces:/home/robot/app/robot_ws/install/micro_ros_demos_rclc:/home/robot/app/robot_ws/install/common_interfaces:/home/robot/app/robot_ws/install/visualization_msgs:/home/robot/app/robot_ws/install/test_msgs:/home/robot/app/robot_ws/install/example_interfaces:/home/robot/app/robot_ws/install/action_msgs:/home/robot/app/robot_ws/install/unique_identifier_msgs:/home/robot/app/robot_ws/install/trajectory_msgs:/home/robot/app/robot_ws/install/stereo_msgs:/home/robot/app/robot_ws/install/std_srvs:/home/robot/app/robot_ws/install/shape_msgs:/home/robot/app/robot_ws/install/sensor_msgs:/home/robot/app/robot_ws/install/nav_msgs:/home/robot/app/robot_ws/install/diagnostic_msgs:/home/robot/app/robot_ws/install/geometry_msgs:/home/robot/app/robot_ws/install/actionlib_msgs:/home/robot/app/robot_ws/install/std_msgs:/home/robot/app/robot_ws/install/statistics_msgs:/home/robot/app/robot_ws/install/rosidl_typesupport_microxrcedds_test_msg:/home/robot/app/robot_ws/install/rosidl_typesupport_microxrcedds_cpp_tests:/home/robot/app/robot_ws/install/rmw_microxrcedds:/home/robot/app/robot_ws/install/rosidl_typesupport_microxrcedds_cpp:/home/robot/app/robot_ws/install/rosidl_typesupport_microxrcedds_c_tests:/home/robot/app/robot_ws/install/rosidl_typesupport_microxrcedds_c:/home/robot/app/robot_ws/install/rosgraph_msgs:/home/robot/app/robot_ws/install/rclc_parameter:/home/robot/app/robot_ws/install/rclc:/home/robot/app/robot_ws/install/composition_interfaces:/home/robot/app/robot_ws/install/microxrcedds_client:/home/robot/app/robot_ws/install/microcdr:/home/robot/app/robot_ws/install/micro_ros_utilities:/home/robot/app/robot_ws/install/micro_ros_msgs:/home/robot/app/robot_ws/install/lifecycle_msgs:/home/robot/app/robot_ws/install/complex_msgs:/home/robot/app/robot_ws/install/micro_ros_setup:/home/robot/app/robot_ws/install/my_custom_message:/home/robot/app/robot_ws/install/sensor_msgs_py:/opt/ros/humble LD_LIBRARY_PATH=/home/robot/app/robot_ws/install/rcl_interfaces/lib:/home/robot/app/robot_ws/install/builtin_interfaces/lib:/home/robot/app/robot_ws/install/visualization_msgs/lib:/home/robot/app/robot_ws/install/test_msgs/lib:/home/robot/app/robot_ws/install/example_interfaces/lib:/home/robot/app/robot_ws/install/action_msgs/lib:/home/robot/app/robot_ws/install/unique_identifier_msgs/lib:/home/robot/app/robot_ws/install/trajectory_msgs/lib:/home/robot/app/robot_ws/install/stereo_msgs/lib:/home/robot/app/robot_ws/install/std_srvs/lib:/home/robot/app/robot_ws/install/shape_msgs/lib:/home/robot/app/robot_ws/install/sensor_msgs/lib:/home/robot/app/robot_ws/install/nav_msgs/lib:/home/robot/app/robot_ws/install/diagnostic_msgs/lib:/home/robot/app/robot_ws/install/geometry_msgs/lib:/home/robot/app/robot_ws/install/actionlib_msgs/lib:/home/robot/app/robot_ws/install/std_msgs/lib:/home/robot/app/robot_ws/install/statistics_msgs/lib:/home/robot/app/robot_ws/install/rmw_microxrcedds/lib:/home/robot/app/robot_ws/install/rosidl_typesupport_microxrcedds_cpp/lib:/home/robot/app/robot_ws/install/rosidl_typesupport_microxrcedds_c/lib:/home/robot/app/robot_ws/install/rosgraph_msgs/lib:/home/robot/app/robot_ws/install/rclc_parameter/lib:/home/robot/app/robot_ws/install/rclc/lib:/home/robot/app/robot_ws/install/composition_interfaces/lib:/home/robot/app/robot_ws/install/microxrcedds_client/lib:/home/robot/app/robot_ws/install/microcdr/lib:/home/robot/app/robot_ws/install/micro_ros_utilities/lib:/home/robot/app/robot_ws/install/micro_ros_msgs/lib:/home/robot/app/robot_ws/install/lifecycle_msgs/lib:/home/robot/app/robot_ws/install/complex_msgs/lib:/home/robot/app/robot_ws/install/my_custom_message/lib:/opt/ros/humble/opt/rviz_ogre_vendor/lib:/opt/ros/humble/lib/x86_64-linux-gnu:/opt/ros/humble/lib /usr/bin/cmake --install /home/robot/app/robot_ws/build/composition_interfaces
[1.586s] -- Install configuration: ""
[1.587s] -- Up-to-date: /home/robot/app/robot_ws/install/composition_interfaces/share/ament_index/resource_index/rosidl_interfaces/composition_interfaces
[1.587s] -- Up-to-date: /home/robot/app/robot_ws/install/composition_interfaces/include/composition_interfaces/composition_interfaces
[1.587s] -- Up-to-date: /home/robot/app/robot_ws/install/composition_interfaces/include/composition_interfaces/composition_interfaces/srv
[1.587s] -- Up-to-date: /home/robot/app/robot_ws/install/composition_interfaces/include/composition_interfaces/composition_interfaces/srv/unload_node.h
[1.588s] -- Up-to-date: /home/robot/app/robot_ws/install/composition_interfaces/include/composition_interfaces/composition_interfaces/srv/load_node.h
[1.588s] -- Up-to-date: /home/robot/app/robot_ws/install/composition_interfaces/include/composition_interfaces/composition_interfaces/srv/detail
[1.588s] -- Up-to-date: /home/robot/app/robot_ws/install/composition_interfaces/include/composition_interfaces/composition_interfaces/srv/detail/unload_node__type_support.h
[1.588s] -- Up-to-date: /home/robot/app/robot_ws/install/composition_interfaces/include/composition_interfaces/composition_interfaces/srv/detail/load_node__functions.h
[1.589s] -- Up-to-date: /home/robot/app/robot_ws/install/composition_interfaces/include/composition_interfaces/composition_interfaces/srv/detail/list_nodes__type_support.h
[1.589s] -- Up-to-date: /home/robot/app/robot_ws/install/composition_interfaces/include/composition_interfaces/composition_interfaces/srv/detail/unload_node__functions.h
[1.589s] -- Up-to-date: /home/robot/app/robot_ws/install/composition_interfaces/include/composition_interfaces/composition_interfaces/srv/detail/load_node__struct.h
[1.589s] -- Up-to-date: /home/robot/app/robot_ws/install/composition_interfaces/include/composition_interfaces/composition_interfaces/srv/detail/load_node__functions.c
[1.589s] -- Up-to-date: /home/robot/app/robot_ws/install/composition_interfaces/include/composition_interfaces/composition_interfaces/srv/detail/list_nodes__functions.h
[1.590s] -- Up-to-date: /home/robot/app/robot_ws/install/composition_interfaces/include/composition_interfaces/composition_interfaces/srv/detail/load_node__type_support.h
[1.590s] -- Up-to-date: /home/robot/app/robot_ws/install/composition_interfaces/include/composition_interfaces/composition_interfaces/srv/detail/list_nodes__functions.c
[1.590s] -- Up-to-date: /home/robot/app/robot_ws/install/composition_interfaces/include/composition_interfaces/composition_interfaces/srv/detail/unload_node__functions.c
[1.590s] -- Up-to-date: /home/robot/app/robot_ws/install/composition_interfaces/include/composition_interfaces/composition_interfaces/srv/detail/list_nodes__struct.h
[1.591s] -- Up-to-date: /home/robot/app/robot_ws/install/composition_interfaces/include/composition_interfaces/composition_interfaces/srv/detail/unload_node__struct.h
[1.591s] -- Up-to-date: /home/robot/app/robot_ws/install/composition_interfaces/include/composition_interfaces/composition_interfaces/srv/list_nodes.h
[1.591s] -- Up-to-date: /home/robot/app/robot_ws/install/composition_interfaces/include/composition_interfaces/composition_interfaces/msg
[1.592s] -- Up-to-date: /home/robot/app/robot_ws/install/composition_interfaces/include/composition_interfaces/composition_interfaces/msg/rosidl_generator_c__visibility_control.h
[1.592s] -- Up-to-date: /home/robot/app/robot_ws/install/composition_interfaces/share/composition_interfaces/environment/library_path.sh
[1.592s] -- Up-to-date: /home/robot/app/robot_ws/install/composition_interfaces/share/composition_interfaces/environment/library_path.dsv
[1.592s] -- Up-to-date: /home/robot/app/robot_ws/install/composition_interfaces/lib/libcomposition_interfaces__rosidl_generator_c.so
[1.593s] -- Up-to-date: /home/robot/app/robot_ws/install/composition_interfaces/include/composition_interfaces
[1.593s] -- Up-to-date: /home/robot/app/robot_ws/install/composition_interfaces/include/composition_interfaces/srv
[1.593s] -- Up-to-date: /home/robot/app/robot_ws/install/composition_interfaces/include/composition_interfaces/srv/detail
[1.593s] -- Up-to-date: /home/robot/app/robot_ws/install/composition_interfaces/include/composition_interfaces/srv/detail/list_nodes__rosidl_typesupport_microxrcedds_c.h
[1.593s] -- Up-to-date: /home/robot/app/robot_ws/install/composition_interfaces/include/composition_interfaces/srv/detail/microxrcedds
[1.594s] -- Up-to-date: /home/robot/app/robot_ws/install/composition_interfaces/include/composition_interfaces/srv/detail/load_node__rosidl_typesupport_microxrcedds_c.h
[1.594s] -- Up-to-date: /home/robot/app/robot_ws/install/composition_interfaces/include/composition_interfaces/srv/detail/unload_node__rosidl_typesupport_microxrcedds_c.h
[1.594s] -- Up-to-date: /home/robot/app/robot_ws/install/composition_interfaces/include/composition_interfaces/msg
[1.594s] -- Up-to-date: /home/robot/app/robot_ws/install/composition_interfaces/include/composition_interfaces/msg/rosidl_typesupport_microxrcedds_c__visibility_control.h
[1.595s] -- Up-to-date: /home/robot/app/robot_ws/install/composition_interfaces/lib/libcomposition_interfaces__rosidl_typesupport_microxrcedds_c.so
[1.596s] -- Up-to-date: /home/robot/app/robot_ws/install/composition_interfaces/include/composition_interfaces/composition_interfaces
[1.596s] -- Up-to-date: /home/robot/app/robot_ws/install/composition_interfaces/include/composition_interfaces/composition_interfaces/srv
[1.596s] -- Up-to-date: /home/robot/app/robot_ws/install/composition_interfaces/include/composition_interfaces/composition_interfaces/srv/detail
[1.597s] -- Up-to-date: /home/robot/app/robot_ws/install/composition_interfaces/include/composition_interfaces/composition_interfaces/srv/detail/list_nodes__rosidl_typesupport_fastrtps_c.h
[1.597s] -- Up-to-date: /home/robot/app/robot_ws/install/composition_interfaces/include/composition_interfaces/composition_interfaces/srv/detail/unload_node__rosidl_typesupport_fastrtps_c.h
[1.598s] -- Up-to-date: /home/robot/app/robot_ws/install/composition_interfaces/include/composition_interfaces/composition_interfaces/srv/detail/load_node__rosidl_typesupport_fastrtps_c.h
[1.598s] -- Up-to-date: /home/robot/app/robot_ws/install/composition_interfaces/include/composition_interfaces/composition_interfaces/msg
[1.598s] -- Up-to-date: /home/robot/app/robot_ws/install/composition_interfaces/include/composition_interfaces/composition_interfaces/msg/rosidl_typesupport_fastrtps_c__visibility_control.h
[1.598s] -- Up-to-date: /home/robot/app/robot_ws/install/composition_interfaces/lib/libcomposition_interfaces__rosidl_typesupport_fastrtps_c.so
[1.598s] -- Up-to-date: /home/robot/app/robot_ws/install/composition_interfaces/include/composition_interfaces/composition_interfaces
[1.599s] -- Up-to-date: /home/robot/app/robot_ws/install/composition_interfaces/include/composition_interfaces/composition_interfaces/srv
[1.599s] -- Up-to-date: /home/robot/app/robot_ws/install/composition_interfaces/include/composition_interfaces/composition_interfaces/srv/detail
[1.599s] -- Up-to-date: /home/robot/app/robot_ws/install/composition_interfaces/include/composition_interfaces/composition_interfaces/srv/detail/list_nodes__type_support.c
[1.599s] -- Up-to-date: /home/robot/app/robot_ws/install/composition_interfaces/include/composition_interfaces/composition_interfaces/srv/detail/load_node__rosidl_typesupport_introspection_c.h
[1.600s] -- Up-to-date: /home/robot/app/robot_ws/install/composition_interfaces/include/composition_interfaces/composition_interfaces/srv/detail/unload_node__type_support.c
[1.600s] -- Up-to-date: /home/robot/app/robot_ws/install/composition_interfaces/include/composition_interfaces/composition_interfaces/srv/detail/list_nodes__rosidl_typesupport_introspection_c.h
[1.600s] -- Up-to-date: /home/robot/app/robot_ws/install/composition_interfaces/include/composition_interfaces/composition_interfaces/srv/detail/unload_node__rosidl_typesupport_introspection_c.h
[1.600s] -- Up-to-date: /home/robot/app/robot_ws/install/composition_interfaces/include/composition_interfaces/composition_interfaces/srv/detail/load_node__type_support.c
[1.601s] -- Up-to-date: /home/robot/app/robot_ws/install/composition_interfaces/include/composition_interfaces/composition_interfaces/msg
[1.601s] -- Up-to-date: /home/robot/app/robot_ws/install/composition_interfaces/include/composition_interfaces/composition_interfaces/msg/rosidl_typesupport_introspection_c__visibility_control.h
[1.601s] -- Up-to-date: /home/robot/app/robot_ws/install/composition_interfaces/lib/libcomposition_interfaces__rosidl_typesupport_introspection_c.so
[1.601s] -- Up-to-date: /home/robot/app/robot_ws/install/composition_interfaces/lib/libcomposition_interfaces__rosidl_typesupport_c.so
[1.601s] -- Up-to-date: /home/robot/app/robot_ws/install/composition_interfaces/include/composition_interfaces/composition_interfaces
[1.601s] -- Up-to-date: /home/robot/app/robot_ws/install/composition_interfaces/include/composition_interfaces/composition_interfaces/srv
[1.601s] -- Up-to-date: /home/robot/app/robot_ws/install/composition_interfaces/include/composition_interfaces/composition_interfaces/srv/load_node.hpp
[1.601s] -- Up-to-date: /home/robot/app/robot_ws/install/composition_interfaces/include/composition_interfaces/composition_interfaces/srv/list_nodes.hpp
[1.602s] -- Up-to-date: /home/robot/app/robot_ws/install/composition_interfaces/include/composition_interfaces/composition_interfaces/srv/detail
[1.602s] -- Up-to-date: /home/robot/app/robot_ws/install/composition_interfaces/include/composition_interfaces/composition_interfaces/srv/detail/unload_node__traits.hpp
[1.602s] -- Up-to-date: /home/robot/app/robot_ws/install/composition_interfaces/include/composition_interfaces/composition_interfaces/srv/detail/unload_node__struct.hpp
[1.602s] -- Up-to-date: /home/robot/app/robot_ws/install/composition_interfaces/include/composition_interfaces/composition_interfaces/srv/detail/load_node__traits.hpp
[1.602s] -- Up-to-date: /home/robot/app/robot_ws/install/composition_interfaces/include/composition_interfaces/composition_interfaces/srv/detail/list_nodes__struct.hpp
[1.603s] -- Up-to-date: /home/robot/app/robot_ws/install/composition_interfaces/include/composition_interfaces/composition_interfaces/srv/detail/unload_node__builder.hpp
[1.603s] -- Up-to-date: /home/robot/app/robot_ws/install/composition_interfaces/include/composition_interfaces/composition_interfaces/srv/detail/load_node__struct.hpp
[1.603s] -- Up-to-date: /home/robot/app/robot_ws/install/composition_interfaces/include/composition_interfaces/composition_interfaces/srv/detail/list_nodes__traits.hpp
[1.603s] -- Up-to-date: /home/robot/app/robot_ws/install/composition_interfaces/include/composition_interfaces/composition_interfaces/srv/detail/load_node__builder.hpp
[1.603s] -- Up-to-date: /home/robot/app/robot_ws/install/composition_interfaces/include/composition_interfaces/composition_interfaces/srv/detail/list_nodes__builder.hpp
[1.604s] -- Up-to-date: /home/robot/app/robot_ws/install/composition_interfaces/include/composition_interfaces/composition_interfaces/srv/unload_node.hpp
[1.604s] -- Up-to-date: /home/robot/app/robot_ws/install/composition_interfaces/include/composition_interfaces
[1.604s] -- Up-to-date: /home/robot/app/robot_ws/install/composition_interfaces/include/composition_interfaces/srv
[1.605s] -- Up-to-date: /home/robot/app/robot_ws/install/composition_interfaces/include/composition_interfaces/srv/detail
[1.605s] -- Up-to-date: /home/robot/app/robot_ws/install/composition_interfaces/include/composition_interfaces/srv/detail/microxrcedds
[1.605s] -- Up-to-date: /home/robot/app/robot_ws/install/composition_interfaces/include/composition_interfaces/srv/detail/microxrcedds/list_nodes__type_support_cpp.cpp
[1.605s] -- Up-to-date: /home/robot/app/robot_ws/install/composition_interfaces/include/composition_interfaces/srv/detail/microxrcedds/unload_node__type_support_cpp.cpp
[1.605s] -- Up-to-date: /home/robot/app/robot_ws/install/composition_interfaces/include/composition_interfaces/srv/detail/microxrcedds/load_node__type_support_cpp.cpp
[1.605s] -- Up-to-date: /home/robot/app/robot_ws/install/composition_interfaces/include/composition_interfaces/srv/detail/unload_node__rosidl_typesupport_microxrcedds_cpp.hpp
[1.605s] -- Up-to-date: /home/robot/app/robot_ws/install/composition_interfaces/include/composition_interfaces/srv/detail/load_node__rosidl_typesupport_microxrcedds_cpp.hpp
[1.606s] -- Up-to-date: /home/robot/app/robot_ws/install/composition_interfaces/include/composition_interfaces/srv/detail/list_nodes__rosidl_typesupport_microxrcedds_cpp.hpp
[1.606s] -- Up-to-date: /home/robot/app/robot_ws/install/composition_interfaces/include/composition_interfaces/msg
[1.606s] -- Up-to-date: /home/robot/app/robot_ws/install/composition_interfaces/include/composition_interfaces/msg/rosidl_typesupport_microxrcedds_cpp__visibility_control.h
[1.606s] -- Up-to-date: /home/robot/app/robot_ws/install/composition_interfaces/lib/libcomposition_interfaces__rosidl_typesupport_microxrcedds_cpp.so
[1.606s] -- Up-to-date: /home/robot/app/robot_ws/install/composition_interfaces/include/composition_interfaces/composition_interfaces
[1.606s] -- Up-to-date: /home/robot/app/robot_ws/install/composition_interfaces/include/composition_interfaces/composition_interfaces/srv
[1.606s] -- Up-to-date: /home/robot/app/robot_ws/install/composition_interfaces/include/composition_interfaces/composition_interfaces/srv/detail
[1.606s] -- Up-to-date: /home/robot/app/robot_ws/install/composition_interfaces/include/composition_interfaces/composition_interfaces/srv/detail/list_nodes__rosidl_typesupport_fastrtps_cpp.hpp
[1.606s] -- Up-to-date: /home/robot/app/robot_ws/install/composition_interfaces/include/composition_interfaces/composition_interfaces/srv/detail/unload_node__rosidl_typesupport_fastrtps_cpp.hpp
[1.606s] -- Up-to-date: /home/robot/app/robot_ws/install/composition_interfaces/include/composition_interfaces/composition_interfaces/srv/detail/dds_fastrtps
[1.607s] -- Up-to-date: /home/robot/app/robot_ws/install/composition_interfaces/include/composition_interfaces/composition_interfaces/srv/detail/load_node__rosidl_typesupport_fastrtps_cpp.hpp
[1.607s] -- Up-to-date: /home/robot/app/robot_ws/install/composition_interfaces/include/composition_interfaces/composition_interfaces/msg
[1.607s] -- Up-to-date: /home/robot/app/robot_ws/install/composition_interfaces/include/composition_interfaces/composition_interfaces/msg/rosidl_typesupport_fastrtps_cpp__visibility_control.h
[1.607s] -- Up-to-date: /home/robot/app/robot_ws/install/composition_interfaces/lib/libcomposition_interfaces__rosidl_typesupport_fastrtps_cpp.so
[1.607s] -- Up-to-date: /home/robot/app/robot_ws/install/composition_interfaces/include/composition_interfaces/composition_interfaces
[1.607s] -- Up-to-date: /home/robot/app/robot_ws/install/composition_interfaces/include/composition_interfaces/composition_interfaces/srv
[1.607s] -- Up-to-date: /home/robot/app/robot_ws/install/composition_interfaces/include/composition_interfaces/composition_interfaces/srv/detail
[1.607s] -- Up-to-date: /home/robot/app/robot_ws/install/composition_interfaces/include/composition_interfaces/composition_interfaces/srv/detail/unload_node__type_support.cpp
[1.607s] -- Up-to-date: /home/robot/app/robot_ws/install/composition_interfaces/include/composition_interfaces/composition_interfaces/srv/detail/load_node__type_support.cpp
[1.608s] -- Up-to-date: /home/robot/app/robot_ws/install/composition_interfaces/include/composition_interfaces/composition_interfaces/srv/detail/load_node__rosidl_typesupport_introspection_cpp.hpp
[1.608s] -- Up-to-date: /home/robot/app/robot_ws/install/composition_interfaces/include/composition_interfaces/composition_interfaces/srv/detail/list_nodes__type_support.cpp
[1.608s] -- Up-to-date: /home/robot/app/robot_ws/install/composition_interfaces/include/composition_interfaces/composition_interfaces/srv/detail/unload_node__rosidl_typesupport_introspection_cpp.hpp
[1.609s] -- Up-to-date: /home/robot/app/robot_ws/install/composition_interfaces/include/composition_interfaces/composition_interfaces/srv/detail/list_nodes__rosidl_typesupport_introspection_cpp.hpp
[1.609s] -- Up-to-date: /home/robot/app/robot_ws/install/composition_interfaces/lib/libcomposition_interfaces__rosidl_typesupport_introspection_cpp.so
[1.609s] -- Up-to-date: /home/robot/app/robot_ws/install/composition_interfaces/lib/libcomposition_interfaces__rosidl_typesupport_cpp.so
[1.609s] -- Up-to-date: /home/robot/app/robot_ws/install/composition_interfaces/share/composition_interfaces/environment/pythonpath.sh
[1.609s] -- Up-to-date: /home/robot/app/robot_ws/install/composition_interfaces/share/composition_interfaces/environment/pythonpath.dsv
[1.610s] -- Up-to-date: /home/robot/app/robot_ws/install/composition_interfaces/local/lib/python3.10/dist-packages/composition_interfaces-1.2.1-py3.10.egg-info
[1.610s] -- Installing: /home/robot/app/robot_ws/install/composition_interfaces/local/lib/python3.10/dist-packages/composition_interfaces-1.2.1-py3.10.egg-info/dependency_links.txt
[1.610s] -- Installing: /home/robot/app/robot_ws/install/composition_interfaces/local/lib/python3.10/dist-packages/composition_interfaces-1.2.1-py3.10.egg-info/PKG-INFO
[1.610s] -- Installing: /home/robot/app/robot_ws/install/composition_interfaces/local/lib/python3.10/dist-packages/composition_interfaces-1.2.1-py3.10.egg-info/SOURCES.txt
[1.610s] -- Installing: /home/robot/app/robot_ws/install/composition_interfaces/local/lib/python3.10/dist-packages/composition_interfaces-1.2.1-py3.10.egg-info/top_level.txt
[1.610s] -- Up-to-date: /home/robot/app/robot_ws/install/composition_interfaces/local/lib/python3.10/dist-packages/composition_interfaces
[1.610s] -- Up-to-date: /home/robot/app/robot_ws/install/composition_interfaces/local/lib/python3.10/dist-packages/composition_interfaces/__init__.py
[1.610s] -- Up-to-date: /home/robot/app/robot_ws/install/composition_interfaces/local/lib/python3.10/dist-packages/composition_interfaces/srv
[1.610s] -- Up-to-date: /home/robot/app/robot_ws/install/composition_interfaces/local/lib/python3.10/dist-packages/composition_interfaces/srv/__init__.py
[1.611s] -- Up-to-date: /home/robot/app/robot_ws/install/composition_interfaces/local/lib/python3.10/dist-packages/composition_interfaces/srv/_list_nodes.py
[1.611s] -- Up-to-date: /home/robot/app/robot_ws/install/composition_interfaces/local/lib/python3.10/dist-packages/composition_interfaces/srv/_load_node_s.c
[1.611s] -- Up-to-date: /home/robot/app/robot_ws/install/composition_interfaces/local/lib/python3.10/dist-packages/composition_interfaces/srv/_unload_node.py
[1.611s] -- Up-to-date: /home/robot/app/robot_ws/install/composition_interfaces/local/lib/python3.10/dist-packages/composition_interfaces/srv/_load_node.py
[1.611s] -- Up-to-date: /home/robot/app/robot_ws/install/composition_interfaces/local/lib/python3.10/dist-packages/composition_interfaces/srv/_unload_node_s.c
[1.611s] -- Up-to-date: /home/robot/app/robot_ws/install/composition_interfaces/local/lib/python3.10/dist-packages/composition_interfaces/srv/_list_nodes_s.c
[1.611s] -- Up-to-date: /home/robot/app/robot_ws/install/composition_interfaces/local/lib/python3.10/dist-packages/composition_interfaces/composition_interfaces_s__rosidl_typesupport_fastrtps_c.cpython-310-x86_64-linux-gnu.so
[1.612s] -- Up-to-date: /home/robot/app/robot_ws/install/composition_interfaces/local/lib/python3.10/dist-packages/composition_interfaces/_composition_interfaces_s.ep.rosidl_typesupport_fastrtps_c.c
[1.612s] -- Up-to-date: /home/robot/app/robot_ws/install/composition_interfaces/local/lib/python3.10/dist-packages/composition_interfaces/libcomposition_interfaces__rosidl_generator_py.so
[1.612s] -- Up-to-date: /home/robot/app/robot_ws/install/composition_interfaces/local/lib/python3.10/dist-packages/composition_interfaces/_composition_interfaces_s.ep.rosidl_typesupport_introspection_c.c
[1.612s] -- Up-to-date: /home/robot/app/robot_ws/install/composition_interfaces/local/lib/python3.10/dist-packages/composition_interfaces/composition_interfaces_s__rosidl_typesupport_microxrcedds_c.cpython-310-x86_64-linux-gnu.so
[1.613s] -- Up-to-date: /home/robot/app/robot_ws/install/composition_interfaces/local/lib/python3.10/dist-packages/composition_interfaces/composition_interfaces_s__rosidl_typesupport_c.cpython-310-x86_64-linux-gnu.so
[1.613s] -- Up-to-date: /home/robot/app/robot_ws/install/composition_interfaces/local/lib/python3.10/dist-packages/composition_interfaces/composition_interfaces_s__rosidl_typesupport_introspection_c.cpython-310-x86_64-linux-gnu.so
[1.613s] -- Up-to-date: /home/robot/app/robot_ws/install/composition_interfaces/local/lib/python3.10/dist-packages/composition_interfaces/_composition_interfaces_s.ep.rosidl_typesupport_microxrcedds_c.c
[1.613s] -- Up-to-date: /home/robot/app/robot_ws/install/composition_interfaces/local/lib/python3.10/dist-packages/composition_interfaces/_composition_interfaces_s.ep.rosidl_typesupport_c.c
[1.704s] Listing '/home/robot/app/robot_ws/install/composition_interfaces/local/lib/python3.10/dist-packages/composition_interfaces'...
[1.704s] Listing '/home/robot/app/robot_ws/install/composition_interfaces/local/lib/python3.10/dist-packages/composition_interfaces/srv'...
[1.712s] -- Up-to-date: /home/robot/app/robot_ws/install/composition_interfaces/local/lib/python3.10/dist-packages/composition_interfaces/composition_interfaces_s__rosidl_typesupport_microxrcedds_c.cpython-310-x86_64-linux-gnu.so
[1.713s] -- Up-to-date: /home/robot/app/robot_ws/install/composition_interfaces/local/lib/python3.10/dist-packages/composition_interfaces/composition_interfaces_s__rosidl_typesupport_fastrtps_c.cpython-310-x86_64-linux-gnu.so
[1.714s] -- Up-to-date: /home/robot/app/robot_ws/install/composition_interfaces/local/lib/python3.10/dist-packages/composition_interfaces/composition_interfaces_s__rosidl_typesupport_introspection_c.cpython-310-x86_64-linux-gnu.so
[1.715s] -- Up-to-date: /home/robot/app/robot_ws/install/composition_interfaces/local/lib/python3.10/dist-packages/composition_interfaces/composition_interfaces_s__rosidl_typesupport_c.cpython-310-x86_64-linux-gnu.so
[1.715s] -- Up-to-date: /home/robot/app/robot_ws/install/composition_interfaces/lib/libcomposition_interfaces__rosidl_generator_py.so
[1.715s] -- Up-to-date: /home/robot/app/robot_ws/install/composition_interfaces/share/composition_interfaces/srv/LoadNode.idl
[1.716s] -- Up-to-date: /home/robot/app/robot_ws/install/composition_interfaces/share/composition_interfaces/srv/ListNodes.idl
[1.716s] -- Up-to-date: /home/robot/app/robot_ws/install/composition_interfaces/share/composition_interfaces/srv/UnloadNode.idl
[1.716s] -- Up-to-date: /home/robot/app/robot_ws/install/composition_interfaces/share/composition_interfaces/srv/LoadNode.srv
[1.716s] -- Up-to-date: /home/robot/app/robot_ws/install/composition_interfaces/share/composition_interfaces/srv/LoadNode_Request.msg
[1.717s] -- Up-to-date: /home/robot/app/robot_ws/install/composition_interfaces/share/composition_interfaces/srv/LoadNode_Response.msg
[1.717s] -- Up-to-date: /home/robot/app/robot_ws/install/composition_interfaces/share/composition_interfaces/srv/ListNodes.srv
[1.717s] -- Up-to-date: /home/robot/app/robot_ws/install/composition_interfaces/share/composition_interfaces/srv/ListNodes_Request.msg
[1.718s] -- Up-to-date: /home/robot/app/robot_ws/install/composition_interfaces/share/composition_interfaces/srv/ListNodes_Response.msg
[1.718s] -- Up-to-date: /home/robot/app/robot_ws/install/composition_interfaces/share/composition_interfaces/srv/UnloadNode.srv
[1.718s] -- Up-to-date: /home/robot/app/robot_ws/install/composition_interfaces/share/composition_interfaces/srv/UnloadNode_Request.msg
[1.718s] -- Up-to-date: /home/robot/app/robot_ws/install/composition_interfaces/share/composition_interfaces/srv/UnloadNode_Response.msg
[1.718s] -- Up-to-date: /home/robot/app/robot_ws/install/composition_interfaces/share/ament_index/resource_index/package_run_dependencies/composition_interfaces
[1.718s] -- Up-to-date: /home/robot/app/robot_ws/install/composition_interfaces/share/ament_index/resource_index/parent_prefix_path/composition_interfaces
[1.718s] -- Up-to-date: /home/robot/app/robot_ws/install/composition_interfaces/share/composition_interfaces/environment/ament_prefix_path.sh
[1.718s] -- Up-to-date: /home/robot/app/robot_ws/install/composition_interfaces/share/composition_interfaces/environment/ament_prefix_path.dsv
[1.719s] -- Up-to-date: /home/robot/app/robot_ws/install/composition_interfaces/share/composition_interfaces/environment/path.sh
[1.719s] -- Up-to-date: /home/robot/app/robot_ws/install/composition_interfaces/share/composition_interfaces/environment/path.dsv
[1.719s] -- Up-to-date: /home/robot/app/robot_ws/install/composition_interfaces/share/composition_interfaces/local_setup.bash
[1.719s] -- Up-to-date: /home/robot/app/robot_ws/install/composition_interfaces/share/composition_interfaces/local_setup.sh
[1.719s] -- Up-to-date: /home/robot/app/robot_ws/install/composition_interfaces/share/composition_interfaces/local_setup.zsh
[1.720s] -- Up-to-date: /home/robot/app/robot_ws/install/composition_interfaces/share/composition_interfaces/local_setup.dsv
[1.720s] -- Installing: /home/robot/app/robot_ws/install/composition_interfaces/share/composition_interfaces/package.dsv
[1.720s] -- Up-to-date: /home/robot/app/robot_ws/install/composition_interfaces/share/ament_index/resource_index/packages/composition_interfaces
[1.720s] -- Up-to-date: /home/robot/app/robot_ws/install/composition_interfaces/share/composition_interfaces/cmake/export_composition_interfaces__rosidl_generator_cExport.cmake
[1.720s] -- Up-to-date: /home/robot/app/robot_ws/install/composition_interfaces/share/composition_interfaces/cmake/export_composition_interfaces__rosidl_generator_cExport-noconfig.cmake
[1.721s] -- Up-to-date: /home/robot/app/robot_ws/install/composition_interfaces/share/composition_interfaces/cmake/export_composition_interfaces__rosidl_typesupport_fastrtps_cExport.cmake
[1.721s] -- Up-to-date: /home/robot/app/robot_ws/install/composition_interfaces/share/composition_interfaces/cmake/export_composition_interfaces__rosidl_typesupport_fastrtps_cExport-noconfig.cmake
[1.721s] -- Up-to-date: /home/robot/app/robot_ws/install/composition_interfaces/share/composition_interfaces/cmake/composition_interfaces__rosidl_typesupport_introspection_cExport.cmake
[1.722s] -- Up-to-date: /home/robot/app/robot_ws/install/composition_interfaces/share/composition_interfaces/cmake/composition_interfaces__rosidl_typesupport_introspection_cExport-noconfig.cmake
[1.722s] -- Up-to-date: /home/robot/app/robot_ws/install/composition_interfaces/share/composition_interfaces/cmake/composition_interfaces__rosidl_typesupport_cExport.cmake
[1.722s] -- Up-to-date: /home/robot/app/robot_ws/install/composition_interfaces/share/composition_interfaces/cmake/composition_interfaces__rosidl_typesupport_cExport-noconfig.cmake
[1.723s] -- Up-to-date: /home/robot/app/robot_ws/install/composition_interfaces/share/composition_interfaces/cmake/export_composition_interfaces__rosidl_generator_cppExport.cmake
[1.723s] -- Up-to-date: /home/robot/app/robot_ws/install/composition_interfaces/share/composition_interfaces/cmake/export_composition_interfaces__rosidl_typesupport_fastrtps_cppExport.cmake
[1.723s] -- Up-to-date: /home/robot/app/robot_ws/install/composition_interfaces/share/composition_interfaces/cmake/export_composition_interfaces__rosidl_typesupport_fastrtps_cppExport-noconfig.cmake
[1.723s] -- Up-to-date: /home/robot/app/robot_ws/install/composition_interfaces/share/composition_interfaces/cmake/composition_interfaces__rosidl_typesupport_introspection_cppExport.cmake
[1.724s] -- Up-to-date: /home/robot/app/robot_ws/install/composition_interfaces/share/composition_interfaces/cmake/composition_interfaces__rosidl_typesupport_introspection_cppExport-noconfig.cmake
[1.724s] -- Up-to-date: /home/robot/app/robot_ws/install/composition_interfaces/share/composition_interfaces/cmake/composition_interfaces__rosidl_typesupport_cppExport.cmake
[1.724s] -- Up-to-date: /home/robot/app/robot_ws/install/composition_interfaces/share/composition_interfaces/cmake/composition_interfaces__rosidl_typesupport_cppExport-noconfig.cmake
[1.725s] -- Up-to-date: /home/robot/app/robot_ws/install/composition_interfaces/share/composition_interfaces/cmake/export_composition_interfaces__rosidl_generator_pyExport.cmake
[1.725s] -- Up-to-date: /home/robot/app/robot_ws/install/composition_interfaces/share/composition_interfaces/cmake/export_composition_interfaces__rosidl_generator_pyExport-noconfig.cmake
[1.725s] -- Up-to-date: /home/robot/app/robot_ws/install/composition_interfaces/share/composition_interfaces/cmake/rosidl_cmake-extras.cmake
[1.725s] -- Up-to-date: /home/robot/app/robot_ws/install/composition_interfaces/share/composition_interfaces/cmake/ament_cmake_export_dependencies-extras.cmake
[1.725s] -- Up-to-date: /home/robot/app/robot_ws/install/composition_interfaces/share/composition_interfaces/cmake/ament_cmake_export_include_directories-extras.cmake
[1.726s] -- Up-to-date: /home/robot/app/robot_ws/install/composition_interfaces/share/composition_interfaces/cmake/ament_cmake_export_libraries-extras.cmake
[1.726s] -- Up-to-date: /home/robot/app/robot_ws/install/composition_interfaces/share/composition_interfaces/cmake/ament_cmake_export_targets-extras.cmake
[1.726s] -- Up-to-date: /home/robot/app/robot_ws/install/composition_interfaces/share/composition_interfaces/cmake/rosidl_cmake_export_typesupport_targets-extras.cmake
[1.726s] -- Up-to-date: /home/robot/app/robot_ws/install/composition_interfaces/share/composition_interfaces/cmake/rosidl_cmake_export_typesupport_libraries-extras.cmake
[1.726s] -- Up-to-date: /home/robot/app/robot_ws/install/composition_interfaces/share/composition_interfaces/cmake/composition_interfacesConfig.cmake
[1.726s] -- Up-to-date: /home/robot/app/robot_ws/install/composition_interfaces/share/composition_interfaces/cmake/composition_interfacesConfig-version.cmake
[1.726s] -- Up-to-date: /home/robot/app/robot_ws/install/composition_interfaces/share/composition_interfaces/package.xml
[1.728s] Invoked command in '/home/robot/app/robot_ws/build/composition_interfaces' returned '0': CMAKE_PREFIX_PATH=/home/robot/app/robot_ws/install/rcl_interfaces:/home/robot/app/robot_ws/install/builtin_interfaces:/home/robot/app/robot_ws/install/micro_ros_demos_rclc:/home/robot/app/robot_ws/install/common_interfaces:/home/robot/app/robot_ws/install/visualization_msgs:/home/robot/app/robot_ws/install/test_msgs:/home/robot/app/robot_ws/install/example_interfaces:/home/robot/app/robot_ws/install/action_msgs:/home/robot/app/robot_ws/install/unique_identifier_msgs:/home/robot/app/robot_ws/install/trajectory_msgs:/home/robot/app/robot_ws/install/stereo_msgs:/home/robot/app/robot_ws/install/std_srvs:/home/robot/app/robot_ws/install/shape_msgs:/home/robot/app/robot_ws/install/sensor_msgs:/home/robot/app/robot_ws/install/nav_msgs:/home/robot/app/robot_ws/install/diagnostic_msgs:/home/robot/app/robot_ws/install/geometry_msgs:/home/robot/app/robot_ws/install/actionlib_msgs:/home/robot/app/robot_ws/install/std_msgs:/home/robot/app/robot_ws/install/statistics_msgs:/home/robot/app/robot_ws/install/rosidl_typesupport_microxrcedds_test_msg:/home/robot/app/robot_ws/install/rosidl_typesupport_microxrcedds_cpp_tests:/home/robot/app/robot_ws/install/rmw_microxrcedds:/home/robot/app/robot_ws/install/rosidl_typesupport_microxrcedds_cpp:/home/robot/app/robot_ws/install/rosidl_typesupport_microxrcedds_c_tests:/home/robot/app/robot_ws/install/rosidl_typesupport_microxrcedds_c:/home/robot/app/robot_ws/install/rosgraph_msgs:/home/robot/app/robot_ws/install/rclc_parameter:/home/robot/app/robot_ws/install/rclc:/home/robot/app/robot_ws/install/composition_interfaces:/home/robot/app/robot_ws/install/microxrcedds_client:/home/robot/app/robot_ws/install/microcdr:/home/robot/app/robot_ws/install/micro_ros_utilities:/home/robot/app/robot_ws/install/micro_ros_msgs:/home/robot/app/robot_ws/install/lifecycle_msgs:/home/robot/app/robot_ws/install/complex_msgs:/home/robot/app/robot_ws/install/micro_ros_setup:/home/robot/app/robot_ws/install/my_custom_message:/home/robot/app/robot_ws/install/sensor_msgs_py:/opt/ros/humble LD_LIBRARY_PATH=/home/robot/app/robot_ws/install/rcl_interfaces/lib:/home/robot/app/robot_ws/install/builtin_interfaces/lib:/home/robot/app/robot_ws/install/visualization_msgs/lib:/home/robot/app/robot_ws/install/test_msgs/lib:/home/robot/app/robot_ws/install/example_interfaces/lib:/home/robot/app/robot_ws/install/action_msgs/lib:/home/robot/app/robot_ws/install/unique_identifier_msgs/lib:/home/robot/app/robot_ws/install/trajectory_msgs/lib:/home/robot/app/robot_ws/install/stereo_msgs/lib:/home/robot/app/robot_ws/install/std_srvs/lib:/home/robot/app/robot_ws/install/shape_msgs/lib:/home/robot/app/robot_ws/install/sensor_msgs/lib:/home/robot/app/robot_ws/install/nav_msgs/lib:/home/robot/app/robot_ws/install/diagnostic_msgs/lib:/home/robot/app/robot_ws/install/geometry_msgs/lib:/home/robot/app/robot_ws/install/actionlib_msgs/lib:/home/robot/app/robot_ws/install/std_msgs/lib:/home/robot/app/robot_ws/install/statistics_msgs/lib:/home/robot/app/robot_ws/install/rmw_microxrcedds/lib:/home/robot/app/robot_ws/install/rosidl_typesupport_microxrcedds_cpp/lib:/home/robot/app/robot_ws/install/rosidl_typesupport_microxrcedds_c/lib:/home/robot/app/robot_ws/install/rosgraph_msgs/lib:/home/robot/app/robot_ws/install/rclc_parameter/lib:/home/robot/app/robot_ws/install/rclc/lib:/home/robot/app/robot_ws/install/composition_interfaces/lib:/home/robot/app/robot_ws/install/microxrcedds_client/lib:/home/robot/app/robot_ws/install/microcdr/lib:/home/robot/app/robot_ws/install/micro_ros_utilities/lib:/home/robot/app/robot_ws/install/micro_ros_msgs/lib:/home/robot/app/robot_ws/install/lifecycle_msgs/lib:/home/robot/app/robot_ws/install/complex_msgs/lib:/home/robot/app/robot_ws/install/my_custom_message/lib:/opt/ros/humble/opt/rviz_ogre_vendor/lib:/opt/ros/humble/lib/x86_64-linux-gnu:/opt/ros/humble/lib /usr/bin/cmake --install /home/robot/app/robot_ws/build/composition_interfaces
