[0.056s] Invoking command in '/home/robot/app/robot_ws/build/visualization_msgs': CMAKE_PREFIX_PATH=/home/robot/app/robot_ws/install/sensor_msgs:/home/robot/app/robot_ws/install/geometry_msgs:/home/robot/app/robot_ws/install/std_msgs:/home/robot/app/robot_ws/install/builtin_interfaces:/home/robot/app/robot_ws/firmware/dev_ws/install/my_custom_message:/home/robot/app/robot_ws/install/micro_ros_demos_rclc:/home/robot/app/robot_ws/install/common_interfaces:/home/robot/app/robot_ws/install/visualization_msgs:/home/robot/app/robot_ws/install/test_msgs:/home/robot/app/robot_ws/install/example_interfaces:/home/robot/app/robot_ws/install/action_msgs:/home/robot/app/robot_ws/install/unique_identifier_msgs:/home/robot/app/robot_ws/install/trajectory_msgs:/home/robot/app/robot_ws/install/stereo_msgs:/home/robot/app/robot_ws/install/std_srvs:/home/robot/app/robot_ws/install/shape_msgs:/home/robot/app/robot_ws/install/nav_msgs:/home/robot/app/robot_ws/install/diagnostic_msgs:/home/robot/app/robot_ws/install/actionlib_msgs:/home/robot/app/robot_ws/install/statistics_msgs:/home/robot/app/robot_ws/install/rosidl_typesupport_microxrcedds_test_msg:/home/robot/app/robot_ws/install/rosidl_typesupport_microxrcedds_cpp_tests:/home/robot/app/robot_ws/install/rmw_microxrcedds:/home/robot/app/robot_ws/install/rosidl_typesupport_microxrcedds_cpp:/home/robot/app/robot_ws/install/rosidl_typesupport_microxrcedds_c_tests:/home/robot/app/robot_ws/install/rosidl_typesupport_microxrcedds_c:/home/robot/app/robot_ws/install/rosgraph_msgs:/home/robot/app/robot_ws/install/rclc_parameter:/home/robot/app/robot_ws/install/rclc:/home/robot/app/robot_ws/install/composition_interfaces:/home/robot/app/robot_ws/install/rcl_interfaces:/home/robot/app/robot_ws/install/microxrcedds_client:/home/robot/app/robot_ws/install/microcdr:/home/robot/app/robot_ws/install/micro_ros_utilities:/home/robot/app/robot_ws/install/micro_ros_setup:/home/robot/app/robot_ws/install/micro_ros_agent:/home/robot/app/robot_ws/install/micro_ros_msgs:/home/robot/app/robot_ws/install/lifecycle_msgs:/home/robot/app/robot_ws/install/complex_msgs:/home/robot/app/robot_ws/install/sensor_msgs_py:/opt/ros/humble LD_LIBRARY_PATH=/home/robot/app/robot_ws/install/sensor_msgs/lib:/home/robot/app/robot_ws/install/geometry_msgs/lib:/home/robot/app/robot_ws/install/std_msgs/lib:/home/robot/app/robot_ws/install/builtin_interfaces/lib:/home/robot/app/robot_ws/firmware/dev_ws/install/my_custom_message/lib:/home/robot/app/robot_ws/install/visualization_msgs/lib:/home/robot/app/robot_ws/install/test_msgs/lib:/home/robot/app/robot_ws/install/example_interfaces/lib:/home/robot/app/robot_ws/install/action_msgs/lib:/home/robot/app/robot_ws/install/unique_identifier_msgs/lib:/home/robot/app/robot_ws/install/trajectory_msgs/lib:/home/robot/app/robot_ws/install/stereo_msgs/lib:/home/robot/app/robot_ws/install/std_srvs/lib:/home/robot/app/robot_ws/install/shape_msgs/lib:/home/robot/app/robot_ws/install/nav_msgs/lib:/home/robot/app/robot_ws/install/diagnostic_msgs/lib:/home/robot/app/robot_ws/install/actionlib_msgs/lib:/home/robot/app/robot_ws/install/statistics_msgs/lib:/home/robot/app/robot_ws/install/rmw_microxrcedds/lib:/home/robot/app/robot_ws/install/rosidl_typesupport_microxrcedds_cpp/lib:/home/robot/app/robot_ws/install/rosidl_typesupport_microxrcedds_c/lib:/home/robot/app/robot_ws/install/rosgraph_msgs/lib:/home/robot/app/robot_ws/install/rclc_parameter/lib:/home/robot/app/robot_ws/install/rclc/lib:/home/robot/app/robot_ws/install/composition_interfaces/lib:/home/robot/app/robot_ws/install/rcl_interfaces/lib:/home/robot/app/robot_ws/install/microxrcedds_client/lib:/home/robot/app/robot_ws/install/microcdr/lib:/home/robot/app/robot_ws/install/micro_ros_utilities/lib:/home/robot/app/robot_ws/install/micro_ros_agent/lib:/home/robot/app/robot_ws/install/micro_ros_msgs/lib:/home/robot/app/robot_ws/install/lifecycle_msgs/lib:/home/robot/app/robot_ws/install/complex_msgs/lib:/opt/ros/humble/opt/rviz_ogre_vendor/lib:/opt/ros/humble/lib/x86_64-linux-gnu:/opt/ros/humble/lib /usr/bin/cmake /home/robot/app/robot_ws/src/ros2/common_interfaces/visualization_msgs -DCMAKE_INSTALL_PREFIX=/home/robot/app/robot_ws/install/visualization_msgs
[0.091s] -- Found ament_cmake: 1.3.10 (/opt/ros/humble/share/ament_cmake/cmake)
[0.494s] -- Found builtin_interfaces: 1.2.1 (/home/robot/app/robot_ws/install/builtin_interfaces/share/builtin_interfaces/cmake)
[0.562s] -- Found rosidl_generator_c: 3.1.5 (/opt/ros/humble/share/rosidl_generator_c/cmake)
[0.569s] -- Found rosidl_adapter: 3.1.5 (/opt/ros/humble/share/rosidl_adapter/cmake)
[0.586s] -- Found rosidl_generator_cpp: 3.1.5 (/opt/ros/humble/share/rosidl_generator_cpp/cmake)
[0.622s] -- Using all available rosidl_typesupport_c: rosidl_typesupport_microxrcedds_c;rosidl_typesupport_fastrtps_c;rosidl_typesupport_introspection_c
[0.662s] -- Using all available rosidl_typesupport_cpp: rosidl_typesupport_microxrcedds_cpp;rosidl_typesupport_fastrtps_cpp;rosidl_typesupport_introspection_cpp
[0.705s] -- Found geometry_msgs: 4.2.4 (/home/robot/app/robot_ws/install/geometry_msgs/share/geometry_msgs/cmake)
[0.767s] -- Found rosidl_default_generators: 1.2.0 (/opt/ros/humble/share/rosidl_default_generators/cmake)
[0.794s] -- Found sensor_msgs: 4.2.4 (/home/robot/app/robot_ws/install/sensor_msgs/share/sensor_msgs/cmake)
[1.933s] -- Found ament_cmake_ros: 0.10.0 (/opt/ros/humble/share/ament_cmake_ros/cmake)
[3.552s] -- Using all available rosidl_typesupport_c: rosidl_typesupport_microxrcedds_c;rosidl_typesupport_fastrtps_c;rosidl_typesupport_introspection_c
[4.416s] -- Using all available rosidl_typesupport_cpp: rosidl_typesupport_microxrcedds_cpp;rosidl_typesupport_fastrtps_cpp;rosidl_typesupport_introspection_cpp
[4.476s] -- Found python_cmake_module: 0.10.0 (/opt/ros/humble/share/python_cmake_module/cmake)
[4.537s] -- Using PYTHON_EXECUTABLE: /usr/bin/python3
[4.538s] -- Using PYTHON_INCLUDE_DIRS: /usr/include/python3.10
[4.538s] -- Using PYTHON_LIBRARIES: /usr/lib/x86_64-linux-gnu/libpython3.10.so
[4.821s] -- Configuring done
[5.080s] -- Generating done
[5.091s] -- Build files have been written to: /home/robot/app/robot_ws/build/visualization_msgs
[5.114s] Invoked command in '/home/robot/app/robot_ws/build/visualization_msgs' returned '0': CMAKE_PREFIX_PATH=/home/robot/app/robot_ws/install/sensor_msgs:/home/robot/app/robot_ws/install/geometry_msgs:/home/robot/app/robot_ws/install/std_msgs:/home/robot/app/robot_ws/install/builtin_interfaces:/home/robot/app/robot_ws/firmware/dev_ws/install/my_custom_message:/home/robot/app/robot_ws/install/micro_ros_demos_rclc:/home/robot/app/robot_ws/install/common_interfaces:/home/robot/app/robot_ws/install/visualization_msgs:/home/robot/app/robot_ws/install/test_msgs:/home/robot/app/robot_ws/install/example_interfaces:/home/robot/app/robot_ws/install/action_msgs:/home/robot/app/robot_ws/install/unique_identifier_msgs:/home/robot/app/robot_ws/install/trajectory_msgs:/home/robot/app/robot_ws/install/stereo_msgs:/home/robot/app/robot_ws/install/std_srvs:/home/robot/app/robot_ws/install/shape_msgs:/home/robot/app/robot_ws/install/nav_msgs:/home/robot/app/robot_ws/install/diagnostic_msgs:/home/robot/app/robot_ws/install/actionlib_msgs:/home/robot/app/robot_ws/install/statistics_msgs:/home/robot/app/robot_ws/install/rosidl_typesupport_microxrcedds_test_msg:/home/robot/app/robot_ws/install/rosidl_typesupport_microxrcedds_cpp_tests:/home/robot/app/robot_ws/install/rmw_microxrcedds:/home/robot/app/robot_ws/install/rosidl_typesupport_microxrcedds_cpp:/home/robot/app/robot_ws/install/rosidl_typesupport_microxrcedds_c_tests:/home/robot/app/robot_ws/install/rosidl_typesupport_microxrcedds_c:/home/robot/app/robot_ws/install/rosgraph_msgs:/home/robot/app/robot_ws/install/rclc_parameter:/home/robot/app/robot_ws/install/rclc:/home/robot/app/robot_ws/install/composition_interfaces:/home/robot/app/robot_ws/install/rcl_interfaces:/home/robot/app/robot_ws/install/microxrcedds_client:/home/robot/app/robot_ws/install/microcdr:/home/robot/app/robot_ws/install/micro_ros_utilities:/home/robot/app/robot_ws/install/micro_ros_setup:/home/robot/app/robot_ws/install/micro_ros_agent:/home/robot/app/robot_ws/install/micro_ros_msgs:/home/robot/app/robot_ws/install/lifecycle_msgs:/home/robot/app/robot_ws/install/complex_msgs:/home/robot/app/robot_ws/install/sensor_msgs_py:/opt/ros/humble LD_LIBRARY_PATH=/home/robot/app/robot_ws/install/sensor_msgs/lib:/home/robot/app/robot_ws/install/geometry_msgs/lib:/home/robot/app/robot_ws/install/std_msgs/lib:/home/robot/app/robot_ws/install/builtin_interfaces/lib:/home/robot/app/robot_ws/firmware/dev_ws/install/my_custom_message/lib:/home/robot/app/robot_ws/install/visualization_msgs/lib:/home/robot/app/robot_ws/install/test_msgs/lib:/home/robot/app/robot_ws/install/example_interfaces/lib:/home/robot/app/robot_ws/install/action_msgs/lib:/home/robot/app/robot_ws/install/unique_identifier_msgs/lib:/home/robot/app/robot_ws/install/trajectory_msgs/lib:/home/robot/app/robot_ws/install/stereo_msgs/lib:/home/robot/app/robot_ws/install/std_srvs/lib:/home/robot/app/robot_ws/install/shape_msgs/lib:/home/robot/app/robot_ws/install/nav_msgs/lib:/home/robot/app/robot_ws/install/diagnostic_msgs/lib:/home/robot/app/robot_ws/install/actionlib_msgs/lib:/home/robot/app/robot_ws/install/statistics_msgs/lib:/home/robot/app/robot_ws/install/rmw_microxrcedds/lib:/home/robot/app/robot_ws/install/rosidl_typesupport_microxrcedds_cpp/lib:/home/robot/app/robot_ws/install/rosidl_typesupport_microxrcedds_c/lib:/home/robot/app/robot_ws/install/rosgraph_msgs/lib:/home/robot/app/robot_ws/install/rclc_parameter/lib:/home/robot/app/robot_ws/install/rclc/lib:/home/robot/app/robot_ws/install/composition_interfaces/lib:/home/robot/app/robot_ws/install/rcl_interfaces/lib:/home/robot/app/robot_ws/install/microxrcedds_client/lib:/home/robot/app/robot_ws/install/microcdr/lib:/home/robot/app/robot_ws/install/micro_ros_utilities/lib:/home/robot/app/robot_ws/install/micro_ros_agent/lib:/home/robot/app/robot_ws/install/micro_ros_msgs/lib:/home/robot/app/robot_ws/install/lifecycle_msgs/lib:/home/robot/app/robot_ws/install/complex_msgs/lib:/opt/ros/humble/opt/rviz_ogre_vendor/lib:/opt/ros/humble/lib/x86_64-linux-gnu:/opt/ros/humble/lib /usr/bin/cmake /home/robot/app/robot_ws/src/ros2/common_interfaces/visualization_msgs -DCMAKE_INSTALL_PREFIX=/home/robot/app/robot_ws/install/visualization_msgs
[5.118s] Invoking command in '/home/robot/app/robot_ws/build/visualization_msgs': CMAKE_PREFIX_PATH=/home/robot/app/robot_ws/install/sensor_msgs:/home/robot/app/robot_ws/install/geometry_msgs:/home/robot/app/robot_ws/install/std_msgs:/home/robot/app/robot_ws/install/builtin_interfaces:/home/robot/app/robot_ws/firmware/dev_ws/install/my_custom_message:/home/robot/app/robot_ws/install/micro_ros_demos_rclc:/home/robot/app/robot_ws/install/common_interfaces:/home/robot/app/robot_ws/install/visualization_msgs:/home/robot/app/robot_ws/install/test_msgs:/home/robot/app/robot_ws/install/example_interfaces:/home/robot/app/robot_ws/install/action_msgs:/home/robot/app/robot_ws/install/unique_identifier_msgs:/home/robot/app/robot_ws/install/trajectory_msgs:/home/robot/app/robot_ws/install/stereo_msgs:/home/robot/app/robot_ws/install/std_srvs:/home/robot/app/robot_ws/install/shape_msgs:/home/robot/app/robot_ws/install/nav_msgs:/home/robot/app/robot_ws/install/diagnostic_msgs:/home/robot/app/robot_ws/install/actionlib_msgs:/home/robot/app/robot_ws/install/statistics_msgs:/home/robot/app/robot_ws/install/rosidl_typesupport_microxrcedds_test_msg:/home/robot/app/robot_ws/install/rosidl_typesupport_microxrcedds_cpp_tests:/home/robot/app/robot_ws/install/rmw_microxrcedds:/home/robot/app/robot_ws/install/rosidl_typesupport_microxrcedds_cpp:/home/robot/app/robot_ws/install/rosidl_typesupport_microxrcedds_c_tests:/home/robot/app/robot_ws/install/rosidl_typesupport_microxrcedds_c:/home/robot/app/robot_ws/install/rosgraph_msgs:/home/robot/app/robot_ws/install/rclc_parameter:/home/robot/app/robot_ws/install/rclc:/home/robot/app/robot_ws/install/composition_interfaces:/home/robot/app/robot_ws/install/rcl_interfaces:/home/robot/app/robot_ws/install/microxrcedds_client:/home/robot/app/robot_ws/install/microcdr:/home/robot/app/robot_ws/install/micro_ros_utilities:/home/robot/app/robot_ws/install/micro_ros_setup:/home/robot/app/robot_ws/install/micro_ros_agent:/home/robot/app/robot_ws/install/micro_ros_msgs:/home/robot/app/robot_ws/install/lifecycle_msgs:/home/robot/app/robot_ws/install/complex_msgs:/home/robot/app/robot_ws/install/sensor_msgs_py:/opt/ros/humble LD_LIBRARY_PATH=/home/robot/app/robot_ws/install/sensor_msgs/lib:/home/robot/app/robot_ws/install/geometry_msgs/lib:/home/robot/app/robot_ws/install/std_msgs/lib:/home/robot/app/robot_ws/install/builtin_interfaces/lib:/home/robot/app/robot_ws/firmware/dev_ws/install/my_custom_message/lib:/home/robot/app/robot_ws/install/visualization_msgs/lib:/home/robot/app/robot_ws/install/test_msgs/lib:/home/robot/app/robot_ws/install/example_interfaces/lib:/home/robot/app/robot_ws/install/action_msgs/lib:/home/robot/app/robot_ws/install/unique_identifier_msgs/lib:/home/robot/app/robot_ws/install/trajectory_msgs/lib:/home/robot/app/robot_ws/install/stereo_msgs/lib:/home/robot/app/robot_ws/install/std_srvs/lib:/home/robot/app/robot_ws/install/shape_msgs/lib:/home/robot/app/robot_ws/install/nav_msgs/lib:/home/robot/app/robot_ws/install/diagnostic_msgs/lib:/home/robot/app/robot_ws/install/actionlib_msgs/lib:/home/robot/app/robot_ws/install/statistics_msgs/lib:/home/robot/app/robot_ws/install/rmw_microxrcedds/lib:/home/robot/app/robot_ws/install/rosidl_typesupport_microxrcedds_cpp/lib:/home/robot/app/robot_ws/install/rosidl_typesupport_microxrcedds_c/lib:/home/robot/app/robot_ws/install/rosgraph_msgs/lib:/home/robot/app/robot_ws/install/rclc_parameter/lib:/home/robot/app/robot_ws/install/rclc/lib:/home/robot/app/robot_ws/install/composition_interfaces/lib:/home/robot/app/robot_ws/install/rcl_interfaces/lib:/home/robot/app/robot_ws/install/microxrcedds_client/lib:/home/robot/app/robot_ws/install/microcdr/lib:/home/robot/app/robot_ws/install/micro_ros_utilities/lib:/home/robot/app/robot_ws/install/micro_ros_agent/lib:/home/robot/app/robot_ws/install/micro_ros_msgs/lib:/home/robot/app/robot_ws/install/lifecycle_msgs/lib:/home/robot/app/robot_ws/install/complex_msgs/lib:/opt/ros/humble/opt/rviz_ogre_vendor/lib:/opt/ros/humble/lib/x86_64-linux-gnu:/opt/ros/humble/lib /usr/bin/cmake --build /home/robot/app/robot_ws/build/visualization_msgs -- -j8 -l8
[5.282s] [  0%] Built target visualization_msgs__cpp
[5.398s] [  0%] Built target ament_cmake_python_copy_visualization_msgs
[5.451s] [35m[1mConsolidate compiler generated dependencies of target visualization_msgs__rosidl_typesupport_introspection_cpp[0m
[5.521s] [  9%] Built target visualization_msgs__rosidl_typesupport_introspection_cpp
[6.082s] running egg_info
[6.083s] writing visualization_msgs.egg-info/PKG-INFO
[6.084s] writing dependency_links to visualization_msgs.egg-info/dependency_links.txt
[6.084s] writing top-level names to visualization_msgs.egg-info/top_level.txt
[6.090s] reading manifest file 'visualization_msgs.egg-info/SOURCES.txt'
[6.092s] writing manifest file 'visualization_msgs.egg-info/SOURCES.txt'
[6.148s] [  9%] Built target ament_cmake_python_build_visualization_msgs_egg
[6.197s] [35m[1mConsolidate compiler generated dependencies of target visualization_msgs__rosidl_typesupport_microxrcedds_cpp[0m
[6.269s] [ 19%] Built target visualization_msgs__rosidl_typesupport_microxrcedds_cpp
[6.318s] [35m[1mConsolidate compiler generated dependencies of target visualization_msgs__rosidl_typesupport_fastrtps_cpp[0m
[6.388s] [ 28%] Built target visualization_msgs__rosidl_typesupport_fastrtps_cpp
[6.452s] [35m[1mConsolidate compiler generated dependencies of target visualization_msgs__rosidl_typesupport_cpp[0m
[6.600s] [ 37%] Built target visualization_msgs__rosidl_typesupport_cpp
[6.648s] [35m[1mConsolidate compiler generated dependencies of target visualization_msgs__rosidl_generator_c[0m
[6.704s] [ 46%] Built target visualization_msgs__rosidl_generator_c
[6.746s] [35m[1mConsolidate compiler generated dependencies of target visualization_msgs__rosidl_typesupport_fastrtps_c[0m
[6.838s] [ 56%] Built target visualization_msgs__rosidl_typesupport_fastrtps_c
[6.883s] [35m[1mConsolidate compiler generated dependencies of target visualization_msgs__rosidl_typesupport_c[0m
[6.929s] [ 65%] Built target visualization_msgs__rosidl_typesupport_c
[6.987s] [35m[1mConsolidate compiler generated dependencies of target visualization_msgs__rosidl_typesupport_introspection_c[0m
[7.044s] [ 75%] Built target visualization_msgs__rosidl_typesupport_introspection_c
[7.102s] [35m[1mConsolidate compiler generated dependencies of target visualization_msgs__rosidl_typesupport_microxrcedds_c[0m
[7.168s] [ 85%] Built target visualization_msgs__rosidl_typesupport_microxrcedds_c
[7.238s] [ 85%] Built target visualization_msgs
[7.295s] [ 86%] Built target visualization_msgs__py
[7.336s] [35m[1mConsolidate compiler generated dependencies of target visualization_msgs__rosidl_generator_py[0m
[7.416s] [ 95%] Built target visualization_msgs__rosidl_generator_py
[7.455s] [35m[1mConsolidate compiler generated dependencies of target visualization_msgs__rosidl_typesupport_microxrcedds_c__pyext[0m
[7.505s] [ 96%] Built target visualization_msgs__rosidl_typesupport_microxrcedds_c__pyext
[7.534s] [35m[1mConsolidate compiler generated dependencies of target visualization_msgs__rosidl_typesupport_c__pyext[0m
[7.579s] [ 98%] Built target visualization_msgs__rosidl_typesupport_c__pyext
[7.618s] [35m[1mConsolidate compiler generated dependencies of target visualization_msgs__rosidl_typesupport_introspection_c__pyext[0m
[7.668s] [ 99%] Built target visualization_msgs__rosidl_typesupport_introspection_c__pyext
[7.696s] [35m[1mConsolidate compiler generated dependencies of target visualization_msgs__rosidl_typesupport_fastrtps_c__pyext[0m
[7.730s] [100%] Built target visualization_msgs__rosidl_typesupport_fastrtps_c__pyext
[7.768s] Invoked command in '/home/robot/app/robot_ws/build/visualization_msgs' returned '0': CMAKE_PREFIX_PATH=/home/robot/app/robot_ws/install/sensor_msgs:/home/robot/app/robot_ws/install/geometry_msgs:/home/robot/app/robot_ws/install/std_msgs:/home/robot/app/robot_ws/install/builtin_interfaces:/home/robot/app/robot_ws/firmware/dev_ws/install/my_custom_message:/home/robot/app/robot_ws/install/micro_ros_demos_rclc:/home/robot/app/robot_ws/install/common_interfaces:/home/robot/app/robot_ws/install/visualization_msgs:/home/robot/app/robot_ws/install/test_msgs:/home/robot/app/robot_ws/install/example_interfaces:/home/robot/app/robot_ws/install/action_msgs:/home/robot/app/robot_ws/install/unique_identifier_msgs:/home/robot/app/robot_ws/install/trajectory_msgs:/home/robot/app/robot_ws/install/stereo_msgs:/home/robot/app/robot_ws/install/std_srvs:/home/robot/app/robot_ws/install/shape_msgs:/home/robot/app/robot_ws/install/nav_msgs:/home/robot/app/robot_ws/install/diagnostic_msgs:/home/robot/app/robot_ws/install/actionlib_msgs:/home/robot/app/robot_ws/install/statistics_msgs:/home/robot/app/robot_ws/install/rosidl_typesupport_microxrcedds_test_msg:/home/robot/app/robot_ws/install/rosidl_typesupport_microxrcedds_cpp_tests:/home/robot/app/robot_ws/install/rmw_microxrcedds:/home/robot/app/robot_ws/install/rosidl_typesupport_microxrcedds_cpp:/home/robot/app/robot_ws/install/rosidl_typesupport_microxrcedds_c_tests:/home/robot/app/robot_ws/install/rosidl_typesupport_microxrcedds_c:/home/robot/app/robot_ws/install/rosgraph_msgs:/home/robot/app/robot_ws/install/rclc_parameter:/home/robot/app/robot_ws/install/rclc:/home/robot/app/robot_ws/install/composition_interfaces:/home/robot/app/robot_ws/install/rcl_interfaces:/home/robot/app/robot_ws/install/microxrcedds_client:/home/robot/app/robot_ws/install/microcdr:/home/robot/app/robot_ws/install/micro_ros_utilities:/home/robot/app/robot_ws/install/micro_ros_setup:/home/robot/app/robot_ws/install/micro_ros_agent:/home/robot/app/robot_ws/install/micro_ros_msgs:/home/robot/app/robot_ws/install/lifecycle_msgs:/home/robot/app/robot_ws/install/complex_msgs:/home/robot/app/robot_ws/install/sensor_msgs_py:/opt/ros/humble LD_LIBRARY_PATH=/home/robot/app/robot_ws/install/sensor_msgs/lib:/home/robot/app/robot_ws/install/geometry_msgs/lib:/home/robot/app/robot_ws/install/std_msgs/lib:/home/robot/app/robot_ws/install/builtin_interfaces/lib:/home/robot/app/robot_ws/firmware/dev_ws/install/my_custom_message/lib:/home/robot/app/robot_ws/install/visualization_msgs/lib:/home/robot/app/robot_ws/install/test_msgs/lib:/home/robot/app/robot_ws/install/example_interfaces/lib:/home/robot/app/robot_ws/install/action_msgs/lib:/home/robot/app/robot_ws/install/unique_identifier_msgs/lib:/home/robot/app/robot_ws/install/trajectory_msgs/lib:/home/robot/app/robot_ws/install/stereo_msgs/lib:/home/robot/app/robot_ws/install/std_srvs/lib:/home/robot/app/robot_ws/install/shape_msgs/lib:/home/robot/app/robot_ws/install/nav_msgs/lib:/home/robot/app/robot_ws/install/diagnostic_msgs/lib:/home/robot/app/robot_ws/install/actionlib_msgs/lib:/home/robot/app/robot_ws/install/statistics_msgs/lib:/home/robot/app/robot_ws/install/rmw_microxrcedds/lib:/home/robot/app/robot_ws/install/rosidl_typesupport_microxrcedds_cpp/lib:/home/robot/app/robot_ws/install/rosidl_typesupport_microxrcedds_c/lib:/home/robot/app/robot_ws/install/rosgraph_msgs/lib:/home/robot/app/robot_ws/install/rclc_parameter/lib:/home/robot/app/robot_ws/install/rclc/lib:/home/robot/app/robot_ws/install/composition_interfaces/lib:/home/robot/app/robot_ws/install/rcl_interfaces/lib:/home/robot/app/robot_ws/install/microxrcedds_client/lib:/home/robot/app/robot_ws/install/microcdr/lib:/home/robot/app/robot_ws/install/micro_ros_utilities/lib:/home/robot/app/robot_ws/install/micro_ros_agent/lib:/home/robot/app/robot_ws/install/micro_ros_msgs/lib:/home/robot/app/robot_ws/install/lifecycle_msgs/lib:/home/robot/app/robot_ws/install/complex_msgs/lib:/opt/ros/humble/opt/rviz_ogre_vendor/lib:/opt/ros/humble/lib/x86_64-linux-gnu:/opt/ros/humble/lib /usr/bin/cmake --build /home/robot/app/robot_ws/build/visualization_msgs -- -j8 -l8
[9.014s] Invoking command in '/home/robot/app/robot_ws/build/visualization_msgs': CMAKE_PREFIX_PATH=/home/robot/app/robot_ws/install/sensor_msgs:/home/robot/app/robot_ws/install/geometry_msgs:/home/robot/app/robot_ws/install/std_msgs:/home/robot/app/robot_ws/install/builtin_interfaces:/home/robot/app/robot_ws/firmware/dev_ws/install/my_custom_message:/home/robot/app/robot_ws/install/micro_ros_demos_rclc:/home/robot/app/robot_ws/install/common_interfaces:/home/robot/app/robot_ws/install/visualization_msgs:/home/robot/app/robot_ws/install/test_msgs:/home/robot/app/robot_ws/install/example_interfaces:/home/robot/app/robot_ws/install/action_msgs:/home/robot/app/robot_ws/install/unique_identifier_msgs:/home/robot/app/robot_ws/install/trajectory_msgs:/home/robot/app/robot_ws/install/stereo_msgs:/home/robot/app/robot_ws/install/std_srvs:/home/robot/app/robot_ws/install/shape_msgs:/home/robot/app/robot_ws/install/nav_msgs:/home/robot/app/robot_ws/install/diagnostic_msgs:/home/robot/app/robot_ws/install/actionlib_msgs:/home/robot/app/robot_ws/install/statistics_msgs:/home/robot/app/robot_ws/install/rosidl_typesupport_microxrcedds_test_msg:/home/robot/app/robot_ws/install/rosidl_typesupport_microxrcedds_cpp_tests:/home/robot/app/robot_ws/install/rmw_microxrcedds:/home/robot/app/robot_ws/install/rosidl_typesupport_microxrcedds_cpp:/home/robot/app/robot_ws/install/rosidl_typesupport_microxrcedds_c_tests:/home/robot/app/robot_ws/install/rosidl_typesupport_microxrcedds_c:/home/robot/app/robot_ws/install/rosgraph_msgs:/home/robot/app/robot_ws/install/rclc_parameter:/home/robot/app/robot_ws/install/rclc:/home/robot/app/robot_ws/install/composition_interfaces:/home/robot/app/robot_ws/install/rcl_interfaces:/home/robot/app/robot_ws/install/microxrcedds_client:/home/robot/app/robot_ws/install/microcdr:/home/robot/app/robot_ws/install/micro_ros_utilities:/home/robot/app/robot_ws/install/micro_ros_setup:/home/robot/app/robot_ws/install/micro_ros_agent:/home/robot/app/robot_ws/install/micro_ros_msgs:/home/robot/app/robot_ws/install/lifecycle_msgs:/home/robot/app/robot_ws/install/complex_msgs:/home/robot/app/robot_ws/install/sensor_msgs_py:/opt/ros/humble LD_LIBRARY_PATH=/home/robot/app/robot_ws/install/sensor_msgs/lib:/home/robot/app/robot_ws/install/geometry_msgs/lib:/home/robot/app/robot_ws/install/std_msgs/lib:/home/robot/app/robot_ws/install/builtin_interfaces/lib:/home/robot/app/robot_ws/firmware/dev_ws/install/my_custom_message/lib:/home/robot/app/robot_ws/install/visualization_msgs/lib:/home/robot/app/robot_ws/install/test_msgs/lib:/home/robot/app/robot_ws/install/example_interfaces/lib:/home/robot/app/robot_ws/install/action_msgs/lib:/home/robot/app/robot_ws/install/unique_identifier_msgs/lib:/home/robot/app/robot_ws/install/trajectory_msgs/lib:/home/robot/app/robot_ws/install/stereo_msgs/lib:/home/robot/app/robot_ws/install/std_srvs/lib:/home/robot/app/robot_ws/install/shape_msgs/lib:/home/robot/app/robot_ws/install/nav_msgs/lib:/home/robot/app/robot_ws/install/diagnostic_msgs/lib:/home/robot/app/robot_ws/install/actionlib_msgs/lib:/home/robot/app/robot_ws/install/statistics_msgs/lib:/home/robot/app/robot_ws/install/rmw_microxrcedds/lib:/home/robot/app/robot_ws/install/rosidl_typesupport_microxrcedds_cpp/lib:/home/robot/app/robot_ws/install/rosidl_typesupport_microxrcedds_c/lib:/home/robot/app/robot_ws/install/rosgraph_msgs/lib:/home/robot/app/robot_ws/install/rclc_parameter/lib:/home/robot/app/robot_ws/install/rclc/lib:/home/robot/app/robot_ws/install/composition_interfaces/lib:/home/robot/app/robot_ws/install/rcl_interfaces/lib:/home/robot/app/robot_ws/install/microxrcedds_client/lib:/home/robot/app/robot_ws/install/microcdr/lib:/home/robot/app/robot_ws/install/micro_ros_utilities/lib:/home/robot/app/robot_ws/install/micro_ros_agent/lib:/home/robot/app/robot_ws/install/micro_ros_msgs/lib:/home/robot/app/robot_ws/install/lifecycle_msgs/lib:/home/robot/app/robot_ws/install/complex_msgs/lib:/opt/ros/humble/opt/rviz_ogre_vendor/lib:/opt/ros/humble/lib/x86_64-linux-gnu:/opt/ros/humble/lib /usr/bin/cmake --install /home/robot/app/robot_ws/build/visualization_msgs
[9.031s] -- Install configuration: ""
[9.032s] -- Up-to-date: /home/robot/app/robot_ws/install/visualization_msgs/share/ament_index/resource_index/rosidl_interfaces/visualization_msgs
[9.032s] -- Up-to-date: /home/robot/app/robot_ws/install/visualization_msgs/include/visualization_msgs/visualization_msgs
[9.033s] -- Up-to-date: /home/robot/app/robot_ws/install/visualization_msgs/include/visualization_msgs/visualization_msgs/srv
[9.033s] -- Up-to-date: /home/robot/app/robot_ws/install/visualization_msgs/include/visualization_msgs/visualization_msgs/srv/get_interactive_markers.h
[9.033s] -- Up-to-date: /home/robot/app/robot_ws/install/visualization_msgs/include/visualization_msgs/visualization_msgs/srv/detail
[9.033s] -- Up-to-date: /home/robot/app/robot_ws/install/visualization_msgs/include/visualization_msgs/visualization_msgs/srv/detail/get_interactive_markers__struct.h
[9.034s] -- Up-to-date: /home/robot/app/robot_ws/install/visualization_msgs/include/visualization_msgs/visualization_msgs/srv/detail/get_interactive_markers__functions.h
[9.034s] -- Up-to-date: /home/robot/app/robot_ws/install/visualization_msgs/include/visualization_msgs/visualization_msgs/srv/detail/get_interactive_markers__type_support.h
[9.034s] -- Up-to-date: /home/robot/app/robot_ws/install/visualization_msgs/include/visualization_msgs/visualization_msgs/srv/detail/get_interactive_markers__functions.c
[9.034s] -- Up-to-date: /home/robot/app/robot_ws/install/visualization_msgs/include/visualization_msgs/visualization_msgs/msg
[9.035s] -- Up-to-date: /home/robot/app/robot_ws/install/visualization_msgs/include/visualization_msgs/visualization_msgs/msg/menu_entry.h
[9.035s] -- Up-to-date: /home/robot/app/robot_ws/install/visualization_msgs/include/visualization_msgs/visualization_msgs/msg/interactive_marker_control.h
[9.035s] -- Up-to-date: /home/robot/app/robot_ws/install/visualization_msgs/include/visualization_msgs/visualization_msgs/msg/interactive_marker_pose.h
[9.035s] -- Up-to-date: /home/robot/app/robot_ws/install/visualization_msgs/include/visualization_msgs/visualization_msgs/msg/marker_array.h
[9.036s] -- Up-to-date: /home/robot/app/robot_ws/install/visualization_msgs/include/visualization_msgs/visualization_msgs/msg/uv_coordinate.h
[9.036s] -- Up-to-date: /home/robot/app/robot_ws/install/visualization_msgs/include/visualization_msgs/visualization_msgs/msg/detail
[9.036s] -- Up-to-date: /home/robot/app/robot_ws/install/visualization_msgs/include/visualization_msgs/visualization_msgs/msg/detail/interactive_marker__functions.c
[9.037s] -- Up-to-date: /home/robot/app/robot_ws/install/visualization_msgs/include/visualization_msgs/visualization_msgs/msg/detail/interactive_marker__struct.h
[9.037s] -- Up-to-date: /home/robot/app/robot_ws/install/visualization_msgs/include/visualization_msgs/visualization_msgs/msg/detail/image_marker__type_support.h
[9.037s] -- Up-to-date: /home/robot/app/robot_ws/install/visualization_msgs/include/visualization_msgs/visualization_msgs/msg/detail/uv_coordinate__functions.c
[9.037s] -- Up-to-date: /home/robot/app/robot_ws/install/visualization_msgs/include/visualization_msgs/visualization_msgs/msg/detail/uv_coordinate__struct.h
[9.038s] -- Up-to-date: /home/robot/app/robot_ws/install/visualization_msgs/include/visualization_msgs/visualization_msgs/msg/detail/menu_entry__struct.h
[9.038s] -- Up-to-date: /home/robot/app/robot_ws/install/visualization_msgs/include/visualization_msgs/visualization_msgs/msg/detail/interactive_marker_init__type_support.h
[9.038s] -- Up-to-date: /home/robot/app/robot_ws/install/visualization_msgs/include/visualization_msgs/visualization_msgs/msg/detail/interactive_marker_init__struct.h
[9.039s] -- Up-to-date: /home/robot/app/robot_ws/install/visualization_msgs/include/visualization_msgs/visualization_msgs/msg/detail/image_marker__functions.c
[9.039s] -- Up-to-date: /home/robot/app/robot_ws/install/visualization_msgs/include/visualization_msgs/visualization_msgs/msg/detail/mesh_file__struct.h
[9.039s] -- Up-to-date: /home/robot/app/robot_ws/install/visualization_msgs/include/visualization_msgs/visualization_msgs/msg/detail/interactive_marker__functions.h
[9.039s] -- Up-to-date: /home/robot/app/robot_ws/install/visualization_msgs/include/visualization_msgs/visualization_msgs/msg/detail/marker_array__type_support.h
[9.039s] -- Up-to-date: /home/robot/app/robot_ws/install/visualization_msgs/include/visualization_msgs/visualization_msgs/msg/detail/image_marker__struct.h
[9.040s] -- Up-to-date: /home/robot/app/robot_ws/install/visualization_msgs/include/visualization_msgs/visualization_msgs/msg/detail/menu_entry__type_support.h
[9.040s] -- Up-to-date: /home/robot/app/robot_ws/install/visualization_msgs/include/visualization_msgs/visualization_msgs/msg/detail/interactive_marker_pose__struct.h
[9.040s] -- Up-to-date: /home/robot/app/robot_ws/install/visualization_msgs/include/visualization_msgs/visualization_msgs/msg/detail/marker_array__struct.h
[9.040s] -- Up-to-date: /home/robot/app/robot_ws/install/visualization_msgs/include/visualization_msgs/visualization_msgs/msg/detail/interactive_marker_feedback__functions.c
[9.040s] -- Up-to-date: /home/robot/app/robot_ws/install/visualization_msgs/include/visualization_msgs/visualization_msgs/msg/detail/interactive_marker__type_support.h
[9.041s] -- Up-to-date: /home/robot/app/robot_ws/install/visualization_msgs/include/visualization_msgs/visualization_msgs/msg/detail/interactive_marker_update__functions.h
[9.041s] -- Up-to-date: /home/robot/app/robot_ws/install/visualization_msgs/include/visualization_msgs/visualization_msgs/msg/detail/uv_coordinate__functions.h
[9.041s] -- Up-to-date: /home/robot/app/robot_ws/install/visualization_msgs/include/visualization_msgs/visualization_msgs/msg/detail/interactive_marker_pose__type_support.h
[9.041s] -- Up-to-date: /home/robot/app/robot_ws/install/visualization_msgs/include/visualization_msgs/visualization_msgs/msg/detail/marker_array__functions.h
[9.042s] -- Up-to-date: /home/robot/app/robot_ws/install/visualization_msgs/include/visualization_msgs/visualization_msgs/msg/detail/marker__struct.h
[9.042s] -- Up-to-date: /home/robot/app/robot_ws/install/visualization_msgs/include/visualization_msgs/visualization_msgs/msg/detail/marker_array__functions.c
[9.042s] -- Up-to-date: /home/robot/app/robot_ws/install/visualization_msgs/include/visualization_msgs/visualization_msgs/msg/detail/marker__type_support.h
[9.042s] -- Up-to-date: /home/robot/app/robot_ws/install/visualization_msgs/include/visualization_msgs/visualization_msgs/msg/detail/interactive_marker_update__struct.h
[9.042s] -- Up-to-date: /home/robot/app/robot_ws/install/visualization_msgs/include/visualization_msgs/visualization_msgs/msg/detail/mesh_file__functions.h
[9.043s] -- Up-to-date: /home/robot/app/robot_ws/install/visualization_msgs/include/visualization_msgs/visualization_msgs/msg/detail/menu_entry__functions.c
[9.043s] -- Up-to-date: /home/robot/app/robot_ws/install/visualization_msgs/include/visualization_msgs/visualization_msgs/msg/detail/uv_coordinate__type_support.h
[9.043s] -- Up-to-date: /home/robot/app/robot_ws/install/visualization_msgs/include/visualization_msgs/visualization_msgs/msg/detail/interactive_marker_update__type_support.h
[9.043s] -- Up-to-date: /home/robot/app/robot_ws/install/visualization_msgs/include/visualization_msgs/visualization_msgs/msg/detail/interactive_marker_control__type_support.h
[9.043s] -- Up-to-date: /home/robot/app/robot_ws/install/visualization_msgs/include/visualization_msgs/visualization_msgs/msg/detail/marker__functions.h
[9.044s] -- Up-to-date: /home/robot/app/robot_ws/install/visualization_msgs/include/visualization_msgs/visualization_msgs/msg/detail/interactive_marker_init__functions.c
[9.044s] -- Up-to-date: /home/robot/app/robot_ws/install/visualization_msgs/include/visualization_msgs/visualization_msgs/msg/detail/interactive_marker_feedback__struct.h
[9.044s] -- Up-to-date: /home/robot/app/robot_ws/install/visualization_msgs/include/visualization_msgs/visualization_msgs/msg/detail/marker__functions.c
[9.044s] -- Up-to-date: /home/robot/app/robot_ws/install/visualization_msgs/include/visualization_msgs/visualization_msgs/msg/detail/interactive_marker_init__functions.h
[9.045s] -- Up-to-date: /home/robot/app/robot_ws/install/visualization_msgs/include/visualization_msgs/visualization_msgs/msg/detail/interactive_marker_pose__functions.c
[9.045s] -- Up-to-date: /home/robot/app/robot_ws/install/visualization_msgs/include/visualization_msgs/visualization_msgs/msg/detail/interactive_marker_control__functions.c
[9.045s] -- Up-to-date: /home/robot/app/robot_ws/install/visualization_msgs/include/visualization_msgs/visualization_msgs/msg/detail/interactive_marker_control__functions.h
[9.046s] -- Up-to-date: /home/robot/app/robot_ws/install/visualization_msgs/include/visualization_msgs/visualization_msgs/msg/detail/interactive_marker_pose__functions.h
[9.046s] -- Up-to-date: /home/robot/app/robot_ws/install/visualization_msgs/include/visualization_msgs/visualization_msgs/msg/detail/menu_entry__functions.h
[9.046s] -- Up-to-date: /home/robot/app/robot_ws/install/visualization_msgs/include/visualization_msgs/visualization_msgs/msg/detail/interactive_marker_feedback__type_support.h
[9.046s] -- Up-to-date: /home/robot/app/robot_ws/install/visualization_msgs/include/visualization_msgs/visualization_msgs/msg/detail/interactive_marker_feedback__functions.h
[9.046s] -- Up-to-date: /home/robot/app/robot_ws/install/visualization_msgs/include/visualization_msgs/visualization_msgs/msg/detail/interactive_marker_update__functions.c
[9.047s] -- Up-to-date: /home/robot/app/robot_ws/install/visualization_msgs/include/visualization_msgs/visualization_msgs/msg/detail/mesh_file__functions.c
[9.047s] -- Up-to-date: /home/robot/app/robot_ws/install/visualization_msgs/include/visualization_msgs/visualization_msgs/msg/detail/mesh_file__type_support.h
[9.047s] -- Up-to-date: /home/robot/app/robot_ws/install/visualization_msgs/include/visualization_msgs/visualization_msgs/msg/detail/interactive_marker_control__struct.h
[9.047s] -- Up-to-date: /home/robot/app/robot_ws/install/visualization_msgs/include/visualization_msgs/visualization_msgs/msg/detail/image_marker__functions.h
[9.047s] -- Up-to-date: /home/robot/app/robot_ws/install/visualization_msgs/include/visualization_msgs/visualization_msgs/msg/interactive_marker_update.h
[9.048s] -- Up-to-date: /home/robot/app/robot_ws/install/visualization_msgs/include/visualization_msgs/visualization_msgs/msg/interactive_marker.h
[9.048s] -- Up-to-date: /home/robot/app/robot_ws/install/visualization_msgs/include/visualization_msgs/visualization_msgs/msg/interactive_marker_init.h
[9.048s] -- Up-to-date: /home/robot/app/robot_ws/install/visualization_msgs/include/visualization_msgs/visualization_msgs/msg/image_marker.h
[9.049s] -- Up-to-date: /home/robot/app/robot_ws/install/visualization_msgs/include/visualization_msgs/visualization_msgs/msg/mesh_file.h
[9.049s] -- Up-to-date: /home/robot/app/robot_ws/install/visualization_msgs/include/visualization_msgs/visualization_msgs/msg/interactive_marker_feedback.h
[9.049s] -- Up-to-date: /home/robot/app/robot_ws/install/visualization_msgs/include/visualization_msgs/visualization_msgs/msg/marker.h
[9.049s] -- Up-to-date: /home/robot/app/robot_ws/install/visualization_msgs/include/visualization_msgs/visualization_msgs/msg/rosidl_generator_c__visibility_control.h
[9.049s] -- Up-to-date: /home/robot/app/robot_ws/install/visualization_msgs/share/visualization_msgs/environment/library_path.sh
[9.050s] -- Installing: /home/robot/app/robot_ws/install/visualization_msgs/share/visualization_msgs/environment/library_path.dsv
[9.050s] -- Up-to-date: /home/robot/app/robot_ws/install/visualization_msgs/lib/libvisualization_msgs__rosidl_generator_c.so
[9.050s] -- Up-to-date: /home/robot/app/robot_ws/install/visualization_msgs/include/visualization_msgs/visualization_msgs
[9.050s] -- Up-to-date: /home/robot/app/robot_ws/install/visualization_msgs/include/visualization_msgs/visualization_msgs/srv
[9.050s] -- Up-to-date: /home/robot/app/robot_ws/install/visualization_msgs/include/visualization_msgs/visualization_msgs/srv/detail
[9.051s] -- Up-to-date: /home/robot/app/robot_ws/install/visualization_msgs/include/visualization_msgs/visualization_msgs/srv/detail/get_interactive_markers__rosidl_typesupport_fastrtps_c.h
[9.051s] -- Up-to-date: /home/robot/app/robot_ws/install/visualization_msgs/include/visualization_msgs/visualization_msgs/msg
[9.051s] -- Up-to-date: /home/robot/app/robot_ws/install/visualization_msgs/include/visualization_msgs/visualization_msgs/msg/detail
[9.051s] -- Up-to-date: /home/robot/app/robot_ws/install/visualization_msgs/include/visualization_msgs/visualization_msgs/msg/detail/interactive_marker_pose__rosidl_typesupport_fastrtps_c.h
[9.052s] -- Up-to-date: /home/robot/app/robot_ws/install/visualization_msgs/include/visualization_msgs/visualization_msgs/msg/detail/uv_coordinate__rosidl_typesupport_fastrtps_c.h
[9.052s] -- Up-to-date: /home/robot/app/robot_ws/install/visualization_msgs/include/visualization_msgs/visualization_msgs/msg/detail/marker__rosidl_typesupport_fastrtps_c.h
[9.054s] -- Up-to-date: /home/robot/app/robot_ws/install/visualization_msgs/include/visualization_msgs/visualization_msgs/msg/detail/interactive_marker_init__rosidl_typesupport_fastrtps_c.h
[9.055s] -- Up-to-date: /home/robot/app/robot_ws/install/visualization_msgs/include/visualization_msgs/visualization_msgs/msg/detail/menu_entry__rosidl_typesupport_fastrtps_c.h
[9.055s] -- Up-to-date: /home/robot/app/robot_ws/install/visualization_msgs/include/visualization_msgs/visualization_msgs/msg/detail/marker_array__rosidl_typesupport_fastrtps_c.h
[9.055s] -- Up-to-date: /home/robot/app/robot_ws/install/visualization_msgs/include/visualization_msgs/visualization_msgs/msg/detail/mesh_file__rosidl_typesupport_fastrtps_c.h
[9.055s] -- Up-to-date: /home/robot/app/robot_ws/install/visualization_msgs/include/visualization_msgs/visualization_msgs/msg/detail/interactive_marker_control__rosidl_typesupport_fastrtps_c.h
[9.056s] -- Up-to-date: /home/robot/app/robot_ws/install/visualization_msgs/include/visualization_msgs/visualization_msgs/msg/detail/interactive_marker_feedback__rosidl_typesupport_fastrtps_c.h
[9.056s] -- Up-to-date: /home/robot/app/robot_ws/install/visualization_msgs/include/visualization_msgs/visualization_msgs/msg/detail/image_marker__rosidl_typesupport_fastrtps_c.h
[9.056s] -- Up-to-date: /home/robot/app/robot_ws/install/visualization_msgs/include/visualization_msgs/visualization_msgs/msg/detail/interactive_marker_update__rosidl_typesupport_fastrtps_c.h
[9.057s] -- Up-to-date: /home/robot/app/robot_ws/install/visualization_msgs/include/visualization_msgs/visualization_msgs/msg/detail/interactive_marker__rosidl_typesupport_fastrtps_c.h
[9.057s] -- Up-to-date: /home/robot/app/robot_ws/install/visualization_msgs/include/visualization_msgs/visualization_msgs/msg/rosidl_typesupport_fastrtps_c__visibility_control.h
[9.057s] -- Up-to-date: /home/robot/app/robot_ws/install/visualization_msgs/lib/libvisualization_msgs__rosidl_typesupport_fastrtps_c.so
[9.057s] -- Up-to-date: /home/robot/app/robot_ws/install/visualization_msgs/include/visualization_msgs/visualization_msgs
[9.058s] -- Up-to-date: /home/robot/app/robot_ws/install/visualization_msgs/include/visualization_msgs/visualization_msgs/srv
[9.058s] -- Up-to-date: /home/robot/app/robot_ws/install/visualization_msgs/include/visualization_msgs/visualization_msgs/srv/get_interactive_markers.hpp
[9.059s] -- Up-to-date: /home/robot/app/robot_ws/install/visualization_msgs/include/visualization_msgs/visualization_msgs/srv/detail
[9.059s] -- Up-to-date: /home/robot/app/robot_ws/install/visualization_msgs/include/visualization_msgs/visualization_msgs/srv/detail/get_interactive_markers__traits.hpp
[9.059s] -- Up-to-date: /home/robot/app/robot_ws/install/visualization_msgs/include/visualization_msgs/visualization_msgs/srv/detail/get_interactive_markers__builder.hpp
[9.059s] -- Up-to-date: /home/robot/app/robot_ws/install/visualization_msgs/include/visualization_msgs/visualization_msgs/srv/detail/get_interactive_markers__struct.hpp
[9.060s] -- Up-to-date: /home/robot/app/robot_ws/install/visualization_msgs/include/visualization_msgs/visualization_msgs/msg
[9.060s] -- Up-to-date: /home/robot/app/robot_ws/install/visualization_msgs/include/visualization_msgs/visualization_msgs/msg/marker.hpp
[9.061s] -- Up-to-date: /home/robot/app/robot_ws/install/visualization_msgs/include/visualization_msgs/visualization_msgs/msg/uv_coordinate.hpp
[9.062s] -- Up-to-date: /home/robot/app/robot_ws/install/visualization_msgs/include/visualization_msgs/visualization_msgs/msg/interactive_marker_update.hpp
[9.062s] -- Up-to-date: /home/robot/app/robot_ws/install/visualization_msgs/include/visualization_msgs/visualization_msgs/msg/menu_entry.hpp
[9.062s] -- Up-to-date: /home/robot/app/robot_ws/install/visualization_msgs/include/visualization_msgs/visualization_msgs/msg/mesh_file.hpp
[9.062s] -- Up-to-date: /home/robot/app/robot_ws/install/visualization_msgs/include/visualization_msgs/visualization_msgs/msg/interactive_marker_init.hpp
[9.062s] -- Up-to-date: /home/robot/app/robot_ws/install/visualization_msgs/include/visualization_msgs/visualization_msgs/msg/detail
[9.063s] -- Up-to-date: /home/robot/app/robot_ws/install/visualization_msgs/include/visualization_msgs/visualization_msgs/msg/detail/mesh_file__struct.hpp
[9.063s] -- Up-to-date: /home/robot/app/robot_ws/install/visualization_msgs/include/visualization_msgs/visualization_msgs/msg/detail/interactive_marker_pose__struct.hpp
[9.063s] -- Up-to-date: /home/robot/app/robot_ws/install/visualization_msgs/include/visualization_msgs/visualization_msgs/msg/detail/image_marker__traits.hpp
[9.063s] -- Up-to-date: /home/robot/app/robot_ws/install/visualization_msgs/include/visualization_msgs/visualization_msgs/msg/detail/marker_array__struct.hpp
[9.063s] -- Up-to-date: /home/robot/app/robot_ws/install/visualization_msgs/include/visualization_msgs/visualization_msgs/msg/detail/interactive_marker_pose__traits.hpp
[9.064s] -- Up-to-date: /home/robot/app/robot_ws/install/visualization_msgs/include/visualization_msgs/visualization_msgs/msg/detail/menu_entry__traits.hpp
[9.065s] -- Up-to-date: /home/robot/app/robot_ws/install/visualization_msgs/include/visualization_msgs/visualization_msgs/msg/detail/interactive_marker_init__traits.hpp
[9.065s] -- Up-to-date: /home/robot/app/robot_ws/install/visualization_msgs/include/visualization_msgs/visualization_msgs/msg/detail/uv_coordinate__struct.hpp
[9.065s] -- Up-to-date: /home/robot/app/robot_ws/install/visualization_msgs/include/visualization_msgs/visualization_msgs/msg/detail/interactive_marker__traits.hpp
[9.065s] -- Up-to-date: /home/robot/app/robot_ws/install/visualization_msgs/include/visualization_msgs/visualization_msgs/msg/detail/image_marker__struct.hpp
[9.065s] -- Up-to-date: /home/robot/app/robot_ws/install/visualization_msgs/include/visualization_msgs/visualization_msgs/msg/detail/interactive_marker_update__struct.hpp
[9.066s] -- Up-to-date: /home/robot/app/robot_ws/install/visualization_msgs/include/visualization_msgs/visualization_msgs/msg/detail/menu_entry__struct.hpp
[9.066s] -- Up-to-date: /home/robot/app/robot_ws/install/visualization_msgs/include/visualization_msgs/visualization_msgs/msg/detail/interactive_marker_feedback__struct.hpp
[9.066s] -- Up-to-date: /home/robot/app/robot_ws/install/visualization_msgs/include/visualization_msgs/visualization_msgs/msg/detail/menu_entry__builder.hpp
[9.066s] -- Up-to-date: /home/robot/app/robot_ws/install/visualization_msgs/include/visualization_msgs/visualization_msgs/msg/detail/interactive_marker_init__struct.hpp
[9.066s] -- Up-to-date: /home/robot/app/robot_ws/install/visualization_msgs/include/visualization_msgs/visualization_msgs/msg/detail/uv_coordinate__builder.hpp
[9.067s] -- Up-to-date: /home/robot/app/robot_ws/install/visualization_msgs/include/visualization_msgs/visualization_msgs/msg/detail/image_marker__builder.hpp
[9.067s] -- Up-to-date: /home/robot/app/robot_ws/install/visualization_msgs/include/visualization_msgs/visualization_msgs/msg/detail/interactive_marker_feedback__builder.hpp
[9.067s] -- Up-to-date: /home/robot/app/robot_ws/install/visualization_msgs/include/visualization_msgs/visualization_msgs/msg/detail/mesh_file__traits.hpp
[9.067s] -- Up-to-date: /home/robot/app/robot_ws/install/visualization_msgs/include/visualization_msgs/visualization_msgs/msg/detail/interactive_marker_feedback__traits.hpp
[9.067s] -- Up-to-date: /home/robot/app/robot_ws/install/visualization_msgs/include/visualization_msgs/visualization_msgs/msg/detail/interactive_marker_update__builder.hpp
[9.068s] -- Up-to-date: /home/robot/app/robot_ws/install/visualization_msgs/include/visualization_msgs/visualization_msgs/msg/detail/marker__builder.hpp
[9.068s] -- Up-to-date: /home/robot/app/robot_ws/install/visualization_msgs/include/visualization_msgs/visualization_msgs/msg/detail/interactive_marker_init__builder.hpp
[9.068s] -- Up-to-date: /home/robot/app/robot_ws/install/visualization_msgs/include/visualization_msgs/visualization_msgs/msg/detail/interactive_marker_control__builder.hpp
[9.068s] -- Up-to-date: /home/robot/app/robot_ws/install/visualization_msgs/include/visualization_msgs/visualization_msgs/msg/detail/interactive_marker_pose__builder.hpp
[9.069s] -- Up-to-date: /home/robot/app/robot_ws/install/visualization_msgs/include/visualization_msgs/visualization_msgs/msg/detail/interactive_marker_control__struct.hpp
[9.069s] -- Up-to-date: /home/robot/app/robot_ws/install/visualization_msgs/include/visualization_msgs/visualization_msgs/msg/detail/interactive_marker__struct.hpp
[9.069s] -- Up-to-date: /home/robot/app/robot_ws/install/visualization_msgs/include/visualization_msgs/visualization_msgs/msg/detail/mesh_file__builder.hpp
[9.070s] -- Up-to-date: /home/robot/app/robot_ws/install/visualization_msgs/include/visualization_msgs/visualization_msgs/msg/detail/interactive_marker__builder.hpp
[9.070s] -- Up-to-date: /home/robot/app/robot_ws/install/visualization_msgs/include/visualization_msgs/visualization_msgs/msg/detail/marker__struct.hpp
[9.070s] -- Up-to-date: /home/robot/app/robot_ws/install/visualization_msgs/include/visualization_msgs/visualization_msgs/msg/detail/marker_array__builder.hpp
[9.070s] -- Up-to-date: /home/robot/app/robot_ws/install/visualization_msgs/include/visualization_msgs/visualization_msgs/msg/detail/marker__traits.hpp
[9.070s] -- Up-to-date: /home/robot/app/robot_ws/install/visualization_msgs/include/visualization_msgs/visualization_msgs/msg/detail/interactive_marker_control__traits.hpp
[9.071s] -- Up-to-date: /home/robot/app/robot_ws/install/visualization_msgs/include/visualization_msgs/visualization_msgs/msg/detail/marker_array__traits.hpp
[9.071s] -- Up-to-date: /home/robot/app/robot_ws/install/visualization_msgs/include/visualization_msgs/visualization_msgs/msg/detail/interactive_marker_update__traits.hpp
[9.071s] -- Up-to-date: /home/robot/app/robot_ws/install/visualization_msgs/include/visualization_msgs/visualization_msgs/msg/detail/uv_coordinate__traits.hpp
[9.071s] -- Up-to-date: /home/robot/app/robot_ws/install/visualization_msgs/include/visualization_msgs/visualization_msgs/msg/image_marker.hpp
[9.071s] -- Up-to-date: /home/robot/app/robot_ws/install/visualization_msgs/include/visualization_msgs/visualization_msgs/msg/interactive_marker_control.hpp
[9.072s] -- Up-to-date: /home/robot/app/robot_ws/install/visualization_msgs/include/visualization_msgs/visualization_msgs/msg/interactive_marker_pose.hpp
[9.072s] -- Up-to-date: /home/robot/app/robot_ws/install/visualization_msgs/include/visualization_msgs/visualization_msgs/msg/interactive_marker_feedback.hpp
[9.072s] -- Up-to-date: /home/robot/app/robot_ws/install/visualization_msgs/include/visualization_msgs/visualization_msgs/msg/marker_array.hpp
[9.072s] -- Up-to-date: /home/robot/app/robot_ws/install/visualization_msgs/include/visualization_msgs/visualization_msgs/msg/interactive_marker.hpp
[9.073s] -- Up-to-date: /home/robot/app/robot_ws/install/visualization_msgs/include/visualization_msgs/visualization_msgs
[9.073s] -- Up-to-date: /home/robot/app/robot_ws/install/visualization_msgs/include/visualization_msgs/visualization_msgs/srv
[9.073s] -- Up-to-date: /home/robot/app/robot_ws/install/visualization_msgs/include/visualization_msgs/visualization_msgs/srv/detail
[9.073s] -- Up-to-date: /home/robot/app/robot_ws/install/visualization_msgs/include/visualization_msgs/visualization_msgs/srv/detail/dds_fastrtps
[9.073s] -- Up-to-date: /home/robot/app/robot_ws/install/visualization_msgs/include/visualization_msgs/visualization_msgs/srv/detail/get_interactive_markers__rosidl_typesupport_fastrtps_cpp.hpp
[9.073s] -- Up-to-date: /home/robot/app/robot_ws/install/visualization_msgs/include/visualization_msgs/visualization_msgs/msg
[9.074s] -- Up-to-date: /home/robot/app/robot_ws/install/visualization_msgs/include/visualization_msgs/visualization_msgs/msg/rosidl_typesupport_fastrtps_cpp__visibility_control.h
[9.074s] -- Up-to-date: /home/robot/app/robot_ws/install/visualization_msgs/include/visualization_msgs/visualization_msgs/msg/detail
[9.074s] -- Up-to-date: /home/robot/app/robot_ws/install/visualization_msgs/include/visualization_msgs/visualization_msgs/msg/detail/mesh_file__rosidl_typesupport_fastrtps_cpp.hpp
[9.075s] -- Up-to-date: /home/robot/app/robot_ws/install/visualization_msgs/include/visualization_msgs/visualization_msgs/msg/detail/marker_array__rosidl_typesupport_fastrtps_cpp.hpp
[9.075s] -- Up-to-date: /home/robot/app/robot_ws/install/visualization_msgs/include/visualization_msgs/visualization_msgs/msg/detail/menu_entry__rosidl_typesupport_fastrtps_cpp.hpp
[9.075s] -- Up-to-date: /home/robot/app/robot_ws/install/visualization_msgs/include/visualization_msgs/visualization_msgs/msg/detail/marker__rosidl_typesupport_fastrtps_cpp.hpp
[9.075s] -- Up-to-date: /home/robot/app/robot_ws/install/visualization_msgs/include/visualization_msgs/visualization_msgs/msg/detail/interactive_marker_feedback__rosidl_typesupport_fastrtps_cpp.hpp
[9.075s] -- Up-to-date: /home/robot/app/robot_ws/install/visualization_msgs/include/visualization_msgs/visualization_msgs/msg/detail/dds_fastrtps
[9.076s] -- Up-to-date: /home/robot/app/robot_ws/install/visualization_msgs/include/visualization_msgs/visualization_msgs/msg/detail/interactive_marker_control__rosidl_typesupport_fastrtps_cpp.hpp
[9.076s] -- Up-to-date: /home/robot/app/robot_ws/install/visualization_msgs/include/visualization_msgs/visualization_msgs/msg/detail/interactive_marker_update__rosidl_typesupport_fastrtps_cpp.hpp
[9.076s] -- Up-to-date: /home/robot/app/robot_ws/install/visualization_msgs/include/visualization_msgs/visualization_msgs/msg/detail/uv_coordinate__rosidl_typesupport_fastrtps_cpp.hpp
[9.076s] -- Up-to-date: /home/robot/app/robot_ws/install/visualization_msgs/include/visualization_msgs/visualization_msgs/msg/detail/interactive_marker__rosidl_typesupport_fastrtps_cpp.hpp
[9.077s] -- Up-to-date: /home/robot/app/robot_ws/install/visualization_msgs/include/visualization_msgs/visualization_msgs/msg/detail/image_marker__rosidl_typesupport_fastrtps_cpp.hpp
[9.077s] -- Up-to-date: /home/robot/app/robot_ws/install/visualization_msgs/include/visualization_msgs/visualization_msgs/msg/detail/interactive_marker_pose__rosidl_typesupport_fastrtps_cpp.hpp
[9.077s] -- Up-to-date: /home/robot/app/robot_ws/install/visualization_msgs/include/visualization_msgs/visualization_msgs/msg/detail/interactive_marker_init__rosidl_typesupport_fastrtps_cpp.hpp
[9.077s] -- Up-to-date: /home/robot/app/robot_ws/install/visualization_msgs/lib/libvisualization_msgs__rosidl_typesupport_fastrtps_cpp.so
[9.077s] -- Up-to-date: /home/robot/app/robot_ws/install/visualization_msgs/include/visualization_msgs
[9.078s] -- Up-to-date: /home/robot/app/robot_ws/install/visualization_msgs/include/visualization_msgs/srv
[9.078s] -- Up-to-date: /home/robot/app/robot_ws/install/visualization_msgs/include/visualization_msgs/srv/detail
[9.078s] -- Up-to-date: /home/robot/app/robot_ws/install/visualization_msgs/include/visualization_msgs/srv/detail/get_interactive_markers__rosidl_typesupport_microxrcedds_c.h
[9.078s] -- Up-to-date: /home/robot/app/robot_ws/install/visualization_msgs/include/visualization_msgs/srv/detail/microxrcedds
[9.078s] -- Up-to-date: /home/robot/app/robot_ws/install/visualization_msgs/include/visualization_msgs/msg
[9.079s] -- Up-to-date: /home/robot/app/robot_ws/install/visualization_msgs/include/visualization_msgs/msg/detail
[9.079s] -- Up-to-date: /home/robot/app/robot_ws/install/visualization_msgs/include/visualization_msgs/msg/detail/interactive_marker__rosidl_typesupport_microxrcedds_c.h
[9.079s] -- Up-to-date: /home/robot/app/robot_ws/install/visualization_msgs/include/visualization_msgs/msg/detail/marker__rosidl_typesupport_microxrcedds_c.h
[9.079s] -- Up-to-date: /home/robot/app/robot_ws/install/visualization_msgs/include/visualization_msgs/msg/detail/menu_entry__rosidl_typesupport_microxrcedds_c.h
[9.080s] -- Up-to-date: /home/robot/app/robot_ws/install/visualization_msgs/include/visualization_msgs/msg/detail/mesh_file__rosidl_typesupport_microxrcedds_c.h
[9.080s] -- Up-to-date: /home/robot/app/robot_ws/install/visualization_msgs/include/visualization_msgs/msg/detail/interactive_marker_pose__rosidl_typesupport_microxrcedds_c.h
[9.080s] -- Up-to-date: /home/robot/app/robot_ws/install/visualization_msgs/include/visualization_msgs/msg/detail/interactive_marker_update__rosidl_typesupport_microxrcedds_c.h
[9.080s] -- Up-to-date: /home/robot/app/robot_ws/install/visualization_msgs/include/visualization_msgs/msg/detail/image_marker__rosidl_typesupport_microxrcedds_c.h
[9.080s] -- Up-to-date: /home/robot/app/robot_ws/install/visualization_msgs/include/visualization_msgs/msg/detail/uv_coordinate__rosidl_typesupport_microxrcedds_c.h
[9.081s] -- Up-to-date: /home/robot/app/robot_ws/install/visualization_msgs/include/visualization_msgs/msg/detail/microxrcedds
[9.081s] -- Up-to-date: /home/robot/app/robot_ws/install/visualization_msgs/include/visualization_msgs/msg/detail/interactive_marker_control__rosidl_typesupport_microxrcedds_c.h
[9.081s] -- Up-to-date: /home/robot/app/robot_ws/install/visualization_msgs/include/visualization_msgs/msg/detail/marker_array__rosidl_typesupport_microxrcedds_c.h
[9.081s] -- Up-to-date: /home/robot/app/robot_ws/install/visualization_msgs/include/visualization_msgs/msg/detail/interactive_marker_init__rosidl_typesupport_microxrcedds_c.h
[9.082s] -- Up-to-date: /home/robot/app/robot_ws/install/visualization_msgs/include/visualization_msgs/msg/detail/interactive_marker_feedback__rosidl_typesupport_microxrcedds_c.h
[9.082s] -- Up-to-date: /home/robot/app/robot_ws/install/visualization_msgs/include/visualization_msgs/msg/rosidl_typesupport_microxrcedds_c__visibility_control.h
[9.082s] -- Up-to-date: /home/robot/app/robot_ws/install/visualization_msgs/lib/libvisualization_msgs__rosidl_typesupport_microxrcedds_c.so
[9.082s] -- Up-to-date: /home/robot/app/robot_ws/install/visualization_msgs/include/visualization_msgs/visualization_msgs
[9.082s] -- Up-to-date: /home/robot/app/robot_ws/install/visualization_msgs/include/visualization_msgs/visualization_msgs/srv
[9.083s] -- Up-to-date: /home/robot/app/robot_ws/install/visualization_msgs/include/visualization_msgs/visualization_msgs/srv/detail
[9.083s] -- Up-to-date: /home/robot/app/robot_ws/install/visualization_msgs/include/visualization_msgs/visualization_msgs/srv/detail/get_interactive_markers__type_support.c
[9.083s] -- Up-to-date: /home/robot/app/robot_ws/install/visualization_msgs/include/visualization_msgs/visualization_msgs/srv/detail/get_interactive_markers__rosidl_typesupport_introspection_c.h
[9.083s] -- Up-to-date: /home/robot/app/robot_ws/install/visualization_msgs/include/visualization_msgs/visualization_msgs/msg
[9.083s] -- Up-to-date: /home/robot/app/robot_ws/install/visualization_msgs/include/visualization_msgs/visualization_msgs/msg/rosidl_typesupport_introspection_c__visibility_control.h
[9.084s] -- Up-to-date: /home/robot/app/robot_ws/install/visualization_msgs/include/visualization_msgs/visualization_msgs/msg/detail
[9.084s] -- Up-to-date: /home/robot/app/robot_ws/install/visualization_msgs/include/visualization_msgs/visualization_msgs/msg/detail/interactive_marker__rosidl_typesupport_introspection_c.h
[9.084s] -- Up-to-date: /home/robot/app/robot_ws/install/visualization_msgs/include/visualization_msgs/visualization_msgs/msg/detail/image_marker__rosidl_typesupport_introspection_c.h
[9.084s] -- Up-to-date: /home/robot/app/robot_ws/install/visualization_msgs/include/visualization_msgs/visualization_msgs/msg/detail/interactive_marker_pose__rosidl_typesupport_introspection_c.h
[9.084s] -- Up-to-date: /home/robot/app/robot_ws/install/visualization_msgs/include/visualization_msgs/visualization_msgs/msg/detail/interactive_marker_control__type_support.c
[9.085s] -- Up-to-date: /home/robot/app/robot_ws/install/visualization_msgs/include/visualization_msgs/visualization_msgs/msg/detail/marker_array__type_support.c
[9.085s] -- Up-to-date: /home/robot/app/robot_ws/install/visualization_msgs/include/visualization_msgs/visualization_msgs/msg/detail/interactive_marker_init__type_support.c
[9.085s] -- Up-to-date: /home/robot/app/robot_ws/install/visualization_msgs/include/visualization_msgs/visualization_msgs/msg/detail/menu_entry__rosidl_typesupport_introspection_c.h
[9.085s] -- Up-to-date: /home/robot/app/robot_ws/install/visualization_msgs/include/visualization_msgs/visualization_msgs/msg/detail/marker_array__rosidl_typesupport_introspection_c.h
[9.086s] -- Up-to-date: /home/robot/app/robot_ws/install/visualization_msgs/include/visualization_msgs/visualization_msgs/msg/detail/interactive_marker_update__rosidl_typesupport_introspection_c.h
[9.086s] -- Up-to-date: /home/robot/app/robot_ws/install/visualization_msgs/include/visualization_msgs/visualization_msgs/msg/detail/interactive_marker_feedback__type_support.c
[9.086s] -- Up-to-date: /home/robot/app/robot_ws/install/visualization_msgs/include/visualization_msgs/visualization_msgs/msg/detail/menu_entry__type_support.c
[9.086s] -- Up-to-date: /home/robot/app/robot_ws/install/visualization_msgs/include/visualization_msgs/visualization_msgs/msg/detail/interactive_marker_init__rosidl_typesupport_introspection_c.h
[9.086s] -- Up-to-date: /home/robot/app/robot_ws/install/visualization_msgs/include/visualization_msgs/visualization_msgs/msg/detail/interactive_marker_update__type_support.c
[9.087s] -- Up-to-date: /home/robot/app/robot_ws/install/visualization_msgs/include/visualization_msgs/visualization_msgs/msg/detail/interactive_marker_feedback__rosidl_typesupport_introspection_c.h
[9.087s] -- Up-to-date: /home/robot/app/robot_ws/install/visualization_msgs/include/visualization_msgs/visualization_msgs/msg/detail/interactive_marker__type_support.c
[9.087s] -- Up-to-date: /home/robot/app/robot_ws/install/visualization_msgs/include/visualization_msgs/visualization_msgs/msg/detail/mesh_file__type_support.c
[9.087s] -- Up-to-date: /home/robot/app/robot_ws/install/visualization_msgs/include/visualization_msgs/visualization_msgs/msg/detail/marker__rosidl_typesupport_introspection_c.h
[9.087s] -- Up-to-date: /home/robot/app/robot_ws/install/visualization_msgs/include/visualization_msgs/visualization_msgs/msg/detail/mesh_file__rosidl_typesupport_introspection_c.h
[9.088s] -- Up-to-date: /home/robot/app/robot_ws/install/visualization_msgs/include/visualization_msgs/visualization_msgs/msg/detail/uv_coordinate__type_support.c
[9.088s] -- Up-to-date: /home/robot/app/robot_ws/install/visualization_msgs/include/visualization_msgs/visualization_msgs/msg/detail/interactive_marker_control__rosidl_typesupport_introspection_c.h
[9.088s] -- Up-to-date: /home/robot/app/robot_ws/install/visualization_msgs/include/visualization_msgs/visualization_msgs/msg/detail/marker__type_support.c
[9.088s] -- Up-to-date: /home/robot/app/robot_ws/install/visualization_msgs/include/visualization_msgs/visualization_msgs/msg/detail/uv_coordinate__rosidl_typesupport_introspection_c.h
[9.088s] -- Up-to-date: /home/robot/app/robot_ws/install/visualization_msgs/include/visualization_msgs/visualization_msgs/msg/detail/interactive_marker_pose__type_support.c
[9.089s] -- Up-to-date: /home/robot/app/robot_ws/install/visualization_msgs/include/visualization_msgs/visualization_msgs/msg/detail/image_marker__type_support.c
[9.089s] -- Up-to-date: /home/robot/app/robot_ws/install/visualization_msgs/lib/libvisualization_msgs__rosidl_typesupport_introspection_c.so
[9.089s] -- Up-to-date: /home/robot/app/robot_ws/install/visualization_msgs/lib/libvisualization_msgs__rosidl_typesupport_c.so
[9.089s] -- Up-to-date: /home/robot/app/robot_ws/install/visualization_msgs/include/visualization_msgs
[9.089s] -- Up-to-date: /home/robot/app/robot_ws/install/visualization_msgs/include/visualization_msgs/srv
[9.090s] -- Up-to-date: /home/robot/app/robot_ws/install/visualization_msgs/include/visualization_msgs/srv/detail
[9.090s] -- Up-to-date: /home/robot/app/robot_ws/install/visualization_msgs/include/visualization_msgs/srv/detail/microxrcedds
[9.090s] -- Up-to-date: /home/robot/app/robot_ws/install/visualization_msgs/include/visualization_msgs/srv/detail/microxrcedds/get_interactive_markers__type_support_cpp.cpp
[9.090s] -- Up-to-date: /home/robot/app/robot_ws/install/visualization_msgs/include/visualization_msgs/srv/detail/get_interactive_markers__rosidl_typesupport_microxrcedds_cpp.hpp
[9.091s] -- Up-to-date: /home/robot/app/robot_ws/install/visualization_msgs/include/visualization_msgs/msg
[9.091s] -- Up-to-date: /home/robot/app/robot_ws/install/visualization_msgs/include/visualization_msgs/msg/detail
[9.091s] -- Up-to-date: /home/robot/app/robot_ws/install/visualization_msgs/include/visualization_msgs/msg/detail/marker__rosidl_typesupport_microxrcedds_cpp.hpp
[9.091s] -- Up-to-date: /home/robot/app/robot_ws/install/visualization_msgs/include/visualization_msgs/msg/detail/uv_coordinate__rosidl_typesupport_microxrcedds_cpp.hpp
[9.091s] -- Up-to-date: /home/robot/app/robot_ws/install/visualization_msgs/include/visualization_msgs/msg/detail/interactive_marker__rosidl_typesupport_microxrcedds_cpp.hpp
[9.092s] -- Up-to-date: /home/robot/app/robot_ws/install/visualization_msgs/include/visualization_msgs/msg/detail/interactive_marker_feedback__rosidl_typesupport_microxrcedds_cpp.hpp
[9.092s] -- Up-to-date: /home/robot/app/robot_ws/install/visualization_msgs/include/visualization_msgs/msg/detail/mesh_file__rosidl_typesupport_microxrcedds_cpp.hpp
[9.092s] -- Up-to-date: /home/robot/app/robot_ws/install/visualization_msgs/include/visualization_msgs/msg/detail/marker_array__rosidl_typesupport_microxrcedds_cpp.hpp
[9.092s] -- Up-to-date: /home/robot/app/robot_ws/install/visualization_msgs/include/visualization_msgs/msg/detail/interactive_marker_init__rosidl_typesupport_microxrcedds_cpp.hpp
[9.092s] -- Up-to-date: /home/robot/app/robot_ws/install/visualization_msgs/include/visualization_msgs/msg/detail/microxrcedds
[9.093s] -- Up-to-date: /home/robot/app/robot_ws/install/visualization_msgs/include/visualization_msgs/msg/detail/microxrcedds/uv_coordinate__type_support_cpp.cpp
[9.093s] -- Up-to-date: /home/robot/app/robot_ws/install/visualization_msgs/include/visualization_msgs/msg/detail/microxrcedds/image_marker__type_support_cpp.cpp
[9.093s] -- Up-to-date: /home/robot/app/robot_ws/install/visualization_msgs/include/visualization_msgs/msg/detail/microxrcedds/interactive_marker_feedback__type_support_cpp.cpp
[9.093s] -- Up-to-date: /home/robot/app/robot_ws/install/visualization_msgs/include/visualization_msgs/msg/detail/microxrcedds/interactive_marker_update__type_support_cpp.cpp
[9.093s] -- Up-to-date: /home/robot/app/robot_ws/install/visualization_msgs/include/visualization_msgs/msg/detail/microxrcedds/menu_entry__type_support_cpp.cpp
[9.094s] -- Up-to-date: /home/robot/app/robot_ws/install/visualization_msgs/include/visualization_msgs/msg/detail/microxrcedds/mesh_file__type_support_cpp.cpp
[9.094s] -- Up-to-date: /home/robot/app/robot_ws/install/visualization_msgs/include/visualization_msgs/msg/detail/microxrcedds/interactive_marker_init__type_support_cpp.cpp
[9.094s] -- Up-to-date: /home/robot/app/robot_ws/install/visualization_msgs/include/visualization_msgs/msg/detail/microxrcedds/interactive_marker__type_support_cpp.cpp
[9.094s] -- Up-to-date: /home/robot/app/robot_ws/install/visualization_msgs/include/visualization_msgs/msg/detail/microxrcedds/marker_array__type_support_cpp.cpp
[9.094s] -- Up-to-date: /home/robot/app/robot_ws/install/visualization_msgs/include/visualization_msgs/msg/detail/microxrcedds/interactive_marker_pose__type_support_cpp.cpp
[9.095s] -- Up-to-date: /home/robot/app/robot_ws/install/visualization_msgs/include/visualization_msgs/msg/detail/microxrcedds/interactive_marker_control__type_support_cpp.cpp
[9.095s] -- Up-to-date: /home/robot/app/robot_ws/install/visualization_msgs/include/visualization_msgs/msg/detail/microxrcedds/marker__type_support_cpp.cpp
[9.095s] -- Up-to-date: /home/robot/app/robot_ws/install/visualization_msgs/include/visualization_msgs/msg/detail/interactive_marker_control__rosidl_typesupport_microxrcedds_cpp.hpp
[9.095s] -- Up-to-date: /home/robot/app/robot_ws/install/visualization_msgs/include/visualization_msgs/msg/detail/interactive_marker_pose__rosidl_typesupport_microxrcedds_cpp.hpp
[9.095s] -- Up-to-date: /home/robot/app/robot_ws/install/visualization_msgs/include/visualization_msgs/msg/detail/menu_entry__rosidl_typesupport_microxrcedds_cpp.hpp
[9.096s] -- Up-to-date: /home/robot/app/robot_ws/install/visualization_msgs/include/visualization_msgs/msg/detail/image_marker__rosidl_typesupport_microxrcedds_cpp.hpp
[9.096s] -- Up-to-date: /home/robot/app/robot_ws/install/visualization_msgs/include/visualization_msgs/msg/detail/interactive_marker_update__rosidl_typesupport_microxrcedds_cpp.hpp
[9.096s] -- Up-to-date: /home/robot/app/robot_ws/install/visualization_msgs/include/visualization_msgs/msg/rosidl_typesupport_microxrcedds_cpp__visibility_control.h
[9.096s] -- Up-to-date: /home/robot/app/robot_ws/install/visualization_msgs/lib/libvisualization_msgs__rosidl_typesupport_microxrcedds_cpp.so
[9.096s] -- Up-to-date: /home/robot/app/robot_ws/install/visualization_msgs/include/visualization_msgs/visualization_msgs
[9.096s] -- Up-to-date: /home/robot/app/robot_ws/install/visualization_msgs/include/visualization_msgs/visualization_msgs/srv
[9.097s] -- Up-to-date: /home/robot/app/robot_ws/install/visualization_msgs/include/visualization_msgs/visualization_msgs/srv/detail
[9.097s] -- Up-to-date: /home/robot/app/robot_ws/install/visualization_msgs/include/visualization_msgs/visualization_msgs/srv/detail/get_interactive_markers__rosidl_typesupport_introspection_cpp.hpp
[9.097s] -- Up-to-date: /home/robot/app/robot_ws/install/visualization_msgs/include/visualization_msgs/visualization_msgs/srv/detail/get_interactive_markers__type_support.cpp
[9.097s] -- Up-to-date: /home/robot/app/robot_ws/install/visualization_msgs/include/visualization_msgs/visualization_msgs/msg
[9.098s] -- Up-to-date: /home/robot/app/robot_ws/install/visualization_msgs/include/visualization_msgs/visualization_msgs/msg/detail
[9.098s] -- Up-to-date: /home/robot/app/robot_ws/install/visualization_msgs/include/visualization_msgs/visualization_msgs/msg/detail/interactive_marker_control__type_support.cpp
[9.098s] -- Up-to-date: /home/robot/app/robot_ws/install/visualization_msgs/include/visualization_msgs/visualization_msgs/msg/detail/mesh_file__rosidl_typesupport_introspection_cpp.hpp
[9.098s] -- Up-to-date: /home/robot/app/robot_ws/install/visualization_msgs/include/visualization_msgs/visualization_msgs/msg/detail/mesh_file__type_support.cpp
[9.098s] -- Up-to-date: /home/robot/app/robot_ws/install/visualization_msgs/include/visualization_msgs/visualization_msgs/msg/detail/interactive_marker_feedback__rosidl_typesupport_introspection_cpp.hpp
[9.099s] -- Up-to-date: /home/robot/app/robot_ws/install/visualization_msgs/include/visualization_msgs/visualization_msgs/msg/detail/interactive_marker_feedback__type_support.cpp
[9.099s] -- Up-to-date: /home/robot/app/robot_ws/install/visualization_msgs/include/visualization_msgs/visualization_msgs/msg/detail/interactive_marker_pose__type_support.cpp
[9.099s] -- Up-to-date: /home/robot/app/robot_ws/install/visualization_msgs/include/visualization_msgs/visualization_msgs/msg/detail/interactive_marker_init__rosidl_typesupport_introspection_cpp.hpp
[9.099s] -- Up-to-date: /home/robot/app/robot_ws/install/visualization_msgs/include/visualization_msgs/visualization_msgs/msg/detail/interactive_marker_pose__rosidl_typesupport_introspection_cpp.hpp
[9.099s] -- Up-to-date: /home/robot/app/robot_ws/install/visualization_msgs/include/visualization_msgs/visualization_msgs/msg/detail/uv_coordinate__rosidl_typesupport_introspection_cpp.hpp
[9.100s] -- Up-to-date: /home/robot/app/robot_ws/install/visualization_msgs/include/visualization_msgs/visualization_msgs/msg/detail/image_marker__rosidl_typesupport_introspection_cpp.hpp
[9.100s] -- Up-to-date: /home/robot/app/robot_ws/install/visualization_msgs/include/visualization_msgs/visualization_msgs/msg/detail/menu_entry__type_support.cpp
[9.100s] -- Up-to-date: /home/robot/app/robot_ws/install/visualization_msgs/include/visualization_msgs/visualization_msgs/msg/detail/marker_array__type_support.cpp
[9.100s] -- Up-to-date: /home/robot/app/robot_ws/install/visualization_msgs/include/visualization_msgs/visualization_msgs/msg/detail/interactive_marker_update__rosidl_typesupport_introspection_cpp.hpp
[9.100s] -- Up-to-date: /home/robot/app/robot_ws/install/visualization_msgs/include/visualization_msgs/visualization_msgs/msg/detail/menu_entry__rosidl_typesupport_introspection_cpp.hpp
[9.101s] -- Up-to-date: /home/robot/app/robot_ws/install/visualization_msgs/include/visualization_msgs/visualization_msgs/msg/detail/interactive_marker_control__rosidl_typesupport_introspection_cpp.hpp
[9.101s] -- Up-to-date: /home/robot/app/robot_ws/install/visualization_msgs/include/visualization_msgs/visualization_msgs/msg/detail/interactive_marker_init__type_support.cpp
[9.101s] -- Up-to-date: /home/robot/app/robot_ws/install/visualization_msgs/include/visualization_msgs/visualization_msgs/msg/detail/image_marker__type_support.cpp
[9.101s] -- Up-to-date: /home/robot/app/robot_ws/install/visualization_msgs/include/visualization_msgs/visualization_msgs/msg/detail/interactive_marker__type_support.cpp
[9.101s] -- Up-to-date: /home/robot/app/robot_ws/install/visualization_msgs/include/visualization_msgs/visualization_msgs/msg/detail/marker__rosidl_typesupport_introspection_cpp.hpp
[9.102s] -- Up-to-date: /home/robot/app/robot_ws/install/visualization_msgs/include/visualization_msgs/visualization_msgs/msg/detail/interactive_marker_update__type_support.cpp
[9.102s] -- Up-to-date: /home/robot/app/robot_ws/install/visualization_msgs/include/visualization_msgs/visualization_msgs/msg/detail/marker__type_support.cpp
[9.102s] -- Up-to-date: /home/robot/app/robot_ws/install/visualization_msgs/include/visualization_msgs/visualization_msgs/msg/detail/uv_coordinate__type_support.cpp
[9.102s] -- Up-to-date: /home/robot/app/robot_ws/install/visualization_msgs/include/visualization_msgs/visualization_msgs/msg/detail/marker_array__rosidl_typesupport_introspection_cpp.hpp
[9.102s] -- Up-to-date: /home/robot/app/robot_ws/install/visualization_msgs/include/visualization_msgs/visualization_msgs/msg/detail/interactive_marker__rosidl_typesupport_introspection_cpp.hpp
[9.103s] -- Up-to-date: /home/robot/app/robot_ws/install/visualization_msgs/lib/libvisualization_msgs__rosidl_typesupport_introspection_cpp.so
[9.103s] -- Up-to-date: /home/robot/app/robot_ws/install/visualization_msgs/lib/libvisualization_msgs__rosidl_typesupport_cpp.so
[9.103s] -- Up-to-date: /home/robot/app/robot_ws/install/visualization_msgs/share/visualization_msgs/environment/pythonpath.sh
[9.103s] -- Installing: /home/robot/app/robot_ws/install/visualization_msgs/share/visualization_msgs/environment/pythonpath.dsv
[9.104s] -- Up-to-date: /home/robot/app/robot_ws/install/visualization_msgs/local/lib/python3.10/dist-packages/visualization_msgs-4.2.4-py3.10.egg-info
[9.104s] -- Installing: /home/robot/app/robot_ws/install/visualization_msgs/local/lib/python3.10/dist-packages/visualization_msgs-4.2.4-py3.10.egg-info/dependency_links.txt
[9.104s] -- Installing: /home/robot/app/robot_ws/install/visualization_msgs/local/lib/python3.10/dist-packages/visualization_msgs-4.2.4-py3.10.egg-info/PKG-INFO
[9.104s] -- Installing: /home/robot/app/robot_ws/install/visualization_msgs/local/lib/python3.10/dist-packages/visualization_msgs-4.2.4-py3.10.egg-info/SOURCES.txt
[9.104s] -- Installing: /home/robot/app/robot_ws/install/visualization_msgs/local/lib/python3.10/dist-packages/visualization_msgs-4.2.4-py3.10.egg-info/top_level.txt
[9.105s] -- Up-to-date: /home/robot/app/robot_ws/install/visualization_msgs/local/lib/python3.10/dist-packages/visualization_msgs
[9.105s] -- Installing: /home/robot/app/robot_ws/install/visualization_msgs/local/lib/python3.10/dist-packages/visualization_msgs/__init__.py
[9.105s] -- Up-to-date: /home/robot/app/robot_ws/install/visualization_msgs/local/lib/python3.10/dist-packages/visualization_msgs/visualization_msgs_s__rosidl_typesupport_microxrcedds_c.cpython-310-x86_64-linux-gnu.so
[9.105s] -- Up-to-date: /home/robot/app/robot_ws/install/visualization_msgs/local/lib/python3.10/dist-packages/visualization_msgs/srv
[9.105s] -- Up-to-date: /home/robot/app/robot_ws/install/visualization_msgs/local/lib/python3.10/dist-packages/visualization_msgs/srv/__init__.py
[9.106s] -- Up-to-date: /home/robot/app/robot_ws/install/visualization_msgs/local/lib/python3.10/dist-packages/visualization_msgs/srv/_get_interactive_markers.py
[9.106s] -- Up-to-date: /home/robot/app/robot_ws/install/visualization_msgs/local/lib/python3.10/dist-packages/visualization_msgs/srv/_get_interactive_markers_s.c
[9.106s] -- Up-to-date: /home/robot/app/robot_ws/install/visualization_msgs/local/lib/python3.10/dist-packages/visualization_msgs/visualization_msgs_s__rosidl_typesupport_fastrtps_c.cpython-310-x86_64-linux-gnu.so
[9.106s] -- Up-to-date: /home/robot/app/robot_ws/install/visualization_msgs/local/lib/python3.10/dist-packages/visualization_msgs/_visualization_msgs_s.ep.rosidl_typesupport_fastrtps_c.c
[9.106s] -- Up-to-date: /home/robot/app/robot_ws/install/visualization_msgs/local/lib/python3.10/dist-packages/visualization_msgs/visualization_msgs_s__rosidl_typesupport_introspection_c.cpython-310-x86_64-linux-gnu.so
[9.107s] -- Up-to-date: /home/robot/app/robot_ws/install/visualization_msgs/local/lib/python3.10/dist-packages/visualization_msgs/visualization_msgs_s__rosidl_typesupport_c.cpython-310-x86_64-linux-gnu.so
[9.107s] -- Up-to-date: /home/robot/app/robot_ws/install/visualization_msgs/local/lib/python3.10/dist-packages/visualization_msgs/_visualization_msgs_s.ep.rosidl_typesupport_introspection_c.c
[9.107s] -- Up-to-date: /home/robot/app/robot_ws/install/visualization_msgs/local/lib/python3.10/dist-packages/visualization_msgs/_visualization_msgs_s.ep.rosidl_typesupport_c.c
[9.107s] -- Up-to-date: /home/robot/app/robot_ws/install/visualization_msgs/local/lib/python3.10/dist-packages/visualization_msgs/_visualization_msgs_s.ep.rosidl_typesupport_microxrcedds_c.c
[9.107s] -- Up-to-date: /home/robot/app/robot_ws/install/visualization_msgs/local/lib/python3.10/dist-packages/visualization_msgs/msg
[9.108s] -- Up-to-date: /home/robot/app/robot_ws/install/visualization_msgs/local/lib/python3.10/dist-packages/visualization_msgs/msg/__init__.py
[9.108s] -- Up-to-date: /home/robot/app/robot_ws/install/visualization_msgs/local/lib/python3.10/dist-packages/visualization_msgs/msg/_image_marker.py
[9.108s] -- Up-to-date: /home/robot/app/robot_ws/install/visualization_msgs/local/lib/python3.10/dist-packages/visualization_msgs/msg/_interactive_marker_feedback.py
[9.108s] -- Up-to-date: /home/robot/app/robot_ws/install/visualization_msgs/local/lib/python3.10/dist-packages/visualization_msgs/msg/_uv_coordinate.py
[9.108s] -- Up-to-date: /home/robot/app/robot_ws/install/visualization_msgs/local/lib/python3.10/dist-packages/visualization_msgs/msg/_interactive_marker_s.c
[9.109s] -- Up-to-date: /home/robot/app/robot_ws/install/visualization_msgs/local/lib/python3.10/dist-packages/visualization_msgs/msg/_interactive_marker_control.py
[9.109s] -- Up-to-date: /home/robot/app/robot_ws/install/visualization_msgs/local/lib/python3.10/dist-packages/visualization_msgs/msg/_mesh_file_s.c
[9.109s] -- Up-to-date: /home/robot/app/robot_ws/install/visualization_msgs/local/lib/python3.10/dist-packages/visualization_msgs/msg/_interactive_marker_feedback_s.c
[9.109s] -- Up-to-date: /home/robot/app/robot_ws/install/visualization_msgs/local/lib/python3.10/dist-packages/visualization_msgs/msg/_interactive_marker_pose_s.c
[9.109s] -- Up-to-date: /home/robot/app/robot_ws/install/visualization_msgs/local/lib/python3.10/dist-packages/visualization_msgs/msg/_marker_array_s.c
[9.110s] -- Up-to-date: /home/robot/app/robot_ws/install/visualization_msgs/local/lib/python3.10/dist-packages/visualization_msgs/msg/_menu_entry_s.c
[9.110s] -- Up-to-date: /home/robot/app/robot_ws/install/visualization_msgs/local/lib/python3.10/dist-packages/visualization_msgs/msg/_interactive_marker.py
[9.110s] -- Up-to-date: /home/robot/app/robot_ws/install/visualization_msgs/local/lib/python3.10/dist-packages/visualization_msgs/msg/_image_marker_s.c
[9.110s] -- Up-to-date: /home/robot/app/robot_ws/install/visualization_msgs/local/lib/python3.10/dist-packages/visualization_msgs/msg/_interactive_marker_update_s.c
[9.110s] -- Up-to-date: /home/robot/app/robot_ws/install/visualization_msgs/local/lib/python3.10/dist-packages/visualization_msgs/msg/_interactive_marker_update.py
[9.111s] -- Up-to-date: /home/robot/app/robot_ws/install/visualization_msgs/local/lib/python3.10/dist-packages/visualization_msgs/msg/_menu_entry.py
[9.111s] -- Up-to-date: /home/robot/app/robot_ws/install/visualization_msgs/local/lib/python3.10/dist-packages/visualization_msgs/msg/_marker_s.c
[9.111s] -- Up-to-date: /home/robot/app/robot_ws/install/visualization_msgs/local/lib/python3.10/dist-packages/visualization_msgs/msg/_interactive_marker_control_s.c
[9.111s] -- Up-to-date: /home/robot/app/robot_ws/install/visualization_msgs/local/lib/python3.10/dist-packages/visualization_msgs/msg/_uv_coordinate_s.c
[9.112s] -- Up-to-date: /home/robot/app/robot_ws/install/visualization_msgs/local/lib/python3.10/dist-packages/visualization_msgs/msg/_interactive_marker_init_s.c
[9.112s] -- Up-to-date: /home/robot/app/robot_ws/install/visualization_msgs/local/lib/python3.10/dist-packages/visualization_msgs/msg/_mesh_file.py
[9.112s] -- Up-to-date: /home/robot/app/robot_ws/install/visualization_msgs/local/lib/python3.10/dist-packages/visualization_msgs/msg/_marker_array.py
[9.112s] -- Up-to-date: /home/robot/app/robot_ws/install/visualization_msgs/local/lib/python3.10/dist-packages/visualization_msgs/msg/_marker.py
[9.112s] -- Up-to-date: /home/robot/app/robot_ws/install/visualization_msgs/local/lib/python3.10/dist-packages/visualization_msgs/msg/_interactive_marker_init.py
[9.113s] -- Up-to-date: /home/robot/app/robot_ws/install/visualization_msgs/local/lib/python3.10/dist-packages/visualization_msgs/msg/_interactive_marker_pose.py
[9.113s] -- Up-to-date: /home/robot/app/robot_ws/install/visualization_msgs/local/lib/python3.10/dist-packages/visualization_msgs/libvisualization_msgs__rosidl_generator_py.so
[9.196s] Listing '/home/robot/app/robot_ws/install/visualization_msgs/local/lib/python3.10/dist-packages/visualization_msgs'...
[9.196s] Compiling '/home/robot/app/robot_ws/install/visualization_msgs/local/lib/python3.10/dist-packages/visualization_msgs/__init__.py'...
[9.196s] Listing '/home/robot/app/robot_ws/install/visualization_msgs/local/lib/python3.10/dist-packages/visualization_msgs/msg'...
[9.197s] Listing '/home/robot/app/robot_ws/install/visualization_msgs/local/lib/python3.10/dist-packages/visualization_msgs/srv'...
[9.206s] -- Up-to-date: /home/robot/app/robot_ws/install/visualization_msgs/local/lib/python3.10/dist-packages/visualization_msgs/visualization_msgs_s__rosidl_typesupport_microxrcedds_c.cpython-310-x86_64-linux-gnu.so
[9.207s] -- Up-to-date: /home/robot/app/robot_ws/install/visualization_msgs/local/lib/python3.10/dist-packages/visualization_msgs/visualization_msgs_s__rosidl_typesupport_fastrtps_c.cpython-310-x86_64-linux-gnu.so
[9.208s] -- Up-to-date: /home/robot/app/robot_ws/install/visualization_msgs/local/lib/python3.10/dist-packages/visualization_msgs/visualization_msgs_s__rosidl_typesupport_introspection_c.cpython-310-x86_64-linux-gnu.so
[9.209s] -- Up-to-date: /home/robot/app/robot_ws/install/visualization_msgs/local/lib/python3.10/dist-packages/visualization_msgs/visualization_msgs_s__rosidl_typesupport_c.cpython-310-x86_64-linux-gnu.so
[9.209s] -- Up-to-date: /home/robot/app/robot_ws/install/visualization_msgs/lib/libvisualization_msgs__rosidl_generator_py.so
[9.210s] -- Up-to-date: /home/robot/app/robot_ws/install/visualization_msgs/share/visualization_msgs/msg/ImageMarker.idl
[9.210s] -- Up-to-date: /home/robot/app/robot_ws/install/visualization_msgs/share/visualization_msgs/msg/InteractiveMarker.idl
[9.210s] -- Up-to-date: /home/robot/app/robot_ws/install/visualization_msgs/share/visualization_msgs/msg/InteractiveMarkerControl.idl
[9.211s] -- Up-to-date: /home/robot/app/robot_ws/install/visualization_msgs/share/visualization_msgs/msg/InteractiveMarkerFeedback.idl
[9.211s] -- Up-to-date: /home/robot/app/robot_ws/install/visualization_msgs/share/visualization_msgs/msg/InteractiveMarkerInit.idl
[9.211s] -- Up-to-date: /home/robot/app/robot_ws/install/visualization_msgs/share/visualization_msgs/msg/InteractiveMarkerPose.idl
[9.211s] -- Up-to-date: /home/robot/app/robot_ws/install/visualization_msgs/share/visualization_msgs/msg/InteractiveMarkerUpdate.idl
[9.212s] -- Up-to-date: /home/robot/app/robot_ws/install/visualization_msgs/share/visualization_msgs/msg/Marker.idl
[9.212s] -- Up-to-date: /home/robot/app/robot_ws/install/visualization_msgs/share/visualization_msgs/msg/MarkerArray.idl
[9.212s] -- Up-to-date: /home/robot/app/robot_ws/install/visualization_msgs/share/visualization_msgs/msg/MenuEntry.idl
[9.212s] -- Up-to-date: /home/robot/app/robot_ws/install/visualization_msgs/share/visualization_msgs/msg/MeshFile.idl
[9.213s] -- Up-to-date: /home/robot/app/robot_ws/install/visualization_msgs/share/visualization_msgs/msg/UVCoordinate.idl
[9.213s] -- Up-to-date: /home/robot/app/robot_ws/install/visualization_msgs/share/visualization_msgs/srv/GetInteractiveMarkers.idl
[9.213s] -- Up-to-date: /home/robot/app/robot_ws/install/visualization_msgs/share/visualization_msgs/msg/ImageMarker.msg
[9.214s] -- Up-to-date: /home/robot/app/robot_ws/install/visualization_msgs/share/visualization_msgs/msg/InteractiveMarker.msg
[9.214s] -- Up-to-date: /home/robot/app/robot_ws/install/visualization_msgs/share/visualization_msgs/msg/InteractiveMarkerControl.msg
[9.214s] -- Up-to-date: /home/robot/app/robot_ws/install/visualization_msgs/share/visualization_msgs/msg/InteractiveMarkerFeedback.msg
[9.214s] -- Up-to-date: /home/robot/app/robot_ws/install/visualization_msgs/share/visualization_msgs/msg/InteractiveMarkerInit.msg
[9.215s] -- Up-to-date: /home/robot/app/robot_ws/install/visualization_msgs/share/visualization_msgs/msg/InteractiveMarkerPose.msg
[9.215s] -- Up-to-date: /home/robot/app/robot_ws/install/visualization_msgs/share/visualization_msgs/msg/InteractiveMarkerUpdate.msg
[9.215s] -- Up-to-date: /home/robot/app/robot_ws/install/visualization_msgs/share/visualization_msgs/msg/Marker.msg
[9.215s] -- Up-to-date: /home/robot/app/robot_ws/install/visualization_msgs/share/visualization_msgs/msg/MarkerArray.msg
[9.216s] -- Up-to-date: /home/robot/app/robot_ws/install/visualization_msgs/share/visualization_msgs/msg/MenuEntry.msg
[9.216s] -- Up-to-date: /home/robot/app/robot_ws/install/visualization_msgs/share/visualization_msgs/msg/MeshFile.msg
[9.216s] -- Up-to-date: /home/robot/app/robot_ws/install/visualization_msgs/share/visualization_msgs/msg/UVCoordinate.msg
[9.216s] -- Up-to-date: /home/robot/app/robot_ws/install/visualization_msgs/share/visualization_msgs/srv/GetInteractiveMarkers.srv
[9.217s] -- Up-to-date: /home/robot/app/robot_ws/install/visualization_msgs/share/visualization_msgs/srv/GetInteractiveMarkers_Request.msg
[9.217s] -- Up-to-date: /home/robot/app/robot_ws/install/visualization_msgs/share/visualization_msgs/srv/GetInteractiveMarkers_Response.msg
[9.217s] -- Up-to-date: /home/robot/app/robot_ws/install/visualization_msgs/share/ament_index/resource_index/package_run_dependencies/visualization_msgs
[9.217s] -- Installing: /home/robot/app/robot_ws/install/visualization_msgs/share/ament_index/resource_index/parent_prefix_path/visualization_msgs
[9.218s] -- Up-to-date: /home/robot/app/robot_ws/install/visualization_msgs/share/visualization_msgs/environment/ament_prefix_path.sh
[9.218s] -- Installing: /home/robot/app/robot_ws/install/visualization_msgs/share/visualization_msgs/environment/ament_prefix_path.dsv
[9.218s] -- Up-to-date: /home/robot/app/robot_ws/install/visualization_msgs/share/visualization_msgs/environment/path.sh
[9.218s] -- Installing: /home/robot/app/robot_ws/install/visualization_msgs/share/visualization_msgs/environment/path.dsv
[9.219s] -- Up-to-date: /home/robot/app/robot_ws/install/visualization_msgs/share/visualization_msgs/local_setup.bash
[9.219s] -- Up-to-date: /home/robot/app/robot_ws/install/visualization_msgs/share/visualization_msgs/local_setup.sh
[9.219s] -- Up-to-date: /home/robot/app/robot_ws/install/visualization_msgs/share/visualization_msgs/local_setup.zsh
[9.219s] -- Installing: /home/robot/app/robot_ws/install/visualization_msgs/share/visualization_msgs/local_setup.dsv
[9.220s] -- Installing: /home/robot/app/robot_ws/install/visualization_msgs/share/visualization_msgs/package.dsv
[9.220s] -- Up-to-date: /home/robot/app/robot_ws/install/visualization_msgs/share/ament_index/resource_index/packages/visualization_msgs
[9.220s] -- Up-to-date: /home/robot/app/robot_ws/install/visualization_msgs/share/visualization_msgs/cmake/export_visualization_msgs__rosidl_generator_cExport.cmake
[9.220s] -- Up-to-date: /home/robot/app/robot_ws/install/visualization_msgs/share/visualization_msgs/cmake/export_visualization_msgs__rosidl_generator_cExport-noconfig.cmake
[9.220s] -- Up-to-date: /home/robot/app/robot_ws/install/visualization_msgs/share/visualization_msgs/cmake/export_visualization_msgs__rosidl_typesupport_fastrtps_cExport.cmake
[9.221s] -- Up-to-date: /home/robot/app/robot_ws/install/visualization_msgs/share/visualization_msgs/cmake/export_visualization_msgs__rosidl_typesupport_fastrtps_cExport-noconfig.cmake
[9.221s] -- Up-to-date: /home/robot/app/robot_ws/install/visualization_msgs/share/visualization_msgs/cmake/export_visualization_msgs__rosidl_generator_cppExport.cmake
[9.221s] -- Up-to-date: /home/robot/app/robot_ws/install/visualization_msgs/share/visualization_msgs/cmake/export_visualization_msgs__rosidl_typesupport_fastrtps_cppExport.cmake
[9.221s] -- Up-to-date: /home/robot/app/robot_ws/install/visualization_msgs/share/visualization_msgs/cmake/export_visualization_msgs__rosidl_typesupport_fastrtps_cppExport-noconfig.cmake
[9.222s] -- Up-to-date: /home/robot/app/robot_ws/install/visualization_msgs/share/visualization_msgs/cmake/visualization_msgs__rosidl_typesupport_introspection_cExport.cmake
[9.222s] -- Up-to-date: /home/robot/app/robot_ws/install/visualization_msgs/share/visualization_msgs/cmake/visualization_msgs__rosidl_typesupport_introspection_cExport-noconfig.cmake
[9.222s] -- Up-to-date: /home/robot/app/robot_ws/install/visualization_msgs/share/visualization_msgs/cmake/visualization_msgs__rosidl_typesupport_cExport.cmake
[9.222s] -- Up-to-date: /home/robot/app/robot_ws/install/visualization_msgs/share/visualization_msgs/cmake/visualization_msgs__rosidl_typesupport_cExport-noconfig.cmake
[9.223s] -- Up-to-date: /home/robot/app/robot_ws/install/visualization_msgs/share/visualization_msgs/cmake/visualization_msgs__rosidl_typesupport_introspection_cppExport.cmake
[9.223s] -- Up-to-date: /home/robot/app/robot_ws/install/visualization_msgs/share/visualization_msgs/cmake/visualization_msgs__rosidl_typesupport_introspection_cppExport-noconfig.cmake
[9.223s] -- Up-to-date: /home/robot/app/robot_ws/install/visualization_msgs/share/visualization_msgs/cmake/visualization_msgs__rosidl_typesupport_cppExport.cmake
[9.223s] -- Up-to-date: /home/robot/app/robot_ws/install/visualization_msgs/share/visualization_msgs/cmake/visualization_msgs__rosidl_typesupport_cppExport-noconfig.cmake
[9.224s] -- Up-to-date: /home/robot/app/robot_ws/install/visualization_msgs/share/visualization_msgs/cmake/export_visualization_msgs__rosidl_generator_pyExport.cmake
[9.224s] -- Up-to-date: /home/robot/app/robot_ws/install/visualization_msgs/share/visualization_msgs/cmake/export_visualization_msgs__rosidl_generator_pyExport-noconfig.cmake
[9.224s] -- Up-to-date: /home/robot/app/robot_ws/install/visualization_msgs/share/visualization_msgs/cmake/rosidl_cmake-extras.cmake
[9.224s] -- Up-to-date: /home/robot/app/robot_ws/install/visualization_msgs/share/visualization_msgs/cmake/ament_cmake_export_dependencies-extras.cmake
[9.225s] -- Up-to-date: /home/robot/app/robot_ws/install/visualization_msgs/share/visualization_msgs/cmake/ament_cmake_export_include_directories-extras.cmake
[9.225s] -- Up-to-date: /home/robot/app/robot_ws/install/visualization_msgs/share/visualization_msgs/cmake/ament_cmake_export_libraries-extras.cmake
[9.225s] -- Up-to-date: /home/robot/app/robot_ws/install/visualization_msgs/share/visualization_msgs/cmake/ament_cmake_export_targets-extras.cmake
[9.225s] -- Up-to-date: /home/robot/app/robot_ws/install/visualization_msgs/share/visualization_msgs/cmake/rosidl_cmake_export_typesupport_targets-extras.cmake
[9.226s] -- Up-to-date: /home/robot/app/robot_ws/install/visualization_msgs/share/visualization_msgs/cmake/rosidl_cmake_export_typesupport_libraries-extras.cmake
[9.226s] -- Up-to-date: /home/robot/app/robot_ws/install/visualization_msgs/share/visualization_msgs/cmake/visualization_msgsConfig.cmake
[9.226s] -- Up-to-date: /home/robot/app/robot_ws/install/visualization_msgs/share/visualization_msgs/cmake/visualization_msgsConfig-version.cmake
[9.226s] -- Up-to-date: /home/robot/app/robot_ws/install/visualization_msgs/share/visualization_msgs/package.xml
[9.231s] Invoked command in '/home/robot/app/robot_ws/build/visualization_msgs' returned '0': CMAKE_PREFIX_PATH=/home/robot/app/robot_ws/install/sensor_msgs:/home/robot/app/robot_ws/install/geometry_msgs:/home/robot/app/robot_ws/install/std_msgs:/home/robot/app/robot_ws/install/builtin_interfaces:/home/robot/app/robot_ws/firmware/dev_ws/install/my_custom_message:/home/robot/app/robot_ws/install/micro_ros_demos_rclc:/home/robot/app/robot_ws/install/common_interfaces:/home/robot/app/robot_ws/install/visualization_msgs:/home/robot/app/robot_ws/install/test_msgs:/home/robot/app/robot_ws/install/example_interfaces:/home/robot/app/robot_ws/install/action_msgs:/home/robot/app/robot_ws/install/unique_identifier_msgs:/home/robot/app/robot_ws/install/trajectory_msgs:/home/robot/app/robot_ws/install/stereo_msgs:/home/robot/app/robot_ws/install/std_srvs:/home/robot/app/robot_ws/install/shape_msgs:/home/robot/app/robot_ws/install/nav_msgs:/home/robot/app/robot_ws/install/diagnostic_msgs:/home/robot/app/robot_ws/install/actionlib_msgs:/home/robot/app/robot_ws/install/statistics_msgs:/home/robot/app/robot_ws/install/rosidl_typesupport_microxrcedds_test_msg:/home/robot/app/robot_ws/install/rosidl_typesupport_microxrcedds_cpp_tests:/home/robot/app/robot_ws/install/rmw_microxrcedds:/home/robot/app/robot_ws/install/rosidl_typesupport_microxrcedds_cpp:/home/robot/app/robot_ws/install/rosidl_typesupport_microxrcedds_c_tests:/home/robot/app/robot_ws/install/rosidl_typesupport_microxrcedds_c:/home/robot/app/robot_ws/install/rosgraph_msgs:/home/robot/app/robot_ws/install/rclc_parameter:/home/robot/app/robot_ws/install/rclc:/home/robot/app/robot_ws/install/composition_interfaces:/home/robot/app/robot_ws/install/rcl_interfaces:/home/robot/app/robot_ws/install/microxrcedds_client:/home/robot/app/robot_ws/install/microcdr:/home/robot/app/robot_ws/install/micro_ros_utilities:/home/robot/app/robot_ws/install/micro_ros_setup:/home/robot/app/robot_ws/install/micro_ros_agent:/home/robot/app/robot_ws/install/micro_ros_msgs:/home/robot/app/robot_ws/install/lifecycle_msgs:/home/robot/app/robot_ws/install/complex_msgs:/home/robot/app/robot_ws/install/sensor_msgs_py:/opt/ros/humble LD_LIBRARY_PATH=/home/robot/app/robot_ws/install/sensor_msgs/lib:/home/robot/app/robot_ws/install/geometry_msgs/lib:/home/robot/app/robot_ws/install/std_msgs/lib:/home/robot/app/robot_ws/install/builtin_interfaces/lib:/home/robot/app/robot_ws/firmware/dev_ws/install/my_custom_message/lib:/home/robot/app/robot_ws/install/visualization_msgs/lib:/home/robot/app/robot_ws/install/test_msgs/lib:/home/robot/app/robot_ws/install/example_interfaces/lib:/home/robot/app/robot_ws/install/action_msgs/lib:/home/robot/app/robot_ws/install/unique_identifier_msgs/lib:/home/robot/app/robot_ws/install/trajectory_msgs/lib:/home/robot/app/robot_ws/install/stereo_msgs/lib:/home/robot/app/robot_ws/install/std_srvs/lib:/home/robot/app/robot_ws/install/shape_msgs/lib:/home/robot/app/robot_ws/install/nav_msgs/lib:/home/robot/app/robot_ws/install/diagnostic_msgs/lib:/home/robot/app/robot_ws/install/actionlib_msgs/lib:/home/robot/app/robot_ws/install/statistics_msgs/lib:/home/robot/app/robot_ws/install/rmw_microxrcedds/lib:/home/robot/app/robot_ws/install/rosidl_typesupport_microxrcedds_cpp/lib:/home/robot/app/robot_ws/install/rosidl_typesupport_microxrcedds_c/lib:/home/robot/app/robot_ws/install/rosgraph_msgs/lib:/home/robot/app/robot_ws/install/rclc_parameter/lib:/home/robot/app/robot_ws/install/rclc/lib:/home/robot/app/robot_ws/install/composition_interfaces/lib:/home/robot/app/robot_ws/install/rcl_interfaces/lib:/home/robot/app/robot_ws/install/microxrcedds_client/lib:/home/robot/app/robot_ws/install/microcdr/lib:/home/robot/app/robot_ws/install/micro_ros_utilities/lib:/home/robot/app/robot_ws/install/micro_ros_agent/lib:/home/robot/app/robot_ws/install/micro_ros_msgs/lib:/home/robot/app/robot_ws/install/lifecycle_msgs/lib:/home/robot/app/robot_ws/install/complex_msgs/lib:/opt/ros/humble/opt/rviz_ogre_vendor/lib:/opt/ros/humble/lib/x86_64-linux-gnu:/opt/ros/humble/lib /usr/bin/cmake --install /home/robot/app/robot_ws/build/visualization_msgs
