[0.077s] Invoking command in '/home/robot/app/robot_ws/build/shape_msgs': CMAKE_PREFIX_PATH=/home/robot/app/robot_ws/install/geometry_msgs:/home/robot/app/robot_ws/install/std_msgs:/home/robot/app/robot_ws/install/builtin_interfaces:/home/robot/app/robot_ws/firmware/dev_ws/install/my_custom_message:/home/robot/app/robot_ws/install/micro_ros_demos_rclc:/home/robot/app/robot_ws/install/common_interfaces:/home/robot/app/robot_ws/install/visualization_msgs:/home/robot/app/robot_ws/install/test_msgs:/home/robot/app/robot_ws/install/example_interfaces:/home/robot/app/robot_ws/install/action_msgs:/home/robot/app/robot_ws/install/unique_identifier_msgs:/home/robot/app/robot_ws/install/trajectory_msgs:/home/robot/app/robot_ws/install/stereo_msgs:/home/robot/app/robot_ws/install/std_srvs:/home/robot/app/robot_ws/install/shape_msgs:/home/robot/app/robot_ws/install/sensor_msgs:/home/robot/app/robot_ws/install/nav_msgs:/home/robot/app/robot_ws/install/diagnostic_msgs:/home/robot/app/robot_ws/install/actionlib_msgs:/home/robot/app/robot_ws/install/statistics_msgs:/home/robot/app/robot_ws/install/rosidl_typesupport_microxrcedds_test_msg:/home/robot/app/robot_ws/install/rosidl_typesupport_microxrcedds_cpp_tests:/home/robot/app/robot_ws/install/rmw_microxrcedds:/home/robot/app/robot_ws/install/rosidl_typesupport_microxrcedds_cpp:/home/robot/app/robot_ws/install/rosidl_typesupport_microxrcedds_c_tests:/home/robot/app/robot_ws/install/rosidl_typesupport_microxrcedds_c:/home/robot/app/robot_ws/install/rosgraph_msgs:/home/robot/app/robot_ws/install/rclc_parameter:/home/robot/app/robot_ws/install/rclc:/home/robot/app/robot_ws/install/composition_interfaces:/home/robot/app/robot_ws/install/rcl_interfaces:/home/robot/app/robot_ws/install/microxrcedds_client:/home/robot/app/robot_ws/install/microcdr:/home/robot/app/robot_ws/install/micro_ros_utilities:/home/robot/app/robot_ws/install/micro_ros_setup:/home/robot/app/robot_ws/install/micro_ros_agent:/home/robot/app/robot_ws/install/micro_ros_msgs:/home/robot/app/robot_ws/install/lifecycle_msgs:/home/robot/app/robot_ws/install/complex_msgs:/home/robot/app/robot_ws/install/sensor_msgs_py:/opt/ros/humble LD_LIBRARY_PATH=/home/robot/app/robot_ws/install/geometry_msgs/lib:/home/robot/app/robot_ws/install/std_msgs/lib:/home/robot/app/robot_ws/install/builtin_interfaces/lib:/home/robot/app/robot_ws/firmware/dev_ws/install/my_custom_message/lib:/home/robot/app/robot_ws/install/visualization_msgs/lib:/home/robot/app/robot_ws/install/test_msgs/lib:/home/robot/app/robot_ws/install/example_interfaces/lib:/home/robot/app/robot_ws/install/action_msgs/lib:/home/robot/app/robot_ws/install/unique_identifier_msgs/lib:/home/robot/app/robot_ws/install/trajectory_msgs/lib:/home/robot/app/robot_ws/install/stereo_msgs/lib:/home/robot/app/robot_ws/install/std_srvs/lib:/home/robot/app/robot_ws/install/shape_msgs/lib:/home/robot/app/robot_ws/install/sensor_msgs/lib:/home/robot/app/robot_ws/install/nav_msgs/lib:/home/robot/app/robot_ws/install/diagnostic_msgs/lib:/home/robot/app/robot_ws/install/actionlib_msgs/lib:/home/robot/app/robot_ws/install/statistics_msgs/lib:/home/robot/app/robot_ws/install/rmw_microxrcedds/lib:/home/robot/app/robot_ws/install/rosidl_typesupport_microxrcedds_cpp/lib:/home/robot/app/robot_ws/install/rosidl_typesupport_microxrcedds_c/lib:/home/robot/app/robot_ws/install/rosgraph_msgs/lib:/home/robot/app/robot_ws/install/rclc_parameter/lib:/home/robot/app/robot_ws/install/rclc/lib:/home/robot/app/robot_ws/install/composition_interfaces/lib:/home/robot/app/robot_ws/install/rcl_interfaces/lib:/home/robot/app/robot_ws/install/microxrcedds_client/lib:/home/robot/app/robot_ws/install/microcdr/lib:/home/robot/app/robot_ws/install/micro_ros_utilities/lib:/home/robot/app/robot_ws/install/micro_ros_agent/lib:/home/robot/app/robot_ws/install/micro_ros_msgs/lib:/home/robot/app/robot_ws/install/lifecycle_msgs/lib:/home/robot/app/robot_ws/install/complex_msgs/lib:/opt/ros/humble/opt/rviz_ogre_vendor/lib:/opt/ros/humble/lib/x86_64-linux-gnu:/opt/ros/humble/lib /usr/bin/cmake --build /home/robot/app/robot_ws/build/shape_msgs -- -j8 -l8
[0.268s] [  1%] Built target shape_msgs__cpp
[0.409s] [  1%] Built target ament_cmake_python_copy_shape_msgs
[0.501s] [ 10%] Built target shape_msgs__rosidl_typesupport_introspection_cpp
[1.345s] running egg_info
[1.351s] writing shape_msgs.egg-info/PKG-INFO
[1.351s] writing dependency_links to shape_msgs.egg-info/dependency_links.txt
[1.351s] writing top-level names to shape_msgs.egg-info/top_level.txt
[1.362s] reading manifest file 'shape_msgs.egg-info/SOURCES.txt'
[1.363s] writing manifest file 'shape_msgs.egg-info/SOURCES.txt'
[1.453s] [ 10%] Built target ament_cmake_python_build_shape_msgs_egg
[1.502s] [35m[1mConsolidate compiler generated dependencies of target shape_msgs__rosidl_typesupport_microxrcedds_cpp[0m
[1.556s] [ 18%] Built target shape_msgs__rosidl_typesupport_microxrcedds_cpp
[1.647s] [ 27%] Built target shape_msgs__rosidl_typesupport_fastrtps_cpp
[1.731s] [ 36%] Built target shape_msgs__rosidl_typesupport_cpp
[1.810s] [ 44%] Built target shape_msgs__rosidl_generator_c
[1.905s] [ 53%] Built target shape_msgs__rosidl_typesupport_fastrtps_c
[1.990s] [ 62%] Built target shape_msgs__rosidl_typesupport_c
[2.072s] [ 71%] Built target shape_msgs__rosidl_typesupport_introspection_c
[2.127s] [35m[1mConsolidate compiler generated dependencies of target shape_msgs__rosidl_typesupport_microxrcedds_c[0m
[2.173s] [ 79%] Built target shape_msgs__rosidl_typesupport_microxrcedds_c
[2.255s] [ 79%] Built target shape_msgs
[2.344s] [ 81%] Built target shape_msgs__py
[2.443s] [ 88%] Built target shape_msgs__rosidl_generator_py
[2.552s] [ 91%] Built target shape_msgs__rosidl_typesupport_microxrcedds_c__pyext
[2.636s] [ 94%] Built target shape_msgs__rosidl_typesupport_c__pyext
[2.734s] [ 97%] Built target shape_msgs__rosidl_typesupport_introspection_c__pyext
[2.847s] [100%] Built target shape_msgs__rosidl_typesupport_fastrtps_c__pyext
[2.891s] Invoked command in '/home/robot/app/robot_ws/build/shape_msgs' returned '0': CMAKE_PREFIX_PATH=/home/robot/app/robot_ws/install/geometry_msgs:/home/robot/app/robot_ws/install/std_msgs:/home/robot/app/robot_ws/install/builtin_interfaces:/home/robot/app/robot_ws/firmware/dev_ws/install/my_custom_message:/home/robot/app/robot_ws/install/micro_ros_demos_rclc:/home/robot/app/robot_ws/install/common_interfaces:/home/robot/app/robot_ws/install/visualization_msgs:/home/robot/app/robot_ws/install/test_msgs:/home/robot/app/robot_ws/install/example_interfaces:/home/robot/app/robot_ws/install/action_msgs:/home/robot/app/robot_ws/install/unique_identifier_msgs:/home/robot/app/robot_ws/install/trajectory_msgs:/home/robot/app/robot_ws/install/stereo_msgs:/home/robot/app/robot_ws/install/std_srvs:/home/robot/app/robot_ws/install/shape_msgs:/home/robot/app/robot_ws/install/sensor_msgs:/home/robot/app/robot_ws/install/nav_msgs:/home/robot/app/robot_ws/install/diagnostic_msgs:/home/robot/app/robot_ws/install/actionlib_msgs:/home/robot/app/robot_ws/install/statistics_msgs:/home/robot/app/robot_ws/install/rosidl_typesupport_microxrcedds_test_msg:/home/robot/app/robot_ws/install/rosidl_typesupport_microxrcedds_cpp_tests:/home/robot/app/robot_ws/install/rmw_microxrcedds:/home/robot/app/robot_ws/install/rosidl_typesupport_microxrcedds_cpp:/home/robot/app/robot_ws/install/rosidl_typesupport_microxrcedds_c_tests:/home/robot/app/robot_ws/install/rosidl_typesupport_microxrcedds_c:/home/robot/app/robot_ws/install/rosgraph_msgs:/home/robot/app/robot_ws/install/rclc_parameter:/home/robot/app/robot_ws/install/rclc:/home/robot/app/robot_ws/install/composition_interfaces:/home/robot/app/robot_ws/install/rcl_interfaces:/home/robot/app/robot_ws/install/microxrcedds_client:/home/robot/app/robot_ws/install/microcdr:/home/robot/app/robot_ws/install/micro_ros_utilities:/home/robot/app/robot_ws/install/micro_ros_setup:/home/robot/app/robot_ws/install/micro_ros_agent:/home/robot/app/robot_ws/install/micro_ros_msgs:/home/robot/app/robot_ws/install/lifecycle_msgs:/home/robot/app/robot_ws/install/complex_msgs:/home/robot/app/robot_ws/install/sensor_msgs_py:/opt/ros/humble LD_LIBRARY_PATH=/home/robot/app/robot_ws/install/geometry_msgs/lib:/home/robot/app/robot_ws/install/std_msgs/lib:/home/robot/app/robot_ws/install/builtin_interfaces/lib:/home/robot/app/robot_ws/firmware/dev_ws/install/my_custom_message/lib:/home/robot/app/robot_ws/install/visualization_msgs/lib:/home/robot/app/robot_ws/install/test_msgs/lib:/home/robot/app/robot_ws/install/example_interfaces/lib:/home/robot/app/robot_ws/install/action_msgs/lib:/home/robot/app/robot_ws/install/unique_identifier_msgs/lib:/home/robot/app/robot_ws/install/trajectory_msgs/lib:/home/robot/app/robot_ws/install/stereo_msgs/lib:/home/robot/app/robot_ws/install/std_srvs/lib:/home/robot/app/robot_ws/install/shape_msgs/lib:/home/robot/app/robot_ws/install/sensor_msgs/lib:/home/robot/app/robot_ws/install/nav_msgs/lib:/home/robot/app/robot_ws/install/diagnostic_msgs/lib:/home/robot/app/robot_ws/install/actionlib_msgs/lib:/home/robot/app/robot_ws/install/statistics_msgs/lib:/home/robot/app/robot_ws/install/rmw_microxrcedds/lib:/home/robot/app/robot_ws/install/rosidl_typesupport_microxrcedds_cpp/lib:/home/robot/app/robot_ws/install/rosidl_typesupport_microxrcedds_c/lib:/home/robot/app/robot_ws/install/rosgraph_msgs/lib:/home/robot/app/robot_ws/install/rclc_parameter/lib:/home/robot/app/robot_ws/install/rclc/lib:/home/robot/app/robot_ws/install/composition_interfaces/lib:/home/robot/app/robot_ws/install/rcl_interfaces/lib:/home/robot/app/robot_ws/install/microxrcedds_client/lib:/home/robot/app/robot_ws/install/microcdr/lib:/home/robot/app/robot_ws/install/micro_ros_utilities/lib:/home/robot/app/robot_ws/install/micro_ros_agent/lib:/home/robot/app/robot_ws/install/micro_ros_msgs/lib:/home/robot/app/robot_ws/install/lifecycle_msgs/lib:/home/robot/app/robot_ws/install/complex_msgs/lib:/opt/ros/humble/opt/rviz_ogre_vendor/lib:/opt/ros/humble/lib/x86_64-linux-gnu:/opt/ros/humble/lib /usr/bin/cmake --build /home/robot/app/robot_ws/build/shape_msgs -- -j8 -l8
[3.751s] Invoking command in '/home/robot/app/robot_ws/build/shape_msgs': CMAKE_PREFIX_PATH=/home/robot/app/robot_ws/install/geometry_msgs:/home/robot/app/robot_ws/install/std_msgs:/home/robot/app/robot_ws/install/builtin_interfaces:/home/robot/app/robot_ws/firmware/dev_ws/install/my_custom_message:/home/robot/app/robot_ws/install/micro_ros_demos_rclc:/home/robot/app/robot_ws/install/common_interfaces:/home/robot/app/robot_ws/install/visualization_msgs:/home/robot/app/robot_ws/install/test_msgs:/home/robot/app/robot_ws/install/example_interfaces:/home/robot/app/robot_ws/install/action_msgs:/home/robot/app/robot_ws/install/unique_identifier_msgs:/home/robot/app/robot_ws/install/trajectory_msgs:/home/robot/app/robot_ws/install/stereo_msgs:/home/robot/app/robot_ws/install/std_srvs:/home/robot/app/robot_ws/install/shape_msgs:/home/robot/app/robot_ws/install/sensor_msgs:/home/robot/app/robot_ws/install/nav_msgs:/home/robot/app/robot_ws/install/diagnostic_msgs:/home/robot/app/robot_ws/install/actionlib_msgs:/home/robot/app/robot_ws/install/statistics_msgs:/home/robot/app/robot_ws/install/rosidl_typesupport_microxrcedds_test_msg:/home/robot/app/robot_ws/install/rosidl_typesupport_microxrcedds_cpp_tests:/home/robot/app/robot_ws/install/rmw_microxrcedds:/home/robot/app/robot_ws/install/rosidl_typesupport_microxrcedds_cpp:/home/robot/app/robot_ws/install/rosidl_typesupport_microxrcedds_c_tests:/home/robot/app/robot_ws/install/rosidl_typesupport_microxrcedds_c:/home/robot/app/robot_ws/install/rosgraph_msgs:/home/robot/app/robot_ws/install/rclc_parameter:/home/robot/app/robot_ws/install/rclc:/home/robot/app/robot_ws/install/composition_interfaces:/home/robot/app/robot_ws/install/rcl_interfaces:/home/robot/app/robot_ws/install/microxrcedds_client:/home/robot/app/robot_ws/install/microcdr:/home/robot/app/robot_ws/install/micro_ros_utilities:/home/robot/app/robot_ws/install/micro_ros_setup:/home/robot/app/robot_ws/install/micro_ros_agent:/home/robot/app/robot_ws/install/micro_ros_msgs:/home/robot/app/robot_ws/install/lifecycle_msgs:/home/robot/app/robot_ws/install/complex_msgs:/home/robot/app/robot_ws/install/sensor_msgs_py:/opt/ros/humble LD_LIBRARY_PATH=/home/robot/app/robot_ws/install/geometry_msgs/lib:/home/robot/app/robot_ws/install/std_msgs/lib:/home/robot/app/robot_ws/install/builtin_interfaces/lib:/home/robot/app/robot_ws/firmware/dev_ws/install/my_custom_message/lib:/home/robot/app/robot_ws/install/visualization_msgs/lib:/home/robot/app/robot_ws/install/test_msgs/lib:/home/robot/app/robot_ws/install/example_interfaces/lib:/home/robot/app/robot_ws/install/action_msgs/lib:/home/robot/app/robot_ws/install/unique_identifier_msgs/lib:/home/robot/app/robot_ws/install/trajectory_msgs/lib:/home/robot/app/robot_ws/install/stereo_msgs/lib:/home/robot/app/robot_ws/install/std_srvs/lib:/home/robot/app/robot_ws/install/shape_msgs/lib:/home/robot/app/robot_ws/install/sensor_msgs/lib:/home/robot/app/robot_ws/install/nav_msgs/lib:/home/robot/app/robot_ws/install/diagnostic_msgs/lib:/home/robot/app/robot_ws/install/actionlib_msgs/lib:/home/robot/app/robot_ws/install/statistics_msgs/lib:/home/robot/app/robot_ws/install/rmw_microxrcedds/lib:/home/robot/app/robot_ws/install/rosidl_typesupport_microxrcedds_cpp/lib:/home/robot/app/robot_ws/install/rosidl_typesupport_microxrcedds_c/lib:/home/robot/app/robot_ws/install/rosgraph_msgs/lib:/home/robot/app/robot_ws/install/rclc_parameter/lib:/home/robot/app/robot_ws/install/rclc/lib:/home/robot/app/robot_ws/install/composition_interfaces/lib:/home/robot/app/robot_ws/install/rcl_interfaces/lib:/home/robot/app/robot_ws/install/microxrcedds_client/lib:/home/robot/app/robot_ws/install/microcdr/lib:/home/robot/app/robot_ws/install/micro_ros_utilities/lib:/home/robot/app/robot_ws/install/micro_ros_agent/lib:/home/robot/app/robot_ws/install/micro_ros_msgs/lib:/home/robot/app/robot_ws/install/lifecycle_msgs/lib:/home/robot/app/robot_ws/install/complex_msgs/lib:/opt/ros/humble/opt/rviz_ogre_vendor/lib:/opt/ros/humble/lib/x86_64-linux-gnu:/opt/ros/humble/lib /usr/bin/cmake --install /home/robot/app/robot_ws/build/shape_msgs
[3.769s] -- Install configuration: ""
[3.770s] -- Up-to-date: /home/robot/app/robot_ws/install/shape_msgs/share/ament_index/resource_index/rosidl_interfaces/shape_msgs
[3.775s] -- Up-to-date: /home/robot/app/robot_ws/install/shape_msgs/include/shape_msgs/shape_msgs
[3.775s] -- Up-to-date: /home/robot/app/robot_ws/install/shape_msgs/include/shape_msgs/shape_msgs/msg
[3.775s] -- Up-to-date: /home/robot/app/robot_ws/install/shape_msgs/include/shape_msgs/shape_msgs/msg/mesh_triangle.h
[3.776s] -- Up-to-date: /home/robot/app/robot_ws/install/shape_msgs/include/shape_msgs/shape_msgs/msg/mesh.h
[3.776s] -- Up-to-date: /home/robot/app/robot_ws/install/shape_msgs/include/shape_msgs/shape_msgs/msg/detail
[3.776s] -- Up-to-date: /home/robot/app/robot_ws/install/shape_msgs/include/shape_msgs/shape_msgs/msg/detail/solid_primitive__type_support.h
[3.777s] -- Up-to-date: /home/robot/app/robot_ws/install/shape_msgs/include/shape_msgs/shape_msgs/msg/detail/plane__struct.h
[3.778s] -- Up-to-date: /home/robot/app/robot_ws/install/shape_msgs/include/shape_msgs/shape_msgs/msg/detail/mesh__functions.h
[3.778s] -- Up-to-date: /home/robot/app/robot_ws/install/shape_msgs/include/shape_msgs/shape_msgs/msg/detail/plane__type_support.h
[3.779s] -- Up-to-date: /home/robot/app/robot_ws/install/shape_msgs/include/shape_msgs/shape_msgs/msg/detail/mesh__struct.h
[3.779s] -- Up-to-date: /home/robot/app/robot_ws/install/shape_msgs/include/shape_msgs/shape_msgs/msg/detail/plane__functions.h
[3.779s] -- Up-to-date: /home/robot/app/robot_ws/install/shape_msgs/include/shape_msgs/shape_msgs/msg/detail/mesh_triangle__functions.h
[3.779s] -- Up-to-date: /home/robot/app/robot_ws/install/shape_msgs/include/shape_msgs/shape_msgs/msg/detail/mesh_triangle__struct.h
[3.780s] -- Up-to-date: /home/robot/app/robot_ws/install/shape_msgs/include/shape_msgs/shape_msgs/msg/detail/mesh__functions.c
[3.780s] -- Up-to-date: /home/robot/app/robot_ws/install/shape_msgs/include/shape_msgs/shape_msgs/msg/detail/plane__functions.c
[3.780s] -- Up-to-date: /home/robot/app/robot_ws/install/shape_msgs/include/shape_msgs/shape_msgs/msg/detail/solid_primitive__struct.h
[3.781s] -- Up-to-date: /home/robot/app/robot_ws/install/shape_msgs/include/shape_msgs/shape_msgs/msg/detail/mesh_triangle__type_support.h
[3.781s] -- Up-to-date: /home/robot/app/robot_ws/install/shape_msgs/include/shape_msgs/shape_msgs/msg/detail/mesh__type_support.h
[3.781s] -- Up-to-date: /home/robot/app/robot_ws/install/shape_msgs/include/shape_msgs/shape_msgs/msg/detail/solid_primitive__functions.c
[3.781s] -- Up-to-date: /home/robot/app/robot_ws/install/shape_msgs/include/shape_msgs/shape_msgs/msg/detail/solid_primitive__functions.h
[3.781s] -- Up-to-date: /home/robot/app/robot_ws/install/shape_msgs/include/shape_msgs/shape_msgs/msg/detail/mesh_triangle__functions.c
[3.782s] -- Up-to-date: /home/robot/app/robot_ws/install/shape_msgs/include/shape_msgs/shape_msgs/msg/plane.h
[3.782s] -- Up-to-date: /home/robot/app/robot_ws/install/shape_msgs/include/shape_msgs/shape_msgs/msg/solid_primitive.h
[3.782s] -- Up-to-date: /home/robot/app/robot_ws/install/shape_msgs/include/shape_msgs/shape_msgs/msg/rosidl_generator_c__visibility_control.h
[3.783s] -- Up-to-date: /home/robot/app/robot_ws/install/shape_msgs/share/shape_msgs/environment/library_path.sh
[3.783s] -- Up-to-date: /home/robot/app/robot_ws/install/shape_msgs/share/shape_msgs/environment/library_path.dsv
[3.783s] -- Up-to-date: /home/robot/app/robot_ws/install/shape_msgs/lib/libshape_msgs__rosidl_generator_c.so
[3.784s] -- Up-to-date: /home/robot/app/robot_ws/install/shape_msgs/include/shape_msgs/shape_msgs
[3.784s] -- Up-to-date: /home/robot/app/robot_ws/install/shape_msgs/include/shape_msgs/shape_msgs/msg
[3.784s] -- Up-to-date: /home/robot/app/robot_ws/install/shape_msgs/include/shape_msgs/shape_msgs/msg/detail
[3.785s] -- Up-to-date: /home/robot/app/robot_ws/install/shape_msgs/include/shape_msgs/shape_msgs/msg/detail/mesh_triangle__rosidl_typesupport_fastrtps_c.h
[3.785s] -- Up-to-date: /home/robot/app/robot_ws/install/shape_msgs/include/shape_msgs/shape_msgs/msg/detail/mesh__rosidl_typesupport_fastrtps_c.h
[3.785s] -- Up-to-date: /home/robot/app/robot_ws/install/shape_msgs/include/shape_msgs/shape_msgs/msg/detail/plane__rosidl_typesupport_fastrtps_c.h
[3.785s] -- Up-to-date: /home/robot/app/robot_ws/install/shape_msgs/include/shape_msgs/shape_msgs/msg/detail/solid_primitive__rosidl_typesupport_fastrtps_c.h
[3.785s] -- Up-to-date: /home/robot/app/robot_ws/install/shape_msgs/include/shape_msgs/shape_msgs/msg/rosidl_typesupport_fastrtps_c__visibility_control.h
[3.785s] -- Up-to-date: /home/robot/app/robot_ws/install/shape_msgs/lib/libshape_msgs__rosidl_typesupport_fastrtps_c.so
[3.786s] -- Up-to-date: /home/robot/app/robot_ws/install/shape_msgs/include/shape_msgs/shape_msgs
[3.786s] -- Up-to-date: /home/robot/app/robot_ws/install/shape_msgs/include/shape_msgs/shape_msgs/msg
[3.786s] -- Up-to-date: /home/robot/app/robot_ws/install/shape_msgs/include/shape_msgs/shape_msgs/msg/mesh.hpp
[3.786s] -- Up-to-date: /home/robot/app/robot_ws/install/shape_msgs/include/shape_msgs/shape_msgs/msg/solid_primitive.hpp
[3.786s] -- Up-to-date: /home/robot/app/robot_ws/install/shape_msgs/include/shape_msgs/shape_msgs/msg/mesh_triangle.hpp
[3.787s] -- Up-to-date: /home/robot/app/robot_ws/install/shape_msgs/include/shape_msgs/shape_msgs/msg/plane.hpp
[3.787s] -- Up-to-date: /home/robot/app/robot_ws/install/shape_msgs/include/shape_msgs/shape_msgs/msg/detail
[3.788s] -- Up-to-date: /home/robot/app/robot_ws/install/shape_msgs/include/shape_msgs/shape_msgs/msg/detail/plane__builder.hpp
[3.788s] -- Up-to-date: /home/robot/app/robot_ws/install/shape_msgs/include/shape_msgs/shape_msgs/msg/detail/mesh__builder.hpp
[3.788s] -- Up-to-date: /home/robot/app/robot_ws/install/shape_msgs/include/shape_msgs/shape_msgs/msg/detail/solid_primitive__traits.hpp
[3.789s] -- Up-to-date: /home/robot/app/robot_ws/install/shape_msgs/include/shape_msgs/shape_msgs/msg/detail/mesh__traits.hpp
[3.789s] -- Up-to-date: /home/robot/app/robot_ws/install/shape_msgs/include/shape_msgs/shape_msgs/msg/detail/mesh_triangle__struct.hpp
[3.789s] -- Up-to-date: /home/robot/app/robot_ws/install/shape_msgs/include/shape_msgs/shape_msgs/msg/detail/mesh_triangle__builder.hpp
[3.789s] -- Up-to-date: /home/robot/app/robot_ws/install/shape_msgs/include/shape_msgs/shape_msgs/msg/detail/solid_primitive__builder.hpp
[3.789s] -- Up-to-date: /home/robot/app/robot_ws/install/shape_msgs/include/shape_msgs/shape_msgs/msg/detail/solid_primitive__struct.hpp
[3.790s] -- Up-to-date: /home/robot/app/robot_ws/install/shape_msgs/include/shape_msgs/shape_msgs/msg/detail/mesh_triangle__traits.hpp
[3.790s] -- Up-to-date: /home/robot/app/robot_ws/install/shape_msgs/include/shape_msgs/shape_msgs/msg/detail/mesh__struct.hpp
[3.790s] -- Up-to-date: /home/robot/app/robot_ws/install/shape_msgs/include/shape_msgs/shape_msgs/msg/detail/plane__struct.hpp
[3.790s] -- Up-to-date: /home/robot/app/robot_ws/install/shape_msgs/include/shape_msgs/shape_msgs/msg/detail/plane__traits.hpp
[3.790s] -- Up-to-date: /home/robot/app/robot_ws/install/shape_msgs/include/shape_msgs/shape_msgs
[3.790s] -- Up-to-date: /home/robot/app/robot_ws/install/shape_msgs/include/shape_msgs/shape_msgs/msg
[3.791s] -- Up-to-date: /home/robot/app/robot_ws/install/shape_msgs/include/shape_msgs/shape_msgs/msg/rosidl_typesupport_fastrtps_cpp__visibility_control.h
[3.791s] -- Up-to-date: /home/robot/app/robot_ws/install/shape_msgs/include/shape_msgs/shape_msgs/msg/detail
[3.791s] -- Up-to-date: /home/robot/app/robot_ws/install/shape_msgs/include/shape_msgs/shape_msgs/msg/detail/solid_primitive__rosidl_typesupport_fastrtps_cpp.hpp
[3.791s] -- Up-to-date: /home/robot/app/robot_ws/install/shape_msgs/include/shape_msgs/shape_msgs/msg/detail/mesh__rosidl_typesupport_fastrtps_cpp.hpp
[3.792s] -- Up-to-date: /home/robot/app/robot_ws/install/shape_msgs/include/shape_msgs/shape_msgs/msg/detail/dds_fastrtps
[3.792s] -- Up-to-date: /home/robot/app/robot_ws/install/shape_msgs/include/shape_msgs/shape_msgs/msg/detail/mesh_triangle__rosidl_typesupport_fastrtps_cpp.hpp
[3.792s] -- Up-to-date: /home/robot/app/robot_ws/install/shape_msgs/include/shape_msgs/shape_msgs/msg/detail/plane__rosidl_typesupport_fastrtps_cpp.hpp
[3.792s] -- Up-to-date: /home/robot/app/robot_ws/install/shape_msgs/lib/libshape_msgs__rosidl_typesupport_fastrtps_cpp.so
[3.793s] -- Up-to-date: /home/robot/app/robot_ws/install/shape_msgs/include/shape_msgs
[3.793s] -- Up-to-date: /home/robot/app/robot_ws/install/shape_msgs/include/shape_msgs/msg
[3.793s] -- Up-to-date: /home/robot/app/robot_ws/install/shape_msgs/include/shape_msgs/msg/detail
[3.794s] -- Up-to-date: /home/robot/app/robot_ws/install/shape_msgs/include/shape_msgs/msg/detail/solid_primitive__rosidl_typesupport_microxrcedds_c.h
[3.794s] -- Up-to-date: /home/robot/app/robot_ws/install/shape_msgs/include/shape_msgs/msg/detail/mesh_triangle__rosidl_typesupport_microxrcedds_c.h
[3.794s] -- Up-to-date: /home/robot/app/robot_ws/install/shape_msgs/include/shape_msgs/msg/detail/microxrcedds
[3.795s] -- Up-to-date: /home/robot/app/robot_ws/install/shape_msgs/include/shape_msgs/msg/detail/mesh__rosidl_typesupport_microxrcedds_c.h
[3.795s] -- Up-to-date: /home/robot/app/robot_ws/install/shape_msgs/include/shape_msgs/msg/detail/plane__rosidl_typesupport_microxrcedds_c.h
[3.795s] -- Up-to-date: /home/robot/app/robot_ws/install/shape_msgs/include/shape_msgs/msg/rosidl_typesupport_microxrcedds_c__visibility_control.h
[3.795s] -- Up-to-date: /home/robot/app/robot_ws/install/shape_msgs/lib/libshape_msgs__rosidl_typesupport_microxrcedds_c.so
[3.795s] -- Up-to-date: /home/robot/app/robot_ws/install/shape_msgs/include/shape_msgs/shape_msgs
[3.795s] -- Up-to-date: /home/robot/app/robot_ws/install/shape_msgs/include/shape_msgs/shape_msgs/msg
[3.796s] -- Up-to-date: /home/robot/app/robot_ws/install/shape_msgs/include/shape_msgs/shape_msgs/msg/rosidl_typesupport_introspection_c__visibility_control.h
[3.796s] -- Up-to-date: /home/robot/app/robot_ws/install/shape_msgs/include/shape_msgs/shape_msgs/msg/detail
[3.796s] -- Up-to-date: /home/robot/app/robot_ws/install/shape_msgs/include/shape_msgs/shape_msgs/msg/detail/solid_primitive__rosidl_typesupport_introspection_c.h
[3.797s] -- Up-to-date: /home/robot/app/robot_ws/install/shape_msgs/include/shape_msgs/shape_msgs/msg/detail/plane__type_support.c
[3.797s] -- Up-to-date: /home/robot/app/robot_ws/install/shape_msgs/include/shape_msgs/shape_msgs/msg/detail/plane__rosidl_typesupport_introspection_c.h
[3.797s] -- Up-to-date: /home/robot/app/robot_ws/install/shape_msgs/include/shape_msgs/shape_msgs/msg/detail/mesh_triangle__type_support.c
[3.798s] -- Up-to-date: /home/robot/app/robot_ws/install/shape_msgs/include/shape_msgs/shape_msgs/msg/detail/solid_primitive__type_support.c
[3.798s] -- Up-to-date: /home/robot/app/robot_ws/install/shape_msgs/include/shape_msgs/shape_msgs/msg/detail/mesh__type_support.c
[3.798s] -- Up-to-date: /home/robot/app/robot_ws/install/shape_msgs/include/shape_msgs/shape_msgs/msg/detail/mesh_triangle__rosidl_typesupport_introspection_c.h
[3.798s] -- Up-to-date: /home/robot/app/robot_ws/install/shape_msgs/include/shape_msgs/shape_msgs/msg/detail/mesh__rosidl_typesupport_introspection_c.h
[3.798s] -- Up-to-date: /home/robot/app/robot_ws/install/shape_msgs/lib/libshape_msgs__rosidl_typesupport_introspection_c.so
[3.799s] -- Up-to-date: /home/robot/app/robot_ws/install/shape_msgs/lib/libshape_msgs__rosidl_typesupport_c.so
[3.799s] -- Up-to-date: /home/robot/app/robot_ws/install/shape_msgs/include/shape_msgs
[3.799s] -- Up-to-date: /home/robot/app/robot_ws/install/shape_msgs/include/shape_msgs/msg
[3.799s] -- Up-to-date: /home/robot/app/robot_ws/install/shape_msgs/include/shape_msgs/msg/detail
[3.800s] -- Up-to-date: /home/robot/app/robot_ws/install/shape_msgs/include/shape_msgs/msg/detail/plane__rosidl_typesupport_microxrcedds_cpp.hpp
[3.800s] -- Up-to-date: /home/robot/app/robot_ws/install/shape_msgs/include/shape_msgs/msg/detail/microxrcedds
[3.800s] -- Up-to-date: /home/robot/app/robot_ws/install/shape_msgs/include/shape_msgs/msg/detail/microxrcedds/mesh__type_support_cpp.cpp
[3.801s] -- Up-to-date: /home/robot/app/robot_ws/install/shape_msgs/include/shape_msgs/msg/detail/microxrcedds/solid_primitive__type_support_cpp.cpp
[3.801s] -- Up-to-date: /home/robot/app/robot_ws/install/shape_msgs/include/shape_msgs/msg/detail/microxrcedds/mesh_triangle__type_support_cpp.cpp
[3.801s] -- Up-to-date: /home/robot/app/robot_ws/install/shape_msgs/include/shape_msgs/msg/detail/microxrcedds/plane__type_support_cpp.cpp
[3.802s] -- Up-to-date: /home/robot/app/robot_ws/install/shape_msgs/include/shape_msgs/msg/detail/solid_primitive__rosidl_typesupport_microxrcedds_cpp.hpp
[3.802s] -- Up-to-date: /home/robot/app/robot_ws/install/shape_msgs/include/shape_msgs/msg/detail/mesh__rosidl_typesupport_microxrcedds_cpp.hpp
[3.802s] -- Up-to-date: /home/robot/app/robot_ws/install/shape_msgs/include/shape_msgs/msg/detail/mesh_triangle__rosidl_typesupport_microxrcedds_cpp.hpp
[3.802s] -- Up-to-date: /home/robot/app/robot_ws/install/shape_msgs/include/shape_msgs/msg/rosidl_typesupport_microxrcedds_cpp__visibility_control.h
[3.803s] -- Up-to-date: /home/robot/app/robot_ws/install/shape_msgs/lib/libshape_msgs__rosidl_typesupport_microxrcedds_cpp.so
[3.803s] -- Up-to-date: /home/robot/app/robot_ws/install/shape_msgs/include/shape_msgs/shape_msgs
[3.803s] -- Up-to-date: /home/robot/app/robot_ws/install/shape_msgs/include/shape_msgs/shape_msgs/msg
[3.803s] -- Up-to-date: /home/robot/app/robot_ws/install/shape_msgs/include/shape_msgs/shape_msgs/msg/detail
[3.803s] -- Up-to-date: /home/robot/app/robot_ws/install/shape_msgs/include/shape_msgs/shape_msgs/msg/detail/plane__rosidl_typesupport_introspection_cpp.hpp
[3.804s] -- Up-to-date: /home/robot/app/robot_ws/install/shape_msgs/include/shape_msgs/shape_msgs/msg/detail/mesh_triangle__type_support.cpp
[3.804s] -- Up-to-date: /home/robot/app/robot_ws/install/shape_msgs/include/shape_msgs/shape_msgs/msg/detail/solid_primitive__rosidl_typesupport_introspection_cpp.hpp
[3.804s] -- Up-to-date: /home/robot/app/robot_ws/install/shape_msgs/include/shape_msgs/shape_msgs/msg/detail/mesh__type_support.cpp
[3.804s] -- Up-to-date: /home/robot/app/robot_ws/install/shape_msgs/include/shape_msgs/shape_msgs/msg/detail/mesh_triangle__rosidl_typesupport_introspection_cpp.hpp
[3.805s] -- Up-to-date: /home/robot/app/robot_ws/install/shape_msgs/include/shape_msgs/shape_msgs/msg/detail/solid_primitive__type_support.cpp
[3.805s] -- Up-to-date: /home/robot/app/robot_ws/install/shape_msgs/include/shape_msgs/shape_msgs/msg/detail/plane__type_support.cpp
[3.805s] -- Up-to-date: /home/robot/app/robot_ws/install/shape_msgs/include/shape_msgs/shape_msgs/msg/detail/mesh__rosidl_typesupport_introspection_cpp.hpp
[3.805s] -- Up-to-date: /home/robot/app/robot_ws/install/shape_msgs/lib/libshape_msgs__rosidl_typesupport_introspection_cpp.so
[3.806s] -- Up-to-date: /home/robot/app/robot_ws/install/shape_msgs/lib/libshape_msgs__rosidl_typesupport_cpp.so
[3.806s] -- Up-to-date: /home/robot/app/robot_ws/install/shape_msgs/share/shape_msgs/environment/pythonpath.sh
[3.806s] -- Up-to-date: /home/robot/app/robot_ws/install/shape_msgs/share/shape_msgs/environment/pythonpath.dsv
[3.806s] -- Up-to-date: /home/robot/app/robot_ws/install/shape_msgs/local/lib/python3.10/dist-packages/shape_msgs-4.2.4-py3.10.egg-info
[3.807s] -- Installing: /home/robot/app/robot_ws/install/shape_msgs/local/lib/python3.10/dist-packages/shape_msgs-4.2.4-py3.10.egg-info/dependency_links.txt
[3.807s] -- Installing: /home/robot/app/robot_ws/install/shape_msgs/local/lib/python3.10/dist-packages/shape_msgs-4.2.4-py3.10.egg-info/PKG-INFO
[3.807s] -- Installing: /home/robot/app/robot_ws/install/shape_msgs/local/lib/python3.10/dist-packages/shape_msgs-4.2.4-py3.10.egg-info/SOURCES.txt
[3.807s] -- Installing: /home/robot/app/robot_ws/install/shape_msgs/local/lib/python3.10/dist-packages/shape_msgs-4.2.4-py3.10.egg-info/top_level.txt
[3.808s] -- Up-to-date: /home/robot/app/robot_ws/install/shape_msgs/local/lib/python3.10/dist-packages/shape_msgs
[3.808s] -- Up-to-date: /home/robot/app/robot_ws/install/shape_msgs/local/lib/python3.10/dist-packages/shape_msgs/__init__.py
[3.808s] -- Up-to-date: /home/robot/app/robot_ws/install/shape_msgs/local/lib/python3.10/dist-packages/shape_msgs/_shape_msgs_s.ep.rosidl_typesupport_c.c
[3.808s] -- Up-to-date: /home/robot/app/robot_ws/install/shape_msgs/local/lib/python3.10/dist-packages/shape_msgs/_shape_msgs_s.ep.rosidl_typesupport_microxrcedds_c.c
[3.809s] -- Up-to-date: /home/robot/app/robot_ws/install/shape_msgs/local/lib/python3.10/dist-packages/shape_msgs/shape_msgs_s__rosidl_typesupport_introspection_c.cpython-310-x86_64-linux-gnu.so
[3.809s] -- Up-to-date: /home/robot/app/robot_ws/install/shape_msgs/local/lib/python3.10/dist-packages/shape_msgs/shape_msgs_s__rosidl_typesupport_c.cpython-310-x86_64-linux-gnu.so
[3.809s] -- Up-to-date: /home/robot/app/robot_ws/install/shape_msgs/local/lib/python3.10/dist-packages/shape_msgs/_shape_msgs_s.ep.rosidl_typesupport_introspection_c.c
[3.810s] -- Up-to-date: /home/robot/app/robot_ws/install/shape_msgs/local/lib/python3.10/dist-packages/shape_msgs/shape_msgs_s__rosidl_typesupport_microxrcedds_c.cpython-310-x86_64-linux-gnu.so
[3.810s] -- Up-to-date: /home/robot/app/robot_ws/install/shape_msgs/local/lib/python3.10/dist-packages/shape_msgs/libshape_msgs__rosidl_generator_py.so
[3.810s] -- Up-to-date: /home/robot/app/robot_ws/install/shape_msgs/local/lib/python3.10/dist-packages/shape_msgs/_shape_msgs_s.ep.rosidl_typesupport_fastrtps_c.c
[3.810s] -- Up-to-date: /home/robot/app/robot_ws/install/shape_msgs/local/lib/python3.10/dist-packages/shape_msgs/shape_msgs_s__rosidl_typesupport_fastrtps_c.cpython-310-x86_64-linux-gnu.so
[3.810s] -- Up-to-date: /home/robot/app/robot_ws/install/shape_msgs/local/lib/python3.10/dist-packages/shape_msgs/msg
[3.811s] -- Up-to-date: /home/robot/app/robot_ws/install/shape_msgs/local/lib/python3.10/dist-packages/shape_msgs/msg/__init__.py
[3.812s] -- Up-to-date: /home/robot/app/robot_ws/install/shape_msgs/local/lib/python3.10/dist-packages/shape_msgs/msg/_plane.py
[3.812s] -- Up-to-date: /home/robot/app/robot_ws/install/shape_msgs/local/lib/python3.10/dist-packages/shape_msgs/msg/_mesh.py
[3.812s] -- Up-to-date: /home/robot/app/robot_ws/install/shape_msgs/local/lib/python3.10/dist-packages/shape_msgs/msg/_plane_s.c
[3.813s] -- Up-to-date: /home/robot/app/robot_ws/install/shape_msgs/local/lib/python3.10/dist-packages/shape_msgs/msg/_solid_primitive_s.c
[3.813s] -- Up-to-date: /home/robot/app/robot_ws/install/shape_msgs/local/lib/python3.10/dist-packages/shape_msgs/msg/_mesh_s.c
[3.813s] -- Up-to-date: /home/robot/app/robot_ws/install/shape_msgs/local/lib/python3.10/dist-packages/shape_msgs/msg/_mesh_triangle_s.c
[3.813s] -- Up-to-date: /home/robot/app/robot_ws/install/shape_msgs/local/lib/python3.10/dist-packages/shape_msgs/msg/_solid_primitive.py
[3.813s] -- Up-to-date: /home/robot/app/robot_ws/install/shape_msgs/local/lib/python3.10/dist-packages/shape_msgs/msg/_mesh_triangle.py
[3.965s] Listing '/home/robot/app/robot_ws/install/shape_msgs/local/lib/python3.10/dist-packages/shape_msgs'...
[3.966s] Listing '/home/robot/app/robot_ws/install/shape_msgs/local/lib/python3.10/dist-packages/shape_msgs/msg'...
[3.977s] -- Up-to-date: /home/robot/app/robot_ws/install/shape_msgs/local/lib/python3.10/dist-packages/shape_msgs/shape_msgs_s__rosidl_typesupport_microxrcedds_c.cpython-310-x86_64-linux-gnu.so
[3.978s] -- Up-to-date: /home/robot/app/robot_ws/install/shape_msgs/local/lib/python3.10/dist-packages/shape_msgs/shape_msgs_s__rosidl_typesupport_fastrtps_c.cpython-310-x86_64-linux-gnu.so
[3.981s] -- Up-to-date: /home/robot/app/robot_ws/install/shape_msgs/local/lib/python3.10/dist-packages/shape_msgs/shape_msgs_s__rosidl_typesupport_introspection_c.cpython-310-x86_64-linux-gnu.so
[3.985s] -- Up-to-date: /home/robot/app/robot_ws/install/shape_msgs/local/lib/python3.10/dist-packages/shape_msgs/shape_msgs_s__rosidl_typesupport_c.cpython-310-x86_64-linux-gnu.so
[4.024s] -- Up-to-date: /home/robot/app/robot_ws/install/shape_msgs/lib/libshape_msgs__rosidl_generator_py.so
[4.024s] -- Up-to-date: /home/robot/app/robot_ws/install/shape_msgs/share/shape_msgs/msg/Mesh.idl
[4.024s] -- Up-to-date: /home/robot/app/robot_ws/install/shape_msgs/share/shape_msgs/msg/MeshTriangle.idl
[4.024s] -- Up-to-date: /home/robot/app/robot_ws/install/shape_msgs/share/shape_msgs/msg/Plane.idl
[4.024s] -- Up-to-date: /home/robot/app/robot_ws/install/shape_msgs/share/shape_msgs/msg/SolidPrimitive.idl
[4.024s] -- Up-to-date: /home/robot/app/robot_ws/install/shape_msgs/share/shape_msgs/msg/Mesh.msg
[4.025s] -- Up-to-date: /home/robot/app/robot_ws/install/shape_msgs/share/shape_msgs/msg/MeshTriangle.msg
[4.025s] -- Up-to-date: /home/robot/app/robot_ws/install/shape_msgs/share/shape_msgs/msg/Plane.msg
[4.025s] -- Up-to-date: /home/robot/app/robot_ws/install/shape_msgs/share/shape_msgs/msg/SolidPrimitive.msg
[4.025s] -- Up-to-date: /home/robot/app/robot_ws/install/shape_msgs/share/ament_index/resource_index/package_run_dependencies/shape_msgs
[4.025s] -- Up-to-date: /home/robot/app/robot_ws/install/shape_msgs/share/ament_index/resource_index/parent_prefix_path/shape_msgs
[4.026s] -- Up-to-date: /home/robot/app/robot_ws/install/shape_msgs/share/shape_msgs/environment/ament_prefix_path.sh
[4.026s] -- Up-to-date: /home/robot/app/robot_ws/install/shape_msgs/share/shape_msgs/environment/ament_prefix_path.dsv
[4.026s] -- Up-to-date: /home/robot/app/robot_ws/install/shape_msgs/share/shape_msgs/environment/path.sh
[4.026s] -- Up-to-date: /home/robot/app/robot_ws/install/shape_msgs/share/shape_msgs/environment/path.dsv
[4.026s] -- Up-to-date: /home/robot/app/robot_ws/install/shape_msgs/share/shape_msgs/local_setup.bash
[4.042s] -- Up-to-date: /home/robot/app/robot_ws/install/shape_msgs/share/shape_msgs/local_setup.sh
[4.043s] -- Up-to-date: /home/robot/app/robot_ws/install/shape_msgs/share/shape_msgs/local_setup.zsh
[4.043s] -- Up-to-date: /home/robot/app/robot_ws/install/shape_msgs/share/shape_msgs/local_setup.dsv
[4.043s] -- Installing: /home/robot/app/robot_ws/install/shape_msgs/share/shape_msgs/package.dsv
[4.044s] -- Up-to-date: /home/robot/app/robot_ws/install/shape_msgs/share/ament_index/resource_index/packages/shape_msgs
[4.044s] -- Up-to-date: /home/robot/app/robot_ws/install/shape_msgs/share/shape_msgs/cmake/export_shape_msgs__rosidl_generator_cExport.cmake
[4.046s] -- Up-to-date: /home/robot/app/robot_ws/install/shape_msgs/share/shape_msgs/cmake/export_shape_msgs__rosidl_generator_cExport-noconfig.cmake
[4.046s] -- Up-to-date: /home/robot/app/robot_ws/install/shape_msgs/share/shape_msgs/cmake/export_shape_msgs__rosidl_typesupport_fastrtps_cExport.cmake
[4.046s] -- Up-to-date: /home/robot/app/robot_ws/install/shape_msgs/share/shape_msgs/cmake/export_shape_msgs__rosidl_typesupport_fastrtps_cExport-noconfig.cmake
[4.047s] -- Up-to-date: /home/robot/app/robot_ws/install/shape_msgs/share/shape_msgs/cmake/export_shape_msgs__rosidl_generator_cppExport.cmake
[4.047s] -- Up-to-date: /home/robot/app/robot_ws/install/shape_msgs/share/shape_msgs/cmake/export_shape_msgs__rosidl_typesupport_fastrtps_cppExport.cmake
[4.047s] -- Up-to-date: /home/robot/app/robot_ws/install/shape_msgs/share/shape_msgs/cmake/export_shape_msgs__rosidl_typesupport_fastrtps_cppExport-noconfig.cmake
[4.047s] -- Up-to-date: /home/robot/app/robot_ws/install/shape_msgs/share/shape_msgs/cmake/shape_msgs__rosidl_typesupport_introspection_cExport.cmake
[4.047s] -- Up-to-date: /home/robot/app/robot_ws/install/shape_msgs/share/shape_msgs/cmake/shape_msgs__rosidl_typesupport_introspection_cExport-noconfig.cmake
[4.048s] -- Up-to-date: /home/robot/app/robot_ws/install/shape_msgs/share/shape_msgs/cmake/shape_msgs__rosidl_typesupport_cExport.cmake
[4.048s] -- Up-to-date: /home/robot/app/robot_ws/install/shape_msgs/share/shape_msgs/cmake/shape_msgs__rosidl_typesupport_cExport-noconfig.cmake
[4.071s] -- Up-to-date: /home/robot/app/robot_ws/install/shape_msgs/share/shape_msgs/cmake/shape_msgs__rosidl_typesupport_introspection_cppExport.cmake
[4.071s] -- Up-to-date: /home/robot/app/robot_ws/install/shape_msgs/share/shape_msgs/cmake/shape_msgs__rosidl_typesupport_introspection_cppExport-noconfig.cmake
[4.072s] -- Up-to-date: /home/robot/app/robot_ws/install/shape_msgs/share/shape_msgs/cmake/shape_msgs__rosidl_typesupport_cppExport.cmake
[4.076s] -- Up-to-date: /home/robot/app/robot_ws/install/shape_msgs/share/shape_msgs/cmake/shape_msgs__rosidl_typesupport_cppExport-noconfig.cmake
[4.077s] -- Up-to-date: /home/robot/app/robot_ws/install/shape_msgs/share/shape_msgs/cmake/export_shape_msgs__rosidl_generator_pyExport.cmake
[4.078s] -- Up-to-date: /home/robot/app/robot_ws/install/shape_msgs/share/shape_msgs/cmake/export_shape_msgs__rosidl_generator_pyExport-noconfig.cmake
[4.079s] -- Up-to-date: /home/robot/app/robot_ws/install/shape_msgs/share/shape_msgs/cmake/rosidl_cmake-extras.cmake
[4.081s] -- Up-to-date: /home/robot/app/robot_ws/install/shape_msgs/share/shape_msgs/cmake/ament_cmake_export_dependencies-extras.cmake
[4.081s] -- Up-to-date: /home/robot/app/robot_ws/install/shape_msgs/share/shape_msgs/cmake/ament_cmake_export_include_directories-extras.cmake
[4.081s] -- Up-to-date: /home/robot/app/robot_ws/install/shape_msgs/share/shape_msgs/cmake/ament_cmake_export_libraries-extras.cmake
[4.081s] -- Up-to-date: /home/robot/app/robot_ws/install/shape_msgs/share/shape_msgs/cmake/ament_cmake_export_targets-extras.cmake
[4.082s] -- Up-to-date: /home/robot/app/robot_ws/install/shape_msgs/share/shape_msgs/cmake/rosidl_cmake_export_typesupport_targets-extras.cmake
[4.082s] -- Up-to-date: /home/robot/app/robot_ws/install/shape_msgs/share/shape_msgs/cmake/rosidl_cmake_export_typesupport_libraries-extras.cmake
[4.082s] -- Up-to-date: /home/robot/app/robot_ws/install/shape_msgs/share/shape_msgs/cmake/shape_msgsConfig.cmake
[4.082s] -- Up-to-date: /home/robot/app/robot_ws/install/shape_msgs/share/shape_msgs/cmake/shape_msgsConfig-version.cmake
[4.082s] -- Up-to-date: /home/robot/app/robot_ws/install/shape_msgs/share/shape_msgs/package.xml
[4.106s] Invoked command in '/home/robot/app/robot_ws/build/shape_msgs' returned '0': CMAKE_PREFIX_PATH=/home/robot/app/robot_ws/install/geometry_msgs:/home/robot/app/robot_ws/install/std_msgs:/home/robot/app/robot_ws/install/builtin_interfaces:/home/robot/app/robot_ws/firmware/dev_ws/install/my_custom_message:/home/robot/app/robot_ws/install/micro_ros_demos_rclc:/home/robot/app/robot_ws/install/common_interfaces:/home/robot/app/robot_ws/install/visualization_msgs:/home/robot/app/robot_ws/install/test_msgs:/home/robot/app/robot_ws/install/example_interfaces:/home/robot/app/robot_ws/install/action_msgs:/home/robot/app/robot_ws/install/unique_identifier_msgs:/home/robot/app/robot_ws/install/trajectory_msgs:/home/robot/app/robot_ws/install/stereo_msgs:/home/robot/app/robot_ws/install/std_srvs:/home/robot/app/robot_ws/install/shape_msgs:/home/robot/app/robot_ws/install/sensor_msgs:/home/robot/app/robot_ws/install/nav_msgs:/home/robot/app/robot_ws/install/diagnostic_msgs:/home/robot/app/robot_ws/install/actionlib_msgs:/home/robot/app/robot_ws/install/statistics_msgs:/home/robot/app/robot_ws/install/rosidl_typesupport_microxrcedds_test_msg:/home/robot/app/robot_ws/install/rosidl_typesupport_microxrcedds_cpp_tests:/home/robot/app/robot_ws/install/rmw_microxrcedds:/home/robot/app/robot_ws/install/rosidl_typesupport_microxrcedds_cpp:/home/robot/app/robot_ws/install/rosidl_typesupport_microxrcedds_c_tests:/home/robot/app/robot_ws/install/rosidl_typesupport_microxrcedds_c:/home/robot/app/robot_ws/install/rosgraph_msgs:/home/robot/app/robot_ws/install/rclc_parameter:/home/robot/app/robot_ws/install/rclc:/home/robot/app/robot_ws/install/composition_interfaces:/home/robot/app/robot_ws/install/rcl_interfaces:/home/robot/app/robot_ws/install/microxrcedds_client:/home/robot/app/robot_ws/install/microcdr:/home/robot/app/robot_ws/install/micro_ros_utilities:/home/robot/app/robot_ws/install/micro_ros_setup:/home/robot/app/robot_ws/install/micro_ros_agent:/home/robot/app/robot_ws/install/micro_ros_msgs:/home/robot/app/robot_ws/install/lifecycle_msgs:/home/robot/app/robot_ws/install/complex_msgs:/home/robot/app/robot_ws/install/sensor_msgs_py:/opt/ros/humble LD_LIBRARY_PATH=/home/robot/app/robot_ws/install/geometry_msgs/lib:/home/robot/app/robot_ws/install/std_msgs/lib:/home/robot/app/robot_ws/install/builtin_interfaces/lib:/home/robot/app/robot_ws/firmware/dev_ws/install/my_custom_message/lib:/home/robot/app/robot_ws/install/visualization_msgs/lib:/home/robot/app/robot_ws/install/test_msgs/lib:/home/robot/app/robot_ws/install/example_interfaces/lib:/home/robot/app/robot_ws/install/action_msgs/lib:/home/robot/app/robot_ws/install/unique_identifier_msgs/lib:/home/robot/app/robot_ws/install/trajectory_msgs/lib:/home/robot/app/robot_ws/install/stereo_msgs/lib:/home/robot/app/robot_ws/install/std_srvs/lib:/home/robot/app/robot_ws/install/shape_msgs/lib:/home/robot/app/robot_ws/install/sensor_msgs/lib:/home/robot/app/robot_ws/install/nav_msgs/lib:/home/robot/app/robot_ws/install/diagnostic_msgs/lib:/home/robot/app/robot_ws/install/actionlib_msgs/lib:/home/robot/app/robot_ws/install/statistics_msgs/lib:/home/robot/app/robot_ws/install/rmw_microxrcedds/lib:/home/robot/app/robot_ws/install/rosidl_typesupport_microxrcedds_cpp/lib:/home/robot/app/robot_ws/install/rosidl_typesupport_microxrcedds_c/lib:/home/robot/app/robot_ws/install/rosgraph_msgs/lib:/home/robot/app/robot_ws/install/rclc_parameter/lib:/home/robot/app/robot_ws/install/rclc/lib:/home/robot/app/robot_ws/install/composition_interfaces/lib:/home/robot/app/robot_ws/install/rcl_interfaces/lib:/home/robot/app/robot_ws/install/microxrcedds_client/lib:/home/robot/app/robot_ws/install/microcdr/lib:/home/robot/app/robot_ws/install/micro_ros_utilities/lib:/home/robot/app/robot_ws/install/micro_ros_agent/lib:/home/robot/app/robot_ws/install/micro_ros_msgs/lib:/home/robot/app/robot_ws/install/lifecycle_msgs/lib:/home/robot/app/robot_ws/install/complex_msgs/lib:/opt/ros/humble/opt/rviz_ogre_vendor/lib:/opt/ros/humble/lib/x86_64-linux-gnu:/opt/ros/humble/lib /usr/bin/cmake --install /home/robot/app/robot_ws/build/shape_msgs
