[35m[1mConsolidate compiler generated dependencies of target action_msgs__rosidl_generator_c[0m
[  8%] Built target action_msgs__rosidl_generator_c
[ 10%] Built target action_msgs__cpp
[35m[1mConsolidate compiler generated dependencies of target action_msgs__rosidl_typesupport_microxrcedds_c[0m
[35m[1mConsolidate compiler generated dependencies of target action_msgs__rosidl_typesupport_microxrcedds_cpp[0m
[35m[1mConsolidate compiler generated dependencies of target action_msgs__rosidl_typesupport_c[0m
[35m[1mConsolidate compiler generated dependencies of target action_msgs__rosidl_typesupport_introspection_c[0m
[35m[1mConsolidate compiler generated dependencies of target action_msgs__rosidl_typesupport_fastrtps_c[0m
[35m[1mConsolidate compiler generated dependencies of target action_msgs__rosidl_typesupport_cpp[0m
[35m[1mConsolidate compiler generated dependencies of target action_msgs__rosidl_typesupport_introspection_cpp[0m
[ 10%] Built target ament_cmake_python_copy_action_msgs
[ 18%] Built target action_msgs__rosidl_typesupport_introspection_c
[ 27%] Built target action_msgs__rosidl_typesupport_fastrtps_c
[ 36%] Built target action_msgs__rosidl_typesupport_c
[ 44%] Built target action_msgs__rosidl_typesupport_microxrcedds_c
[ 53%] Built target action_msgs__rosidl_typesupport_microxrcedds_cpp
[ 62%] Built target action_msgs__rosidl_typesupport_introspection_cpp
[35m[1mConsolidate compiler generated dependencies of target action_msgs__rosidl_typesupport_fastrtps_cpp[0m
[ 71%] Built target action_msgs__rosidl_typesupport_cpp
[ 79%] Built target action_msgs__rosidl_typesupport_fastrtps_cpp
[ 79%] Built target action_msgs
[ 81%] Built target action_msgs__py
[35m[1mConsolidate compiler generated dependencies of target action_msgs__rosidl_generator_py[0m
[ 88%] Built target action_msgs__rosidl_generator_py
[35m[1mConsolidate compiler generated dependencies of target action_msgs__rosidl_typesupport_microxrcedds_c__pyext[0m
[35m[1mConsolidate compiler generated dependencies of target action_msgs__rosidl_typesupport_c__pyext[0m
[35m[1mConsolidate compiler generated dependencies of target action_msgs__rosidl_typesupport_fastrtps_c__pyext[0m
[35m[1mConsolidate compiler generated dependencies of target action_msgs__rosidl_typesupport_introspection_c__pyext[0m
[ 91%] Built target action_msgs__rosidl_typesupport_microxrcedds_c__pyext
[ 94%] Built target action_msgs__rosidl_typesupport_c__pyext
[ 97%] Built target action_msgs__rosidl_typesupport_fastrtps_c__pyext
[100%] Built target action_msgs__rosidl_typesupport_introspection_c__pyext
running egg_info
writing action_msgs.egg-info/PKG-INFO
writing dependency_links to action_msgs.egg-info/dependency_links.txt
writing top-level names to action_msgs.egg-info/top_level.txt
reading manifest file 'action_msgs.egg-info/SOURCES.txt'
writing manifest file 'action_msgs.egg-info/SOURCES.txt'
[100%] Built target ament_cmake_python_build_action_msgs_egg
-- Install configuration: ""
-- Up-to-date: /home/robot/app/robot_ws/install/action_msgs/share/ament_index/resource_index/rosidl_interfaces/action_msgs
-- Up-to-date: /home/robot/app/robot_ws/install/action_msgs/include/action_msgs/action_msgs
-- Up-to-date: /home/robot/app/robot_ws/install/action_msgs/include/action_msgs/action_msgs/srv
-- Up-to-date: /home/robot/app/robot_ws/install/action_msgs/include/action_msgs/action_msgs/srv/cancel_goal.h
-- Up-to-date: /home/robot/app/robot_ws/install/action_msgs/include/action_msgs/action_msgs/srv/detail
-- Up-to-date: /home/robot/app/robot_ws/install/action_msgs/include/action_msgs/action_msgs/srv/detail/cancel_goal__struct.h
-- Up-to-date: /home/robot/app/robot_ws/install/action_msgs/include/action_msgs/action_msgs/srv/detail/cancel_goal__functions.c
-- Up-to-date: /home/robot/app/robot_ws/install/action_msgs/include/action_msgs/action_msgs/srv/detail/cancel_goal__type_support.h
-- Up-to-date: /home/robot/app/robot_ws/install/action_msgs/include/action_msgs/action_msgs/srv/detail/cancel_goal__functions.h
-- Up-to-date: /home/robot/app/robot_ws/install/action_msgs/include/action_msgs/action_msgs/msg
-- Up-to-date: /home/robot/app/robot_ws/install/action_msgs/include/action_msgs/action_msgs/msg/detail
-- Up-to-date: /home/robot/app/robot_ws/install/action_msgs/include/action_msgs/action_msgs/msg/detail/goal_status__struct.h
-- Up-to-date: /home/robot/app/robot_ws/install/action_msgs/include/action_msgs/action_msgs/msg/detail/goal_status__functions.h
-- Up-to-date: /home/robot/app/robot_ws/install/action_msgs/include/action_msgs/action_msgs/msg/detail/goal_status_array__functions.c
-- Up-to-date: /home/robot/app/robot_ws/install/action_msgs/include/action_msgs/action_msgs/msg/detail/goal_status__type_support.h
-- Up-to-date: /home/robot/app/robot_ws/install/action_msgs/include/action_msgs/action_msgs/msg/detail/goal_status_array__type_support.h
-- Up-to-date: /home/robot/app/robot_ws/install/action_msgs/include/action_msgs/action_msgs/msg/detail/goal_info__type_support.h
-- Up-to-date: /home/robot/app/robot_ws/install/action_msgs/include/action_msgs/action_msgs/msg/detail/goal_info__functions.h
-- Up-to-date: /home/robot/app/robot_ws/install/action_msgs/include/action_msgs/action_msgs/msg/detail/goal_status_array__functions.h
-- Up-to-date: /home/robot/app/robot_ws/install/action_msgs/include/action_msgs/action_msgs/msg/detail/goal_info__functions.c
-- Up-to-date: /home/robot/app/robot_ws/install/action_msgs/include/action_msgs/action_msgs/msg/detail/goal_status_array__struct.h
-- Up-to-date: /home/robot/app/robot_ws/install/action_msgs/include/action_msgs/action_msgs/msg/detail/goal_info__struct.h
-- Up-to-date: /home/robot/app/robot_ws/install/action_msgs/include/action_msgs/action_msgs/msg/detail/goal_status__functions.c
-- Up-to-date: /home/robot/app/robot_ws/install/action_msgs/include/action_msgs/action_msgs/msg/goal_status_array.h
-- Up-to-date: /home/robot/app/robot_ws/install/action_msgs/include/action_msgs/action_msgs/msg/goal_info.h
-- Up-to-date: /home/robot/app/robot_ws/install/action_msgs/include/action_msgs/action_msgs/msg/goal_status.h
-- Up-to-date: /home/robot/app/robot_ws/install/action_msgs/include/action_msgs/action_msgs/msg/rosidl_generator_c__visibility_control.h
-- Up-to-date: /home/robot/app/robot_ws/install/action_msgs/share/action_msgs/environment/library_path.sh
-- Up-to-date: /home/robot/app/robot_ws/install/action_msgs/share/action_msgs/environment/library_path.dsv
-- Up-to-date: /home/robot/app/robot_ws/install/action_msgs/lib/libaction_msgs__rosidl_generator_c.so
-- Up-to-date: /home/robot/app/robot_ws/install/action_msgs/include/action_msgs/action_msgs
-- Up-to-date: /home/robot/app/robot_ws/install/action_msgs/include/action_msgs/action_msgs/srv
-- Up-to-date: /home/robot/app/robot_ws/install/action_msgs/include/action_msgs/action_msgs/srv/detail
-- Up-to-date: /home/robot/app/robot_ws/install/action_msgs/include/action_msgs/action_msgs/srv/detail/cancel_goal__rosidl_typesupport_fastrtps_c.h
-- Up-to-date: /home/robot/app/robot_ws/install/action_msgs/include/action_msgs/action_msgs/msg
-- Up-to-date: /home/robot/app/robot_ws/install/action_msgs/include/action_msgs/action_msgs/msg/detail
-- Up-to-date: /home/robot/app/robot_ws/install/action_msgs/include/action_msgs/action_msgs/msg/detail/goal_info__rosidl_typesupport_fastrtps_c.h
-- Up-to-date: /home/robot/app/robot_ws/install/action_msgs/include/action_msgs/action_msgs/msg/detail/goal_status__rosidl_typesupport_fastrtps_c.h
-- Up-to-date: /home/robot/app/robot_ws/install/action_msgs/include/action_msgs/action_msgs/msg/detail/goal_status_array__rosidl_typesupport_fastrtps_c.h
-- Up-to-date: /home/robot/app/robot_ws/install/action_msgs/include/action_msgs/action_msgs/msg/rosidl_typesupport_fastrtps_c__visibility_control.h
-- Up-to-date: /home/robot/app/robot_ws/install/action_msgs/lib/libaction_msgs__rosidl_typesupport_fastrtps_c.so
-- Up-to-date: /home/robot/app/robot_ws/install/action_msgs/include/action_msgs/action_msgs
-- Up-to-date: /home/robot/app/robot_ws/install/action_msgs/include/action_msgs/action_msgs/srv
-- Up-to-date: /home/robot/app/robot_ws/install/action_msgs/include/action_msgs/action_msgs/srv/detail
-- Up-to-date: /home/robot/app/robot_ws/install/action_msgs/include/action_msgs/action_msgs/srv/detail/cancel_goal__builder.hpp
-- Up-to-date: /home/robot/app/robot_ws/install/action_msgs/include/action_msgs/action_msgs/srv/detail/cancel_goal__traits.hpp
-- Up-to-date: /home/robot/app/robot_ws/install/action_msgs/include/action_msgs/action_msgs/srv/detail/cancel_goal__struct.hpp
-- Up-to-date: /home/robot/app/robot_ws/install/action_msgs/include/action_msgs/action_msgs/srv/cancel_goal.hpp
-- Up-to-date: /home/robot/app/robot_ws/install/action_msgs/include/action_msgs/action_msgs/msg
-- Up-to-date: /home/robot/app/robot_ws/install/action_msgs/include/action_msgs/action_msgs/msg/detail
-- Up-to-date: /home/robot/app/robot_ws/install/action_msgs/include/action_msgs/action_msgs/msg/detail/goal_status__builder.hpp
-- Up-to-date: /home/robot/app/robot_ws/install/action_msgs/include/action_msgs/action_msgs/msg/detail/goal_status_array__builder.hpp
-- Up-to-date: /home/robot/app/robot_ws/install/action_msgs/include/action_msgs/action_msgs/msg/detail/goal_info__builder.hpp
-- Up-to-date: /home/robot/app/robot_ws/install/action_msgs/include/action_msgs/action_msgs/msg/detail/goal_info__struct.hpp
-- Up-to-date: /home/robot/app/robot_ws/install/action_msgs/include/action_msgs/action_msgs/msg/detail/goal_status_array__struct.hpp
-- Up-to-date: /home/robot/app/robot_ws/install/action_msgs/include/action_msgs/action_msgs/msg/detail/goal_info__traits.hpp
-- Up-to-date: /home/robot/app/robot_ws/install/action_msgs/include/action_msgs/action_msgs/msg/detail/goal_status_array__traits.hpp
-- Up-to-date: /home/robot/app/robot_ws/install/action_msgs/include/action_msgs/action_msgs/msg/detail/goal_status__struct.hpp
-- Up-to-date: /home/robot/app/robot_ws/install/action_msgs/include/action_msgs/action_msgs/msg/detail/goal_status__traits.hpp
-- Up-to-date: /home/robot/app/robot_ws/install/action_msgs/include/action_msgs/action_msgs/msg/goal_status_array.hpp
-- Up-to-date: /home/robot/app/robot_ws/install/action_msgs/include/action_msgs/action_msgs/msg/goal_info.hpp
-- Up-to-date: /home/robot/app/robot_ws/install/action_msgs/include/action_msgs/action_msgs/msg/goal_status.hpp
-- Up-to-date: /home/robot/app/robot_ws/install/action_msgs/include/action_msgs/action_msgs
-- Up-to-date: /home/robot/app/robot_ws/install/action_msgs/include/action_msgs/action_msgs/srv
-- Up-to-date: /home/robot/app/robot_ws/install/action_msgs/include/action_msgs/action_msgs/srv/detail
-- Up-to-date: /home/robot/app/robot_ws/install/action_msgs/include/action_msgs/action_msgs/srv/detail/dds_fastrtps
-- Up-to-date: /home/robot/app/robot_ws/install/action_msgs/include/action_msgs/action_msgs/srv/detail/cancel_goal__rosidl_typesupport_fastrtps_cpp.hpp
-- Up-to-date: /home/robot/app/robot_ws/install/action_msgs/include/action_msgs/action_msgs/msg
-- Up-to-date: /home/robot/app/robot_ws/install/action_msgs/include/action_msgs/action_msgs/msg/rosidl_typesupport_fastrtps_cpp__visibility_control.h
-- Up-to-date: /home/robot/app/robot_ws/install/action_msgs/include/action_msgs/action_msgs/msg/detail
-- Up-to-date: /home/robot/app/robot_ws/install/action_msgs/include/action_msgs/action_msgs/msg/detail/goal_status__rosidl_typesupport_fastrtps_cpp.hpp
-- Up-to-date: /home/robot/app/robot_ws/install/action_msgs/include/action_msgs/action_msgs/msg/detail/goal_info__rosidl_typesupport_fastrtps_cpp.hpp
-- Up-to-date: /home/robot/app/robot_ws/install/action_msgs/include/action_msgs/action_msgs/msg/detail/dds_fastrtps
-- Up-to-date: /home/robot/app/robot_ws/install/action_msgs/include/action_msgs/action_msgs/msg/detail/goal_status_array__rosidl_typesupport_fastrtps_cpp.hpp
-- Up-to-date: /home/robot/app/robot_ws/install/action_msgs/lib/libaction_msgs__rosidl_typesupport_fastrtps_cpp.so
-- Up-to-date: /home/robot/app/robot_ws/install/action_msgs/include/action_msgs
-- Up-to-date: /home/robot/app/robot_ws/install/action_msgs/include/action_msgs/srv
-- Up-to-date: /home/robot/app/robot_ws/install/action_msgs/include/action_msgs/srv/detail
-- Up-to-date: /home/robot/app/robot_ws/install/action_msgs/include/action_msgs/srv/detail/cancel_goal__rosidl_typesupport_microxrcedds_c.h
-- Up-to-date: /home/robot/app/robot_ws/install/action_msgs/include/action_msgs/srv/detail/microxrcedds
-- Up-to-date: /home/robot/app/robot_ws/install/action_msgs/include/action_msgs/msg
-- Up-to-date: /home/robot/app/robot_ws/install/action_msgs/include/action_msgs/msg/detail
-- Up-to-date: /home/robot/app/robot_ws/install/action_msgs/include/action_msgs/msg/detail/microxrcedds
-- Up-to-date: /home/robot/app/robot_ws/install/action_msgs/include/action_msgs/msg/detail/goal_status__rosidl_typesupport_microxrcedds_c.h
-- Up-to-date: /home/robot/app/robot_ws/install/action_msgs/include/action_msgs/msg/detail/goal_info__rosidl_typesupport_microxrcedds_c.h
-- Up-to-date: /home/robot/app/robot_ws/install/action_msgs/include/action_msgs/msg/detail/goal_status_array__rosidl_typesupport_microxrcedds_c.h
-- Up-to-date: /home/robot/app/robot_ws/install/action_msgs/include/action_msgs/msg/rosidl_typesupport_microxrcedds_c__visibility_control.h
-- Up-to-date: /home/robot/app/robot_ws/install/action_msgs/lib/libaction_msgs__rosidl_typesupport_microxrcedds_c.so
-- Up-to-date: /home/robot/app/robot_ws/install/action_msgs/include/action_msgs/action_msgs
-- Up-to-date: /home/robot/app/robot_ws/install/action_msgs/include/action_msgs/action_msgs/srv
-- Up-to-date: /home/robot/app/robot_ws/install/action_msgs/include/action_msgs/action_msgs/srv/detail
-- Up-to-date: /home/robot/app/robot_ws/install/action_msgs/include/action_msgs/action_msgs/srv/detail/cancel_goal__rosidl_typesupport_introspection_c.h
-- Up-to-date: /home/robot/app/robot_ws/install/action_msgs/include/action_msgs/action_msgs/srv/detail/cancel_goal__type_support.c
-- Up-to-date: /home/robot/app/robot_ws/install/action_msgs/include/action_msgs/action_msgs/msg
-- Up-to-date: /home/robot/app/robot_ws/install/action_msgs/include/action_msgs/action_msgs/msg/rosidl_typesupport_introspection_c__visibility_control.h
-- Up-to-date: /home/robot/app/robot_ws/install/action_msgs/include/action_msgs/action_msgs/msg/detail
-- Up-to-date: /home/robot/app/robot_ws/install/action_msgs/include/action_msgs/action_msgs/msg/detail/goal_info__type_support.c
-- Up-to-date: /home/robot/app/robot_ws/install/action_msgs/include/action_msgs/action_msgs/msg/detail/goal_status__rosidl_typesupport_introspection_c.h
-- Up-to-date: /home/robot/app/robot_ws/install/action_msgs/include/action_msgs/action_msgs/msg/detail/goal_info__rosidl_typesupport_introspection_c.h
-- Up-to-date: /home/robot/app/robot_ws/install/action_msgs/include/action_msgs/action_msgs/msg/detail/goal_status_array__rosidl_typesupport_introspection_c.h
-- Up-to-date: /home/robot/app/robot_ws/install/action_msgs/include/action_msgs/action_msgs/msg/detail/goal_status_array__type_support.c
-- Up-to-date: /home/robot/app/robot_ws/install/action_msgs/include/action_msgs/action_msgs/msg/detail/goal_status__type_support.c
-- Up-to-date: /home/robot/app/robot_ws/install/action_msgs/lib/libaction_msgs__rosidl_typesupport_introspection_c.so
-- Up-to-date: /home/robot/app/robot_ws/install/action_msgs/lib/libaction_msgs__rosidl_typesupport_c.so
-- Up-to-date: /home/robot/app/robot_ws/install/action_msgs/include/action_msgs
-- Up-to-date: /home/robot/app/robot_ws/install/action_msgs/include/action_msgs/srv
-- Up-to-date: /home/robot/app/robot_ws/install/action_msgs/include/action_msgs/srv/detail
-- Up-to-date: /home/robot/app/robot_ws/install/action_msgs/include/action_msgs/srv/detail/microxrcedds
-- Up-to-date: /home/robot/app/robot_ws/install/action_msgs/include/action_msgs/srv/detail/microxrcedds/cancel_goal__type_support_cpp.cpp
-- Up-to-date: /home/robot/app/robot_ws/install/action_msgs/include/action_msgs/srv/detail/cancel_goal__rosidl_typesupport_microxrcedds_cpp.hpp
-- Up-to-date: /home/robot/app/robot_ws/install/action_msgs/include/action_msgs/msg
-- Up-to-date: /home/robot/app/robot_ws/install/action_msgs/include/action_msgs/msg/detail
-- Up-to-date: /home/robot/app/robot_ws/install/action_msgs/include/action_msgs/msg/detail/microxrcedds
-- Up-to-date: /home/robot/app/robot_ws/install/action_msgs/include/action_msgs/msg/detail/microxrcedds/goal_info__type_support_cpp.cpp
-- Up-to-date: /home/robot/app/robot_ws/install/action_msgs/include/action_msgs/msg/detail/microxrcedds/goal_status__type_support_cpp.cpp
-- Up-to-date: /home/robot/app/robot_ws/install/action_msgs/include/action_msgs/msg/detail/microxrcedds/goal_status_array__type_support_cpp.cpp
-- Up-to-date: /home/robot/app/robot_ws/install/action_msgs/include/action_msgs/msg/detail/goal_status__rosidl_typesupport_microxrcedds_cpp.hpp
-- Up-to-date: /home/robot/app/robot_ws/install/action_msgs/include/action_msgs/msg/detail/goal_info__rosidl_typesupport_microxrcedds_cpp.hpp
-- Up-to-date: /home/robot/app/robot_ws/install/action_msgs/include/action_msgs/msg/detail/goal_status_array__rosidl_typesupport_microxrcedds_cpp.hpp
-- Up-to-date: /home/robot/app/robot_ws/install/action_msgs/include/action_msgs/msg/rosidl_typesupport_microxrcedds_cpp__visibility_control.h
-- Up-to-date: /home/robot/app/robot_ws/install/action_msgs/lib/libaction_msgs__rosidl_typesupport_microxrcedds_cpp.so
-- Up-to-date: /home/robot/app/robot_ws/install/action_msgs/include/action_msgs/action_msgs
-- Up-to-date: /home/robot/app/robot_ws/install/action_msgs/include/action_msgs/action_msgs/srv
-- Up-to-date: /home/robot/app/robot_ws/install/action_msgs/include/action_msgs/action_msgs/srv/detail
-- Up-to-date: /home/robot/app/robot_ws/install/action_msgs/include/action_msgs/action_msgs/srv/detail/cancel_goal__rosidl_typesupport_introspection_cpp.hpp
-- Up-to-date: /home/robot/app/robot_ws/install/action_msgs/include/action_msgs/action_msgs/srv/detail/cancel_goal__type_support.cpp
-- Up-to-date: /home/robot/app/robot_ws/install/action_msgs/include/action_msgs/action_msgs/msg
-- Up-to-date: /home/robot/app/robot_ws/install/action_msgs/include/action_msgs/action_msgs/msg/detail
-- Up-to-date: /home/robot/app/robot_ws/install/action_msgs/include/action_msgs/action_msgs/msg/detail/goal_status_array__rosidl_typesupport_introspection_cpp.hpp
-- Up-to-date: /home/robot/app/robot_ws/install/action_msgs/include/action_msgs/action_msgs/msg/detail/goal_status__rosidl_typesupport_introspection_cpp.hpp
-- Up-to-date: /home/robot/app/robot_ws/install/action_msgs/include/action_msgs/action_msgs/msg/detail/goal_info__type_support.cpp
-- Up-to-date: /home/robot/app/robot_ws/install/action_msgs/include/action_msgs/action_msgs/msg/detail/goal_status__type_support.cpp
-- Up-to-date: /home/robot/app/robot_ws/install/action_msgs/include/action_msgs/action_msgs/msg/detail/goal_status_array__type_support.cpp
-- Up-to-date: /home/robot/app/robot_ws/install/action_msgs/include/action_msgs/action_msgs/msg/detail/goal_info__rosidl_typesupport_introspection_cpp.hpp
-- Up-to-date: /home/robot/app/robot_ws/install/action_msgs/lib/libaction_msgs__rosidl_typesupport_introspection_cpp.so
-- Up-to-date: /home/robot/app/robot_ws/install/action_msgs/lib/libaction_msgs__rosidl_typesupport_cpp.so
-- Up-to-date: /home/robot/app/robot_ws/install/action_msgs/share/action_msgs/environment/pythonpath.sh
-- Up-to-date: /home/robot/app/robot_ws/install/action_msgs/share/action_msgs/environment/pythonpath.dsv
-- Up-to-date: /home/robot/app/robot_ws/install/action_msgs/local/lib/python3.10/dist-packages/action_msgs-1.2.1-py3.10.egg-info
-- Installing: /home/robot/app/robot_ws/install/action_msgs/local/lib/python3.10/dist-packages/action_msgs-1.2.1-py3.10.egg-info/dependency_links.txt
-- Installing: /home/robot/app/robot_ws/install/action_msgs/local/lib/python3.10/dist-packages/action_msgs-1.2.1-py3.10.egg-info/PKG-INFO
-- Installing: /home/robot/app/robot_ws/install/action_msgs/local/lib/python3.10/dist-packages/action_msgs-1.2.1-py3.10.egg-info/SOURCES.txt
-- Installing: /home/robot/app/robot_ws/install/action_msgs/local/lib/python3.10/dist-packages/action_msgs-1.2.1-py3.10.egg-info/top_level.txt
-- Up-to-date: /home/robot/app/robot_ws/install/action_msgs/local/lib/python3.10/dist-packages/action_msgs
-- Up-to-date: /home/robot/app/robot_ws/install/action_msgs/local/lib/python3.10/dist-packages/action_msgs/__init__.py
-- Up-to-date: /home/robot/app/robot_ws/install/action_msgs/local/lib/python3.10/dist-packages/action_msgs/action_msgs_s__rosidl_typesupport_introspection_c.cpython-310-x86_64-linux-gnu.so
-- Up-to-date: /home/robot/app/robot_ws/install/action_msgs/local/lib/python3.10/dist-packages/action_msgs/action_msgs_s__rosidl_typesupport_microxrcedds_c.cpython-310-x86_64-linux-gnu.so
-- Up-to-date: /home/robot/app/robot_ws/install/action_msgs/local/lib/python3.10/dist-packages/action_msgs/srv
-- Up-to-date: /home/robot/app/robot_ws/install/action_msgs/local/lib/python3.10/dist-packages/action_msgs/srv/__init__.py
-- Up-to-date: /home/robot/app/robot_ws/install/action_msgs/local/lib/python3.10/dist-packages/action_msgs/srv/_cancel_goal.py
-- Up-to-date: /home/robot/app/robot_ws/install/action_msgs/local/lib/python3.10/dist-packages/action_msgs/srv/_cancel_goal_s.c
-- Up-to-date: /home/robot/app/robot_ws/install/action_msgs/local/lib/python3.10/dist-packages/action_msgs/action_msgs_s__rosidl_typesupport_c.cpython-310-x86_64-linux-gnu.so
-- Up-to-date: /home/robot/app/robot_ws/install/action_msgs/local/lib/python3.10/dist-packages/action_msgs/_action_msgs_s.ep.rosidl_typesupport_introspection_c.c
-- Up-to-date: /home/robot/app/robot_ws/install/action_msgs/local/lib/python3.10/dist-packages/action_msgs/_action_msgs_s.ep.rosidl_typesupport_microxrcedds_c.c
-- Up-to-date: /home/robot/app/robot_ws/install/action_msgs/local/lib/python3.10/dist-packages/action_msgs/libaction_msgs__rosidl_generator_py.so
-- Up-to-date: /home/robot/app/robot_ws/install/action_msgs/local/lib/python3.10/dist-packages/action_msgs/action_msgs_s__rosidl_typesupport_fastrtps_c.cpython-310-x86_64-linux-gnu.so
-- Up-to-date: /home/robot/app/robot_ws/install/action_msgs/local/lib/python3.10/dist-packages/action_msgs/_action_msgs_s.ep.rosidl_typesupport_fastrtps_c.c
-- Up-to-date: /home/robot/app/robot_ws/install/action_msgs/local/lib/python3.10/dist-packages/action_msgs/msg
-- Up-to-date: /home/robot/app/robot_ws/install/action_msgs/local/lib/python3.10/dist-packages/action_msgs/msg/_goal_status_array.py
-- Up-to-date: /home/robot/app/robot_ws/install/action_msgs/local/lib/python3.10/dist-packages/action_msgs/msg/__init__.py
-- Up-to-date: /home/robot/app/robot_ws/install/action_msgs/local/lib/python3.10/dist-packages/action_msgs/msg/_goal_status_array_s.c
-- Up-to-date: /home/robot/app/robot_ws/install/action_msgs/local/lib/python3.10/dist-packages/action_msgs/msg/_goal_info_s.c
-- Up-to-date: /home/robot/app/robot_ws/install/action_msgs/local/lib/python3.10/dist-packages/action_msgs/msg/_goal_status.py
-- Up-to-date: /home/robot/app/robot_ws/install/action_msgs/local/lib/python3.10/dist-packages/action_msgs/msg/_goal_info.py
-- Up-to-date: /home/robot/app/robot_ws/install/action_msgs/local/lib/python3.10/dist-packages/action_msgs/msg/_goal_status_s.c
-- Up-to-date: /home/robot/app/robot_ws/install/action_msgs/local/lib/python3.10/dist-packages/action_msgs/_action_msgs_s.ep.rosidl_typesupport_c.c
Listing '/home/robot/app/robot_ws/install/action_msgs/local/lib/python3.10/dist-packages/action_msgs'...
Listing '/home/robot/app/robot_ws/install/action_msgs/local/lib/python3.10/dist-packages/action_msgs/msg'...
Listing '/home/robot/app/robot_ws/install/action_msgs/local/lib/python3.10/dist-packages/action_msgs/srv'...
-- Up-to-date: /home/robot/app/robot_ws/install/action_msgs/local/lib/python3.10/dist-packages/action_msgs/action_msgs_s__rosidl_typesupport_microxrcedds_c.cpython-310-x86_64-linux-gnu.so
-- Up-to-date: /home/robot/app/robot_ws/install/action_msgs/local/lib/python3.10/dist-packages/action_msgs/action_msgs_s__rosidl_typesupport_fastrtps_c.cpython-310-x86_64-linux-gnu.so
-- Up-to-date: /home/robot/app/robot_ws/install/action_msgs/local/lib/python3.10/dist-packages/action_msgs/action_msgs_s__rosidl_typesupport_introspection_c.cpython-310-x86_64-linux-gnu.so
-- Up-to-date: /home/robot/app/robot_ws/install/action_msgs/local/lib/python3.10/dist-packages/action_msgs/action_msgs_s__rosidl_typesupport_c.cpython-310-x86_64-linux-gnu.so
-- Up-to-date: /home/robot/app/robot_ws/install/action_msgs/lib/libaction_msgs__rosidl_generator_py.so
-- Up-to-date: /home/robot/app/robot_ws/install/action_msgs/share/action_msgs/msg/GoalInfo.idl
-- Up-to-date: /home/robot/app/robot_ws/install/action_msgs/share/action_msgs/msg/GoalStatus.idl
-- Up-to-date: /home/robot/app/robot_ws/install/action_msgs/share/action_msgs/msg/GoalStatusArray.idl
-- Up-to-date: /home/robot/app/robot_ws/install/action_msgs/share/action_msgs/srv/CancelGoal.idl
-- Up-to-date: /home/robot/app/robot_ws/install/action_msgs/share/action_msgs/msg/GoalInfo.msg
-- Up-to-date: /home/robot/app/robot_ws/install/action_msgs/share/action_msgs/msg/GoalStatus.msg
-- Up-to-date: /home/robot/app/robot_ws/install/action_msgs/share/action_msgs/msg/GoalStatusArray.msg
-- Up-to-date: /home/robot/app/robot_ws/install/action_msgs/share/action_msgs/srv/CancelGoal.srv
-- Up-to-date: /home/robot/app/robot_ws/install/action_msgs/share/action_msgs/srv/CancelGoal_Request.msg
-- Up-to-date: /home/robot/app/robot_ws/install/action_msgs/share/action_msgs/srv/CancelGoal_Response.msg
-- Up-to-date: /home/robot/app/robot_ws/install/action_msgs/share/ament_index/resource_index/package_run_dependencies/action_msgs
-- Up-to-date: /home/robot/app/robot_ws/install/action_msgs/share/ament_index/resource_index/parent_prefix_path/action_msgs
-- Up-to-date: /home/robot/app/robot_ws/install/action_msgs/share/action_msgs/environment/ament_prefix_path.sh
-- Up-to-date: /home/robot/app/robot_ws/install/action_msgs/share/action_msgs/environment/ament_prefix_path.dsv
-- Up-to-date: /home/robot/app/robot_ws/install/action_msgs/share/action_msgs/environment/path.sh
-- Up-to-date: /home/robot/app/robot_ws/install/action_msgs/share/action_msgs/environment/path.dsv
-- Up-to-date: /home/robot/app/robot_ws/install/action_msgs/share/action_msgs/local_setup.bash
-- Up-to-date: /home/robot/app/robot_ws/install/action_msgs/share/action_msgs/local_setup.sh
-- Up-to-date: /home/robot/app/robot_ws/install/action_msgs/share/action_msgs/local_setup.zsh
-- Up-to-date: /home/robot/app/robot_ws/install/action_msgs/share/action_msgs/local_setup.dsv
-- Installing: /home/robot/app/robot_ws/install/action_msgs/share/action_msgs/package.dsv
-- Up-to-date: /home/robot/app/robot_ws/install/action_msgs/share/ament_index/resource_index/packages/action_msgs
-- Up-to-date: /home/robot/app/robot_ws/install/action_msgs/share/action_msgs/cmake/export_action_msgs__rosidl_generator_cExport.cmake
-- Up-to-date: /home/robot/app/robot_ws/install/action_msgs/share/action_msgs/cmake/export_action_msgs__rosidl_generator_cExport-noconfig.cmake
-- Up-to-date: /home/robot/app/robot_ws/install/action_msgs/share/action_msgs/cmake/export_action_msgs__rosidl_typesupport_fastrtps_cExport.cmake
-- Up-to-date: /home/robot/app/robot_ws/install/action_msgs/share/action_msgs/cmake/export_action_msgs__rosidl_typesupport_fastrtps_cExport-noconfig.cmake
-- Up-to-date: /home/robot/app/robot_ws/install/action_msgs/share/action_msgs/cmake/export_action_msgs__rosidl_generator_cppExport.cmake
-- Up-to-date: /home/robot/app/robot_ws/install/action_msgs/share/action_msgs/cmake/export_action_msgs__rosidl_typesupport_fastrtps_cppExport.cmake
-- Up-to-date: /home/robot/app/robot_ws/install/action_msgs/share/action_msgs/cmake/export_action_msgs__rosidl_typesupport_fastrtps_cppExport-noconfig.cmake
-- Up-to-date: /home/robot/app/robot_ws/install/action_msgs/share/action_msgs/cmake/action_msgs__rosidl_typesupport_introspection_cExport.cmake
-- Up-to-date: /home/robot/app/robot_ws/install/action_msgs/share/action_msgs/cmake/action_msgs__rosidl_typesupport_introspection_cExport-noconfig.cmake
-- Up-to-date: /home/robot/app/robot_ws/install/action_msgs/share/action_msgs/cmake/action_msgs__rosidl_typesupport_cExport.cmake
-- Up-to-date: /home/robot/app/robot_ws/install/action_msgs/share/action_msgs/cmake/action_msgs__rosidl_typesupport_cExport-noconfig.cmake
-- Up-to-date: /home/robot/app/robot_ws/install/action_msgs/share/action_msgs/cmake/action_msgs__rosidl_typesupport_introspection_cppExport.cmake
-- Up-to-date: /home/robot/app/robot_ws/install/action_msgs/share/action_msgs/cmake/action_msgs__rosidl_typesupport_introspection_cppExport-noconfig.cmake
-- Up-to-date: /home/robot/app/robot_ws/install/action_msgs/share/action_msgs/cmake/action_msgs__rosidl_typesupport_cppExport.cmake
-- Up-to-date: /home/robot/app/robot_ws/install/action_msgs/share/action_msgs/cmake/action_msgs__rosidl_typesupport_cppExport-noconfig.cmake
-- Up-to-date: /home/robot/app/robot_ws/install/action_msgs/share/action_msgs/cmake/export_action_msgs__rosidl_generator_pyExport.cmake
-- Up-to-date: /home/robot/app/robot_ws/install/action_msgs/share/action_msgs/cmake/export_action_msgs__rosidl_generator_pyExport-noconfig.cmake
-- Up-to-date: /home/robot/app/robot_ws/install/action_msgs/share/action_msgs/cmake/rosidl_cmake-extras.cmake
-- Up-to-date: /home/robot/app/robot_ws/install/action_msgs/share/action_msgs/cmake/ament_cmake_export_dependencies-extras.cmake
-- Up-to-date: /home/robot/app/robot_ws/install/action_msgs/share/action_msgs/cmake/ament_cmake_export_include_directories-extras.cmake
-- Up-to-date: /home/robot/app/robot_ws/install/action_msgs/share/action_msgs/cmake/ament_cmake_export_libraries-extras.cmake
-- Up-to-date: /home/robot/app/robot_ws/install/action_msgs/share/action_msgs/cmake/ament_cmake_export_targets-extras.cmake
-- Up-to-date: /home/robot/app/robot_ws/install/action_msgs/share/action_msgs/cmake/rosidl_cmake_export_typesupport_targets-extras.cmake
-- Up-to-date: /home/robot/app/robot_ws/install/action_msgs/share/action_msgs/cmake/rosidl_cmake_export_typesupport_libraries-extras.cmake
-- Up-to-date: /home/robot/app/robot_ws/install/action_msgs/share/action_msgs/cmake/action_msgsConfig.cmake
-- Up-to-date: /home/robot/app/robot_ws/install/action_msgs/share/action_msgs/cmake/action_msgsConfig-version.cmake
-- Up-to-date: /home/robot/app/robot_ws/install/action_msgs/share/action_msgs/package.xml
