[0.086s] Invoking command in '/home/robot/app/robot_ws/build/action_msgs': CMAKE_PREFIX_PATH=/home/robot/app/robot_ws/install/unique_identifier_msgs:/home/robot/app/robot_ws/install/builtin_interfaces:/home/robot/app/robot_ws/install/micro_ros_demos_rclc:/home/robot/app/robot_ws/install/common_interfaces:/home/robot/app/robot_ws/install/visualization_msgs:/home/robot/app/robot_ws/install/test_msgs:/home/robot/app/robot_ws/install/example_interfaces:/home/robot/app/robot_ws/install/action_msgs:/home/robot/app/robot_ws/install/trajectory_msgs:/home/robot/app/robot_ws/install/stereo_msgs:/home/robot/app/robot_ws/install/std_srvs:/home/robot/app/robot_ws/install/shape_msgs:/home/robot/app/robot_ws/install/sensor_msgs:/home/robot/app/robot_ws/install/nav_msgs:/home/robot/app/robot_ws/install/diagnostic_msgs:/home/robot/app/robot_ws/install/geometry_msgs:/home/robot/app/robot_ws/install/actionlib_msgs:/home/robot/app/robot_ws/install/std_msgs:/home/robot/app/robot_ws/install/statistics_msgs:/home/robot/app/robot_ws/install/rosidl_typesupport_microxrcedds_test_msg:/home/robot/app/robot_ws/install/rosidl_typesupport_microxrcedds_cpp_tests:/home/robot/app/robot_ws/install/rmw_microxrcedds:/home/robot/app/robot_ws/install/rosidl_typesupport_microxrcedds_cpp:/home/robot/app/robot_ws/install/rosidl_typesupport_microxrcedds_c_tests:/home/robot/app/robot_ws/install/rosidl_typesupport_microxrcedds_c:/home/robot/app/robot_ws/install/rosgraph_msgs:/home/robot/app/robot_ws/install/rclc_parameter:/home/robot/app/robot_ws/install/rclc:/home/robot/app/robot_ws/install/composition_interfaces:/home/robot/app/robot_ws/install/rcl_interfaces:/home/robot/app/robot_ws/install/microxrcedds_client:/home/robot/app/robot_ws/install/microcdr:/home/robot/app/robot_ws/install/micro_ros_utilities:/home/robot/app/robot_ws/install/micro_ros_msgs:/home/robot/app/robot_ws/install/lifecycle_msgs:/home/robot/app/robot_ws/install/complex_msgs:/home/robot/app/robot_ws/install/micro_ros_setup:/home/robot/app/robot_ws/install/my_custom_message:/home/robot/app/robot_ws/install/sensor_msgs_py:/opt/ros/humble LD_LIBRARY_PATH=/home/robot/app/robot_ws/install/unique_identifier_msgs/lib:/home/robot/app/robot_ws/install/builtin_interfaces/lib:/home/robot/app/robot_ws/install/visualization_msgs/lib:/home/robot/app/robot_ws/install/test_msgs/lib:/home/robot/app/robot_ws/install/example_interfaces/lib:/home/robot/app/robot_ws/install/action_msgs/lib:/home/robot/app/robot_ws/install/trajectory_msgs/lib:/home/robot/app/robot_ws/install/stereo_msgs/lib:/home/robot/app/robot_ws/install/std_srvs/lib:/home/robot/app/robot_ws/install/shape_msgs/lib:/home/robot/app/robot_ws/install/sensor_msgs/lib:/home/robot/app/robot_ws/install/nav_msgs/lib:/home/robot/app/robot_ws/install/diagnostic_msgs/lib:/home/robot/app/robot_ws/install/geometry_msgs/lib:/home/robot/app/robot_ws/install/actionlib_msgs/lib:/home/robot/app/robot_ws/install/std_msgs/lib:/home/robot/app/robot_ws/install/statistics_msgs/lib:/home/robot/app/robot_ws/install/rmw_microxrcedds/lib:/home/robot/app/robot_ws/install/rosidl_typesupport_microxrcedds_cpp/lib:/home/robot/app/robot_ws/install/rosidl_typesupport_microxrcedds_c/lib:/home/robot/app/robot_ws/install/rosgraph_msgs/lib:/home/robot/app/robot_ws/install/rclc_parameter/lib:/home/robot/app/robot_ws/install/rclc/lib:/home/robot/app/robot_ws/install/composition_interfaces/lib:/home/robot/app/robot_ws/install/rcl_interfaces/lib:/home/robot/app/robot_ws/install/microxrcedds_client/lib:/home/robot/app/robot_ws/install/microcdr/lib:/home/robot/app/robot_ws/install/micro_ros_utilities/lib:/home/robot/app/robot_ws/install/micro_ros_msgs/lib:/home/robot/app/robot_ws/install/lifecycle_msgs/lib:/home/robot/app/robot_ws/install/complex_msgs/lib:/home/robot/app/robot_ws/install/my_custom_message/lib:/opt/ros/humble/opt/rviz_ogre_vendor/lib:/opt/ros/humble/lib/x86_64-linux-gnu:/opt/ros/humble/lib /usr/bin/cmake --build /home/robot/app/robot_ws/build/action_msgs -- -j8 -l8
[0.275s] [35m[1mConsolidate compiler generated dependencies of target action_msgs__rosidl_generator_c[0m
[0.399s] [  8%] Built target action_msgs__rosidl_generator_c
[0.416s] [ 10%] Built target action_msgs__cpp
[0.495s] [35m[1mConsolidate compiler generated dependencies of target action_msgs__rosidl_typesupport_microxrcedds_c[0m
[0.519s] [35m[1mConsolidate compiler generated dependencies of target action_msgs__rosidl_typesupport_microxrcedds_cpp[0m
[0.519s] [35m[1mConsolidate compiler generated dependencies of target action_msgs__rosidl_typesupport_c[0m
[0.531s] [35m[1mConsolidate compiler generated dependencies of target action_msgs__rosidl_typesupport_introspection_c[0m
[0.557s] [35m[1mConsolidate compiler generated dependencies of target action_msgs__rosidl_typesupport_fastrtps_c[0m
[0.626s] [35m[1mConsolidate compiler generated dependencies of target action_msgs__rosidl_typesupport_cpp[0m
[0.638s] [35m[1mConsolidate compiler generated dependencies of target action_msgs__rosidl_typesupport_introspection_cpp[0m
[0.644s] [ 10%] Built target ament_cmake_python_copy_action_msgs
[0.743s] [ 18%] Built target action_msgs__rosidl_typesupport_introspection_c
[0.743s] [ 27%] Built target action_msgs__rosidl_typesupport_fastrtps_c
[0.763s] [ 36%] Built target action_msgs__rosidl_typesupport_c
[0.778s] [ 44%] Built target action_msgs__rosidl_typesupport_microxrcedds_c
[0.786s] [ 53%] Built target action_msgs__rosidl_typesupport_microxrcedds_cpp
[0.815s] [ 62%] Built target action_msgs__rosidl_typesupport_introspection_cpp
[0.889s] [35m[1mConsolidate compiler generated dependencies of target action_msgs__rosidl_typesupport_fastrtps_cpp[0m
[0.906s] [ 71%] Built target action_msgs__rosidl_typesupport_cpp
[1.083s] [ 79%] Built target action_msgs__rosidl_typesupport_fastrtps_cpp
[1.359s] [ 79%] Built target action_msgs
[1.571s] [ 81%] Built target action_msgs__py
[1.701s] [35m[1mConsolidate compiler generated dependencies of target action_msgs__rosidl_generator_py[0m
[1.836s] [ 88%] Built target action_msgs__rosidl_generator_py
[1.912s] [35m[1mConsolidate compiler generated dependencies of target action_msgs__rosidl_typesupport_microxrcedds_c__pyext[0m
[1.947s] [35m[1mConsolidate compiler generated dependencies of target action_msgs__rosidl_typesupport_c__pyext[0m
[1.988s] [35m[1mConsolidate compiler generated dependencies of target action_msgs__rosidl_typesupport_fastrtps_c__pyext[0m
[2.021s] [35m[1mConsolidate compiler generated dependencies of target action_msgs__rosidl_typesupport_introspection_c__pyext[0m
[2.021s] [ 91%] Built target action_msgs__rosidl_typesupport_microxrcedds_c__pyext
[2.086s] [ 94%] Built target action_msgs__rosidl_typesupport_c__pyext
[2.173s] [ 97%] Built target action_msgs__rosidl_typesupport_fastrtps_c__pyext
[2.186s] [100%] Built target action_msgs__rosidl_typesupport_introspection_c__pyext
[2.698s] running egg_info
[2.698s] writing action_msgs.egg-info/PKG-INFO
[2.699s] writing dependency_links to action_msgs.egg-info/dependency_links.txt
[2.700s] writing top-level names to action_msgs.egg-info/top_level.txt
[2.700s] reading manifest file 'action_msgs.egg-info/SOURCES.txt'
[2.700s] writing manifest file 'action_msgs.egg-info/SOURCES.txt'
[2.763s] [100%] Built target ament_cmake_python_build_action_msgs_egg
[2.812s] Invoked command in '/home/robot/app/robot_ws/build/action_msgs' returned '0': CMAKE_PREFIX_PATH=/home/robot/app/robot_ws/install/unique_identifier_msgs:/home/robot/app/robot_ws/install/builtin_interfaces:/home/robot/app/robot_ws/install/micro_ros_demos_rclc:/home/robot/app/robot_ws/install/common_interfaces:/home/robot/app/robot_ws/install/visualization_msgs:/home/robot/app/robot_ws/install/test_msgs:/home/robot/app/robot_ws/install/example_interfaces:/home/robot/app/robot_ws/install/action_msgs:/home/robot/app/robot_ws/install/trajectory_msgs:/home/robot/app/robot_ws/install/stereo_msgs:/home/robot/app/robot_ws/install/std_srvs:/home/robot/app/robot_ws/install/shape_msgs:/home/robot/app/robot_ws/install/sensor_msgs:/home/robot/app/robot_ws/install/nav_msgs:/home/robot/app/robot_ws/install/diagnostic_msgs:/home/robot/app/robot_ws/install/geometry_msgs:/home/robot/app/robot_ws/install/actionlib_msgs:/home/robot/app/robot_ws/install/std_msgs:/home/robot/app/robot_ws/install/statistics_msgs:/home/robot/app/robot_ws/install/rosidl_typesupport_microxrcedds_test_msg:/home/robot/app/robot_ws/install/rosidl_typesupport_microxrcedds_cpp_tests:/home/robot/app/robot_ws/install/rmw_microxrcedds:/home/robot/app/robot_ws/install/rosidl_typesupport_microxrcedds_cpp:/home/robot/app/robot_ws/install/rosidl_typesupport_microxrcedds_c_tests:/home/robot/app/robot_ws/install/rosidl_typesupport_microxrcedds_c:/home/robot/app/robot_ws/install/rosgraph_msgs:/home/robot/app/robot_ws/install/rclc_parameter:/home/robot/app/robot_ws/install/rclc:/home/robot/app/robot_ws/install/composition_interfaces:/home/robot/app/robot_ws/install/rcl_interfaces:/home/robot/app/robot_ws/install/microxrcedds_client:/home/robot/app/robot_ws/install/microcdr:/home/robot/app/robot_ws/install/micro_ros_utilities:/home/robot/app/robot_ws/install/micro_ros_msgs:/home/robot/app/robot_ws/install/lifecycle_msgs:/home/robot/app/robot_ws/install/complex_msgs:/home/robot/app/robot_ws/install/micro_ros_setup:/home/robot/app/robot_ws/install/my_custom_message:/home/robot/app/robot_ws/install/sensor_msgs_py:/opt/ros/humble LD_LIBRARY_PATH=/home/robot/app/robot_ws/install/unique_identifier_msgs/lib:/home/robot/app/robot_ws/install/builtin_interfaces/lib:/home/robot/app/robot_ws/install/visualization_msgs/lib:/home/robot/app/robot_ws/install/test_msgs/lib:/home/robot/app/robot_ws/install/example_interfaces/lib:/home/robot/app/robot_ws/install/action_msgs/lib:/home/robot/app/robot_ws/install/trajectory_msgs/lib:/home/robot/app/robot_ws/install/stereo_msgs/lib:/home/robot/app/robot_ws/install/std_srvs/lib:/home/robot/app/robot_ws/install/shape_msgs/lib:/home/robot/app/robot_ws/install/sensor_msgs/lib:/home/robot/app/robot_ws/install/nav_msgs/lib:/home/robot/app/robot_ws/install/diagnostic_msgs/lib:/home/robot/app/robot_ws/install/geometry_msgs/lib:/home/robot/app/robot_ws/install/actionlib_msgs/lib:/home/robot/app/robot_ws/install/std_msgs/lib:/home/robot/app/robot_ws/install/statistics_msgs/lib:/home/robot/app/robot_ws/install/rmw_microxrcedds/lib:/home/robot/app/robot_ws/install/rosidl_typesupport_microxrcedds_cpp/lib:/home/robot/app/robot_ws/install/rosidl_typesupport_microxrcedds_c/lib:/home/robot/app/robot_ws/install/rosgraph_msgs/lib:/home/robot/app/robot_ws/install/rclc_parameter/lib:/home/robot/app/robot_ws/install/rclc/lib:/home/robot/app/robot_ws/install/composition_interfaces/lib:/home/robot/app/robot_ws/install/rcl_interfaces/lib:/home/robot/app/robot_ws/install/microxrcedds_client/lib:/home/robot/app/robot_ws/install/microcdr/lib:/home/robot/app/robot_ws/install/micro_ros_utilities/lib:/home/robot/app/robot_ws/install/micro_ros_msgs/lib:/home/robot/app/robot_ws/install/lifecycle_msgs/lib:/home/robot/app/robot_ws/install/complex_msgs/lib:/home/robot/app/robot_ws/install/my_custom_message/lib:/opt/ros/humble/opt/rviz_ogre_vendor/lib:/opt/ros/humble/lib/x86_64-linux-gnu:/opt/ros/humble/lib /usr/bin/cmake --build /home/robot/app/robot_ws/build/action_msgs -- -j8 -l8
[3.814s] Invoking command in '/home/robot/app/robot_ws/build/action_msgs': CMAKE_PREFIX_PATH=/home/robot/app/robot_ws/install/unique_identifier_msgs:/home/robot/app/robot_ws/install/builtin_interfaces:/home/robot/app/robot_ws/install/micro_ros_demos_rclc:/home/robot/app/robot_ws/install/common_interfaces:/home/robot/app/robot_ws/install/visualization_msgs:/home/robot/app/robot_ws/install/test_msgs:/home/robot/app/robot_ws/install/example_interfaces:/home/robot/app/robot_ws/install/action_msgs:/home/robot/app/robot_ws/install/trajectory_msgs:/home/robot/app/robot_ws/install/stereo_msgs:/home/robot/app/robot_ws/install/std_srvs:/home/robot/app/robot_ws/install/shape_msgs:/home/robot/app/robot_ws/install/sensor_msgs:/home/robot/app/robot_ws/install/nav_msgs:/home/robot/app/robot_ws/install/diagnostic_msgs:/home/robot/app/robot_ws/install/geometry_msgs:/home/robot/app/robot_ws/install/actionlib_msgs:/home/robot/app/robot_ws/install/std_msgs:/home/robot/app/robot_ws/install/statistics_msgs:/home/robot/app/robot_ws/install/rosidl_typesupport_microxrcedds_test_msg:/home/robot/app/robot_ws/install/rosidl_typesupport_microxrcedds_cpp_tests:/home/robot/app/robot_ws/install/rmw_microxrcedds:/home/robot/app/robot_ws/install/rosidl_typesupport_microxrcedds_cpp:/home/robot/app/robot_ws/install/rosidl_typesupport_microxrcedds_c_tests:/home/robot/app/robot_ws/install/rosidl_typesupport_microxrcedds_c:/home/robot/app/robot_ws/install/rosgraph_msgs:/home/robot/app/robot_ws/install/rclc_parameter:/home/robot/app/robot_ws/install/rclc:/home/robot/app/robot_ws/install/composition_interfaces:/home/robot/app/robot_ws/install/rcl_interfaces:/home/robot/app/robot_ws/install/microxrcedds_client:/home/robot/app/robot_ws/install/microcdr:/home/robot/app/robot_ws/install/micro_ros_utilities:/home/robot/app/robot_ws/install/micro_ros_msgs:/home/robot/app/robot_ws/install/lifecycle_msgs:/home/robot/app/robot_ws/install/complex_msgs:/home/robot/app/robot_ws/install/micro_ros_setup:/home/robot/app/robot_ws/install/my_custom_message:/home/robot/app/robot_ws/install/sensor_msgs_py:/opt/ros/humble LD_LIBRARY_PATH=/home/robot/app/robot_ws/install/unique_identifier_msgs/lib:/home/robot/app/robot_ws/install/builtin_interfaces/lib:/home/robot/app/robot_ws/install/visualization_msgs/lib:/home/robot/app/robot_ws/install/test_msgs/lib:/home/robot/app/robot_ws/install/example_interfaces/lib:/home/robot/app/robot_ws/install/action_msgs/lib:/home/robot/app/robot_ws/install/trajectory_msgs/lib:/home/robot/app/robot_ws/install/stereo_msgs/lib:/home/robot/app/robot_ws/install/std_srvs/lib:/home/robot/app/robot_ws/install/shape_msgs/lib:/home/robot/app/robot_ws/install/sensor_msgs/lib:/home/robot/app/robot_ws/install/nav_msgs/lib:/home/robot/app/robot_ws/install/diagnostic_msgs/lib:/home/robot/app/robot_ws/install/geometry_msgs/lib:/home/robot/app/robot_ws/install/actionlib_msgs/lib:/home/robot/app/robot_ws/install/std_msgs/lib:/home/robot/app/robot_ws/install/statistics_msgs/lib:/home/robot/app/robot_ws/install/rmw_microxrcedds/lib:/home/robot/app/robot_ws/install/rosidl_typesupport_microxrcedds_cpp/lib:/home/robot/app/robot_ws/install/rosidl_typesupport_microxrcedds_c/lib:/home/robot/app/robot_ws/install/rosgraph_msgs/lib:/home/robot/app/robot_ws/install/rclc_parameter/lib:/home/robot/app/robot_ws/install/rclc/lib:/home/robot/app/robot_ws/install/composition_interfaces/lib:/home/robot/app/robot_ws/install/rcl_interfaces/lib:/home/robot/app/robot_ws/install/microxrcedds_client/lib:/home/robot/app/robot_ws/install/microcdr/lib:/home/robot/app/robot_ws/install/micro_ros_utilities/lib:/home/robot/app/robot_ws/install/micro_ros_msgs/lib:/home/robot/app/robot_ws/install/lifecycle_msgs/lib:/home/robot/app/robot_ws/install/complex_msgs/lib:/home/robot/app/robot_ws/install/my_custom_message/lib:/opt/ros/humble/opt/rviz_ogre_vendor/lib:/opt/ros/humble/lib/x86_64-linux-gnu:/opt/ros/humble/lib /usr/bin/cmake --install /home/robot/app/robot_ws/build/action_msgs
[3.844s] -- Install configuration: ""
[3.846s] -- Up-to-date: /home/robot/app/robot_ws/install/action_msgs/share/ament_index/resource_index/rosidl_interfaces/action_msgs
[3.847s] -- Up-to-date: /home/robot/app/robot_ws/install/action_msgs/include/action_msgs/action_msgs
[3.848s] -- Up-to-date: /home/robot/app/robot_ws/install/action_msgs/include/action_msgs/action_msgs/srv
[3.848s] -- Up-to-date: /home/robot/app/robot_ws/install/action_msgs/include/action_msgs/action_msgs/srv/cancel_goal.h
[3.848s] -- Up-to-date: /home/robot/app/robot_ws/install/action_msgs/include/action_msgs/action_msgs/srv/detail
[3.849s] -- Up-to-date: /home/robot/app/robot_ws/install/action_msgs/include/action_msgs/action_msgs/srv/detail/cancel_goal__struct.h
[3.849s] -- Up-to-date: /home/robot/app/robot_ws/install/action_msgs/include/action_msgs/action_msgs/srv/detail/cancel_goal__functions.c
[3.849s] -- Up-to-date: /home/robot/app/robot_ws/install/action_msgs/include/action_msgs/action_msgs/srv/detail/cancel_goal__type_support.h
[3.850s] -- Up-to-date: /home/robot/app/robot_ws/install/action_msgs/include/action_msgs/action_msgs/srv/detail/cancel_goal__functions.h
[3.850s] -- Up-to-date: /home/robot/app/robot_ws/install/action_msgs/include/action_msgs/action_msgs/msg
[3.850s] -- Up-to-date: /home/robot/app/robot_ws/install/action_msgs/include/action_msgs/action_msgs/msg/detail
[3.851s] -- Up-to-date: /home/robot/app/robot_ws/install/action_msgs/include/action_msgs/action_msgs/msg/detail/goal_status__struct.h
[3.851s] -- Up-to-date: /home/robot/app/robot_ws/install/action_msgs/include/action_msgs/action_msgs/msg/detail/goal_status__functions.h
[3.851s] -- Up-to-date: /home/robot/app/robot_ws/install/action_msgs/include/action_msgs/action_msgs/msg/detail/goal_status_array__functions.c
[3.852s] -- Up-to-date: /home/robot/app/robot_ws/install/action_msgs/include/action_msgs/action_msgs/msg/detail/goal_status__type_support.h
[3.852s] -- Up-to-date: /home/robot/app/robot_ws/install/action_msgs/include/action_msgs/action_msgs/msg/detail/goal_status_array__type_support.h
[3.853s] -- Up-to-date: /home/robot/app/robot_ws/install/action_msgs/include/action_msgs/action_msgs/msg/detail/goal_info__type_support.h
[3.853s] -- Up-to-date: /home/robot/app/robot_ws/install/action_msgs/include/action_msgs/action_msgs/msg/detail/goal_info__functions.h
[3.853s] -- Up-to-date: /home/robot/app/robot_ws/install/action_msgs/include/action_msgs/action_msgs/msg/detail/goal_status_array__functions.h
[3.854s] -- Up-to-date: /home/robot/app/robot_ws/install/action_msgs/include/action_msgs/action_msgs/msg/detail/goal_info__functions.c
[3.854s] -- Up-to-date: /home/robot/app/robot_ws/install/action_msgs/include/action_msgs/action_msgs/msg/detail/goal_status_array__struct.h
[3.855s] -- Up-to-date: /home/robot/app/robot_ws/install/action_msgs/include/action_msgs/action_msgs/msg/detail/goal_info__struct.h
[3.855s] -- Up-to-date: /home/robot/app/robot_ws/install/action_msgs/include/action_msgs/action_msgs/msg/detail/goal_status__functions.c
[3.855s] -- Up-to-date: /home/robot/app/robot_ws/install/action_msgs/include/action_msgs/action_msgs/msg/goal_status_array.h
[3.856s] -- Up-to-date: /home/robot/app/robot_ws/install/action_msgs/include/action_msgs/action_msgs/msg/goal_info.h
[3.856s] -- Up-to-date: /home/robot/app/robot_ws/install/action_msgs/include/action_msgs/action_msgs/msg/goal_status.h
[3.856s] -- Up-to-date: /home/robot/app/robot_ws/install/action_msgs/include/action_msgs/action_msgs/msg/rosidl_generator_c__visibility_control.h
[3.857s] -- Up-to-date: /home/robot/app/robot_ws/install/action_msgs/share/action_msgs/environment/library_path.sh
[3.858s] -- Up-to-date: /home/robot/app/robot_ws/install/action_msgs/share/action_msgs/environment/library_path.dsv
[3.858s] -- Up-to-date: /home/robot/app/robot_ws/install/action_msgs/lib/libaction_msgs__rosidl_generator_c.so
[3.858s] -- Up-to-date: /home/robot/app/robot_ws/install/action_msgs/include/action_msgs/action_msgs
[3.859s] -- Up-to-date: /home/robot/app/robot_ws/install/action_msgs/include/action_msgs/action_msgs/srv
[3.859s] -- Up-to-date: /home/robot/app/robot_ws/install/action_msgs/include/action_msgs/action_msgs/srv/detail
[3.859s] -- Up-to-date: /home/robot/app/robot_ws/install/action_msgs/include/action_msgs/action_msgs/srv/detail/cancel_goal__rosidl_typesupport_fastrtps_c.h
[3.859s] -- Up-to-date: /home/robot/app/robot_ws/install/action_msgs/include/action_msgs/action_msgs/msg
[3.860s] -- Up-to-date: /home/robot/app/robot_ws/install/action_msgs/include/action_msgs/action_msgs/msg/detail
[3.861s] -- Up-to-date: /home/robot/app/robot_ws/install/action_msgs/include/action_msgs/action_msgs/msg/detail/goal_info__rosidl_typesupport_fastrtps_c.h
[3.861s] -- Up-to-date: /home/robot/app/robot_ws/install/action_msgs/include/action_msgs/action_msgs/msg/detail/goal_status__rosidl_typesupport_fastrtps_c.h
[3.861s] -- Up-to-date: /home/robot/app/robot_ws/install/action_msgs/include/action_msgs/action_msgs/msg/detail/goal_status_array__rosidl_typesupport_fastrtps_c.h
[3.861s] -- Up-to-date: /home/robot/app/robot_ws/install/action_msgs/include/action_msgs/action_msgs/msg/rosidl_typesupport_fastrtps_c__visibility_control.h
[3.862s] -- Up-to-date: /home/robot/app/robot_ws/install/action_msgs/lib/libaction_msgs__rosidl_typesupport_fastrtps_c.so
[3.862s] -- Up-to-date: /home/robot/app/robot_ws/install/action_msgs/include/action_msgs/action_msgs
[3.862s] -- Up-to-date: /home/robot/app/robot_ws/install/action_msgs/include/action_msgs/action_msgs/srv
[3.863s] -- Up-to-date: /home/robot/app/robot_ws/install/action_msgs/include/action_msgs/action_msgs/srv/detail
[3.863s] -- Up-to-date: /home/robot/app/robot_ws/install/action_msgs/include/action_msgs/action_msgs/srv/detail/cancel_goal__builder.hpp
[3.863s] -- Up-to-date: /home/robot/app/robot_ws/install/action_msgs/include/action_msgs/action_msgs/srv/detail/cancel_goal__traits.hpp
[3.863s] -- Up-to-date: /home/robot/app/robot_ws/install/action_msgs/include/action_msgs/action_msgs/srv/detail/cancel_goal__struct.hpp
[3.863s] -- Up-to-date: /home/robot/app/robot_ws/install/action_msgs/include/action_msgs/action_msgs/srv/cancel_goal.hpp
[3.863s] -- Up-to-date: /home/robot/app/robot_ws/install/action_msgs/include/action_msgs/action_msgs/msg
[3.864s] -- Up-to-date: /home/robot/app/robot_ws/install/action_msgs/include/action_msgs/action_msgs/msg/detail
[3.864s] -- Up-to-date: /home/robot/app/robot_ws/install/action_msgs/include/action_msgs/action_msgs/msg/detail/goal_status__builder.hpp
[3.864s] -- Up-to-date: /home/robot/app/robot_ws/install/action_msgs/include/action_msgs/action_msgs/msg/detail/goal_status_array__builder.hpp
[3.864s] -- Up-to-date: /home/robot/app/robot_ws/install/action_msgs/include/action_msgs/action_msgs/msg/detail/goal_info__builder.hpp
[3.864s] -- Up-to-date: /home/robot/app/robot_ws/install/action_msgs/include/action_msgs/action_msgs/msg/detail/goal_info__struct.hpp
[3.864s] -- Up-to-date: /home/robot/app/robot_ws/install/action_msgs/include/action_msgs/action_msgs/msg/detail/goal_status_array__struct.hpp
[3.865s] -- Up-to-date: /home/robot/app/robot_ws/install/action_msgs/include/action_msgs/action_msgs/msg/detail/goal_info__traits.hpp
[3.865s] -- Up-to-date: /home/robot/app/robot_ws/install/action_msgs/include/action_msgs/action_msgs/msg/detail/goal_status_array__traits.hpp
[3.865s] -- Up-to-date: /home/robot/app/robot_ws/install/action_msgs/include/action_msgs/action_msgs/msg/detail/goal_status__struct.hpp
[3.865s] -- Up-to-date: /home/robot/app/robot_ws/install/action_msgs/include/action_msgs/action_msgs/msg/detail/goal_status__traits.hpp
[3.865s] -- Up-to-date: /home/robot/app/robot_ws/install/action_msgs/include/action_msgs/action_msgs/msg/goal_status_array.hpp
[3.865s] -- Up-to-date: /home/robot/app/robot_ws/install/action_msgs/include/action_msgs/action_msgs/msg/goal_info.hpp
[3.866s] -- Up-to-date: /home/robot/app/robot_ws/install/action_msgs/include/action_msgs/action_msgs/msg/goal_status.hpp
[3.866s] -- Up-to-date: /home/robot/app/robot_ws/install/action_msgs/include/action_msgs/action_msgs
[3.866s] -- Up-to-date: /home/robot/app/robot_ws/install/action_msgs/include/action_msgs/action_msgs/srv
[3.867s] -- Up-to-date: /home/robot/app/robot_ws/install/action_msgs/include/action_msgs/action_msgs/srv/detail
[3.867s] -- Up-to-date: /home/robot/app/robot_ws/install/action_msgs/include/action_msgs/action_msgs/srv/detail/dds_fastrtps
[3.868s] -- Up-to-date: /home/robot/app/robot_ws/install/action_msgs/include/action_msgs/action_msgs/srv/detail/cancel_goal__rosidl_typesupport_fastrtps_cpp.hpp
[3.868s] -- Up-to-date: /home/robot/app/robot_ws/install/action_msgs/include/action_msgs/action_msgs/msg
[3.872s] -- Up-to-date: /home/robot/app/robot_ws/install/action_msgs/include/action_msgs/action_msgs/msg/rosidl_typesupport_fastrtps_cpp__visibility_control.h
[3.873s] -- Up-to-date: /home/robot/app/robot_ws/install/action_msgs/include/action_msgs/action_msgs/msg/detail
[3.873s] -- Up-to-date: /home/robot/app/robot_ws/install/action_msgs/include/action_msgs/action_msgs/msg/detail/goal_status__rosidl_typesupport_fastrtps_cpp.hpp
[3.873s] -- Up-to-date: /home/robot/app/robot_ws/install/action_msgs/include/action_msgs/action_msgs/msg/detail/goal_info__rosidl_typesupport_fastrtps_cpp.hpp
[3.873s] -- Up-to-date: /home/robot/app/robot_ws/install/action_msgs/include/action_msgs/action_msgs/msg/detail/dds_fastrtps
[3.874s] -- Up-to-date: /home/robot/app/robot_ws/install/action_msgs/include/action_msgs/action_msgs/msg/detail/goal_status_array__rosidl_typesupport_fastrtps_cpp.hpp
[3.874s] -- Up-to-date: /home/robot/app/robot_ws/install/action_msgs/lib/libaction_msgs__rosidl_typesupport_fastrtps_cpp.so
[3.874s] -- Up-to-date: /home/robot/app/robot_ws/install/action_msgs/include/action_msgs
[3.874s] -- Up-to-date: /home/robot/app/robot_ws/install/action_msgs/include/action_msgs/srv
[3.874s] -- Up-to-date: /home/robot/app/robot_ws/install/action_msgs/include/action_msgs/srv/detail
[3.875s] -- Up-to-date: /home/robot/app/robot_ws/install/action_msgs/include/action_msgs/srv/detail/cancel_goal__rosidl_typesupport_microxrcedds_c.h
[3.875s] -- Up-to-date: /home/robot/app/robot_ws/install/action_msgs/include/action_msgs/srv/detail/microxrcedds
[3.875s] -- Up-to-date: /home/robot/app/robot_ws/install/action_msgs/include/action_msgs/msg
[3.875s] -- Up-to-date: /home/robot/app/robot_ws/install/action_msgs/include/action_msgs/msg/detail
[3.875s] -- Up-to-date: /home/robot/app/robot_ws/install/action_msgs/include/action_msgs/msg/detail/microxrcedds
[3.875s] -- Up-to-date: /home/robot/app/robot_ws/install/action_msgs/include/action_msgs/msg/detail/goal_status__rosidl_typesupport_microxrcedds_c.h
[3.876s] -- Up-to-date: /home/robot/app/robot_ws/install/action_msgs/include/action_msgs/msg/detail/goal_info__rosidl_typesupport_microxrcedds_c.h
[3.876s] -- Up-to-date: /home/robot/app/robot_ws/install/action_msgs/include/action_msgs/msg/detail/goal_status_array__rosidl_typesupport_microxrcedds_c.h
[3.876s] -- Up-to-date: /home/robot/app/robot_ws/install/action_msgs/include/action_msgs/msg/rosidl_typesupport_microxrcedds_c__visibility_control.h
[3.877s] -- Up-to-date: /home/robot/app/robot_ws/install/action_msgs/lib/libaction_msgs__rosidl_typesupport_microxrcedds_c.so
[3.877s] -- Up-to-date: /home/robot/app/robot_ws/install/action_msgs/include/action_msgs/action_msgs
[3.877s] -- Up-to-date: /home/robot/app/robot_ws/install/action_msgs/include/action_msgs/action_msgs/srv
[3.877s] -- Up-to-date: /home/robot/app/robot_ws/install/action_msgs/include/action_msgs/action_msgs/srv/detail
[3.877s] -- Up-to-date: /home/robot/app/robot_ws/install/action_msgs/include/action_msgs/action_msgs/srv/detail/cancel_goal__rosidl_typesupport_introspection_c.h
[3.877s] -- Up-to-date: /home/robot/app/robot_ws/install/action_msgs/include/action_msgs/action_msgs/srv/detail/cancel_goal__type_support.c
[3.878s] -- Up-to-date: /home/robot/app/robot_ws/install/action_msgs/include/action_msgs/action_msgs/msg
[3.878s] -- Up-to-date: /home/robot/app/robot_ws/install/action_msgs/include/action_msgs/action_msgs/msg/rosidl_typesupport_introspection_c__visibility_control.h
[3.878s] -- Up-to-date: /home/robot/app/robot_ws/install/action_msgs/include/action_msgs/action_msgs/msg/detail
[3.878s] -- Up-to-date: /home/robot/app/robot_ws/install/action_msgs/include/action_msgs/action_msgs/msg/detail/goal_info__type_support.c
[3.878s] -- Up-to-date: /home/robot/app/robot_ws/install/action_msgs/include/action_msgs/action_msgs/msg/detail/goal_status__rosidl_typesupport_introspection_c.h
[3.878s] -- Up-to-date: /home/robot/app/robot_ws/install/action_msgs/include/action_msgs/action_msgs/msg/detail/goal_info__rosidl_typesupport_introspection_c.h
[3.879s] -- Up-to-date: /home/robot/app/robot_ws/install/action_msgs/include/action_msgs/action_msgs/msg/detail/goal_status_array__rosidl_typesupport_introspection_c.h
[3.879s] -- Up-to-date: /home/robot/app/robot_ws/install/action_msgs/include/action_msgs/action_msgs/msg/detail/goal_status_array__type_support.c
[3.879s] -- Up-to-date: /home/robot/app/robot_ws/install/action_msgs/include/action_msgs/action_msgs/msg/detail/goal_status__type_support.c
[3.879s] -- Up-to-date: /home/robot/app/robot_ws/install/action_msgs/lib/libaction_msgs__rosidl_typesupport_introspection_c.so
[3.879s] -- Up-to-date: /home/robot/app/robot_ws/install/action_msgs/lib/libaction_msgs__rosidl_typesupport_c.so
[3.879s] -- Up-to-date: /home/robot/app/robot_ws/install/action_msgs/include/action_msgs
[3.880s] -- Up-to-date: /home/robot/app/robot_ws/install/action_msgs/include/action_msgs/srv
[3.880s] -- Up-to-date: /home/robot/app/robot_ws/install/action_msgs/include/action_msgs/srv/detail
[3.880s] -- Up-to-date: /home/robot/app/robot_ws/install/action_msgs/include/action_msgs/srv/detail/microxrcedds
[3.880s] -- Up-to-date: /home/robot/app/robot_ws/install/action_msgs/include/action_msgs/srv/detail/microxrcedds/cancel_goal__type_support_cpp.cpp
[3.880s] -- Up-to-date: /home/robot/app/robot_ws/install/action_msgs/include/action_msgs/srv/detail/cancel_goal__rosidl_typesupport_microxrcedds_cpp.hpp
[3.880s] -- Up-to-date: /home/robot/app/robot_ws/install/action_msgs/include/action_msgs/msg
[3.881s] -- Up-to-date: /home/robot/app/robot_ws/install/action_msgs/include/action_msgs/msg/detail
[3.881s] -- Up-to-date: /home/robot/app/robot_ws/install/action_msgs/include/action_msgs/msg/detail/microxrcedds
[3.881s] -- Up-to-date: /home/robot/app/robot_ws/install/action_msgs/include/action_msgs/msg/detail/microxrcedds/goal_info__type_support_cpp.cpp
[3.882s] -- Up-to-date: /home/robot/app/robot_ws/install/action_msgs/include/action_msgs/msg/detail/microxrcedds/goal_status__type_support_cpp.cpp
[3.882s] -- Up-to-date: /home/robot/app/robot_ws/install/action_msgs/include/action_msgs/msg/detail/microxrcedds/goal_status_array__type_support_cpp.cpp
[3.882s] -- Up-to-date: /home/robot/app/robot_ws/install/action_msgs/include/action_msgs/msg/detail/goal_status__rosidl_typesupport_microxrcedds_cpp.hpp
[3.882s] -- Up-to-date: /home/robot/app/robot_ws/install/action_msgs/include/action_msgs/msg/detail/goal_info__rosidl_typesupport_microxrcedds_cpp.hpp
[3.883s] -- Up-to-date: /home/robot/app/robot_ws/install/action_msgs/include/action_msgs/msg/detail/goal_status_array__rosidl_typesupport_microxrcedds_cpp.hpp
[3.883s] -- Up-to-date: /home/robot/app/robot_ws/install/action_msgs/include/action_msgs/msg/rosidl_typesupport_microxrcedds_cpp__visibility_control.h
[3.883s] -- Up-to-date: /home/robot/app/robot_ws/install/action_msgs/lib/libaction_msgs__rosidl_typesupport_microxrcedds_cpp.so
[3.883s] -- Up-to-date: /home/robot/app/robot_ws/install/action_msgs/include/action_msgs/action_msgs
[3.883s] -- Up-to-date: /home/robot/app/robot_ws/install/action_msgs/include/action_msgs/action_msgs/srv
[3.884s] -- Up-to-date: /home/robot/app/robot_ws/install/action_msgs/include/action_msgs/action_msgs/srv/detail
[3.884s] -- Up-to-date: /home/robot/app/robot_ws/install/action_msgs/include/action_msgs/action_msgs/srv/detail/cancel_goal__rosidl_typesupport_introspection_cpp.hpp
[3.884s] -- Up-to-date: /home/robot/app/robot_ws/install/action_msgs/include/action_msgs/action_msgs/srv/detail/cancel_goal__type_support.cpp
[3.884s] -- Up-to-date: /home/robot/app/robot_ws/install/action_msgs/include/action_msgs/action_msgs/msg
[3.884s] -- Up-to-date: /home/robot/app/robot_ws/install/action_msgs/include/action_msgs/action_msgs/msg/detail
[3.885s] -- Up-to-date: /home/robot/app/robot_ws/install/action_msgs/include/action_msgs/action_msgs/msg/detail/goal_status_array__rosidl_typesupport_introspection_cpp.hpp
[3.885s] -- Up-to-date: /home/robot/app/robot_ws/install/action_msgs/include/action_msgs/action_msgs/msg/detail/goal_status__rosidl_typesupport_introspection_cpp.hpp
[3.885s] -- Up-to-date: /home/robot/app/robot_ws/install/action_msgs/include/action_msgs/action_msgs/msg/detail/goal_info__type_support.cpp
[3.885s] -- Up-to-date: /home/robot/app/robot_ws/install/action_msgs/include/action_msgs/action_msgs/msg/detail/goal_status__type_support.cpp
[3.885s] -- Up-to-date: /home/robot/app/robot_ws/install/action_msgs/include/action_msgs/action_msgs/msg/detail/goal_status_array__type_support.cpp
[3.885s] -- Up-to-date: /home/robot/app/robot_ws/install/action_msgs/include/action_msgs/action_msgs/msg/detail/goal_info__rosidl_typesupport_introspection_cpp.hpp
[3.886s] -- Up-to-date: /home/robot/app/robot_ws/install/action_msgs/lib/libaction_msgs__rosidl_typesupport_introspection_cpp.so
[3.886s] -- Up-to-date: /home/robot/app/robot_ws/install/action_msgs/lib/libaction_msgs__rosidl_typesupport_cpp.so
[3.886s] -- Up-to-date: /home/robot/app/robot_ws/install/action_msgs/share/action_msgs/environment/pythonpath.sh
[3.886s] -- Up-to-date: /home/robot/app/robot_ws/install/action_msgs/share/action_msgs/environment/pythonpath.dsv
[3.886s] -- Up-to-date: /home/robot/app/robot_ws/install/action_msgs/local/lib/python3.10/dist-packages/action_msgs-1.2.1-py3.10.egg-info
[3.886s] -- Installing: /home/robot/app/robot_ws/install/action_msgs/local/lib/python3.10/dist-packages/action_msgs-1.2.1-py3.10.egg-info/dependency_links.txt
[3.887s] -- Installing: /home/robot/app/robot_ws/install/action_msgs/local/lib/python3.10/dist-packages/action_msgs-1.2.1-py3.10.egg-info/PKG-INFO
[3.888s] -- Installing: /home/robot/app/robot_ws/install/action_msgs/local/lib/python3.10/dist-packages/action_msgs-1.2.1-py3.10.egg-info/SOURCES.txt
[3.888s] -- Installing: /home/robot/app/robot_ws/install/action_msgs/local/lib/python3.10/dist-packages/action_msgs-1.2.1-py3.10.egg-info/top_level.txt
[3.888s] -- Up-to-date: /home/robot/app/robot_ws/install/action_msgs/local/lib/python3.10/dist-packages/action_msgs
[3.888s] -- Up-to-date: /home/robot/app/robot_ws/install/action_msgs/local/lib/python3.10/dist-packages/action_msgs/__init__.py
[3.889s] -- Up-to-date: /home/robot/app/robot_ws/install/action_msgs/local/lib/python3.10/dist-packages/action_msgs/action_msgs_s__rosidl_typesupport_introspection_c.cpython-310-x86_64-linux-gnu.so
[3.889s] -- Up-to-date: /home/robot/app/robot_ws/install/action_msgs/local/lib/python3.10/dist-packages/action_msgs/action_msgs_s__rosidl_typesupport_microxrcedds_c.cpython-310-x86_64-linux-gnu.so
[3.889s] -- Up-to-date: /home/robot/app/robot_ws/install/action_msgs/local/lib/python3.10/dist-packages/action_msgs/srv
[3.889s] -- Up-to-date: /home/robot/app/robot_ws/install/action_msgs/local/lib/python3.10/dist-packages/action_msgs/srv/__init__.py
[3.889s] -- Up-to-date: /home/robot/app/robot_ws/install/action_msgs/local/lib/python3.10/dist-packages/action_msgs/srv/_cancel_goal.py
[3.890s] -- Up-to-date: /home/robot/app/robot_ws/install/action_msgs/local/lib/python3.10/dist-packages/action_msgs/srv/_cancel_goal_s.c
[3.890s] -- Up-to-date: /home/robot/app/robot_ws/install/action_msgs/local/lib/python3.10/dist-packages/action_msgs/action_msgs_s__rosidl_typesupport_c.cpython-310-x86_64-linux-gnu.so
[3.890s] -- Up-to-date: /home/robot/app/robot_ws/install/action_msgs/local/lib/python3.10/dist-packages/action_msgs/_action_msgs_s.ep.rosidl_typesupport_introspection_c.c
[3.890s] -- Up-to-date: /home/robot/app/robot_ws/install/action_msgs/local/lib/python3.10/dist-packages/action_msgs/_action_msgs_s.ep.rosidl_typesupport_microxrcedds_c.c
[3.891s] -- Up-to-date: /home/robot/app/robot_ws/install/action_msgs/local/lib/python3.10/dist-packages/action_msgs/libaction_msgs__rosidl_generator_py.so
[3.891s] -- Up-to-date: /home/robot/app/robot_ws/install/action_msgs/local/lib/python3.10/dist-packages/action_msgs/action_msgs_s__rosidl_typesupport_fastrtps_c.cpython-310-x86_64-linux-gnu.so
[3.891s] -- Up-to-date: /home/robot/app/robot_ws/install/action_msgs/local/lib/python3.10/dist-packages/action_msgs/_action_msgs_s.ep.rosidl_typesupport_fastrtps_c.c
[3.891s] -- Up-to-date: /home/robot/app/robot_ws/install/action_msgs/local/lib/python3.10/dist-packages/action_msgs/msg
[3.891s] -- Up-to-date: /home/robot/app/robot_ws/install/action_msgs/local/lib/python3.10/dist-packages/action_msgs/msg/_goal_status_array.py
[3.892s] -- Up-to-date: /home/robot/app/robot_ws/install/action_msgs/local/lib/python3.10/dist-packages/action_msgs/msg/__init__.py
[3.892s] -- Up-to-date: /home/robot/app/robot_ws/install/action_msgs/local/lib/python3.10/dist-packages/action_msgs/msg/_goal_status_array_s.c
[3.892s] -- Up-to-date: /home/robot/app/robot_ws/install/action_msgs/local/lib/python3.10/dist-packages/action_msgs/msg/_goal_info_s.c
[3.892s] -- Up-to-date: /home/robot/app/robot_ws/install/action_msgs/local/lib/python3.10/dist-packages/action_msgs/msg/_goal_status.py
[3.892s] -- Up-to-date: /home/robot/app/robot_ws/install/action_msgs/local/lib/python3.10/dist-packages/action_msgs/msg/_goal_info.py
[3.893s] -- Up-to-date: /home/robot/app/robot_ws/install/action_msgs/local/lib/python3.10/dist-packages/action_msgs/msg/_goal_status_s.c
[3.893s] -- Up-to-date: /home/robot/app/robot_ws/install/action_msgs/local/lib/python3.10/dist-packages/action_msgs/_action_msgs_s.ep.rosidl_typesupport_c.c
[4.009s] Listing '/home/robot/app/robot_ws/install/action_msgs/local/lib/python3.10/dist-packages/action_msgs'...
[4.009s] Listing '/home/robot/app/robot_ws/install/action_msgs/local/lib/python3.10/dist-packages/action_msgs/msg'...
[4.010s] Listing '/home/robot/app/robot_ws/install/action_msgs/local/lib/python3.10/dist-packages/action_msgs/srv'...
[4.020s] -- Up-to-date: /home/robot/app/robot_ws/install/action_msgs/local/lib/python3.10/dist-packages/action_msgs/action_msgs_s__rosidl_typesupport_microxrcedds_c.cpython-310-x86_64-linux-gnu.so
[4.020s] -- Up-to-date: /home/robot/app/robot_ws/install/action_msgs/local/lib/python3.10/dist-packages/action_msgs/action_msgs_s__rosidl_typesupport_fastrtps_c.cpython-310-x86_64-linux-gnu.so
[4.021s] -- Up-to-date: /home/robot/app/robot_ws/install/action_msgs/local/lib/python3.10/dist-packages/action_msgs/action_msgs_s__rosidl_typesupport_introspection_c.cpython-310-x86_64-linux-gnu.so
[4.021s] -- Up-to-date: /home/robot/app/robot_ws/install/action_msgs/local/lib/python3.10/dist-packages/action_msgs/action_msgs_s__rosidl_typesupport_c.cpython-310-x86_64-linux-gnu.so
[4.022s] -- Up-to-date: /home/robot/app/robot_ws/install/action_msgs/lib/libaction_msgs__rosidl_generator_py.so
[4.022s] -- Up-to-date: /home/robot/app/robot_ws/install/action_msgs/share/action_msgs/msg/GoalInfo.idl
[4.024s] -- Up-to-date: /home/robot/app/robot_ws/install/action_msgs/share/action_msgs/msg/GoalStatus.idl
[4.024s] -- Up-to-date: /home/robot/app/robot_ws/install/action_msgs/share/action_msgs/msg/GoalStatusArray.idl
[4.025s] -- Up-to-date: /home/robot/app/robot_ws/install/action_msgs/share/action_msgs/srv/CancelGoal.idl
[4.025s] -- Up-to-date: /home/robot/app/robot_ws/install/action_msgs/share/action_msgs/msg/GoalInfo.msg
[4.026s] -- Up-to-date: /home/robot/app/robot_ws/install/action_msgs/share/action_msgs/msg/GoalStatus.msg
[4.026s] -- Up-to-date: /home/robot/app/robot_ws/install/action_msgs/share/action_msgs/msg/GoalStatusArray.msg
[4.026s] -- Up-to-date: /home/robot/app/robot_ws/install/action_msgs/share/action_msgs/srv/CancelGoal.srv
[4.026s] -- Up-to-date: /home/robot/app/robot_ws/install/action_msgs/share/action_msgs/srv/CancelGoal_Request.msg
[4.026s] -- Up-to-date: /home/robot/app/robot_ws/install/action_msgs/share/action_msgs/srv/CancelGoal_Response.msg
[4.026s] -- Up-to-date: /home/robot/app/robot_ws/install/action_msgs/share/ament_index/resource_index/package_run_dependencies/action_msgs
[4.027s] -- Up-to-date: /home/robot/app/robot_ws/install/action_msgs/share/ament_index/resource_index/parent_prefix_path/action_msgs
[4.028s] -- Up-to-date: /home/robot/app/robot_ws/install/action_msgs/share/action_msgs/environment/ament_prefix_path.sh
[4.028s] -- Up-to-date: /home/robot/app/robot_ws/install/action_msgs/share/action_msgs/environment/ament_prefix_path.dsv
[4.028s] -- Up-to-date: /home/robot/app/robot_ws/install/action_msgs/share/action_msgs/environment/path.sh
[4.028s] -- Up-to-date: /home/robot/app/robot_ws/install/action_msgs/share/action_msgs/environment/path.dsv
[4.028s] -- Up-to-date: /home/robot/app/robot_ws/install/action_msgs/share/action_msgs/local_setup.bash
[4.029s] -- Up-to-date: /home/robot/app/robot_ws/install/action_msgs/share/action_msgs/local_setup.sh
[4.029s] -- Up-to-date: /home/robot/app/robot_ws/install/action_msgs/share/action_msgs/local_setup.zsh
[4.029s] -- Up-to-date: /home/robot/app/robot_ws/install/action_msgs/share/action_msgs/local_setup.dsv
[4.029s] -- Installing: /home/robot/app/robot_ws/install/action_msgs/share/action_msgs/package.dsv
[4.029s] -- Up-to-date: /home/robot/app/robot_ws/install/action_msgs/share/ament_index/resource_index/packages/action_msgs
[4.030s] -- Up-to-date: /home/robot/app/robot_ws/install/action_msgs/share/action_msgs/cmake/export_action_msgs__rosidl_generator_cExport.cmake
[4.030s] -- Up-to-date: /home/robot/app/robot_ws/install/action_msgs/share/action_msgs/cmake/export_action_msgs__rosidl_generator_cExport-noconfig.cmake
[4.030s] -- Up-to-date: /home/robot/app/robot_ws/install/action_msgs/share/action_msgs/cmake/export_action_msgs__rosidl_typesupport_fastrtps_cExport.cmake
[4.030s] -- Up-to-date: /home/robot/app/robot_ws/install/action_msgs/share/action_msgs/cmake/export_action_msgs__rosidl_typesupport_fastrtps_cExport-noconfig.cmake
[4.030s] -- Up-to-date: /home/robot/app/robot_ws/install/action_msgs/share/action_msgs/cmake/export_action_msgs__rosidl_generator_cppExport.cmake
[4.031s] -- Up-to-date: /home/robot/app/robot_ws/install/action_msgs/share/action_msgs/cmake/export_action_msgs__rosidl_typesupport_fastrtps_cppExport.cmake
[4.031s] -- Up-to-date: /home/robot/app/robot_ws/install/action_msgs/share/action_msgs/cmake/export_action_msgs__rosidl_typesupport_fastrtps_cppExport-noconfig.cmake
[4.032s] -- Up-to-date: /home/robot/app/robot_ws/install/action_msgs/share/action_msgs/cmake/action_msgs__rosidl_typesupport_introspection_cExport.cmake
[4.033s] -- Up-to-date: /home/robot/app/robot_ws/install/action_msgs/share/action_msgs/cmake/action_msgs__rosidl_typesupport_introspection_cExport-noconfig.cmake
[4.033s] -- Up-to-date: /home/robot/app/robot_ws/install/action_msgs/share/action_msgs/cmake/action_msgs__rosidl_typesupport_cExport.cmake
[4.033s] -- Up-to-date: /home/robot/app/robot_ws/install/action_msgs/share/action_msgs/cmake/action_msgs__rosidl_typesupport_cExport-noconfig.cmake
[4.033s] -- Up-to-date: /home/robot/app/robot_ws/install/action_msgs/share/action_msgs/cmake/action_msgs__rosidl_typesupport_introspection_cppExport.cmake
[4.034s] -- Up-to-date: /home/robot/app/robot_ws/install/action_msgs/share/action_msgs/cmake/action_msgs__rosidl_typesupport_introspection_cppExport-noconfig.cmake
[4.034s] -- Up-to-date: /home/robot/app/robot_ws/install/action_msgs/share/action_msgs/cmake/action_msgs__rosidl_typesupport_cppExport.cmake
[4.034s] -- Up-to-date: /home/robot/app/robot_ws/install/action_msgs/share/action_msgs/cmake/action_msgs__rosidl_typesupport_cppExport-noconfig.cmake
[4.034s] -- Up-to-date: /home/robot/app/robot_ws/install/action_msgs/share/action_msgs/cmake/export_action_msgs__rosidl_generator_pyExport.cmake
[4.034s] -- Up-to-date: /home/robot/app/robot_ws/install/action_msgs/share/action_msgs/cmake/export_action_msgs__rosidl_generator_pyExport-noconfig.cmake
[4.034s] -- Up-to-date: /home/robot/app/robot_ws/install/action_msgs/share/action_msgs/cmake/rosidl_cmake-extras.cmake
[4.035s] -- Up-to-date: /home/robot/app/robot_ws/install/action_msgs/share/action_msgs/cmake/ament_cmake_export_dependencies-extras.cmake
[4.035s] -- Up-to-date: /home/robot/app/robot_ws/install/action_msgs/share/action_msgs/cmake/ament_cmake_export_include_directories-extras.cmake
[4.035s] -- Up-to-date: /home/robot/app/robot_ws/install/action_msgs/share/action_msgs/cmake/ament_cmake_export_libraries-extras.cmake
[4.035s] -- Up-to-date: /home/robot/app/robot_ws/install/action_msgs/share/action_msgs/cmake/ament_cmake_export_targets-extras.cmake
[4.036s] -- Up-to-date: /home/robot/app/robot_ws/install/action_msgs/share/action_msgs/cmake/rosidl_cmake_export_typesupport_targets-extras.cmake
[4.036s] -- Up-to-date: /home/robot/app/robot_ws/install/action_msgs/share/action_msgs/cmake/rosidl_cmake_export_typesupport_libraries-extras.cmake
[4.036s] -- Up-to-date: /home/robot/app/robot_ws/install/action_msgs/share/action_msgs/cmake/action_msgsConfig.cmake
[4.036s] -- Up-to-date: /home/robot/app/robot_ws/install/action_msgs/share/action_msgs/cmake/action_msgsConfig-version.cmake
[4.036s] -- Up-to-date: /home/robot/app/robot_ws/install/action_msgs/share/action_msgs/package.xml
[4.044s] Invoked command in '/home/robot/app/robot_ws/build/action_msgs' returned '0': CMAKE_PREFIX_PATH=/home/robot/app/robot_ws/install/unique_identifier_msgs:/home/robot/app/robot_ws/install/builtin_interfaces:/home/robot/app/robot_ws/install/micro_ros_demos_rclc:/home/robot/app/robot_ws/install/common_interfaces:/home/robot/app/robot_ws/install/visualization_msgs:/home/robot/app/robot_ws/install/test_msgs:/home/robot/app/robot_ws/install/example_interfaces:/home/robot/app/robot_ws/install/action_msgs:/home/robot/app/robot_ws/install/trajectory_msgs:/home/robot/app/robot_ws/install/stereo_msgs:/home/robot/app/robot_ws/install/std_srvs:/home/robot/app/robot_ws/install/shape_msgs:/home/robot/app/robot_ws/install/sensor_msgs:/home/robot/app/robot_ws/install/nav_msgs:/home/robot/app/robot_ws/install/diagnostic_msgs:/home/robot/app/robot_ws/install/geometry_msgs:/home/robot/app/robot_ws/install/actionlib_msgs:/home/robot/app/robot_ws/install/std_msgs:/home/robot/app/robot_ws/install/statistics_msgs:/home/robot/app/robot_ws/install/rosidl_typesupport_microxrcedds_test_msg:/home/robot/app/robot_ws/install/rosidl_typesupport_microxrcedds_cpp_tests:/home/robot/app/robot_ws/install/rmw_microxrcedds:/home/robot/app/robot_ws/install/rosidl_typesupport_microxrcedds_cpp:/home/robot/app/robot_ws/install/rosidl_typesupport_microxrcedds_c_tests:/home/robot/app/robot_ws/install/rosidl_typesupport_microxrcedds_c:/home/robot/app/robot_ws/install/rosgraph_msgs:/home/robot/app/robot_ws/install/rclc_parameter:/home/robot/app/robot_ws/install/rclc:/home/robot/app/robot_ws/install/composition_interfaces:/home/robot/app/robot_ws/install/rcl_interfaces:/home/robot/app/robot_ws/install/microxrcedds_client:/home/robot/app/robot_ws/install/microcdr:/home/robot/app/robot_ws/install/micro_ros_utilities:/home/robot/app/robot_ws/install/micro_ros_msgs:/home/robot/app/robot_ws/install/lifecycle_msgs:/home/robot/app/robot_ws/install/complex_msgs:/home/robot/app/robot_ws/install/micro_ros_setup:/home/robot/app/robot_ws/install/my_custom_message:/home/robot/app/robot_ws/install/sensor_msgs_py:/opt/ros/humble LD_LIBRARY_PATH=/home/robot/app/robot_ws/install/unique_identifier_msgs/lib:/home/robot/app/robot_ws/install/builtin_interfaces/lib:/home/robot/app/robot_ws/install/visualization_msgs/lib:/home/robot/app/robot_ws/install/test_msgs/lib:/home/robot/app/robot_ws/install/example_interfaces/lib:/home/robot/app/robot_ws/install/action_msgs/lib:/home/robot/app/robot_ws/install/trajectory_msgs/lib:/home/robot/app/robot_ws/install/stereo_msgs/lib:/home/robot/app/robot_ws/install/std_srvs/lib:/home/robot/app/robot_ws/install/shape_msgs/lib:/home/robot/app/robot_ws/install/sensor_msgs/lib:/home/robot/app/robot_ws/install/nav_msgs/lib:/home/robot/app/robot_ws/install/diagnostic_msgs/lib:/home/robot/app/robot_ws/install/geometry_msgs/lib:/home/robot/app/robot_ws/install/actionlib_msgs/lib:/home/robot/app/robot_ws/install/std_msgs/lib:/home/robot/app/robot_ws/install/statistics_msgs/lib:/home/robot/app/robot_ws/install/rmw_microxrcedds/lib:/home/robot/app/robot_ws/install/rosidl_typesupport_microxrcedds_cpp/lib:/home/robot/app/robot_ws/install/rosidl_typesupport_microxrcedds_c/lib:/home/robot/app/robot_ws/install/rosgraph_msgs/lib:/home/robot/app/robot_ws/install/rclc_parameter/lib:/home/robot/app/robot_ws/install/rclc/lib:/home/robot/app/robot_ws/install/composition_interfaces/lib:/home/robot/app/robot_ws/install/rcl_interfaces/lib:/home/robot/app/robot_ws/install/microxrcedds_client/lib:/home/robot/app/robot_ws/install/microcdr/lib:/home/robot/app/robot_ws/install/micro_ros_utilities/lib:/home/robot/app/robot_ws/install/micro_ros_msgs/lib:/home/robot/app/robot_ws/install/lifecycle_msgs/lib:/home/robot/app/robot_ws/install/complex_msgs/lib:/home/robot/app/robot_ws/install/my_custom_message/lib:/opt/ros/humble/opt/rviz_ogre_vendor/lib:/opt/ros/humble/lib/x86_64-linux-gnu:/opt/ros/humble/lib /usr/bin/cmake --install /home/robot/app/robot_ws/build/action_msgs
