[0.259s] Invoking command in '/home/robot/app/robot_ws/build/action_msgs': CMAKE_PREFIX_PATH=/home/robot/app/robot_ws/install/unique_identifier_msgs:/home/robot/app/robot_ws/install/builtin_interfaces:/home/robot/app/robot_ws/firmware/dev_ws/install/my_custom_message:/home/robot/app/robot_ws/install/micro_ros_demos_rclc:/home/robot/app/robot_ws/install/common_interfaces:/home/robot/app/robot_ws/install/visualization_msgs:/home/robot/app/robot_ws/install/test_msgs:/home/robot/app/robot_ws/install/example_interfaces:/home/robot/app/robot_ws/install/action_msgs:/home/robot/app/robot_ws/install/trajectory_msgs:/home/robot/app/robot_ws/install/stereo_msgs:/home/robot/app/robot_ws/install/std_srvs:/home/robot/app/robot_ws/install/shape_msgs:/home/robot/app/robot_ws/install/sensor_msgs:/home/robot/app/robot_ws/install/nav_msgs:/home/robot/app/robot_ws/install/diagnostic_msgs:/home/robot/app/robot_ws/install/geometry_msgs:/home/robot/app/robot_ws/install/actionlib_msgs:/home/robot/app/robot_ws/install/std_msgs:/home/robot/app/robot_ws/install/statistics_msgs:/home/robot/app/robot_ws/install/rosidl_typesupport_microxrcedds_test_msg:/home/robot/app/robot_ws/install/rosidl_typesupport_microxrcedds_cpp_tests:/home/robot/app/robot_ws/install/rmw_microxrcedds:/home/robot/app/robot_ws/install/rosidl_typesupport_microxrcedds_cpp:/home/robot/app/robot_ws/install/rosidl_typesupport_microxrcedds_c_tests:/home/robot/app/robot_ws/install/rosidl_typesupport_microxrcedds_c:/home/robot/app/robot_ws/install/rosgraph_msgs:/home/robot/app/robot_ws/install/rclc_parameter:/home/robot/app/robot_ws/install/rclc:/home/robot/app/robot_ws/install/composition_interfaces:/home/robot/app/robot_ws/install/rcl_interfaces:/home/robot/app/robot_ws/install/microxrcedds_client:/home/robot/app/robot_ws/install/microcdr:/home/robot/app/robot_ws/install/micro_ros_utilities:/home/robot/app/robot_ws/install/micro_ros_setup:/home/robot/app/robot_ws/install/micro_ros_agent:/home/robot/app/robot_ws/install/micro_ros_msgs:/home/robot/app/robot_ws/install/lifecycle_msgs:/home/robot/app/robot_ws/install/complex_msgs:/home/robot/app/robot_ws/install/sensor_msgs_py:/opt/ros/humble LD_LIBRARY_PATH=/home/robot/app/robot_ws/install/unique_identifier_msgs/lib:/home/robot/app/robot_ws/install/builtin_interfaces/lib:/home/robot/app/robot_ws/firmware/dev_ws/install/my_custom_message/lib:/home/robot/app/robot_ws/install/visualization_msgs/lib:/home/robot/app/robot_ws/install/test_msgs/lib:/home/robot/app/robot_ws/install/example_interfaces/lib:/home/robot/app/robot_ws/install/action_msgs/lib:/home/robot/app/robot_ws/install/trajectory_msgs/lib:/home/robot/app/robot_ws/install/stereo_msgs/lib:/home/robot/app/robot_ws/install/std_srvs/lib:/home/robot/app/robot_ws/install/shape_msgs/lib:/home/robot/app/robot_ws/install/sensor_msgs/lib:/home/robot/app/robot_ws/install/nav_msgs/lib:/home/robot/app/robot_ws/install/diagnostic_msgs/lib:/home/robot/app/robot_ws/install/geometry_msgs/lib:/home/robot/app/robot_ws/install/actionlib_msgs/lib:/home/robot/app/robot_ws/install/std_msgs/lib:/home/robot/app/robot_ws/install/statistics_msgs/lib:/home/robot/app/robot_ws/install/rmw_microxrcedds/lib:/home/robot/app/robot_ws/install/rosidl_typesupport_microxrcedds_cpp/lib:/home/robot/app/robot_ws/install/rosidl_typesupport_microxrcedds_c/lib:/home/robot/app/robot_ws/install/rosgraph_msgs/lib:/home/robot/app/robot_ws/install/rclc_parameter/lib:/home/robot/app/robot_ws/install/rclc/lib:/home/robot/app/robot_ws/install/composition_interfaces/lib:/home/robot/app/robot_ws/install/rcl_interfaces/lib:/home/robot/app/robot_ws/install/microxrcedds_client/lib:/home/robot/app/robot_ws/install/microcdr/lib:/home/robot/app/robot_ws/install/micro_ros_utilities/lib:/home/robot/app/robot_ws/install/micro_ros_agent/lib:/home/robot/app/robot_ws/install/micro_ros_msgs/lib:/home/robot/app/robot_ws/install/lifecycle_msgs/lib:/home/robot/app/robot_ws/install/complex_msgs/lib:/opt/ros/humble/opt/rviz_ogre_vendor/lib:/opt/ros/humble/lib/x86_64-linux-gnu:/opt/ros/humble/lib /usr/bin/cmake --build /home/robot/app/robot_ws/build/action_msgs -- -j8 -l8
[0.598s] [  8%] Built target action_msgs__rosidl_generator_c
[0.793s] [  8%] Built target ament_cmake_python_copy_action_msgs
[0.883s] [35m[1mConsolidate compiler generated dependencies of target action_msgs__rosidl_typesupport_c[0m
[1.036s] [ 17%] Built target action_msgs__rosidl_typesupport_c
[2.217s] running egg_info
[2.221s] writing action_msgs.egg-info/PKG-INFO
[2.226s] writing dependency_links to action_msgs.egg-info/dependency_links.txt
[2.232s] writing top-level names to action_msgs.egg-info/top_level.txt
[2.233s] reading manifest file 'action_msgs.egg-info/SOURCES.txt'
[2.233s] writing manifest file 'action_msgs.egg-info/SOURCES.txt'
[2.333s] [ 17%] Built target ament_cmake_python_build_action_msgs_egg
[2.514s] [ 26%] Built target action_msgs__rosidl_typesupport_introspection_c
[2.611s] [35m[1mConsolidate compiler generated dependencies of target action_msgs__rosidl_typesupport_microxrcedds_c[0m
[2.720s] [ 34%] Built target action_msgs__rosidl_typesupport_microxrcedds_c
[2.874s] [ 43%] Built target action_msgs__rosidl_typesupport_fastrtps_c
[3.012s] [ 44%] Built target action_msgs__cpp
[3.152s] [ 53%] Built target action_msgs__rosidl_typesupport_fastrtps_cpp
[3.263s] [35m[1mConsolidate compiler generated dependencies of target action_msgs__rosidl_typesupport_cpp[0m
[3.358s] [ 62%] Built target action_msgs__rosidl_typesupport_cpp
[3.512s] [ 71%] Built target action_msgs__rosidl_typesupport_introspection_cpp
[3.626s] [35m[1mConsolidate compiler generated dependencies of target action_msgs__rosidl_typesupport_microxrcedds_cpp[0m
[3.743s] [ 79%] Built target action_msgs__rosidl_typesupport_microxrcedds_cpp
[3.875s] [ 79%] Built target action_msgs
[3.980s] [ 81%] Built target action_msgs__py
[4.095s] [ 88%] Built target action_msgs__rosidl_generator_py
[4.232s] [ 91%] Built target action_msgs__rosidl_typesupport_microxrcedds_c__pyext
[4.373s] [ 94%] Built target action_msgs__rosidl_typesupport_c__pyext
[4.533s] [ 97%] Built target action_msgs__rosidl_typesupport_introspection_c__pyext
[4.653s] [100%] Built target action_msgs__rosidl_typesupport_fastrtps_c__pyext
[4.705s] Invoked command in '/home/robot/app/robot_ws/build/action_msgs' returned '0': CMAKE_PREFIX_PATH=/home/robot/app/robot_ws/install/unique_identifier_msgs:/home/robot/app/robot_ws/install/builtin_interfaces:/home/robot/app/robot_ws/firmware/dev_ws/install/my_custom_message:/home/robot/app/robot_ws/install/micro_ros_demos_rclc:/home/robot/app/robot_ws/install/common_interfaces:/home/robot/app/robot_ws/install/visualization_msgs:/home/robot/app/robot_ws/install/test_msgs:/home/robot/app/robot_ws/install/example_interfaces:/home/robot/app/robot_ws/install/action_msgs:/home/robot/app/robot_ws/install/trajectory_msgs:/home/robot/app/robot_ws/install/stereo_msgs:/home/robot/app/robot_ws/install/std_srvs:/home/robot/app/robot_ws/install/shape_msgs:/home/robot/app/robot_ws/install/sensor_msgs:/home/robot/app/robot_ws/install/nav_msgs:/home/robot/app/robot_ws/install/diagnostic_msgs:/home/robot/app/robot_ws/install/geometry_msgs:/home/robot/app/robot_ws/install/actionlib_msgs:/home/robot/app/robot_ws/install/std_msgs:/home/robot/app/robot_ws/install/statistics_msgs:/home/robot/app/robot_ws/install/rosidl_typesupport_microxrcedds_test_msg:/home/robot/app/robot_ws/install/rosidl_typesupport_microxrcedds_cpp_tests:/home/robot/app/robot_ws/install/rmw_microxrcedds:/home/robot/app/robot_ws/install/rosidl_typesupport_microxrcedds_cpp:/home/robot/app/robot_ws/install/rosidl_typesupport_microxrcedds_c_tests:/home/robot/app/robot_ws/install/rosidl_typesupport_microxrcedds_c:/home/robot/app/robot_ws/install/rosgraph_msgs:/home/robot/app/robot_ws/install/rclc_parameter:/home/robot/app/robot_ws/install/rclc:/home/robot/app/robot_ws/install/composition_interfaces:/home/robot/app/robot_ws/install/rcl_interfaces:/home/robot/app/robot_ws/install/microxrcedds_client:/home/robot/app/robot_ws/install/microcdr:/home/robot/app/robot_ws/install/micro_ros_utilities:/home/robot/app/robot_ws/install/micro_ros_setup:/home/robot/app/robot_ws/install/micro_ros_agent:/home/robot/app/robot_ws/install/micro_ros_msgs:/home/robot/app/robot_ws/install/lifecycle_msgs:/home/robot/app/robot_ws/install/complex_msgs:/home/robot/app/robot_ws/install/sensor_msgs_py:/opt/ros/humble LD_LIBRARY_PATH=/home/robot/app/robot_ws/install/unique_identifier_msgs/lib:/home/robot/app/robot_ws/install/builtin_interfaces/lib:/home/robot/app/robot_ws/firmware/dev_ws/install/my_custom_message/lib:/home/robot/app/robot_ws/install/visualization_msgs/lib:/home/robot/app/robot_ws/install/test_msgs/lib:/home/robot/app/robot_ws/install/example_interfaces/lib:/home/robot/app/robot_ws/install/action_msgs/lib:/home/robot/app/robot_ws/install/trajectory_msgs/lib:/home/robot/app/robot_ws/install/stereo_msgs/lib:/home/robot/app/robot_ws/install/std_srvs/lib:/home/robot/app/robot_ws/install/shape_msgs/lib:/home/robot/app/robot_ws/install/sensor_msgs/lib:/home/robot/app/robot_ws/install/nav_msgs/lib:/home/robot/app/robot_ws/install/diagnostic_msgs/lib:/home/robot/app/robot_ws/install/geometry_msgs/lib:/home/robot/app/robot_ws/install/actionlib_msgs/lib:/home/robot/app/robot_ws/install/std_msgs/lib:/home/robot/app/robot_ws/install/statistics_msgs/lib:/home/robot/app/robot_ws/install/rmw_microxrcedds/lib:/home/robot/app/robot_ws/install/rosidl_typesupport_microxrcedds_cpp/lib:/home/robot/app/robot_ws/install/rosidl_typesupport_microxrcedds_c/lib:/home/robot/app/robot_ws/install/rosgraph_msgs/lib:/home/robot/app/robot_ws/install/rclc_parameter/lib:/home/robot/app/robot_ws/install/rclc/lib:/home/robot/app/robot_ws/install/composition_interfaces/lib:/home/robot/app/robot_ws/install/rcl_interfaces/lib:/home/robot/app/robot_ws/install/microxrcedds_client/lib:/home/robot/app/robot_ws/install/microcdr/lib:/home/robot/app/robot_ws/install/micro_ros_utilities/lib:/home/robot/app/robot_ws/install/micro_ros_agent/lib:/home/robot/app/robot_ws/install/micro_ros_msgs/lib:/home/robot/app/robot_ws/install/lifecycle_msgs/lib:/home/robot/app/robot_ws/install/complex_msgs/lib:/opt/ros/humble/opt/rviz_ogre_vendor/lib:/opt/ros/humble/lib/x86_64-linux-gnu:/opt/ros/humble/lib /usr/bin/cmake --build /home/robot/app/robot_ws/build/action_msgs -- -j8 -l8
[6.079s] Invoking command in '/home/robot/app/robot_ws/build/action_msgs': CMAKE_PREFIX_PATH=/home/robot/app/robot_ws/install/unique_identifier_msgs:/home/robot/app/robot_ws/install/builtin_interfaces:/home/robot/app/robot_ws/firmware/dev_ws/install/my_custom_message:/home/robot/app/robot_ws/install/micro_ros_demos_rclc:/home/robot/app/robot_ws/install/common_interfaces:/home/robot/app/robot_ws/install/visualization_msgs:/home/robot/app/robot_ws/install/test_msgs:/home/robot/app/robot_ws/install/example_interfaces:/home/robot/app/robot_ws/install/action_msgs:/home/robot/app/robot_ws/install/trajectory_msgs:/home/robot/app/robot_ws/install/stereo_msgs:/home/robot/app/robot_ws/install/std_srvs:/home/robot/app/robot_ws/install/shape_msgs:/home/robot/app/robot_ws/install/sensor_msgs:/home/robot/app/robot_ws/install/nav_msgs:/home/robot/app/robot_ws/install/diagnostic_msgs:/home/robot/app/robot_ws/install/geometry_msgs:/home/robot/app/robot_ws/install/actionlib_msgs:/home/robot/app/robot_ws/install/std_msgs:/home/robot/app/robot_ws/install/statistics_msgs:/home/robot/app/robot_ws/install/rosidl_typesupport_microxrcedds_test_msg:/home/robot/app/robot_ws/install/rosidl_typesupport_microxrcedds_cpp_tests:/home/robot/app/robot_ws/install/rmw_microxrcedds:/home/robot/app/robot_ws/install/rosidl_typesupport_microxrcedds_cpp:/home/robot/app/robot_ws/install/rosidl_typesupport_microxrcedds_c_tests:/home/robot/app/robot_ws/install/rosidl_typesupport_microxrcedds_c:/home/robot/app/robot_ws/install/rosgraph_msgs:/home/robot/app/robot_ws/install/rclc_parameter:/home/robot/app/robot_ws/install/rclc:/home/robot/app/robot_ws/install/composition_interfaces:/home/robot/app/robot_ws/install/rcl_interfaces:/home/robot/app/robot_ws/install/microxrcedds_client:/home/robot/app/robot_ws/install/microcdr:/home/robot/app/robot_ws/install/micro_ros_utilities:/home/robot/app/robot_ws/install/micro_ros_setup:/home/robot/app/robot_ws/install/micro_ros_agent:/home/robot/app/robot_ws/install/micro_ros_msgs:/home/robot/app/robot_ws/install/lifecycle_msgs:/home/robot/app/robot_ws/install/complex_msgs:/home/robot/app/robot_ws/install/sensor_msgs_py:/opt/ros/humble LD_LIBRARY_PATH=/home/robot/app/robot_ws/install/unique_identifier_msgs/lib:/home/robot/app/robot_ws/install/builtin_interfaces/lib:/home/robot/app/robot_ws/firmware/dev_ws/install/my_custom_message/lib:/home/robot/app/robot_ws/install/visualization_msgs/lib:/home/robot/app/robot_ws/install/test_msgs/lib:/home/robot/app/robot_ws/install/example_interfaces/lib:/home/robot/app/robot_ws/install/action_msgs/lib:/home/robot/app/robot_ws/install/trajectory_msgs/lib:/home/robot/app/robot_ws/install/stereo_msgs/lib:/home/robot/app/robot_ws/install/std_srvs/lib:/home/robot/app/robot_ws/install/shape_msgs/lib:/home/robot/app/robot_ws/install/sensor_msgs/lib:/home/robot/app/robot_ws/install/nav_msgs/lib:/home/robot/app/robot_ws/install/diagnostic_msgs/lib:/home/robot/app/robot_ws/install/geometry_msgs/lib:/home/robot/app/robot_ws/install/actionlib_msgs/lib:/home/robot/app/robot_ws/install/std_msgs/lib:/home/robot/app/robot_ws/install/statistics_msgs/lib:/home/robot/app/robot_ws/install/rmw_microxrcedds/lib:/home/robot/app/robot_ws/install/rosidl_typesupport_microxrcedds_cpp/lib:/home/robot/app/robot_ws/install/rosidl_typesupport_microxrcedds_c/lib:/home/robot/app/robot_ws/install/rosgraph_msgs/lib:/home/robot/app/robot_ws/install/rclc_parameter/lib:/home/robot/app/robot_ws/install/rclc/lib:/home/robot/app/robot_ws/install/composition_interfaces/lib:/home/robot/app/robot_ws/install/rcl_interfaces/lib:/home/robot/app/robot_ws/install/microxrcedds_client/lib:/home/robot/app/robot_ws/install/microcdr/lib:/home/robot/app/robot_ws/install/micro_ros_utilities/lib:/home/robot/app/robot_ws/install/micro_ros_agent/lib:/home/robot/app/robot_ws/install/micro_ros_msgs/lib:/home/robot/app/robot_ws/install/lifecycle_msgs/lib:/home/robot/app/robot_ws/install/complex_msgs/lib:/opt/ros/humble/opt/rviz_ogre_vendor/lib:/opt/ros/humble/lib/x86_64-linux-gnu:/opt/ros/humble/lib /usr/bin/cmake --install /home/robot/app/robot_ws/build/action_msgs
[6.117s] -- Install configuration: ""
[6.118s] -- Up-to-date: /home/robot/app/robot_ws/install/action_msgs/share/ament_index/resource_index/rosidl_interfaces/action_msgs
[6.118s] -- Up-to-date: /home/robot/app/robot_ws/install/action_msgs/include/action_msgs/action_msgs
[6.118s] -- Up-to-date: /home/robot/app/robot_ws/install/action_msgs/include/action_msgs/action_msgs/srv
[6.118s] -- Up-to-date: /home/robot/app/robot_ws/install/action_msgs/include/action_msgs/action_msgs/srv/cancel_goal.h
[6.118s] -- Up-to-date: /home/robot/app/robot_ws/install/action_msgs/include/action_msgs/action_msgs/srv/detail
[6.119s] -- Up-to-date: /home/robot/app/robot_ws/install/action_msgs/include/action_msgs/action_msgs/srv/detail/cancel_goal__struct.h
[6.121s] -- Up-to-date: /home/robot/app/robot_ws/install/action_msgs/include/action_msgs/action_msgs/srv/detail/cancel_goal__functions.c
[6.125s] -- Up-to-date: /home/robot/app/robot_ws/install/action_msgs/include/action_msgs/action_msgs/srv/detail/cancel_goal__type_support.h
[6.125s] -- Up-to-date: /home/robot/app/robot_ws/install/action_msgs/include/action_msgs/action_msgs/srv/detail/cancel_goal__functions.h
[6.125s] -- Up-to-date: /home/robot/app/robot_ws/install/action_msgs/include/action_msgs/action_msgs/msg
[6.126s] -- Up-to-date: /home/robot/app/robot_ws/install/action_msgs/include/action_msgs/action_msgs/msg/detail
[6.126s] -- Up-to-date: /home/robot/app/robot_ws/install/action_msgs/include/action_msgs/action_msgs/msg/detail/goal_status__struct.h
[6.126s] -- Up-to-date: /home/robot/app/robot_ws/install/action_msgs/include/action_msgs/action_msgs/msg/detail/goal_status__functions.h
[6.126s] -- Up-to-date: /home/robot/app/robot_ws/install/action_msgs/include/action_msgs/action_msgs/msg/detail/goal_status_array__functions.c
[6.126s] -- Up-to-date: /home/robot/app/robot_ws/install/action_msgs/include/action_msgs/action_msgs/msg/detail/goal_status__type_support.h
[6.127s] -- Up-to-date: /home/robot/app/robot_ws/install/action_msgs/include/action_msgs/action_msgs/msg/detail/goal_status_array__type_support.h
[6.127s] -- Up-to-date: /home/robot/app/robot_ws/install/action_msgs/include/action_msgs/action_msgs/msg/detail/goal_info__type_support.h
[6.127s] -- Up-to-date: /home/robot/app/robot_ws/install/action_msgs/include/action_msgs/action_msgs/msg/detail/goal_info__functions.h
[6.127s] -- Up-to-date: /home/robot/app/robot_ws/install/action_msgs/include/action_msgs/action_msgs/msg/detail/goal_status_array__functions.h
[6.137s] -- Up-to-date: /home/robot/app/robot_ws/install/action_msgs/include/action_msgs/action_msgs/msg/detail/goal_info__functions.c
[6.137s] -- Up-to-date: /home/robot/app/robot_ws/install/action_msgs/include/action_msgs/action_msgs/msg/detail/goal_status_array__struct.h
[6.138s] -- Up-to-date: /home/robot/app/robot_ws/install/action_msgs/include/action_msgs/action_msgs/msg/detail/goal_info__struct.h
[6.142s] -- Up-to-date: /home/robot/app/robot_ws/install/action_msgs/include/action_msgs/action_msgs/msg/detail/goal_status__functions.c
[6.142s] -- Up-to-date: /home/robot/app/robot_ws/install/action_msgs/include/action_msgs/action_msgs/msg/goal_status_array.h
[6.142s] -- Up-to-date: /home/robot/app/robot_ws/install/action_msgs/include/action_msgs/action_msgs/msg/goal_info.h
[6.142s] -- Up-to-date: /home/robot/app/robot_ws/install/action_msgs/include/action_msgs/action_msgs/msg/goal_status.h
[6.143s] -- Up-to-date: /home/robot/app/robot_ws/install/action_msgs/include/action_msgs/action_msgs/msg/rosidl_generator_c__visibility_control.h
[6.143s] -- Up-to-date: /home/robot/app/robot_ws/install/action_msgs/share/action_msgs/environment/library_path.sh
[6.143s] -- Up-to-date: /home/robot/app/robot_ws/install/action_msgs/share/action_msgs/environment/library_path.dsv
[6.144s] -- Up-to-date: /home/robot/app/robot_ws/install/action_msgs/lib/libaction_msgs__rosidl_generator_c.so
[6.144s] -- Up-to-date: /home/robot/app/robot_ws/install/action_msgs/include/action_msgs/action_msgs
[6.144s] -- Up-to-date: /home/robot/app/robot_ws/install/action_msgs/include/action_msgs/action_msgs/srv
[6.144s] -- Up-to-date: /home/robot/app/robot_ws/install/action_msgs/include/action_msgs/action_msgs/srv/detail
[6.144s] -- Up-to-date: /home/robot/app/robot_ws/install/action_msgs/include/action_msgs/action_msgs/srv/detail/cancel_goal__rosidl_typesupport_fastrtps_c.h
[6.145s] -- Up-to-date: /home/robot/app/robot_ws/install/action_msgs/include/action_msgs/action_msgs/msg
[6.145s] -- Up-to-date: /home/robot/app/robot_ws/install/action_msgs/include/action_msgs/action_msgs/msg/detail
[6.145s] -- Up-to-date: /home/robot/app/robot_ws/install/action_msgs/include/action_msgs/action_msgs/msg/detail/goal_info__rosidl_typesupport_fastrtps_c.h
[6.145s] -- Up-to-date: /home/robot/app/robot_ws/install/action_msgs/include/action_msgs/action_msgs/msg/detail/goal_status__rosidl_typesupport_fastrtps_c.h
[6.145s] -- Up-to-date: /home/robot/app/robot_ws/install/action_msgs/include/action_msgs/action_msgs/msg/detail/goal_status_array__rosidl_typesupport_fastrtps_c.h
[6.150s] -- Up-to-date: /home/robot/app/robot_ws/install/action_msgs/include/action_msgs/action_msgs/msg/rosidl_typesupport_fastrtps_c__visibility_control.h
[6.151s] -- Up-to-date: /home/robot/app/robot_ws/install/action_msgs/lib/libaction_msgs__rosidl_typesupport_fastrtps_c.so
[6.151s] -- Up-to-date: /home/robot/app/robot_ws/install/action_msgs/include/action_msgs/action_msgs
[6.151s] -- Up-to-date: /home/robot/app/robot_ws/install/action_msgs/include/action_msgs/action_msgs/srv
[6.152s] -- Up-to-date: /home/robot/app/robot_ws/install/action_msgs/include/action_msgs/action_msgs/srv/detail
[6.152s] -- Up-to-date: /home/robot/app/robot_ws/install/action_msgs/include/action_msgs/action_msgs/srv/detail/cancel_goal__builder.hpp
[6.152s] -- Up-to-date: /home/robot/app/robot_ws/install/action_msgs/include/action_msgs/action_msgs/srv/detail/cancel_goal__traits.hpp
[6.152s] -- Up-to-date: /home/robot/app/robot_ws/install/action_msgs/include/action_msgs/action_msgs/srv/detail/cancel_goal__struct.hpp
[6.152s] -- Up-to-date: /home/robot/app/robot_ws/install/action_msgs/include/action_msgs/action_msgs/srv/cancel_goal.hpp
[6.152s] -- Up-to-date: /home/robot/app/robot_ws/install/action_msgs/include/action_msgs/action_msgs/msg
[6.153s] -- Up-to-date: /home/robot/app/robot_ws/install/action_msgs/include/action_msgs/action_msgs/msg/detail
[6.157s] -- Up-to-date: /home/robot/app/robot_ws/install/action_msgs/include/action_msgs/action_msgs/msg/detail/goal_status__builder.hpp
[6.157s] -- Up-to-date: /home/robot/app/robot_ws/install/action_msgs/include/action_msgs/action_msgs/msg/detail/goal_status_array__builder.hpp
[6.157s] -- Up-to-date: /home/robot/app/robot_ws/install/action_msgs/include/action_msgs/action_msgs/msg/detail/goal_info__builder.hpp
[6.158s] -- Up-to-date: /home/robot/app/robot_ws/install/action_msgs/include/action_msgs/action_msgs/msg/detail/goal_info__struct.hpp
[6.158s] -- Up-to-date: /home/robot/app/robot_ws/install/action_msgs/include/action_msgs/action_msgs/msg/detail/goal_status_array__struct.hpp
[6.158s] -- Up-to-date: /home/robot/app/robot_ws/install/action_msgs/include/action_msgs/action_msgs/msg/detail/goal_info__traits.hpp
[6.158s] -- Up-to-date: /home/robot/app/robot_ws/install/action_msgs/include/action_msgs/action_msgs/msg/detail/goal_status_array__traits.hpp
[6.158s] -- Up-to-date: /home/robot/app/robot_ws/install/action_msgs/include/action_msgs/action_msgs/msg/detail/goal_status__struct.hpp
[6.158s] -- Up-to-date: /home/robot/app/robot_ws/install/action_msgs/include/action_msgs/action_msgs/msg/detail/goal_status__traits.hpp
[6.159s] -- Up-to-date: /home/robot/app/robot_ws/install/action_msgs/include/action_msgs/action_msgs/msg/goal_status_array.hpp
[6.160s] -- Up-to-date: /home/robot/app/robot_ws/install/action_msgs/include/action_msgs/action_msgs/msg/goal_info.hpp
[6.160s] -- Up-to-date: /home/robot/app/robot_ws/install/action_msgs/include/action_msgs/action_msgs/msg/goal_status.hpp
[6.161s] -- Up-to-date: /home/robot/app/robot_ws/install/action_msgs/include/action_msgs/action_msgs
[6.161s] -- Up-to-date: /home/robot/app/robot_ws/install/action_msgs/include/action_msgs/action_msgs/srv
[6.161s] -- Up-to-date: /home/robot/app/robot_ws/install/action_msgs/include/action_msgs/action_msgs/srv/detail
[6.161s] -- Up-to-date: /home/robot/app/robot_ws/install/action_msgs/include/action_msgs/action_msgs/srv/detail/dds_fastrtps
[6.161s] -- Up-to-date: /home/robot/app/robot_ws/install/action_msgs/include/action_msgs/action_msgs/srv/detail/cancel_goal__rosidl_typesupport_fastrtps_cpp.hpp
[6.162s] -- Up-to-date: /home/robot/app/robot_ws/install/action_msgs/include/action_msgs/action_msgs/msg
[6.162s] -- Up-to-date: /home/robot/app/robot_ws/install/action_msgs/include/action_msgs/action_msgs/msg/rosidl_typesupport_fastrtps_cpp__visibility_control.h
[6.162s] -- Up-to-date: /home/robot/app/robot_ws/install/action_msgs/include/action_msgs/action_msgs/msg/detail
[6.162s] -- Up-to-date: /home/robot/app/robot_ws/install/action_msgs/include/action_msgs/action_msgs/msg/detail/goal_status__rosidl_typesupport_fastrtps_cpp.hpp
[6.162s] -- Up-to-date: /home/robot/app/robot_ws/install/action_msgs/include/action_msgs/action_msgs/msg/detail/goal_info__rosidl_typesupport_fastrtps_cpp.hpp
[6.163s] -- Up-to-date: /home/robot/app/robot_ws/install/action_msgs/include/action_msgs/action_msgs/msg/detail/dds_fastrtps
[6.163s] -- Up-to-date: /home/robot/app/robot_ws/install/action_msgs/include/action_msgs/action_msgs/msg/detail/goal_status_array__rosidl_typesupport_fastrtps_cpp.hpp
[6.163s] -- Up-to-date: /home/robot/app/robot_ws/install/action_msgs/lib/libaction_msgs__rosidl_typesupport_fastrtps_cpp.so
[6.163s] -- Up-to-date: /home/robot/app/robot_ws/install/action_msgs/include/action_msgs
[6.163s] -- Up-to-date: /home/robot/app/robot_ws/install/action_msgs/include/action_msgs/srv
[6.164s] -- Up-to-date: /home/robot/app/robot_ws/install/action_msgs/include/action_msgs/srv/detail
[6.165s] -- Up-to-date: /home/robot/app/robot_ws/install/action_msgs/include/action_msgs/srv/detail/cancel_goal__rosidl_typesupport_microxrcedds_c.h
[6.165s] -- Up-to-date: /home/robot/app/robot_ws/install/action_msgs/include/action_msgs/srv/detail/microxrcedds
[6.165s] -- Up-to-date: /home/robot/app/robot_ws/install/action_msgs/include/action_msgs/msg
[6.166s] -- Up-to-date: /home/robot/app/robot_ws/install/action_msgs/include/action_msgs/msg/detail
[6.166s] -- Up-to-date: /home/robot/app/robot_ws/install/action_msgs/include/action_msgs/msg/detail/microxrcedds
[6.166s] -- Up-to-date: /home/robot/app/robot_ws/install/action_msgs/include/action_msgs/msg/detail/goal_status__rosidl_typesupport_microxrcedds_c.h
[6.166s] -- Up-to-date: /home/robot/app/robot_ws/install/action_msgs/include/action_msgs/msg/detail/goal_info__rosidl_typesupport_microxrcedds_c.h
[6.166s] -- Up-to-date: /home/robot/app/robot_ws/install/action_msgs/include/action_msgs/msg/detail/goal_status_array__rosidl_typesupport_microxrcedds_c.h
[6.167s] -- Up-to-date: /home/robot/app/robot_ws/install/action_msgs/include/action_msgs/msg/rosidl_typesupport_microxrcedds_c__visibility_control.h
[6.167s] -- Up-to-date: /home/robot/app/robot_ws/install/action_msgs/lib/libaction_msgs__rosidl_typesupport_microxrcedds_c.so
[6.168s] -- Up-to-date: /home/robot/app/robot_ws/install/action_msgs/include/action_msgs/action_msgs
[6.168s] -- Up-to-date: /home/robot/app/robot_ws/install/action_msgs/include/action_msgs/action_msgs/srv
[6.169s] -- Up-to-date: /home/robot/app/robot_ws/install/action_msgs/include/action_msgs/action_msgs/srv/detail
[6.170s] -- Up-to-date: /home/robot/app/robot_ws/install/action_msgs/include/action_msgs/action_msgs/srv/detail/cancel_goal__rosidl_typesupport_introspection_c.h
[6.170s] -- Up-to-date: /home/robot/app/robot_ws/install/action_msgs/include/action_msgs/action_msgs/srv/detail/cancel_goal__type_support.c
[6.170s] -- Up-to-date: /home/robot/app/robot_ws/install/action_msgs/include/action_msgs/action_msgs/msg
[6.170s] -- Up-to-date: /home/robot/app/robot_ws/install/action_msgs/include/action_msgs/action_msgs/msg/rosidl_typesupport_introspection_c__visibility_control.h
[6.171s] -- Up-to-date: /home/robot/app/robot_ws/install/action_msgs/include/action_msgs/action_msgs/msg/detail
[6.171s] -- Up-to-date: /home/robot/app/robot_ws/install/action_msgs/include/action_msgs/action_msgs/msg/detail/goal_info__type_support.c
[6.171s] -- Up-to-date: /home/robot/app/robot_ws/install/action_msgs/include/action_msgs/action_msgs/msg/detail/goal_status__rosidl_typesupport_introspection_c.h
[6.171s] -- Up-to-date: /home/robot/app/robot_ws/install/action_msgs/include/action_msgs/action_msgs/msg/detail/goal_info__rosidl_typesupport_introspection_c.h
[6.172s] -- Up-to-date: /home/robot/app/robot_ws/install/action_msgs/include/action_msgs/action_msgs/msg/detail/goal_status_array__rosidl_typesupport_introspection_c.h
[6.172s] -- Up-to-date: /home/robot/app/robot_ws/install/action_msgs/include/action_msgs/action_msgs/msg/detail/goal_status_array__type_support.c
[6.172s] -- Up-to-date: /home/robot/app/robot_ws/install/action_msgs/include/action_msgs/action_msgs/msg/detail/goal_status__type_support.c
[6.172s] -- Up-to-date: /home/robot/app/robot_ws/install/action_msgs/lib/libaction_msgs__rosidl_typesupport_introspection_c.so
[6.172s] -- Up-to-date: /home/robot/app/robot_ws/install/action_msgs/lib/libaction_msgs__rosidl_typesupport_c.so
[6.172s] -- Up-to-date: /home/robot/app/robot_ws/install/action_msgs/include/action_msgs
[6.177s] -- Up-to-date: /home/robot/app/robot_ws/install/action_msgs/include/action_msgs/srv
[6.178s] -- Up-to-date: /home/robot/app/robot_ws/install/action_msgs/include/action_msgs/srv/detail
[6.178s] -- Up-to-date: /home/robot/app/robot_ws/install/action_msgs/include/action_msgs/srv/detail/microxrcedds
[6.178s] -- Up-to-date: /home/robot/app/robot_ws/install/action_msgs/include/action_msgs/srv/detail/microxrcedds/cancel_goal__type_support_cpp.cpp
[6.178s] -- Up-to-date: /home/robot/app/robot_ws/install/action_msgs/include/action_msgs/srv/detail/cancel_goal__rosidl_typesupport_microxrcedds_cpp.hpp
[6.179s] -- Up-to-date: /home/robot/app/robot_ws/install/action_msgs/include/action_msgs/msg
[6.179s] -- Up-to-date: /home/robot/app/robot_ws/install/action_msgs/include/action_msgs/msg/detail
[6.179s] -- Up-to-date: /home/robot/app/robot_ws/install/action_msgs/include/action_msgs/msg/detail/microxrcedds
[6.179s] -- Up-to-date: /home/robot/app/robot_ws/install/action_msgs/include/action_msgs/msg/detail/microxrcedds/goal_info__type_support_cpp.cpp
[6.180s] -- Up-to-date: /home/robot/app/robot_ws/install/action_msgs/include/action_msgs/msg/detail/microxrcedds/goal_status__type_support_cpp.cpp
[6.180s] -- Up-to-date: /home/robot/app/robot_ws/install/action_msgs/include/action_msgs/msg/detail/microxrcedds/goal_status_array__type_support_cpp.cpp
[6.180s] -- Up-to-date: /home/robot/app/robot_ws/install/action_msgs/include/action_msgs/msg/detail/goal_status__rosidl_typesupport_microxrcedds_cpp.hpp
[6.180s] -- Up-to-date: /home/robot/app/robot_ws/install/action_msgs/include/action_msgs/msg/detail/goal_info__rosidl_typesupport_microxrcedds_cpp.hpp
[6.180s] -- Up-to-date: /home/robot/app/robot_ws/install/action_msgs/include/action_msgs/msg/detail/goal_status_array__rosidl_typesupport_microxrcedds_cpp.hpp
[6.181s] -- Up-to-date: /home/robot/app/robot_ws/install/action_msgs/include/action_msgs/msg/rosidl_typesupport_microxrcedds_cpp__visibility_control.h
[6.181s] -- Up-to-date: /home/robot/app/robot_ws/install/action_msgs/lib/libaction_msgs__rosidl_typesupport_microxrcedds_cpp.so
[6.181s] -- Up-to-date: /home/robot/app/robot_ws/install/action_msgs/include/action_msgs/action_msgs
[6.182s] -- Up-to-date: /home/robot/app/robot_ws/install/action_msgs/include/action_msgs/action_msgs/srv
[6.182s] -- Up-to-date: /home/robot/app/robot_ws/install/action_msgs/include/action_msgs/action_msgs/srv/detail
[6.182s] -- Up-to-date: /home/robot/app/robot_ws/install/action_msgs/include/action_msgs/action_msgs/srv/detail/cancel_goal__rosidl_typesupport_introspection_cpp.hpp
[6.182s] -- Up-to-date: /home/robot/app/robot_ws/install/action_msgs/include/action_msgs/action_msgs/srv/detail/cancel_goal__type_support.cpp
[6.182s] -- Up-to-date: /home/robot/app/robot_ws/install/action_msgs/include/action_msgs/action_msgs/msg
[6.183s] -- Up-to-date: /home/robot/app/robot_ws/install/action_msgs/include/action_msgs/action_msgs/msg/detail
[6.183s] -- Up-to-date: /home/robot/app/robot_ws/install/action_msgs/include/action_msgs/action_msgs/msg/detail/goal_status_array__rosidl_typesupport_introspection_cpp.hpp
[6.183s] -- Up-to-date: /home/robot/app/robot_ws/install/action_msgs/include/action_msgs/action_msgs/msg/detail/goal_status__rosidl_typesupport_introspection_cpp.hpp
[6.183s] -- Up-to-date: /home/robot/app/robot_ws/install/action_msgs/include/action_msgs/action_msgs/msg/detail/goal_info__type_support.cpp
[6.184s] -- Up-to-date: /home/robot/app/robot_ws/install/action_msgs/include/action_msgs/action_msgs/msg/detail/goal_status__type_support.cpp
[6.184s] -- Up-to-date: /home/robot/app/robot_ws/install/action_msgs/include/action_msgs/action_msgs/msg/detail/goal_status_array__type_support.cpp
[6.184s] -- Up-to-date: /home/robot/app/robot_ws/install/action_msgs/include/action_msgs/action_msgs/msg/detail/goal_info__rosidl_typesupport_introspection_cpp.hpp
[6.184s] -- Up-to-date: /home/robot/app/robot_ws/install/action_msgs/lib/libaction_msgs__rosidl_typesupport_introspection_cpp.so
[6.187s] -- Up-to-date: /home/robot/app/robot_ws/install/action_msgs/lib/libaction_msgs__rosidl_typesupport_cpp.so
[6.187s] -- Up-to-date: /home/robot/app/robot_ws/install/action_msgs/share/action_msgs/environment/pythonpath.sh
[6.187s] -- Up-to-date: /home/robot/app/robot_ws/install/action_msgs/share/action_msgs/environment/pythonpath.dsv
[6.188s] -- Up-to-date: /home/robot/app/robot_ws/install/action_msgs/local/lib/python3.10/dist-packages/action_msgs-1.2.1-py3.10.egg-info
[6.188s] -- Installing: /home/robot/app/robot_ws/install/action_msgs/local/lib/python3.10/dist-packages/action_msgs-1.2.1-py3.10.egg-info/dependency_links.txt
[6.191s] -- Installing: /home/robot/app/robot_ws/install/action_msgs/local/lib/python3.10/dist-packages/action_msgs-1.2.1-py3.10.egg-info/PKG-INFO
[6.191s] -- Installing: /home/robot/app/robot_ws/install/action_msgs/local/lib/python3.10/dist-packages/action_msgs-1.2.1-py3.10.egg-info/SOURCES.txt
[6.191s] -- Installing: /home/robot/app/robot_ws/install/action_msgs/local/lib/python3.10/dist-packages/action_msgs-1.2.1-py3.10.egg-info/top_level.txt
[6.191s] -- Up-to-date: /home/robot/app/robot_ws/install/action_msgs/local/lib/python3.10/dist-packages/action_msgs
[6.192s] -- Up-to-date: /home/robot/app/robot_ws/install/action_msgs/local/lib/python3.10/dist-packages/action_msgs/__init__.py
[6.192s] -- Up-to-date: /home/robot/app/robot_ws/install/action_msgs/local/lib/python3.10/dist-packages/action_msgs/action_msgs_s__rosidl_typesupport_introspection_c.cpython-310-x86_64-linux-gnu.so
[6.192s] -- Up-to-date: /home/robot/app/robot_ws/install/action_msgs/local/lib/python3.10/dist-packages/action_msgs/action_msgs_s__rosidl_typesupport_microxrcedds_c.cpython-310-x86_64-linux-gnu.so
[6.193s] -- Up-to-date: /home/robot/app/robot_ws/install/action_msgs/local/lib/python3.10/dist-packages/action_msgs/srv
[6.193s] -- Up-to-date: /home/robot/app/robot_ws/install/action_msgs/local/lib/python3.10/dist-packages/action_msgs/srv/__init__.py
[6.193s] -- Up-to-date: /home/robot/app/robot_ws/install/action_msgs/local/lib/python3.10/dist-packages/action_msgs/srv/_cancel_goal.py
[6.193s] -- Up-to-date: /home/robot/app/robot_ws/install/action_msgs/local/lib/python3.10/dist-packages/action_msgs/srv/_cancel_goal_s.c
[6.194s] -- Up-to-date: /home/robot/app/robot_ws/install/action_msgs/local/lib/python3.10/dist-packages/action_msgs/action_msgs_s__rosidl_typesupport_c.cpython-310-x86_64-linux-gnu.so
[6.195s] -- Up-to-date: /home/robot/app/robot_ws/install/action_msgs/local/lib/python3.10/dist-packages/action_msgs/_action_msgs_s.ep.rosidl_typesupport_introspection_c.c
[6.195s] -- Up-to-date: /home/robot/app/robot_ws/install/action_msgs/local/lib/python3.10/dist-packages/action_msgs/_action_msgs_s.ep.rosidl_typesupport_microxrcedds_c.c
[6.200s] -- Up-to-date: /home/robot/app/robot_ws/install/action_msgs/local/lib/python3.10/dist-packages/action_msgs/libaction_msgs__rosidl_generator_py.so
[6.201s] -- Up-to-date: /home/robot/app/robot_ws/install/action_msgs/local/lib/python3.10/dist-packages/action_msgs/action_msgs_s__rosidl_typesupport_fastrtps_c.cpython-310-x86_64-linux-gnu.so
[6.201s] -- Up-to-date: /home/robot/app/robot_ws/install/action_msgs/local/lib/python3.10/dist-packages/action_msgs/_action_msgs_s.ep.rosidl_typesupport_fastrtps_c.c
[6.201s] -- Up-to-date: /home/robot/app/robot_ws/install/action_msgs/local/lib/python3.10/dist-packages/action_msgs/msg
[6.202s] -- Up-to-date: /home/robot/app/robot_ws/install/action_msgs/local/lib/python3.10/dist-packages/action_msgs/msg/_goal_status_array.py
[6.202s] -- Up-to-date: /home/robot/app/robot_ws/install/action_msgs/local/lib/python3.10/dist-packages/action_msgs/msg/__init__.py
[6.202s] -- Up-to-date: /home/robot/app/robot_ws/install/action_msgs/local/lib/python3.10/dist-packages/action_msgs/msg/_goal_status_array_s.c
[6.202s] -- Up-to-date: /home/robot/app/robot_ws/install/action_msgs/local/lib/python3.10/dist-packages/action_msgs/msg/_goal_info_s.c
[6.202s] -- Up-to-date: /home/robot/app/robot_ws/install/action_msgs/local/lib/python3.10/dist-packages/action_msgs/msg/_goal_status.py
[6.204s] -- Up-to-date: /home/robot/app/robot_ws/install/action_msgs/local/lib/python3.10/dist-packages/action_msgs/msg/_goal_info.py
[6.204s] -- Up-to-date: /home/robot/app/robot_ws/install/action_msgs/local/lib/python3.10/dist-packages/action_msgs/msg/_goal_status_s.c
[6.204s] -- Up-to-date: /home/robot/app/robot_ws/install/action_msgs/local/lib/python3.10/dist-packages/action_msgs/_action_msgs_s.ep.rosidl_typesupport_c.c
[6.365s] Listing '/home/robot/app/robot_ws/install/action_msgs/local/lib/python3.10/dist-packages/action_msgs'...
[6.365s] Listing '/home/robot/app/robot_ws/install/action_msgs/local/lib/python3.10/dist-packages/action_msgs/msg'...
[6.365s] Listing '/home/robot/app/robot_ws/install/action_msgs/local/lib/python3.10/dist-packages/action_msgs/srv'...
[6.373s] -- Up-to-date: /home/robot/app/robot_ws/install/action_msgs/local/lib/python3.10/dist-packages/action_msgs/action_msgs_s__rosidl_typesupport_microxrcedds_c.cpython-310-x86_64-linux-gnu.so
[6.375s] -- Up-to-date: /home/robot/app/robot_ws/install/action_msgs/local/lib/python3.10/dist-packages/action_msgs/action_msgs_s__rosidl_typesupport_fastrtps_c.cpython-310-x86_64-linux-gnu.so
[6.382s] -- Up-to-date: /home/robot/app/robot_ws/install/action_msgs/local/lib/python3.10/dist-packages/action_msgs/action_msgs_s__rosidl_typesupport_introspection_c.cpython-310-x86_64-linux-gnu.so
[6.383s] -- Up-to-date: /home/robot/app/robot_ws/install/action_msgs/local/lib/python3.10/dist-packages/action_msgs/action_msgs_s__rosidl_typesupport_c.cpython-310-x86_64-linux-gnu.so
[6.387s] -- Up-to-date: /home/robot/app/robot_ws/install/action_msgs/lib/libaction_msgs__rosidl_generator_py.so
[6.387s] -- Up-to-date: /home/robot/app/robot_ws/install/action_msgs/share/action_msgs/msg/GoalInfo.idl
[6.387s] -- Up-to-date: /home/robot/app/robot_ws/install/action_msgs/share/action_msgs/msg/GoalStatus.idl
[6.387s] -- Up-to-date: /home/robot/app/robot_ws/install/action_msgs/share/action_msgs/msg/GoalStatusArray.idl
[6.392s] -- Up-to-date: /home/robot/app/robot_ws/install/action_msgs/share/action_msgs/srv/CancelGoal.idl
[6.392s] -- Up-to-date: /home/robot/app/robot_ws/install/action_msgs/share/action_msgs/msg/GoalInfo.msg
[6.393s] -- Up-to-date: /home/robot/app/robot_ws/install/action_msgs/share/action_msgs/msg/GoalStatus.msg
[6.393s] -- Up-to-date: /home/robot/app/robot_ws/install/action_msgs/share/action_msgs/msg/GoalStatusArray.msg
[6.393s] -- Up-to-date: /home/robot/app/robot_ws/install/action_msgs/share/action_msgs/srv/CancelGoal.srv
[6.393s] -- Up-to-date: /home/robot/app/robot_ws/install/action_msgs/share/action_msgs/srv/CancelGoal_Request.msg
[6.393s] -- Up-to-date: /home/robot/app/robot_ws/install/action_msgs/share/action_msgs/srv/CancelGoal_Response.msg
[6.394s] -- Up-to-date: /home/robot/app/robot_ws/install/action_msgs/share/ament_index/resource_index/package_run_dependencies/action_msgs
[6.394s] -- Up-to-date: /home/robot/app/robot_ws/install/action_msgs/share/ament_index/resource_index/parent_prefix_path/action_msgs
[6.394s] -- Up-to-date: /home/robot/app/robot_ws/install/action_msgs/share/action_msgs/environment/ament_prefix_path.sh
[6.394s] -- Up-to-date: /home/robot/app/robot_ws/install/action_msgs/share/action_msgs/environment/ament_prefix_path.dsv
[6.394s] -- Up-to-date: /home/robot/app/robot_ws/install/action_msgs/share/action_msgs/environment/path.sh
[6.395s] -- Up-to-date: /home/robot/app/robot_ws/install/action_msgs/share/action_msgs/environment/path.dsv
[6.395s] -- Up-to-date: /home/robot/app/robot_ws/install/action_msgs/share/action_msgs/local_setup.bash
[6.395s] -- Up-to-date: /home/robot/app/robot_ws/install/action_msgs/share/action_msgs/local_setup.sh
[6.395s] -- Up-to-date: /home/robot/app/robot_ws/install/action_msgs/share/action_msgs/local_setup.zsh
[6.395s] -- Up-to-date: /home/robot/app/robot_ws/install/action_msgs/share/action_msgs/local_setup.dsv
[6.398s] -- Installing: /home/robot/app/robot_ws/install/action_msgs/share/action_msgs/package.dsv
[6.398s] -- Up-to-date: /home/robot/app/robot_ws/install/action_msgs/share/ament_index/resource_index/packages/action_msgs
[6.399s] -- Up-to-date: /home/robot/app/robot_ws/install/action_msgs/share/action_msgs/cmake/export_action_msgs__rosidl_generator_cExport.cmake
[6.399s] -- Up-to-date: /home/robot/app/robot_ws/install/action_msgs/share/action_msgs/cmake/export_action_msgs__rosidl_generator_cExport-noconfig.cmake
[6.399s] -- Up-to-date: /home/robot/app/robot_ws/install/action_msgs/share/action_msgs/cmake/export_action_msgs__rosidl_typesupport_fastrtps_cExport.cmake
[6.400s] -- Up-to-date: /home/robot/app/robot_ws/install/action_msgs/share/action_msgs/cmake/export_action_msgs__rosidl_typesupport_fastrtps_cExport-noconfig.cmake
[6.400s] -- Up-to-date: /home/robot/app/robot_ws/install/action_msgs/share/action_msgs/cmake/export_action_msgs__rosidl_generator_cppExport.cmake
[6.400s] -- Up-to-date: /home/robot/app/robot_ws/install/action_msgs/share/action_msgs/cmake/export_action_msgs__rosidl_typesupport_fastrtps_cppExport.cmake
[6.400s] -- Up-to-date: /home/robot/app/robot_ws/install/action_msgs/share/action_msgs/cmake/export_action_msgs__rosidl_typesupport_fastrtps_cppExport-noconfig.cmake
[6.403s] -- Up-to-date: /home/robot/app/robot_ws/install/action_msgs/share/action_msgs/cmake/action_msgs__rosidl_typesupport_introspection_cExport.cmake
[6.404s] -- Up-to-date: /home/robot/app/robot_ws/install/action_msgs/share/action_msgs/cmake/action_msgs__rosidl_typesupport_introspection_cExport-noconfig.cmake
[6.405s] -- Up-to-date: /home/robot/app/robot_ws/install/action_msgs/share/action_msgs/cmake/action_msgs__rosidl_typesupport_cExport.cmake
[6.405s] -- Up-to-date: /home/robot/app/robot_ws/install/action_msgs/share/action_msgs/cmake/action_msgs__rosidl_typesupport_cExport-noconfig.cmake
[6.406s] -- Up-to-date: /home/robot/app/robot_ws/install/action_msgs/share/action_msgs/cmake/action_msgs__rosidl_typesupport_introspection_cppExport.cmake
[6.406s] -- Up-to-date: /home/robot/app/robot_ws/install/action_msgs/share/action_msgs/cmake/action_msgs__rosidl_typesupport_introspection_cppExport-noconfig.cmake
[6.410s] -- Up-to-date: /home/robot/app/robot_ws/install/action_msgs/share/action_msgs/cmake/action_msgs__rosidl_typesupport_cppExport.cmake
[6.410s] -- Up-to-date: /home/robot/app/robot_ws/install/action_msgs/share/action_msgs/cmake/action_msgs__rosidl_typesupport_cppExport-noconfig.cmake
[6.432s] -- Up-to-date: /home/robot/app/robot_ws/install/action_msgs/share/action_msgs/cmake/export_action_msgs__rosidl_generator_pyExport.cmake
[6.433s] -- Up-to-date: /home/robot/app/robot_ws/install/action_msgs/share/action_msgs/cmake/export_action_msgs__rosidl_generator_pyExport-noconfig.cmake
[6.433s] -- Up-to-date: /home/robot/app/robot_ws/install/action_msgs/share/action_msgs/cmake/rosidl_cmake-extras.cmake
[6.433s] -- Up-to-date: /home/robot/app/robot_ws/install/action_msgs/share/action_msgs/cmake/ament_cmake_export_dependencies-extras.cmake
[6.433s] -- Up-to-date: /home/robot/app/robot_ws/install/action_msgs/share/action_msgs/cmake/ament_cmake_export_include_directories-extras.cmake
[6.434s] -- Up-to-date: /home/robot/app/robot_ws/install/action_msgs/share/action_msgs/cmake/ament_cmake_export_libraries-extras.cmake
[6.438s] -- Up-to-date: /home/robot/app/robot_ws/install/action_msgs/share/action_msgs/cmake/ament_cmake_export_targets-extras.cmake
[6.439s] -- Up-to-date: /home/robot/app/robot_ws/install/action_msgs/share/action_msgs/cmake/rosidl_cmake_export_typesupport_targets-extras.cmake
[6.439s] -- Up-to-date: /home/robot/app/robot_ws/install/action_msgs/share/action_msgs/cmake/rosidl_cmake_export_typesupport_libraries-extras.cmake
[6.439s] -- Up-to-date: /home/robot/app/robot_ws/install/action_msgs/share/action_msgs/cmake/action_msgsConfig.cmake
[6.439s] -- Up-to-date: /home/robot/app/robot_ws/install/action_msgs/share/action_msgs/cmake/action_msgsConfig-version.cmake
[6.440s] -- Up-to-date: /home/robot/app/robot_ws/install/action_msgs/share/action_msgs/package.xml
[6.455s] Invoked command in '/home/robot/app/robot_ws/build/action_msgs' returned '0': CMAKE_PREFIX_PATH=/home/robot/app/robot_ws/install/unique_identifier_msgs:/home/robot/app/robot_ws/install/builtin_interfaces:/home/robot/app/robot_ws/firmware/dev_ws/install/my_custom_message:/home/robot/app/robot_ws/install/micro_ros_demos_rclc:/home/robot/app/robot_ws/install/common_interfaces:/home/robot/app/robot_ws/install/visualization_msgs:/home/robot/app/robot_ws/install/test_msgs:/home/robot/app/robot_ws/install/example_interfaces:/home/robot/app/robot_ws/install/action_msgs:/home/robot/app/robot_ws/install/trajectory_msgs:/home/robot/app/robot_ws/install/stereo_msgs:/home/robot/app/robot_ws/install/std_srvs:/home/robot/app/robot_ws/install/shape_msgs:/home/robot/app/robot_ws/install/sensor_msgs:/home/robot/app/robot_ws/install/nav_msgs:/home/robot/app/robot_ws/install/diagnostic_msgs:/home/robot/app/robot_ws/install/geometry_msgs:/home/robot/app/robot_ws/install/actionlib_msgs:/home/robot/app/robot_ws/install/std_msgs:/home/robot/app/robot_ws/install/statistics_msgs:/home/robot/app/robot_ws/install/rosidl_typesupport_microxrcedds_test_msg:/home/robot/app/robot_ws/install/rosidl_typesupport_microxrcedds_cpp_tests:/home/robot/app/robot_ws/install/rmw_microxrcedds:/home/robot/app/robot_ws/install/rosidl_typesupport_microxrcedds_cpp:/home/robot/app/robot_ws/install/rosidl_typesupport_microxrcedds_c_tests:/home/robot/app/robot_ws/install/rosidl_typesupport_microxrcedds_c:/home/robot/app/robot_ws/install/rosgraph_msgs:/home/robot/app/robot_ws/install/rclc_parameter:/home/robot/app/robot_ws/install/rclc:/home/robot/app/robot_ws/install/composition_interfaces:/home/robot/app/robot_ws/install/rcl_interfaces:/home/robot/app/robot_ws/install/microxrcedds_client:/home/robot/app/robot_ws/install/microcdr:/home/robot/app/robot_ws/install/micro_ros_utilities:/home/robot/app/robot_ws/install/micro_ros_setup:/home/robot/app/robot_ws/install/micro_ros_agent:/home/robot/app/robot_ws/install/micro_ros_msgs:/home/robot/app/robot_ws/install/lifecycle_msgs:/home/robot/app/robot_ws/install/complex_msgs:/home/robot/app/robot_ws/install/sensor_msgs_py:/opt/ros/humble LD_LIBRARY_PATH=/home/robot/app/robot_ws/install/unique_identifier_msgs/lib:/home/robot/app/robot_ws/install/builtin_interfaces/lib:/home/robot/app/robot_ws/firmware/dev_ws/install/my_custom_message/lib:/home/robot/app/robot_ws/install/visualization_msgs/lib:/home/robot/app/robot_ws/install/test_msgs/lib:/home/robot/app/robot_ws/install/example_interfaces/lib:/home/robot/app/robot_ws/install/action_msgs/lib:/home/robot/app/robot_ws/install/trajectory_msgs/lib:/home/robot/app/robot_ws/install/stereo_msgs/lib:/home/robot/app/robot_ws/install/std_srvs/lib:/home/robot/app/robot_ws/install/shape_msgs/lib:/home/robot/app/robot_ws/install/sensor_msgs/lib:/home/robot/app/robot_ws/install/nav_msgs/lib:/home/robot/app/robot_ws/install/diagnostic_msgs/lib:/home/robot/app/robot_ws/install/geometry_msgs/lib:/home/robot/app/robot_ws/install/actionlib_msgs/lib:/home/robot/app/robot_ws/install/std_msgs/lib:/home/robot/app/robot_ws/install/statistics_msgs/lib:/home/robot/app/robot_ws/install/rmw_microxrcedds/lib:/home/robot/app/robot_ws/install/rosidl_typesupport_microxrcedds_cpp/lib:/home/robot/app/robot_ws/install/rosidl_typesupport_microxrcedds_c/lib:/home/robot/app/robot_ws/install/rosgraph_msgs/lib:/home/robot/app/robot_ws/install/rclc_parameter/lib:/home/robot/app/robot_ws/install/rclc/lib:/home/robot/app/robot_ws/install/composition_interfaces/lib:/home/robot/app/robot_ws/install/rcl_interfaces/lib:/home/robot/app/robot_ws/install/microxrcedds_client/lib:/home/robot/app/robot_ws/install/microcdr/lib:/home/robot/app/robot_ws/install/micro_ros_utilities/lib:/home/robot/app/robot_ws/install/micro_ros_agent/lib:/home/robot/app/robot_ws/install/micro_ros_msgs/lib:/home/robot/app/robot_ws/install/lifecycle_msgs/lib:/home/robot/app/robot_ws/install/complex_msgs/lib:/opt/ros/humble/opt/rviz_ogre_vendor/lib:/opt/ros/humble/lib/x86_64-linux-gnu:/opt/ros/humble/lib /usr/bin/cmake --install /home/robot/app/robot_ws/build/action_msgs
