[0.228s] Invoking command in '/home/robot/app/robot_ws/build/complex_msgs': CMAKE_PREFIX_PATH=/home/robot/app/robot_ws/install/builtin_interfaces:/home/robot/app/robot_ws/firmware/dev_ws/install/my_custom_message:/home/robot/app/robot_ws/install/micro_ros_demos_rclc:/home/robot/app/robot_ws/install/common_interfaces:/home/robot/app/robot_ws/install/visualization_msgs:/home/robot/app/robot_ws/install/test_msgs:/home/robot/app/robot_ws/install/example_interfaces:/home/robot/app/robot_ws/install/action_msgs:/home/robot/app/robot_ws/install/unique_identifier_msgs:/home/robot/app/robot_ws/install/trajectory_msgs:/home/robot/app/robot_ws/install/stereo_msgs:/home/robot/app/robot_ws/install/std_srvs:/home/robot/app/robot_ws/install/shape_msgs:/home/robot/app/robot_ws/install/sensor_msgs:/home/robot/app/robot_ws/install/nav_msgs:/home/robot/app/robot_ws/install/diagnostic_msgs:/home/robot/app/robot_ws/install/geometry_msgs:/home/robot/app/robot_ws/install/actionlib_msgs:/home/robot/app/robot_ws/install/std_msgs:/home/robot/app/robot_ws/install/statistics_msgs:/home/robot/app/robot_ws/install/rosidl_typesupport_microxrcedds_test_msg:/home/robot/app/robot_ws/install/rosidl_typesupport_microxrcedds_cpp_tests:/home/robot/app/robot_ws/install/rmw_microxrcedds:/home/robot/app/robot_ws/install/rosidl_typesupport_microxrcedds_cpp:/home/robot/app/robot_ws/install/rosidl_typesupport_microxrcedds_c_tests:/home/robot/app/robot_ws/install/rosidl_typesupport_microxrcedds_c:/home/robot/app/robot_ws/install/rosgraph_msgs:/home/robot/app/robot_ws/install/rclc_parameter:/home/robot/app/robot_ws/install/rclc:/home/robot/app/robot_ws/install/composition_interfaces:/home/robot/app/robot_ws/install/rcl_interfaces:/home/robot/app/robot_ws/install/microxrcedds_client:/home/robot/app/robot_ws/install/microcdr:/home/robot/app/robot_ws/install/micro_ros_utilities:/home/robot/app/robot_ws/install/micro_ros_setup:/home/robot/app/robot_ws/install/micro_ros_agent:/home/robot/app/robot_ws/install/micro_ros_msgs:/home/robot/app/robot_ws/install/lifecycle_msgs:/home/robot/app/robot_ws/install/complex_msgs:/home/robot/app/robot_ws/install/sensor_msgs_py:/opt/ros/humble LD_LIBRARY_PATH=/home/robot/app/robot_ws/install/builtin_interfaces/lib:/home/robot/app/robot_ws/firmware/dev_ws/install/my_custom_message/lib:/home/robot/app/robot_ws/install/visualization_msgs/lib:/home/robot/app/robot_ws/install/test_msgs/lib:/home/robot/app/robot_ws/install/example_interfaces/lib:/home/robot/app/robot_ws/install/action_msgs/lib:/home/robot/app/robot_ws/install/unique_identifier_msgs/lib:/home/robot/app/robot_ws/install/trajectory_msgs/lib:/home/robot/app/robot_ws/install/stereo_msgs/lib:/home/robot/app/robot_ws/install/std_srvs/lib:/home/robot/app/robot_ws/install/shape_msgs/lib:/home/robot/app/robot_ws/install/sensor_msgs/lib:/home/robot/app/robot_ws/install/nav_msgs/lib:/home/robot/app/robot_ws/install/diagnostic_msgs/lib:/home/robot/app/robot_ws/install/geometry_msgs/lib:/home/robot/app/robot_ws/install/actionlib_msgs/lib:/home/robot/app/robot_ws/install/std_msgs/lib:/home/robot/app/robot_ws/install/statistics_msgs/lib:/home/robot/app/robot_ws/install/rmw_microxrcedds/lib:/home/robot/app/robot_ws/install/rosidl_typesupport_microxrcedds_cpp/lib:/home/robot/app/robot_ws/install/rosidl_typesupport_microxrcedds_c/lib:/home/robot/app/robot_ws/install/rosgraph_msgs/lib:/home/robot/app/robot_ws/install/rclc_parameter/lib:/home/robot/app/robot_ws/install/rclc/lib:/home/robot/app/robot_ws/install/composition_interfaces/lib:/home/robot/app/robot_ws/install/rcl_interfaces/lib:/home/robot/app/robot_ws/install/microxrcedds_client/lib:/home/robot/app/robot_ws/install/microcdr/lib:/home/robot/app/robot_ws/install/micro_ros_utilities/lib:/home/robot/app/robot_ws/install/micro_ros_agent/lib:/home/robot/app/robot_ws/install/micro_ros_msgs/lib:/home/robot/app/robot_ws/install/lifecycle_msgs/lib:/home/robot/app/robot_ws/install/complex_msgs/lib:/opt/ros/humble/opt/rviz_ogre_vendor/lib:/opt/ros/humble/lib/x86_64-linux-gnu:/opt/ros/humble/lib /usr/bin/cmake --build /home/robot/app/robot_ws/build/complex_msgs -- -j8 -l8
[0.569s] [  2%] Built target complex_msgs__cpp
[0.734s] [  2%] Built target ament_cmake_python_copy_complex_msgs
[0.850s] [35m[1mConsolidate compiler generated dependencies of target complex_msgs__rosidl_typesupport_cpp[0m
[0.935s] [ 10%] Built target complex_msgs__rosidl_typesupport_cpp
[2.117s] running egg_info
[2.120s] writing complex_msgs.egg-info/PKG-INFO
[2.124s] writing dependency_links to complex_msgs.egg-info/dependency_links.txt
[2.125s] writing top-level names to complex_msgs.egg-info/top_level.txt
[2.125s] reading manifest file 'complex_msgs.egg-info/SOURCES.txt'
[2.130s] writing manifest file 'complex_msgs.egg-info/SOURCES.txt'
[2.238s] [ 10%] Built target ament_cmake_python_build_complex_msgs_egg
[2.424s] [ 18%] Built target complex_msgs__rosidl_typesupport_introspection_cpp
[2.497s] [35m[1mConsolidate compiler generated dependencies of target complex_msgs__rosidl_typesupport_microxrcedds_cpp[0m
[2.595s] [ 26%] Built target complex_msgs__rosidl_typesupport_microxrcedds_cpp
[2.741s] [ 34%] Built target complex_msgs__rosidl_typesupport_fastrtps_cpp
[2.848s] [ 42%] Built target complex_msgs__rosidl_generator_c
[2.960s] [35m[1mConsolidate compiler generated dependencies of target complex_msgs__rosidl_typesupport_microxrcedds_c[0m
[3.042s] [ 51%] Built target complex_msgs__rosidl_typesupport_microxrcedds_c
[3.246s] [ 59%] Built target complex_msgs__rosidl_typesupport_fastrtps_c
[3.297s] [35m[1mConsolidate compiler generated dependencies of target complex_msgs__rosidl_typesupport_c[0m
[3.350s] [ 67%] Built target complex_msgs__rosidl_typesupport_c
[3.523s] [ 75%] Built target complex_msgs__rosidl_typesupport_introspection_c
[3.631s] [ 75%] Built target complex_msgs
[3.789s] [ 77%] Built target complex_msgs__py
[3.926s] [ 83%] Built target complex_msgs__rosidl_generator_py
[4.068s] [ 87%] Built target complex_msgs__rosidl_typesupport_microxrcedds_c__pyext
[4.205s] [ 91%] Built target complex_msgs__rosidl_typesupport_c__pyext
[4.321s] [ 95%] Built target complex_msgs__rosidl_typesupport_introspection_c__pyext
[4.449s] [100%] Built target complex_msgs__rosidl_typesupport_fastrtps_c__pyext
[4.553s] Invoked command in '/home/robot/app/robot_ws/build/complex_msgs' returned '0': CMAKE_PREFIX_PATH=/home/robot/app/robot_ws/install/builtin_interfaces:/home/robot/app/robot_ws/firmware/dev_ws/install/my_custom_message:/home/robot/app/robot_ws/install/micro_ros_demos_rclc:/home/robot/app/robot_ws/install/common_interfaces:/home/robot/app/robot_ws/install/visualization_msgs:/home/robot/app/robot_ws/install/test_msgs:/home/robot/app/robot_ws/install/example_interfaces:/home/robot/app/robot_ws/install/action_msgs:/home/robot/app/robot_ws/install/unique_identifier_msgs:/home/robot/app/robot_ws/install/trajectory_msgs:/home/robot/app/robot_ws/install/stereo_msgs:/home/robot/app/robot_ws/install/std_srvs:/home/robot/app/robot_ws/install/shape_msgs:/home/robot/app/robot_ws/install/sensor_msgs:/home/robot/app/robot_ws/install/nav_msgs:/home/robot/app/robot_ws/install/diagnostic_msgs:/home/robot/app/robot_ws/install/geometry_msgs:/home/robot/app/robot_ws/install/actionlib_msgs:/home/robot/app/robot_ws/install/std_msgs:/home/robot/app/robot_ws/install/statistics_msgs:/home/robot/app/robot_ws/install/rosidl_typesupport_microxrcedds_test_msg:/home/robot/app/robot_ws/install/rosidl_typesupport_microxrcedds_cpp_tests:/home/robot/app/robot_ws/install/rmw_microxrcedds:/home/robot/app/robot_ws/install/rosidl_typesupport_microxrcedds_cpp:/home/robot/app/robot_ws/install/rosidl_typesupport_microxrcedds_c_tests:/home/robot/app/robot_ws/install/rosidl_typesupport_microxrcedds_c:/home/robot/app/robot_ws/install/rosgraph_msgs:/home/robot/app/robot_ws/install/rclc_parameter:/home/robot/app/robot_ws/install/rclc:/home/robot/app/robot_ws/install/composition_interfaces:/home/robot/app/robot_ws/install/rcl_interfaces:/home/robot/app/robot_ws/install/microxrcedds_client:/home/robot/app/robot_ws/install/microcdr:/home/robot/app/robot_ws/install/micro_ros_utilities:/home/robot/app/robot_ws/install/micro_ros_setup:/home/robot/app/robot_ws/install/micro_ros_agent:/home/robot/app/robot_ws/install/micro_ros_msgs:/home/robot/app/robot_ws/install/lifecycle_msgs:/home/robot/app/robot_ws/install/complex_msgs:/home/robot/app/robot_ws/install/sensor_msgs_py:/opt/ros/humble LD_LIBRARY_PATH=/home/robot/app/robot_ws/install/builtin_interfaces/lib:/home/robot/app/robot_ws/firmware/dev_ws/install/my_custom_message/lib:/home/robot/app/robot_ws/install/visualization_msgs/lib:/home/robot/app/robot_ws/install/test_msgs/lib:/home/robot/app/robot_ws/install/example_interfaces/lib:/home/robot/app/robot_ws/install/action_msgs/lib:/home/robot/app/robot_ws/install/unique_identifier_msgs/lib:/home/robot/app/robot_ws/install/trajectory_msgs/lib:/home/robot/app/robot_ws/install/stereo_msgs/lib:/home/robot/app/robot_ws/install/std_srvs/lib:/home/robot/app/robot_ws/install/shape_msgs/lib:/home/robot/app/robot_ws/install/sensor_msgs/lib:/home/robot/app/robot_ws/install/nav_msgs/lib:/home/robot/app/robot_ws/install/diagnostic_msgs/lib:/home/robot/app/robot_ws/install/geometry_msgs/lib:/home/robot/app/robot_ws/install/actionlib_msgs/lib:/home/robot/app/robot_ws/install/std_msgs/lib:/home/robot/app/robot_ws/install/statistics_msgs/lib:/home/robot/app/robot_ws/install/rmw_microxrcedds/lib:/home/robot/app/robot_ws/install/rosidl_typesupport_microxrcedds_cpp/lib:/home/robot/app/robot_ws/install/rosidl_typesupport_microxrcedds_c/lib:/home/robot/app/robot_ws/install/rosgraph_msgs/lib:/home/robot/app/robot_ws/install/rclc_parameter/lib:/home/robot/app/robot_ws/install/rclc/lib:/home/robot/app/robot_ws/install/composition_interfaces/lib:/home/robot/app/robot_ws/install/rcl_interfaces/lib:/home/robot/app/robot_ws/install/microxrcedds_client/lib:/home/robot/app/robot_ws/install/microcdr/lib:/home/robot/app/robot_ws/install/micro_ros_utilities/lib:/home/robot/app/robot_ws/install/micro_ros_agent/lib:/home/robot/app/robot_ws/install/micro_ros_msgs/lib:/home/robot/app/robot_ws/install/lifecycle_msgs/lib:/home/robot/app/robot_ws/install/complex_msgs/lib:/opt/ros/humble/opt/rviz_ogre_vendor/lib:/opt/ros/humble/lib/x86_64-linux-gnu:/opt/ros/humble/lib /usr/bin/cmake --build /home/robot/app/robot_ws/build/complex_msgs -- -j8 -l8
[5.273s] Invoking command in '/home/robot/app/robot_ws/build/complex_msgs': CMAKE_PREFIX_PATH=/home/robot/app/robot_ws/install/builtin_interfaces:/home/robot/app/robot_ws/firmware/dev_ws/install/my_custom_message:/home/robot/app/robot_ws/install/micro_ros_demos_rclc:/home/robot/app/robot_ws/install/common_interfaces:/home/robot/app/robot_ws/install/visualization_msgs:/home/robot/app/robot_ws/install/test_msgs:/home/robot/app/robot_ws/install/example_interfaces:/home/robot/app/robot_ws/install/action_msgs:/home/robot/app/robot_ws/install/unique_identifier_msgs:/home/robot/app/robot_ws/install/trajectory_msgs:/home/robot/app/robot_ws/install/stereo_msgs:/home/robot/app/robot_ws/install/std_srvs:/home/robot/app/robot_ws/install/shape_msgs:/home/robot/app/robot_ws/install/sensor_msgs:/home/robot/app/robot_ws/install/nav_msgs:/home/robot/app/robot_ws/install/diagnostic_msgs:/home/robot/app/robot_ws/install/geometry_msgs:/home/robot/app/robot_ws/install/actionlib_msgs:/home/robot/app/robot_ws/install/std_msgs:/home/robot/app/robot_ws/install/statistics_msgs:/home/robot/app/robot_ws/install/rosidl_typesupport_microxrcedds_test_msg:/home/robot/app/robot_ws/install/rosidl_typesupport_microxrcedds_cpp_tests:/home/robot/app/robot_ws/install/rmw_microxrcedds:/home/robot/app/robot_ws/install/rosidl_typesupport_microxrcedds_cpp:/home/robot/app/robot_ws/install/rosidl_typesupport_microxrcedds_c_tests:/home/robot/app/robot_ws/install/rosidl_typesupport_microxrcedds_c:/home/robot/app/robot_ws/install/rosgraph_msgs:/home/robot/app/robot_ws/install/rclc_parameter:/home/robot/app/robot_ws/install/rclc:/home/robot/app/robot_ws/install/composition_interfaces:/home/robot/app/robot_ws/install/rcl_interfaces:/home/robot/app/robot_ws/install/microxrcedds_client:/home/robot/app/robot_ws/install/microcdr:/home/robot/app/robot_ws/install/micro_ros_utilities:/home/robot/app/robot_ws/install/micro_ros_setup:/home/robot/app/robot_ws/install/micro_ros_agent:/home/robot/app/robot_ws/install/micro_ros_msgs:/home/robot/app/robot_ws/install/lifecycle_msgs:/home/robot/app/robot_ws/install/complex_msgs:/home/robot/app/robot_ws/install/sensor_msgs_py:/opt/ros/humble LD_LIBRARY_PATH=/home/robot/app/robot_ws/install/builtin_interfaces/lib:/home/robot/app/robot_ws/firmware/dev_ws/install/my_custom_message/lib:/home/robot/app/robot_ws/install/visualization_msgs/lib:/home/robot/app/robot_ws/install/test_msgs/lib:/home/robot/app/robot_ws/install/example_interfaces/lib:/home/robot/app/robot_ws/install/action_msgs/lib:/home/robot/app/robot_ws/install/unique_identifier_msgs/lib:/home/robot/app/robot_ws/install/trajectory_msgs/lib:/home/robot/app/robot_ws/install/stereo_msgs/lib:/home/robot/app/robot_ws/install/std_srvs/lib:/home/robot/app/robot_ws/install/shape_msgs/lib:/home/robot/app/robot_ws/install/sensor_msgs/lib:/home/robot/app/robot_ws/install/nav_msgs/lib:/home/robot/app/robot_ws/install/diagnostic_msgs/lib:/home/robot/app/robot_ws/install/geometry_msgs/lib:/home/robot/app/robot_ws/install/actionlib_msgs/lib:/home/robot/app/robot_ws/install/std_msgs/lib:/home/robot/app/robot_ws/install/statistics_msgs/lib:/home/robot/app/robot_ws/install/rmw_microxrcedds/lib:/home/robot/app/robot_ws/install/rosidl_typesupport_microxrcedds_cpp/lib:/home/robot/app/robot_ws/install/rosidl_typesupport_microxrcedds_c/lib:/home/robot/app/robot_ws/install/rosgraph_msgs/lib:/home/robot/app/robot_ws/install/rclc_parameter/lib:/home/robot/app/robot_ws/install/rclc/lib:/home/robot/app/robot_ws/install/composition_interfaces/lib:/home/robot/app/robot_ws/install/rcl_interfaces/lib:/home/robot/app/robot_ws/install/microxrcedds_client/lib:/home/robot/app/robot_ws/install/microcdr/lib:/home/robot/app/robot_ws/install/micro_ros_utilities/lib:/home/robot/app/robot_ws/install/micro_ros_agent/lib:/home/robot/app/robot_ws/install/micro_ros_msgs/lib:/home/robot/app/robot_ws/install/lifecycle_msgs/lib:/home/robot/app/robot_ws/install/complex_msgs/lib:/opt/ros/humble/opt/rviz_ogre_vendor/lib:/opt/ros/humble/lib/x86_64-linux-gnu:/opt/ros/humble/lib /usr/bin/cmake --install /home/robot/app/robot_ws/build/complex_msgs
[5.315s] -- Install configuration: ""
[5.315s] -- Up-to-date: /home/robot/app/robot_ws/install/complex_msgs/share/ament_index/resource_index/rosidl_interfaces/complex_msgs
[5.323s] -- Up-to-date: /home/robot/app/robot_ws/install/complex_msgs/include/complex_msgs/complex_msgs
[5.323s] -- Up-to-date: /home/robot/app/robot_ws/install/complex_msgs/include/complex_msgs/complex_msgs/msg
[5.323s] -- Up-to-date: /home/robot/app/robot_ws/install/complex_msgs/include/complex_msgs/complex_msgs/msg/nested_msg_test.h
[5.324s] -- Up-to-date: /home/robot/app/robot_ws/install/complex_msgs/include/complex_msgs/complex_msgs/msg/multi_string_test.h
[5.324s] -- Up-to-date: /home/robot/app/robot_ws/install/complex_msgs/include/complex_msgs/complex_msgs/msg/detail
[5.324s] -- Up-to-date: /home/robot/app/robot_ws/install/complex_msgs/include/complex_msgs/complex_msgs/msg/detail/multi_string_test__struct.h
[5.324s] -- Up-to-date: /home/robot/app/robot_ws/install/complex_msgs/include/complex_msgs/complex_msgs/msg/detail/multi_string_test__functions.c
[5.325s] -- Up-to-date: /home/robot/app/robot_ws/install/complex_msgs/include/complex_msgs/complex_msgs/msg/detail/nested_msg_test__struct.h
[5.338s] -- Up-to-date: /home/robot/app/robot_ws/install/complex_msgs/include/complex_msgs/complex_msgs/msg/detail/multi_string_test__type_support.h
[5.338s] -- Up-to-date: /home/robot/app/robot_ws/install/complex_msgs/include/complex_msgs/complex_msgs/msg/detail/nested_msg_test__type_support.h
[5.338s] -- Up-to-date: /home/robot/app/robot_ws/install/complex_msgs/include/complex_msgs/complex_msgs/msg/detail/multi_string_test__functions.h
[5.338s] -- Up-to-date: /home/robot/app/robot_ws/install/complex_msgs/include/complex_msgs/complex_msgs/msg/detail/nested_msg_test__functions.h
[5.343s] -- Up-to-date: /home/robot/app/robot_ws/install/complex_msgs/include/complex_msgs/complex_msgs/msg/detail/nested_msg_test__functions.c
[5.344s] -- Up-to-date: /home/robot/app/robot_ws/install/complex_msgs/include/complex_msgs/complex_msgs/msg/rosidl_generator_c__visibility_control.h
[5.344s] -- Up-to-date: /home/robot/app/robot_ws/install/complex_msgs/share/complex_msgs/environment/library_path.sh
[5.344s] -- Up-to-date: /home/robot/app/robot_ws/install/complex_msgs/share/complex_msgs/environment/library_path.dsv
[5.349s] -- Up-to-date: /home/robot/app/robot_ws/install/complex_msgs/lib/libcomplex_msgs__rosidl_generator_c.so
[5.350s] -- Up-to-date: /home/robot/app/robot_ws/install/complex_msgs/include/complex_msgs/complex_msgs
[5.350s] -- Up-to-date: /home/robot/app/robot_ws/install/complex_msgs/include/complex_msgs/complex_msgs/msg
[5.350s] -- Up-to-date: /home/robot/app/robot_ws/install/complex_msgs/include/complex_msgs/complex_msgs/msg/detail
[5.350s] -- Up-to-date: /home/robot/app/robot_ws/install/complex_msgs/include/complex_msgs/complex_msgs/msg/detail/multi_string_test__rosidl_typesupport_fastrtps_c.h
[5.351s] -- Up-to-date: /home/robot/app/robot_ws/install/complex_msgs/include/complex_msgs/complex_msgs/msg/detail/nested_msg_test__rosidl_typesupport_fastrtps_c.h
[5.351s] -- Up-to-date: /home/robot/app/robot_ws/install/complex_msgs/include/complex_msgs/complex_msgs/msg/rosidl_typesupport_fastrtps_c__visibility_control.h
[5.351s] -- Up-to-date: /home/robot/app/robot_ws/install/complex_msgs/lib/libcomplex_msgs__rosidl_typesupport_fastrtps_c.so
[5.351s] -- Up-to-date: /home/robot/app/robot_ws/install/complex_msgs/include/complex_msgs/complex_msgs
[5.352s] -- Up-to-date: /home/robot/app/robot_ws/install/complex_msgs/include/complex_msgs/complex_msgs/msg
[5.352s] -- Up-to-date: /home/robot/app/robot_ws/install/complex_msgs/include/complex_msgs/complex_msgs/msg/nested_msg_test.hpp
[5.352s] -- Up-to-date: /home/robot/app/robot_ws/install/complex_msgs/include/complex_msgs/complex_msgs/msg/multi_string_test.hpp
[5.352s] -- Up-to-date: /home/robot/app/robot_ws/install/complex_msgs/include/complex_msgs/complex_msgs/msg/detail
[5.352s] -- Up-to-date: /home/robot/app/robot_ws/install/complex_msgs/include/complex_msgs/complex_msgs/msg/detail/multi_string_test__traits.hpp
[5.363s] -- Up-to-date: /home/robot/app/robot_ws/install/complex_msgs/include/complex_msgs/complex_msgs/msg/detail/multi_string_test__struct.hpp
[5.366s] -- Up-to-date: /home/robot/app/robot_ws/install/complex_msgs/include/complex_msgs/complex_msgs/msg/detail/nested_msg_test__struct.hpp
[5.367s] -- Up-to-date: /home/robot/app/robot_ws/install/complex_msgs/include/complex_msgs/complex_msgs/msg/detail/nested_msg_test__builder.hpp
[5.367s] -- Up-to-date: /home/robot/app/robot_ws/install/complex_msgs/include/complex_msgs/complex_msgs/msg/detail/nested_msg_test__traits.hpp
[5.367s] -- Up-to-date: /home/robot/app/robot_ws/install/complex_msgs/include/complex_msgs/complex_msgs/msg/detail/multi_string_test__builder.hpp
[5.367s] -- Up-to-date: /home/robot/app/robot_ws/install/complex_msgs/include/complex_msgs/complex_msgs
[5.368s] -- Up-to-date: /home/robot/app/robot_ws/install/complex_msgs/include/complex_msgs/complex_msgs/msg
[5.368s] -- Up-to-date: /home/robot/app/robot_ws/install/complex_msgs/include/complex_msgs/complex_msgs/msg/rosidl_typesupport_fastrtps_cpp__visibility_control.h
[5.368s] -- Up-to-date: /home/robot/app/robot_ws/install/complex_msgs/include/complex_msgs/complex_msgs/msg/detail
[5.368s] -- Up-to-date: /home/robot/app/robot_ws/install/complex_msgs/include/complex_msgs/complex_msgs/msg/detail/dds_fastrtps
[5.371s] -- Up-to-date: /home/robot/app/robot_ws/install/complex_msgs/include/complex_msgs/complex_msgs/msg/detail/multi_string_test__rosidl_typesupport_fastrtps_cpp.hpp
[5.373s] -- Up-to-date: /home/robot/app/robot_ws/install/complex_msgs/include/complex_msgs/complex_msgs/msg/detail/nested_msg_test__rosidl_typesupport_fastrtps_cpp.hpp
[5.376s] -- Up-to-date: /home/robot/app/robot_ws/install/complex_msgs/lib/libcomplex_msgs__rosidl_typesupport_fastrtps_cpp.so
[5.376s] -- Up-to-date: /home/robot/app/robot_ws/install/complex_msgs/include/complex_msgs
[5.376s] -- Up-to-date: /home/robot/app/robot_ws/install/complex_msgs/include/complex_msgs/msg
[5.376s] -- Up-to-date: /home/robot/app/robot_ws/install/complex_msgs/include/complex_msgs/msg/detail
[5.377s] -- Up-to-date: /home/robot/app/robot_ws/install/complex_msgs/include/complex_msgs/msg/detail/nested_msg_test__rosidl_typesupport_microxrcedds_c.h
[5.377s] -- Up-to-date: /home/robot/app/robot_ws/install/complex_msgs/include/complex_msgs/msg/detail/microxrcedds
[5.377s] -- Up-to-date: /home/robot/app/robot_ws/install/complex_msgs/include/complex_msgs/msg/detail/multi_string_test__rosidl_typesupport_microxrcedds_c.h
[5.377s] -- Up-to-date: /home/robot/app/robot_ws/install/complex_msgs/include/complex_msgs/msg/rosidl_typesupport_microxrcedds_c__visibility_control.h
[5.378s] -- Up-to-date: /home/robot/app/robot_ws/install/complex_msgs/lib/libcomplex_msgs__rosidl_typesupport_microxrcedds_c.so
[5.378s] -- Up-to-date: /home/robot/app/robot_ws/install/complex_msgs/include/complex_msgs/complex_msgs
[5.378s] -- Up-to-date: /home/robot/app/robot_ws/install/complex_msgs/include/complex_msgs/complex_msgs/msg
[5.378s] -- Up-to-date: /home/robot/app/robot_ws/install/complex_msgs/include/complex_msgs/complex_msgs/msg/rosidl_typesupport_introspection_c__visibility_control.h
[5.378s] -- Up-to-date: /home/robot/app/robot_ws/install/complex_msgs/include/complex_msgs/complex_msgs/msg/detail
[5.379s] -- Up-to-date: /home/robot/app/robot_ws/install/complex_msgs/include/complex_msgs/complex_msgs/msg/detail/nested_msg_test__rosidl_typesupport_introspection_c.h
[5.379s] -- Up-to-date: /home/robot/app/robot_ws/install/complex_msgs/include/complex_msgs/complex_msgs/msg/detail/nested_msg_test__type_support.c
[5.379s] -- Up-to-date: /home/robot/app/robot_ws/install/complex_msgs/include/complex_msgs/complex_msgs/msg/detail/multi_string_test__rosidl_typesupport_introspection_c.h
[5.379s] -- Up-to-date: /home/robot/app/robot_ws/install/complex_msgs/include/complex_msgs/complex_msgs/msg/detail/multi_string_test__type_support.c
[5.384s] -- Up-to-date: /home/robot/app/robot_ws/install/complex_msgs/lib/libcomplex_msgs__rosidl_typesupport_introspection_c.so
[5.388s] -- Up-to-date: /home/robot/app/robot_ws/install/complex_msgs/lib/libcomplex_msgs__rosidl_typesupport_c.so
[5.388s] -- Up-to-date: /home/robot/app/robot_ws/install/complex_msgs/include/complex_msgs
[5.389s] -- Up-to-date: /home/robot/app/robot_ws/install/complex_msgs/include/complex_msgs/msg
[5.389s] -- Up-to-date: /home/robot/app/robot_ws/install/complex_msgs/include/complex_msgs/msg/detail
[5.389s] -- Up-to-date: /home/robot/app/robot_ws/install/complex_msgs/include/complex_msgs/msg/detail/microxrcedds
[5.389s] -- Up-to-date: /home/robot/app/robot_ws/install/complex_msgs/include/complex_msgs/msg/detail/microxrcedds/multi_string_test__type_support_cpp.cpp
[5.389s] -- Up-to-date: /home/robot/app/robot_ws/install/complex_msgs/include/complex_msgs/msg/detail/microxrcedds/nested_msg_test__type_support_cpp.cpp
[5.392s] -- Up-to-date: /home/robot/app/robot_ws/install/complex_msgs/include/complex_msgs/msg/detail/nested_msg_test__rosidl_typesupport_microxrcedds_cpp.hpp
[5.392s] -- Up-to-date: /home/robot/app/robot_ws/install/complex_msgs/include/complex_msgs/msg/detail/multi_string_test__rosidl_typesupport_microxrcedds_cpp.hpp
[5.393s] -- Up-to-date: /home/robot/app/robot_ws/install/complex_msgs/include/complex_msgs/msg/rosidl_typesupport_microxrcedds_cpp__visibility_control.h
[5.393s] -- Up-to-date: /home/robot/app/robot_ws/install/complex_msgs/lib/libcomplex_msgs__rosidl_typesupport_microxrcedds_cpp.so
[5.393s] -- Up-to-date: /home/robot/app/robot_ws/install/complex_msgs/include/complex_msgs/complex_msgs
[5.393s] -- Up-to-date: /home/robot/app/robot_ws/install/complex_msgs/include/complex_msgs/complex_msgs/msg
[5.394s] -- Up-to-date: /home/robot/app/robot_ws/install/complex_msgs/include/complex_msgs/complex_msgs/msg/detail
[5.394s] -- Up-to-date: /home/robot/app/robot_ws/install/complex_msgs/include/complex_msgs/complex_msgs/msg/detail/multi_string_test__type_support.cpp
[5.394s] -- Up-to-date: /home/robot/app/robot_ws/install/complex_msgs/include/complex_msgs/complex_msgs/msg/detail/nested_msg_test__rosidl_typesupport_introspection_cpp.hpp
[5.394s] -- Up-to-date: /home/robot/app/robot_ws/install/complex_msgs/include/complex_msgs/complex_msgs/msg/detail/multi_string_test__rosidl_typesupport_introspection_cpp.hpp
[5.394s] -- Up-to-date: /home/robot/app/robot_ws/install/complex_msgs/include/complex_msgs/complex_msgs/msg/detail/nested_msg_test__type_support.cpp
[5.395s] -- Up-to-date: /home/robot/app/robot_ws/install/complex_msgs/lib/libcomplex_msgs__rosidl_typesupport_introspection_cpp.so
[5.395s] -- Up-to-date: /home/robot/app/robot_ws/install/complex_msgs/lib/libcomplex_msgs__rosidl_typesupport_cpp.so
[5.395s] -- Up-to-date: /home/robot/app/robot_ws/install/complex_msgs/share/complex_msgs/environment/pythonpath.sh
[5.395s] -- Up-to-date: /home/robot/app/robot_ws/install/complex_msgs/share/complex_msgs/environment/pythonpath.dsv
[5.395s] -- Up-to-date: /home/robot/app/robot_ws/install/complex_msgs/local/lib/python3.10/dist-packages/complex_msgs-3.0.2-py3.10.egg-info
[5.399s] -- Installing: /home/robot/app/robot_ws/install/complex_msgs/local/lib/python3.10/dist-packages/complex_msgs-3.0.2-py3.10.egg-info/dependency_links.txt
[5.399s] -- Installing: /home/robot/app/robot_ws/install/complex_msgs/local/lib/python3.10/dist-packages/complex_msgs-3.0.2-py3.10.egg-info/PKG-INFO
[5.399s] -- Installing: /home/robot/app/robot_ws/install/complex_msgs/local/lib/python3.10/dist-packages/complex_msgs-3.0.2-py3.10.egg-info/SOURCES.txt
[5.400s] -- Installing: /home/robot/app/robot_ws/install/complex_msgs/local/lib/python3.10/dist-packages/complex_msgs-3.0.2-py3.10.egg-info/top_level.txt
[5.400s] -- Up-to-date: /home/robot/app/robot_ws/install/complex_msgs/local/lib/python3.10/dist-packages/complex_msgs
[5.400s] -- Up-to-date: /home/robot/app/robot_ws/install/complex_msgs/local/lib/python3.10/dist-packages/complex_msgs/__init__.py
[5.400s] -- Up-to-date: /home/robot/app/robot_ws/install/complex_msgs/local/lib/python3.10/dist-packages/complex_msgs/complex_msgs_s__rosidl_typesupport_microxrcedds_c.cpython-310-x86_64-linux-gnu.so
[5.400s] -- Up-to-date: /home/robot/app/robot_ws/install/complex_msgs/local/lib/python3.10/dist-packages/complex_msgs/_complex_msgs_s.ep.rosidl_typesupport_introspection_c.c
[5.401s] -- Up-to-date: /home/robot/app/robot_ws/install/complex_msgs/local/lib/python3.10/dist-packages/complex_msgs/complex_msgs_s__rosidl_typesupport_c.cpython-310-x86_64-linux-gnu.so
[5.401s] -- Up-to-date: /home/robot/app/robot_ws/install/complex_msgs/local/lib/python3.10/dist-packages/complex_msgs/_complex_msgs_s.ep.rosidl_typesupport_fastrtps_c.c
[5.401s] -- Up-to-date: /home/robot/app/robot_ws/install/complex_msgs/local/lib/python3.10/dist-packages/complex_msgs/_complex_msgs_s.ep.rosidl_typesupport_microxrcedds_c.c
[5.401s] -- Up-to-date: /home/robot/app/robot_ws/install/complex_msgs/local/lib/python3.10/dist-packages/complex_msgs/libcomplex_msgs__rosidl_generator_py.so
[5.401s] -- Up-to-date: /home/robot/app/robot_ws/install/complex_msgs/local/lib/python3.10/dist-packages/complex_msgs/complex_msgs_s__rosidl_typesupport_fastrtps_c.cpython-310-x86_64-linux-gnu.so
[5.408s] -- Up-to-date: /home/robot/app/robot_ws/install/complex_msgs/local/lib/python3.10/dist-packages/complex_msgs/_complex_msgs_s.ep.rosidl_typesupport_c.c
[5.409s] -- Up-to-date: /home/robot/app/robot_ws/install/complex_msgs/local/lib/python3.10/dist-packages/complex_msgs/complex_msgs_s__rosidl_typesupport_introspection_c.cpython-310-x86_64-linux-gnu.so
[5.409s] -- Up-to-date: /home/robot/app/robot_ws/install/complex_msgs/local/lib/python3.10/dist-packages/complex_msgs/msg
[5.409s] -- Up-to-date: /home/robot/app/robot_ws/install/complex_msgs/local/lib/python3.10/dist-packages/complex_msgs/msg/__init__.py
[5.409s] -- Up-to-date: /home/robot/app/robot_ws/install/complex_msgs/local/lib/python3.10/dist-packages/complex_msgs/msg/_multi_string_test.py
[5.410s] -- Up-to-date: /home/robot/app/robot_ws/install/complex_msgs/local/lib/python3.10/dist-packages/complex_msgs/msg/_multi_string_test_s.c
[5.410s] -- Up-to-date: /home/robot/app/robot_ws/install/complex_msgs/local/lib/python3.10/dist-packages/complex_msgs/msg/_nested_msg_test.py
[5.410s] -- Up-to-date: /home/robot/app/robot_ws/install/complex_msgs/local/lib/python3.10/dist-packages/complex_msgs/msg/_nested_msg_test_s.c
[5.655s] Listing '/home/robot/app/robot_ws/install/complex_msgs/local/lib/python3.10/dist-packages/complex_msgs'...
[5.655s] Listing '/home/robot/app/robot_ws/install/complex_msgs/local/lib/python3.10/dist-packages/complex_msgs/msg'...
[5.670s] -- Up-to-date: /home/robot/app/robot_ws/install/complex_msgs/local/lib/python3.10/dist-packages/complex_msgs/complex_msgs_s__rosidl_typesupport_microxrcedds_c.cpython-310-x86_64-linux-gnu.so
[5.670s] -- Up-to-date: /home/robot/app/robot_ws/install/complex_msgs/local/lib/python3.10/dist-packages/complex_msgs/complex_msgs_s__rosidl_typesupport_fastrtps_c.cpython-310-x86_64-linux-gnu.so
[5.678s] -- Up-to-date: /home/robot/app/robot_ws/install/complex_msgs/local/lib/python3.10/dist-packages/complex_msgs/complex_msgs_s__rosidl_typesupport_introspection_c.cpython-310-x86_64-linux-gnu.so
[5.688s] -- Up-to-date: /home/robot/app/robot_ws/install/complex_msgs/local/lib/python3.10/dist-packages/complex_msgs/complex_msgs_s__rosidl_typesupport_c.cpython-310-x86_64-linux-gnu.so
[5.688s] -- Up-to-date: /home/robot/app/robot_ws/install/complex_msgs/lib/libcomplex_msgs__rosidl_generator_py.so
[5.689s] -- Up-to-date: /home/robot/app/robot_ws/install/complex_msgs/share/complex_msgs/msg/MultiStringTest.idl
[5.689s] -- Up-to-date: /home/robot/app/robot_ws/install/complex_msgs/share/complex_msgs/msg/NestedMsgTest.idl
[5.690s] -- Up-to-date: /home/robot/app/robot_ws/install/complex_msgs/share/complex_msgs/msg/MultiStringTest.msg
[5.694s] -- Up-to-date: /home/robot/app/robot_ws/install/complex_msgs/share/complex_msgs/msg/NestedMsgTest.msg
[5.695s] -- Up-to-date: /home/robot/app/robot_ws/install/complex_msgs/share/ament_index/resource_index/package_run_dependencies/complex_msgs
[5.695s] -- Up-to-date: /home/robot/app/robot_ws/install/complex_msgs/share/ament_index/resource_index/parent_prefix_path/complex_msgs
[5.695s] -- Up-to-date: /home/robot/app/robot_ws/install/complex_msgs/share/complex_msgs/environment/ament_prefix_path.sh
[5.695s] -- Up-to-date: /home/robot/app/robot_ws/install/complex_msgs/share/complex_msgs/environment/ament_prefix_path.dsv
[5.696s] -- Up-to-date: /home/robot/app/robot_ws/install/complex_msgs/share/complex_msgs/environment/path.sh
[5.696s] -- Up-to-date: /home/robot/app/robot_ws/install/complex_msgs/share/complex_msgs/environment/path.dsv
[5.696s] -- Up-to-date: /home/robot/app/robot_ws/install/complex_msgs/share/complex_msgs/local_setup.bash
[5.697s] -- Up-to-date: /home/robot/app/robot_ws/install/complex_msgs/share/complex_msgs/local_setup.sh
[5.697s] -- Up-to-date: /home/robot/app/robot_ws/install/complex_msgs/share/complex_msgs/local_setup.zsh
[5.697s] -- Up-to-date: /home/robot/app/robot_ws/install/complex_msgs/share/complex_msgs/local_setup.dsv
[5.697s] -- Installing: /home/robot/app/robot_ws/install/complex_msgs/share/complex_msgs/package.dsv
[5.698s] -- Up-to-date: /home/robot/app/robot_ws/install/complex_msgs/share/ament_index/resource_index/packages/complex_msgs
[5.698s] -- Up-to-date: /home/robot/app/robot_ws/install/complex_msgs/share/complex_msgs/cmake/export_complex_msgs__rosidl_generator_cExport.cmake
[5.698s] -- Up-to-date: /home/robot/app/robot_ws/install/complex_msgs/share/complex_msgs/cmake/export_complex_msgs__rosidl_generator_cExport-noconfig.cmake
[5.698s] -- Up-to-date: /home/robot/app/robot_ws/install/complex_msgs/share/complex_msgs/cmake/export_complex_msgs__rosidl_typesupport_fastrtps_cExport.cmake
[5.698s] -- Up-to-date: /home/robot/app/robot_ws/install/complex_msgs/share/complex_msgs/cmake/export_complex_msgs__rosidl_typesupport_fastrtps_cExport-noconfig.cmake
[5.700s] -- Up-to-date: /home/robot/app/robot_ws/install/complex_msgs/share/complex_msgs/cmake/export_complex_msgs__rosidl_generator_cppExport.cmake
[5.701s] -- Up-to-date: /home/robot/app/robot_ws/install/complex_msgs/share/complex_msgs/cmake/export_complex_msgs__rosidl_typesupport_fastrtps_cppExport.cmake
[5.706s] -- Up-to-date: /home/robot/app/robot_ws/install/complex_msgs/share/complex_msgs/cmake/export_complex_msgs__rosidl_typesupport_fastrtps_cppExport-noconfig.cmake
[5.707s] -- Up-to-date: /home/robot/app/robot_ws/install/complex_msgs/share/complex_msgs/cmake/complex_msgs__rosidl_typesupport_introspection_cExport.cmake
[5.707s] -- Up-to-date: /home/robot/app/robot_ws/install/complex_msgs/share/complex_msgs/cmake/complex_msgs__rosidl_typesupport_introspection_cExport-noconfig.cmake
[5.709s] -- Up-to-date: /home/robot/app/robot_ws/install/complex_msgs/share/complex_msgs/cmake/complex_msgs__rosidl_typesupport_cExport.cmake
[5.709s] -- Up-to-date: /home/robot/app/robot_ws/install/complex_msgs/share/complex_msgs/cmake/complex_msgs__rosidl_typesupport_cExport-noconfig.cmake
[5.715s] -- Up-to-date: /home/robot/app/robot_ws/install/complex_msgs/share/complex_msgs/cmake/complex_msgs__rosidl_typesupport_introspection_cppExport.cmake
[5.716s] -- Up-to-date: /home/robot/app/robot_ws/install/complex_msgs/share/complex_msgs/cmake/complex_msgs__rosidl_typesupport_introspection_cppExport-noconfig.cmake
[5.716s] -- Up-to-date: /home/robot/app/robot_ws/install/complex_msgs/share/complex_msgs/cmake/complex_msgs__rosidl_typesupport_cppExport.cmake
[5.716s] -- Up-to-date: /home/robot/app/robot_ws/install/complex_msgs/share/complex_msgs/cmake/complex_msgs__rosidl_typesupport_cppExport-noconfig.cmake
[5.716s] -- Up-to-date: /home/robot/app/robot_ws/install/complex_msgs/share/complex_msgs/cmake/export_complex_msgs__rosidl_generator_pyExport.cmake
[5.717s] -- Up-to-date: /home/robot/app/robot_ws/install/complex_msgs/share/complex_msgs/cmake/export_complex_msgs__rosidl_generator_pyExport-noconfig.cmake
[5.717s] -- Up-to-date: /home/robot/app/robot_ws/install/complex_msgs/share/complex_msgs/cmake/rosidl_cmake-extras.cmake
[5.721s] -- Up-to-date: /home/robot/app/robot_ws/install/complex_msgs/share/complex_msgs/cmake/ament_cmake_export_dependencies-extras.cmake
[5.721s] -- Up-to-date: /home/robot/app/robot_ws/install/complex_msgs/share/complex_msgs/cmake/ament_cmake_export_include_directories-extras.cmake
[5.724s] -- Up-to-date: /home/robot/app/robot_ws/install/complex_msgs/share/complex_msgs/cmake/ament_cmake_export_libraries-extras.cmake
[5.724s] -- Up-to-date: /home/robot/app/robot_ws/install/complex_msgs/share/complex_msgs/cmake/ament_cmake_export_targets-extras.cmake
[5.724s] -- Up-to-date: /home/robot/app/robot_ws/install/complex_msgs/share/complex_msgs/cmake/rosidl_cmake_export_typesupport_targets-extras.cmake
[5.724s] -- Up-to-date: /home/robot/app/robot_ws/install/complex_msgs/share/complex_msgs/cmake/rosidl_cmake_export_typesupport_libraries-extras.cmake
[5.724s] -- Up-to-date: /home/robot/app/robot_ws/install/complex_msgs/share/complex_msgs/cmake/complex_msgsConfig.cmake
[5.725s] -- Up-to-date: /home/robot/app/robot_ws/install/complex_msgs/share/complex_msgs/cmake/complex_msgsConfig-version.cmake
[5.725s] -- Up-to-date: /home/robot/app/robot_ws/install/complex_msgs/share/complex_msgs/package.xml
[5.742s] Invoked command in '/home/robot/app/robot_ws/build/complex_msgs' returned '0': CMAKE_PREFIX_PATH=/home/robot/app/robot_ws/install/builtin_interfaces:/home/robot/app/robot_ws/firmware/dev_ws/install/my_custom_message:/home/robot/app/robot_ws/install/micro_ros_demos_rclc:/home/robot/app/robot_ws/install/common_interfaces:/home/robot/app/robot_ws/install/visualization_msgs:/home/robot/app/robot_ws/install/test_msgs:/home/robot/app/robot_ws/install/example_interfaces:/home/robot/app/robot_ws/install/action_msgs:/home/robot/app/robot_ws/install/unique_identifier_msgs:/home/robot/app/robot_ws/install/trajectory_msgs:/home/robot/app/robot_ws/install/stereo_msgs:/home/robot/app/robot_ws/install/std_srvs:/home/robot/app/robot_ws/install/shape_msgs:/home/robot/app/robot_ws/install/sensor_msgs:/home/robot/app/robot_ws/install/nav_msgs:/home/robot/app/robot_ws/install/diagnostic_msgs:/home/robot/app/robot_ws/install/geometry_msgs:/home/robot/app/robot_ws/install/actionlib_msgs:/home/robot/app/robot_ws/install/std_msgs:/home/robot/app/robot_ws/install/statistics_msgs:/home/robot/app/robot_ws/install/rosidl_typesupport_microxrcedds_test_msg:/home/robot/app/robot_ws/install/rosidl_typesupport_microxrcedds_cpp_tests:/home/robot/app/robot_ws/install/rmw_microxrcedds:/home/robot/app/robot_ws/install/rosidl_typesupport_microxrcedds_cpp:/home/robot/app/robot_ws/install/rosidl_typesupport_microxrcedds_c_tests:/home/robot/app/robot_ws/install/rosidl_typesupport_microxrcedds_c:/home/robot/app/robot_ws/install/rosgraph_msgs:/home/robot/app/robot_ws/install/rclc_parameter:/home/robot/app/robot_ws/install/rclc:/home/robot/app/robot_ws/install/composition_interfaces:/home/robot/app/robot_ws/install/rcl_interfaces:/home/robot/app/robot_ws/install/microxrcedds_client:/home/robot/app/robot_ws/install/microcdr:/home/robot/app/robot_ws/install/micro_ros_utilities:/home/robot/app/robot_ws/install/micro_ros_setup:/home/robot/app/robot_ws/install/micro_ros_agent:/home/robot/app/robot_ws/install/micro_ros_msgs:/home/robot/app/robot_ws/install/lifecycle_msgs:/home/robot/app/robot_ws/install/complex_msgs:/home/robot/app/robot_ws/install/sensor_msgs_py:/opt/ros/humble LD_LIBRARY_PATH=/home/robot/app/robot_ws/install/builtin_interfaces/lib:/home/robot/app/robot_ws/firmware/dev_ws/install/my_custom_message/lib:/home/robot/app/robot_ws/install/visualization_msgs/lib:/home/robot/app/robot_ws/install/test_msgs/lib:/home/robot/app/robot_ws/install/example_interfaces/lib:/home/robot/app/robot_ws/install/action_msgs/lib:/home/robot/app/robot_ws/install/unique_identifier_msgs/lib:/home/robot/app/robot_ws/install/trajectory_msgs/lib:/home/robot/app/robot_ws/install/stereo_msgs/lib:/home/robot/app/robot_ws/install/std_srvs/lib:/home/robot/app/robot_ws/install/shape_msgs/lib:/home/robot/app/robot_ws/install/sensor_msgs/lib:/home/robot/app/robot_ws/install/nav_msgs/lib:/home/robot/app/robot_ws/install/diagnostic_msgs/lib:/home/robot/app/robot_ws/install/geometry_msgs/lib:/home/robot/app/robot_ws/install/actionlib_msgs/lib:/home/robot/app/robot_ws/install/std_msgs/lib:/home/robot/app/robot_ws/install/statistics_msgs/lib:/home/robot/app/robot_ws/install/rmw_microxrcedds/lib:/home/robot/app/robot_ws/install/rosidl_typesupport_microxrcedds_cpp/lib:/home/robot/app/robot_ws/install/rosidl_typesupport_microxrcedds_c/lib:/home/robot/app/robot_ws/install/rosgraph_msgs/lib:/home/robot/app/robot_ws/install/rclc_parameter/lib:/home/robot/app/robot_ws/install/rclc/lib:/home/robot/app/robot_ws/install/composition_interfaces/lib:/home/robot/app/robot_ws/install/rcl_interfaces/lib:/home/robot/app/robot_ws/install/microxrcedds_client/lib:/home/robot/app/robot_ws/install/microcdr/lib:/home/robot/app/robot_ws/install/micro_ros_utilities/lib:/home/robot/app/robot_ws/install/micro_ros_agent/lib:/home/robot/app/robot_ws/install/micro_ros_msgs/lib:/home/robot/app/robot_ws/install/lifecycle_msgs/lib:/home/robot/app/robot_ws/install/complex_msgs/lib:/opt/ros/humble/opt/rviz_ogre_vendor/lib:/opt/ros/humble/lib/x86_64-linux-gnu:/opt/ros/humble/lib /usr/bin/cmake --install /home/robot/app/robot_ws/build/complex_msgs
