[0.050s] Invoking command in '/home/robot/app/robot_ws/build/visualization_msgs': CMAKE_PREFIX_PATH=/home/robot/app/robot_ws/install/sensor_msgs:/home/robot/app/robot_ws/install/geometry_msgs:/home/robot/app/robot_ws/install/std_msgs:/home/robot/app/robot_ws/install/builtin_interfaces:/home/robot/app/robot_ws/install/micro_ros_agent:/home/robot/app/robot_ws/install/micro_ros_demos_rclc:/home/robot/app/robot_ws/install/common_interfaces:/home/robot/app/robot_ws/install/visualization_msgs:/home/robot/app/robot_ws/install/test_msgs:/home/robot/app/robot_ws/install/example_interfaces:/home/robot/app/robot_ws/install/action_msgs:/home/robot/app/robot_ws/install/unique_identifier_msgs:/home/robot/app/robot_ws/install/trajectory_msgs:/home/robot/app/robot_ws/install/stereo_msgs:/home/robot/app/robot_ws/install/std_srvs:/home/robot/app/robot_ws/install/shape_msgs:/home/robot/app/robot_ws/install/nav_msgs:/home/robot/app/robot_ws/install/diagnostic_msgs:/home/robot/app/robot_ws/install/actionlib_msgs:/home/robot/app/robot_ws/install/statistics_msgs:/home/robot/app/robot_ws/install/rosidl_typesupport_microxrcedds_test_msg:/home/robot/app/robot_ws/install/rosidl_typesupport_microxrcedds_cpp_tests:/home/robot/app/robot_ws/install/rmw_microxrcedds:/home/robot/app/robot_ws/install/rosidl_typesupport_microxrcedds_cpp:/home/robot/app/robot_ws/install/rosidl_typesupport_microxrcedds_c_tests:/home/robot/app/robot_ws/install/rosidl_typesupport_microxrcedds_c:/home/robot/app/robot_ws/install/rosgraph_msgs:/home/robot/app/robot_ws/install/rclc_parameter:/home/robot/app/robot_ws/install/rclc:/home/robot/app/robot_ws/install/composition_interfaces:/home/robot/app/robot_ws/install/rcl_interfaces:/home/robot/app/robot_ws/install/microxrcedds_client:/home/robot/app/robot_ws/install/microcdr:/home/robot/app/robot_ws/install/micro_ros_utilities:/home/robot/app/robot_ws/install/micro_ros_msgs:/home/robot/app/robot_ws/install/lifecycle_msgs:/home/robot/app/robot_ws/install/complex_msgs:/home/robot/app/robot_ws/install/micro_ros_setup:/home/robot/app/robot_ws/install/sensor_msgs_py:/opt/ros/humble LD_LIBRARY_PATH=/home/robot/app/robot_ws/install/sensor_msgs/lib:/home/robot/app/robot_ws/install/geometry_msgs/lib:/home/robot/app/robot_ws/install/std_msgs/lib:/home/robot/app/robot_ws/install/builtin_interfaces/lib:/home/robot/app/robot_ws/install/micro_ros_agent/lib:/home/robot/app/robot_ws/install/visualization_msgs/lib:/home/robot/app/robot_ws/install/test_msgs/lib:/home/robot/app/robot_ws/install/example_interfaces/lib:/home/robot/app/robot_ws/install/action_msgs/lib:/home/robot/app/robot_ws/install/unique_identifier_msgs/lib:/home/robot/app/robot_ws/install/trajectory_msgs/lib:/home/robot/app/robot_ws/install/stereo_msgs/lib:/home/robot/app/robot_ws/install/std_srvs/lib:/home/robot/app/robot_ws/install/shape_msgs/lib:/home/robot/app/robot_ws/install/nav_msgs/lib:/home/robot/app/robot_ws/install/diagnostic_msgs/lib:/home/robot/app/robot_ws/install/actionlib_msgs/lib:/home/robot/app/robot_ws/install/statistics_msgs/lib:/home/robot/app/robot_ws/install/rmw_microxrcedds/lib:/home/robot/app/robot_ws/install/rosidl_typesupport_microxrcedds_cpp/lib:/home/robot/app/robot_ws/install/rosidl_typesupport_microxrcedds_c/lib:/home/robot/app/robot_ws/install/rosgraph_msgs/lib:/home/robot/app/robot_ws/install/rclc_parameter/lib:/home/robot/app/robot_ws/install/rclc/lib:/home/robot/app/robot_ws/install/composition_interfaces/lib:/home/robot/app/robot_ws/install/rcl_interfaces/lib:/home/robot/app/robot_ws/install/microxrcedds_client/lib:/home/robot/app/robot_ws/install/microcdr/lib:/home/robot/app/robot_ws/install/micro_ros_utilities/lib:/home/robot/app/robot_ws/install/micro_ros_msgs/lib:/home/robot/app/robot_ws/install/lifecycle_msgs/lib:/home/robot/app/robot_ws/install/complex_msgs/lib:/opt/ros/humble/opt/rviz_ogre_vendor/lib:/opt/ros/humble/lib/x86_64-linux-gnu:/opt/ros/humble/lib /usr/bin/cmake /home/robot/app/robot_ws/src/ros2/common_interfaces/visualization_msgs -DBUILD_TESTING=OFF -DBUILD_SHARED_LIBS=ON -DCMAKE_INSTALL_PREFIX=/home/robot/app/robot_ws/install/visualization_msgs
[0.073s] -- Found ament_cmake: 1.3.10 (/opt/ros/humble/share/ament_cmake/cmake)
[0.383s] -- Found builtin_interfaces: 1.2.1 (/home/robot/app/robot_ws/install/builtin_interfaces/share/builtin_interfaces/cmake)
[0.432s] -- Found rosidl_generator_c: 3.1.5 (/opt/ros/humble/share/rosidl_generator_c/cmake)
[0.440s] -- Found rosidl_adapter: 3.1.5 (/opt/ros/humble/share/rosidl_adapter/cmake)
[0.449s] -- Found rosidl_generator_cpp: 3.1.5 (/opt/ros/humble/share/rosidl_generator_cpp/cmake)
[0.475s] -- Using all available rosidl_typesupport_c: rosidl_typesupport_microxrcedds_c;rosidl_typesupport_fastrtps_c;rosidl_typesupport_introspection_c
[0.506s] -- Using all available rosidl_typesupport_cpp: rosidl_typesupport_microxrcedds_cpp;rosidl_typesupport_fastrtps_cpp;rosidl_typesupport_introspection_cpp
[0.543s] -- Found geometry_msgs: 4.2.4 (/home/robot/app/robot_ws/install/geometry_msgs/share/geometry_msgs/cmake)
[0.608s] -- Found rosidl_default_generators: 1.2.0 (/opt/ros/humble/share/rosidl_default_generators/cmake)
[0.633s] -- Found sensor_msgs: 4.2.4 (/home/robot/app/robot_ws/install/sensor_msgs/share/sensor_msgs/cmake)
[2.001s] -- Found ament_cmake_ros: 0.10.0 (/opt/ros/humble/share/ament_cmake_ros/cmake)
[3.603s] -- Using all available rosidl_typesupport_c: rosidl_typesupport_microxrcedds_c;rosidl_typesupport_fastrtps_c;rosidl_typesupport_introspection_c
[4.374s] -- Using all available rosidl_typesupport_cpp: rosidl_typesupport_microxrcedds_cpp;rosidl_typesupport_fastrtps_cpp;rosidl_typesupport_introspection_cpp
[4.449s] -- Found python_cmake_module: 0.10.0 (/opt/ros/humble/share/python_cmake_module/cmake)
[4.538s] -- Using PYTHON_EXECUTABLE: /usr/bin/python3
[4.539s] -- Using PYTHON_INCLUDE_DIRS: /usr/include/python3.10
[4.539s] -- Using PYTHON_LIBRARIES: /usr/lib/x86_64-linux-gnu/libpython3.10.so
[4.861s] -- Configuring done
[5.175s] -- Generating done
[5.195s] -- Build files have been written to: /home/robot/app/robot_ws/build/visualization_msgs
[5.212s] Invoked command in '/home/robot/app/robot_ws/build/visualization_msgs' returned '0': CMAKE_PREFIX_PATH=/home/robot/app/robot_ws/install/sensor_msgs:/home/robot/app/robot_ws/install/geometry_msgs:/home/robot/app/robot_ws/install/std_msgs:/home/robot/app/robot_ws/install/builtin_interfaces:/home/robot/app/robot_ws/install/micro_ros_agent:/home/robot/app/robot_ws/install/micro_ros_demos_rclc:/home/robot/app/robot_ws/install/common_interfaces:/home/robot/app/robot_ws/install/visualization_msgs:/home/robot/app/robot_ws/install/test_msgs:/home/robot/app/robot_ws/install/example_interfaces:/home/robot/app/robot_ws/install/action_msgs:/home/robot/app/robot_ws/install/unique_identifier_msgs:/home/robot/app/robot_ws/install/trajectory_msgs:/home/robot/app/robot_ws/install/stereo_msgs:/home/robot/app/robot_ws/install/std_srvs:/home/robot/app/robot_ws/install/shape_msgs:/home/robot/app/robot_ws/install/nav_msgs:/home/robot/app/robot_ws/install/diagnostic_msgs:/home/robot/app/robot_ws/install/actionlib_msgs:/home/robot/app/robot_ws/install/statistics_msgs:/home/robot/app/robot_ws/install/rosidl_typesupport_microxrcedds_test_msg:/home/robot/app/robot_ws/install/rosidl_typesupport_microxrcedds_cpp_tests:/home/robot/app/robot_ws/install/rmw_microxrcedds:/home/robot/app/robot_ws/install/rosidl_typesupport_microxrcedds_cpp:/home/robot/app/robot_ws/install/rosidl_typesupport_microxrcedds_c_tests:/home/robot/app/robot_ws/install/rosidl_typesupport_microxrcedds_c:/home/robot/app/robot_ws/install/rosgraph_msgs:/home/robot/app/robot_ws/install/rclc_parameter:/home/robot/app/robot_ws/install/rclc:/home/robot/app/robot_ws/install/composition_interfaces:/home/robot/app/robot_ws/install/rcl_interfaces:/home/robot/app/robot_ws/install/microxrcedds_client:/home/robot/app/robot_ws/install/microcdr:/home/robot/app/robot_ws/install/micro_ros_utilities:/home/robot/app/robot_ws/install/micro_ros_msgs:/home/robot/app/robot_ws/install/lifecycle_msgs:/home/robot/app/robot_ws/install/complex_msgs:/home/robot/app/robot_ws/install/micro_ros_setup:/home/robot/app/robot_ws/install/sensor_msgs_py:/opt/ros/humble LD_LIBRARY_PATH=/home/robot/app/robot_ws/install/sensor_msgs/lib:/home/robot/app/robot_ws/install/geometry_msgs/lib:/home/robot/app/robot_ws/install/std_msgs/lib:/home/robot/app/robot_ws/install/builtin_interfaces/lib:/home/robot/app/robot_ws/install/micro_ros_agent/lib:/home/robot/app/robot_ws/install/visualization_msgs/lib:/home/robot/app/robot_ws/install/test_msgs/lib:/home/robot/app/robot_ws/install/example_interfaces/lib:/home/robot/app/robot_ws/install/action_msgs/lib:/home/robot/app/robot_ws/install/unique_identifier_msgs/lib:/home/robot/app/robot_ws/install/trajectory_msgs/lib:/home/robot/app/robot_ws/install/stereo_msgs/lib:/home/robot/app/robot_ws/install/std_srvs/lib:/home/robot/app/robot_ws/install/shape_msgs/lib:/home/robot/app/robot_ws/install/nav_msgs/lib:/home/robot/app/robot_ws/install/diagnostic_msgs/lib:/home/robot/app/robot_ws/install/actionlib_msgs/lib:/home/robot/app/robot_ws/install/statistics_msgs/lib:/home/robot/app/robot_ws/install/rmw_microxrcedds/lib:/home/robot/app/robot_ws/install/rosidl_typesupport_microxrcedds_cpp/lib:/home/robot/app/robot_ws/install/rosidl_typesupport_microxrcedds_c/lib:/home/robot/app/robot_ws/install/rosgraph_msgs/lib:/home/robot/app/robot_ws/install/rclc_parameter/lib:/home/robot/app/robot_ws/install/rclc/lib:/home/robot/app/robot_ws/install/composition_interfaces/lib:/home/robot/app/robot_ws/install/rcl_interfaces/lib:/home/robot/app/robot_ws/install/microxrcedds_client/lib:/home/robot/app/robot_ws/install/microcdr/lib:/home/robot/app/robot_ws/install/micro_ros_utilities/lib:/home/robot/app/robot_ws/install/micro_ros_msgs/lib:/home/robot/app/robot_ws/install/lifecycle_msgs/lib:/home/robot/app/robot_ws/install/complex_msgs/lib:/opt/ros/humble/opt/rviz_ogre_vendor/lib:/opt/ros/humble/lib/x86_64-linux-gnu:/opt/ros/humble/lib /usr/bin/cmake /home/robot/app/robot_ws/src/ros2/common_interfaces/visualization_msgs -DBUILD_TESTING=OFF -DBUILD_SHARED_LIBS=ON -DCMAKE_INSTALL_PREFIX=/home/robot/app/robot_ws/install/visualization_msgs
[5.214s] Invoking command in '/home/robot/app/robot_ws/build/visualization_msgs': CMAKE_PREFIX_PATH=/home/robot/app/robot_ws/install/sensor_msgs:/home/robot/app/robot_ws/install/geometry_msgs:/home/robot/app/robot_ws/install/std_msgs:/home/robot/app/robot_ws/install/builtin_interfaces:/home/robot/app/robot_ws/install/micro_ros_agent:/home/robot/app/robot_ws/install/micro_ros_demos_rclc:/home/robot/app/robot_ws/install/common_interfaces:/home/robot/app/robot_ws/install/visualization_msgs:/home/robot/app/robot_ws/install/test_msgs:/home/robot/app/robot_ws/install/example_interfaces:/home/robot/app/robot_ws/install/action_msgs:/home/robot/app/robot_ws/install/unique_identifier_msgs:/home/robot/app/robot_ws/install/trajectory_msgs:/home/robot/app/robot_ws/install/stereo_msgs:/home/robot/app/robot_ws/install/std_srvs:/home/robot/app/robot_ws/install/shape_msgs:/home/robot/app/robot_ws/install/nav_msgs:/home/robot/app/robot_ws/install/diagnostic_msgs:/home/robot/app/robot_ws/install/actionlib_msgs:/home/robot/app/robot_ws/install/statistics_msgs:/home/robot/app/robot_ws/install/rosidl_typesupport_microxrcedds_test_msg:/home/robot/app/robot_ws/install/rosidl_typesupport_microxrcedds_cpp_tests:/home/robot/app/robot_ws/install/rmw_microxrcedds:/home/robot/app/robot_ws/install/rosidl_typesupport_microxrcedds_cpp:/home/robot/app/robot_ws/install/rosidl_typesupport_microxrcedds_c_tests:/home/robot/app/robot_ws/install/rosidl_typesupport_microxrcedds_c:/home/robot/app/robot_ws/install/rosgraph_msgs:/home/robot/app/robot_ws/install/rclc_parameter:/home/robot/app/robot_ws/install/rclc:/home/robot/app/robot_ws/install/composition_interfaces:/home/robot/app/robot_ws/install/rcl_interfaces:/home/robot/app/robot_ws/install/microxrcedds_client:/home/robot/app/robot_ws/install/microcdr:/home/robot/app/robot_ws/install/micro_ros_utilities:/home/robot/app/robot_ws/install/micro_ros_msgs:/home/robot/app/robot_ws/install/lifecycle_msgs:/home/robot/app/robot_ws/install/complex_msgs:/home/robot/app/robot_ws/install/micro_ros_setup:/home/robot/app/robot_ws/install/sensor_msgs_py:/opt/ros/humble LD_LIBRARY_PATH=/home/robot/app/robot_ws/install/sensor_msgs/lib:/home/robot/app/robot_ws/install/geometry_msgs/lib:/home/robot/app/robot_ws/install/std_msgs/lib:/home/robot/app/robot_ws/install/builtin_interfaces/lib:/home/robot/app/robot_ws/install/micro_ros_agent/lib:/home/robot/app/robot_ws/install/visualization_msgs/lib:/home/robot/app/robot_ws/install/test_msgs/lib:/home/robot/app/robot_ws/install/example_interfaces/lib:/home/robot/app/robot_ws/install/action_msgs/lib:/home/robot/app/robot_ws/install/unique_identifier_msgs/lib:/home/robot/app/robot_ws/install/trajectory_msgs/lib:/home/robot/app/robot_ws/install/stereo_msgs/lib:/home/robot/app/robot_ws/install/std_srvs/lib:/home/robot/app/robot_ws/install/shape_msgs/lib:/home/robot/app/robot_ws/install/nav_msgs/lib:/home/robot/app/robot_ws/install/diagnostic_msgs/lib:/home/robot/app/robot_ws/install/actionlib_msgs/lib:/home/robot/app/robot_ws/install/statistics_msgs/lib:/home/robot/app/robot_ws/install/rmw_microxrcedds/lib:/home/robot/app/robot_ws/install/rosidl_typesupport_microxrcedds_cpp/lib:/home/robot/app/robot_ws/install/rosidl_typesupport_microxrcedds_c/lib:/home/robot/app/robot_ws/install/rosgraph_msgs/lib:/home/robot/app/robot_ws/install/rclc_parameter/lib:/home/robot/app/robot_ws/install/rclc/lib:/home/robot/app/robot_ws/install/composition_interfaces/lib:/home/robot/app/robot_ws/install/rcl_interfaces/lib:/home/robot/app/robot_ws/install/microxrcedds_client/lib:/home/robot/app/robot_ws/install/microcdr/lib:/home/robot/app/robot_ws/install/micro_ros_utilities/lib:/home/robot/app/robot_ws/install/micro_ros_msgs/lib:/home/robot/app/robot_ws/install/lifecycle_msgs/lib:/home/robot/app/robot_ws/install/complex_msgs/lib:/opt/ros/humble/opt/rviz_ogre_vendor/lib:/opt/ros/humble/lib/x86_64-linux-gnu:/opt/ros/humble/lib /usr/bin/cmake --build /home/robot/app/robot_ws/build/visualization_msgs -- -j8 -l8
[5.383s] [  0%] Built target visualization_msgs__cpp
[5.527s] [  0%] Built target ament_cmake_python_copy_visualization_msgs
[5.583s] [35m[1mConsolidate compiler generated dependencies of target visualization_msgs__rosidl_typesupport_introspection_cpp[0m
[5.661s] [  9%] Built target visualization_msgs__rosidl_typesupport_introspection_cpp
[6.336s] running egg_info
[6.338s] writing visualization_msgs.egg-info/PKG-INFO
[6.338s] writing dependency_links to visualization_msgs.egg-info/dependency_links.txt
[6.341s] writing top-level names to visualization_msgs.egg-info/top_level.txt
[6.345s] reading manifest file 'visualization_msgs.egg-info/SOURCES.txt'
[6.351s] writing manifest file 'visualization_msgs.egg-info/SOURCES.txt'
[6.432s] [  9%] Built target ament_cmake_python_build_visualization_msgs_egg
[6.472s] [35m[1mConsolidate compiler generated dependencies of target visualization_msgs__rosidl_typesupport_microxrcedds_cpp[0m
[6.549s] [ 19%] Built target visualization_msgs__rosidl_typesupport_microxrcedds_cpp
[6.587s] [35m[1mConsolidate compiler generated dependencies of target visualization_msgs__rosidl_typesupport_fastrtps_cpp[0m
[6.660s] [ 28%] Built target visualization_msgs__rosidl_typesupport_fastrtps_cpp
[6.703s] [35m[1mConsolidate compiler generated dependencies of target visualization_msgs__rosidl_typesupport_cpp[0m
[6.773s] [ 37%] Built target visualization_msgs__rosidl_typesupport_cpp
[6.819s] [35m[1mConsolidate compiler generated dependencies of target visualization_msgs__rosidl_generator_c[0m
[6.873s] [ 46%] Built target visualization_msgs__rosidl_generator_c
[6.909s] [35m[1mConsolidate compiler generated dependencies of target visualization_msgs__rosidl_typesupport_fastrtps_c[0m
[6.998s] [ 56%] Built target visualization_msgs__rosidl_typesupport_fastrtps_c
[7.036s] [35m[1mConsolidate compiler generated dependencies of target visualization_msgs__rosidl_typesupport_c[0m
[7.085s] [ 65%] Built target visualization_msgs__rosidl_typesupport_c
[7.123s] [35m[1mConsolidate compiler generated dependencies of target visualization_msgs__rosidl_typesupport_introspection_c[0m
[7.182s] [ 75%] Built target visualization_msgs__rosidl_typesupport_introspection_c
[7.216s] [35m[1mConsolidate compiler generated dependencies of target visualization_msgs__rosidl_typesupport_microxrcedds_c[0m
[7.274s] [ 85%] Built target visualization_msgs__rosidl_typesupport_microxrcedds_c
[7.334s] [ 85%] Built target visualization_msgs
[7.407s] [ 86%] Built target visualization_msgs__py
[7.453s] [35m[1mConsolidate compiler generated dependencies of target visualization_msgs__rosidl_generator_py[0m
[7.530s] [ 95%] Built target visualization_msgs__rosidl_generator_py
[7.567s] [35m[1mConsolidate compiler generated dependencies of target visualization_msgs__rosidl_typesupport_microxrcedds_c__pyext[0m
[7.608s] [ 96%] Built target visualization_msgs__rosidl_typesupport_microxrcedds_c__pyext
[7.642s] [35m[1mConsolidate compiler generated dependencies of target visualization_msgs__rosidl_typesupport_c__pyext[0m
[7.690s] [ 98%] Built target visualization_msgs__rosidl_typesupport_c__pyext
[7.722s] [35m[1mConsolidate compiler generated dependencies of target visualization_msgs__rosidl_typesupport_introspection_c__pyext[0m
[7.765s] [ 99%] Built target visualization_msgs__rosidl_typesupport_introspection_c__pyext
[7.788s] [35m[1mConsolidate compiler generated dependencies of target visualization_msgs__rosidl_typesupport_fastrtps_c__pyext[0m
[7.829s] [100%] Built target visualization_msgs__rosidl_typesupport_fastrtps_c__pyext
[7.869s] Invoked command in '/home/robot/app/robot_ws/build/visualization_msgs' returned '0': CMAKE_PREFIX_PATH=/home/robot/app/robot_ws/install/sensor_msgs:/home/robot/app/robot_ws/install/geometry_msgs:/home/robot/app/robot_ws/install/std_msgs:/home/robot/app/robot_ws/install/builtin_interfaces:/home/robot/app/robot_ws/install/micro_ros_agent:/home/robot/app/robot_ws/install/micro_ros_demos_rclc:/home/robot/app/robot_ws/install/common_interfaces:/home/robot/app/robot_ws/install/visualization_msgs:/home/robot/app/robot_ws/install/test_msgs:/home/robot/app/robot_ws/install/example_interfaces:/home/robot/app/robot_ws/install/action_msgs:/home/robot/app/robot_ws/install/unique_identifier_msgs:/home/robot/app/robot_ws/install/trajectory_msgs:/home/robot/app/robot_ws/install/stereo_msgs:/home/robot/app/robot_ws/install/std_srvs:/home/robot/app/robot_ws/install/shape_msgs:/home/robot/app/robot_ws/install/nav_msgs:/home/robot/app/robot_ws/install/diagnostic_msgs:/home/robot/app/robot_ws/install/actionlib_msgs:/home/robot/app/robot_ws/install/statistics_msgs:/home/robot/app/robot_ws/install/rosidl_typesupport_microxrcedds_test_msg:/home/robot/app/robot_ws/install/rosidl_typesupport_microxrcedds_cpp_tests:/home/robot/app/robot_ws/install/rmw_microxrcedds:/home/robot/app/robot_ws/install/rosidl_typesupport_microxrcedds_cpp:/home/robot/app/robot_ws/install/rosidl_typesupport_microxrcedds_c_tests:/home/robot/app/robot_ws/install/rosidl_typesupport_microxrcedds_c:/home/robot/app/robot_ws/install/rosgraph_msgs:/home/robot/app/robot_ws/install/rclc_parameter:/home/robot/app/robot_ws/install/rclc:/home/robot/app/robot_ws/install/composition_interfaces:/home/robot/app/robot_ws/install/rcl_interfaces:/home/robot/app/robot_ws/install/microxrcedds_client:/home/robot/app/robot_ws/install/microcdr:/home/robot/app/robot_ws/install/micro_ros_utilities:/home/robot/app/robot_ws/install/micro_ros_msgs:/home/robot/app/robot_ws/install/lifecycle_msgs:/home/robot/app/robot_ws/install/complex_msgs:/home/robot/app/robot_ws/install/micro_ros_setup:/home/robot/app/robot_ws/install/sensor_msgs_py:/opt/ros/humble LD_LIBRARY_PATH=/home/robot/app/robot_ws/install/sensor_msgs/lib:/home/robot/app/robot_ws/install/geometry_msgs/lib:/home/robot/app/robot_ws/install/std_msgs/lib:/home/robot/app/robot_ws/install/builtin_interfaces/lib:/home/robot/app/robot_ws/install/micro_ros_agent/lib:/home/robot/app/robot_ws/install/visualization_msgs/lib:/home/robot/app/robot_ws/install/test_msgs/lib:/home/robot/app/robot_ws/install/example_interfaces/lib:/home/robot/app/robot_ws/install/action_msgs/lib:/home/robot/app/robot_ws/install/unique_identifier_msgs/lib:/home/robot/app/robot_ws/install/trajectory_msgs/lib:/home/robot/app/robot_ws/install/stereo_msgs/lib:/home/robot/app/robot_ws/install/std_srvs/lib:/home/robot/app/robot_ws/install/shape_msgs/lib:/home/robot/app/robot_ws/install/nav_msgs/lib:/home/robot/app/robot_ws/install/diagnostic_msgs/lib:/home/robot/app/robot_ws/install/actionlib_msgs/lib:/home/robot/app/robot_ws/install/statistics_msgs/lib:/home/robot/app/robot_ws/install/rmw_microxrcedds/lib:/home/robot/app/robot_ws/install/rosidl_typesupport_microxrcedds_cpp/lib:/home/robot/app/robot_ws/install/rosidl_typesupport_microxrcedds_c/lib:/home/robot/app/robot_ws/install/rosgraph_msgs/lib:/home/robot/app/robot_ws/install/rclc_parameter/lib:/home/robot/app/robot_ws/install/rclc/lib:/home/robot/app/robot_ws/install/composition_interfaces/lib:/home/robot/app/robot_ws/install/rcl_interfaces/lib:/home/robot/app/robot_ws/install/microxrcedds_client/lib:/home/robot/app/robot_ws/install/microcdr/lib:/home/robot/app/robot_ws/install/micro_ros_utilities/lib:/home/robot/app/robot_ws/install/micro_ros_msgs/lib:/home/robot/app/robot_ws/install/lifecycle_msgs/lib:/home/robot/app/robot_ws/install/complex_msgs/lib:/opt/ros/humble/opt/rviz_ogre_vendor/lib:/opt/ros/humble/lib/x86_64-linux-gnu:/opt/ros/humble/lib /usr/bin/cmake --build /home/robot/app/robot_ws/build/visualization_msgs -- -j8 -l8
[8.978s] Invoking command in '/home/robot/app/robot_ws/build/visualization_msgs': CMAKE_PREFIX_PATH=/home/robot/app/robot_ws/install/sensor_msgs:/home/robot/app/robot_ws/install/geometry_msgs:/home/robot/app/robot_ws/install/std_msgs:/home/robot/app/robot_ws/install/builtin_interfaces:/home/robot/app/robot_ws/install/micro_ros_agent:/home/robot/app/robot_ws/install/micro_ros_demos_rclc:/home/robot/app/robot_ws/install/common_interfaces:/home/robot/app/robot_ws/install/visualization_msgs:/home/robot/app/robot_ws/install/test_msgs:/home/robot/app/robot_ws/install/example_interfaces:/home/robot/app/robot_ws/install/action_msgs:/home/robot/app/robot_ws/install/unique_identifier_msgs:/home/robot/app/robot_ws/install/trajectory_msgs:/home/robot/app/robot_ws/install/stereo_msgs:/home/robot/app/robot_ws/install/std_srvs:/home/robot/app/robot_ws/install/shape_msgs:/home/robot/app/robot_ws/install/nav_msgs:/home/robot/app/robot_ws/install/diagnostic_msgs:/home/robot/app/robot_ws/install/actionlib_msgs:/home/robot/app/robot_ws/install/statistics_msgs:/home/robot/app/robot_ws/install/rosidl_typesupport_microxrcedds_test_msg:/home/robot/app/robot_ws/install/rosidl_typesupport_microxrcedds_cpp_tests:/home/robot/app/robot_ws/install/rmw_microxrcedds:/home/robot/app/robot_ws/install/rosidl_typesupport_microxrcedds_cpp:/home/robot/app/robot_ws/install/rosidl_typesupport_microxrcedds_c_tests:/home/robot/app/robot_ws/install/rosidl_typesupport_microxrcedds_c:/home/robot/app/robot_ws/install/rosgraph_msgs:/home/robot/app/robot_ws/install/rclc_parameter:/home/robot/app/robot_ws/install/rclc:/home/robot/app/robot_ws/install/composition_interfaces:/home/robot/app/robot_ws/install/rcl_interfaces:/home/robot/app/robot_ws/install/microxrcedds_client:/home/robot/app/robot_ws/install/microcdr:/home/robot/app/robot_ws/install/micro_ros_utilities:/home/robot/app/robot_ws/install/micro_ros_msgs:/home/robot/app/robot_ws/install/lifecycle_msgs:/home/robot/app/robot_ws/install/complex_msgs:/home/robot/app/robot_ws/install/micro_ros_setup:/home/robot/app/robot_ws/install/sensor_msgs_py:/opt/ros/humble LD_LIBRARY_PATH=/home/robot/app/robot_ws/install/sensor_msgs/lib:/home/robot/app/robot_ws/install/geometry_msgs/lib:/home/robot/app/robot_ws/install/std_msgs/lib:/home/robot/app/robot_ws/install/builtin_interfaces/lib:/home/robot/app/robot_ws/install/micro_ros_agent/lib:/home/robot/app/robot_ws/install/visualization_msgs/lib:/home/robot/app/robot_ws/install/test_msgs/lib:/home/robot/app/robot_ws/install/example_interfaces/lib:/home/robot/app/robot_ws/install/action_msgs/lib:/home/robot/app/robot_ws/install/unique_identifier_msgs/lib:/home/robot/app/robot_ws/install/trajectory_msgs/lib:/home/robot/app/robot_ws/install/stereo_msgs/lib:/home/robot/app/robot_ws/install/std_srvs/lib:/home/robot/app/robot_ws/install/shape_msgs/lib:/home/robot/app/robot_ws/install/nav_msgs/lib:/home/robot/app/robot_ws/install/diagnostic_msgs/lib:/home/robot/app/robot_ws/install/actionlib_msgs/lib:/home/robot/app/robot_ws/install/statistics_msgs/lib:/home/robot/app/robot_ws/install/rmw_microxrcedds/lib:/home/robot/app/robot_ws/install/rosidl_typesupport_microxrcedds_cpp/lib:/home/robot/app/robot_ws/install/rosidl_typesupport_microxrcedds_c/lib:/home/robot/app/robot_ws/install/rosgraph_msgs/lib:/home/robot/app/robot_ws/install/rclc_parameter/lib:/home/robot/app/robot_ws/install/rclc/lib:/home/robot/app/robot_ws/install/composition_interfaces/lib:/home/robot/app/robot_ws/install/rcl_interfaces/lib:/home/robot/app/robot_ws/install/microxrcedds_client/lib:/home/robot/app/robot_ws/install/microcdr/lib:/home/robot/app/robot_ws/install/micro_ros_utilities/lib:/home/robot/app/robot_ws/install/micro_ros_msgs/lib:/home/robot/app/robot_ws/install/lifecycle_msgs/lib:/home/robot/app/robot_ws/install/complex_msgs/lib:/opt/ros/humble/opt/rviz_ogre_vendor/lib:/opt/ros/humble/lib/x86_64-linux-gnu:/opt/ros/humble/lib /usr/bin/cmake --install /home/robot/app/robot_ws/build/visualization_msgs
[9.000s] -- Install configuration: ""
[9.001s] -- Up-to-date: /home/robot/app/robot_ws/install/visualization_msgs/share/ament_index/resource_index/rosidl_interfaces/visualization_msgs
[9.001s] -- Up-to-date: /home/robot/app/robot_ws/install/visualization_msgs/include/visualization_msgs/visualization_msgs
[9.001s] -- Up-to-date: /home/robot/app/robot_ws/install/visualization_msgs/include/visualization_msgs/visualization_msgs/srv
[9.001s] -- Up-to-date: /home/robot/app/robot_ws/install/visualization_msgs/include/visualization_msgs/visualization_msgs/srv/get_interactive_markers.h
[9.001s] -- Up-to-date: /home/robot/app/robot_ws/install/visualization_msgs/include/visualization_msgs/visualization_msgs/srv/detail
[9.001s] -- Up-to-date: /home/robot/app/robot_ws/install/visualization_msgs/include/visualization_msgs/visualization_msgs/srv/detail/get_interactive_markers__struct.h
[9.002s] -- Up-to-date: /home/robot/app/robot_ws/install/visualization_msgs/include/visualization_msgs/visualization_msgs/srv/detail/get_interactive_markers__functions.h
[9.002s] -- Up-to-date: /home/robot/app/robot_ws/install/visualization_msgs/include/visualization_msgs/visualization_msgs/srv/detail/get_interactive_markers__type_support.h
[9.002s] -- Up-to-date: /home/robot/app/robot_ws/install/visualization_msgs/include/visualization_msgs/visualization_msgs/srv/detail/get_interactive_markers__functions.c
[9.002s] -- Up-to-date: /home/robot/app/robot_ws/install/visualization_msgs/include/visualization_msgs/visualization_msgs/msg
[9.002s] -- Up-to-date: /home/robot/app/robot_ws/install/visualization_msgs/include/visualization_msgs/visualization_msgs/msg/menu_entry.h
[9.002s] -- Up-to-date: /home/robot/app/robot_ws/install/visualization_msgs/include/visualization_msgs/visualization_msgs/msg/interactive_marker_control.h
[9.003s] -- Up-to-date: /home/robot/app/robot_ws/install/visualization_msgs/include/visualization_msgs/visualization_msgs/msg/interactive_marker_pose.h
[9.003s] -- Up-to-date: /home/robot/app/robot_ws/install/visualization_msgs/include/visualization_msgs/visualization_msgs/msg/marker_array.h
[9.004s] -- Up-to-date: /home/robot/app/robot_ws/install/visualization_msgs/include/visualization_msgs/visualization_msgs/msg/uv_coordinate.h
[9.004s] -- Up-to-date: /home/robot/app/robot_ws/install/visualization_msgs/include/visualization_msgs/visualization_msgs/msg/detail
[9.004s] -- Up-to-date: /home/robot/app/robot_ws/install/visualization_msgs/include/visualization_msgs/visualization_msgs/msg/detail/interactive_marker__functions.c
[9.004s] -- Up-to-date: /home/robot/app/robot_ws/install/visualization_msgs/include/visualization_msgs/visualization_msgs/msg/detail/interactive_marker__struct.h
[9.004s] -- Up-to-date: /home/robot/app/robot_ws/install/visualization_msgs/include/visualization_msgs/visualization_msgs/msg/detail/image_marker__type_support.h
[9.004s] -- Up-to-date: /home/robot/app/robot_ws/install/visualization_msgs/include/visualization_msgs/visualization_msgs/msg/detail/uv_coordinate__functions.c
[9.005s] -- Up-to-date: /home/robot/app/robot_ws/install/visualization_msgs/include/visualization_msgs/visualization_msgs/msg/detail/uv_coordinate__struct.h
[9.005s] -- Up-to-date: /home/robot/app/robot_ws/install/visualization_msgs/include/visualization_msgs/visualization_msgs/msg/detail/menu_entry__struct.h
[9.005s] -- Up-to-date: /home/robot/app/robot_ws/install/visualization_msgs/include/visualization_msgs/visualization_msgs/msg/detail/interactive_marker_init__type_support.h
[9.005s] -- Up-to-date: /home/robot/app/robot_ws/install/visualization_msgs/include/visualization_msgs/visualization_msgs/msg/detail/interactive_marker_init__struct.h
[9.005s] -- Up-to-date: /home/robot/app/robot_ws/install/visualization_msgs/include/visualization_msgs/visualization_msgs/msg/detail/image_marker__functions.c
[9.005s] -- Up-to-date: /home/robot/app/robot_ws/install/visualization_msgs/include/visualization_msgs/visualization_msgs/msg/detail/mesh_file__struct.h
[9.005s] -- Up-to-date: /home/robot/app/robot_ws/install/visualization_msgs/include/visualization_msgs/visualization_msgs/msg/detail/interactive_marker__functions.h
[9.005s] -- Up-to-date: /home/robot/app/robot_ws/install/visualization_msgs/include/visualization_msgs/visualization_msgs/msg/detail/marker_array__type_support.h
[9.006s] -- Up-to-date: /home/robot/app/robot_ws/install/visualization_msgs/include/visualization_msgs/visualization_msgs/msg/detail/image_marker__struct.h
[9.006s] -- Up-to-date: /home/robot/app/robot_ws/install/visualization_msgs/include/visualization_msgs/visualization_msgs/msg/detail/menu_entry__type_support.h
[9.006s] -- Up-to-date: /home/robot/app/robot_ws/install/visualization_msgs/include/visualization_msgs/visualization_msgs/msg/detail/interactive_marker_pose__struct.h
[9.006s] -- Up-to-date: /home/robot/app/robot_ws/install/visualization_msgs/include/visualization_msgs/visualization_msgs/msg/detail/marker_array__struct.h
[9.006s] -- Up-to-date: /home/robot/app/robot_ws/install/visualization_msgs/include/visualization_msgs/visualization_msgs/msg/detail/interactive_marker_feedback__functions.c
[9.006s] -- Up-to-date: /home/robot/app/robot_ws/install/visualization_msgs/include/visualization_msgs/visualization_msgs/msg/detail/interactive_marker__type_support.h
[9.006s] -- Up-to-date: /home/robot/app/robot_ws/install/visualization_msgs/include/visualization_msgs/visualization_msgs/msg/detail/interactive_marker_update__functions.h
[9.006s] -- Up-to-date: /home/robot/app/robot_ws/install/visualization_msgs/include/visualization_msgs/visualization_msgs/msg/detail/uv_coordinate__functions.h
[9.006s] -- Up-to-date: /home/robot/app/robot_ws/install/visualization_msgs/include/visualization_msgs/visualization_msgs/msg/detail/interactive_marker_pose__type_support.h
[9.007s] -- Up-to-date: /home/robot/app/robot_ws/install/visualization_msgs/include/visualization_msgs/visualization_msgs/msg/detail/marker_array__functions.h
[9.007s] -- Up-to-date: /home/robot/app/robot_ws/install/visualization_msgs/include/visualization_msgs/visualization_msgs/msg/detail/marker__struct.h
[9.007s] -- Up-to-date: /home/robot/app/robot_ws/install/visualization_msgs/include/visualization_msgs/visualization_msgs/msg/detail/marker_array__functions.c
[9.007s] -- Up-to-date: /home/robot/app/robot_ws/install/visualization_msgs/include/visualization_msgs/visualization_msgs/msg/detail/marker__type_support.h
[9.007s] -- Up-to-date: /home/robot/app/robot_ws/install/visualization_msgs/include/visualization_msgs/visualization_msgs/msg/detail/interactive_marker_update__struct.h
[9.007s] -- Up-to-date: /home/robot/app/robot_ws/install/visualization_msgs/include/visualization_msgs/visualization_msgs/msg/detail/mesh_file__functions.h
[9.007s] -- Up-to-date: /home/robot/app/robot_ws/install/visualization_msgs/include/visualization_msgs/visualization_msgs/msg/detail/menu_entry__functions.c
[9.007s] -- Up-to-date: /home/robot/app/robot_ws/install/visualization_msgs/include/visualization_msgs/visualization_msgs/msg/detail/uv_coordinate__type_support.h
[9.008s] -- Up-to-date: /home/robot/app/robot_ws/install/visualization_msgs/include/visualization_msgs/visualization_msgs/msg/detail/interactive_marker_update__type_support.h
[9.008s] -- Up-to-date: /home/robot/app/robot_ws/install/visualization_msgs/include/visualization_msgs/visualization_msgs/msg/detail/interactive_marker_control__type_support.h
[9.008s] -- Up-to-date: /home/robot/app/robot_ws/install/visualization_msgs/include/visualization_msgs/visualization_msgs/msg/detail/marker__functions.h
[9.008s] -- Up-to-date: /home/robot/app/robot_ws/install/visualization_msgs/include/visualization_msgs/visualization_msgs/msg/detail/interactive_marker_init__functions.c
[9.008s] -- Up-to-date: /home/robot/app/robot_ws/install/visualization_msgs/include/visualization_msgs/visualization_msgs/msg/detail/interactive_marker_feedback__struct.h
[9.008s] -- Up-to-date: /home/robot/app/robot_ws/install/visualization_msgs/include/visualization_msgs/visualization_msgs/msg/detail/marker__functions.c
[9.008s] -- Up-to-date: /home/robot/app/robot_ws/install/visualization_msgs/include/visualization_msgs/visualization_msgs/msg/detail/interactive_marker_init__functions.h
[9.008s] -- Up-to-date: /home/robot/app/robot_ws/install/visualization_msgs/include/visualization_msgs/visualization_msgs/msg/detail/interactive_marker_pose__functions.c
[9.009s] -- Up-to-date: /home/robot/app/robot_ws/install/visualization_msgs/include/visualization_msgs/visualization_msgs/msg/detail/interactive_marker_control__functions.c
[9.009s] -- Up-to-date: /home/robot/app/robot_ws/install/visualization_msgs/include/visualization_msgs/visualization_msgs/msg/detail/interactive_marker_control__functions.h
[9.009s] -- Up-to-date: /home/robot/app/robot_ws/install/visualization_msgs/include/visualization_msgs/visualization_msgs/msg/detail/interactive_marker_pose__functions.h
[9.009s] -- Up-to-date: /home/robot/app/robot_ws/install/visualization_msgs/include/visualization_msgs/visualization_msgs/msg/detail/menu_entry__functions.h
[9.009s] -- Up-to-date: /home/robot/app/robot_ws/install/visualization_msgs/include/visualization_msgs/visualization_msgs/msg/detail/interactive_marker_feedback__type_support.h
[9.009s] -- Up-to-date: /home/robot/app/robot_ws/install/visualization_msgs/include/visualization_msgs/visualization_msgs/msg/detail/interactive_marker_feedback__functions.h
[9.009s] -- Up-to-date: /home/robot/app/robot_ws/install/visualization_msgs/include/visualization_msgs/visualization_msgs/msg/detail/interactive_marker_update__functions.c
[9.009s] -- Up-to-date: /home/robot/app/robot_ws/install/visualization_msgs/include/visualization_msgs/visualization_msgs/msg/detail/mesh_file__functions.c
[9.010s] -- Up-to-date: /home/robot/app/robot_ws/install/visualization_msgs/include/visualization_msgs/visualization_msgs/msg/detail/mesh_file__type_support.h
[9.010s] -- Up-to-date: /home/robot/app/robot_ws/install/visualization_msgs/include/visualization_msgs/visualization_msgs/msg/detail/interactive_marker_control__struct.h
[9.010s] -- Up-to-date: /home/robot/app/robot_ws/install/visualization_msgs/include/visualization_msgs/visualization_msgs/msg/detail/image_marker__functions.h
[9.010s] -- Up-to-date: /home/robot/app/robot_ws/install/visualization_msgs/include/visualization_msgs/visualization_msgs/msg/interactive_marker_update.h
[9.010s] -- Up-to-date: /home/robot/app/robot_ws/install/visualization_msgs/include/visualization_msgs/visualization_msgs/msg/interactive_marker.h
[9.010s] -- Up-to-date: /home/robot/app/robot_ws/install/visualization_msgs/include/visualization_msgs/visualization_msgs/msg/interactive_marker_init.h
[9.010s] -- Up-to-date: /home/robot/app/robot_ws/install/visualization_msgs/include/visualization_msgs/visualization_msgs/msg/image_marker.h
[9.010s] -- Up-to-date: /home/robot/app/robot_ws/install/visualization_msgs/include/visualization_msgs/visualization_msgs/msg/mesh_file.h
[9.011s] -- Up-to-date: /home/robot/app/robot_ws/install/visualization_msgs/include/visualization_msgs/visualization_msgs/msg/interactive_marker_feedback.h
[9.011s] -- Up-to-date: /home/robot/app/robot_ws/install/visualization_msgs/include/visualization_msgs/visualization_msgs/msg/marker.h
[9.011s] -- Up-to-date: /home/robot/app/robot_ws/install/visualization_msgs/include/visualization_msgs/visualization_msgs/msg/rosidl_generator_c__visibility_control.h
[9.011s] -- Up-to-date: /home/robot/app/robot_ws/install/visualization_msgs/share/visualization_msgs/environment/library_path.sh
[9.011s] -- Installing: /home/robot/app/robot_ws/install/visualization_msgs/share/visualization_msgs/environment/library_path.dsv
[9.013s] -- Up-to-date: /home/robot/app/robot_ws/install/visualization_msgs/lib/libvisualization_msgs__rosidl_generator_c.so
[9.014s] -- Up-to-date: /home/robot/app/robot_ws/install/visualization_msgs/include/visualization_msgs/visualization_msgs
[9.014s] -- Up-to-date: /home/robot/app/robot_ws/install/visualization_msgs/include/visualization_msgs/visualization_msgs/srv
[9.015s] -- Up-to-date: /home/robot/app/robot_ws/install/visualization_msgs/include/visualization_msgs/visualization_msgs/srv/detail
[9.016s] -- Up-to-date: /home/robot/app/robot_ws/install/visualization_msgs/include/visualization_msgs/visualization_msgs/srv/detail/get_interactive_markers__rosidl_typesupport_fastrtps_c.h
[9.017s] -- Up-to-date: /home/robot/app/robot_ws/install/visualization_msgs/include/visualization_msgs/visualization_msgs/msg
[9.018s] -- Up-to-date: /home/robot/app/robot_ws/install/visualization_msgs/include/visualization_msgs/visualization_msgs/msg/detail
[9.019s] -- Up-to-date: /home/robot/app/robot_ws/install/visualization_msgs/include/visualization_msgs/visualization_msgs/msg/detail/interactive_marker_pose__rosidl_typesupport_fastrtps_c.h
[9.020s] -- Up-to-date: /home/robot/app/robot_ws/install/visualization_msgs/include/visualization_msgs/visualization_msgs/msg/detail/uv_coordinate__rosidl_typesupport_fastrtps_c.h
[9.021s] -- Up-to-date: /home/robot/app/robot_ws/install/visualization_msgs/include/visualization_msgs/visualization_msgs/msg/detail/marker__rosidl_typesupport_fastrtps_c.h
[9.021s] -- Up-to-date: /home/robot/app/robot_ws/install/visualization_msgs/include/visualization_msgs/visualization_msgs/msg/detail/interactive_marker_init__rosidl_typesupport_fastrtps_c.h
[9.022s] -- Up-to-date: /home/robot/app/robot_ws/install/visualization_msgs/include/visualization_msgs/visualization_msgs/msg/detail/menu_entry__rosidl_typesupport_fastrtps_c.h
[9.022s] -- Up-to-date: /home/robot/app/robot_ws/install/visualization_msgs/include/visualization_msgs/visualization_msgs/msg/detail/marker_array__rosidl_typesupport_fastrtps_c.h
[9.022s] -- Up-to-date: /home/robot/app/robot_ws/install/visualization_msgs/include/visualization_msgs/visualization_msgs/msg/detail/mesh_file__rosidl_typesupport_fastrtps_c.h
[9.023s] -- Up-to-date: /home/robot/app/robot_ws/install/visualization_msgs/include/visualization_msgs/visualization_msgs/msg/detail/interactive_marker_control__rosidl_typesupport_fastrtps_c.h
[9.023s] -- Up-to-date: /home/robot/app/robot_ws/install/visualization_msgs/include/visualization_msgs/visualization_msgs/msg/detail/interactive_marker_feedback__rosidl_typesupport_fastrtps_c.h
[9.023s] -- Up-to-date: /home/robot/app/robot_ws/install/visualization_msgs/include/visualization_msgs/visualization_msgs/msg/detail/image_marker__rosidl_typesupport_fastrtps_c.h
[9.023s] -- Up-to-date: /home/robot/app/robot_ws/install/visualization_msgs/include/visualization_msgs/visualization_msgs/msg/detail/interactive_marker_update__rosidl_typesupport_fastrtps_c.h
[9.023s] -- Up-to-date: /home/robot/app/robot_ws/install/visualization_msgs/include/visualization_msgs/visualization_msgs/msg/detail/interactive_marker__rosidl_typesupport_fastrtps_c.h
[9.023s] -- Up-to-date: /home/robot/app/robot_ws/install/visualization_msgs/include/visualization_msgs/visualization_msgs/msg/rosidl_typesupport_fastrtps_c__visibility_control.h
[9.023s] -- Up-to-date: /home/robot/app/robot_ws/install/visualization_msgs/lib/libvisualization_msgs__rosidl_typesupport_fastrtps_c.so
[9.024s] -- Up-to-date: /home/robot/app/robot_ws/install/visualization_msgs/include/visualization_msgs/visualization_msgs
[9.024s] -- Up-to-date: /home/robot/app/robot_ws/install/visualization_msgs/include/visualization_msgs/visualization_msgs/srv
[9.024s] -- Up-to-date: /home/robot/app/robot_ws/install/visualization_msgs/include/visualization_msgs/visualization_msgs/srv/get_interactive_markers.hpp
[9.024s] -- Up-to-date: /home/robot/app/robot_ws/install/visualization_msgs/include/visualization_msgs/visualization_msgs/srv/detail
[9.024s] -- Up-to-date: /home/robot/app/robot_ws/install/visualization_msgs/include/visualization_msgs/visualization_msgs/srv/detail/get_interactive_markers__traits.hpp
[9.024s] -- Up-to-date: /home/robot/app/robot_ws/install/visualization_msgs/include/visualization_msgs/visualization_msgs/srv/detail/get_interactive_markers__builder.hpp
[9.035s] -- Up-to-date: /home/robot/app/robot_ws/install/visualization_msgs/include/visualization_msgs/visualization_msgs/srv/detail/get_interactive_markers__struct.hpp
[9.037s] -- Up-to-date: /home/robot/app/robot_ws/install/visualization_msgs/include/visualization_msgs/visualization_msgs/msg
[9.037s] -- Up-to-date: /home/robot/app/robot_ws/install/visualization_msgs/include/visualization_msgs/visualization_msgs/msg/marker.hpp
[9.037s] -- Up-to-date: /home/robot/app/robot_ws/install/visualization_msgs/include/visualization_msgs/visualization_msgs/msg/uv_coordinate.hpp
[9.037s] -- Up-to-date: /home/robot/app/robot_ws/install/visualization_msgs/include/visualization_msgs/visualization_msgs/msg/interactive_marker_update.hpp
[9.037s] -- Up-to-date: /home/robot/app/robot_ws/install/visualization_msgs/include/visualization_msgs/visualization_msgs/msg/menu_entry.hpp
[9.038s] -- Up-to-date: /home/robot/app/robot_ws/install/visualization_msgs/include/visualization_msgs/visualization_msgs/msg/mesh_file.hpp
[9.038s] -- Up-to-date: /home/robot/app/robot_ws/install/visualization_msgs/include/visualization_msgs/visualization_msgs/msg/interactive_marker_init.hpp
[9.038s] -- Up-to-date: /home/robot/app/robot_ws/install/visualization_msgs/include/visualization_msgs/visualization_msgs/msg/detail
[9.038s] -- Up-to-date: /home/robot/app/robot_ws/install/visualization_msgs/include/visualization_msgs/visualization_msgs/msg/detail/mesh_file__struct.hpp
[9.038s] -- Up-to-date: /home/robot/app/robot_ws/install/visualization_msgs/include/visualization_msgs/visualization_msgs/msg/detail/interactive_marker_pose__struct.hpp
[9.038s] -- Up-to-date: /home/robot/app/robot_ws/install/visualization_msgs/include/visualization_msgs/visualization_msgs/msg/detail/image_marker__traits.hpp
[9.038s] -- Up-to-date: /home/robot/app/robot_ws/install/visualization_msgs/include/visualization_msgs/visualization_msgs/msg/detail/marker_array__struct.hpp
[9.039s] -- Up-to-date: /home/robot/app/robot_ws/install/visualization_msgs/include/visualization_msgs/visualization_msgs/msg/detail/interactive_marker_pose__traits.hpp
[9.039s] -- Up-to-date: /home/robot/app/robot_ws/install/visualization_msgs/include/visualization_msgs/visualization_msgs/msg/detail/menu_entry__traits.hpp
[9.039s] -- Up-to-date: /home/robot/app/robot_ws/install/visualization_msgs/include/visualization_msgs/visualization_msgs/msg/detail/interactive_marker_init__traits.hpp
[9.039s] -- Up-to-date: /home/robot/app/robot_ws/install/visualization_msgs/include/visualization_msgs/visualization_msgs/msg/detail/uv_coordinate__struct.hpp
[9.039s] -- Up-to-date: /home/robot/app/robot_ws/install/visualization_msgs/include/visualization_msgs/visualization_msgs/msg/detail/interactive_marker__traits.hpp
[9.039s] -- Up-to-date: /home/robot/app/robot_ws/install/visualization_msgs/include/visualization_msgs/visualization_msgs/msg/detail/image_marker__struct.hpp
[9.040s] -- Up-to-date: /home/robot/app/robot_ws/install/visualization_msgs/include/visualization_msgs/visualization_msgs/msg/detail/interactive_marker_update__struct.hpp
[9.040s] -- Up-to-date: /home/robot/app/robot_ws/install/visualization_msgs/include/visualization_msgs/visualization_msgs/msg/detail/menu_entry__struct.hpp
[9.040s] -- Up-to-date: /home/robot/app/robot_ws/install/visualization_msgs/include/visualization_msgs/visualization_msgs/msg/detail/interactive_marker_feedback__struct.hpp
[9.040s] -- Up-to-date: /home/robot/app/robot_ws/install/visualization_msgs/include/visualization_msgs/visualization_msgs/msg/detail/menu_entry__builder.hpp
[9.040s] -- Up-to-date: /home/robot/app/robot_ws/install/visualization_msgs/include/visualization_msgs/visualization_msgs/msg/detail/interactive_marker_init__struct.hpp
[9.040s] -- Up-to-date: /home/robot/app/robot_ws/install/visualization_msgs/include/visualization_msgs/visualization_msgs/msg/detail/uv_coordinate__builder.hpp
[9.041s] -- Up-to-date: /home/robot/app/robot_ws/install/visualization_msgs/include/visualization_msgs/visualization_msgs/msg/detail/image_marker__builder.hpp
[9.048s] -- Up-to-date: /home/robot/app/robot_ws/install/visualization_msgs/include/visualization_msgs/visualization_msgs/msg/detail/interactive_marker_feedback__builder.hpp
[9.048s] -- Up-to-date: /home/robot/app/robot_ws/install/visualization_msgs/include/visualization_msgs/visualization_msgs/msg/detail/mesh_file__traits.hpp
[9.048s] -- Up-to-date: /home/robot/app/robot_ws/install/visualization_msgs/include/visualization_msgs/visualization_msgs/msg/detail/interactive_marker_feedback__traits.hpp
[9.049s] -- Up-to-date: /home/robot/app/robot_ws/install/visualization_msgs/include/visualization_msgs/visualization_msgs/msg/detail/interactive_marker_update__builder.hpp
[9.049s] -- Up-to-date: /home/robot/app/robot_ws/install/visualization_msgs/include/visualization_msgs/visualization_msgs/msg/detail/marker__builder.hpp
[9.049s] -- Up-to-date: /home/robot/app/robot_ws/install/visualization_msgs/include/visualization_msgs/visualization_msgs/msg/detail/interactive_marker_init__builder.hpp
[9.049s] -- Up-to-date: /home/robot/app/robot_ws/install/visualization_msgs/include/visualization_msgs/visualization_msgs/msg/detail/interactive_marker_control__builder.hpp
[9.049s] -- Up-to-date: /home/robot/app/robot_ws/install/visualization_msgs/include/visualization_msgs/visualization_msgs/msg/detail/interactive_marker_pose__builder.hpp
[9.049s] -- Up-to-date: /home/robot/app/robot_ws/install/visualization_msgs/include/visualization_msgs/visualization_msgs/msg/detail/interactive_marker_control__struct.hpp
[9.050s] -- Up-to-date: /home/robot/app/robot_ws/install/visualization_msgs/include/visualization_msgs/visualization_msgs/msg/detail/interactive_marker__struct.hpp
[9.051s] -- Up-to-date: /home/robot/app/robot_ws/install/visualization_msgs/include/visualization_msgs/visualization_msgs/msg/detail/mesh_file__builder.hpp
[9.051s] -- Up-to-date: /home/robot/app/robot_ws/install/visualization_msgs/include/visualization_msgs/visualization_msgs/msg/detail/interactive_marker__builder.hpp
[9.052s] -- Up-to-date: /home/robot/app/robot_ws/install/visualization_msgs/include/visualization_msgs/visualization_msgs/msg/detail/marker__struct.hpp
[9.052s] -- Up-to-date: /home/robot/app/robot_ws/install/visualization_msgs/include/visualization_msgs/visualization_msgs/msg/detail/marker_array__builder.hpp
[9.052s] -- Up-to-date: /home/robot/app/robot_ws/install/visualization_msgs/include/visualization_msgs/visualization_msgs/msg/detail/marker__traits.hpp
[9.052s] -- Up-to-date: /home/robot/app/robot_ws/install/visualization_msgs/include/visualization_msgs/visualization_msgs/msg/detail/interactive_marker_control__traits.hpp
[9.052s] -- Up-to-date: /home/robot/app/robot_ws/install/visualization_msgs/include/visualization_msgs/visualization_msgs/msg/detail/marker_array__traits.hpp
[9.052s] -- Up-to-date: /home/robot/app/robot_ws/install/visualization_msgs/include/visualization_msgs/visualization_msgs/msg/detail/interactive_marker_update__traits.hpp
[9.053s] -- Up-to-date: /home/robot/app/robot_ws/install/visualization_msgs/include/visualization_msgs/visualization_msgs/msg/detail/uv_coordinate__traits.hpp
[9.053s] -- Up-to-date: /home/robot/app/robot_ws/install/visualization_msgs/include/visualization_msgs/visualization_msgs/msg/image_marker.hpp
[9.053s] -- Up-to-date: /home/robot/app/robot_ws/install/visualization_msgs/include/visualization_msgs/visualization_msgs/msg/interactive_marker_control.hpp
[9.053s] -- Up-to-date: /home/robot/app/robot_ws/install/visualization_msgs/include/visualization_msgs/visualization_msgs/msg/interactive_marker_pose.hpp
[9.053s] -- Up-to-date: /home/robot/app/robot_ws/install/visualization_msgs/include/visualization_msgs/visualization_msgs/msg/interactive_marker_feedback.hpp
[9.053s] -- Up-to-date: /home/robot/app/robot_ws/install/visualization_msgs/include/visualization_msgs/visualization_msgs/msg/marker_array.hpp
[9.054s] -- Up-to-date: /home/robot/app/robot_ws/install/visualization_msgs/include/visualization_msgs/visualization_msgs/msg/interactive_marker.hpp
[9.054s] -- Up-to-date: /home/robot/app/robot_ws/install/visualization_msgs/include/visualization_msgs/visualization_msgs
[9.054s] -- Up-to-date: /home/robot/app/robot_ws/install/visualization_msgs/include/visualization_msgs/visualization_msgs/srv
[9.054s] -- Up-to-date: /home/robot/app/robot_ws/install/visualization_msgs/include/visualization_msgs/visualization_msgs/srv/detail
[9.054s] -- Up-to-date: /home/robot/app/robot_ws/install/visualization_msgs/include/visualization_msgs/visualization_msgs/srv/detail/dds_fastrtps
[9.054s] -- Up-to-date: /home/robot/app/robot_ws/install/visualization_msgs/include/visualization_msgs/visualization_msgs/srv/detail/get_interactive_markers__rosidl_typesupport_fastrtps_cpp.hpp
[9.054s] -- Up-to-date: /home/robot/app/robot_ws/install/visualization_msgs/include/visualization_msgs/visualization_msgs/msg
[9.057s] -- Up-to-date: /home/robot/app/robot_ws/install/visualization_msgs/include/visualization_msgs/visualization_msgs/msg/rosidl_typesupport_fastrtps_cpp__visibility_control.h
[9.057s] -- Up-to-date: /home/robot/app/robot_ws/install/visualization_msgs/include/visualization_msgs/visualization_msgs/msg/detail
[9.057s] -- Up-to-date: /home/robot/app/robot_ws/install/visualization_msgs/include/visualization_msgs/visualization_msgs/msg/detail/mesh_file__rosidl_typesupport_fastrtps_cpp.hpp
[9.057s] -- Up-to-date: /home/robot/app/robot_ws/install/visualization_msgs/include/visualization_msgs/visualization_msgs/msg/detail/marker_array__rosidl_typesupport_fastrtps_cpp.hpp
[9.057s] -- Up-to-date: /home/robot/app/robot_ws/install/visualization_msgs/include/visualization_msgs/visualization_msgs/msg/detail/menu_entry__rosidl_typesupport_fastrtps_cpp.hpp
[9.058s] -- Up-to-date: /home/robot/app/robot_ws/install/visualization_msgs/include/visualization_msgs/visualization_msgs/msg/detail/marker__rosidl_typesupport_fastrtps_cpp.hpp
[9.058s] -- Up-to-date: /home/robot/app/robot_ws/install/visualization_msgs/include/visualization_msgs/visualization_msgs/msg/detail/interactive_marker_feedback__rosidl_typesupport_fastrtps_cpp.hpp
[9.058s] -- Up-to-date: /home/robot/app/robot_ws/install/visualization_msgs/include/visualization_msgs/visualization_msgs/msg/detail/dds_fastrtps
[9.058s] -- Up-to-date: /home/robot/app/robot_ws/install/visualization_msgs/include/visualization_msgs/visualization_msgs/msg/detail/interactive_marker_control__rosidl_typesupport_fastrtps_cpp.hpp
[9.058s] -- Up-to-date: /home/robot/app/robot_ws/install/visualization_msgs/include/visualization_msgs/visualization_msgs/msg/detail/interactive_marker_update__rosidl_typesupport_fastrtps_cpp.hpp
[9.058s] -- Up-to-date: /home/robot/app/robot_ws/install/visualization_msgs/include/visualization_msgs/visualization_msgs/msg/detail/uv_coordinate__rosidl_typesupport_fastrtps_cpp.hpp
[9.058s] -- Up-to-date: /home/robot/app/robot_ws/install/visualization_msgs/include/visualization_msgs/visualization_msgs/msg/detail/interactive_marker__rosidl_typesupport_fastrtps_cpp.hpp
[9.059s] -- Up-to-date: /home/robot/app/robot_ws/install/visualization_msgs/include/visualization_msgs/visualization_msgs/msg/detail/image_marker__rosidl_typesupport_fastrtps_cpp.hpp
[9.059s] -- Up-to-date: /home/robot/app/robot_ws/install/visualization_msgs/include/visualization_msgs/visualization_msgs/msg/detail/interactive_marker_pose__rosidl_typesupport_fastrtps_cpp.hpp
[9.059s] -- Up-to-date: /home/robot/app/robot_ws/install/visualization_msgs/include/visualization_msgs/visualization_msgs/msg/detail/interactive_marker_init__rosidl_typesupport_fastrtps_cpp.hpp
[9.059s] -- Up-to-date: /home/robot/app/robot_ws/install/visualization_msgs/lib/libvisualization_msgs__rosidl_typesupport_fastrtps_cpp.so
[9.059s] -- Up-to-date: /home/robot/app/robot_ws/install/visualization_msgs/include/visualization_msgs
[9.059s] -- Up-to-date: /home/robot/app/robot_ws/install/visualization_msgs/include/visualization_msgs/srv
[9.059s] -- Up-to-date: /home/robot/app/robot_ws/install/visualization_msgs/include/visualization_msgs/srv/detail
[9.060s] -- Up-to-date: /home/robot/app/robot_ws/install/visualization_msgs/include/visualization_msgs/srv/detail/get_interactive_markers__rosidl_typesupport_microxrcedds_c.h
[9.060s] -- Up-to-date: /home/robot/app/robot_ws/install/visualization_msgs/include/visualization_msgs/srv/detail/microxrcedds
[9.060s] -- Up-to-date: /home/robot/app/robot_ws/install/visualization_msgs/include/visualization_msgs/msg
[9.060s] -- Up-to-date: /home/robot/app/robot_ws/install/visualization_msgs/include/visualization_msgs/msg/detail
[9.060s] -- Up-to-date: /home/robot/app/robot_ws/install/visualization_msgs/include/visualization_msgs/msg/detail/interactive_marker__rosidl_typesupport_microxrcedds_c.h
[9.060s] -- Up-to-date: /home/robot/app/robot_ws/install/visualization_msgs/include/visualization_msgs/msg/detail/marker__rosidl_typesupport_microxrcedds_c.h
[9.061s] -- Up-to-date: /home/robot/app/robot_ws/install/visualization_msgs/include/visualization_msgs/msg/detail/menu_entry__rosidl_typesupport_microxrcedds_c.h
[9.065s] -- Up-to-date: /home/robot/app/robot_ws/install/visualization_msgs/include/visualization_msgs/msg/detail/mesh_file__rosidl_typesupport_microxrcedds_c.h
[9.065s] -- Up-to-date: /home/robot/app/robot_ws/install/visualization_msgs/include/visualization_msgs/msg/detail/interactive_marker_pose__rosidl_typesupport_microxrcedds_c.h
[9.065s] -- Up-to-date: /home/robot/app/robot_ws/install/visualization_msgs/include/visualization_msgs/msg/detail/interactive_marker_update__rosidl_typesupport_microxrcedds_c.h
[9.065s] -- Up-to-date: /home/robot/app/robot_ws/install/visualization_msgs/include/visualization_msgs/msg/detail/image_marker__rosidl_typesupport_microxrcedds_c.h
[9.066s] -- Up-to-date: /home/robot/app/robot_ws/install/visualization_msgs/include/visualization_msgs/msg/detail/uv_coordinate__rosidl_typesupport_microxrcedds_c.h
[9.066s] -- Up-to-date: /home/robot/app/robot_ws/install/visualization_msgs/include/visualization_msgs/msg/detail/microxrcedds
[9.066s] -- Up-to-date: /home/robot/app/robot_ws/install/visualization_msgs/include/visualization_msgs/msg/detail/interactive_marker_control__rosidl_typesupport_microxrcedds_c.h
[9.066s] -- Up-to-date: /home/robot/app/robot_ws/install/visualization_msgs/include/visualization_msgs/msg/detail/marker_array__rosidl_typesupport_microxrcedds_c.h
[9.066s] -- Up-to-date: /home/robot/app/robot_ws/install/visualization_msgs/include/visualization_msgs/msg/detail/interactive_marker_init__rosidl_typesupport_microxrcedds_c.h
[9.066s] -- Up-to-date: /home/robot/app/robot_ws/install/visualization_msgs/include/visualization_msgs/msg/detail/interactive_marker_feedback__rosidl_typesupport_microxrcedds_c.h
[9.066s] -- Up-to-date: /home/robot/app/robot_ws/install/visualization_msgs/include/visualization_msgs/msg/rosidl_typesupport_microxrcedds_c__visibility_control.h
[9.067s] -- Up-to-date: /home/robot/app/robot_ws/install/visualization_msgs/lib/libvisualization_msgs__rosidl_typesupport_microxrcedds_c.so
[9.067s] -- Up-to-date: /home/robot/app/robot_ws/install/visualization_msgs/include/visualization_msgs/visualization_msgs
[9.067s] -- Up-to-date: /home/robot/app/robot_ws/install/visualization_msgs/include/visualization_msgs/visualization_msgs/srv
[9.067s] -- Up-to-date: /home/robot/app/robot_ws/install/visualization_msgs/include/visualization_msgs/visualization_msgs/srv/detail
[9.067s] -- Up-to-date: /home/robot/app/robot_ws/install/visualization_msgs/include/visualization_msgs/visualization_msgs/srv/detail/get_interactive_markers__type_support.c
[9.067s] -- Up-to-date: /home/robot/app/robot_ws/install/visualization_msgs/include/visualization_msgs/visualization_msgs/srv/detail/get_interactive_markers__rosidl_typesupport_introspection_c.h
[9.067s] -- Up-to-date: /home/robot/app/robot_ws/install/visualization_msgs/include/visualization_msgs/visualization_msgs/msg
[9.068s] -- Up-to-date: /home/robot/app/robot_ws/install/visualization_msgs/include/visualization_msgs/visualization_msgs/msg/rosidl_typesupport_introspection_c__visibility_control.h
[9.068s] -- Up-to-date: /home/robot/app/robot_ws/install/visualization_msgs/include/visualization_msgs/visualization_msgs/msg/detail
[9.068s] -- Up-to-date: /home/robot/app/robot_ws/install/visualization_msgs/include/visualization_msgs/visualization_msgs/msg/detail/interactive_marker__rosidl_typesupport_introspection_c.h
[9.068s] -- Up-to-date: /home/robot/app/robot_ws/install/visualization_msgs/include/visualization_msgs/visualization_msgs/msg/detail/image_marker__rosidl_typesupport_introspection_c.h
[9.068s] -- Up-to-date: /home/robot/app/robot_ws/install/visualization_msgs/include/visualization_msgs/visualization_msgs/msg/detail/interactive_marker_pose__rosidl_typesupport_introspection_c.h
[9.068s] -- Up-to-date: /home/robot/app/robot_ws/install/visualization_msgs/include/visualization_msgs/visualization_msgs/msg/detail/interactive_marker_control__type_support.c
[9.068s] -- Up-to-date: /home/robot/app/robot_ws/install/visualization_msgs/include/visualization_msgs/visualization_msgs/msg/detail/marker_array__type_support.c
[9.069s] -- Up-to-date: /home/robot/app/robot_ws/install/visualization_msgs/include/visualization_msgs/visualization_msgs/msg/detail/interactive_marker_init__type_support.c
[9.069s] -- Up-to-date: /home/robot/app/robot_ws/install/visualization_msgs/include/visualization_msgs/visualization_msgs/msg/detail/menu_entry__rosidl_typesupport_introspection_c.h
[9.069s] -- Up-to-date: /home/robot/app/robot_ws/install/visualization_msgs/include/visualization_msgs/visualization_msgs/msg/detail/marker_array__rosidl_typesupport_introspection_c.h
[9.069s] -- Up-to-date: /home/robot/app/robot_ws/install/visualization_msgs/include/visualization_msgs/visualization_msgs/msg/detail/interactive_marker_update__rosidl_typesupport_introspection_c.h
[9.069s] -- Up-to-date: /home/robot/app/robot_ws/install/visualization_msgs/include/visualization_msgs/visualization_msgs/msg/detail/interactive_marker_feedback__type_support.c
[9.069s] -- Up-to-date: /home/robot/app/robot_ws/install/visualization_msgs/include/visualization_msgs/visualization_msgs/msg/detail/menu_entry__type_support.c
[9.070s] -- Up-to-date: /home/robot/app/robot_ws/install/visualization_msgs/include/visualization_msgs/visualization_msgs/msg/detail/interactive_marker_init__rosidl_typesupport_introspection_c.h
[9.070s] -- Up-to-date: /home/robot/app/robot_ws/install/visualization_msgs/include/visualization_msgs/visualization_msgs/msg/detail/interactive_marker_update__type_support.c
[9.070s] -- Up-to-date: /home/robot/app/robot_ws/install/visualization_msgs/include/visualization_msgs/visualization_msgs/msg/detail/interactive_marker_feedback__rosidl_typesupport_introspection_c.h
[9.070s] -- Up-to-date: /home/robot/app/robot_ws/install/visualization_msgs/include/visualization_msgs/visualization_msgs/msg/detail/interactive_marker__type_support.c
[9.070s] -- Up-to-date: /home/robot/app/robot_ws/install/visualization_msgs/include/visualization_msgs/visualization_msgs/msg/detail/mesh_file__type_support.c
[9.070s] -- Up-to-date: /home/robot/app/robot_ws/install/visualization_msgs/include/visualization_msgs/visualization_msgs/msg/detail/marker__rosidl_typesupport_introspection_c.h
[9.070s] -- Up-to-date: /home/robot/app/robot_ws/install/visualization_msgs/include/visualization_msgs/visualization_msgs/msg/detail/mesh_file__rosidl_typesupport_introspection_c.h
[9.071s] -- Up-to-date: /home/robot/app/robot_ws/install/visualization_msgs/include/visualization_msgs/visualization_msgs/msg/detail/uv_coordinate__type_support.c
[9.071s] -- Up-to-date: /home/robot/app/robot_ws/install/visualization_msgs/include/visualization_msgs/visualization_msgs/msg/detail/interactive_marker_control__rosidl_typesupport_introspection_c.h
[9.071s] -- Up-to-date: /home/robot/app/robot_ws/install/visualization_msgs/include/visualization_msgs/visualization_msgs/msg/detail/marker__type_support.c
[9.071s] -- Up-to-date: /home/robot/app/robot_ws/install/visualization_msgs/include/visualization_msgs/visualization_msgs/msg/detail/uv_coordinate__rosidl_typesupport_introspection_c.h
[9.071s] -- Up-to-date: /home/robot/app/robot_ws/install/visualization_msgs/include/visualization_msgs/visualization_msgs/msg/detail/interactive_marker_pose__type_support.c
[9.071s] -- Up-to-date: /home/robot/app/robot_ws/install/visualization_msgs/include/visualization_msgs/visualization_msgs/msg/detail/image_marker__type_support.c
[9.071s] -- Up-to-date: /home/robot/app/robot_ws/install/visualization_msgs/lib/libvisualization_msgs__rosidl_typesupport_introspection_c.so
[9.076s] -- Up-to-date: /home/robot/app/robot_ws/install/visualization_msgs/lib/libvisualization_msgs__rosidl_typesupport_c.so
[9.076s] -- Up-to-date: /home/robot/app/robot_ws/install/visualization_msgs/include/visualization_msgs
[9.076s] -- Up-to-date: /home/robot/app/robot_ws/install/visualization_msgs/include/visualization_msgs/srv
[9.076s] -- Up-to-date: /home/robot/app/robot_ws/install/visualization_msgs/include/visualization_msgs/srv/detail
[9.076s] -- Up-to-date: /home/robot/app/robot_ws/install/visualization_msgs/include/visualization_msgs/srv/detail/microxrcedds
[9.077s] -- Up-to-date: /home/robot/app/robot_ws/install/visualization_msgs/include/visualization_msgs/srv/detail/microxrcedds/get_interactive_markers__type_support_cpp.cpp
[9.077s] -- Up-to-date: /home/robot/app/robot_ws/install/visualization_msgs/include/visualization_msgs/srv/detail/get_interactive_markers__rosidl_typesupport_microxrcedds_cpp.hpp
[9.077s] -- Up-to-date: /home/robot/app/robot_ws/install/visualization_msgs/include/visualization_msgs/msg
[9.077s] -- Up-to-date: /home/robot/app/robot_ws/install/visualization_msgs/include/visualization_msgs/msg/detail
[9.077s] -- Up-to-date: /home/robot/app/robot_ws/install/visualization_msgs/include/visualization_msgs/msg/detail/marker__rosidl_typesupport_microxrcedds_cpp.hpp
[9.077s] -- Up-to-date: /home/robot/app/robot_ws/install/visualization_msgs/include/visualization_msgs/msg/detail/uv_coordinate__rosidl_typesupport_microxrcedds_cpp.hpp
[9.077s] -- Up-to-date: /home/robot/app/robot_ws/install/visualization_msgs/include/visualization_msgs/msg/detail/interactive_marker__rosidl_typesupport_microxrcedds_cpp.hpp
[9.078s] -- Up-to-date: /home/robot/app/robot_ws/install/visualization_msgs/include/visualization_msgs/msg/detail/interactive_marker_feedback__rosidl_typesupport_microxrcedds_cpp.hpp
[9.078s] -- Up-to-date: /home/robot/app/robot_ws/install/visualization_msgs/include/visualization_msgs/msg/detail/mesh_file__rosidl_typesupport_microxrcedds_cpp.hpp
[9.078s] -- Up-to-date: /home/robot/app/robot_ws/install/visualization_msgs/include/visualization_msgs/msg/detail/marker_array__rosidl_typesupport_microxrcedds_cpp.hpp
[9.078s] -- Up-to-date: /home/robot/app/robot_ws/install/visualization_msgs/include/visualization_msgs/msg/detail/interactive_marker_init__rosidl_typesupport_microxrcedds_cpp.hpp
[9.078s] -- Up-to-date: /home/robot/app/robot_ws/install/visualization_msgs/include/visualization_msgs/msg/detail/microxrcedds
[9.078s] -- Up-to-date: /home/robot/app/robot_ws/install/visualization_msgs/include/visualization_msgs/msg/detail/microxrcedds/uv_coordinate__type_support_cpp.cpp
[9.078s] -- Up-to-date: /home/robot/app/robot_ws/install/visualization_msgs/include/visualization_msgs/msg/detail/microxrcedds/image_marker__type_support_cpp.cpp
[9.079s] -- Up-to-date: /home/robot/app/robot_ws/install/visualization_msgs/include/visualization_msgs/msg/detail/microxrcedds/interactive_marker_feedback__type_support_cpp.cpp
[9.079s] -- Up-to-date: /home/robot/app/robot_ws/install/visualization_msgs/include/visualization_msgs/msg/detail/microxrcedds/interactive_marker_update__type_support_cpp.cpp
[9.079s] -- Up-to-date: /home/robot/app/robot_ws/install/visualization_msgs/include/visualization_msgs/msg/detail/microxrcedds/menu_entry__type_support_cpp.cpp
[9.079s] -- Up-to-date: /home/robot/app/robot_ws/install/visualization_msgs/include/visualization_msgs/msg/detail/microxrcedds/mesh_file__type_support_cpp.cpp
[9.079s] -- Up-to-date: /home/robot/app/robot_ws/install/visualization_msgs/include/visualization_msgs/msg/detail/microxrcedds/interactive_marker_init__type_support_cpp.cpp
[9.079s] -- Up-to-date: /home/robot/app/robot_ws/install/visualization_msgs/include/visualization_msgs/msg/detail/microxrcedds/interactive_marker__type_support_cpp.cpp
[9.080s] -- Up-to-date: /home/robot/app/robot_ws/install/visualization_msgs/include/visualization_msgs/msg/detail/microxrcedds/marker_array__type_support_cpp.cpp
[9.083s] -- Up-to-date: /home/robot/app/robot_ws/install/visualization_msgs/include/visualization_msgs/msg/detail/microxrcedds/interactive_marker_pose__type_support_cpp.cpp
[9.083s] -- Up-to-date: /home/robot/app/robot_ws/install/visualization_msgs/include/visualization_msgs/msg/detail/microxrcedds/interactive_marker_control__type_support_cpp.cpp
[9.083s] -- Up-to-date: /home/robot/app/robot_ws/install/visualization_msgs/include/visualization_msgs/msg/detail/microxrcedds/marker__type_support_cpp.cpp
[9.083s] -- Up-to-date: /home/robot/app/robot_ws/install/visualization_msgs/include/visualization_msgs/msg/detail/interactive_marker_control__rosidl_typesupport_microxrcedds_cpp.hpp
[9.083s] -- Up-to-date: /home/robot/app/robot_ws/install/visualization_msgs/include/visualization_msgs/msg/detail/interactive_marker_pose__rosidl_typesupport_microxrcedds_cpp.hpp
[9.083s] -- Up-to-date: /home/robot/app/robot_ws/install/visualization_msgs/include/visualization_msgs/msg/detail/menu_entry__rosidl_typesupport_microxrcedds_cpp.hpp
[9.083s] -- Up-to-date: /home/robot/app/robot_ws/install/visualization_msgs/include/visualization_msgs/msg/detail/image_marker__rosidl_typesupport_microxrcedds_cpp.hpp
[9.084s] -- Up-to-date: /home/robot/app/robot_ws/install/visualization_msgs/include/visualization_msgs/msg/detail/interactive_marker_update__rosidl_typesupport_microxrcedds_cpp.hpp
[9.084s] -- Up-to-date: /home/robot/app/robot_ws/install/visualization_msgs/include/visualization_msgs/msg/rosidl_typesupport_microxrcedds_cpp__visibility_control.h
[9.084s] -- Up-to-date: /home/robot/app/robot_ws/install/visualization_msgs/lib/libvisualization_msgs__rosidl_typesupport_microxrcedds_cpp.so
[9.084s] -- Up-to-date: /home/robot/app/robot_ws/install/visualization_msgs/include/visualization_msgs/visualization_msgs
[9.084s] -- Up-to-date: /home/robot/app/robot_ws/install/visualization_msgs/include/visualization_msgs/visualization_msgs/srv
[9.084s] -- Up-to-date: /home/robot/app/robot_ws/install/visualization_msgs/include/visualization_msgs/visualization_msgs/srv/detail
[9.085s] -- Up-to-date: /home/robot/app/robot_ws/install/visualization_msgs/include/visualization_msgs/visualization_msgs/srv/detail/get_interactive_markers__rosidl_typesupport_introspection_cpp.hpp
[9.085s] -- Up-to-date: /home/robot/app/robot_ws/install/visualization_msgs/include/visualization_msgs/visualization_msgs/srv/detail/get_interactive_markers__type_support.cpp
[9.085s] -- Up-to-date: /home/robot/app/robot_ws/install/visualization_msgs/include/visualization_msgs/visualization_msgs/msg
[9.085s] -- Up-to-date: /home/robot/app/robot_ws/install/visualization_msgs/include/visualization_msgs/visualization_msgs/msg/detail
[9.085s] -- Up-to-date: /home/robot/app/robot_ws/install/visualization_msgs/include/visualization_msgs/visualization_msgs/msg/detail/interactive_marker_control__type_support.cpp
[9.085s] -- Up-to-date: /home/robot/app/robot_ws/install/visualization_msgs/include/visualization_msgs/visualization_msgs/msg/detail/mesh_file__rosidl_typesupport_introspection_cpp.hpp
[9.085s] -- Up-to-date: /home/robot/app/robot_ws/install/visualization_msgs/include/visualization_msgs/visualization_msgs/msg/detail/mesh_file__type_support.cpp
[9.086s] -- Up-to-date: /home/robot/app/robot_ws/install/visualization_msgs/include/visualization_msgs/visualization_msgs/msg/detail/interactive_marker_feedback__rosidl_typesupport_introspection_cpp.hpp
[9.086s] -- Up-to-date: /home/robot/app/robot_ws/install/visualization_msgs/include/visualization_msgs/visualization_msgs/msg/detail/interactive_marker_feedback__type_support.cpp
[9.086s] -- Up-to-date: /home/robot/app/robot_ws/install/visualization_msgs/include/visualization_msgs/visualization_msgs/msg/detail/interactive_marker_pose__type_support.cpp
[9.086s] -- Up-to-date: /home/robot/app/robot_ws/install/visualization_msgs/include/visualization_msgs/visualization_msgs/msg/detail/interactive_marker_init__rosidl_typesupport_introspection_cpp.hpp
[9.086s] -- Up-to-date: /home/robot/app/robot_ws/install/visualization_msgs/include/visualization_msgs/visualization_msgs/msg/detail/interactive_marker_pose__rosidl_typesupport_introspection_cpp.hpp
[9.086s] -- Up-to-date: /home/robot/app/robot_ws/install/visualization_msgs/include/visualization_msgs/visualization_msgs/msg/detail/uv_coordinate__rosidl_typesupport_introspection_cpp.hpp
[9.087s] -- Up-to-date: /home/robot/app/robot_ws/install/visualization_msgs/include/visualization_msgs/visualization_msgs/msg/detail/image_marker__rosidl_typesupport_introspection_cpp.hpp
[9.087s] -- Up-to-date: /home/robot/app/robot_ws/install/visualization_msgs/include/visualization_msgs/visualization_msgs/msg/detail/menu_entry__type_support.cpp
[9.087s] -- Up-to-date: /home/robot/app/robot_ws/install/visualization_msgs/include/visualization_msgs/visualization_msgs/msg/detail/marker_array__type_support.cpp
[9.087s] -- Up-to-date: /home/robot/app/robot_ws/install/visualization_msgs/include/visualization_msgs/visualization_msgs/msg/detail/interactive_marker_update__rosidl_typesupport_introspection_cpp.hpp
[9.087s] -- Up-to-date: /home/robot/app/robot_ws/install/visualization_msgs/include/visualization_msgs/visualization_msgs/msg/detail/menu_entry__rosidl_typesupport_introspection_cpp.hpp
[9.087s] -- Up-to-date: /home/robot/app/robot_ws/install/visualization_msgs/include/visualization_msgs/visualization_msgs/msg/detail/interactive_marker_control__rosidl_typesupport_introspection_cpp.hpp
[9.087s] -- Up-to-date: /home/robot/app/robot_ws/install/visualization_msgs/include/visualization_msgs/visualization_msgs/msg/detail/interactive_marker_init__type_support.cpp
[9.088s] -- Up-to-date: /home/robot/app/robot_ws/install/visualization_msgs/include/visualization_msgs/visualization_msgs/msg/detail/image_marker__type_support.cpp
[9.088s] -- Up-to-date: /home/robot/app/robot_ws/install/visualization_msgs/include/visualization_msgs/visualization_msgs/msg/detail/interactive_marker__type_support.cpp
[9.088s] -- Up-to-date: /home/robot/app/robot_ws/install/visualization_msgs/include/visualization_msgs/visualization_msgs/msg/detail/marker__rosidl_typesupport_introspection_cpp.hpp
[9.088s] -- Up-to-date: /home/robot/app/robot_ws/install/visualization_msgs/include/visualization_msgs/visualization_msgs/msg/detail/interactive_marker_update__type_support.cpp
[9.088s] -- Up-to-date: /home/robot/app/robot_ws/install/visualization_msgs/include/visualization_msgs/visualization_msgs/msg/detail/marker__type_support.cpp
[9.088s] -- Up-to-date: /home/robot/app/robot_ws/install/visualization_msgs/include/visualization_msgs/visualization_msgs/msg/detail/uv_coordinate__type_support.cpp
[9.089s] -- Up-to-date: /home/robot/app/robot_ws/install/visualization_msgs/include/visualization_msgs/visualization_msgs/msg/detail/marker_array__rosidl_typesupport_introspection_cpp.hpp
[9.089s] -- Up-to-date: /home/robot/app/robot_ws/install/visualization_msgs/include/visualization_msgs/visualization_msgs/msg/detail/interactive_marker__rosidl_typesupport_introspection_cpp.hpp
[9.089s] -- Up-to-date: /home/robot/app/robot_ws/install/visualization_msgs/lib/libvisualization_msgs__rosidl_typesupport_introspection_cpp.so
[9.089s] -- Up-to-date: /home/robot/app/robot_ws/install/visualization_msgs/lib/libvisualization_msgs__rosidl_typesupport_cpp.so
[9.089s] -- Up-to-date: /home/robot/app/robot_ws/install/visualization_msgs/share/visualization_msgs/environment/pythonpath.sh
[9.089s] -- Installing: /home/robot/app/robot_ws/install/visualization_msgs/share/visualization_msgs/environment/pythonpath.dsv
[9.090s] -- Up-to-date: /home/robot/app/robot_ws/install/visualization_msgs/local/lib/python3.10/dist-packages/visualization_msgs-4.2.4-py3.10.egg-info
[9.090s] -- Installing: /home/robot/app/robot_ws/install/visualization_msgs/local/lib/python3.10/dist-packages/visualization_msgs-4.2.4-py3.10.egg-info/dependency_links.txt
[9.090s] -- Installing: /home/robot/app/robot_ws/install/visualization_msgs/local/lib/python3.10/dist-packages/visualization_msgs-4.2.4-py3.10.egg-info/PKG-INFO
[9.090s] -- Installing: /home/robot/app/robot_ws/install/visualization_msgs/local/lib/python3.10/dist-packages/visualization_msgs-4.2.4-py3.10.egg-info/SOURCES.txt
[9.090s] -- Installing: /home/robot/app/robot_ws/install/visualization_msgs/local/lib/python3.10/dist-packages/visualization_msgs-4.2.4-py3.10.egg-info/top_level.txt
[9.090s] -- Up-to-date: /home/robot/app/robot_ws/install/visualization_msgs/local/lib/python3.10/dist-packages/visualization_msgs
[9.090s] -- Installing: /home/robot/app/robot_ws/install/visualization_msgs/local/lib/python3.10/dist-packages/visualization_msgs/__init__.py
[9.091s] -- Up-to-date: /home/robot/app/robot_ws/install/visualization_msgs/local/lib/python3.10/dist-packages/visualization_msgs/visualization_msgs_s__rosidl_typesupport_microxrcedds_c.cpython-310-x86_64-linux-gnu.so
[9.091s] -- Up-to-date: /home/robot/app/robot_ws/install/visualization_msgs/local/lib/python3.10/dist-packages/visualization_msgs/srv
[9.091s] -- Up-to-date: /home/robot/app/robot_ws/install/visualization_msgs/local/lib/python3.10/dist-packages/visualization_msgs/srv/__init__.py
[9.091s] -- Up-to-date: /home/robot/app/robot_ws/install/visualization_msgs/local/lib/python3.10/dist-packages/visualization_msgs/srv/_get_interactive_markers.py
[9.091s] -- Up-to-date: /home/robot/app/robot_ws/install/visualization_msgs/local/lib/python3.10/dist-packages/visualization_msgs/srv/_get_interactive_markers_s.c
[9.091s] -- Up-to-date: /home/robot/app/robot_ws/install/visualization_msgs/local/lib/python3.10/dist-packages/visualization_msgs/visualization_msgs_s__rosidl_typesupport_fastrtps_c.cpython-310-x86_64-linux-gnu.so
[9.092s] -- Up-to-date: /home/robot/app/robot_ws/install/visualization_msgs/local/lib/python3.10/dist-packages/visualization_msgs/_visualization_msgs_s.ep.rosidl_typesupport_fastrtps_c.c
[9.092s] -- Up-to-date: /home/robot/app/robot_ws/install/visualization_msgs/local/lib/python3.10/dist-packages/visualization_msgs/visualization_msgs_s__rosidl_typesupport_introspection_c.cpython-310-x86_64-linux-gnu.so
[9.092s] -- Up-to-date: /home/robot/app/robot_ws/install/visualization_msgs/local/lib/python3.10/dist-packages/visualization_msgs/visualization_msgs_s__rosidl_typesupport_c.cpython-310-x86_64-linux-gnu.so
[9.092s] -- Up-to-date: /home/robot/app/robot_ws/install/visualization_msgs/local/lib/python3.10/dist-packages/visualization_msgs/_visualization_msgs_s.ep.rosidl_typesupport_introspection_c.c
[9.092s] -- Up-to-date: /home/robot/app/robot_ws/install/visualization_msgs/local/lib/python3.10/dist-packages/visualization_msgs/_visualization_msgs_s.ep.rosidl_typesupport_c.c
[9.092s] -- Up-to-date: /home/robot/app/robot_ws/install/visualization_msgs/local/lib/python3.10/dist-packages/visualization_msgs/_visualization_msgs_s.ep.rosidl_typesupport_microxrcedds_c.c
[9.092s] -- Up-to-date: /home/robot/app/robot_ws/install/visualization_msgs/local/lib/python3.10/dist-packages/visualization_msgs/msg
[9.093s] -- Up-to-date: /home/robot/app/robot_ws/install/visualization_msgs/local/lib/python3.10/dist-packages/visualization_msgs/msg/__init__.py
[9.093s] -- Up-to-date: /home/robot/app/robot_ws/install/visualization_msgs/local/lib/python3.10/dist-packages/visualization_msgs/msg/_image_marker.py
[9.093s] -- Up-to-date: /home/robot/app/robot_ws/install/visualization_msgs/local/lib/python3.10/dist-packages/visualization_msgs/msg/_interactive_marker_feedback.py
[9.093s] -- Up-to-date: /home/robot/app/robot_ws/install/visualization_msgs/local/lib/python3.10/dist-packages/visualization_msgs/msg/_uv_coordinate.py
[9.093s] -- Up-to-date: /home/robot/app/robot_ws/install/visualization_msgs/local/lib/python3.10/dist-packages/visualization_msgs/msg/_interactive_marker_s.c
[9.093s] -- Up-to-date: /home/robot/app/robot_ws/install/visualization_msgs/local/lib/python3.10/dist-packages/visualization_msgs/msg/_interactive_marker_control.py
[9.094s] -- Up-to-date: /home/robot/app/robot_ws/install/visualization_msgs/local/lib/python3.10/dist-packages/visualization_msgs/msg/_mesh_file_s.c
[9.094s] -- Up-to-date: /home/robot/app/robot_ws/install/visualization_msgs/local/lib/python3.10/dist-packages/visualization_msgs/msg/_interactive_marker_feedback_s.c
[9.094s] -- Up-to-date: /home/robot/app/robot_ws/install/visualization_msgs/local/lib/python3.10/dist-packages/visualization_msgs/msg/_interactive_marker_pose_s.c
[9.094s] -- Up-to-date: /home/robot/app/robot_ws/install/visualization_msgs/local/lib/python3.10/dist-packages/visualization_msgs/msg/_marker_array_s.c
[9.094s] -- Up-to-date: /home/robot/app/robot_ws/install/visualization_msgs/local/lib/python3.10/dist-packages/visualization_msgs/msg/_menu_entry_s.c
[9.094s] -- Up-to-date: /home/robot/app/robot_ws/install/visualization_msgs/local/lib/python3.10/dist-packages/visualization_msgs/msg/_interactive_marker.py
[9.094s] -- Up-to-date: /home/robot/app/robot_ws/install/visualization_msgs/local/lib/python3.10/dist-packages/visualization_msgs/msg/_image_marker_s.c
[9.095s] -- Up-to-date: /home/robot/app/robot_ws/install/visualization_msgs/local/lib/python3.10/dist-packages/visualization_msgs/msg/_interactive_marker_update_s.c
[9.095s] -- Up-to-date: /home/robot/app/robot_ws/install/visualization_msgs/local/lib/python3.10/dist-packages/visualization_msgs/msg/_interactive_marker_update.py
[9.095s] -- Up-to-date: /home/robot/app/robot_ws/install/visualization_msgs/local/lib/python3.10/dist-packages/visualization_msgs/msg/_menu_entry.py
[9.095s] -- Up-to-date: /home/robot/app/robot_ws/install/visualization_msgs/local/lib/python3.10/dist-packages/visualization_msgs/msg/_marker_s.c
[9.102s] -- Up-to-date: /home/robot/app/robot_ws/install/visualization_msgs/local/lib/python3.10/dist-packages/visualization_msgs/msg/_interactive_marker_control_s.c
[9.102s] -- Up-to-date: /home/robot/app/robot_ws/install/visualization_msgs/local/lib/python3.10/dist-packages/visualization_msgs/msg/_uv_coordinate_s.c
[9.102s] -- Up-to-date: /home/robot/app/robot_ws/install/visualization_msgs/local/lib/python3.10/dist-packages/visualization_msgs/msg/_interactive_marker_init_s.c
[9.102s] -- Up-to-date: /home/robot/app/robot_ws/install/visualization_msgs/local/lib/python3.10/dist-packages/visualization_msgs/msg/_mesh_file.py
[9.102s] -- Up-to-date: /home/robot/app/robot_ws/install/visualization_msgs/local/lib/python3.10/dist-packages/visualization_msgs/msg/_marker_array.py
[9.103s] -- Up-to-date: /home/robot/app/robot_ws/install/visualization_msgs/local/lib/python3.10/dist-packages/visualization_msgs/msg/_marker.py
[9.103s] -- Up-to-date: /home/robot/app/robot_ws/install/visualization_msgs/local/lib/python3.10/dist-packages/visualization_msgs/msg/_interactive_marker_init.py
[9.103s] -- Up-to-date: /home/robot/app/robot_ws/install/visualization_msgs/local/lib/python3.10/dist-packages/visualization_msgs/msg/_interactive_marker_pose.py
[9.103s] -- Up-to-date: /home/robot/app/robot_ws/install/visualization_msgs/local/lib/python3.10/dist-packages/visualization_msgs/libvisualization_msgs__rosidl_generator_py.so
[9.189s] Listing '/home/robot/app/robot_ws/install/visualization_msgs/local/lib/python3.10/dist-packages/visualization_msgs'...
[9.189s] Compiling '/home/robot/app/robot_ws/install/visualization_msgs/local/lib/python3.10/dist-packages/visualization_msgs/__init__.py'...
[9.189s] Listing '/home/robot/app/robot_ws/install/visualization_msgs/local/lib/python3.10/dist-packages/visualization_msgs/msg'...
[9.190s] Listing '/home/robot/app/robot_ws/install/visualization_msgs/local/lib/python3.10/dist-packages/visualization_msgs/srv'...
[9.199s] -- Up-to-date: /home/robot/app/robot_ws/install/visualization_msgs/local/lib/python3.10/dist-packages/visualization_msgs/visualization_msgs_s__rosidl_typesupport_microxrcedds_c.cpython-310-x86_64-linux-gnu.so
[9.201s] -- Up-to-date: /home/robot/app/robot_ws/install/visualization_msgs/local/lib/python3.10/dist-packages/visualization_msgs/visualization_msgs_s__rosidl_typesupport_fastrtps_c.cpython-310-x86_64-linux-gnu.so
[9.201s] -- Up-to-date: /home/robot/app/robot_ws/install/visualization_msgs/local/lib/python3.10/dist-packages/visualization_msgs/visualization_msgs_s__rosidl_typesupport_introspection_c.cpython-310-x86_64-linux-gnu.so
[9.201s] -- Up-to-date: /home/robot/app/robot_ws/install/visualization_msgs/local/lib/python3.10/dist-packages/visualization_msgs/visualization_msgs_s__rosidl_typesupport_c.cpython-310-x86_64-linux-gnu.so
[9.202s] -- Up-to-date: /home/robot/app/robot_ws/install/visualization_msgs/lib/libvisualization_msgs__rosidl_generator_py.so
[9.202s] -- Up-to-date: /home/robot/app/robot_ws/install/visualization_msgs/share/visualization_msgs/msg/ImageMarker.idl
[9.203s] -- Up-to-date: /home/robot/app/robot_ws/install/visualization_msgs/share/visualization_msgs/msg/InteractiveMarker.idl
[9.203s] -- Up-to-date: /home/robot/app/robot_ws/install/visualization_msgs/share/visualization_msgs/msg/InteractiveMarkerControl.idl
[9.204s] -- Up-to-date: /home/robot/app/robot_ws/install/visualization_msgs/share/visualization_msgs/msg/InteractiveMarkerFeedback.idl
[9.204s] -- Up-to-date: /home/robot/app/robot_ws/install/visualization_msgs/share/visualization_msgs/msg/InteractiveMarkerInit.idl
[9.204s] -- Up-to-date: /home/robot/app/robot_ws/install/visualization_msgs/share/visualization_msgs/msg/InteractiveMarkerPose.idl
[9.205s] -- Up-to-date: /home/robot/app/robot_ws/install/visualization_msgs/share/visualization_msgs/msg/InteractiveMarkerUpdate.idl
[9.205s] -- Up-to-date: /home/robot/app/robot_ws/install/visualization_msgs/share/visualization_msgs/msg/Marker.idl
[9.205s] -- Up-to-date: /home/robot/app/robot_ws/install/visualization_msgs/share/visualization_msgs/msg/MarkerArray.idl
[9.205s] -- Up-to-date: /home/robot/app/robot_ws/install/visualization_msgs/share/visualization_msgs/msg/MenuEntry.idl
[9.205s] -- Up-to-date: /home/robot/app/robot_ws/install/visualization_msgs/share/visualization_msgs/msg/MeshFile.idl
[9.205s] -- Up-to-date: /home/robot/app/robot_ws/install/visualization_msgs/share/visualization_msgs/msg/UVCoordinate.idl
[9.205s] -- Up-to-date: /home/robot/app/robot_ws/install/visualization_msgs/share/visualization_msgs/srv/GetInteractiveMarkers.idl
[9.206s] -- Up-to-date: /home/robot/app/robot_ws/install/visualization_msgs/share/visualization_msgs/msg/ImageMarker.msg
[9.206s] -- Up-to-date: /home/robot/app/robot_ws/install/visualization_msgs/share/visualization_msgs/msg/InteractiveMarker.msg
[9.206s] -- Up-to-date: /home/robot/app/robot_ws/install/visualization_msgs/share/visualization_msgs/msg/InteractiveMarkerControl.msg
[9.206s] -- Up-to-date: /home/robot/app/robot_ws/install/visualization_msgs/share/visualization_msgs/msg/InteractiveMarkerFeedback.msg
[9.206s] -- Up-to-date: /home/robot/app/robot_ws/install/visualization_msgs/share/visualization_msgs/msg/InteractiveMarkerInit.msg
[9.207s] -- Up-to-date: /home/robot/app/robot_ws/install/visualization_msgs/share/visualization_msgs/msg/InteractiveMarkerPose.msg
[9.207s] -- Up-to-date: /home/robot/app/robot_ws/install/visualization_msgs/share/visualization_msgs/msg/InteractiveMarkerUpdate.msg
[9.207s] -- Up-to-date: /home/robot/app/robot_ws/install/visualization_msgs/share/visualization_msgs/msg/Marker.msg
[9.207s] -- Up-to-date: /home/robot/app/robot_ws/install/visualization_msgs/share/visualization_msgs/msg/MarkerArray.msg
[9.207s] -- Up-to-date: /home/robot/app/robot_ws/install/visualization_msgs/share/visualization_msgs/msg/MenuEntry.msg
[9.208s] -- Up-to-date: /home/robot/app/robot_ws/install/visualization_msgs/share/visualization_msgs/msg/MeshFile.msg
[9.208s] -- Up-to-date: /home/robot/app/robot_ws/install/visualization_msgs/share/visualization_msgs/msg/UVCoordinate.msg
[9.208s] -- Up-to-date: /home/robot/app/robot_ws/install/visualization_msgs/share/visualization_msgs/srv/GetInteractiveMarkers.srv
[9.208s] -- Up-to-date: /home/robot/app/robot_ws/install/visualization_msgs/share/visualization_msgs/srv/GetInteractiveMarkers_Request.msg
[9.208s] -- Up-to-date: /home/robot/app/robot_ws/install/visualization_msgs/share/visualization_msgs/srv/GetInteractiveMarkers_Response.msg
[9.208s] -- Up-to-date: /home/robot/app/robot_ws/install/visualization_msgs/share/ament_index/resource_index/package_run_dependencies/visualization_msgs
[9.209s] -- Up-to-date: /home/robot/app/robot_ws/install/visualization_msgs/share/ament_index/resource_index/parent_prefix_path/visualization_msgs
[9.209s] -- Up-to-date: /home/robot/app/robot_ws/install/visualization_msgs/share/visualization_msgs/environment/ament_prefix_path.sh
[9.209s] -- Installing: /home/robot/app/robot_ws/install/visualization_msgs/share/visualization_msgs/environment/ament_prefix_path.dsv
[9.209s] -- Up-to-date: /home/robot/app/robot_ws/install/visualization_msgs/share/visualization_msgs/environment/path.sh
[9.209s] -- Installing: /home/robot/app/robot_ws/install/visualization_msgs/share/visualization_msgs/environment/path.dsv
[9.209s] -- Up-to-date: /home/robot/app/robot_ws/install/visualization_msgs/share/visualization_msgs/local_setup.bash
[9.209s] -- Up-to-date: /home/robot/app/robot_ws/install/visualization_msgs/share/visualization_msgs/local_setup.sh
[9.210s] -- Up-to-date: /home/robot/app/robot_ws/install/visualization_msgs/share/visualization_msgs/local_setup.zsh
[9.210s] -- Installing: /home/robot/app/robot_ws/install/visualization_msgs/share/visualization_msgs/local_setup.dsv
[9.210s] -- Installing: /home/robot/app/robot_ws/install/visualization_msgs/share/visualization_msgs/package.dsv
[9.210s] -- Up-to-date: /home/robot/app/robot_ws/install/visualization_msgs/share/ament_index/resource_index/packages/visualization_msgs
[9.210s] -- Up-to-date: /home/robot/app/robot_ws/install/visualization_msgs/share/visualization_msgs/cmake/export_visualization_msgs__rosidl_generator_cExport.cmake
[9.210s] -- Up-to-date: /home/robot/app/robot_ws/install/visualization_msgs/share/visualization_msgs/cmake/export_visualization_msgs__rosidl_generator_cExport-noconfig.cmake
[9.211s] -- Up-to-date: /home/robot/app/robot_ws/install/visualization_msgs/share/visualization_msgs/cmake/export_visualization_msgs__rosidl_typesupport_fastrtps_cExport.cmake
[9.211s] -- Up-to-date: /home/robot/app/robot_ws/install/visualization_msgs/share/visualization_msgs/cmake/export_visualization_msgs__rosidl_typesupport_fastrtps_cExport-noconfig.cmake
[9.211s] -- Up-to-date: /home/robot/app/robot_ws/install/visualization_msgs/share/visualization_msgs/cmake/export_visualization_msgs__rosidl_generator_cppExport.cmake
[9.211s] -- Up-to-date: /home/robot/app/robot_ws/install/visualization_msgs/share/visualization_msgs/cmake/export_visualization_msgs__rosidl_typesupport_fastrtps_cppExport.cmake
[9.211s] -- Up-to-date: /home/robot/app/robot_ws/install/visualization_msgs/share/visualization_msgs/cmake/export_visualization_msgs__rosidl_typesupport_fastrtps_cppExport-noconfig.cmake
[9.211s] -- Up-to-date: /home/robot/app/robot_ws/install/visualization_msgs/share/visualization_msgs/cmake/visualization_msgs__rosidl_typesupport_introspection_cExport.cmake
[9.212s] -- Up-to-date: /home/robot/app/robot_ws/install/visualization_msgs/share/visualization_msgs/cmake/visualization_msgs__rosidl_typesupport_introspection_cExport-noconfig.cmake
[9.212s] -- Up-to-date: /home/robot/app/robot_ws/install/visualization_msgs/share/visualization_msgs/cmake/visualization_msgs__rosidl_typesupport_cExport.cmake
[9.212s] -- Up-to-date: /home/robot/app/robot_ws/install/visualization_msgs/share/visualization_msgs/cmake/visualization_msgs__rosidl_typesupport_cExport-noconfig.cmake
[9.212s] -- Up-to-date: /home/robot/app/robot_ws/install/visualization_msgs/share/visualization_msgs/cmake/visualization_msgs__rosidl_typesupport_introspection_cppExport.cmake
[9.212s] -- Up-to-date: /home/robot/app/robot_ws/install/visualization_msgs/share/visualization_msgs/cmake/visualization_msgs__rosidl_typesupport_introspection_cppExport-noconfig.cmake
[9.213s] -- Up-to-date: /home/robot/app/robot_ws/install/visualization_msgs/share/visualization_msgs/cmake/visualization_msgs__rosidl_typesupport_cppExport.cmake
[9.213s] -- Up-to-date: /home/robot/app/robot_ws/install/visualization_msgs/share/visualization_msgs/cmake/visualization_msgs__rosidl_typesupport_cppExport-noconfig.cmake
[9.213s] -- Up-to-date: /home/robot/app/robot_ws/install/visualization_msgs/share/visualization_msgs/cmake/export_visualization_msgs__rosidl_generator_pyExport.cmake
[9.213s] -- Up-to-date: /home/robot/app/robot_ws/install/visualization_msgs/share/visualization_msgs/cmake/export_visualization_msgs__rosidl_generator_pyExport-noconfig.cmake
[9.214s] -- Up-to-date: /home/robot/app/robot_ws/install/visualization_msgs/share/visualization_msgs/cmake/rosidl_cmake-extras.cmake
[9.214s] -- Up-to-date: /home/robot/app/robot_ws/install/visualization_msgs/share/visualization_msgs/cmake/ament_cmake_export_dependencies-extras.cmake
[9.214s] -- Up-to-date: /home/robot/app/robot_ws/install/visualization_msgs/share/visualization_msgs/cmake/ament_cmake_export_include_directories-extras.cmake
[9.214s] -- Up-to-date: /home/robot/app/robot_ws/install/visualization_msgs/share/visualization_msgs/cmake/ament_cmake_export_libraries-extras.cmake
[9.214s] -- Up-to-date: /home/robot/app/robot_ws/install/visualization_msgs/share/visualization_msgs/cmake/ament_cmake_export_targets-extras.cmake
[9.214s] -- Up-to-date: /home/robot/app/robot_ws/install/visualization_msgs/share/visualization_msgs/cmake/rosidl_cmake_export_typesupport_targets-extras.cmake
[9.215s] -- Up-to-date: /home/robot/app/robot_ws/install/visualization_msgs/share/visualization_msgs/cmake/rosidl_cmake_export_typesupport_libraries-extras.cmake
[9.215s] -- Up-to-date: /home/robot/app/robot_ws/install/visualization_msgs/share/visualization_msgs/cmake/visualization_msgsConfig.cmake
[9.215s] -- Up-to-date: /home/robot/app/robot_ws/install/visualization_msgs/share/visualization_msgs/cmake/visualization_msgsConfig-version.cmake
[9.216s] -- Up-to-date: /home/robot/app/robot_ws/install/visualization_msgs/share/visualization_msgs/package.xml
[9.220s] Invoked command in '/home/robot/app/robot_ws/build/visualization_msgs' returned '0': CMAKE_PREFIX_PATH=/home/robot/app/robot_ws/install/sensor_msgs:/home/robot/app/robot_ws/install/geometry_msgs:/home/robot/app/robot_ws/install/std_msgs:/home/robot/app/robot_ws/install/builtin_interfaces:/home/robot/app/robot_ws/install/micro_ros_agent:/home/robot/app/robot_ws/install/micro_ros_demos_rclc:/home/robot/app/robot_ws/install/common_interfaces:/home/robot/app/robot_ws/install/visualization_msgs:/home/robot/app/robot_ws/install/test_msgs:/home/robot/app/robot_ws/install/example_interfaces:/home/robot/app/robot_ws/install/action_msgs:/home/robot/app/robot_ws/install/unique_identifier_msgs:/home/robot/app/robot_ws/install/trajectory_msgs:/home/robot/app/robot_ws/install/stereo_msgs:/home/robot/app/robot_ws/install/std_srvs:/home/robot/app/robot_ws/install/shape_msgs:/home/robot/app/robot_ws/install/nav_msgs:/home/robot/app/robot_ws/install/diagnostic_msgs:/home/robot/app/robot_ws/install/actionlib_msgs:/home/robot/app/robot_ws/install/statistics_msgs:/home/robot/app/robot_ws/install/rosidl_typesupport_microxrcedds_test_msg:/home/robot/app/robot_ws/install/rosidl_typesupport_microxrcedds_cpp_tests:/home/robot/app/robot_ws/install/rmw_microxrcedds:/home/robot/app/robot_ws/install/rosidl_typesupport_microxrcedds_cpp:/home/robot/app/robot_ws/install/rosidl_typesupport_microxrcedds_c_tests:/home/robot/app/robot_ws/install/rosidl_typesupport_microxrcedds_c:/home/robot/app/robot_ws/install/rosgraph_msgs:/home/robot/app/robot_ws/install/rclc_parameter:/home/robot/app/robot_ws/install/rclc:/home/robot/app/robot_ws/install/composition_interfaces:/home/robot/app/robot_ws/install/rcl_interfaces:/home/robot/app/robot_ws/install/microxrcedds_client:/home/robot/app/robot_ws/install/microcdr:/home/robot/app/robot_ws/install/micro_ros_utilities:/home/robot/app/robot_ws/install/micro_ros_msgs:/home/robot/app/robot_ws/install/lifecycle_msgs:/home/robot/app/robot_ws/install/complex_msgs:/home/robot/app/robot_ws/install/micro_ros_setup:/home/robot/app/robot_ws/install/sensor_msgs_py:/opt/ros/humble LD_LIBRARY_PATH=/home/robot/app/robot_ws/install/sensor_msgs/lib:/home/robot/app/robot_ws/install/geometry_msgs/lib:/home/robot/app/robot_ws/install/std_msgs/lib:/home/robot/app/robot_ws/install/builtin_interfaces/lib:/home/robot/app/robot_ws/install/micro_ros_agent/lib:/home/robot/app/robot_ws/install/visualization_msgs/lib:/home/robot/app/robot_ws/install/test_msgs/lib:/home/robot/app/robot_ws/install/example_interfaces/lib:/home/robot/app/robot_ws/install/action_msgs/lib:/home/robot/app/robot_ws/install/unique_identifier_msgs/lib:/home/robot/app/robot_ws/install/trajectory_msgs/lib:/home/robot/app/robot_ws/install/stereo_msgs/lib:/home/robot/app/robot_ws/install/std_srvs/lib:/home/robot/app/robot_ws/install/shape_msgs/lib:/home/robot/app/robot_ws/install/nav_msgs/lib:/home/robot/app/robot_ws/install/diagnostic_msgs/lib:/home/robot/app/robot_ws/install/actionlib_msgs/lib:/home/robot/app/robot_ws/install/statistics_msgs/lib:/home/robot/app/robot_ws/install/rmw_microxrcedds/lib:/home/robot/app/robot_ws/install/rosidl_typesupport_microxrcedds_cpp/lib:/home/robot/app/robot_ws/install/rosidl_typesupport_microxrcedds_c/lib:/home/robot/app/robot_ws/install/rosgraph_msgs/lib:/home/robot/app/robot_ws/install/rclc_parameter/lib:/home/robot/app/robot_ws/install/rclc/lib:/home/robot/app/robot_ws/install/composition_interfaces/lib:/home/robot/app/robot_ws/install/rcl_interfaces/lib:/home/robot/app/robot_ws/install/microxrcedds_client/lib:/home/robot/app/robot_ws/install/microcdr/lib:/home/robot/app/robot_ws/install/micro_ros_utilities/lib:/home/robot/app/robot_ws/install/micro_ros_msgs/lib:/home/robot/app/robot_ws/install/lifecycle_msgs/lib:/home/robot/app/robot_ws/install/complex_msgs/lib:/opt/ros/humble/opt/rviz_ogre_vendor/lib:/opt/ros/humble/lib/x86_64-linux-gnu:/opt/ros/humble/lib /usr/bin/cmake --install /home/robot/app/robot_ws/build/visualization_msgs
