[  2%] Built target stereo_msgs__cpp
[  2%] Built target ament_cmake_python_copy_stereo_msgs
[ 10%] Built target stereo_msgs__rosidl_typesupport_introspection_cpp
running egg_info
writing stereo_msgs.egg-info/PKG-INFO
writing dependency_links to stereo_msgs.egg-info/dependency_links.txt
writing top-level names to stereo_msgs.egg-info/top_level.txt
reading manifest file 'stereo_msgs.egg-info/SOURCES.txt'
writing manifest file 'stereo_msgs.egg-info/SOURCES.txt'
[ 10%] Built target ament_cmake_python_build_stereo_msgs_egg
[ 17%] Built target stereo_msgs__rosidl_typesupport_fastrtps_cpp
[35m[1mConsolidate compiler generated dependencies of target stereo_msgs__rosidl_typesupport_microxrcedds_cpp[0m
[ 25%] Built target stereo_msgs__rosidl_typesupport_microxrcedds_cpp
[ 33%] Built target stereo_msgs__rosidl_typesupport_cpp
[ 41%] Built target stereo_msgs__rosidl_generator_c
[35m[1mConsolidate compiler generated dependencies of target stereo_msgs__rosidl_typesupport_microxrcedds_c[0m
[ 48%] Built target stereo_msgs__rosidl_typesupport_microxrcedds_c
[ 56%] Built target stereo_msgs__rosidl_typesupport_c
[ 64%] Built target stereo_msgs__rosidl_typesupport_introspection_c
[ 71%] Built target stereo_msgs__rosidl_typesupport_fastrtps_c
[ 71%] Built target stereo_msgs
[ 74%] Built target stereo_msgs__py
[ 79%] Built target stereo_msgs__rosidl_generator_py
[ 84%] Built target stereo_msgs__rosidl_typesupport_microxrcedds_c__pyext
[ 89%] Built target stereo_msgs__rosidl_typesupport_c__pyext
[ 94%] Built target stereo_msgs__rosidl_typesupport_introspection_c__pyext
[100%] Built target stereo_msgs__rosidl_typesupport_fastrtps_c__pyext
-- Install configuration: ""
-- Up-to-date: /home/robot/app/robot_ws/install/stereo_msgs/share/ament_index/resource_index/rosidl_interfaces/stereo_msgs
-- Up-to-date: /home/robot/app/robot_ws/install/stereo_msgs/include/stereo_msgs/stereo_msgs
-- Up-to-date: /home/robot/app/robot_ws/install/stereo_msgs/include/stereo_msgs/stereo_msgs/msg
-- Up-to-date: /home/robot/app/robot_ws/install/stereo_msgs/include/stereo_msgs/stereo_msgs/msg/disparity_image.h
-- Up-to-date: /home/robot/app/robot_ws/install/stereo_msgs/include/stereo_msgs/stereo_msgs/msg/detail
-- Up-to-date: /home/robot/app/robot_ws/install/stereo_msgs/include/stereo_msgs/stereo_msgs/msg/detail/disparity_image__functions.h
-- Up-to-date: /home/robot/app/robot_ws/install/stereo_msgs/include/stereo_msgs/stereo_msgs/msg/detail/disparity_image__functions.c
-- Up-to-date: /home/robot/app/robot_ws/install/stereo_msgs/include/stereo_msgs/stereo_msgs/msg/detail/disparity_image__struct.h
-- Up-to-date: /home/robot/app/robot_ws/install/stereo_msgs/include/stereo_msgs/stereo_msgs/msg/detail/disparity_image__type_support.h
-- Up-to-date: /home/robot/app/robot_ws/install/stereo_msgs/include/stereo_msgs/stereo_msgs/msg/rosidl_generator_c__visibility_control.h
-- Up-to-date: /home/robot/app/robot_ws/install/stereo_msgs/share/stereo_msgs/environment/library_path.sh
-- Up-to-date: /home/robot/app/robot_ws/install/stereo_msgs/share/stereo_msgs/environment/library_path.dsv
-- Up-to-date: /home/robot/app/robot_ws/install/stereo_msgs/lib/libstereo_msgs__rosidl_generator_c.so
-- Up-to-date: /home/robot/app/robot_ws/install/stereo_msgs/include/stereo_msgs
-- Up-to-date: /home/robot/app/robot_ws/install/stereo_msgs/include/stereo_msgs/msg
-- Up-to-date: /home/robot/app/robot_ws/install/stereo_msgs/include/stereo_msgs/msg/detail
-- Up-to-date: /home/robot/app/robot_ws/install/stereo_msgs/include/stereo_msgs/msg/detail/disparity_image__rosidl_typesupport_microxrcedds_c.h
-- Up-to-date: /home/robot/app/robot_ws/install/stereo_msgs/include/stereo_msgs/msg/detail/microxrcedds
-- Up-to-date: /home/robot/app/robot_ws/install/stereo_msgs/include/stereo_msgs/msg/rosidl_typesupport_microxrcedds_c__visibility_control.h
-- Up-to-date: /home/robot/app/robot_ws/install/stereo_msgs/lib/libstereo_msgs__rosidl_typesupport_microxrcedds_c.so
-- Up-to-date: /home/robot/app/robot_ws/install/stereo_msgs/include/stereo_msgs/stereo_msgs
-- Up-to-date: /home/robot/app/robot_ws/install/stereo_msgs/include/stereo_msgs/stereo_msgs/msg
-- Up-to-date: /home/robot/app/robot_ws/install/stereo_msgs/include/stereo_msgs/stereo_msgs/msg/detail
-- Up-to-date: /home/robot/app/robot_ws/install/stereo_msgs/include/stereo_msgs/stereo_msgs/msg/detail/disparity_image__rosidl_typesupport_fastrtps_c.h
-- Up-to-date: /home/robot/app/robot_ws/install/stereo_msgs/include/stereo_msgs/stereo_msgs/msg/rosidl_typesupport_fastrtps_c__visibility_control.h
-- Up-to-date: /home/robot/app/robot_ws/install/stereo_msgs/lib/libstereo_msgs__rosidl_typesupport_fastrtps_c.so
-- Up-to-date: /home/robot/app/robot_ws/install/stereo_msgs/include/stereo_msgs/stereo_msgs
-- Up-to-date: /home/robot/app/robot_ws/install/stereo_msgs/include/stereo_msgs/stereo_msgs/msg
-- Up-to-date: /home/robot/app/robot_ws/install/stereo_msgs/include/stereo_msgs/stereo_msgs/msg/rosidl_typesupport_introspection_c__visibility_control.h
-- Up-to-date: /home/robot/app/robot_ws/install/stereo_msgs/include/stereo_msgs/stereo_msgs/msg/detail
-- Up-to-date: /home/robot/app/robot_ws/install/stereo_msgs/include/stereo_msgs/stereo_msgs/msg/detail/disparity_image__rosidl_typesupport_introspection_c.h
-- Up-to-date: /home/robot/app/robot_ws/install/stereo_msgs/include/stereo_msgs/stereo_msgs/msg/detail/disparity_image__type_support.c
-- Up-to-date: /home/robot/app/robot_ws/install/stereo_msgs/lib/libstereo_msgs__rosidl_typesupport_introspection_c.so
-- Up-to-date: /home/robot/app/robot_ws/install/stereo_msgs/lib/libstereo_msgs__rosidl_typesupport_c.so
-- Up-to-date: /home/robot/app/robot_ws/install/stereo_msgs/include/stereo_msgs/stereo_msgs
-- Up-to-date: /home/robot/app/robot_ws/install/stereo_msgs/include/stereo_msgs/stereo_msgs/msg
-- Up-to-date: /home/robot/app/robot_ws/install/stereo_msgs/include/stereo_msgs/stereo_msgs/msg/disparity_image.hpp
-- Up-to-date: /home/robot/app/robot_ws/install/stereo_msgs/include/stereo_msgs/stereo_msgs/msg/detail
-- Up-to-date: /home/robot/app/robot_ws/install/stereo_msgs/include/stereo_msgs/stereo_msgs/msg/detail/disparity_image__traits.hpp
-- Up-to-date: /home/robot/app/robot_ws/install/stereo_msgs/include/stereo_msgs/stereo_msgs/msg/detail/disparity_image__struct.hpp
-- Up-to-date: /home/robot/app/robot_ws/install/stereo_msgs/include/stereo_msgs/stereo_msgs/msg/detail/disparity_image__builder.hpp
-- Up-to-date: /home/robot/app/robot_ws/install/stereo_msgs/include/stereo_msgs
-- Up-to-date: /home/robot/app/robot_ws/install/stereo_msgs/include/stereo_msgs/msg
-- Up-to-date: /home/robot/app/robot_ws/install/stereo_msgs/include/stereo_msgs/msg/detail
-- Up-to-date: /home/robot/app/robot_ws/install/stereo_msgs/include/stereo_msgs/msg/detail/disparity_image__rosidl_typesupport_microxrcedds_cpp.hpp
-- Up-to-date: /home/robot/app/robot_ws/install/stereo_msgs/include/stereo_msgs/msg/detail/microxrcedds
-- Up-to-date: /home/robot/app/robot_ws/install/stereo_msgs/include/stereo_msgs/msg/detail/microxrcedds/disparity_image__type_support_cpp.cpp
-- Up-to-date: /home/robot/app/robot_ws/install/stereo_msgs/include/stereo_msgs/msg/rosidl_typesupport_microxrcedds_cpp__visibility_control.h
-- Up-to-date: /home/robot/app/robot_ws/install/stereo_msgs/lib/libstereo_msgs__rosidl_typesupport_microxrcedds_cpp.so
-- Up-to-date: /home/robot/app/robot_ws/install/stereo_msgs/include/stereo_msgs/stereo_msgs
-- Up-to-date: /home/robot/app/robot_ws/install/stereo_msgs/include/stereo_msgs/stereo_msgs/msg
-- Up-to-date: /home/robot/app/robot_ws/install/stereo_msgs/include/stereo_msgs/stereo_msgs/msg/rosidl_typesupport_fastrtps_cpp__visibility_control.h
-- Up-to-date: /home/robot/app/robot_ws/install/stereo_msgs/include/stereo_msgs/stereo_msgs/msg/detail
-- Up-to-date: /home/robot/app/robot_ws/install/stereo_msgs/include/stereo_msgs/stereo_msgs/msg/detail/dds_fastrtps
-- Up-to-date: /home/robot/app/robot_ws/install/stereo_msgs/include/stereo_msgs/stereo_msgs/msg/detail/disparity_image__rosidl_typesupport_fastrtps_cpp.hpp
-- Up-to-date: /home/robot/app/robot_ws/install/stereo_msgs/lib/libstereo_msgs__rosidl_typesupport_fastrtps_cpp.so
-- Up-to-date: /home/robot/app/robot_ws/install/stereo_msgs/include/stereo_msgs/stereo_msgs
-- Up-to-date: /home/robot/app/robot_ws/install/stereo_msgs/include/stereo_msgs/stereo_msgs/msg
-- Up-to-date: /home/robot/app/robot_ws/install/stereo_msgs/include/stereo_msgs/stereo_msgs/msg/detail
-- Up-to-date: /home/robot/app/robot_ws/install/stereo_msgs/include/stereo_msgs/stereo_msgs/msg/detail/disparity_image__rosidl_typesupport_introspection_cpp.hpp
-- Up-to-date: /home/robot/app/robot_ws/install/stereo_msgs/include/stereo_msgs/stereo_msgs/msg/detail/disparity_image__type_support.cpp
-- Up-to-date: /home/robot/app/robot_ws/install/stereo_msgs/lib/libstereo_msgs__rosidl_typesupport_introspection_cpp.so
-- Up-to-date: /home/robot/app/robot_ws/install/stereo_msgs/lib/libstereo_msgs__rosidl_typesupport_cpp.so
-- Up-to-date: /home/robot/app/robot_ws/install/stereo_msgs/share/stereo_msgs/environment/pythonpath.sh
-- Up-to-date: /home/robot/app/robot_ws/install/stereo_msgs/share/stereo_msgs/environment/pythonpath.dsv
-- Up-to-date: /home/robot/app/robot_ws/install/stereo_msgs/local/lib/python3.10/dist-packages/stereo_msgs-4.2.4-py3.10.egg-info
-- Installing: /home/robot/app/robot_ws/install/stereo_msgs/local/lib/python3.10/dist-packages/stereo_msgs-4.2.4-py3.10.egg-info/dependency_links.txt
-- Installing: /home/robot/app/robot_ws/install/stereo_msgs/local/lib/python3.10/dist-packages/stereo_msgs-4.2.4-py3.10.egg-info/PKG-INFO
-- Installing: /home/robot/app/robot_ws/install/stereo_msgs/local/lib/python3.10/dist-packages/stereo_msgs-4.2.4-py3.10.egg-info/SOURCES.txt
-- Installing: /home/robot/app/robot_ws/install/stereo_msgs/local/lib/python3.10/dist-packages/stereo_msgs-4.2.4-py3.10.egg-info/top_level.txt
-- Up-to-date: /home/robot/app/robot_ws/install/stereo_msgs/local/lib/python3.10/dist-packages/stereo_msgs
-- Up-to-date: /home/robot/app/robot_ws/install/stereo_msgs/local/lib/python3.10/dist-packages/stereo_msgs/__init__.py
-- Up-to-date: /home/robot/app/robot_ws/install/stereo_msgs/local/lib/python3.10/dist-packages/stereo_msgs/stereo_msgs_s__rosidl_typesupport_introspection_c.cpython-310-x86_64-linux-gnu.so
-- Up-to-date: /home/robot/app/robot_ws/install/stereo_msgs/local/lib/python3.10/dist-packages/stereo_msgs/libstereo_msgs__rosidl_generator_py.so
-- Up-to-date: /home/robot/app/robot_ws/install/stereo_msgs/local/lib/python3.10/dist-packages/stereo_msgs/_stereo_msgs_s.ep.rosidl_typesupport_fastrtps_c.c
-- Up-to-date: /home/robot/app/robot_ws/install/stereo_msgs/local/lib/python3.10/dist-packages/stereo_msgs/_stereo_msgs_s.ep.rosidl_typesupport_introspection_c.c
-- Up-to-date: /home/robot/app/robot_ws/install/stereo_msgs/local/lib/python3.10/dist-packages/stereo_msgs/_stereo_msgs_s.ep.rosidl_typesupport_microxrcedds_c.c
-- Up-to-date: /home/robot/app/robot_ws/install/stereo_msgs/local/lib/python3.10/dist-packages/stereo_msgs/stereo_msgs_s__rosidl_typesupport_fastrtps_c.cpython-310-x86_64-linux-gnu.so
-- Up-to-date: /home/robot/app/robot_ws/install/stereo_msgs/local/lib/python3.10/dist-packages/stereo_msgs/_stereo_msgs_s.ep.rosidl_typesupport_c.c
-- Up-to-date: /home/robot/app/robot_ws/install/stereo_msgs/local/lib/python3.10/dist-packages/stereo_msgs/stereo_msgs_s__rosidl_typesupport_c.cpython-310-x86_64-linux-gnu.so
-- Up-to-date: /home/robot/app/robot_ws/install/stereo_msgs/local/lib/python3.10/dist-packages/stereo_msgs/stereo_msgs_s__rosidl_typesupport_microxrcedds_c.cpython-310-x86_64-linux-gnu.so
-- Up-to-date: /home/robot/app/robot_ws/install/stereo_msgs/local/lib/python3.10/dist-packages/stereo_msgs/msg
-- Up-to-date: /home/robot/app/robot_ws/install/stereo_msgs/local/lib/python3.10/dist-packages/stereo_msgs/msg/__init__.py
-- Up-to-date: /home/robot/app/robot_ws/install/stereo_msgs/local/lib/python3.10/dist-packages/stereo_msgs/msg/_disparity_image_s.c
-- Up-to-date: /home/robot/app/robot_ws/install/stereo_msgs/local/lib/python3.10/dist-packages/stereo_msgs/msg/_disparity_image.py
Listing '/home/robot/app/robot_ws/install/stereo_msgs/local/lib/python3.10/dist-packages/stereo_msgs'...
Listing '/home/robot/app/robot_ws/install/stereo_msgs/local/lib/python3.10/dist-packages/stereo_msgs/msg'...
-- Up-to-date: /home/robot/app/robot_ws/install/stereo_msgs/local/lib/python3.10/dist-packages/stereo_msgs/stereo_msgs_s__rosidl_typesupport_microxrcedds_c.cpython-310-x86_64-linux-gnu.so
-- Up-to-date: /home/robot/app/robot_ws/install/stereo_msgs/local/lib/python3.10/dist-packages/stereo_msgs/stereo_msgs_s__rosidl_typesupport_fastrtps_c.cpython-310-x86_64-linux-gnu.so
-- Up-to-date: /home/robot/app/robot_ws/install/stereo_msgs/local/lib/python3.10/dist-packages/stereo_msgs/stereo_msgs_s__rosidl_typesupport_introspection_c.cpython-310-x86_64-linux-gnu.so
-- Up-to-date: /home/robot/app/robot_ws/install/stereo_msgs/local/lib/python3.10/dist-packages/stereo_msgs/stereo_msgs_s__rosidl_typesupport_c.cpython-310-x86_64-linux-gnu.so
-- Up-to-date: /home/robot/app/robot_ws/install/stereo_msgs/lib/libstereo_msgs__rosidl_generator_py.so
-- Up-to-date: /home/robot/app/robot_ws/install/stereo_msgs/share/stereo_msgs/msg/DisparityImage.idl
-- Up-to-date: /home/robot/app/robot_ws/install/stereo_msgs/share/stereo_msgs/msg/DisparityImage.msg
-- Up-to-date: /home/robot/app/robot_ws/install/stereo_msgs/share/ament_index/resource_index/package_run_dependencies/stereo_msgs
-- Up-to-date: /home/robot/app/robot_ws/install/stereo_msgs/share/ament_index/resource_index/parent_prefix_path/stereo_msgs
-- Up-to-date: /home/robot/app/robot_ws/install/stereo_msgs/share/stereo_msgs/environment/ament_prefix_path.sh
-- Up-to-date: /home/robot/app/robot_ws/install/stereo_msgs/share/stereo_msgs/environment/ament_prefix_path.dsv
-- Up-to-date: /home/robot/app/robot_ws/install/stereo_msgs/share/stereo_msgs/environment/path.sh
-- Up-to-date: /home/robot/app/robot_ws/install/stereo_msgs/share/stereo_msgs/environment/path.dsv
-- Up-to-date: /home/robot/app/robot_ws/install/stereo_msgs/share/stereo_msgs/local_setup.bash
-- Up-to-date: /home/robot/app/robot_ws/install/stereo_msgs/share/stereo_msgs/local_setup.sh
-- Up-to-date: /home/robot/app/robot_ws/install/stereo_msgs/share/stereo_msgs/local_setup.zsh
-- Up-to-date: /home/robot/app/robot_ws/install/stereo_msgs/share/stereo_msgs/local_setup.dsv
-- Installing: /home/robot/app/robot_ws/install/stereo_msgs/share/stereo_msgs/package.dsv
-- Up-to-date: /home/robot/app/robot_ws/install/stereo_msgs/share/ament_index/resource_index/packages/stereo_msgs
-- Up-to-date: /home/robot/app/robot_ws/install/stereo_msgs/share/stereo_msgs/cmake/export_stereo_msgs__rosidl_generator_cExport.cmake
-- Up-to-date: /home/robot/app/robot_ws/install/stereo_msgs/share/stereo_msgs/cmake/export_stereo_msgs__rosidl_generator_cExport-noconfig.cmake
-- Up-to-date: /home/robot/app/robot_ws/install/stereo_msgs/share/stereo_msgs/cmake/export_stereo_msgs__rosidl_typesupport_fastrtps_cExport.cmake
-- Up-to-date: /home/robot/app/robot_ws/install/stereo_msgs/share/stereo_msgs/cmake/export_stereo_msgs__rosidl_typesupport_fastrtps_cExport-noconfig.cmake
-- Up-to-date: /home/robot/app/robot_ws/install/stereo_msgs/share/stereo_msgs/cmake/stereo_msgs__rosidl_typesupport_introspection_cExport.cmake
-- Up-to-date: /home/robot/app/robot_ws/install/stereo_msgs/share/stereo_msgs/cmake/stereo_msgs__rosidl_typesupport_introspection_cExport-noconfig.cmake
-- Up-to-date: /home/robot/app/robot_ws/install/stereo_msgs/share/stereo_msgs/cmake/stereo_msgs__rosidl_typesupport_cExport.cmake
-- Up-to-date: /home/robot/app/robot_ws/install/stereo_msgs/share/stereo_msgs/cmake/stereo_msgs__rosidl_typesupport_cExport-noconfig.cmake
-- Up-to-date: /home/robot/app/robot_ws/install/stereo_msgs/share/stereo_msgs/cmake/export_stereo_msgs__rosidl_generator_cppExport.cmake
-- Up-to-date: /home/robot/app/robot_ws/install/stereo_msgs/share/stereo_msgs/cmake/export_stereo_msgs__rosidl_typesupport_fastrtps_cppExport.cmake
-- Up-to-date: /home/robot/app/robot_ws/install/stereo_msgs/share/stereo_msgs/cmake/export_stereo_msgs__rosidl_typesupport_fastrtps_cppExport-noconfig.cmake
-- Up-to-date: /home/robot/app/robot_ws/install/stereo_msgs/share/stereo_msgs/cmake/stereo_msgs__rosidl_typesupport_introspection_cppExport.cmake
-- Up-to-date: /home/robot/app/robot_ws/install/stereo_msgs/share/stereo_msgs/cmake/stereo_msgs__rosidl_typesupport_introspection_cppExport-noconfig.cmake
-- Up-to-date: /home/robot/app/robot_ws/install/stereo_msgs/share/stereo_msgs/cmake/stereo_msgs__rosidl_typesupport_cppExport.cmake
-- Up-to-date: /home/robot/app/robot_ws/install/stereo_msgs/share/stereo_msgs/cmake/stereo_msgs__rosidl_typesupport_cppExport-noconfig.cmake
-- Up-to-date: /home/robot/app/robot_ws/install/stereo_msgs/share/stereo_msgs/cmake/export_stereo_msgs__rosidl_generator_pyExport.cmake
-- Up-to-date: /home/robot/app/robot_ws/install/stereo_msgs/share/stereo_msgs/cmake/export_stereo_msgs__rosidl_generator_pyExport-noconfig.cmake
-- Up-to-date: /home/robot/app/robot_ws/install/stereo_msgs/share/stereo_msgs/cmake/rosidl_cmake-extras.cmake
-- Up-to-date: /home/robot/app/robot_ws/install/stereo_msgs/share/stereo_msgs/cmake/ament_cmake_export_dependencies-extras.cmake
-- Up-to-date: /home/robot/app/robot_ws/install/stereo_msgs/share/stereo_msgs/cmake/ament_cmake_export_include_directories-extras.cmake
-- Up-to-date: /home/robot/app/robot_ws/install/stereo_msgs/share/stereo_msgs/cmake/ament_cmake_export_libraries-extras.cmake
-- Up-to-date: /home/robot/app/robot_ws/install/stereo_msgs/share/stereo_msgs/cmake/ament_cmake_export_targets-extras.cmake
-- Up-to-date: /home/robot/app/robot_ws/install/stereo_msgs/share/stereo_msgs/cmake/rosidl_cmake_export_typesupport_targets-extras.cmake
-- Up-to-date: /home/robot/app/robot_ws/install/stereo_msgs/share/stereo_msgs/cmake/rosidl_cmake_export_typesupport_libraries-extras.cmake
-- Up-to-date: /home/robot/app/robot_ws/install/stereo_msgs/share/stereo_msgs/cmake/stereo_msgsConfig.cmake
-- Up-to-date: /home/robot/app/robot_ws/install/stereo_msgs/share/stereo_msgs/cmake/stereo_msgsConfig-version.cmake
-- Up-to-date: /home/robot/app/robot_ws/install/stereo_msgs/share/stereo_msgs/package.xml
