[0.110s] Invoking command in '/home/robot/app/robot_ws/build/rmw_microxrcedds': AMENT_PREFIX_PATH=/home/robot/app/robot_ws/install/micro_ros_msgs:${AMENT_PREFIX_PATH} CMAKE_PREFIX_PATH=/home/robot/app/robot_ws/install/rosidl_typesupport_microxrcedds_cpp:/home/robot/app/robot_ws/install/rosidl_typesupport_microxrcedds_c:/home/robot/app/robot_ws/install/microxrcedds_client:/home/robot/app/robot_ws/install/microcdr:/home/robot/app/robot_ws/install/micro_ros_msgs:/home/robot/app/robot_ws/install/micro_ros_setup:/opt/ros/humble LD_LIBRARY_PATH=/home/robot/app/robot_ws/install/rosidl_typesupport_microxrcedds_cpp/lib:/home/robot/app/robot_ws/install/rosidl_typesupport_microxrcedds_c/lib:/home/robot/app/robot_ws/install/microxrcedds_client/lib:/home/robot/app/robot_ws/install/microcdr/lib:/home/robot/app/robot_ws/install/micro_ros_msgs/lib:/opt/ros/humble/opt/rviz_ogre_vendor/lib:/opt/ros/humble/lib/x86_64-linux-gnu:/opt/ros/humble/lib PYTHONPATH=/home/robot/app/robot_ws/install/micro_ros_msgs/local/lib/python3.10/dist-packages:${PYTHONPATH} /usr/bin/cmake /home/robot/app/robot_ws/src/uros/rmw_microxrcedds/rmw_microxrcedds_c -DBUILD_TESTING=OFF -DBUILD_SHARED_LIBS=ON -DRMW_UXRCE_TRANSPORT=udp -DRMW_UXRCE_DEFAULT_UDP_IP=127.0.0.1 -DRMW_UXRCE_DEFAULT_UDP_PORT=8888 -DRMW_UXRCE_MAX_NODES=15 -DRMW_UXRCE_MAX_PUBLISHERS=15 -DRMW_UXRCE_MAX_SUBSCRIPTIONS=15 -DRMW_UXRCE_MAX_SERVICES=15 -DRMW_UXRCE_MAX_CLIENTS=15 -DRMW_UXRCE_STREAM_HISTORY=32 -DRMW_UXRCE_MAX_HISTORY=10 -DCMAKE_INSTALL_PREFIX=/home/robot/app/robot_ws/install/rmw_microxrcedds
[19.331s] -- The C compiler identification is GNU 11.4.0
[19.331s] -- Detecting C compiler ABI info
[19.331s] -- Detecting C compiler ABI info - done
[19.332s] -- Check for working C compiler: /usr/bin/cc - skipped
[19.332s] -- Detecting C compile features
[19.332s] -- Detecting C compile features - done
[19.332s] -- Found ament_cmake_ros: 0.10.0 (/opt/ros/humble/share/ament_cmake_ros/cmake)
[19.332s] -- Found Python3: /usr/bin/python3 (found version "3.10.12") found components: Interpreter 
[19.340s] -- Found rcutils: 5.1.6 (/opt/ros/humble/share/rcutils/cmake)
[19.340s] -- Found rosidl_runtime_c: 3.1.5 (/opt/ros/humble/share/rosidl_runtime_c/cmake)
[19.344s] -- Found rmw: 6.1.2 (/opt/ros/humble/share/rmw/cmake)
[19.344s] -- Found rosidl_typesupport_microxrcedds_c: 3.0.1 (/home/robot/app/robot_ws/install/rosidl_typesupport_microxrcedds_c/share/rosidl_typesupport_microxrcedds_c/cmake)
[19.344s] -- Found rosidl_adapter: 3.1.5 (/opt/ros/humble/share/rosidl_adapter/cmake)
[19.345s] -- Configuring done
[19.345s] -- Generating done
[19.345s] -- Build files have been written to: /home/robot/app/robot_ws/build/rmw_microxrcedds
[19.348s] Invoked command in '/home/robot/app/robot_ws/build/rmw_microxrcedds' returned '0': AMENT_PREFIX_PATH=/home/robot/app/robot_ws/install/micro_ros_msgs:${AMENT_PREFIX_PATH} CMAKE_PREFIX_PATH=/home/robot/app/robot_ws/install/rosidl_typesupport_microxrcedds_cpp:/home/robot/app/robot_ws/install/rosidl_typesupport_microxrcedds_c:/home/robot/app/robot_ws/install/microxrcedds_client:/home/robot/app/robot_ws/install/microcdr:/home/robot/app/robot_ws/install/micro_ros_msgs:/home/robot/app/robot_ws/install/micro_ros_setup:/opt/ros/humble LD_LIBRARY_PATH=/home/robot/app/robot_ws/install/rosidl_typesupport_microxrcedds_cpp/lib:/home/robot/app/robot_ws/install/rosidl_typesupport_microxrcedds_c/lib:/home/robot/app/robot_ws/install/microxrcedds_client/lib:/home/robot/app/robot_ws/install/microcdr/lib:/home/robot/app/robot_ws/install/micro_ros_msgs/lib:/opt/ros/humble/opt/rviz_ogre_vendor/lib:/opt/ros/humble/lib/x86_64-linux-gnu:/opt/ros/humble/lib PYTHONPATH=/home/robot/app/robot_ws/install/micro_ros_msgs/local/lib/python3.10/dist-packages:${PYTHONPATH} /usr/bin/cmake /home/robot/app/robot_ws/src/uros/rmw_microxrcedds/rmw_microxrcedds_c -DBUILD_TESTING=OFF -DBUILD_SHARED_LIBS=ON -DRMW_UXRCE_TRANSPORT=udp -DRMW_UXRCE_DEFAULT_UDP_IP=127.0.0.1 -DRMW_UXRCE_DEFAULT_UDP_PORT=8888 -DRMW_UXRCE_MAX_NODES=15 -DRMW_UXRCE_MAX_PUBLISHERS=15 -DRMW_UXRCE_MAX_SUBSCRIPTIONS=15 -DRMW_UXRCE_MAX_SERVICES=15 -DRMW_UXRCE_MAX_CLIENTS=15 -DRMW_UXRCE_STREAM_HISTORY=32 -DRMW_UXRCE_MAX_HISTORY=10 -DCMAKE_INSTALL_PREFIX=/home/robot/app/robot_ws/install/rmw_microxrcedds
[19.349s] Invoking command in '/home/robot/app/robot_ws/build/rmw_microxrcedds': AMENT_PREFIX_PATH=/home/robot/app/robot_ws/install/micro_ros_msgs:${AMENT_PREFIX_PATH} CMAKE_PREFIX_PATH=/home/robot/app/robot_ws/install/rosidl_typesupport_microxrcedds_cpp:/home/robot/app/robot_ws/install/rosidl_typesupport_microxrcedds_c:/home/robot/app/robot_ws/install/microxrcedds_client:/home/robot/app/robot_ws/install/microcdr:/home/robot/app/robot_ws/install/micro_ros_msgs:/home/robot/app/robot_ws/install/micro_ros_setup:/opt/ros/humble LD_LIBRARY_PATH=/home/robot/app/robot_ws/install/rosidl_typesupport_microxrcedds_cpp/lib:/home/robot/app/robot_ws/install/rosidl_typesupport_microxrcedds_c/lib:/home/robot/app/robot_ws/install/microxrcedds_client/lib:/home/robot/app/robot_ws/install/microcdr/lib:/home/robot/app/robot_ws/install/micro_ros_msgs/lib:/opt/ros/humble/opt/rviz_ogre_vendor/lib:/opt/ros/humble/lib/x86_64-linux-gnu:/opt/ros/humble/lib PYTHONPATH=/home/robot/app/robot_ws/install/micro_ros_msgs/local/lib/python3.10/dist-packages:${PYTHONPATH} /usr/bin/cmake --build /home/robot/app/robot_ws/build/rmw_microxrcedds -- -j8 -l8
[19.643s] [  2%] [32mBuilding C object CMakeFiles/rmw_microxrcedds.dir/src/identifiers.c.o[0m
[19.735s] [  4%] [32mBuilding C object CMakeFiles/rmw_microxrcedds.dir/src/rmw_get_gid_for_publisher.c.o[0m
[20.038s] [  6%] [32mBuilding C object CMakeFiles/rmw_microxrcedds.dir/src/rmw_get_implementation_identifier.c.o[0m
[20.291s] [  8%] [32mBuilding C object CMakeFiles/rmw_microxrcedds.dir/src/rmw_get_serialization_format.c.o[0m
[20.480s] [ 10%] [32mBuilding C object CMakeFiles/rmw_microxrcedds.dir/src/rmw_get_topic_endpoint_info.c.o[0m
[20.745s] [ 13%] [32mBuilding C object CMakeFiles/rmw_microxrcedds.dir/src/rmw_get_endpoint_network_flow.c.o[0m
[20.944s] [ 15%] [32mBuilding C object CMakeFiles/rmw_microxrcedds.dir/src/rmw_qos_profile_check_compatible.c.o[0m
[21.116s] [ 17%] [32mBuilding C object CMakeFiles/rmw_microxrcedds.dir/src/rmw_guard_condition.c.o[0m
[21.336s] [ 19%] [32mBuilding C object CMakeFiles/rmw_microxrcedds.dir/src/rmw_init.c.o[0m
[21.581s] [ 21%] [32mBuilding C object CMakeFiles/rmw_microxrcedds.dir/src/rmw_logging.c.o[0m
[21.736s] [ 23%] [32mBuilding C object CMakeFiles/rmw_microxrcedds.dir/src/rmw_microxrcedds_topic.c.o[0m
[22.014s] [ 26%] [32mBuilding C object CMakeFiles/rmw_microxrcedds.dir/src/rmw_node.c.o[0m
[22.303s] [ 28%] [32mBuilding C object CMakeFiles/rmw_microxrcedds.dir/src/rmw_node_info_and_types.c.o[0m
[22.565s] [ 30%] [32mBuilding C object CMakeFiles/rmw_microxrcedds.dir/src/rmw_node_names.c.o[0m
[22.831s] [ 32%] [32mBuilding C object CMakeFiles/rmw_microxrcedds.dir/src/rmw_publish.c.o[0m
[23.049s] [ 34%] [32mBuilding C object CMakeFiles/rmw_microxrcedds.dir/src/rmw_publisher.c.o[0m
[23.290s] [ 36%] [32mBuilding C object CMakeFiles/rmw_microxrcedds.dir/src/rmw_request.c.o[0m
[23.486s] [ 39%] [32mBuilding C object CMakeFiles/rmw_microxrcedds.dir/src/rmw_response.c.o[0m
[23.693s] [ 41%] [32mBuilding C object CMakeFiles/rmw_microxrcedds.dir/src/rmw_serialize.c.o[0m
[23.824s] [ 43%] [32mBuilding C object CMakeFiles/rmw_microxrcedds.dir/src/rmw_service.c.o[0m
[24.041s] [ 45%] [32mBuilding C object CMakeFiles/rmw_microxrcedds.dir/src/rmw_service_names_and_types.c.o[0m
[24.228s] [ 47%] [32mBuilding C object CMakeFiles/rmw_microxrcedds.dir/src/rmw_service_server_is_available.c.o[0m
[24.372s] [ 50%] [32mBuilding C object CMakeFiles/rmw_microxrcedds.dir/src/rmw_subscription.c.o[0m
[24.597s] [ 52%] [32mBuilding C object CMakeFiles/rmw_microxrcedds.dir/src/rmw_take.c.o[0m
[24.834s] [ 54%] [32mBuilding C object CMakeFiles/rmw_microxrcedds.dir/src/rmw_topic_names_and_types.c.o[0m
[25.078s] [ 56%] [32mBuilding C object CMakeFiles/rmw_microxrcedds.dir/src/rmw_trigger_guard_condition.c.o[0m
[25.257s] [ 58%] [32mBuilding C object CMakeFiles/rmw_microxrcedds.dir/src/rmw_wait.c.o[0m
[25.481s] [ 60%] [32mBuilding C object CMakeFiles/rmw_microxrcedds.dir/src/rmw_wait_set.c.o[0m
[25.665s] [ 63%] [32mBuilding C object CMakeFiles/rmw_microxrcedds.dir/src/types.c.o[0m
[25.960s] [ 65%] [32mBuilding C object CMakeFiles/rmw_microxrcedds.dir/src/utils.c.o[0m
[26.215s] [ 67%] [32mBuilding C object CMakeFiles/rmw_microxrcedds.dir/src/callbacks.c.o[0m
[26.449s] [ 69%] [32mBuilding C object CMakeFiles/rmw_microxrcedds.dir/src/rmw_event_callbacks.c.o[0m
[26.600s] [ 71%] [32mBuilding C object CMakeFiles/rmw_microxrcedds.dir/src/rmw_uxrce_transports.c.o[0m
[26.816s] [ 73%] [32mBuilding C object CMakeFiles/rmw_microxrcedds.dir/src/rmw_microros/continous_serialization.c.o[0m
[27.003s] [ 76%] [32mBuilding C object CMakeFiles/rmw_microxrcedds.dir/src/rmw_microros/init_options.c.o[0m
[27.183s] [ 78%] [32mBuilding C object CMakeFiles/rmw_microxrcedds.dir/src/rmw_microros/time_sync.c.o[0m
[27.370s] [ 80%] [32mBuilding C object CMakeFiles/rmw_microxrcedds.dir/src/rmw_microros/ping.c.o[0m
[27.553s] [ 82%] [32mBuilding C object CMakeFiles/rmw_microxrcedds.dir/src/rmw_microros/timing.c.o[0m
[27.734s] [ 84%] [32mBuilding C object CMakeFiles/rmw_microxrcedds.dir/src/rmw_microros/discovery.c.o[0m
[27.855s] [ 86%] [32mBuilding C object CMakeFiles/rmw_microxrcedds.dir/src/rmw_features.c.o[0m
[27.968s] [ 89%] [32mBuilding C object CMakeFiles/rmw_microxrcedds.dir/src/rmw_event.c.o[0m
[28.098s] [ 91%] [32mBuilding C object CMakeFiles/rmw_microxrcedds.dir/src/rmw_count.c.o[0m
[28.305s] [ 93%] [32mBuilding C object CMakeFiles/rmw_microxrcedds.dir/src/rmw_compare_gids_equal.c.o[0m
[28.436s] [ 95%] [32mBuilding C object CMakeFiles/rmw_microxrcedds.dir/src/rmw_client.c.o[0m
[28.637s] [ 97%] [32mBuilding C object CMakeFiles/rmw_microxrcedds.dir/src/memory.c.o[0m
[28.776s] [100%] [32m[1mLinking C shared library librmw_microxrcedds.so[0m
[28.915s] [100%] Built target rmw_microxrcedds
[29.089s] Invoked command in '/home/robot/app/robot_ws/build/rmw_microxrcedds' returned '0': AMENT_PREFIX_PATH=/home/robot/app/robot_ws/install/micro_ros_msgs:${AMENT_PREFIX_PATH} CMAKE_PREFIX_PATH=/home/robot/app/robot_ws/install/rosidl_typesupport_microxrcedds_cpp:/home/robot/app/robot_ws/install/rosidl_typesupport_microxrcedds_c:/home/robot/app/robot_ws/install/microxrcedds_client:/home/robot/app/robot_ws/install/microcdr:/home/robot/app/robot_ws/install/micro_ros_msgs:/home/robot/app/robot_ws/install/micro_ros_setup:/opt/ros/humble LD_LIBRARY_PATH=/home/robot/app/robot_ws/install/rosidl_typesupport_microxrcedds_cpp/lib:/home/robot/app/robot_ws/install/rosidl_typesupport_microxrcedds_c/lib:/home/robot/app/robot_ws/install/microxrcedds_client/lib:/home/robot/app/robot_ws/install/microcdr/lib:/home/robot/app/robot_ws/install/micro_ros_msgs/lib:/opt/ros/humble/opt/rviz_ogre_vendor/lib:/opt/ros/humble/lib/x86_64-linux-gnu:/opt/ros/humble/lib PYTHONPATH=/home/robot/app/robot_ws/install/micro_ros_msgs/local/lib/python3.10/dist-packages:${PYTHONPATH} /usr/bin/cmake --build /home/robot/app/robot_ws/build/rmw_microxrcedds -- -j8 -l8
[29.533s] Invoking command in '/home/robot/app/robot_ws/build/rmw_microxrcedds': AMENT_PREFIX_PATH=/home/robot/app/robot_ws/install/micro_ros_msgs:${AMENT_PREFIX_PATH} CMAKE_PREFIX_PATH=/home/robot/app/robot_ws/install/rosidl_typesupport_microxrcedds_cpp:/home/robot/app/robot_ws/install/rosidl_typesupport_microxrcedds_c:/home/robot/app/robot_ws/install/microxrcedds_client:/home/robot/app/robot_ws/install/microcdr:/home/robot/app/robot_ws/install/micro_ros_msgs:/home/robot/app/robot_ws/install/micro_ros_setup:/opt/ros/humble LD_LIBRARY_PATH=/home/robot/app/robot_ws/install/rosidl_typesupport_microxrcedds_cpp/lib:/home/robot/app/robot_ws/install/rosidl_typesupport_microxrcedds_c/lib:/home/robot/app/robot_ws/install/microxrcedds_client/lib:/home/robot/app/robot_ws/install/microcdr/lib:/home/robot/app/robot_ws/install/micro_ros_msgs/lib:/opt/ros/humble/opt/rviz_ogre_vendor/lib:/opt/ros/humble/lib/x86_64-linux-gnu:/opt/ros/humble/lib PYTHONPATH=/home/robot/app/robot_ws/install/micro_ros_msgs/local/lib/python3.10/dist-packages:${PYTHONPATH} /usr/bin/cmake --install /home/robot/app/robot_ws/build/rmw_microxrcedds
[29.698s] -- Install configuration: ""
[29.698s] -- Installing: /home/robot/app/robot_ws/install/rmw_microxrcedds/share/rmw_microxrcedds/environment/library_path.sh
[29.698s] -- Installing: /home/robot/app/robot_ws/install/rmw_microxrcedds/share/rmw_microxrcedds/environment/library_path.dsv
[29.698s] -- Installing: /home/robot/app/robot_ws/install/rmw_microxrcedds/share/ament_index/resource_index/rmw_typesupport_c/rmw_microxrcedds
[29.699s] -- Installing: /home/robot/app/robot_ws/install/rmw_microxrcedds/share/ament_index/resource_index/rmw_typesupport/rmw_microxrcedds
[29.705s] -- Installing: /home/robot/app/robot_ws/install/rmw_microxrcedds/share/ament_index/resource_index/package_run_dependencies/rmw_microxrcedds
[29.705s] -- Installing: /home/robot/app/robot_ws/install/rmw_microxrcedds/share/ament_index/resource_index/parent_prefix_path/rmw_microxrcedds
[29.705s] -- Installing: /home/robot/app/robot_ws/install/rmw_microxrcedds/share/rmw_microxrcedds/environment/ament_prefix_path.sh
[29.705s] -- Installing: /home/robot/app/robot_ws/install/rmw_microxrcedds/share/rmw_microxrcedds/environment/ament_prefix_path.dsv
[29.709s] -- Installing: /home/robot/app/robot_ws/install/rmw_microxrcedds/share/rmw_microxrcedds/environment/path.sh
[29.709s] -- Installing: /home/robot/app/robot_ws/install/rmw_microxrcedds/share/rmw_microxrcedds/environment/path.dsv
[29.709s] -- Installing: /home/robot/app/robot_ws/install/rmw_microxrcedds/share/rmw_microxrcedds/local_setup.bash
[29.709s] -- Installing: /home/robot/app/robot_ws/install/rmw_microxrcedds/share/rmw_microxrcedds/local_setup.sh
[29.711s] -- Installing: /home/robot/app/robot_ws/install/rmw_microxrcedds/share/rmw_microxrcedds/local_setup.zsh
[29.712s] -- Installing: /home/robot/app/robot_ws/install/rmw_microxrcedds/share/rmw_microxrcedds/local_setup.dsv
[29.712s] -- Installing: /home/robot/app/robot_ws/install/rmw_microxrcedds/share/rmw_microxrcedds/package.dsv
[29.712s] -- Installing: /home/robot/app/robot_ws/install/rmw_microxrcedds/share/ament_index/resource_index/packages/rmw_microxrcedds
[29.712s] -- Installing: /home/robot/app/robot_ws/install/rmw_microxrcedds/share/rmw_microxrcedds/cmake/ament_cmake_export_include_directories-extras.cmake
[29.712s] -- Installing: /home/robot/app/robot_ws/install/rmw_microxrcedds/share/rmw_microxrcedds/cmake/ament_cmake_export_libraries-extras.cmake
[29.719s] -- Installing: /home/robot/app/robot_ws/install/rmw_microxrcedds/share/rmw_microxrcedds/cmake/ament_cmake_export_dependencies-extras.cmake
[29.719s] -- Installing: /home/robot/app/robot_ws/install/rmw_microxrcedds/share/rmw_microxrcedds/cmake/rmw_microxrceddsConfig.cmake
[29.719s] -- Installing: /home/robot/app/robot_ws/install/rmw_microxrcedds/share/rmw_microxrcedds/cmake/rmw_microxrceddsConfig-version.cmake
[29.719s] -- Installing: /home/robot/app/robot_ws/install/rmw_microxrcedds/share/rmw_microxrcedds/package.xml
[29.719s] -- Up-to-date: /home/robot/app/robot_ws/install/rmw_microxrcedds/include
[29.720s] -- Installing: /home/robot/app/robot_ws/install/rmw_microxrcedds/include/rmw_microxrcedds_c
[29.720s] -- Installing: /home/robot/app/robot_ws/install/rmw_microxrcedds/include/rmw_microxrcedds_c/rmw_c_macros.h
[29.720s] -- Installing: /home/robot/app/robot_ws/install/rmw_microxrcedds/include/rmw_microros
[29.720s] -- Installing: /home/robot/app/robot_ws/install/rmw_microxrcedds/include/rmw_microros/custom_transport.h
[29.720s] -- Installing: /home/robot/app/robot_ws/install/rmw_microxrcedds/include/rmw_microros/time_sync.h
[29.733s] -- Installing: /home/robot/app/robot_ws/install/rmw_microxrcedds/include/rmw_microros/init_options.h
[29.734s] -- Installing: /home/robot/app/robot_ws/install/rmw_microxrcedds/include/rmw_microros/discovery.h
[29.734s] -- Installing: /home/robot/app/robot_ws/install/rmw_microxrcedds/include/rmw_microros/rmw_microros.h
[29.734s] -- Installing: /home/robot/app/robot_ws/install/rmw_microxrcedds/include/rmw_microros/timing.h
[29.734s] -- Installing: /home/robot/app/robot_ws/install/rmw_microxrcedds/include/rmw_microros/error_handling.h
[29.734s] -- Installing: /home/robot/app/robot_ws/install/rmw_microxrcedds/include/rmw_microros/ping.h
[29.735s] -- Installing: /home/robot/app/robot_ws/install/rmw_microxrcedds/include/rmw_microros/continous_serialization.h
[29.735s] -- Installing: /home/robot/app/robot_ws/install/rmw_microxrcedds/include/rmw_microxrcedds_c/config.h
[29.735s] -- Installing: /home/robot/app/robot_ws/install/rmw_microxrcedds/lib/librmw_microxrcedds.so
[29.735s] -- Set runtime path of "/home/robot/app/robot_ws/install/rmw_microxrcedds/lib/librmw_microxrcedds.so" to ""
[29.738s] Invoked command in '/home/robot/app/robot_ws/build/rmw_microxrcedds' returned '0': AMENT_PREFIX_PATH=/home/robot/app/robot_ws/install/micro_ros_msgs:${AMENT_PREFIX_PATH} CMAKE_PREFIX_PATH=/home/robot/app/robot_ws/install/rosidl_typesupport_microxrcedds_cpp:/home/robot/app/robot_ws/install/rosidl_typesupport_microxrcedds_c:/home/robot/app/robot_ws/install/microxrcedds_client:/home/robot/app/robot_ws/install/microcdr:/home/robot/app/robot_ws/install/micro_ros_msgs:/home/robot/app/robot_ws/install/micro_ros_setup:/opt/ros/humble LD_LIBRARY_PATH=/home/robot/app/robot_ws/install/rosidl_typesupport_microxrcedds_cpp/lib:/home/robot/app/robot_ws/install/rosidl_typesupport_microxrcedds_c/lib:/home/robot/app/robot_ws/install/microxrcedds_client/lib:/home/robot/app/robot_ws/install/microcdr/lib:/home/robot/app/robot_ws/install/micro_ros_msgs/lib:/opt/ros/humble/opt/rviz_ogre_vendor/lib:/opt/ros/humble/lib/x86_64-linux-gnu:/opt/ros/humble/lib PYTHONPATH=/home/robot/app/robot_ws/install/micro_ros_msgs/local/lib/python3.10/dist-packages:${PYTHONPATH} /usr/bin/cmake --install /home/robot/app/robot_ws/build/rmw_microxrcedds
