-- Found ament_cmake: 1.3.10 (/opt/ros/humble/share/ament_cmake/cmake)
-- Found builtin_interfaces: 1.2.1 (/home/robot/app/robot_ws/install/builtin_interfaces/share/builtin_interfaces/cmake)
-- Found rosidl_generator_c: 3.1.5 (/opt/ros/humble/share/rosidl_generator_c/cmake)
-- Found rosidl_adapter: 3.1.5 (/opt/ros/humble/share/rosidl_adapter/cmake)
-- Found rosidl_generator_cpp: 3.1.5 (/opt/ros/humble/share/rosidl_generator_cpp/cmake)
-- Using all available rosidl_typesupport_c: rosidl_typesupport_fastrtps_c;rosidl_typesupport_introspection_c
-- Using all available rosidl_typesupport_cpp: rosidl_typesupport_fastrtps_cpp;rosidl_typesupport_introspection_cpp
-- Found rosidl_default_generators: 1.2.0 (/opt/ros/humble/share/rosidl_default_generators/cmake)
-- Found ament_cmake_ros: 0.10.0 (/opt/ros/humble/share/ament_cmake_ros/cmake)
-- Using all available rosidl_typesupport_c: rosidl_typesupport_fastrtps_c;rosidl_typesupport_introspection_c
-- Using all available rosidl_typesupport_cpp: rosidl_typesupport_fastrtps_cpp;rosidl_typesupport_introspection_cpp
-- Found python_cmake_module: 0.10.0 (/opt/ros/humble/share/python_cmake_module/cmake)
-- Using PYTHON_EXECUTABLE: /usr/bin/python3
-- Using PYTHON_INCLUDE_DIRS: /usr/include/python3.10
-- Using PYTHON_LIBRARIES: /usr/lib/x86_64-linux-gnu/libpython3.10.so
-- Configuring done
-- Generating done
-- Build files have been written to: /home/robot/app/robot_ws/build/complex_msgs
[35m[1mConsolidate compiler generated dependencies of target complex_msgs__rosidl_generator_c[0m
[  2%] Built target complex_msgs__cpp
[ 12%] Built target complex_msgs__rosidl_generator_c
[ 12%] Built target ament_cmake_python_copy_complex_msgs
[ 15%] [34m[1mGenerating C++ type support dispatch for ROS interfaces[0m
[35m[1mConsolidate compiler generated dependencies of target complex_msgs__rosidl_typesupport_introspection_cpp[0m
[ 17%] [34m[1mGenerating C type support dispatch for ROS interfaces[0m
[35m[1mConsolidate compiler generated dependencies of target complex_msgs__rosidl_typesupport_introspection_c[0m
[35m[1mConsolidate compiler generated dependencies of target complex_msgs__rosidl_typesupport_fastrtps_cpp[0m
[35m[1mConsolidate compiler generated dependencies of target complex_msgs__rosidl_typesupport_fastrtps_c[0m
[ 28%] Built target complex_msgs__rosidl_typesupport_introspection_cpp
[ 38%] Built target complex_msgs__rosidl_typesupport_introspection_c
[ 48%] Built target complex_msgs__rosidl_typesupport_fastrtps_cpp
[ 58%] Built target complex_msgs__rosidl_typesupport_fastrtps_c
[35m[1mConsolidate compiler generated dependencies of target complex_msgs__rosidl_typesupport_cpp[0m
[ 61%] [32mBuilding CXX object CMakeFiles/complex_msgs__rosidl_typesupport_cpp.dir/rosidl_typesupport_cpp/complex_msgs/msg/nested_msg_test__type_support.cpp.o[0m
[ 64%] [32mBuilding CXX object CMakeFiles/complex_msgs__rosidl_typesupport_cpp.dir/rosidl_typesupport_cpp/complex_msgs/msg/multi_string_test__type_support.cpp.o[0m
running egg_info
writing complex_msgs.egg-info/PKG-INFO
writing dependency_links to complex_msgs.egg-info/dependency_links.txt
writing top-level names to complex_msgs.egg-info/top_level.txt
reading manifest file 'complex_msgs.egg-info/SOURCES.txt'
writing manifest file 'complex_msgs.egg-info/SOURCES.txt'
[ 64%] Built target ament_cmake_python_build_complex_msgs_egg
[35m[1mConsolidate compiler generated dependencies of target complex_msgs__rosidl_typesupport_c[0m
[ 66%] [32mBuilding CXX object CMakeFiles/complex_msgs__rosidl_typesupport_c.dir/rosidl_typesupport_c/complex_msgs/msg/nested_msg_test__type_support.cpp.o[0m
[ 69%] [32mBuilding CXX object CMakeFiles/complex_msgs__rosidl_typesupport_c.dir/rosidl_typesupport_c/complex_msgs/msg/multi_string_test__type_support.cpp.o[0m
[ 71%] [32m[1mLinking CXX shared library libcomplex_msgs__rosidl_typesupport_c.so[0m
[ 71%] Built target complex_msgs__rosidl_typesupport_c
[ 74%] [32m[1mLinking CXX shared library libcomplex_msgs__rosidl_typesupport_cpp.so[0m
[ 74%] Built target complex_msgs__rosidl_typesupport_cpp
[ 74%] Built target complex_msgs
[ 76%] Built target complex_msgs__py
[35m[1mConsolidate compiler generated dependencies of target complex_msgs__rosidl_generator_py[0m
[ 79%] [32m[1mLinking C shared library rosidl_generator_py/complex_msgs/libcomplex_msgs__rosidl_generator_py.so[0m
[ 84%] Built target complex_msgs__rosidl_generator_py
[35m[1mConsolidate compiler generated dependencies of target complex_msgs__rosidl_typesupport_introspection_c__pyext[0m
[35m[1mConsolidate compiler generated dependencies of target complex_msgs__rosidl_typesupport_c__pyext[0m
[35m[1mConsolidate compiler generated dependencies of target complex_msgs__rosidl_typesupport_fastrtps_c__pyext[0m
[ 87%] [32m[1mLinking C shared library rosidl_generator_py/complex_msgs/complex_msgs_s__rosidl_typesupport_c.cpython-310-x86_64-linux-gnu.so[0m
[ 89%] [32m[1mLinking C shared library rosidl_generator_py/complex_msgs/complex_msgs_s__rosidl_typesupport_introspection_c.cpython-310-x86_64-linux-gnu.so[0m
[ 92%] [32m[1mLinking C shared library rosidl_generator_py/complex_msgs/complex_msgs_s__rosidl_typesupport_fastrtps_c.cpython-310-x86_64-linux-gnu.so[0m
[ 94%] Built target complex_msgs__rosidl_typesupport_c__pyext
[ 97%] Built target complex_msgs__rosidl_typesupport_introspection_c__pyext
[100%] Built target complex_msgs__rosidl_typesupport_fastrtps_c__pyext
-- Install configuration: ""
-- Up-to-date: /home/robot/app/robot_ws/install/complex_msgs/share/ament_index/resource_index/rosidl_interfaces/complex_msgs
-- Up-to-date: /home/robot/app/robot_ws/install/complex_msgs/include/complex_msgs/complex_msgs
-- Up-to-date: /home/robot/app/robot_ws/install/complex_msgs/include/complex_msgs/complex_msgs/msg
-- Up-to-date: /home/robot/app/robot_ws/install/complex_msgs/include/complex_msgs/complex_msgs/msg/nested_msg_test.h
-- Up-to-date: /home/robot/app/robot_ws/install/complex_msgs/include/complex_msgs/complex_msgs/msg/multi_string_test.h
-- Up-to-date: /home/robot/app/robot_ws/install/complex_msgs/include/complex_msgs/complex_msgs/msg/detail
-- Up-to-date: /home/robot/app/robot_ws/install/complex_msgs/include/complex_msgs/complex_msgs/msg/detail/multi_string_test__struct.h
-- Up-to-date: /home/robot/app/robot_ws/install/complex_msgs/include/complex_msgs/complex_msgs/msg/detail/multi_string_test__functions.c
-- Up-to-date: /home/robot/app/robot_ws/install/complex_msgs/include/complex_msgs/complex_msgs/msg/detail/nested_msg_test__struct.h
-- Up-to-date: /home/robot/app/robot_ws/install/complex_msgs/include/complex_msgs/complex_msgs/msg/detail/multi_string_test__type_support.h
-- Up-to-date: /home/robot/app/robot_ws/install/complex_msgs/include/complex_msgs/complex_msgs/msg/detail/nested_msg_test__type_support.h
-- Up-to-date: /home/robot/app/robot_ws/install/complex_msgs/include/complex_msgs/complex_msgs/msg/detail/multi_string_test__functions.h
-- Up-to-date: /home/robot/app/robot_ws/install/complex_msgs/include/complex_msgs/complex_msgs/msg/detail/nested_msg_test__functions.h
-- Up-to-date: /home/robot/app/robot_ws/install/complex_msgs/include/complex_msgs/complex_msgs/msg/detail/nested_msg_test__functions.c
-- Up-to-date: /home/robot/app/robot_ws/install/complex_msgs/include/complex_msgs/complex_msgs/msg/rosidl_generator_c__visibility_control.h
-- Up-to-date: /home/robot/app/robot_ws/install/complex_msgs/share/complex_msgs/environment/library_path.sh
-- Installing: /home/robot/app/robot_ws/install/complex_msgs/share/complex_msgs/environment/library_path.dsv
-- Up-to-date: /home/robot/app/robot_ws/install/complex_msgs/lib/libcomplex_msgs__rosidl_generator_c.so
-- Up-to-date: /home/robot/app/robot_ws/install/complex_msgs/include/complex_msgs/complex_msgs
-- Up-to-date: /home/robot/app/robot_ws/install/complex_msgs/include/complex_msgs/complex_msgs/msg
-- Up-to-date: /home/robot/app/robot_ws/install/complex_msgs/include/complex_msgs/complex_msgs/msg/detail
-- Up-to-date: /home/robot/app/robot_ws/install/complex_msgs/include/complex_msgs/complex_msgs/msg/detail/multi_string_test__rosidl_typesupport_fastrtps_c.h
-- Up-to-date: /home/robot/app/robot_ws/install/complex_msgs/include/complex_msgs/complex_msgs/msg/detail/nested_msg_test__rosidl_typesupport_fastrtps_c.h
-- Up-to-date: /home/robot/app/robot_ws/install/complex_msgs/include/complex_msgs/complex_msgs/msg/rosidl_typesupport_fastrtps_c__visibility_control.h
-- Up-to-date: /home/robot/app/robot_ws/install/complex_msgs/lib/libcomplex_msgs__rosidl_typesupport_fastrtps_c.so
-- Up-to-date: /home/robot/app/robot_ws/install/complex_msgs/include/complex_msgs/complex_msgs
-- Up-to-date: /home/robot/app/robot_ws/install/complex_msgs/include/complex_msgs/complex_msgs/msg
-- Up-to-date: /home/robot/app/robot_ws/install/complex_msgs/include/complex_msgs/complex_msgs/msg/nested_msg_test.hpp
-- Up-to-date: /home/robot/app/robot_ws/install/complex_msgs/include/complex_msgs/complex_msgs/msg/multi_string_test.hpp
-- Up-to-date: /home/robot/app/robot_ws/install/complex_msgs/include/complex_msgs/complex_msgs/msg/detail
-- Up-to-date: /home/robot/app/robot_ws/install/complex_msgs/include/complex_msgs/complex_msgs/msg/detail/multi_string_test__traits.hpp
-- Up-to-date: /home/robot/app/robot_ws/install/complex_msgs/include/complex_msgs/complex_msgs/msg/detail/multi_string_test__struct.hpp
-- Up-to-date: /home/robot/app/robot_ws/install/complex_msgs/include/complex_msgs/complex_msgs/msg/detail/nested_msg_test__struct.hpp
-- Up-to-date: /home/robot/app/robot_ws/install/complex_msgs/include/complex_msgs/complex_msgs/msg/detail/nested_msg_test__builder.hpp
-- Up-to-date: /home/robot/app/robot_ws/install/complex_msgs/include/complex_msgs/complex_msgs/msg/detail/nested_msg_test__traits.hpp
-- Up-to-date: /home/robot/app/robot_ws/install/complex_msgs/include/complex_msgs/complex_msgs/msg/detail/multi_string_test__builder.hpp
-- Up-to-date: /home/robot/app/robot_ws/install/complex_msgs/include/complex_msgs/complex_msgs
-- Up-to-date: /home/robot/app/robot_ws/install/complex_msgs/include/complex_msgs/complex_msgs/msg
-- Up-to-date: /home/robot/app/robot_ws/install/complex_msgs/include/complex_msgs/complex_msgs/msg/rosidl_typesupport_fastrtps_cpp__visibility_control.h
-- Up-to-date: /home/robot/app/robot_ws/install/complex_msgs/include/complex_msgs/complex_msgs/msg/detail
-- Up-to-date: /home/robot/app/robot_ws/install/complex_msgs/include/complex_msgs/complex_msgs/msg/detail/dds_fastrtps
-- Up-to-date: /home/robot/app/robot_ws/install/complex_msgs/include/complex_msgs/complex_msgs/msg/detail/multi_string_test__rosidl_typesupport_fastrtps_cpp.hpp
-- Up-to-date: /home/robot/app/robot_ws/install/complex_msgs/include/complex_msgs/complex_msgs/msg/detail/nested_msg_test__rosidl_typesupport_fastrtps_cpp.hpp
-- Up-to-date: /home/robot/app/robot_ws/install/complex_msgs/lib/libcomplex_msgs__rosidl_typesupport_fastrtps_cpp.so
-- Up-to-date: /home/robot/app/robot_ws/install/complex_msgs/include/complex_msgs/complex_msgs
-- Up-to-date: /home/robot/app/robot_ws/install/complex_msgs/include/complex_msgs/complex_msgs/msg
-- Up-to-date: /home/robot/app/robot_ws/install/complex_msgs/include/complex_msgs/complex_msgs/msg/rosidl_typesupport_introspection_c__visibility_control.h
-- Up-to-date: /home/robot/app/robot_ws/install/complex_msgs/include/complex_msgs/complex_msgs/msg/detail
-- Up-to-date: /home/robot/app/robot_ws/install/complex_msgs/include/complex_msgs/complex_msgs/msg/detail/nested_msg_test__rosidl_typesupport_introspection_c.h
-- Up-to-date: /home/robot/app/robot_ws/install/complex_msgs/include/complex_msgs/complex_msgs/msg/detail/nested_msg_test__type_support.c
-- Up-to-date: /home/robot/app/robot_ws/install/complex_msgs/include/complex_msgs/complex_msgs/msg/detail/multi_string_test__rosidl_typesupport_introspection_c.h
-- Up-to-date: /home/robot/app/robot_ws/install/complex_msgs/include/complex_msgs/complex_msgs/msg/detail/multi_string_test__type_support.c
-- Up-to-date: /home/robot/app/robot_ws/install/complex_msgs/lib/libcomplex_msgs__rosidl_typesupport_introspection_c.so
-- Installing: /home/robot/app/robot_ws/install/complex_msgs/lib/libcomplex_msgs__rosidl_typesupport_c.so
-- Set runtime path of "/home/robot/app/robot_ws/install/complex_msgs/lib/libcomplex_msgs__rosidl_typesupport_c.so" to ""
-- Up-to-date: /home/robot/app/robot_ws/install/complex_msgs/include/complex_msgs/complex_msgs
-- Up-to-date: /home/robot/app/robot_ws/install/complex_msgs/include/complex_msgs/complex_msgs/msg
-- Up-to-date: /home/robot/app/robot_ws/install/complex_msgs/include/complex_msgs/complex_msgs/msg/detail
-- Up-to-date: /home/robot/app/robot_ws/install/complex_msgs/include/complex_msgs/complex_msgs/msg/detail/multi_string_test__type_support.cpp
-- Up-to-date: /home/robot/app/robot_ws/install/complex_msgs/include/complex_msgs/complex_msgs/msg/detail/nested_msg_test__rosidl_typesupport_introspection_cpp.hpp
-- Up-to-date: /home/robot/app/robot_ws/install/complex_msgs/include/complex_msgs/complex_msgs/msg/detail/multi_string_test__rosidl_typesupport_introspection_cpp.hpp
-- Up-to-date: /home/robot/app/robot_ws/install/complex_msgs/include/complex_msgs/complex_msgs/msg/detail/nested_msg_test__type_support.cpp
-- Up-to-date: /home/robot/app/robot_ws/install/complex_msgs/lib/libcomplex_msgs__rosidl_typesupport_introspection_cpp.so
-- Installing: /home/robot/app/robot_ws/install/complex_msgs/lib/libcomplex_msgs__rosidl_typesupport_cpp.so
-- Set runtime path of "/home/robot/app/robot_ws/install/complex_msgs/lib/libcomplex_msgs__rosidl_typesupport_cpp.so" to ""
-- Up-to-date: /home/robot/app/robot_ws/install/complex_msgs/share/complex_msgs/environment/pythonpath.sh
-- Installing: /home/robot/app/robot_ws/install/complex_msgs/share/complex_msgs/environment/pythonpath.dsv
-- Up-to-date: /home/robot/app/robot_ws/install/complex_msgs/local/lib/python3.10/dist-packages/complex_msgs-3.0.2-py3.10.egg-info
-- Installing: /home/robot/app/robot_ws/install/complex_msgs/local/lib/python3.10/dist-packages/complex_msgs-3.0.2-py3.10.egg-info/dependency_links.txt
-- Installing: /home/robot/app/robot_ws/install/complex_msgs/local/lib/python3.10/dist-packages/complex_msgs-3.0.2-py3.10.egg-info/PKG-INFO
-- Installing: /home/robot/app/robot_ws/install/complex_msgs/local/lib/python3.10/dist-packages/complex_msgs-3.0.2-py3.10.egg-info/SOURCES.txt
-- Installing: /home/robot/app/robot_ws/install/complex_msgs/local/lib/python3.10/dist-packages/complex_msgs-3.0.2-py3.10.egg-info/top_level.txt
-- Up-to-date: /home/robot/app/robot_ws/install/complex_msgs/local/lib/python3.10/dist-packages/complex_msgs
-- Installing: /home/robot/app/robot_ws/install/complex_msgs/local/lib/python3.10/dist-packages/complex_msgs/__init__.py
-- Up-to-date: /home/robot/app/robot_ws/install/complex_msgs/local/lib/python3.10/dist-packages/complex_msgs/complex_msgs_s__rosidl_typesupport_microxrcedds_c.cpython-310-x86_64-linux-gnu.so
-- Up-to-date: /home/robot/app/robot_ws/install/complex_msgs/local/lib/python3.10/dist-packages/complex_msgs/_complex_msgs_s.ep.rosidl_typesupport_introspection_c.c
-- Installing: /home/robot/app/robot_ws/install/complex_msgs/local/lib/python3.10/dist-packages/complex_msgs/complex_msgs_s__rosidl_typesupport_c.cpython-310-x86_64-linux-gnu.so
-- Up-to-date: /home/robot/app/robot_ws/install/complex_msgs/local/lib/python3.10/dist-packages/complex_msgs/_complex_msgs_s.ep.rosidl_typesupport_fastrtps_c.c
-- Up-to-date: /home/robot/app/robot_ws/install/complex_msgs/local/lib/python3.10/dist-packages/complex_msgs/_complex_msgs_s.ep.rosidl_typesupport_microxrcedds_c.c
-- Installing: /home/robot/app/robot_ws/install/complex_msgs/local/lib/python3.10/dist-packages/complex_msgs/libcomplex_msgs__rosidl_generator_py.so
-- Installing: /home/robot/app/robot_ws/install/complex_msgs/local/lib/python3.10/dist-packages/complex_msgs/complex_msgs_s__rosidl_typesupport_fastrtps_c.cpython-310-x86_64-linux-gnu.so
-- Up-to-date: /home/robot/app/robot_ws/install/complex_msgs/local/lib/python3.10/dist-packages/complex_msgs/_complex_msgs_s.ep.rosidl_typesupport_c.c
-- Installing: /home/robot/app/robot_ws/install/complex_msgs/local/lib/python3.10/dist-packages/complex_msgs/complex_msgs_s__rosidl_typesupport_introspection_c.cpython-310-x86_64-linux-gnu.so
-- Up-to-date: /home/robot/app/robot_ws/install/complex_msgs/local/lib/python3.10/dist-packages/complex_msgs/msg
-- Up-to-date: /home/robot/app/robot_ws/install/complex_msgs/local/lib/python3.10/dist-packages/complex_msgs/msg/__init__.py
-- Up-to-date: /home/robot/app/robot_ws/install/complex_msgs/local/lib/python3.10/dist-packages/complex_msgs/msg/_multi_string_test.py
-- Up-to-date: /home/robot/app/robot_ws/install/complex_msgs/local/lib/python3.10/dist-packages/complex_msgs/msg/_multi_string_test_s.c
-- Up-to-date: /home/robot/app/robot_ws/install/complex_msgs/local/lib/python3.10/dist-packages/complex_msgs/msg/_nested_msg_test.py
-- Up-to-date: /home/robot/app/robot_ws/install/complex_msgs/local/lib/python3.10/dist-packages/complex_msgs/msg/_nested_msg_test_s.c
Listing '/home/robot/app/robot_ws/install/complex_msgs/local/lib/python3.10/dist-packages/complex_msgs'...
Compiling '/home/robot/app/robot_ws/install/complex_msgs/local/lib/python3.10/dist-packages/complex_msgs/__init__.py'...
Listing '/home/robot/app/robot_ws/install/complex_msgs/local/lib/python3.10/dist-packages/complex_msgs/msg'...
-- Installing: /home/robot/app/robot_ws/install/complex_msgs/local/lib/python3.10/dist-packages/complex_msgs/complex_msgs_s__rosidl_typesupport_fastrtps_c.cpython-310-x86_64-linux-gnu.so
-- Set runtime path of "/home/robot/app/robot_ws/install/complex_msgs/local/lib/python3.10/dist-packages/complex_msgs/complex_msgs_s__rosidl_typesupport_fastrtps_c.cpython-310-x86_64-linux-gnu.so" to ""
-- Installing: /home/robot/app/robot_ws/install/complex_msgs/local/lib/python3.10/dist-packages/complex_msgs/complex_msgs_s__rosidl_typesupport_introspection_c.cpython-310-x86_64-linux-gnu.so
-- Set runtime path of "/home/robot/app/robot_ws/install/complex_msgs/local/lib/python3.10/dist-packages/complex_msgs/complex_msgs_s__rosidl_typesupport_introspection_c.cpython-310-x86_64-linux-gnu.so" to ""
-- Installing: /home/robot/app/robot_ws/install/complex_msgs/local/lib/python3.10/dist-packages/complex_msgs/complex_msgs_s__rosidl_typesupport_c.cpython-310-x86_64-linux-gnu.so
-- Set runtime path of "/home/robot/app/robot_ws/install/complex_msgs/local/lib/python3.10/dist-packages/complex_msgs/complex_msgs_s__rosidl_typesupport_c.cpython-310-x86_64-linux-gnu.so" to ""
-- Installing: /home/robot/app/robot_ws/install/complex_msgs/lib/libcomplex_msgs__rosidl_generator_py.so
-- Set runtime path of "/home/robot/app/robot_ws/install/complex_msgs/lib/libcomplex_msgs__rosidl_generator_py.so" to ""
-- Up-to-date: /home/robot/app/robot_ws/install/complex_msgs/share/complex_msgs/msg/MultiStringTest.idl
-- Up-to-date: /home/robot/app/robot_ws/install/complex_msgs/share/complex_msgs/msg/NestedMsgTest.idl
-- Up-to-date: /home/robot/app/robot_ws/install/complex_msgs/share/complex_msgs/msg/MultiStringTest.msg
-- Up-to-date: /home/robot/app/robot_ws/install/complex_msgs/share/complex_msgs/msg/NestedMsgTest.msg
-- Up-to-date: /home/robot/app/robot_ws/install/complex_msgs/share/ament_index/resource_index/package_run_dependencies/complex_msgs
-- Installing: /home/robot/app/robot_ws/install/complex_msgs/share/ament_index/resource_index/parent_prefix_path/complex_msgs
-- Up-to-date: /home/robot/app/robot_ws/install/complex_msgs/share/complex_msgs/environment/ament_prefix_path.sh
-- Installing: /home/robot/app/robot_ws/install/complex_msgs/share/complex_msgs/environment/ament_prefix_path.dsv
-- Up-to-date: /home/robot/app/robot_ws/install/complex_msgs/share/complex_msgs/environment/path.sh
-- Installing: /home/robot/app/robot_ws/install/complex_msgs/share/complex_msgs/environment/path.dsv
-- Up-to-date: /home/robot/app/robot_ws/install/complex_msgs/share/complex_msgs/local_setup.bash
-- Up-to-date: /home/robot/app/robot_ws/install/complex_msgs/share/complex_msgs/local_setup.sh
-- Up-to-date: /home/robot/app/robot_ws/install/complex_msgs/share/complex_msgs/local_setup.zsh
-- Installing: /home/robot/app/robot_ws/install/complex_msgs/share/complex_msgs/local_setup.dsv
-- Installing: /home/robot/app/robot_ws/install/complex_msgs/share/complex_msgs/package.dsv
-- Up-to-date: /home/robot/app/robot_ws/install/complex_msgs/share/ament_index/resource_index/packages/complex_msgs
-- Up-to-date: /home/robot/app/robot_ws/install/complex_msgs/share/complex_msgs/cmake/export_complex_msgs__rosidl_generator_cExport.cmake
-- Up-to-date: /home/robot/app/robot_ws/install/complex_msgs/share/complex_msgs/cmake/export_complex_msgs__rosidl_generator_cExport-noconfig.cmake
-- Up-to-date: /home/robot/app/robot_ws/install/complex_msgs/share/complex_msgs/cmake/export_complex_msgs__rosidl_typesupport_fastrtps_cExport.cmake
-- Up-to-date: /home/robot/app/robot_ws/install/complex_msgs/share/complex_msgs/cmake/export_complex_msgs__rosidl_typesupport_fastrtps_cExport-noconfig.cmake
-- Up-to-date: /home/robot/app/robot_ws/install/complex_msgs/share/complex_msgs/cmake/export_complex_msgs__rosidl_generator_cppExport.cmake
-- Up-to-date: /home/robot/app/robot_ws/install/complex_msgs/share/complex_msgs/cmake/export_complex_msgs__rosidl_typesupport_fastrtps_cppExport.cmake
-- Up-to-date: /home/robot/app/robot_ws/install/complex_msgs/share/complex_msgs/cmake/export_complex_msgs__rosidl_typesupport_fastrtps_cppExport-noconfig.cmake
-- Up-to-date: /home/robot/app/robot_ws/install/complex_msgs/share/complex_msgs/cmake/complex_msgs__rosidl_typesupport_introspection_cExport.cmake
-- Up-to-date: /home/robot/app/robot_ws/install/complex_msgs/share/complex_msgs/cmake/complex_msgs__rosidl_typesupport_introspection_cExport-noconfig.cmake
-- Up-to-date: /home/robot/app/robot_ws/install/complex_msgs/share/complex_msgs/cmake/complex_msgs__rosidl_typesupport_cExport.cmake
-- Up-to-date: /home/robot/app/robot_ws/install/complex_msgs/share/complex_msgs/cmake/complex_msgs__rosidl_typesupport_cExport-noconfig.cmake
-- Up-to-date: /home/robot/app/robot_ws/install/complex_msgs/share/complex_msgs/cmake/complex_msgs__rosidl_typesupport_introspection_cppExport.cmake
-- Up-to-date: /home/robot/app/robot_ws/install/complex_msgs/share/complex_msgs/cmake/complex_msgs__rosidl_typesupport_introspection_cppExport-noconfig.cmake
-- Up-to-date: /home/robot/app/robot_ws/install/complex_msgs/share/complex_msgs/cmake/complex_msgs__rosidl_typesupport_cppExport.cmake
-- Up-to-date: /home/robot/app/robot_ws/install/complex_msgs/share/complex_msgs/cmake/complex_msgs__rosidl_typesupport_cppExport-noconfig.cmake
-- Up-to-date: /home/robot/app/robot_ws/install/complex_msgs/share/complex_msgs/cmake/export_complex_msgs__rosidl_generator_pyExport.cmake
-- Up-to-date: /home/robot/app/robot_ws/install/complex_msgs/share/complex_msgs/cmake/export_complex_msgs__rosidl_generator_pyExport-noconfig.cmake
-- Up-to-date: /home/robot/app/robot_ws/install/complex_msgs/share/complex_msgs/cmake/rosidl_cmake-extras.cmake
-- Up-to-date: /home/robot/app/robot_ws/install/complex_msgs/share/complex_msgs/cmake/ament_cmake_export_dependencies-extras.cmake
-- Installing: /home/robot/app/robot_ws/install/complex_msgs/share/complex_msgs/cmake/ament_cmake_export_include_directories-extras.cmake
-- Up-to-date: /home/robot/app/robot_ws/install/complex_msgs/share/complex_msgs/cmake/ament_cmake_export_libraries-extras.cmake
-- Up-to-date: /home/robot/app/robot_ws/install/complex_msgs/share/complex_msgs/cmake/ament_cmake_export_targets-extras.cmake
-- Up-to-date: /home/robot/app/robot_ws/install/complex_msgs/share/complex_msgs/cmake/rosidl_cmake_export_typesupport_targets-extras.cmake
-- Installing: /home/robot/app/robot_ws/install/complex_msgs/share/complex_msgs/cmake/rosidl_cmake_export_typesupport_libraries-extras.cmake
-- Up-to-date: /home/robot/app/robot_ws/install/complex_msgs/share/complex_msgs/cmake/complex_msgsConfig.cmake
-- Up-to-date: /home/robot/app/robot_ws/install/complex_msgs/share/complex_msgs/cmake/complex_msgsConfig-version.cmake
-- Up-to-date: /home/robot/app/robot_ws/install/complex_msgs/share/complex_msgs/package.xml
