[0.026s] Invoking command in '/home/robot/app/robot_ws/build/composition_interfaces': AMENT_PREFIX_PATH=/home/robot/app/robot_ws/install/rcl_interfaces:/home/robot/app/robot_ws/install/builtin_interfaces:${AMENT_PREFIX_PATH} CMAKE_PREFIX_PATH=/home/robot/app/robot_ws/install/rcl_interfaces:/home/robot/app/robot_ws/install/builtin_interfaces:/home/robot/app/robot_ws/install/rosidl_typesupport_microxrcedds_cpp:/home/robot/app/robot_ws/install/rosidl_typesupport_microxrcedds_c:/home/robot/app/robot_ws/install/microcdr:/home/robot/app/robot_ws/install/micro_ros_setup:/home/robot/app/robot_ws/install/my_custom_message:/opt/ros/humble LD_LIBRARY_PATH=/home/robot/app/robot_ws/install/rcl_interfaces/lib:/home/robot/app/robot_ws/install/builtin_interfaces/lib:${LD_LIBRARY_PATH} PYTHONPATH=/home/robot/app/robot_ws/install/rcl_interfaces/local/lib/python3.10/dist-packages:/home/robot/app/robot_ws/install/builtin_interfaces/local/lib/python3.10/dist-packages:${PYTHONPATH} /usr/bin/cmake /home/robot/app/robot_ws/src/ros2/rcl_interfaces/composition_interfaces -DBUILD_TESTING=OFF -DBUILD_SHARED_LIBS=ON -DCMAKE_INSTALL_PREFIX=/home/robot/app/robot_ws/install/composition_interfaces
[0.152s] -- The C compiler identification is GNU 11.4.0
[0.270s] -- The CXX compiler identification is GNU 11.4.0
[0.284s] -- Detecting C compiler ABI info
[0.404s] -- Detecting C compiler ABI info - done
[0.419s] -- Check for working C compiler: /usr/bin/cc - skipped
[0.419s] -- Detecting C compile features
[0.420s] -- Detecting C compile features - done
[0.425s] -- Detecting CXX compiler ABI info
[0.585s] -- Detecting CXX compiler ABI info - done
[0.614s] -- Check for working CXX compiler: /usr/bin/c++ - skipped
[0.615s] -- Detecting CXX compile features
[0.616s] -- Detecting CXX compile features - done
[0.627s] -- Found ament_cmake: 1.3.10 (/opt/ros/humble/share/ament_cmake/cmake)
[0.958s] -- Found Python3: /usr/bin/python3 (found version "3.10.12") found components: Interpreter 
[1.193s] -- Found rosidl_default_generators: 1.2.0 (/opt/ros/humble/share/rosidl_default_generators/cmake)
[1.203s] -- Using all available rosidl_typesupport_c: rosidl_typesupport_microxrcedds_c;rosidl_typesupport_fastrtps_c;rosidl_typesupport_introspection_c
[1.223s] -- Found rosidl_adapter: 3.1.5 (/opt/ros/humble/share/rosidl_adapter/cmake)
[1.344s] -- Using all available rosidl_typesupport_cpp: rosidl_typesupport_microxrcedds_cpp;rosidl_typesupport_fastrtps_cpp;rosidl_typesupport_introspection_cpp
[1.431s] -- Found rcl_interfaces: 1.2.1 (/home/robot/app/robot_ws/install/rcl_interfaces/share/rcl_interfaces/cmake)
[2.244s] -- Found ament_cmake_ros: 0.10.0 (/opt/ros/humble/share/ament_cmake_ros/cmake)
[3.108s] -- Using all available rosidl_typesupport_c: rosidl_typesupport_microxrcedds_c;rosidl_typesupport_fastrtps_c;rosidl_typesupport_introspection_c
[4.139s] -- Using all available rosidl_typesupport_cpp: rosidl_typesupport_microxrcedds_cpp;rosidl_typesupport_fastrtps_cpp;rosidl_typesupport_introspection_cpp
[4.195s] -- Found PythonInterp: /usr/bin/python3 (found suitable version "3.10.12", minimum required is "3.6") 
[4.203s] -- Found python_cmake_module: 0.10.0 (/opt/ros/humble/share/python_cmake_module/cmake)
[4.285s] -- Found PythonLibs: /usr/lib/x86_64-linux-gnu/libpython3.10.so (found suitable version "3.10.12", minimum required is "3.5") 
[4.285s] -- Using PYTHON_EXECUTABLE: /usr/bin/python3
[4.286s] -- Using PYTHON_INCLUDE_DIRS: /usr/include/python3.10
[4.286s] -- Using PYTHON_LIBRARIES: /usr/lib/x86_64-linux-gnu/libpython3.10.so
[4.333s] -- Found PythonExtra: .so  
[4.520s] -- Configuring done
[4.671s] -- Generating done
[4.679s] -- Build files have been written to: /home/robot/app/robot_ws/build/composition_interfaces
[4.692s] Invoked command in '/home/robot/app/robot_ws/build/composition_interfaces' returned '0': AMENT_PREFIX_PATH=/home/robot/app/robot_ws/install/rcl_interfaces:/home/robot/app/robot_ws/install/builtin_interfaces:${AMENT_PREFIX_PATH} CMAKE_PREFIX_PATH=/home/robot/app/robot_ws/install/rcl_interfaces:/home/robot/app/robot_ws/install/builtin_interfaces:/home/robot/app/robot_ws/install/rosidl_typesupport_microxrcedds_cpp:/home/robot/app/robot_ws/install/rosidl_typesupport_microxrcedds_c:/home/robot/app/robot_ws/install/microcdr:/home/robot/app/robot_ws/install/micro_ros_setup:/home/robot/app/robot_ws/install/my_custom_message:/opt/ros/humble LD_LIBRARY_PATH=/home/robot/app/robot_ws/install/rcl_interfaces/lib:/home/robot/app/robot_ws/install/builtin_interfaces/lib:${LD_LIBRARY_PATH} PYTHONPATH=/home/robot/app/robot_ws/install/rcl_interfaces/local/lib/python3.10/dist-packages:/home/robot/app/robot_ws/install/builtin_interfaces/local/lib/python3.10/dist-packages:${PYTHONPATH} /usr/bin/cmake /home/robot/app/robot_ws/src/ros2/rcl_interfaces/composition_interfaces -DBUILD_TESTING=OFF -DBUILD_SHARED_LIBS=ON -DCMAKE_INSTALL_PREFIX=/home/robot/app/robot_ws/install/composition_interfaces
[4.695s] Invoking command in '/home/robot/app/robot_ws/build/composition_interfaces': AMENT_PREFIX_PATH=/home/robot/app/robot_ws/install/rcl_interfaces:/home/robot/app/robot_ws/install/builtin_interfaces:${AMENT_PREFIX_PATH} CMAKE_PREFIX_PATH=/home/robot/app/robot_ws/install/rcl_interfaces:/home/robot/app/robot_ws/install/builtin_interfaces:/home/robot/app/robot_ws/install/rosidl_typesupport_microxrcedds_cpp:/home/robot/app/robot_ws/install/rosidl_typesupport_microxrcedds_c:/home/robot/app/robot_ws/install/microcdr:/home/robot/app/robot_ws/install/micro_ros_setup:/home/robot/app/robot_ws/install/my_custom_message:/opt/ros/humble LD_LIBRARY_PATH=/home/robot/app/robot_ws/install/rcl_interfaces/lib:/home/robot/app/robot_ws/install/builtin_interfaces/lib:${LD_LIBRARY_PATH} PYTHONPATH=/home/robot/app/robot_ws/install/rcl_interfaces/local/lib/python3.10/dist-packages:/home/robot/app/robot_ws/install/builtin_interfaces/local/lib/python3.10/dist-packages:${PYTHONPATH} /usr/bin/cmake --build /home/robot/app/robot_ws/build/composition_interfaces -- -j8 -l8
[4.804s] [  1%] [34m[1mGenerating C code for ROS interfaces[0m
[4.832s] [  3%] [34m[1mGenerating C++ code for ROS interfaces[0m
[6.894s] [  5%] [32mBuilding C object CMakeFiles/composition_interfaces__rosidl_generator_c.dir/rosidl_generator_c/composition_interfaces/srv/detail/load_node__functions.c.o[0m
[7.020s] [  5%] Built target composition_interfaces__cpp
[7.076s] [  6%] [32mBuilding C object CMakeFiles/composition_interfaces__rosidl_generator_c.dir/rosidl_generator_c/composition_interfaces/srv/detail/unload_node__functions.c.o[0m
[7.209s] [  8%] [32mBuilding C object CMakeFiles/composition_interfaces__rosidl_generator_c.dir/rosidl_generator_c/composition_interfaces/srv/detail/list_nodes__functions.c.o[0m
[7.375s] [ 10%] [32m[1mLinking C shared library libcomposition_interfaces__rosidl_generator_c.so[0m
[7.456s] [ 10%] Built target composition_interfaces__rosidl_generator_c
[7.475s] [ 11%] [34m[1mGenerating C++ type support dispatch for ROS interfaces[0m
[8.442s] [ 13%] [32mBuilding CXX object CMakeFiles/composition_interfaces__rosidl_typesupport_cpp.dir/rosidl_typesupport_cpp/composition_interfaces/srv/load_node__type_support.cpp.o[0m
[8.972s] [ 15%] [32mBuilding CXX object CMakeFiles/composition_interfaces__rosidl_typesupport_cpp.dir/rosidl_typesupport_cpp/composition_interfaces/srv/list_nodes__type_support.cpp.o[0m
[9.484s] [ 16%] [32mBuilding CXX object CMakeFiles/composition_interfaces__rosidl_typesupport_cpp.dir/rosidl_typesupport_cpp/composition_interfaces/srv/unload_node__type_support.cpp.o[0m
[10.159s] [ 18%] [32m[1mLinking CXX shared library libcomposition_interfaces__rosidl_typesupport_cpp.so[0m
[10.248s] [ 18%] Built target composition_interfaces__rosidl_typesupport_cpp
[10.266s] [ 20%] [34m[1mGenerating C type support dispatch for ROS interfaces[0m
[11.328s] [ 22%] [32mBuilding CXX object CMakeFiles/composition_interfaces__rosidl_typesupport_c.dir/rosidl_typesupport_c/composition_interfaces/srv/load_node__type_support.cpp.o[0m
[11.385s] [ 23%] [32mBuilding CXX object CMakeFiles/composition_interfaces__rosidl_typesupport_c.dir/rosidl_typesupport_c/composition_interfaces/srv/list_nodes__type_support.cpp.o[0m
[11.446s] [ 25%] [32mBuilding CXX object CMakeFiles/composition_interfaces__rosidl_typesupport_c.dir/rosidl_typesupport_c/composition_interfaces/srv/unload_node__type_support.cpp.o[0m
[11.523s] [ 27%] [32m[1mLinking CXX shared library libcomposition_interfaces__rosidl_typesupport_c.so[0m
[11.601s] [ 27%] Built target composition_interfaces__rosidl_typesupport_c
[11.625s] [ 28%] [34m[1mGenerating C introspection for ROS interfaces[0m
[11.625s] [ 30%] [34m[1mGenerating C type support for eProsima Micro XRCE-DDS[0m
[13.452s] [ 32%] [32mBuilding C object CMakeFiles/composition_interfaces__rosidl_typesupport_introspection_c.dir/rosidl_typesupport_introspection_c/composition_interfaces/srv/detail/load_node__type_support.c.o[0m
[13.464s] [ 33%] [32mBuilding C object CMakeFiles/composition_interfaces__rosidl_typesupport_introspection_c.dir/rosidl_typesupport_introspection_c/composition_interfaces/srv/detail/list_nodes__type_support.c.o[0m
[13.501s] [ 35%] [32mBuilding C object CMakeFiles/composition_interfaces__rosidl_typesupport_microxrcedds_c.dir/rosidl_typesupport_microxrcedds_c/composition_interfaces/srv/detail/microxrcedds/load_node__type_support_c.c.o[0m
[13.600s] [ 37%] [32mBuilding C object CMakeFiles/composition_interfaces__rosidl_typesupport_microxrcedds_c.dir/rosidl_typesupport_microxrcedds_c/composition_interfaces/srv/detail/microxrcedds/list_nodes__type_support_c.c.o[0m
[13.604s] [ 38%] [32mBuilding C object CMakeFiles/composition_interfaces__rosidl_typesupport_introspection_c.dir/rosidl_typesupport_introspection_c/composition_interfaces/srv/detail/unload_node__type_support.c.o[0m
[13.695s] [ 40%] [32mBuilding C object CMakeFiles/composition_interfaces__rosidl_typesupport_microxrcedds_c.dir/rosidl_typesupport_microxrcedds_c/composition_interfaces/srv/detail/microxrcedds/unload_node__type_support_c.c.o[0m
[13.730s] [ 42%] [32m[1mLinking C shared library libcomposition_interfaces__rosidl_typesupport_introspection_c.so[0m
[13.820s] [ 42%] Built target composition_interfaces__rosidl_typesupport_introspection_c
[13.842s] [ 44%] [32m[1mLinking C shared library libcomposition_interfaces__rosidl_typesupport_microxrcedds_c.so[0m
[13.847s] [ 45%] [34m[1mGenerating C type support for eProsima Fast-RTPS[0m
[13.972s] [ 45%] Built target composition_interfaces__rosidl_typesupport_microxrcedds_c
[13.999s] [ 47%] [34m[1mGenerating C++ introspection for ROS interfaces[0m
[16.107s] [ 49%] [32mBuilding CXX object CMakeFiles/composition_interfaces__rosidl_typesupport_introspection_cpp.dir/rosidl_typesupport_introspection_cpp/composition_interfaces/srv/detail/list_nodes__type_support.cpp.o[0m
[16.108s] [ 50%] [32mBuilding CXX object CMakeFiles/composition_interfaces__rosidl_typesupport_introspection_cpp.dir/rosidl_typesupport_introspection_cpp/composition_interfaces/srv/detail/load_node__type_support.cpp.o[0m
[16.174s] [ 52%] [32mBuilding CXX object CMakeFiles/composition_interfaces__rosidl_typesupport_fastrtps_c.dir/rosidl_typesupport_fastrtps_c/composition_interfaces/srv/detail/load_node__type_support_c.cpp.o[0m
[16.183s] [ 54%] [32mBuilding CXX object CMakeFiles/composition_interfaces__rosidl_typesupport_fastrtps_c.dir/rosidl_typesupport_fastrtps_c/composition_interfaces/srv/detail/list_nodes__type_support_c.cpp.o[0m
[17.785s] [ 55%] [32mBuilding CXX object CMakeFiles/composition_interfaces__rosidl_typesupport_fastrtps_c.dir/rosidl_typesupport_fastrtps_c/composition_interfaces/srv/detail/unload_node__type_support_c.cpp.o[0m
[18.184s] [ 57%] [32mBuilding CXX object CMakeFiles/composition_interfaces__rosidl_typesupport_introspection_cpp.dir/rosidl_typesupport_introspection_cpp/composition_interfaces/srv/detail/unload_node__type_support.cpp.o[0m
[18.604s] [ 59%] [32m[1mLinking CXX shared library libcomposition_interfaces__rosidl_typesupport_fastrtps_c.so[0m
[18.749s] [ 59%] Built target composition_interfaces__rosidl_typesupport_fastrtps_c
[18.972s] [ 61%] [32m[1mLinking CXX shared library libcomposition_interfaces__rosidl_typesupport_introspection_cpp.so[0m
[19.134s] [ 61%] Built target composition_interfaces__rosidl_typesupport_introspection_cpp
[19.154s] [ 62%] [34m[1mGenerating C++ type support for eProsima Fast-RTPS[0m
[20.393s] [ 64%] [32mBuilding CXX object CMakeFiles/composition_interfaces__rosidl_typesupport_fastrtps_cpp.dir/rosidl_typesupport_fastrtps_cpp/composition_interfaces/srv/detail/dds_fastrtps/load_node__type_support.cpp.o[0m
[21.479s] [ 66%] [32mBuilding CXX object CMakeFiles/composition_interfaces__rosidl_typesupport_fastrtps_cpp.dir/rosidl_typesupport_fastrtps_cpp/composition_interfaces/srv/detail/dds_fastrtps/unload_node__type_support.cpp.o[0m
[22.259s] [ 67%] [32mBuilding CXX object CMakeFiles/composition_interfaces__rosidl_typesupport_fastrtps_cpp.dir/rosidl_typesupport_fastrtps_cpp/composition_interfaces/srv/detail/dds_fastrtps/list_nodes__type_support.cpp.o[0m
[23.227s] [ 69%] [32m[1mLinking CXX shared library libcomposition_interfaces__rosidl_typesupport_fastrtps_cpp.so[0m
[23.388s] [ 69%] Built target composition_interfaces__rosidl_typesupport_fastrtps_cpp
[23.406s] [ 71%] [34m[1mGenerating C++ type support for eProsima Micro XRCE-DDS[0m
[24.632s] [ 72%] [32mBuilding CXX object CMakeFiles/composition_interfaces__rosidl_typesupport_microxrcedds_cpp.dir/rosidl_typesupport_microxrcedds_cpp/composition_interfaces/srv/detail/microxrcedds/load_node__type_support_cpp.cpp.o[0m
[25.612s] [ 74%] [32mBuilding CXX object CMakeFiles/composition_interfaces__rosidl_typesupport_microxrcedds_cpp.dir/rosidl_typesupport_microxrcedds_cpp/composition_interfaces/srv/detail/microxrcedds/unload_node__type_support_cpp.cpp.o[0m
[26.337s] [ 76%] [32mBuilding CXX object CMakeFiles/composition_interfaces__rosidl_typesupport_microxrcedds_cpp.dir/rosidl_typesupport_microxrcedds_cpp/composition_interfaces/srv/detail/microxrcedds/list_nodes__type_support_cpp.cpp.o[0m
[27.151s] [ 77%] [32m[1mLinking CXX shared library libcomposition_interfaces__rosidl_typesupport_microxrcedds_cpp.so[0m
[27.323s] [ 77%] Built target composition_interfaces__rosidl_typesupport_microxrcedds_cpp
[27.379s] [ 77%] Built target composition_interfaces
[27.385s] [ 77%] Built target ament_cmake_python_copy_composition_interfaces
[27.433s] [ 79%] [34m[1mGenerating Python code for ROS interfaces[0m
[28.055s] running egg_info
[28.056s] creating composition_interfaces.egg-info
[28.056s] writing composition_interfaces.egg-info/PKG-INFO
[28.056s] writing dependency_links to composition_interfaces.egg-info/dependency_links.txt
[28.057s] writing top-level names to composition_interfaces.egg-info/top_level.txt
[28.057s] writing manifest file 'composition_interfaces.egg-info/SOURCES.txt'
[28.061s] reading manifest file 'composition_interfaces.egg-info/SOURCES.txt'
[28.062s] writing manifest file 'composition_interfaces.egg-info/SOURCES.txt'
[28.116s] [ 79%] Built target ament_cmake_python_build_composition_interfaces_egg
[30.407s] [ 79%] Built target composition_interfaces__py
[30.462s] [ 83%] [32mBuilding C object CMakeFiles/composition_interfaces__rosidl_generator_py.dir/rosidl_generator_py/composition_interfaces/srv/_list_nodes_s.c.o[0m
[30.462s] [ 83%] [32mBuilding C object CMakeFiles/composition_interfaces__rosidl_generator_py.dir/rosidl_generator_py/composition_interfaces/srv/_load_node_s.c.o[0m
[30.758s] [ 84%] [32mBuilding C object CMakeFiles/composition_interfaces__rosidl_generator_py.dir/rosidl_generator_py/composition_interfaces/srv/_unload_node_s.c.o[0m
[31.077s] [ 86%] [32m[1mLinking C shared library rosidl_generator_py/composition_interfaces/libcomposition_interfaces__rosidl_generator_py.so[0m
[31.185s] [ 86%] Built target composition_interfaces__rosidl_generator_py
[31.230s] [ 88%] [32mBuilding C object CMakeFiles/composition_interfaces__rosidl_typesupport_microxrcedds_c__pyext.dir/rosidl_generator_py/composition_interfaces/_composition_interfaces_s.ep.rosidl_typesupport_microxrcedds_c.c.o[0m
[31.235s] [ 89%] [32mBuilding C object CMakeFiles/composition_interfaces__rosidl_typesupport_fastrtps_c__pyext.dir/rosidl_generator_py/composition_interfaces/_composition_interfaces_s.ep.rosidl_typesupport_fastrtps_c.c.o[0m
[31.480s] [ 91%] [32m[1mLinking C shared library rosidl_generator_py/composition_interfaces/composition_interfaces_s__rosidl_typesupport_microxrcedds_c.cpython-310-x86_64-linux-gnu.so[0m
[31.485s] [ 93%] [32m[1mLinking C shared library rosidl_generator_py/composition_interfaces/composition_interfaces_s__rosidl_typesupport_fastrtps_c.cpython-310-x86_64-linux-gnu.so[0m
[31.562s] [ 93%] Built target composition_interfaces__rosidl_typesupport_microxrcedds_c__pyext
[31.590s] [ 93%] Built target composition_interfaces__rosidl_typesupport_fastrtps_c__pyext
[31.608s] [ 94%] [32mBuilding C object CMakeFiles/composition_interfaces__rosidl_typesupport_c__pyext.dir/rosidl_generator_py/composition_interfaces/_composition_interfaces_s.ep.rosidl_typesupport_c.c.o[0m
[31.610s] [ 96%] [32mBuilding C object CMakeFiles/composition_interfaces__rosidl_typesupport_introspection_c__pyext.dir/rosidl_generator_py/composition_interfaces/_composition_interfaces_s.ep.rosidl_typesupport_introspection_c.c.o[0m
[31.867s] [ 98%] [32m[1mLinking C shared library rosidl_generator_py/composition_interfaces/composition_interfaces_s__rosidl_typesupport_introspection_c.cpython-310-x86_64-linux-gnu.so[0m
[31.929s] [100%] [32m[1mLinking C shared library rosidl_generator_py/composition_interfaces/composition_interfaces_s__rosidl_typesupport_c.cpython-310-x86_64-linux-gnu.so[0m
[31.948s] [100%] Built target composition_interfaces__rosidl_typesupport_introspection_c__pyext
[32.011s] [100%] Built target composition_interfaces__rosidl_typesupport_c__pyext
[32.033s] Invoked command in '/home/robot/app/robot_ws/build/composition_interfaces' returned '0': AMENT_PREFIX_PATH=/home/robot/app/robot_ws/install/rcl_interfaces:/home/robot/app/robot_ws/install/builtin_interfaces:${AMENT_PREFIX_PATH} CMAKE_PREFIX_PATH=/home/robot/app/robot_ws/install/rcl_interfaces:/home/robot/app/robot_ws/install/builtin_interfaces:/home/robot/app/robot_ws/install/rosidl_typesupport_microxrcedds_cpp:/home/robot/app/robot_ws/install/rosidl_typesupport_microxrcedds_c:/home/robot/app/robot_ws/install/microcdr:/home/robot/app/robot_ws/install/micro_ros_setup:/home/robot/app/robot_ws/install/my_custom_message:/opt/ros/humble LD_LIBRARY_PATH=/home/robot/app/robot_ws/install/rcl_interfaces/lib:/home/robot/app/robot_ws/install/builtin_interfaces/lib:${LD_LIBRARY_PATH} PYTHONPATH=/home/robot/app/robot_ws/install/rcl_interfaces/local/lib/python3.10/dist-packages:/home/robot/app/robot_ws/install/builtin_interfaces/local/lib/python3.10/dist-packages:${PYTHONPATH} /usr/bin/cmake --build /home/robot/app/robot_ws/build/composition_interfaces -- -j8 -l8
[32.238s] Invoking command in '/home/robot/app/robot_ws/build/composition_interfaces': AMENT_PREFIX_PATH=/home/robot/app/robot_ws/install/rcl_interfaces:/home/robot/app/robot_ws/install/builtin_interfaces:${AMENT_PREFIX_PATH} CMAKE_PREFIX_PATH=/home/robot/app/robot_ws/install/rcl_interfaces:/home/robot/app/robot_ws/install/builtin_interfaces:/home/robot/app/robot_ws/install/rosidl_typesupport_microxrcedds_cpp:/home/robot/app/robot_ws/install/rosidl_typesupport_microxrcedds_c:/home/robot/app/robot_ws/install/microcdr:/home/robot/app/robot_ws/install/micro_ros_setup:/home/robot/app/robot_ws/install/my_custom_message:/opt/ros/humble LD_LIBRARY_PATH=/home/robot/app/robot_ws/install/rcl_interfaces/lib:/home/robot/app/robot_ws/install/builtin_interfaces/lib:${LD_LIBRARY_PATH} PYTHONPATH=/home/robot/app/robot_ws/install/rcl_interfaces/local/lib/python3.10/dist-packages:/home/robot/app/robot_ws/install/builtin_interfaces/local/lib/python3.10/dist-packages:${PYTHONPATH} /usr/bin/cmake --install /home/robot/app/robot_ws/build/composition_interfaces
[32.251s] -- Install configuration: ""
[32.252s] -- Installing: /home/robot/app/robot_ws/install/composition_interfaces/share/ament_index/resource_index/rosidl_interfaces/composition_interfaces
[32.252s] -- Installing: /home/robot/app/robot_ws/install/composition_interfaces/include/composition_interfaces/composition_interfaces
[32.252s] -- Installing: /home/robot/app/robot_ws/install/composition_interfaces/include/composition_interfaces/composition_interfaces/srv
[32.253s] -- Installing: /home/robot/app/robot_ws/install/composition_interfaces/include/composition_interfaces/composition_interfaces/srv/unload_node.h
[32.253s] -- Installing: /home/robot/app/robot_ws/install/composition_interfaces/include/composition_interfaces/composition_interfaces/srv/load_node.h
[32.253s] -- Installing: /home/robot/app/robot_ws/install/composition_interfaces/include/composition_interfaces/composition_interfaces/srv/detail
[32.253s] -- Installing: /home/robot/app/robot_ws/install/composition_interfaces/include/composition_interfaces/composition_interfaces/srv/detail/unload_node__type_support.h
[32.254s] -- Installing: /home/robot/app/robot_ws/install/composition_interfaces/include/composition_interfaces/composition_interfaces/srv/detail/load_node__functions.h
[32.254s] -- Installing: /home/robot/app/robot_ws/install/composition_interfaces/include/composition_interfaces/composition_interfaces/srv/detail/list_nodes__type_support.h
[32.254s] -- Installing: /home/robot/app/robot_ws/install/composition_interfaces/include/composition_interfaces/composition_interfaces/srv/detail/unload_node__functions.h
[32.254s] -- Installing: /home/robot/app/robot_ws/install/composition_interfaces/include/composition_interfaces/composition_interfaces/srv/detail/load_node__struct.h
[32.255s] -- Installing: /home/robot/app/robot_ws/install/composition_interfaces/include/composition_interfaces/composition_interfaces/srv/detail/load_node__functions.c
[32.255s] -- Installing: /home/robot/app/robot_ws/install/composition_interfaces/include/composition_interfaces/composition_interfaces/srv/detail/list_nodes__functions.h
[32.255s] -- Installing: /home/robot/app/robot_ws/install/composition_interfaces/include/composition_interfaces/composition_interfaces/srv/detail/load_node__type_support.h
[32.256s] -- Installing: /home/robot/app/robot_ws/install/composition_interfaces/include/composition_interfaces/composition_interfaces/srv/detail/list_nodes__functions.c
[32.256s] -- Installing: /home/robot/app/robot_ws/install/composition_interfaces/include/composition_interfaces/composition_interfaces/srv/detail/unload_node__functions.c
[32.256s] -- Installing: /home/robot/app/robot_ws/install/composition_interfaces/include/composition_interfaces/composition_interfaces/srv/detail/list_nodes__struct.h
[32.256s] -- Installing: /home/robot/app/robot_ws/install/composition_interfaces/include/composition_interfaces/composition_interfaces/srv/detail/unload_node__struct.h
[32.257s] -- Installing: /home/robot/app/robot_ws/install/composition_interfaces/include/composition_interfaces/composition_interfaces/srv/list_nodes.h
[32.257s] -- Installing: /home/robot/app/robot_ws/install/composition_interfaces/include/composition_interfaces/composition_interfaces/msg
[32.257s] -- Installing: /home/robot/app/robot_ws/install/composition_interfaces/include/composition_interfaces/composition_interfaces/msg/rosidl_generator_c__visibility_control.h
[32.257s] -- Installing: /home/robot/app/robot_ws/install/composition_interfaces/share/composition_interfaces/environment/library_path.sh
[32.258s] -- Installing: /home/robot/app/robot_ws/install/composition_interfaces/share/composition_interfaces/environment/library_path.dsv
[32.258s] -- Installing: /home/robot/app/robot_ws/install/composition_interfaces/lib/libcomposition_interfaces__rosidl_generator_c.so
[32.258s] -- Set runtime path of "/home/robot/app/robot_ws/install/composition_interfaces/lib/libcomposition_interfaces__rosidl_generator_c.so" to ""
[32.259s] -- Up-to-date: /home/robot/app/robot_ws/install/composition_interfaces/include/composition_interfaces
[32.259s] -- Installing: /home/robot/app/robot_ws/install/composition_interfaces/include/composition_interfaces/srv
[32.259s] -- Installing: /home/robot/app/robot_ws/install/composition_interfaces/include/composition_interfaces/srv/detail
[32.259s] -- Installing: /home/robot/app/robot_ws/install/composition_interfaces/include/composition_interfaces/srv/detail/list_nodes__rosidl_typesupport_microxrcedds_c.h
[32.259s] -- Installing: /home/robot/app/robot_ws/install/composition_interfaces/include/composition_interfaces/srv/detail/microxrcedds
[32.260s] -- Installing: /home/robot/app/robot_ws/install/composition_interfaces/include/composition_interfaces/srv/detail/load_node__rosidl_typesupport_microxrcedds_c.h
[32.260s] -- Installing: /home/robot/app/robot_ws/install/composition_interfaces/include/composition_interfaces/srv/detail/unload_node__rosidl_typesupport_microxrcedds_c.h
[32.260s] -- Installing: /home/robot/app/robot_ws/install/composition_interfaces/include/composition_interfaces/msg
[32.261s] -- Installing: /home/robot/app/robot_ws/install/composition_interfaces/include/composition_interfaces/msg/rosidl_typesupport_microxrcedds_c__visibility_control.h
[32.261s] -- Installing: /home/robot/app/robot_ws/install/composition_interfaces/lib/libcomposition_interfaces__rosidl_typesupport_microxrcedds_c.so
[32.261s] -- Set runtime path of "/home/robot/app/robot_ws/install/composition_interfaces/lib/libcomposition_interfaces__rosidl_typesupport_microxrcedds_c.so" to ""
[32.262s] -- Up-to-date: /home/robot/app/robot_ws/install/composition_interfaces/include/composition_interfaces/composition_interfaces
[32.262s] -- Up-to-date: /home/robot/app/robot_ws/install/composition_interfaces/include/composition_interfaces/composition_interfaces/srv
[32.262s] -- Up-to-date: /home/robot/app/robot_ws/install/composition_interfaces/include/composition_interfaces/composition_interfaces/srv/detail
[32.262s] -- Installing: /home/robot/app/robot_ws/install/composition_interfaces/include/composition_interfaces/composition_interfaces/srv/detail/list_nodes__rosidl_typesupport_fastrtps_c.h
[32.263s] -- Installing: /home/robot/app/robot_ws/install/composition_interfaces/include/composition_interfaces/composition_interfaces/srv/detail/unload_node__rosidl_typesupport_fastrtps_c.h
[32.263s] -- Installing: /home/robot/app/robot_ws/install/composition_interfaces/include/composition_interfaces/composition_interfaces/srv/detail/load_node__rosidl_typesupport_fastrtps_c.h
[32.263s] -- Up-to-date: /home/robot/app/robot_ws/install/composition_interfaces/include/composition_interfaces/composition_interfaces/msg
[32.264s] -- Installing: /home/robot/app/robot_ws/install/composition_interfaces/include/composition_interfaces/composition_interfaces/msg/rosidl_typesupport_fastrtps_c__visibility_control.h
[32.264s] -- Installing: /home/robot/app/robot_ws/install/composition_interfaces/lib/libcomposition_interfaces__rosidl_typesupport_fastrtps_c.so
[32.264s] -- Set runtime path of "/home/robot/app/robot_ws/install/composition_interfaces/lib/libcomposition_interfaces__rosidl_typesupport_fastrtps_c.so" to ""
[32.264s] -- Up-to-date: /home/robot/app/robot_ws/install/composition_interfaces/include/composition_interfaces/composition_interfaces
[32.265s] -- Up-to-date: /home/robot/app/robot_ws/install/composition_interfaces/include/composition_interfaces/composition_interfaces/srv
[32.265s] -- Up-to-date: /home/robot/app/robot_ws/install/composition_interfaces/include/composition_interfaces/composition_interfaces/srv/detail
[32.265s] -- Installing: /home/robot/app/robot_ws/install/composition_interfaces/include/composition_interfaces/composition_interfaces/srv/detail/list_nodes__type_support.c
[32.265s] -- Installing: /home/robot/app/robot_ws/install/composition_interfaces/include/composition_interfaces/composition_interfaces/srv/detail/load_node__rosidl_typesupport_introspection_c.h
[32.266s] -- Installing: /home/robot/app/robot_ws/install/composition_interfaces/include/composition_interfaces/composition_interfaces/srv/detail/unload_node__type_support.c
[32.266s] -- Installing: /home/robot/app/robot_ws/install/composition_interfaces/include/composition_interfaces/composition_interfaces/srv/detail/list_nodes__rosidl_typesupport_introspection_c.h
[32.267s] -- Installing: /home/robot/app/robot_ws/install/composition_interfaces/include/composition_interfaces/composition_interfaces/srv/detail/unload_node__rosidl_typesupport_introspection_c.h
[32.267s] -- Installing: /home/robot/app/robot_ws/install/composition_interfaces/include/composition_interfaces/composition_interfaces/srv/detail/load_node__type_support.c
[32.267s] -- Up-to-date: /home/robot/app/robot_ws/install/composition_interfaces/include/composition_interfaces/composition_interfaces/msg
[32.267s] -- Installing: /home/robot/app/robot_ws/install/composition_interfaces/include/composition_interfaces/composition_interfaces/msg/rosidl_typesupport_introspection_c__visibility_control.h
[32.267s] -- Installing: /home/robot/app/robot_ws/install/composition_interfaces/lib/libcomposition_interfaces__rosidl_typesupport_introspection_c.so
[32.268s] -- Set runtime path of "/home/robot/app/robot_ws/install/composition_interfaces/lib/libcomposition_interfaces__rosidl_typesupport_introspection_c.so" to ""
[32.268s] -- Installing: /home/robot/app/robot_ws/install/composition_interfaces/lib/libcomposition_interfaces__rosidl_typesupport_c.so
[32.268s] -- Set runtime path of "/home/robot/app/robot_ws/install/composition_interfaces/lib/libcomposition_interfaces__rosidl_typesupport_c.so" to ""
[32.269s] -- Up-to-date: /home/robot/app/robot_ws/install/composition_interfaces/include/composition_interfaces/composition_interfaces
[32.269s] -- Up-to-date: /home/robot/app/robot_ws/install/composition_interfaces/include/composition_interfaces/composition_interfaces/srv
[32.269s] -- Installing: /home/robot/app/robot_ws/install/composition_interfaces/include/composition_interfaces/composition_interfaces/srv/load_node.hpp
[32.269s] -- Installing: /home/robot/app/robot_ws/install/composition_interfaces/include/composition_interfaces/composition_interfaces/srv/list_nodes.hpp
[32.270s] -- Up-to-date: /home/robot/app/robot_ws/install/composition_interfaces/include/composition_interfaces/composition_interfaces/srv/detail
[32.270s] -- Installing: /home/robot/app/robot_ws/install/composition_interfaces/include/composition_interfaces/composition_interfaces/srv/detail/unload_node__traits.hpp
[32.270s] -- Installing: /home/robot/app/robot_ws/install/composition_interfaces/include/composition_interfaces/composition_interfaces/srv/detail/unload_node__struct.hpp
[32.271s] -- Installing: /home/robot/app/robot_ws/install/composition_interfaces/include/composition_interfaces/composition_interfaces/srv/detail/load_node__traits.hpp
[32.271s] -- Installing: /home/robot/app/robot_ws/install/composition_interfaces/include/composition_interfaces/composition_interfaces/srv/detail/list_nodes__struct.hpp
[32.272s] -- Installing: /home/robot/app/robot_ws/install/composition_interfaces/include/composition_interfaces/composition_interfaces/srv/detail/unload_node__builder.hpp
[32.272s] -- Installing: /home/robot/app/robot_ws/install/composition_interfaces/include/composition_interfaces/composition_interfaces/srv/detail/load_node__struct.hpp
[32.272s] -- Installing: /home/robot/app/robot_ws/install/composition_interfaces/include/composition_interfaces/composition_interfaces/srv/detail/list_nodes__traits.hpp
[32.272s] -- Installing: /home/robot/app/robot_ws/install/composition_interfaces/include/composition_interfaces/composition_interfaces/srv/detail/load_node__builder.hpp
[32.273s] -- Installing: /home/robot/app/robot_ws/install/composition_interfaces/include/composition_interfaces/composition_interfaces/srv/detail/list_nodes__builder.hpp
[32.273s] -- Installing: /home/robot/app/robot_ws/install/composition_interfaces/include/composition_interfaces/composition_interfaces/srv/unload_node.hpp
[32.274s] -- Up-to-date: /home/robot/app/robot_ws/install/composition_interfaces/include/composition_interfaces
[32.274s] -- Up-to-date: /home/robot/app/robot_ws/install/composition_interfaces/include/composition_interfaces/srv
[32.274s] -- Up-to-date: /home/robot/app/robot_ws/install/composition_interfaces/include/composition_interfaces/srv/detail
[32.274s] -- Up-to-date: /home/robot/app/robot_ws/install/composition_interfaces/include/composition_interfaces/srv/detail/microxrcedds
[32.274s] -- Installing: /home/robot/app/robot_ws/install/composition_interfaces/include/composition_interfaces/srv/detail/microxrcedds/list_nodes__type_support_cpp.cpp
[32.275s] -- Installing: /home/robot/app/robot_ws/install/composition_interfaces/include/composition_interfaces/srv/detail/microxrcedds/unload_node__type_support_cpp.cpp
[32.275s] -- Installing: /home/robot/app/robot_ws/install/composition_interfaces/include/composition_interfaces/srv/detail/microxrcedds/load_node__type_support_cpp.cpp
[32.275s] -- Installing: /home/robot/app/robot_ws/install/composition_interfaces/include/composition_interfaces/srv/detail/unload_node__rosidl_typesupport_microxrcedds_cpp.hpp
[32.275s] -- Installing: /home/robot/app/robot_ws/install/composition_interfaces/include/composition_interfaces/srv/detail/load_node__rosidl_typesupport_microxrcedds_cpp.hpp
[32.276s] -- Installing: /home/robot/app/robot_ws/install/composition_interfaces/include/composition_interfaces/srv/detail/list_nodes__rosidl_typesupport_microxrcedds_cpp.hpp
[32.276s] -- Up-to-date: /home/robot/app/robot_ws/install/composition_interfaces/include/composition_interfaces/msg
[32.277s] -- Installing: /home/robot/app/robot_ws/install/composition_interfaces/include/composition_interfaces/msg/rosidl_typesupport_microxrcedds_cpp__visibility_control.h
[32.277s] -- Installing: /home/robot/app/robot_ws/install/composition_interfaces/lib/libcomposition_interfaces__rosidl_typesupport_microxrcedds_cpp.so
[32.277s] -- Set runtime path of "/home/robot/app/robot_ws/install/composition_interfaces/lib/libcomposition_interfaces__rosidl_typesupport_microxrcedds_cpp.so" to ""
[32.277s] -- Up-to-date: /home/robot/app/robot_ws/install/composition_interfaces/include/composition_interfaces/composition_interfaces
[32.278s] -- Up-to-date: /home/robot/app/robot_ws/install/composition_interfaces/include/composition_interfaces/composition_interfaces/srv
[32.278s] -- Up-to-date: /home/robot/app/robot_ws/install/composition_interfaces/include/composition_interfaces/composition_interfaces/srv/detail
[32.278s] -- Installing: /home/robot/app/robot_ws/install/composition_interfaces/include/composition_interfaces/composition_interfaces/srv/detail/list_nodes__rosidl_typesupport_fastrtps_cpp.hpp
[32.278s] -- Installing: /home/robot/app/robot_ws/install/composition_interfaces/include/composition_interfaces/composition_interfaces/srv/detail/unload_node__rosidl_typesupport_fastrtps_cpp.hpp
[32.279s] -- Installing: /home/robot/app/robot_ws/install/composition_interfaces/include/composition_interfaces/composition_interfaces/srv/detail/dds_fastrtps
[32.279s] -- Installing: /home/robot/app/robot_ws/install/composition_interfaces/include/composition_interfaces/composition_interfaces/srv/detail/load_node__rosidl_typesupport_fastrtps_cpp.hpp
[32.279s] -- Up-to-date: /home/robot/app/robot_ws/install/composition_interfaces/include/composition_interfaces/composition_interfaces/msg
[32.279s] -- Installing: /home/robot/app/robot_ws/install/composition_interfaces/include/composition_interfaces/composition_interfaces/msg/rosidl_typesupport_fastrtps_cpp__visibility_control.h
[32.279s] -- Installing: /home/robot/app/robot_ws/install/composition_interfaces/lib/libcomposition_interfaces__rosidl_typesupport_fastrtps_cpp.so
[32.280s] -- Set runtime path of "/home/robot/app/robot_ws/install/composition_interfaces/lib/libcomposition_interfaces__rosidl_typesupport_fastrtps_cpp.so" to ""
[32.280s] -- Up-to-date: /home/robot/app/robot_ws/install/composition_interfaces/include/composition_interfaces/composition_interfaces
[32.280s] -- Up-to-date: /home/robot/app/robot_ws/install/composition_interfaces/include/composition_interfaces/composition_interfaces/srv
[32.281s] -- Up-to-date: /home/robot/app/robot_ws/install/composition_interfaces/include/composition_interfaces/composition_interfaces/srv/detail
[32.281s] -- Installing: /home/robot/app/robot_ws/install/composition_interfaces/include/composition_interfaces/composition_interfaces/srv/detail/unload_node__type_support.cpp
[32.281s] -- Installing: /home/robot/app/robot_ws/install/composition_interfaces/include/composition_interfaces/composition_interfaces/srv/detail/load_node__type_support.cpp
[32.281s] -- Installing: /home/robot/app/robot_ws/install/composition_interfaces/include/composition_interfaces/composition_interfaces/srv/detail/load_node__rosidl_typesupport_introspection_cpp.hpp
[32.282s] -- Installing: /home/robot/app/robot_ws/install/composition_interfaces/include/composition_interfaces/composition_interfaces/srv/detail/list_nodes__type_support.cpp
[32.282s] -- Installing: /home/robot/app/robot_ws/install/composition_interfaces/include/composition_interfaces/composition_interfaces/srv/detail/unload_node__rosidl_typesupport_introspection_cpp.hpp
[32.282s] -- Installing: /home/robot/app/robot_ws/install/composition_interfaces/include/composition_interfaces/composition_interfaces/srv/detail/list_nodes__rosidl_typesupport_introspection_cpp.hpp
[32.283s] -- Installing: /home/robot/app/robot_ws/install/composition_interfaces/lib/libcomposition_interfaces__rosidl_typesupport_introspection_cpp.so
[32.284s] -- Set runtime path of "/home/robot/app/robot_ws/install/composition_interfaces/lib/libcomposition_interfaces__rosidl_typesupport_introspection_cpp.so" to ""
[32.284s] -- Installing: /home/robot/app/robot_ws/install/composition_interfaces/lib/libcomposition_interfaces__rosidl_typesupport_cpp.so
[32.285s] -- Set runtime path of "/home/robot/app/robot_ws/install/composition_interfaces/lib/libcomposition_interfaces__rosidl_typesupport_cpp.so" to ""
[32.285s] -- Installing: /home/robot/app/robot_ws/install/composition_interfaces/share/composition_interfaces/environment/pythonpath.sh
[32.285s] -- Installing: /home/robot/app/robot_ws/install/composition_interfaces/share/composition_interfaces/environment/pythonpath.dsv
[32.286s] -- Installing: /home/robot/app/robot_ws/install/composition_interfaces/local/lib/python3.10/dist-packages/composition_interfaces-1.2.1-py3.10.egg-info
[32.286s] -- Installing: /home/robot/app/robot_ws/install/composition_interfaces/local/lib/python3.10/dist-packages/composition_interfaces-1.2.1-py3.10.egg-info/dependency_links.txt
[32.287s] -- Installing: /home/robot/app/robot_ws/install/composition_interfaces/local/lib/python3.10/dist-packages/composition_interfaces-1.2.1-py3.10.egg-info/PKG-INFO
[32.287s] -- Installing: /home/robot/app/robot_ws/install/composition_interfaces/local/lib/python3.10/dist-packages/composition_interfaces-1.2.1-py3.10.egg-info/SOURCES.txt
[32.287s] -- Installing: /home/robot/app/robot_ws/install/composition_interfaces/local/lib/python3.10/dist-packages/composition_interfaces-1.2.1-py3.10.egg-info/top_level.txt
[32.288s] -- Installing: /home/robot/app/robot_ws/install/composition_interfaces/local/lib/python3.10/dist-packages/composition_interfaces
[32.288s] -- Installing: /home/robot/app/robot_ws/install/composition_interfaces/local/lib/python3.10/dist-packages/composition_interfaces/__init__.py
[32.288s] -- Installing: /home/robot/app/robot_ws/install/composition_interfaces/local/lib/python3.10/dist-packages/composition_interfaces/srv
[32.288s] -- Installing: /home/robot/app/robot_ws/install/composition_interfaces/local/lib/python3.10/dist-packages/composition_interfaces/srv/__init__.py
[32.289s] -- Installing: /home/robot/app/robot_ws/install/composition_interfaces/local/lib/python3.10/dist-packages/composition_interfaces/srv/_list_nodes.py
[32.289s] -- Installing: /home/robot/app/robot_ws/install/composition_interfaces/local/lib/python3.10/dist-packages/composition_interfaces/srv/_load_node_s.c
[32.289s] -- Installing: /home/robot/app/robot_ws/install/composition_interfaces/local/lib/python3.10/dist-packages/composition_interfaces/srv/_unload_node.py
[32.290s] -- Installing: /home/robot/app/robot_ws/install/composition_interfaces/local/lib/python3.10/dist-packages/composition_interfaces/srv/_load_node.py
[32.290s] -- Installing: /home/robot/app/robot_ws/install/composition_interfaces/local/lib/python3.10/dist-packages/composition_interfaces/srv/_unload_node_s.c
[32.290s] -- Installing: /home/robot/app/robot_ws/install/composition_interfaces/local/lib/python3.10/dist-packages/composition_interfaces/srv/_list_nodes_s.c
[32.290s] -- Installing: /home/robot/app/robot_ws/install/composition_interfaces/local/lib/python3.10/dist-packages/composition_interfaces/composition_interfaces_s__rosidl_typesupport_fastrtps_c.cpython-310-x86_64-linux-gnu.so
[32.291s] -- Installing: /home/robot/app/robot_ws/install/composition_interfaces/local/lib/python3.10/dist-packages/composition_interfaces/_composition_interfaces_s.ep.rosidl_typesupport_fastrtps_c.c
[32.292s] -- Installing: /home/robot/app/robot_ws/install/composition_interfaces/local/lib/python3.10/dist-packages/composition_interfaces/libcomposition_interfaces__rosidl_generator_py.so
[32.292s] -- Installing: /home/robot/app/robot_ws/install/composition_interfaces/local/lib/python3.10/dist-packages/composition_interfaces/_composition_interfaces_s.ep.rosidl_typesupport_introspection_c.c
[32.292s] -- Installing: /home/robot/app/robot_ws/install/composition_interfaces/local/lib/python3.10/dist-packages/composition_interfaces/composition_interfaces_s__rosidl_typesupport_microxrcedds_c.cpython-310-x86_64-linux-gnu.so
[32.292s] -- Installing: /home/robot/app/robot_ws/install/composition_interfaces/local/lib/python3.10/dist-packages/composition_interfaces/composition_interfaces_s__rosidl_typesupport_c.cpython-310-x86_64-linux-gnu.so
[32.293s] -- Installing: /home/robot/app/robot_ws/install/composition_interfaces/local/lib/python3.10/dist-packages/composition_interfaces/composition_interfaces_s__rosidl_typesupport_introspection_c.cpython-310-x86_64-linux-gnu.so
[32.294s] -- Installing: /home/robot/app/robot_ws/install/composition_interfaces/local/lib/python3.10/dist-packages/composition_interfaces/_composition_interfaces_s.ep.rosidl_typesupport_microxrcedds_c.c
[32.294s] -- Installing: /home/robot/app/robot_ws/install/composition_interfaces/local/lib/python3.10/dist-packages/composition_interfaces/_composition_interfaces_s.ep.rosidl_typesupport_c.c
[32.374s] Listing '/home/robot/app/robot_ws/install/composition_interfaces/local/lib/python3.10/dist-packages/composition_interfaces'...
[32.374s] Compiling '/home/robot/app/robot_ws/install/composition_interfaces/local/lib/python3.10/dist-packages/composition_interfaces/__init__.py'...
[32.374s] Listing '/home/robot/app/robot_ws/install/composition_interfaces/local/lib/python3.10/dist-packages/composition_interfaces/srv'...
[32.374s] Compiling '/home/robot/app/robot_ws/install/composition_interfaces/local/lib/python3.10/dist-packages/composition_interfaces/srv/__init__.py'...
[32.375s] Compiling '/home/robot/app/robot_ws/install/composition_interfaces/local/lib/python3.10/dist-packages/composition_interfaces/srv/_list_nodes.py'...
[32.375s] Compiling '/home/robot/app/robot_ws/install/composition_interfaces/local/lib/python3.10/dist-packages/composition_interfaces/srv/_load_node.py'...
[32.375s] Compiling '/home/robot/app/robot_ws/install/composition_interfaces/local/lib/python3.10/dist-packages/composition_interfaces/srv/_unload_node.py'...
[32.382s] -- Installing: /home/robot/app/robot_ws/install/composition_interfaces/local/lib/python3.10/dist-packages/composition_interfaces/composition_interfaces_s__rosidl_typesupport_microxrcedds_c.cpython-310-x86_64-linux-gnu.so
[32.383s] -- Set runtime path of "/home/robot/app/robot_ws/install/composition_interfaces/local/lib/python3.10/dist-packages/composition_interfaces/composition_interfaces_s__rosidl_typesupport_microxrcedds_c.cpython-310-x86_64-linux-gnu.so" to ""
[32.383s] -- Installing: /home/robot/app/robot_ws/install/composition_interfaces/local/lib/python3.10/dist-packages/composition_interfaces/composition_interfaces_s__rosidl_typesupport_fastrtps_c.cpython-310-x86_64-linux-gnu.so
[32.384s] -- Set runtime path of "/home/robot/app/robot_ws/install/composition_interfaces/local/lib/python3.10/dist-packages/composition_interfaces/composition_interfaces_s__rosidl_typesupport_fastrtps_c.cpython-310-x86_64-linux-gnu.so" to ""
[32.385s] -- Installing: /home/robot/app/robot_ws/install/composition_interfaces/local/lib/python3.10/dist-packages/composition_interfaces/composition_interfaces_s__rosidl_typesupport_introspection_c.cpython-310-x86_64-linux-gnu.so
[32.386s] -- Set runtime path of "/home/robot/app/robot_ws/install/composition_interfaces/local/lib/python3.10/dist-packages/composition_interfaces/composition_interfaces_s__rosidl_typesupport_introspection_c.cpython-310-x86_64-linux-gnu.so" to ""
[32.386s] -- Installing: /home/robot/app/robot_ws/install/composition_interfaces/local/lib/python3.10/dist-packages/composition_interfaces/composition_interfaces_s__rosidl_typesupport_c.cpython-310-x86_64-linux-gnu.so
[32.387s] -- Set runtime path of "/home/robot/app/robot_ws/install/composition_interfaces/local/lib/python3.10/dist-packages/composition_interfaces/composition_interfaces_s__rosidl_typesupport_c.cpython-310-x86_64-linux-gnu.so" to ""
[32.387s] -- Installing: /home/robot/app/robot_ws/install/composition_interfaces/lib/libcomposition_interfaces__rosidl_generator_py.so
[32.387s] -- Set runtime path of "/home/robot/app/robot_ws/install/composition_interfaces/lib/libcomposition_interfaces__rosidl_generator_py.so" to ""
[32.388s] -- Installing: /home/robot/app/robot_ws/install/composition_interfaces/share/composition_interfaces/srv/LoadNode.idl
[32.388s] -- Installing: /home/robot/app/robot_ws/install/composition_interfaces/share/composition_interfaces/srv/ListNodes.idl
[32.388s] -- Installing: /home/robot/app/robot_ws/install/composition_interfaces/share/composition_interfaces/srv/UnloadNode.idl
[32.389s] -- Installing: /home/robot/app/robot_ws/install/composition_interfaces/share/composition_interfaces/srv/LoadNode.srv
[32.389s] -- Installing: /home/robot/app/robot_ws/install/composition_interfaces/share/composition_interfaces/srv/LoadNode_Request.msg
[32.390s] -- Installing: /home/robot/app/robot_ws/install/composition_interfaces/share/composition_interfaces/srv/LoadNode_Response.msg
[32.390s] -- Installing: /home/robot/app/robot_ws/install/composition_interfaces/share/composition_interfaces/srv/ListNodes.srv
[32.390s] -- Installing: /home/robot/app/robot_ws/install/composition_interfaces/share/composition_interfaces/srv/ListNodes_Request.msg
[32.391s] -- Installing: /home/robot/app/robot_ws/install/composition_interfaces/share/composition_interfaces/srv/ListNodes_Response.msg
[32.391s] -- Installing: /home/robot/app/robot_ws/install/composition_interfaces/share/composition_interfaces/srv/UnloadNode.srv
[32.392s] -- Installing: /home/robot/app/robot_ws/install/composition_interfaces/share/composition_interfaces/srv/UnloadNode_Request.msg
[32.392s] -- Installing: /home/robot/app/robot_ws/install/composition_interfaces/share/composition_interfaces/srv/UnloadNode_Response.msg
[32.393s] -- Installing: /home/robot/app/robot_ws/install/composition_interfaces/share/ament_index/resource_index/package_run_dependencies/composition_interfaces
[32.393s] -- Installing: /home/robot/app/robot_ws/install/composition_interfaces/share/ament_index/resource_index/parent_prefix_path/composition_interfaces
[32.394s] -- Installing: /home/robot/app/robot_ws/install/composition_interfaces/share/composition_interfaces/environment/ament_prefix_path.sh
[32.394s] -- Installing: /home/robot/app/robot_ws/install/composition_interfaces/share/composition_interfaces/environment/ament_prefix_path.dsv
[32.395s] -- Installing: /home/robot/app/robot_ws/install/composition_interfaces/share/composition_interfaces/environment/path.sh
[32.395s] -- Installing: /home/robot/app/robot_ws/install/composition_interfaces/share/composition_interfaces/environment/path.dsv
[32.396s] -- Installing: /home/robot/app/robot_ws/install/composition_interfaces/share/composition_interfaces/local_setup.bash
[32.396s] -- Installing: /home/robot/app/robot_ws/install/composition_interfaces/share/composition_interfaces/local_setup.sh
[32.396s] -- Installing: /home/robot/app/robot_ws/install/composition_interfaces/share/composition_interfaces/local_setup.zsh
[32.396s] -- Installing: /home/robot/app/robot_ws/install/composition_interfaces/share/composition_interfaces/local_setup.dsv
[32.397s] -- Installing: /home/robot/app/robot_ws/install/composition_interfaces/share/composition_interfaces/package.dsv
[32.397s] -- Installing: /home/robot/app/robot_ws/install/composition_interfaces/share/ament_index/resource_index/packages/composition_interfaces
[32.398s] -- Installing: /home/robot/app/robot_ws/install/composition_interfaces/share/composition_interfaces/cmake/export_composition_interfaces__rosidl_generator_cExport.cmake
[32.398s] -- Installing: /home/robot/app/robot_ws/install/composition_interfaces/share/composition_interfaces/cmake/export_composition_interfaces__rosidl_generator_cExport-noconfig.cmake
[32.398s] -- Installing: /home/robot/app/robot_ws/install/composition_interfaces/share/composition_interfaces/cmake/export_composition_interfaces__rosidl_typesupport_fastrtps_cExport.cmake
[32.399s] -- Installing: /home/robot/app/robot_ws/install/composition_interfaces/share/composition_interfaces/cmake/export_composition_interfaces__rosidl_typesupport_fastrtps_cExport-noconfig.cmake
[32.399s] -- Installing: /home/robot/app/robot_ws/install/composition_interfaces/share/composition_interfaces/cmake/composition_interfaces__rosidl_typesupport_introspection_cExport.cmake
[32.400s] -- Installing: /home/robot/app/robot_ws/install/composition_interfaces/share/composition_interfaces/cmake/composition_interfaces__rosidl_typesupport_introspection_cExport-noconfig.cmake
[32.400s] -- Installing: /home/robot/app/robot_ws/install/composition_interfaces/share/composition_interfaces/cmake/composition_interfaces__rosidl_typesupport_cExport.cmake
[32.401s] -- Installing: /home/robot/app/robot_ws/install/composition_interfaces/share/composition_interfaces/cmake/composition_interfaces__rosidl_typesupport_cExport-noconfig.cmake
[32.401s] -- Installing: /home/robot/app/robot_ws/install/composition_interfaces/share/composition_interfaces/cmake/export_composition_interfaces__rosidl_generator_cppExport.cmake
[32.402s] -- Installing: /home/robot/app/robot_ws/install/composition_interfaces/share/composition_interfaces/cmake/export_composition_interfaces__rosidl_typesupport_fastrtps_cppExport.cmake
[32.402s] -- Installing: /home/robot/app/robot_ws/install/composition_interfaces/share/composition_interfaces/cmake/export_composition_interfaces__rosidl_typesupport_fastrtps_cppExport-noconfig.cmake
[32.402s] -- Installing: /home/robot/app/robot_ws/install/composition_interfaces/share/composition_interfaces/cmake/composition_interfaces__rosidl_typesupport_introspection_cppExport.cmake
[32.403s] -- Installing: /home/robot/app/robot_ws/install/composition_interfaces/share/composition_interfaces/cmake/composition_interfaces__rosidl_typesupport_introspection_cppExport-noconfig.cmake
[32.404s] -- Installing: /home/robot/app/robot_ws/install/composition_interfaces/share/composition_interfaces/cmake/composition_interfaces__rosidl_typesupport_cppExport.cmake
[32.404s] -- Installing: /home/robot/app/robot_ws/install/composition_interfaces/share/composition_interfaces/cmake/composition_interfaces__rosidl_typesupport_cppExport-noconfig.cmake
[32.405s] -- Installing: /home/robot/app/robot_ws/install/composition_interfaces/share/composition_interfaces/cmake/export_composition_interfaces__rosidl_generator_pyExport.cmake
[32.406s] -- Installing: /home/robot/app/robot_ws/install/composition_interfaces/share/composition_interfaces/cmake/export_composition_interfaces__rosidl_generator_pyExport-noconfig.cmake
[32.406s] -- Installing: /home/robot/app/robot_ws/install/composition_interfaces/share/composition_interfaces/cmake/rosidl_cmake-extras.cmake
[32.407s] -- Installing: /home/robot/app/robot_ws/install/composition_interfaces/share/composition_interfaces/cmake/ament_cmake_export_dependencies-extras.cmake
[32.407s] -- Installing: /home/robot/app/robot_ws/install/composition_interfaces/share/composition_interfaces/cmake/ament_cmake_export_include_directories-extras.cmake
[32.408s] -- Installing: /home/robot/app/robot_ws/install/composition_interfaces/share/composition_interfaces/cmake/ament_cmake_export_libraries-extras.cmake
[32.408s] -- Installing: /home/robot/app/robot_ws/install/composition_interfaces/share/composition_interfaces/cmake/ament_cmake_export_targets-extras.cmake
[32.408s] -- Installing: /home/robot/app/robot_ws/install/composition_interfaces/share/composition_interfaces/cmake/rosidl_cmake_export_typesupport_targets-extras.cmake
[32.409s] -- Installing: /home/robot/app/robot_ws/install/composition_interfaces/share/composition_interfaces/cmake/rosidl_cmake_export_typesupport_libraries-extras.cmake
[32.410s] -- Installing: /home/robot/app/robot_ws/install/composition_interfaces/share/composition_interfaces/cmake/composition_interfacesConfig.cmake
[32.410s] -- Installing: /home/robot/app/robot_ws/install/composition_interfaces/share/composition_interfaces/cmake/composition_interfacesConfig-version.cmake
[32.410s] -- Installing: /home/robot/app/robot_ws/install/composition_interfaces/share/composition_interfaces/package.xml
[32.415s] Invoked command in '/home/robot/app/robot_ws/build/composition_interfaces' returned '0': AMENT_PREFIX_PATH=/home/robot/app/robot_ws/install/rcl_interfaces:/home/robot/app/robot_ws/install/builtin_interfaces:${AMENT_PREFIX_PATH} CMAKE_PREFIX_PATH=/home/robot/app/robot_ws/install/rcl_interfaces:/home/robot/app/robot_ws/install/builtin_interfaces:/home/robot/app/robot_ws/install/rosidl_typesupport_microxrcedds_cpp:/home/robot/app/robot_ws/install/rosidl_typesupport_microxrcedds_c:/home/robot/app/robot_ws/install/microcdr:/home/robot/app/robot_ws/install/micro_ros_setup:/home/robot/app/robot_ws/install/my_custom_message:/opt/ros/humble LD_LIBRARY_PATH=/home/robot/app/robot_ws/install/rcl_interfaces/lib:/home/robot/app/robot_ws/install/builtin_interfaces/lib:${LD_LIBRARY_PATH} PYTHONPATH=/home/robot/app/robot_ws/install/rcl_interfaces/local/lib/python3.10/dist-packages:/home/robot/app/robot_ws/install/builtin_interfaces/local/lib/python3.10/dist-packages:${PYTHONPATH} /usr/bin/cmake --install /home/robot/app/robot_ws/build/composition_interfaces
