[  7%] Built target my_custom_message__rosidl_generator_c
[ 10%] Built target my_custom_message__cpp
[35m[1mConsolidate compiler generated dependencies of target my_custom_message__rosidl_typesupport_microxrcedds_c[0m
[35m[1mConsolidate compiler generated dependencies of target my_custom_message__rosidl_typesupport_c[0m
[35m[1mConsolidate compiler generated dependencies of target my_custom_message__rosidl_typesupport_microxrcedds_cpp[0m
[ 10%] Built target ament_cmake_python_copy_my_custom_message
[ 17%] Built target my_custom_message__rosidl_typesupport_fastrtps_c
[ 25%] Built target my_custom_message__rosidl_typesupport_microxrcedds_c
[ 33%] Built target my_custom_message__rosidl_typesupport_c
[ 41%] Built target my_custom_message__rosidl_typesupport_introspection_c
[ 48%] Built target my_custom_message__rosidl_typesupport_introspection_cpp
[35m[1mConsolidate compiler generated dependencies of target my_custom_message__rosidl_typesupport_cpp[0m
[ 56%] Built target my_custom_message__rosidl_typesupport_microxrcedds_cpp
[ 64%] Built target my_custom_message__rosidl_typesupport_fastrtps_cpp
[ 71%] Built target my_custom_message__rosidl_typesupport_cpp
[ 71%] Built target my_custom_message
[ 74%] Built target my_custom_message__py
[35m[1mConsolidate compiler generated dependencies of target my_custom_message__rosidl_generator_py[0m
[ 79%] Built target my_custom_message__rosidl_generator_py
[35m[1mConsolidate compiler generated dependencies of target my_custom_message__rosidl_typesupport_fastrtps_c__pyext[0m
[35m[1mConsolidate compiler generated dependencies of target my_custom_message__rosidl_typesupport_microxrcedds_c__pyext[0m
[35m[1mConsolidate compiler generated dependencies of target my_custom_message__rosidl_typesupport_introspection_c__pyext[0m
[35m[1mConsolidate compiler generated dependencies of target my_custom_message__rosidl_typesupport_c__pyext[0m
[ 84%] Built target my_custom_message__rosidl_typesupport_fastrtps_c__pyext
[ 92%] Built target my_custom_message__rosidl_typesupport_c__pyext
[ 94%] Built target my_custom_message__rosidl_typesupport_introspection_c__pyext
[100%] Built target my_custom_message__rosidl_typesupport_microxrcedds_c__pyext
running egg_info
writing my_custom_message.egg-info/PKG-INFO
writing dependency_links to my_custom_message.egg-info/dependency_links.txt
writing top-level names to my_custom_message.egg-info/top_level.txt
reading manifest file 'my_custom_message.egg-info/SOURCES.txt'
writing manifest file 'my_custom_message.egg-info/SOURCES.txt'
[100%] Built target ament_cmake_python_build_my_custom_message_egg
-- Install configuration: ""
-- Up-to-date: /home/robot/app/robot_ws/install/my_custom_message/share/ament_index/resource_index/rosidl_interfaces/my_custom_message
-- Up-to-date: /home/robot/app/robot_ws/install/my_custom_message/include/my_custom_message/my_custom_message
-- Up-to-date: /home/robot/app/robot_ws/install/my_custom_message/include/my_custom_message/my_custom_message/msg
-- Up-to-date: /home/robot/app/robot_ws/install/my_custom_message/include/my_custom_message/my_custom_message/msg/my_custom_message.h
-- Up-to-date: /home/robot/app/robot_ws/install/my_custom_message/include/my_custom_message/my_custom_message/msg/detail
-- Up-to-date: /home/robot/app/robot_ws/install/my_custom_message/include/my_custom_message/my_custom_message/msg/detail/my_custom_message__type_support.h
-- Up-to-date: /home/robot/app/robot_ws/install/my_custom_message/include/my_custom_message/my_custom_message/msg/detail/my_custom_message__functions.c
-- Up-to-date: /home/robot/app/robot_ws/install/my_custom_message/include/my_custom_message/my_custom_message/msg/detail/my_custom_message__struct.h
-- Up-to-date: /home/robot/app/robot_ws/install/my_custom_message/include/my_custom_message/my_custom_message/msg/detail/my_custom_message__functions.h
-- Up-to-date: /home/robot/app/robot_ws/install/my_custom_message/include/my_custom_message/my_custom_message/msg/rosidl_generator_c__visibility_control.h
-- Up-to-date: /home/robot/app/robot_ws/install/my_custom_message/share/my_custom_message/environment/library_path.sh
-- Up-to-date: /home/robot/app/robot_ws/install/my_custom_message/share/my_custom_message/environment/library_path.dsv
-- Up-to-date: /home/robot/app/robot_ws/install/my_custom_message/lib/libmy_custom_message__rosidl_generator_c.so
-- Up-to-date: /home/robot/app/robot_ws/install/my_custom_message/include/my_custom_message
-- Up-to-date: /home/robot/app/robot_ws/install/my_custom_message/include/my_custom_message/msg
-- Up-to-date: /home/robot/app/robot_ws/install/my_custom_message/include/my_custom_message/msg/detail
-- Up-to-date: /home/robot/app/robot_ws/install/my_custom_message/include/my_custom_message/msg/detail/microxrcedds
-- Up-to-date: /home/robot/app/robot_ws/install/my_custom_message/include/my_custom_message/msg/detail/my_custom_message__rosidl_typesupport_microxrcedds_c.h
-- Up-to-date: /home/robot/app/robot_ws/install/my_custom_message/include/my_custom_message/msg/rosidl_typesupport_microxrcedds_c__visibility_control.h
-- Up-to-date: /home/robot/app/robot_ws/install/my_custom_message/lib/libmy_custom_message__rosidl_typesupport_microxrcedds_c.so
-- Up-to-date: /home/robot/app/robot_ws/install/my_custom_message/include/my_custom_message/my_custom_message
-- Up-to-date: /home/robot/app/robot_ws/install/my_custom_message/include/my_custom_message/my_custom_message/msg
-- Up-to-date: /home/robot/app/robot_ws/install/my_custom_message/include/my_custom_message/my_custom_message/msg/detail
-- Up-to-date: /home/robot/app/robot_ws/install/my_custom_message/include/my_custom_message/my_custom_message/msg/detail/my_custom_message__rosidl_typesupport_fastrtps_c.h
-- Up-to-date: /home/robot/app/robot_ws/install/my_custom_message/include/my_custom_message/my_custom_message/msg/rosidl_typesupport_fastrtps_c__visibility_control.h
-- Up-to-date: /home/robot/app/robot_ws/install/my_custom_message/lib/libmy_custom_message__rosidl_typesupport_fastrtps_c.so
-- Up-to-date: /home/robot/app/robot_ws/install/my_custom_message/include/my_custom_message/my_custom_message
-- Up-to-date: /home/robot/app/robot_ws/install/my_custom_message/include/my_custom_message/my_custom_message/msg
-- Up-to-date: /home/robot/app/robot_ws/install/my_custom_message/include/my_custom_message/my_custom_message/msg/rosidl_typesupport_introspection_c__visibility_control.h
-- Up-to-date: /home/robot/app/robot_ws/install/my_custom_message/include/my_custom_message/my_custom_message/msg/detail
-- Up-to-date: /home/robot/app/robot_ws/install/my_custom_message/include/my_custom_message/my_custom_message/msg/detail/my_custom_message__type_support.c
-- Up-to-date: /home/robot/app/robot_ws/install/my_custom_message/include/my_custom_message/my_custom_message/msg/detail/my_custom_message__rosidl_typesupport_introspection_c.h
-- Up-to-date: /home/robot/app/robot_ws/install/my_custom_message/lib/libmy_custom_message__rosidl_typesupport_introspection_c.so
-- Up-to-date: /home/robot/app/robot_ws/install/my_custom_message/lib/libmy_custom_message__rosidl_typesupport_c.so
-- Up-to-date: /home/robot/app/robot_ws/install/my_custom_message/include/my_custom_message/my_custom_message
-- Up-to-date: /home/robot/app/robot_ws/install/my_custom_message/include/my_custom_message/my_custom_message/msg
-- Up-to-date: /home/robot/app/robot_ws/install/my_custom_message/include/my_custom_message/my_custom_message/msg/my_custom_message.hpp
-- Up-to-date: /home/robot/app/robot_ws/install/my_custom_message/include/my_custom_message/my_custom_message/msg/detail
-- Up-to-date: /home/robot/app/robot_ws/install/my_custom_message/include/my_custom_message/my_custom_message/msg/detail/my_custom_message__builder.hpp
-- Up-to-date: /home/robot/app/robot_ws/install/my_custom_message/include/my_custom_message/my_custom_message/msg/detail/my_custom_message__struct.hpp
-- Up-to-date: /home/robot/app/robot_ws/install/my_custom_message/include/my_custom_message/my_custom_message/msg/detail/my_custom_message__traits.hpp
-- Up-to-date: /home/robot/app/robot_ws/install/my_custom_message/include/my_custom_message
-- Up-to-date: /home/robot/app/robot_ws/install/my_custom_message/include/my_custom_message/msg
-- Up-to-date: /home/robot/app/robot_ws/install/my_custom_message/include/my_custom_message/msg/detail
-- Up-to-date: /home/robot/app/robot_ws/install/my_custom_message/include/my_custom_message/msg/detail/microxrcedds
-- Up-to-date: /home/robot/app/robot_ws/install/my_custom_message/include/my_custom_message/msg/detail/microxrcedds/my_custom_message__type_support_cpp.cpp
-- Up-to-date: /home/robot/app/robot_ws/install/my_custom_message/include/my_custom_message/msg/detail/my_custom_message__rosidl_typesupport_microxrcedds_cpp.hpp
-- Up-to-date: /home/robot/app/robot_ws/install/my_custom_message/include/my_custom_message/msg/rosidl_typesupport_microxrcedds_cpp__visibility_control.h
-- Up-to-date: /home/robot/app/robot_ws/install/my_custom_message/lib/libmy_custom_message__rosidl_typesupport_microxrcedds_cpp.so
-- Up-to-date: /home/robot/app/robot_ws/install/my_custom_message/include/my_custom_message/my_custom_message
-- Up-to-date: /home/robot/app/robot_ws/install/my_custom_message/include/my_custom_message/my_custom_message/msg
-- Up-to-date: /home/robot/app/robot_ws/install/my_custom_message/include/my_custom_message/my_custom_message/msg/rosidl_typesupport_fastrtps_cpp__visibility_control.h
-- Up-to-date: /home/robot/app/robot_ws/install/my_custom_message/include/my_custom_message/my_custom_message/msg/detail
-- Up-to-date: /home/robot/app/robot_ws/install/my_custom_message/include/my_custom_message/my_custom_message/msg/detail/dds_fastrtps
-- Up-to-date: /home/robot/app/robot_ws/install/my_custom_message/include/my_custom_message/my_custom_message/msg/detail/my_custom_message__rosidl_typesupport_fastrtps_cpp.hpp
-- Up-to-date: /home/robot/app/robot_ws/install/my_custom_message/lib/libmy_custom_message__rosidl_typesupport_fastrtps_cpp.so
-- Up-to-date: /home/robot/app/robot_ws/install/my_custom_message/include/my_custom_message/my_custom_message
-- Up-to-date: /home/robot/app/robot_ws/install/my_custom_message/include/my_custom_message/my_custom_message/msg
-- Up-to-date: /home/robot/app/robot_ws/install/my_custom_message/include/my_custom_message/my_custom_message/msg/detail
-- Up-to-date: /home/robot/app/robot_ws/install/my_custom_message/include/my_custom_message/my_custom_message/msg/detail/my_custom_message__type_support.cpp
-- Up-to-date: /home/robot/app/robot_ws/install/my_custom_message/include/my_custom_message/my_custom_message/msg/detail/my_custom_message__rosidl_typesupport_introspection_cpp.hpp
-- Up-to-date: /home/robot/app/robot_ws/install/my_custom_message/lib/libmy_custom_message__rosidl_typesupport_introspection_cpp.so
-- Up-to-date: /home/robot/app/robot_ws/install/my_custom_message/lib/libmy_custom_message__rosidl_typesupport_cpp.so
-- Up-to-date: /home/robot/app/robot_ws/install/my_custom_message/share/my_custom_message/environment/pythonpath.sh
-- Up-to-date: /home/robot/app/robot_ws/install/my_custom_message/share/my_custom_message/environment/pythonpath.dsv
-- Up-to-date: /home/robot/app/robot_ws/install/my_custom_message/local/lib/python3.10/dist-packages/my_custom_message-0.0.0-py3.10.egg-info
-- Installing: /home/robot/app/robot_ws/install/my_custom_message/local/lib/python3.10/dist-packages/my_custom_message-0.0.0-py3.10.egg-info/dependency_links.txt
-- Installing: /home/robot/app/robot_ws/install/my_custom_message/local/lib/python3.10/dist-packages/my_custom_message-0.0.0-py3.10.egg-info/PKG-INFO
-- Installing: /home/robot/app/robot_ws/install/my_custom_message/local/lib/python3.10/dist-packages/my_custom_message-0.0.0-py3.10.egg-info/SOURCES.txt
-- Installing: /home/robot/app/robot_ws/install/my_custom_message/local/lib/python3.10/dist-packages/my_custom_message-0.0.0-py3.10.egg-info/top_level.txt
-- Up-to-date: /home/robot/app/robot_ws/install/my_custom_message/local/lib/python3.10/dist-packages/my_custom_message
-- Up-to-date: /home/robot/app/robot_ws/install/my_custom_message/local/lib/python3.10/dist-packages/my_custom_message/__init__.py
-- Up-to-date: /home/robot/app/robot_ws/install/my_custom_message/local/lib/python3.10/dist-packages/my_custom_message/my_custom_message_s__rosidl_typesupport_fastrtps_c.cpython-310-x86_64-linux-gnu.so
-- Up-to-date: /home/robot/app/robot_ws/install/my_custom_message/local/lib/python3.10/dist-packages/my_custom_message/_my_custom_message_s.ep.rosidl_typesupport_microxrcedds_c.c
-- Up-to-date: /home/robot/app/robot_ws/install/my_custom_message/local/lib/python3.10/dist-packages/my_custom_message/my_custom_message_s__rosidl_typesupport_introspection_c.cpython-310-x86_64-linux-gnu.so
-- Up-to-date: /home/robot/app/robot_ws/install/my_custom_message/local/lib/python3.10/dist-packages/my_custom_message/_my_custom_message_s.ep.rosidl_typesupport_c.c
-- Up-to-date: /home/robot/app/robot_ws/install/my_custom_message/local/lib/python3.10/dist-packages/my_custom_message/my_custom_message_s__rosidl_typesupport_microxrcedds_c.cpython-310-x86_64-linux-gnu.so
-- Up-to-date: /home/robot/app/robot_ws/install/my_custom_message/local/lib/python3.10/dist-packages/my_custom_message/libmy_custom_message__rosidl_generator_py.so
-- Up-to-date: /home/robot/app/robot_ws/install/my_custom_message/local/lib/python3.10/dist-packages/my_custom_message/my_custom_message_s__rosidl_typesupport_c.cpython-310-x86_64-linux-gnu.so
-- Up-to-date: /home/robot/app/robot_ws/install/my_custom_message/local/lib/python3.10/dist-packages/my_custom_message/_my_custom_message_s.ep.rosidl_typesupport_introspection_c.c
-- Up-to-date: /home/robot/app/robot_ws/install/my_custom_message/local/lib/python3.10/dist-packages/my_custom_message/msg
-- Up-to-date: /home/robot/app/robot_ws/install/my_custom_message/local/lib/python3.10/dist-packages/my_custom_message/msg/__init__.py
-- Up-to-date: /home/robot/app/robot_ws/install/my_custom_message/local/lib/python3.10/dist-packages/my_custom_message/msg/_my_custom_message.py
-- Up-to-date: /home/robot/app/robot_ws/install/my_custom_message/local/lib/python3.10/dist-packages/my_custom_message/msg/_my_custom_message_s.c
-- Up-to-date: /home/robot/app/robot_ws/install/my_custom_message/local/lib/python3.10/dist-packages/my_custom_message/_my_custom_message_s.ep.rosidl_typesupport_fastrtps_c.c
Listing '/home/robot/app/robot_ws/install/my_custom_message/local/lib/python3.10/dist-packages/my_custom_message'...
Listing '/home/robot/app/robot_ws/install/my_custom_message/local/lib/python3.10/dist-packages/my_custom_message/msg'...
-- Up-to-date: /home/robot/app/robot_ws/install/my_custom_message/local/lib/python3.10/dist-packages/my_custom_message/my_custom_message_s__rosidl_typesupport_microxrcedds_c.cpython-310-x86_64-linux-gnu.so
-- Up-to-date: /home/robot/app/robot_ws/install/my_custom_message/local/lib/python3.10/dist-packages/my_custom_message/my_custom_message_s__rosidl_typesupport_fastrtps_c.cpython-310-x86_64-linux-gnu.so
-- Up-to-date: /home/robot/app/robot_ws/install/my_custom_message/local/lib/python3.10/dist-packages/my_custom_message/my_custom_message_s__rosidl_typesupport_introspection_c.cpython-310-x86_64-linux-gnu.so
-- Up-to-date: /home/robot/app/robot_ws/install/my_custom_message/local/lib/python3.10/dist-packages/my_custom_message/my_custom_message_s__rosidl_typesupport_c.cpython-310-x86_64-linux-gnu.so
-- Up-to-date: /home/robot/app/robot_ws/install/my_custom_message/lib/libmy_custom_message__rosidl_generator_py.so
-- Up-to-date: /home/robot/app/robot_ws/install/my_custom_message/share/my_custom_message/msg/MyCustomMessage.idl
-- Up-to-date: /home/robot/app/robot_ws/install/my_custom_message/share/my_custom_message/msg/MyCustomMessage.msg
-- Up-to-date: /home/robot/app/robot_ws/install/my_custom_message/share/ament_index/resource_index/package_run_dependencies/my_custom_message
-- Up-to-date: /home/robot/app/robot_ws/install/my_custom_message/share/ament_index/resource_index/parent_prefix_path/my_custom_message
-- Up-to-date: /home/robot/app/robot_ws/install/my_custom_message/share/my_custom_message/environment/ament_prefix_path.sh
-- Up-to-date: /home/robot/app/robot_ws/install/my_custom_message/share/my_custom_message/environment/ament_prefix_path.dsv
-- Up-to-date: /home/robot/app/robot_ws/install/my_custom_message/share/my_custom_message/environment/path.sh
-- Up-to-date: /home/robot/app/robot_ws/install/my_custom_message/share/my_custom_message/environment/path.dsv
-- Up-to-date: /home/robot/app/robot_ws/install/my_custom_message/share/my_custom_message/local_setup.bash
-- Up-to-date: /home/robot/app/robot_ws/install/my_custom_message/share/my_custom_message/local_setup.sh
-- Up-to-date: /home/robot/app/robot_ws/install/my_custom_message/share/my_custom_message/local_setup.zsh
-- Up-to-date: /home/robot/app/robot_ws/install/my_custom_message/share/my_custom_message/local_setup.dsv
-- Installing: /home/robot/app/robot_ws/install/my_custom_message/share/my_custom_message/package.dsv
-- Up-to-date: /home/robot/app/robot_ws/install/my_custom_message/share/ament_index/resource_index/packages/my_custom_message
-- Up-to-date: /home/robot/app/robot_ws/install/my_custom_message/share/my_custom_message/cmake/export_my_custom_message__rosidl_generator_cExport.cmake
-- Up-to-date: /home/robot/app/robot_ws/install/my_custom_message/share/my_custom_message/cmake/export_my_custom_message__rosidl_generator_cExport-noconfig.cmake
-- Up-to-date: /home/robot/app/robot_ws/install/my_custom_message/share/my_custom_message/cmake/export_my_custom_message__rosidl_typesupport_fastrtps_cExport.cmake
-- Up-to-date: /home/robot/app/robot_ws/install/my_custom_message/share/my_custom_message/cmake/export_my_custom_message__rosidl_typesupport_fastrtps_cExport-noconfig.cmake
-- Up-to-date: /home/robot/app/robot_ws/install/my_custom_message/share/my_custom_message/cmake/my_custom_message__rosidl_typesupport_introspection_cExport.cmake
-- Up-to-date: /home/robot/app/robot_ws/install/my_custom_message/share/my_custom_message/cmake/my_custom_message__rosidl_typesupport_introspection_cExport-noconfig.cmake
-- Up-to-date: /home/robot/app/robot_ws/install/my_custom_message/share/my_custom_message/cmake/my_custom_message__rosidl_typesupport_cExport.cmake
-- Up-to-date: /home/robot/app/robot_ws/install/my_custom_message/share/my_custom_message/cmake/my_custom_message__rosidl_typesupport_cExport-noconfig.cmake
-- Up-to-date: /home/robot/app/robot_ws/install/my_custom_message/share/my_custom_message/cmake/export_my_custom_message__rosidl_generator_cppExport.cmake
-- Up-to-date: /home/robot/app/robot_ws/install/my_custom_message/share/my_custom_message/cmake/export_my_custom_message__rosidl_typesupport_fastrtps_cppExport.cmake
-- Up-to-date: /home/robot/app/robot_ws/install/my_custom_message/share/my_custom_message/cmake/export_my_custom_message__rosidl_typesupport_fastrtps_cppExport-noconfig.cmake
-- Up-to-date: /home/robot/app/robot_ws/install/my_custom_message/share/my_custom_message/cmake/my_custom_message__rosidl_typesupport_introspection_cppExport.cmake
-- Up-to-date: /home/robot/app/robot_ws/install/my_custom_message/share/my_custom_message/cmake/my_custom_message__rosidl_typesupport_introspection_cppExport-noconfig.cmake
-- Up-to-date: /home/robot/app/robot_ws/install/my_custom_message/share/my_custom_message/cmake/my_custom_message__rosidl_typesupport_cppExport.cmake
-- Up-to-date: /home/robot/app/robot_ws/install/my_custom_message/share/my_custom_message/cmake/my_custom_message__rosidl_typesupport_cppExport-noconfig.cmake
-- Up-to-date: /home/robot/app/robot_ws/install/my_custom_message/share/my_custom_message/cmake/export_my_custom_message__rosidl_generator_pyExport.cmake
-- Up-to-date: /home/robot/app/robot_ws/install/my_custom_message/share/my_custom_message/cmake/export_my_custom_message__rosidl_generator_pyExport-noconfig.cmake
-- Up-to-date: /home/robot/app/robot_ws/install/my_custom_message/share/my_custom_message/cmake/rosidl_cmake-extras.cmake
-- Up-to-date: /home/robot/app/robot_ws/install/my_custom_message/share/my_custom_message/cmake/ament_cmake_export_include_directories-extras.cmake
-- Up-to-date: /home/robot/app/robot_ws/install/my_custom_message/share/my_custom_message/cmake/ament_cmake_export_libraries-extras.cmake
-- Up-to-date: /home/robot/app/robot_ws/install/my_custom_message/share/my_custom_message/cmake/ament_cmake_export_targets-extras.cmake
-- Up-to-date: /home/robot/app/robot_ws/install/my_custom_message/share/my_custom_message/cmake/rosidl_cmake_export_typesupport_targets-extras.cmake
-- Up-to-date: /home/robot/app/robot_ws/install/my_custom_message/share/my_custom_message/cmake/ament_cmake_export_dependencies-extras.cmake
-- Up-to-date: /home/robot/app/robot_ws/install/my_custom_message/share/my_custom_message/cmake/rosidl_cmake_export_typesupport_libraries-extras.cmake
-- Up-to-date: /home/robot/app/robot_ws/install/my_custom_message/share/my_custom_message/cmake/my_custom_messageConfig.cmake
-- Up-to-date: /home/robot/app/robot_ws/install/my_custom_message/share/my_custom_message/cmake/my_custom_messageConfig-version.cmake
-- Up-to-date: /home/robot/app/robot_ws/install/my_custom_message/share/my_custom_message/package.xml
