[100%] Built target microxrcedds_client
-- Install configuration: "Release"
-- Up-to-date: /home/robot/app/robot_ws/install/microxrcedds_client/lib/libmicroxrcedds_client.so.2.4.2
-- Up-to-date: /home/robot/app/robot_ws/install/microxrcedds_client/lib/libmicroxrcedds_client.so.2.4
-- Up-to-date: /home/robot/app/robot_ws/install/microxrcedds_client/lib/libmicroxrcedds_client.so
-- Up-to-date: /home/robot/app/robot_ws/install/microxrcedds_client/include/uxr/client
-- Up-to-date: /home/robot/app/robot_ws/install/microxrcedds_client/include/uxr/client/client.h
-- Up-to-date: /home/robot/app/robot_ws/install/microxrcedds_client/include/uxr/client/visibility.h
-- Up-to-date: /home/robot/app/robot_ws/install/microxrcedds_client/include/uxr/client/core
-- Up-to-date: /home/robot/app/robot_ws/install/microxrcedds_client/include/uxr/client/core/communication
-- Up-to-date: /home/robot/app/robot_ws/install/microxrcedds_client/include/uxr/client/core/communication/communication.h
-- Up-to-date: /home/robot/app/robot_ws/install/microxrcedds_client/include/uxr/client/core/session
-- Up-to-date: /home/robot/app/robot_ws/install/microxrcedds_client/include/uxr/client/core/session/create_entities_ref.h
-- Up-to-date: /home/robot/app/robot_ws/install/microxrcedds_client/include/uxr/client/core/session/write_access.h
-- Up-to-date: /home/robot/app/robot_ws/install/microxrcedds_client/include/uxr/client/core/session/read_access.h
-- Up-to-date: /home/robot/app/robot_ws/install/microxrcedds_client/include/uxr/client/core/session/time_sync.h
-- Up-to-date: /home/robot/app/robot_ws/install/microxrcedds_client/include/uxr/client/core/session/common_create_entities.h
-- Up-to-date: /home/robot/app/robot_ws/install/microxrcedds_client/include/uxr/client/core/session/session_info.h
-- Up-to-date: /home/robot/app/robot_ws/install/microxrcedds_client/include/uxr/client/core/session/create_entities_xml.h
-- Up-to-date: /home/robot/app/robot_ws/install/microxrcedds_client/include/uxr/client/core/session/session.h
-- Up-to-date: /home/robot/app/robot_ws/install/microxrcedds_client/include/uxr/client/core/session/stream
-- Up-to-date: /home/robot/app/robot_ws/install/microxrcedds_client/include/uxr/client/core/session/stream/seq_num.h
-- Up-to-date: /home/robot/app/robot_ws/install/microxrcedds_client/include/uxr/client/core/session/stream/output_reliable_stream.h
-- Up-to-date: /home/robot/app/robot_ws/install/microxrcedds_client/include/uxr/client/core/session/stream/reliable_stream.h
-- Up-to-date: /home/robot/app/robot_ws/install/microxrcedds_client/include/uxr/client/core/session/stream/stream_id.h
-- Up-to-date: /home/robot/app/robot_ws/install/microxrcedds_client/include/uxr/client/core/session/stream/input_best_effort_stream.h
-- Up-to-date: /home/robot/app/robot_ws/install/microxrcedds_client/include/uxr/client/core/session/stream/output_best_effort_stream.h
-- Up-to-date: /home/robot/app/robot_ws/install/microxrcedds_client/include/uxr/client/core/session/stream/input_reliable_stream.h
-- Up-to-date: /home/robot/app/robot_ws/install/microxrcedds_client/include/uxr/client/core/session/stream/stream_storage.h
-- Up-to-date: /home/robot/app/robot_ws/install/microxrcedds_client/include/uxr/client/core/session/object_id.h
-- Up-to-date: /home/robot/app/robot_ws/install/microxrcedds_client/include/uxr/client/core/session/create_entities_bin.h
-- Up-to-date: /home/robot/app/robot_ws/install/microxrcedds_client/include/uxr/client/core/type
-- Up-to-date: /home/robot/app/robot_ws/install/microxrcedds_client/include/uxr/client/core/type/xrce_types.h
-- Up-to-date: /home/robot/app/robot_ws/install/microxrcedds_client/include/uxr/client/util
-- Up-to-date: /home/robot/app/robot_ws/install/microxrcedds_client/include/uxr/client/util/time.h
-- Up-to-date: /home/robot/app/robot_ws/install/microxrcedds_client/include/uxr/client/util/ping.h
-- Up-to-date: /home/robot/app/robot_ws/install/microxrcedds_client/include/uxr/client/transport.h
-- Up-to-date: /home/robot/app/robot_ws/install/microxrcedds_client/include/uxr/client/defines.h
-- Up-to-date: /home/robot/app/robot_ws/install/microxrcedds_client/include/uxr/client/profile
-- Up-to-date: /home/robot/app/robot_ws/install/microxrcedds_client/include/uxr/client/profile/discovery
-- Up-to-date: /home/robot/app/robot_ws/install/microxrcedds_client/include/uxr/client/profile/discovery/discovery.h
-- Up-to-date: /home/robot/app/robot_ws/install/microxrcedds_client/include/uxr/client/profile/multithread
-- Up-to-date: /home/robot/app/robot_ws/install/microxrcedds_client/include/uxr/client/profile/multithread/multithread.h
-- Up-to-date: /home/robot/app/robot_ws/install/microxrcedds_client/include/uxr/client/profile/transport
-- Up-to-date: /home/robot/app/robot_ws/install/microxrcedds_client/include/uxr/client/profile/transport/serial
-- Up-to-date: /home/robot/app/robot_ws/install/microxrcedds_client/include/uxr/client/profile/transport/serial/serial_transport.h
-- Up-to-date: /home/robot/app/robot_ws/install/microxrcedds_client/include/uxr/client/profile/transport/serial/serial_transport_posix.h
-- Up-to-date: /home/robot/app/robot_ws/install/microxrcedds_client/include/uxr/client/profile/transport/serial/serial_transport_platform.h
-- Up-to-date: /home/robot/app/robot_ws/install/microxrcedds_client/include/uxr/client/profile/transport/serial/serial_transport_rtems_bsd_net.h
-- Up-to-date: /home/robot/app/robot_ws/install/microxrcedds_client/include/uxr/client/profile/transport/can
-- Up-to-date: /home/robot/app/robot_ws/install/microxrcedds_client/include/uxr/client/profile/transport/can/can_transport.h
-- Up-to-date: /home/robot/app/robot_ws/install/microxrcedds_client/include/uxr/client/profile/transport/can/can_transport_posix.h
-- Up-to-date: /home/robot/app/robot_ws/install/microxrcedds_client/include/uxr/client/profile/transport/stream_framing
-- Up-to-date: /home/robot/app/robot_ws/install/microxrcedds_client/include/uxr/client/profile/transport/stream_framing/stream_framing_protocol.h
-- Up-to-date: /home/robot/app/robot_ws/install/microxrcedds_client/include/uxr/client/profile/transport/ip
-- Up-to-date: /home/robot/app/robot_ws/install/microxrcedds_client/include/uxr/client/profile/transport/ip/udp
-- Up-to-date: /home/robot/app/robot_ws/install/microxrcedds_client/include/uxr/client/profile/transport/ip/udp/udp_transport_posix.h
-- Up-to-date: /home/robot/app/robot_ws/install/microxrcedds_client/include/uxr/client/profile/transport/ip/udp/udp_transport_posix_nopoll.h
-- Up-to-date: /home/robot/app/robot_ws/install/microxrcedds_client/include/uxr/client/profile/transport/ip/udp/udp_transport_rtems_bsd_net.h
-- Up-to-date: /home/robot/app/robot_ws/install/microxrcedds_client/include/uxr/client/profile/transport/ip/udp/udp_transport_windows.h
-- Up-to-date: /home/robot/app/robot_ws/install/microxrcedds_client/include/uxr/client/profile/transport/ip/udp/udp_transport.h
-- Up-to-date: /home/robot/app/robot_ws/install/microxrcedds_client/include/uxr/client/profile/transport/ip/udp/udp_transport_freertos_plus_tcp.h
-- Up-to-date: /home/robot/app/robot_ws/install/microxrcedds_client/include/uxr/client/profile/transport/ip/tcp
-- Up-to-date: /home/robot/app/robot_ws/install/microxrcedds_client/include/uxr/client/profile/transport/ip/tcp/tcp_transport_windows.h
-- Up-to-date: /home/robot/app/robot_ws/install/microxrcedds_client/include/uxr/client/profile/transport/ip/tcp/tcp_transport.h
-- Up-to-date: /home/robot/app/robot_ws/install/microxrcedds_client/include/uxr/client/profile/transport/ip/tcp/tcp_transport_rtems_bsd_net.h
-- Up-to-date: /home/robot/app/robot_ws/install/microxrcedds_client/include/uxr/client/profile/transport/ip/tcp/tcp_transport_posix.h
-- Up-to-date: /home/robot/app/robot_ws/install/microxrcedds_client/include/uxr/client/profile/transport/ip/tcp/tcp_transport_posix_nopoll.h
-- Up-to-date: /home/robot/app/robot_ws/install/microxrcedds_client/include/uxr/client/profile/transport/ip/tcp/tcp_transport_freertos_plus_tcp.h
-- Up-to-date: /home/robot/app/robot_ws/install/microxrcedds_client/include/uxr/client/profile/transport/ip/ip.h
-- Up-to-date: /home/robot/app/robot_ws/install/microxrcedds_client/include/uxr/client/profile/transport/custom
-- Up-to-date: /home/robot/app/robot_ws/install/microxrcedds_client/include/uxr/client/profile/transport/custom/custom_transport.h
-- Up-to-date: /home/robot/app/robot_ws/install/microxrcedds_client/include/uxr/client/config.h
-- Up-to-date: /home/robot/app/robot_ws/install/microxrcedds_client/share/microxrcedds_client/cmake/microxrcedds_clientTargets.cmake
-- Up-to-date: /home/robot/app/robot_ws/install/microxrcedds_client/share/microxrcedds_client/cmake/microxrcedds_clientTargets-release.cmake
-- Up-to-date: /home/robot/app/robot_ws/install/microxrcedds_client/share/microxrcedds_client/cmake/microxrcedds_clientConfig.cmake
-- Up-to-date: /home/robot/app/robot_ws/install/microxrcedds_client/share/microxrcedds_client/cmake/microxrcedds_clientConfigVersion.cmake
