[0.043s] Invoking command in '/home/robot/app/robot_ws/build/microxrcedds_client': CMAKE_PREFIX_PATH=/home/robot/app/robot_ws/install/microcdr LD_LIBRARY_PATH=/home/robot/app/robot_ws/install/microcdr/lib:${LD_LIBRARY_PATH} /usr/bin/cmake /home/robot/app/robot_ws/src/eProsima/Micro-XRCE-DDS-Client -DUCLIENT_ISOLATED_INSTALL=OFF -DUCLIENT_SUPERBUILD=OFF -DCMAKE_INSTALL_PREFIX=/home/robot/app/robot_ws/install/microxrcedds_client
[0.684s] -- Configuring done
[0.684s] -- Generating done
[0.684s] -- Build files have been written to: /home/robot/app/robot_ws/build/microxrcedds_client
[0.704s] Invoked command in '/home/robot/app/robot_ws/build/microxrcedds_client' returned '0': CMAKE_PREFIX_PATH=/home/robot/app/robot_ws/install/microcdr LD_LIBRARY_PATH=/home/robot/app/robot_ws/install/microcdr/lib:${LD_LIBRARY_PATH} /usr/bin/cmake /home/robot/app/robot_ws/src/eProsima/Micro-XRCE-DDS-Client -DUCLIENT_ISOLATED_INSTALL=OFF -DUCLIENT_SUPERBUILD=OFF -DCMAKE_INSTALL_PREFIX=/home/robot/app/robot_ws/install/microxrcedds_client
[0.706s] Invoking command in '/home/robot/app/robot_ws/build/microxrcedds_client': CMAKE_PREFIX_PATH=/home/robot/app/robot_ws/install/microcdr LD_LIBRARY_PATH=/home/robot/app/robot_ws/install/microcdr/lib:${LD_LIBRARY_PATH} /usr/bin/cmake --build /home/robot/app/robot_ws/build/microxrcedds_client -- -j8 -l8
[1.561s] [35m[1mConsolidate compiler generated dependencies of target microxrcedds_client[0m
[1.562s] [100%] Built target microxrcedds_client
[1.562s] Invoked command in '/home/robot/app/robot_ws/build/microxrcedds_client' returned '0': CMAKE_PREFIX_PATH=/home/robot/app/robot_ws/install/microcdr LD_LIBRARY_PATH=/home/robot/app/robot_ws/install/microcdr/lib:${LD_LIBRARY_PATH} /usr/bin/cmake --build /home/robot/app/robot_ws/build/microxrcedds_client -- -j8 -l8
[2.193s] Invoking command in '/home/robot/app/robot_ws/build/microxrcedds_client': CMAKE_PREFIX_PATH=/home/robot/app/robot_ws/install/microcdr LD_LIBRARY_PATH=/home/robot/app/robot_ws/install/microcdr/lib:${LD_LIBRARY_PATH} /usr/bin/cmake --install /home/robot/app/robot_ws/build/microxrcedds_client
[2.309s] -- Install configuration: "Release"
[2.309s] -- Up-to-date: /home/robot/app/robot_ws/install/microxrcedds_client/lib/libmicroxrcedds_client.so.2.4.2
[2.309s] -- Up-to-date: /home/robot/app/robot_ws/install/microxrcedds_client/lib/libmicroxrcedds_client.so.2.4
[2.309s] -- Up-to-date: /home/robot/app/robot_ws/install/microxrcedds_client/lib/libmicroxrcedds_client.so
[2.310s] -- Up-to-date: /home/robot/app/robot_ws/install/microxrcedds_client/include/uxr/client
[2.310s] -- Up-to-date: /home/robot/app/robot_ws/install/microxrcedds_client/include/uxr/client/client.h
[2.310s] -- Up-to-date: /home/robot/app/robot_ws/install/microxrcedds_client/include/uxr/client/visibility.h
[2.310s] -- Up-to-date: /home/robot/app/robot_ws/install/microxrcedds_client/include/uxr/client/core
[2.310s] -- Up-to-date: /home/robot/app/robot_ws/install/microxrcedds_client/include/uxr/client/core/communication
[2.311s] -- Up-to-date: /home/robot/app/robot_ws/install/microxrcedds_client/include/uxr/client/core/communication/communication.h
[2.311s] -- Up-to-date: /home/robot/app/robot_ws/install/microxrcedds_client/include/uxr/client/core/session
[2.311s] -- Up-to-date: /home/robot/app/robot_ws/install/microxrcedds_client/include/uxr/client/core/session/create_entities_ref.h
[2.311s] -- Up-to-date: /home/robot/app/robot_ws/install/microxrcedds_client/include/uxr/client/core/session/write_access.h
[2.311s] -- Up-to-date: /home/robot/app/robot_ws/install/microxrcedds_client/include/uxr/client/core/session/read_access.h
[2.312s] -- Up-to-date: /home/robot/app/robot_ws/install/microxrcedds_client/include/uxr/client/core/session/time_sync.h
[2.322s] -- Up-to-date: /home/robot/app/robot_ws/install/microxrcedds_client/include/uxr/client/core/session/common_create_entities.h
[2.322s] -- Up-to-date: /home/robot/app/robot_ws/install/microxrcedds_client/include/uxr/client/core/session/session_info.h
[2.323s] -- Up-to-date: /home/robot/app/robot_ws/install/microxrcedds_client/include/uxr/client/core/session/create_entities_xml.h
[2.323s] -- Up-to-date: /home/robot/app/robot_ws/install/microxrcedds_client/include/uxr/client/core/session/session.h
[2.323s] -- Up-to-date: /home/robot/app/robot_ws/install/microxrcedds_client/include/uxr/client/core/session/stream
[2.323s] -- Up-to-date: /home/robot/app/robot_ws/install/microxrcedds_client/include/uxr/client/core/session/stream/seq_num.h
[2.323s] -- Up-to-date: /home/robot/app/robot_ws/install/microxrcedds_client/include/uxr/client/core/session/stream/output_reliable_stream.h
[2.328s] -- Up-to-date: /home/robot/app/robot_ws/install/microxrcedds_client/include/uxr/client/core/session/stream/reliable_stream.h
[2.328s] -- Up-to-date: /home/robot/app/robot_ws/install/microxrcedds_client/include/uxr/client/core/session/stream/stream_id.h
[2.328s] -- Up-to-date: /home/robot/app/robot_ws/install/microxrcedds_client/include/uxr/client/core/session/stream/input_best_effort_stream.h
[2.329s] -- Up-to-date: /home/robot/app/robot_ws/install/microxrcedds_client/include/uxr/client/core/session/stream/output_best_effort_stream.h
[2.329s] -- Up-to-date: /home/robot/app/robot_ws/install/microxrcedds_client/include/uxr/client/core/session/stream/input_reliable_stream.h
[2.341s] -- Up-to-date: /home/robot/app/robot_ws/install/microxrcedds_client/include/uxr/client/core/session/stream/stream_storage.h
[2.342s] -- Up-to-date: /home/robot/app/robot_ws/install/microxrcedds_client/include/uxr/client/core/session/object_id.h
[2.342s] -- Up-to-date: /home/robot/app/robot_ws/install/microxrcedds_client/include/uxr/client/core/session/create_entities_bin.h
[2.342s] -- Up-to-date: /home/robot/app/robot_ws/install/microxrcedds_client/include/uxr/client/core/type
[2.342s] -- Up-to-date: /home/robot/app/robot_ws/install/microxrcedds_client/include/uxr/client/core/type/xrce_types.h
[2.343s] -- Up-to-date: /home/robot/app/robot_ws/install/microxrcedds_client/include/uxr/client/util
[2.343s] -- Up-to-date: /home/robot/app/robot_ws/install/microxrcedds_client/include/uxr/client/util/time.h
[2.352s] -- Up-to-date: /home/robot/app/robot_ws/install/microxrcedds_client/include/uxr/client/util/ping.h
[2.353s] -- Up-to-date: /home/robot/app/robot_ws/install/microxrcedds_client/include/uxr/client/transport.h
[2.353s] -- Up-to-date: /home/robot/app/robot_ws/install/microxrcedds_client/include/uxr/client/defines.h
[2.353s] -- Up-to-date: /home/robot/app/robot_ws/install/microxrcedds_client/include/uxr/client/profile
[2.353s] -- Up-to-date: /home/robot/app/robot_ws/install/microxrcedds_client/include/uxr/client/profile/discovery
[2.353s] -- Up-to-date: /home/robot/app/robot_ws/install/microxrcedds_client/include/uxr/client/profile/discovery/discovery.h
[2.354s] -- Up-to-date: /home/robot/app/robot_ws/install/microxrcedds_client/include/uxr/client/profile/multithread
[2.354s] -- Up-to-date: /home/robot/app/robot_ws/install/microxrcedds_client/include/uxr/client/profile/multithread/multithread.h
[2.354s] -- Up-to-date: /home/robot/app/robot_ws/install/microxrcedds_client/include/uxr/client/profile/transport
[2.354s] -- Up-to-date: /home/robot/app/robot_ws/install/microxrcedds_client/include/uxr/client/profile/transport/serial
[2.355s] -- Up-to-date: /home/robot/app/robot_ws/install/microxrcedds_client/include/uxr/client/profile/transport/serial/serial_transport.h
[2.355s] -- Up-to-date: /home/robot/app/robot_ws/install/microxrcedds_client/include/uxr/client/profile/transport/serial/serial_transport_posix.h
[2.355s] -- Up-to-date: /home/robot/app/robot_ws/install/microxrcedds_client/include/uxr/client/profile/transport/serial/serial_transport_platform.h
[2.355s] -- Up-to-date: /home/robot/app/robot_ws/install/microxrcedds_client/include/uxr/client/profile/transport/serial/serial_transport_rtems_bsd_net.h
[2.356s] -- Up-to-date: /home/robot/app/robot_ws/install/microxrcedds_client/include/uxr/client/profile/transport/can
[2.362s] -- Up-to-date: /home/robot/app/robot_ws/install/microxrcedds_client/include/uxr/client/profile/transport/can/can_transport.h
[2.363s] -- Up-to-date: /home/robot/app/robot_ws/install/microxrcedds_client/include/uxr/client/profile/transport/can/can_transport_posix.h
[2.367s] -- Up-to-date: /home/robot/app/robot_ws/install/microxrcedds_client/include/uxr/client/profile/transport/stream_framing
[2.368s] -- Up-to-date: /home/robot/app/robot_ws/install/microxrcedds_client/include/uxr/client/profile/transport/stream_framing/stream_framing_protocol.h
[2.370s] -- Up-to-date: /home/robot/app/robot_ws/install/microxrcedds_client/include/uxr/client/profile/transport/ip
[2.376s] -- Up-to-date: /home/robot/app/robot_ws/install/microxrcedds_client/include/uxr/client/profile/transport/ip/udp
[2.376s] -- Up-to-date: /home/robot/app/robot_ws/install/microxrcedds_client/include/uxr/client/profile/transport/ip/udp/udp_transport_posix.h
[2.377s] -- Up-to-date: /home/robot/app/robot_ws/install/microxrcedds_client/include/uxr/client/profile/transport/ip/udp/udp_transport_posix_nopoll.h
[2.377s] -- Up-to-date: /home/robot/app/robot_ws/install/microxrcedds_client/include/uxr/client/profile/transport/ip/udp/udp_transport_rtems_bsd_net.h
[2.377s] -- Up-to-date: /home/robot/app/robot_ws/install/microxrcedds_client/include/uxr/client/profile/transport/ip/udp/udp_transport_windows.h
[2.378s] -- Up-to-date: /home/robot/app/robot_ws/install/microxrcedds_client/include/uxr/client/profile/transport/ip/udp/udp_transport.h
[2.378s] -- Up-to-date: /home/robot/app/robot_ws/install/microxrcedds_client/include/uxr/client/profile/transport/ip/udp/udp_transport_freertos_plus_tcp.h
[2.378s] -- Up-to-date: /home/robot/app/robot_ws/install/microxrcedds_client/include/uxr/client/profile/transport/ip/tcp
[2.378s] -- Up-to-date: /home/robot/app/robot_ws/install/microxrcedds_client/include/uxr/client/profile/transport/ip/tcp/tcp_transport_windows.h
[2.379s] -- Up-to-date: /home/robot/app/robot_ws/install/microxrcedds_client/include/uxr/client/profile/transport/ip/tcp/tcp_transport.h
[2.379s] -- Up-to-date: /home/robot/app/robot_ws/install/microxrcedds_client/include/uxr/client/profile/transport/ip/tcp/tcp_transport_rtems_bsd_net.h
[2.379s] -- Up-to-date: /home/robot/app/robot_ws/install/microxrcedds_client/include/uxr/client/profile/transport/ip/tcp/tcp_transport_posix.h
[2.379s] -- Up-to-date: /home/robot/app/robot_ws/install/microxrcedds_client/include/uxr/client/profile/transport/ip/tcp/tcp_transport_posix_nopoll.h
[2.380s] -- Up-to-date: /home/robot/app/robot_ws/install/microxrcedds_client/include/uxr/client/profile/transport/ip/tcp/tcp_transport_freertos_plus_tcp.h
[2.380s] -- Up-to-date: /home/robot/app/robot_ws/install/microxrcedds_client/include/uxr/client/profile/transport/ip/ip.h
[2.380s] -- Up-to-date: /home/robot/app/robot_ws/install/microxrcedds_client/include/uxr/client/profile/transport/custom
[2.380s] -- Up-to-date: /home/robot/app/robot_ws/install/microxrcedds_client/include/uxr/client/profile/transport/custom/custom_transport.h
[2.381s] -- Up-to-date: /home/robot/app/robot_ws/install/microxrcedds_client/include/uxr/client/config.h
[2.392s] -- Up-to-date: /home/robot/app/robot_ws/install/microxrcedds_client/share/microxrcedds_client/cmake/microxrcedds_clientTargets.cmake
[2.393s] -- Up-to-date: /home/robot/app/robot_ws/install/microxrcedds_client/share/microxrcedds_client/cmake/microxrcedds_clientTargets-release.cmake
[2.393s] -- Up-to-date: /home/robot/app/robot_ws/install/microxrcedds_client/share/microxrcedds_client/cmake/microxrcedds_clientConfig.cmake
[2.393s] -- Up-to-date: /home/robot/app/robot_ws/install/microxrcedds_client/share/microxrcedds_client/cmake/microxrcedds_clientConfigVersion.cmake
[2.467s] Invoked command in '/home/robot/app/robot_ws/build/microxrcedds_client' returned '0': CMAKE_PREFIX_PATH=/home/robot/app/robot_ws/install/microcdr LD_LIBRARY_PATH=/home/robot/app/robot_ws/install/microcdr/lib:${LD_LIBRARY_PATH} /usr/bin/cmake --install /home/robot/app/robot_ws/build/microxrcedds_client
