[0.118s] Invoking command in '/home/robot/app/robot_ws/build/micro_ros_utilities': CMAKE_PREFIX_PATH=${CMAKE_PREFIX_PATH}:/home/robot/app/robot_ws/install/sensor_msgs_py:/opt/ros/humble /usr/bin/cmake --build /home/robot/app/robot_ws/build/micro_ros_utilities -- -j8 -l8
[0.342s] [35m[1mConsolidate compiler generated dependencies of target micro_ros_utilities[0m
[0.400s] [100%] Built target micro_ros_utilities
[0.464s] Invoked command in '/home/robot/app/robot_ws/build/micro_ros_utilities' returned '0': CMAKE_PREFIX_PATH=${CMAKE_PREFIX_PATH}:/home/robot/app/robot_ws/install/sensor_msgs_py:/opt/ros/humble /usr/bin/cmake --build /home/robot/app/robot_ws/build/micro_ros_utilities -- -j8 -l8
[1.150s] Invoking command in '/home/robot/app/robot_ws/build/micro_ros_utilities': CMAKE_PREFIX_PATH=${CMAKE_PREFIX_PATH}:/home/robot/app/robot_ws/install/sensor_msgs_py:/opt/ros/humble /usr/bin/cmake --install /home/robot/app/robot_ws/build/micro_ros_utilities
[1.336s] -- Install configuration: ""
[1.336s] -- Up-to-date: /home/robot/app/robot_ws/install/micro_ros_utilities/include
[1.337s] -- Up-to-date: /home/robot/app/robot_ws/install/micro_ros_utilities/include/micro_ros_utilities
[1.337s] -- Up-to-date: /home/robot/app/robot_ws/install/micro_ros_utilities/include/micro_ros_utilities/string_utilities.h
[1.337s] -- Up-to-date: /home/robot/app/robot_ws/install/micro_ros_utilities/include/micro_ros_utilities/type_utilities.h
[1.337s] -- Up-to-date: /home/robot/app/robot_ws/install/micro_ros_utilities/include/micro_ros_utilities/visibility_control.h
[1.337s] -- Up-to-date: /home/robot/app/robot_ws/install/micro_ros_utilities/lib/libmicro_ros_utilities.so
[1.338s] -- Up-to-date: /home/robot/app/robot_ws/install/micro_ros_utilities/share/micro_ros_utilities/environment/library_path.sh
[1.338s] -- Up-to-date: /home/robot/app/robot_ws/install/micro_ros_utilities/share/micro_ros_utilities/environment/library_path.dsv
[1.338s] -- Up-to-date: /home/robot/app/robot_ws/install/micro_ros_utilities/share/ament_index/resource_index/package_run_dependencies/micro_ros_utilities
[1.338s] -- Up-to-date: /home/robot/app/robot_ws/install/micro_ros_utilities/share/ament_index/resource_index/parent_prefix_path/micro_ros_utilities
[1.338s] -- Up-to-date: /home/robot/app/robot_ws/install/micro_ros_utilities/share/micro_ros_utilities/environment/ament_prefix_path.sh
[1.339s] -- Up-to-date: /home/robot/app/robot_ws/install/micro_ros_utilities/share/micro_ros_utilities/environment/ament_prefix_path.dsv
[1.343s] -- Up-to-date: /home/robot/app/robot_ws/install/micro_ros_utilities/share/micro_ros_utilities/environment/path.sh
[1.344s] -- Up-to-date: /home/robot/app/robot_ws/install/micro_ros_utilities/share/micro_ros_utilities/environment/path.dsv
[1.344s] -- Up-to-date: /home/robot/app/robot_ws/install/micro_ros_utilities/share/micro_ros_utilities/local_setup.bash
[1.344s] -- Up-to-date: /home/robot/app/robot_ws/install/micro_ros_utilities/share/micro_ros_utilities/local_setup.sh
[1.344s] -- Up-to-date: /home/robot/app/robot_ws/install/micro_ros_utilities/share/micro_ros_utilities/local_setup.zsh
[1.345s] -- Up-to-date: /home/robot/app/robot_ws/install/micro_ros_utilities/share/micro_ros_utilities/local_setup.dsv
[1.346s] -- Installing: /home/robot/app/robot_ws/install/micro_ros_utilities/share/micro_ros_utilities/package.dsv
[1.346s] -- Up-to-date: /home/robot/app/robot_ws/install/micro_ros_utilities/share/ament_index/resource_index/packages/micro_ros_utilities
[1.346s] -- Up-to-date: /home/robot/app/robot_ws/install/micro_ros_utilities/share/micro_ros_utilities/cmake/ament_cmake_export_include_directories-extras.cmake
[1.346s] -- Up-to-date: /home/robot/app/robot_ws/install/micro_ros_utilities/share/micro_ros_utilities/cmake/ament_cmake_export_libraries-extras.cmake
[1.346s] -- Up-to-date: /home/robot/app/robot_ws/install/micro_ros_utilities/share/micro_ros_utilities/cmake/ament_cmake_export_dependencies-extras.cmake
[1.347s] -- Up-to-date: /home/robot/app/robot_ws/install/micro_ros_utilities/share/micro_ros_utilities/cmake/micro_ros_utilitiesConfig.cmake
[1.347s] -- Up-to-date: /home/robot/app/robot_ws/install/micro_ros_utilities/share/micro_ros_utilities/cmake/micro_ros_utilitiesConfig-version.cmake
[1.347s] -- Up-to-date: /home/robot/app/robot_ws/install/micro_ros_utilities/share/micro_ros_utilities/package.xml
[1.347s] Invoked command in '/home/robot/app/robot_ws/build/micro_ros_utilities' returned '0': CMAKE_PREFIX_PATH=${CMAKE_PREFIX_PATH}:/home/robot/app/robot_ws/install/sensor_msgs_py:/opt/ros/humble /usr/bin/cmake --install /home/robot/app/robot_ws/build/micro_ros_utilities
