[0.056s] Invoking command in '/home/robot/app/robot_ws/build/visualization_msgs': CMAKE_PREFIX_PATH=/home/robot/app/robot_ws/install/sensor_msgs:/home/robot/app/robot_ws/install/geometry_msgs:/home/robot/app/robot_ws/install/std_msgs:/home/robot/app/robot_ws/install/builtin_interfaces:/home/robot/app/robot_ws/firmware/dev_ws/install/my_custom_message:/home/robot/app/robot_ws/install/micro_ros_demos_rclc:/home/robot/app/robot_ws/install/common_interfaces:/home/robot/app/robot_ws/install/visualization_msgs:/home/robot/app/robot_ws/install/test_msgs:/home/robot/app/robot_ws/install/example_interfaces:/home/robot/app/robot_ws/install/action_msgs:/home/robot/app/robot_ws/install/unique_identifier_msgs:/home/robot/app/robot_ws/install/trajectory_msgs:/home/robot/app/robot_ws/install/stereo_msgs:/home/robot/app/robot_ws/install/std_srvs:/home/robot/app/robot_ws/install/shape_msgs:/home/robot/app/robot_ws/install/nav_msgs:/home/robot/app/robot_ws/install/diagnostic_msgs:/home/robot/app/robot_ws/install/actionlib_msgs:/home/robot/app/robot_ws/install/statistics_msgs:/home/robot/app/robot_ws/install/rosidl_typesupport_microxrcedds_test_msg:/home/robot/app/robot_ws/install/rosidl_typesupport_microxrcedds_cpp_tests:/home/robot/app/robot_ws/install/rmw_microxrcedds:/home/robot/app/robot_ws/install/rosidl_typesupport_microxrcedds_cpp:/home/robot/app/robot_ws/install/rosidl_typesupport_microxrcedds_c_tests:/home/robot/app/robot_ws/install/rosidl_typesupport_microxrcedds_c:/home/robot/app/robot_ws/install/rosgraph_msgs:/home/robot/app/robot_ws/install/rclc_parameter:/home/robot/app/robot_ws/install/rclc:/home/robot/app/robot_ws/install/composition_interfaces:/home/robot/app/robot_ws/install/rcl_interfaces:/home/robot/app/robot_ws/install/microxrcedds_client:/home/robot/app/robot_ws/install/microcdr:/home/robot/app/robot_ws/install/micro_ros_utilities:/home/robot/app/robot_ws/install/micro_ros_setup:/home/robot/app/robot_ws/install/micro_ros_agent:/home/robot/app/robot_ws/install/micro_ros_msgs:/home/robot/app/robot_ws/install/lifecycle_msgs:/home/robot/app/robot_ws/install/complex_msgs:/home/robot/app/robot_ws/install/sensor_msgs_py:/opt/ros/humble LD_LIBRARY_PATH=/home/robot/app/robot_ws/install/sensor_msgs/lib:/home/robot/app/robot_ws/install/geometry_msgs/lib:/home/robot/app/robot_ws/install/std_msgs/lib:/home/robot/app/robot_ws/install/builtin_interfaces/lib:/home/robot/app/robot_ws/firmware/dev_ws/install/my_custom_message/lib:/home/robot/app/robot_ws/install/visualization_msgs/lib:/home/robot/app/robot_ws/install/test_msgs/lib:/home/robot/app/robot_ws/install/example_interfaces/lib:/home/robot/app/robot_ws/install/action_msgs/lib:/home/robot/app/robot_ws/install/unique_identifier_msgs/lib:/home/robot/app/robot_ws/install/trajectory_msgs/lib:/home/robot/app/robot_ws/install/stereo_msgs/lib:/home/robot/app/robot_ws/install/std_srvs/lib:/home/robot/app/robot_ws/install/shape_msgs/lib:/home/robot/app/robot_ws/install/nav_msgs/lib:/home/robot/app/robot_ws/install/diagnostic_msgs/lib:/home/robot/app/robot_ws/install/actionlib_msgs/lib:/home/robot/app/robot_ws/install/statistics_msgs/lib:/home/robot/app/robot_ws/install/rmw_microxrcedds/lib:/home/robot/app/robot_ws/install/rosidl_typesupport_microxrcedds_cpp/lib:/home/robot/app/robot_ws/install/rosidl_typesupport_microxrcedds_c/lib:/home/robot/app/robot_ws/install/rosgraph_msgs/lib:/home/robot/app/robot_ws/install/rclc_parameter/lib:/home/robot/app/robot_ws/install/rclc/lib:/home/robot/app/robot_ws/install/composition_interfaces/lib:/home/robot/app/robot_ws/install/rcl_interfaces/lib:/home/robot/app/robot_ws/install/microxrcedds_client/lib:/home/robot/app/robot_ws/install/microcdr/lib:/home/robot/app/robot_ws/install/micro_ros_utilities/lib:/home/robot/app/robot_ws/install/micro_ros_agent/lib:/home/robot/app/robot_ws/install/micro_ros_msgs/lib:/home/robot/app/robot_ws/install/lifecycle_msgs/lib:/home/robot/app/robot_ws/install/complex_msgs/lib:/opt/ros/humble/opt/rviz_ogre_vendor/lib:/opt/ros/humble/lib/x86_64-linux-gnu:/opt/ros/humble/lib /usr/bin/cmake --build /home/robot/app/robot_ws/build/visualization_msgs -- -j8 -l8
[0.218s] [  0%] Built target visualization_msgs__cpp
[0.339s] [  0%] Built target ament_cmake_python_copy_visualization_msgs
[0.417s] [  9%] Built target visualization_msgs__rosidl_typesupport_introspection_cpp
[1.007s] running egg_info
[1.009s] writing visualization_msgs.egg-info/PKG-INFO
[1.009s] writing dependency_links to visualization_msgs.egg-info/dependency_links.txt
[1.010s] writing top-level names to visualization_msgs.egg-info/top_level.txt
[1.016s] reading manifest file 'visualization_msgs.egg-info/SOURCES.txt'
[1.019s] writing manifest file 'visualization_msgs.egg-info/SOURCES.txt'
[1.095s] [  9%] Built target ament_cmake_python_build_visualization_msgs_egg
[1.152s] [35m[1mConsolidate compiler generated dependencies of target visualization_msgs__rosidl_typesupport_microxrcedds_cpp[0m
[1.221s] [ 19%] Built target visualization_msgs__rosidl_typesupport_microxrcedds_cpp
[1.310s] [ 28%] Built target visualization_msgs__rosidl_typesupport_fastrtps_cpp
[1.407s] [ 37%] Built target visualization_msgs__rosidl_typesupport_cpp
[1.479s] [ 46%] Built target visualization_msgs__rosidl_generator_c
[1.559s] [ 56%] Built target visualization_msgs__rosidl_typesupport_fastrtps_c
[1.626s] [ 65%] Built target visualization_msgs__rosidl_typesupport_c
[1.713s] [ 75%] Built target visualization_msgs__rosidl_typesupport_introspection_c
[1.760s] [35m[1mConsolidate compiler generated dependencies of target visualization_msgs__rosidl_typesupport_microxrcedds_c[0m
[1.810s] [ 85%] Built target visualization_msgs__rosidl_typesupport_microxrcedds_c
[1.868s] [ 85%] Built target visualization_msgs
[1.930s] [ 86%] Built target visualization_msgs__py
[2.013s] [ 95%] Built target visualization_msgs__rosidl_generator_py
[2.082s] [ 96%] Built target visualization_msgs__rosidl_typesupport_microxrcedds_c__pyext
[2.171s] [ 98%] Built target visualization_msgs__rosidl_typesupport_c__pyext
[2.234s] [ 99%] Built target visualization_msgs__rosidl_typesupport_introspection_c__pyext
[2.320s] [100%] Built target visualization_msgs__rosidl_typesupport_fastrtps_c__pyext
[2.367s] Invoked command in '/home/robot/app/robot_ws/build/visualization_msgs' returned '0': CMAKE_PREFIX_PATH=/home/robot/app/robot_ws/install/sensor_msgs:/home/robot/app/robot_ws/install/geometry_msgs:/home/robot/app/robot_ws/install/std_msgs:/home/robot/app/robot_ws/install/builtin_interfaces:/home/robot/app/robot_ws/firmware/dev_ws/install/my_custom_message:/home/robot/app/robot_ws/install/micro_ros_demos_rclc:/home/robot/app/robot_ws/install/common_interfaces:/home/robot/app/robot_ws/install/visualization_msgs:/home/robot/app/robot_ws/install/test_msgs:/home/robot/app/robot_ws/install/example_interfaces:/home/robot/app/robot_ws/install/action_msgs:/home/robot/app/robot_ws/install/unique_identifier_msgs:/home/robot/app/robot_ws/install/trajectory_msgs:/home/robot/app/robot_ws/install/stereo_msgs:/home/robot/app/robot_ws/install/std_srvs:/home/robot/app/robot_ws/install/shape_msgs:/home/robot/app/robot_ws/install/nav_msgs:/home/robot/app/robot_ws/install/diagnostic_msgs:/home/robot/app/robot_ws/install/actionlib_msgs:/home/robot/app/robot_ws/install/statistics_msgs:/home/robot/app/robot_ws/install/rosidl_typesupport_microxrcedds_test_msg:/home/robot/app/robot_ws/install/rosidl_typesupport_microxrcedds_cpp_tests:/home/robot/app/robot_ws/install/rmw_microxrcedds:/home/robot/app/robot_ws/install/rosidl_typesupport_microxrcedds_cpp:/home/robot/app/robot_ws/install/rosidl_typesupport_microxrcedds_c_tests:/home/robot/app/robot_ws/install/rosidl_typesupport_microxrcedds_c:/home/robot/app/robot_ws/install/rosgraph_msgs:/home/robot/app/robot_ws/install/rclc_parameter:/home/robot/app/robot_ws/install/rclc:/home/robot/app/robot_ws/install/composition_interfaces:/home/robot/app/robot_ws/install/rcl_interfaces:/home/robot/app/robot_ws/install/microxrcedds_client:/home/robot/app/robot_ws/install/microcdr:/home/robot/app/robot_ws/install/micro_ros_utilities:/home/robot/app/robot_ws/install/micro_ros_setup:/home/robot/app/robot_ws/install/micro_ros_agent:/home/robot/app/robot_ws/install/micro_ros_msgs:/home/robot/app/robot_ws/install/lifecycle_msgs:/home/robot/app/robot_ws/install/complex_msgs:/home/robot/app/robot_ws/install/sensor_msgs_py:/opt/ros/humble LD_LIBRARY_PATH=/home/robot/app/robot_ws/install/sensor_msgs/lib:/home/robot/app/robot_ws/install/geometry_msgs/lib:/home/robot/app/robot_ws/install/std_msgs/lib:/home/robot/app/robot_ws/install/builtin_interfaces/lib:/home/robot/app/robot_ws/firmware/dev_ws/install/my_custom_message/lib:/home/robot/app/robot_ws/install/visualization_msgs/lib:/home/robot/app/robot_ws/install/test_msgs/lib:/home/robot/app/robot_ws/install/example_interfaces/lib:/home/robot/app/robot_ws/install/action_msgs/lib:/home/robot/app/robot_ws/install/unique_identifier_msgs/lib:/home/robot/app/robot_ws/install/trajectory_msgs/lib:/home/robot/app/robot_ws/install/stereo_msgs/lib:/home/robot/app/robot_ws/install/std_srvs/lib:/home/robot/app/robot_ws/install/shape_msgs/lib:/home/robot/app/robot_ws/install/nav_msgs/lib:/home/robot/app/robot_ws/install/diagnostic_msgs/lib:/home/robot/app/robot_ws/install/actionlib_msgs/lib:/home/robot/app/robot_ws/install/statistics_msgs/lib:/home/robot/app/robot_ws/install/rmw_microxrcedds/lib:/home/robot/app/robot_ws/install/rosidl_typesupport_microxrcedds_cpp/lib:/home/robot/app/robot_ws/install/rosidl_typesupport_microxrcedds_c/lib:/home/robot/app/robot_ws/install/rosgraph_msgs/lib:/home/robot/app/robot_ws/install/rclc_parameter/lib:/home/robot/app/robot_ws/install/rclc/lib:/home/robot/app/robot_ws/install/composition_interfaces/lib:/home/robot/app/robot_ws/install/rcl_interfaces/lib:/home/robot/app/robot_ws/install/microxrcedds_client/lib:/home/robot/app/robot_ws/install/microcdr/lib:/home/robot/app/robot_ws/install/micro_ros_utilities/lib:/home/robot/app/robot_ws/install/micro_ros_agent/lib:/home/robot/app/robot_ws/install/micro_ros_msgs/lib:/home/robot/app/robot_ws/install/lifecycle_msgs/lib:/home/robot/app/robot_ws/install/complex_msgs/lib:/opt/ros/humble/opt/rviz_ogre_vendor/lib:/opt/ros/humble/lib/x86_64-linux-gnu:/opt/ros/humble/lib /usr/bin/cmake --build /home/robot/app/robot_ws/build/visualization_msgs -- -j8 -l8
[3.602s] Invoking command in '/home/robot/app/robot_ws/build/visualization_msgs': CMAKE_PREFIX_PATH=/home/robot/app/robot_ws/install/sensor_msgs:/home/robot/app/robot_ws/install/geometry_msgs:/home/robot/app/robot_ws/install/std_msgs:/home/robot/app/robot_ws/install/builtin_interfaces:/home/robot/app/robot_ws/firmware/dev_ws/install/my_custom_message:/home/robot/app/robot_ws/install/micro_ros_demos_rclc:/home/robot/app/robot_ws/install/common_interfaces:/home/robot/app/robot_ws/install/visualization_msgs:/home/robot/app/robot_ws/install/test_msgs:/home/robot/app/robot_ws/install/example_interfaces:/home/robot/app/robot_ws/install/action_msgs:/home/robot/app/robot_ws/install/unique_identifier_msgs:/home/robot/app/robot_ws/install/trajectory_msgs:/home/robot/app/robot_ws/install/stereo_msgs:/home/robot/app/robot_ws/install/std_srvs:/home/robot/app/robot_ws/install/shape_msgs:/home/robot/app/robot_ws/install/nav_msgs:/home/robot/app/robot_ws/install/diagnostic_msgs:/home/robot/app/robot_ws/install/actionlib_msgs:/home/robot/app/robot_ws/install/statistics_msgs:/home/robot/app/robot_ws/install/rosidl_typesupport_microxrcedds_test_msg:/home/robot/app/robot_ws/install/rosidl_typesupport_microxrcedds_cpp_tests:/home/robot/app/robot_ws/install/rmw_microxrcedds:/home/robot/app/robot_ws/install/rosidl_typesupport_microxrcedds_cpp:/home/robot/app/robot_ws/install/rosidl_typesupport_microxrcedds_c_tests:/home/robot/app/robot_ws/install/rosidl_typesupport_microxrcedds_c:/home/robot/app/robot_ws/install/rosgraph_msgs:/home/robot/app/robot_ws/install/rclc_parameter:/home/robot/app/robot_ws/install/rclc:/home/robot/app/robot_ws/install/composition_interfaces:/home/robot/app/robot_ws/install/rcl_interfaces:/home/robot/app/robot_ws/install/microxrcedds_client:/home/robot/app/robot_ws/install/microcdr:/home/robot/app/robot_ws/install/micro_ros_utilities:/home/robot/app/robot_ws/install/micro_ros_setup:/home/robot/app/robot_ws/install/micro_ros_agent:/home/robot/app/robot_ws/install/micro_ros_msgs:/home/robot/app/robot_ws/install/lifecycle_msgs:/home/robot/app/robot_ws/install/complex_msgs:/home/robot/app/robot_ws/install/sensor_msgs_py:/opt/ros/humble LD_LIBRARY_PATH=/home/robot/app/robot_ws/install/sensor_msgs/lib:/home/robot/app/robot_ws/install/geometry_msgs/lib:/home/robot/app/robot_ws/install/std_msgs/lib:/home/robot/app/robot_ws/install/builtin_interfaces/lib:/home/robot/app/robot_ws/firmware/dev_ws/install/my_custom_message/lib:/home/robot/app/robot_ws/install/visualization_msgs/lib:/home/robot/app/robot_ws/install/test_msgs/lib:/home/robot/app/robot_ws/install/example_interfaces/lib:/home/robot/app/robot_ws/install/action_msgs/lib:/home/robot/app/robot_ws/install/unique_identifier_msgs/lib:/home/robot/app/robot_ws/install/trajectory_msgs/lib:/home/robot/app/robot_ws/install/stereo_msgs/lib:/home/robot/app/robot_ws/install/std_srvs/lib:/home/robot/app/robot_ws/install/shape_msgs/lib:/home/robot/app/robot_ws/install/nav_msgs/lib:/home/robot/app/robot_ws/install/diagnostic_msgs/lib:/home/robot/app/robot_ws/install/actionlib_msgs/lib:/home/robot/app/robot_ws/install/statistics_msgs/lib:/home/robot/app/robot_ws/install/rmw_microxrcedds/lib:/home/robot/app/robot_ws/install/rosidl_typesupport_microxrcedds_cpp/lib:/home/robot/app/robot_ws/install/rosidl_typesupport_microxrcedds_c/lib:/home/robot/app/robot_ws/install/rosgraph_msgs/lib:/home/robot/app/robot_ws/install/rclc_parameter/lib:/home/robot/app/robot_ws/install/rclc/lib:/home/robot/app/robot_ws/install/composition_interfaces/lib:/home/robot/app/robot_ws/install/rcl_interfaces/lib:/home/robot/app/robot_ws/install/microxrcedds_client/lib:/home/robot/app/robot_ws/install/microcdr/lib:/home/robot/app/robot_ws/install/micro_ros_utilities/lib:/home/robot/app/robot_ws/install/micro_ros_agent/lib:/home/robot/app/robot_ws/install/micro_ros_msgs/lib:/home/robot/app/robot_ws/install/lifecycle_msgs/lib:/home/robot/app/robot_ws/install/complex_msgs/lib:/opt/ros/humble/opt/rviz_ogre_vendor/lib:/opt/ros/humble/lib/x86_64-linux-gnu:/opt/ros/humble/lib /usr/bin/cmake --install /home/robot/app/robot_ws/build/visualization_msgs
[3.620s] -- Install configuration: ""
[3.620s] -- Up-to-date: /home/robot/app/robot_ws/install/visualization_msgs/share/ament_index/resource_index/rosidl_interfaces/visualization_msgs
[3.620s] -- Up-to-date: /home/robot/app/robot_ws/install/visualization_msgs/include/visualization_msgs/visualization_msgs
[3.621s] -- Up-to-date: /home/robot/app/robot_ws/install/visualization_msgs/include/visualization_msgs/visualization_msgs/srv
[3.621s] -- Up-to-date: /home/robot/app/robot_ws/install/visualization_msgs/include/visualization_msgs/visualization_msgs/srv/get_interactive_markers.h
[3.621s] -- Up-to-date: /home/robot/app/robot_ws/install/visualization_msgs/include/visualization_msgs/visualization_msgs/srv/detail
[3.621s] -- Up-to-date: /home/robot/app/robot_ws/install/visualization_msgs/include/visualization_msgs/visualization_msgs/srv/detail/get_interactive_markers__struct.h
[3.621s] -- Up-to-date: /home/robot/app/robot_ws/install/visualization_msgs/include/visualization_msgs/visualization_msgs/srv/detail/get_interactive_markers__functions.h
[3.621s] -- Up-to-date: /home/robot/app/robot_ws/install/visualization_msgs/include/visualization_msgs/visualization_msgs/srv/detail/get_interactive_markers__type_support.h
[3.622s] -- Up-to-date: /home/robot/app/robot_ws/install/visualization_msgs/include/visualization_msgs/visualization_msgs/srv/detail/get_interactive_markers__functions.c
[3.622s] -- Up-to-date: /home/robot/app/robot_ws/install/visualization_msgs/include/visualization_msgs/visualization_msgs/msg
[3.622s] -- Up-to-date: /home/robot/app/robot_ws/install/visualization_msgs/include/visualization_msgs/visualization_msgs/msg/menu_entry.h
[3.622s] -- Up-to-date: /home/robot/app/robot_ws/install/visualization_msgs/include/visualization_msgs/visualization_msgs/msg/interactive_marker_control.h
[3.622s] -- Up-to-date: /home/robot/app/robot_ws/install/visualization_msgs/include/visualization_msgs/visualization_msgs/msg/interactive_marker_pose.h
[3.622s] -- Up-to-date: /home/robot/app/robot_ws/install/visualization_msgs/include/visualization_msgs/visualization_msgs/msg/marker_array.h
[3.622s] -- Up-to-date: /home/robot/app/robot_ws/install/visualization_msgs/include/visualization_msgs/visualization_msgs/msg/uv_coordinate.h
[3.625s] -- Up-to-date: /home/robot/app/robot_ws/install/visualization_msgs/include/visualization_msgs/visualization_msgs/msg/detail
[3.625s] -- Up-to-date: /home/robot/app/robot_ws/install/visualization_msgs/include/visualization_msgs/visualization_msgs/msg/detail/interactive_marker__functions.c
[3.625s] -- Up-to-date: /home/robot/app/robot_ws/install/visualization_msgs/include/visualization_msgs/visualization_msgs/msg/detail/interactive_marker__struct.h
[3.625s] -- Up-to-date: /home/robot/app/robot_ws/install/visualization_msgs/include/visualization_msgs/visualization_msgs/msg/detail/image_marker__type_support.h
[3.626s] -- Up-to-date: /home/robot/app/robot_ws/install/visualization_msgs/include/visualization_msgs/visualization_msgs/msg/detail/uv_coordinate__functions.c
[3.626s] -- Up-to-date: /home/robot/app/robot_ws/install/visualization_msgs/include/visualization_msgs/visualization_msgs/msg/detail/uv_coordinate__struct.h
[3.626s] -- Up-to-date: /home/robot/app/robot_ws/install/visualization_msgs/include/visualization_msgs/visualization_msgs/msg/detail/menu_entry__struct.h
[3.626s] -- Up-to-date: /home/robot/app/robot_ws/install/visualization_msgs/include/visualization_msgs/visualization_msgs/msg/detail/interactive_marker_init__type_support.h
[3.627s] -- Up-to-date: /home/robot/app/robot_ws/install/visualization_msgs/include/visualization_msgs/visualization_msgs/msg/detail/interactive_marker_init__struct.h
[3.627s] -- Up-to-date: /home/robot/app/robot_ws/install/visualization_msgs/include/visualization_msgs/visualization_msgs/msg/detail/image_marker__functions.c
[3.627s] -- Up-to-date: /home/robot/app/robot_ws/install/visualization_msgs/include/visualization_msgs/visualization_msgs/msg/detail/mesh_file__struct.h
[3.627s] -- Up-to-date: /home/robot/app/robot_ws/install/visualization_msgs/include/visualization_msgs/visualization_msgs/msg/detail/interactive_marker__functions.h
[3.627s] -- Up-to-date: /home/robot/app/robot_ws/install/visualization_msgs/include/visualization_msgs/visualization_msgs/msg/detail/marker_array__type_support.h
[3.627s] -- Up-to-date: /home/robot/app/robot_ws/install/visualization_msgs/include/visualization_msgs/visualization_msgs/msg/detail/image_marker__struct.h
[3.627s] -- Up-to-date: /home/robot/app/robot_ws/install/visualization_msgs/include/visualization_msgs/visualization_msgs/msg/detail/menu_entry__type_support.h
[3.627s] -- Up-to-date: /home/robot/app/robot_ws/install/visualization_msgs/include/visualization_msgs/visualization_msgs/msg/detail/interactive_marker_pose__struct.h
[3.628s] -- Up-to-date: /home/robot/app/robot_ws/install/visualization_msgs/include/visualization_msgs/visualization_msgs/msg/detail/marker_array__struct.h
[3.628s] -- Up-to-date: /home/robot/app/robot_ws/install/visualization_msgs/include/visualization_msgs/visualization_msgs/msg/detail/interactive_marker_feedback__functions.c
[3.628s] -- Up-to-date: /home/robot/app/robot_ws/install/visualization_msgs/include/visualization_msgs/visualization_msgs/msg/detail/interactive_marker__type_support.h
[3.628s] -- Up-to-date: /home/robot/app/robot_ws/install/visualization_msgs/include/visualization_msgs/visualization_msgs/msg/detail/interactive_marker_update__functions.h
[3.628s] -- Up-to-date: /home/robot/app/robot_ws/install/visualization_msgs/include/visualization_msgs/visualization_msgs/msg/detail/uv_coordinate__functions.h
[3.628s] -- Up-to-date: /home/robot/app/robot_ws/install/visualization_msgs/include/visualization_msgs/visualization_msgs/msg/detail/interactive_marker_pose__type_support.h
[3.628s] -- Up-to-date: /home/robot/app/robot_ws/install/visualization_msgs/include/visualization_msgs/visualization_msgs/msg/detail/marker_array__functions.h
[3.629s] -- Up-to-date: /home/robot/app/robot_ws/install/visualization_msgs/include/visualization_msgs/visualization_msgs/msg/detail/marker__struct.h
[3.629s] -- Up-to-date: /home/robot/app/robot_ws/install/visualization_msgs/include/visualization_msgs/visualization_msgs/msg/detail/marker_array__functions.c
[3.629s] -- Up-to-date: /home/robot/app/robot_ws/install/visualization_msgs/include/visualization_msgs/visualization_msgs/msg/detail/marker__type_support.h
[3.629s] -- Up-to-date: /home/robot/app/robot_ws/install/visualization_msgs/include/visualization_msgs/visualization_msgs/msg/detail/interactive_marker_update__struct.h
[3.629s] -- Up-to-date: /home/robot/app/robot_ws/install/visualization_msgs/include/visualization_msgs/visualization_msgs/msg/detail/mesh_file__functions.h
[3.630s] -- Up-to-date: /home/robot/app/robot_ws/install/visualization_msgs/include/visualization_msgs/visualization_msgs/msg/detail/menu_entry__functions.c
[3.630s] -- Up-to-date: /home/robot/app/robot_ws/install/visualization_msgs/include/visualization_msgs/visualization_msgs/msg/detail/uv_coordinate__type_support.h
[3.630s] -- Up-to-date: /home/robot/app/robot_ws/install/visualization_msgs/include/visualization_msgs/visualization_msgs/msg/detail/interactive_marker_update__type_support.h
[3.630s] -- Up-to-date: /home/robot/app/robot_ws/install/visualization_msgs/include/visualization_msgs/visualization_msgs/msg/detail/interactive_marker_control__type_support.h
[3.630s] -- Up-to-date: /home/robot/app/robot_ws/install/visualization_msgs/include/visualization_msgs/visualization_msgs/msg/detail/marker__functions.h
[3.631s] -- Up-to-date: /home/robot/app/robot_ws/install/visualization_msgs/include/visualization_msgs/visualization_msgs/msg/detail/interactive_marker_init__functions.c
[3.631s] -- Up-to-date: /home/robot/app/robot_ws/install/visualization_msgs/include/visualization_msgs/visualization_msgs/msg/detail/interactive_marker_feedback__struct.h
[3.631s] -- Up-to-date: /home/robot/app/robot_ws/install/visualization_msgs/include/visualization_msgs/visualization_msgs/msg/detail/marker__functions.c
[3.631s] -- Up-to-date: /home/robot/app/robot_ws/install/visualization_msgs/include/visualization_msgs/visualization_msgs/msg/detail/interactive_marker_init__functions.h
[3.631s] -- Up-to-date: /home/robot/app/robot_ws/install/visualization_msgs/include/visualization_msgs/visualization_msgs/msg/detail/interactive_marker_pose__functions.c
[3.631s] -- Up-to-date: /home/robot/app/robot_ws/install/visualization_msgs/include/visualization_msgs/visualization_msgs/msg/detail/interactive_marker_control__functions.c
[3.631s] -- Up-to-date: /home/robot/app/robot_ws/install/visualization_msgs/include/visualization_msgs/visualization_msgs/msg/detail/interactive_marker_control__functions.h
[3.632s] -- Up-to-date: /home/robot/app/robot_ws/install/visualization_msgs/include/visualization_msgs/visualization_msgs/msg/detail/interactive_marker_pose__functions.h
[3.632s] -- Up-to-date: /home/robot/app/robot_ws/install/visualization_msgs/include/visualization_msgs/visualization_msgs/msg/detail/menu_entry__functions.h
[3.632s] -- Up-to-date: /home/robot/app/robot_ws/install/visualization_msgs/include/visualization_msgs/visualization_msgs/msg/detail/interactive_marker_feedback__type_support.h
[3.632s] -- Up-to-date: /home/robot/app/robot_ws/install/visualization_msgs/include/visualization_msgs/visualization_msgs/msg/detail/interactive_marker_feedback__functions.h
[3.632s] -- Up-to-date: /home/robot/app/robot_ws/install/visualization_msgs/include/visualization_msgs/visualization_msgs/msg/detail/interactive_marker_update__functions.c
[3.632s] -- Up-to-date: /home/robot/app/robot_ws/install/visualization_msgs/include/visualization_msgs/visualization_msgs/msg/detail/mesh_file__functions.c
[3.632s] -- Up-to-date: /home/robot/app/robot_ws/install/visualization_msgs/include/visualization_msgs/visualization_msgs/msg/detail/mesh_file__type_support.h
[3.633s] -- Up-to-date: /home/robot/app/robot_ws/install/visualization_msgs/include/visualization_msgs/visualization_msgs/msg/detail/interactive_marker_control__struct.h
[3.633s] -- Up-to-date: /home/robot/app/robot_ws/install/visualization_msgs/include/visualization_msgs/visualization_msgs/msg/detail/image_marker__functions.h
[3.633s] -- Up-to-date: /home/robot/app/robot_ws/install/visualization_msgs/include/visualization_msgs/visualization_msgs/msg/interactive_marker_update.h
[3.633s] -- Up-to-date: /home/robot/app/robot_ws/install/visualization_msgs/include/visualization_msgs/visualization_msgs/msg/interactive_marker.h
[3.634s] -- Up-to-date: /home/robot/app/robot_ws/install/visualization_msgs/include/visualization_msgs/visualization_msgs/msg/interactive_marker_init.h
[3.634s] -- Up-to-date: /home/robot/app/robot_ws/install/visualization_msgs/include/visualization_msgs/visualization_msgs/msg/image_marker.h
[3.634s] -- Up-to-date: /home/robot/app/robot_ws/install/visualization_msgs/include/visualization_msgs/visualization_msgs/msg/mesh_file.h
[3.634s] -- Up-to-date: /home/robot/app/robot_ws/install/visualization_msgs/include/visualization_msgs/visualization_msgs/msg/interactive_marker_feedback.h
[3.634s] -- Up-to-date: /home/robot/app/robot_ws/install/visualization_msgs/include/visualization_msgs/visualization_msgs/msg/marker.h
[3.635s] -- Up-to-date: /home/robot/app/robot_ws/install/visualization_msgs/include/visualization_msgs/visualization_msgs/msg/rosidl_generator_c__visibility_control.h
[3.635s] -- Up-to-date: /home/robot/app/robot_ws/install/visualization_msgs/share/visualization_msgs/environment/library_path.sh
[3.635s] -- Up-to-date: /home/robot/app/robot_ws/install/visualization_msgs/share/visualization_msgs/environment/library_path.dsv
[3.635s] -- Up-to-date: /home/robot/app/robot_ws/install/visualization_msgs/lib/libvisualization_msgs__rosidl_generator_c.so
[3.635s] -- Up-to-date: /home/robot/app/robot_ws/install/visualization_msgs/include/visualization_msgs/visualization_msgs
[3.636s] -- Up-to-date: /home/robot/app/robot_ws/install/visualization_msgs/include/visualization_msgs/visualization_msgs/srv
[3.636s] -- Up-to-date: /home/robot/app/robot_ws/install/visualization_msgs/include/visualization_msgs/visualization_msgs/srv/detail
[3.636s] -- Up-to-date: /home/robot/app/robot_ws/install/visualization_msgs/include/visualization_msgs/visualization_msgs/srv/detail/get_interactive_markers__rosidl_typesupport_fastrtps_c.h
[3.636s] -- Up-to-date: /home/robot/app/robot_ws/install/visualization_msgs/include/visualization_msgs/visualization_msgs/msg
[3.636s] -- Up-to-date: /home/robot/app/robot_ws/install/visualization_msgs/include/visualization_msgs/visualization_msgs/msg/detail
[3.637s] -- Up-to-date: /home/robot/app/robot_ws/install/visualization_msgs/include/visualization_msgs/visualization_msgs/msg/detail/interactive_marker_pose__rosidl_typesupport_fastrtps_c.h
[3.637s] -- Up-to-date: /home/robot/app/robot_ws/install/visualization_msgs/include/visualization_msgs/visualization_msgs/msg/detail/uv_coordinate__rosidl_typesupport_fastrtps_c.h
[3.637s] -- Up-to-date: /home/robot/app/robot_ws/install/visualization_msgs/include/visualization_msgs/visualization_msgs/msg/detail/marker__rosidl_typesupport_fastrtps_c.h
[3.637s] -- Up-to-date: /home/robot/app/robot_ws/install/visualization_msgs/include/visualization_msgs/visualization_msgs/msg/detail/interactive_marker_init__rosidl_typesupport_fastrtps_c.h
[3.637s] -- Up-to-date: /home/robot/app/robot_ws/install/visualization_msgs/include/visualization_msgs/visualization_msgs/msg/detail/menu_entry__rosidl_typesupport_fastrtps_c.h
[3.637s] -- Up-to-date: /home/robot/app/robot_ws/install/visualization_msgs/include/visualization_msgs/visualization_msgs/msg/detail/marker_array__rosidl_typesupport_fastrtps_c.h
[3.637s] -- Up-to-date: /home/robot/app/robot_ws/install/visualization_msgs/include/visualization_msgs/visualization_msgs/msg/detail/mesh_file__rosidl_typesupport_fastrtps_c.h
[3.638s] -- Up-to-date: /home/robot/app/robot_ws/install/visualization_msgs/include/visualization_msgs/visualization_msgs/msg/detail/interactive_marker_control__rosidl_typesupport_fastrtps_c.h
[3.638s] -- Up-to-date: /home/robot/app/robot_ws/install/visualization_msgs/include/visualization_msgs/visualization_msgs/msg/detail/interactive_marker_feedback__rosidl_typesupport_fastrtps_c.h
[3.638s] -- Up-to-date: /home/robot/app/robot_ws/install/visualization_msgs/include/visualization_msgs/visualization_msgs/msg/detail/image_marker__rosidl_typesupport_fastrtps_c.h
[3.638s] -- Up-to-date: /home/robot/app/robot_ws/install/visualization_msgs/include/visualization_msgs/visualization_msgs/msg/detail/interactive_marker_update__rosidl_typesupport_fastrtps_c.h
[3.638s] -- Up-to-date: /home/robot/app/robot_ws/install/visualization_msgs/include/visualization_msgs/visualization_msgs/msg/detail/interactive_marker__rosidl_typesupport_fastrtps_c.h
[3.639s] -- Up-to-date: /home/robot/app/robot_ws/install/visualization_msgs/include/visualization_msgs/visualization_msgs/msg/rosidl_typesupport_fastrtps_c__visibility_control.h
[3.639s] -- Up-to-date: /home/robot/app/robot_ws/install/visualization_msgs/lib/libvisualization_msgs__rosidl_typesupport_fastrtps_c.so
[3.639s] -- Up-to-date: /home/robot/app/robot_ws/install/visualization_msgs/include/visualization_msgs/visualization_msgs
[3.639s] -- Up-to-date: /home/robot/app/robot_ws/install/visualization_msgs/include/visualization_msgs/visualization_msgs/srv
[3.639s] -- Up-to-date: /home/robot/app/robot_ws/install/visualization_msgs/include/visualization_msgs/visualization_msgs/srv/get_interactive_markers.hpp
[3.639s] -- Up-to-date: /home/robot/app/robot_ws/install/visualization_msgs/include/visualization_msgs/visualization_msgs/srv/detail
[3.640s] -- Up-to-date: /home/robot/app/robot_ws/install/visualization_msgs/include/visualization_msgs/visualization_msgs/srv/detail/get_interactive_markers__traits.hpp
[3.640s] -- Up-to-date: /home/robot/app/robot_ws/install/visualization_msgs/include/visualization_msgs/visualization_msgs/srv/detail/get_interactive_markers__builder.hpp
[3.640s] -- Up-to-date: /home/robot/app/robot_ws/install/visualization_msgs/include/visualization_msgs/visualization_msgs/srv/detail/get_interactive_markers__struct.hpp
[3.640s] -- Up-to-date: /home/robot/app/robot_ws/install/visualization_msgs/include/visualization_msgs/visualization_msgs/msg
[3.640s] -- Up-to-date: /home/robot/app/robot_ws/install/visualization_msgs/include/visualization_msgs/visualization_msgs/msg/marker.hpp
[3.640s] -- Up-to-date: /home/robot/app/robot_ws/install/visualization_msgs/include/visualization_msgs/visualization_msgs/msg/uv_coordinate.hpp
[3.640s] -- Up-to-date: /home/robot/app/robot_ws/install/visualization_msgs/include/visualization_msgs/visualization_msgs/msg/interactive_marker_update.hpp
[3.641s] -- Up-to-date: /home/robot/app/robot_ws/install/visualization_msgs/include/visualization_msgs/visualization_msgs/msg/menu_entry.hpp
[3.641s] -- Up-to-date: /home/robot/app/robot_ws/install/visualization_msgs/include/visualization_msgs/visualization_msgs/msg/mesh_file.hpp
[3.641s] -- Up-to-date: /home/robot/app/robot_ws/install/visualization_msgs/include/visualization_msgs/visualization_msgs/msg/interactive_marker_init.hpp
[3.641s] -- Up-to-date: /home/robot/app/robot_ws/install/visualization_msgs/include/visualization_msgs/visualization_msgs/msg/detail
[3.641s] -- Up-to-date: /home/robot/app/robot_ws/install/visualization_msgs/include/visualization_msgs/visualization_msgs/msg/detail/mesh_file__struct.hpp
[3.642s] -- Up-to-date: /home/robot/app/robot_ws/install/visualization_msgs/include/visualization_msgs/visualization_msgs/msg/detail/interactive_marker_pose__struct.hpp
[3.642s] -- Up-to-date: /home/robot/app/robot_ws/install/visualization_msgs/include/visualization_msgs/visualization_msgs/msg/detail/image_marker__traits.hpp
[3.642s] -- Up-to-date: /home/robot/app/robot_ws/install/visualization_msgs/include/visualization_msgs/visualization_msgs/msg/detail/marker_array__struct.hpp
[3.642s] -- Up-to-date: /home/robot/app/robot_ws/install/visualization_msgs/include/visualization_msgs/visualization_msgs/msg/detail/interactive_marker_pose__traits.hpp
[3.642s] -- Up-to-date: /home/robot/app/robot_ws/install/visualization_msgs/include/visualization_msgs/visualization_msgs/msg/detail/menu_entry__traits.hpp
[3.643s] -- Up-to-date: /home/robot/app/robot_ws/install/visualization_msgs/include/visualization_msgs/visualization_msgs/msg/detail/interactive_marker_init__traits.hpp
[3.643s] -- Up-to-date: /home/robot/app/robot_ws/install/visualization_msgs/include/visualization_msgs/visualization_msgs/msg/detail/uv_coordinate__struct.hpp
[3.643s] -- Up-to-date: /home/robot/app/robot_ws/install/visualization_msgs/include/visualization_msgs/visualization_msgs/msg/detail/interactive_marker__traits.hpp
[3.643s] -- Up-to-date: /home/robot/app/robot_ws/install/visualization_msgs/include/visualization_msgs/visualization_msgs/msg/detail/image_marker__struct.hpp
[3.644s] -- Up-to-date: /home/robot/app/robot_ws/install/visualization_msgs/include/visualization_msgs/visualization_msgs/msg/detail/interactive_marker_update__struct.hpp
[3.644s] -- Up-to-date: /home/robot/app/robot_ws/install/visualization_msgs/include/visualization_msgs/visualization_msgs/msg/detail/menu_entry__struct.hpp
[3.644s] -- Up-to-date: /home/robot/app/robot_ws/install/visualization_msgs/include/visualization_msgs/visualization_msgs/msg/detail/interactive_marker_feedback__struct.hpp
[3.644s] -- Up-to-date: /home/robot/app/robot_ws/install/visualization_msgs/include/visualization_msgs/visualization_msgs/msg/detail/menu_entry__builder.hpp
[3.645s] -- Up-to-date: /home/robot/app/robot_ws/install/visualization_msgs/include/visualization_msgs/visualization_msgs/msg/detail/interactive_marker_init__struct.hpp
[3.645s] -- Up-to-date: /home/robot/app/robot_ws/install/visualization_msgs/include/visualization_msgs/visualization_msgs/msg/detail/uv_coordinate__builder.hpp
[3.645s] -- Up-to-date: /home/robot/app/robot_ws/install/visualization_msgs/include/visualization_msgs/visualization_msgs/msg/detail/image_marker__builder.hpp
[3.645s] -- Up-to-date: /home/robot/app/robot_ws/install/visualization_msgs/include/visualization_msgs/visualization_msgs/msg/detail/interactive_marker_feedback__builder.hpp
[3.646s] -- Up-to-date: /home/robot/app/robot_ws/install/visualization_msgs/include/visualization_msgs/visualization_msgs/msg/detail/mesh_file__traits.hpp
[3.646s] -- Up-to-date: /home/robot/app/robot_ws/install/visualization_msgs/include/visualization_msgs/visualization_msgs/msg/detail/interactive_marker_feedback__traits.hpp
[3.646s] -- Up-to-date: /home/robot/app/robot_ws/install/visualization_msgs/include/visualization_msgs/visualization_msgs/msg/detail/interactive_marker_update__builder.hpp
[3.646s] -- Up-to-date: /home/robot/app/robot_ws/install/visualization_msgs/include/visualization_msgs/visualization_msgs/msg/detail/marker__builder.hpp
[3.647s] -- Up-to-date: /home/robot/app/robot_ws/install/visualization_msgs/include/visualization_msgs/visualization_msgs/msg/detail/interactive_marker_init__builder.hpp
[3.647s] -- Up-to-date: /home/robot/app/robot_ws/install/visualization_msgs/include/visualization_msgs/visualization_msgs/msg/detail/interactive_marker_control__builder.hpp
[3.647s] -- Up-to-date: /home/robot/app/robot_ws/install/visualization_msgs/include/visualization_msgs/visualization_msgs/msg/detail/interactive_marker_pose__builder.hpp
[3.647s] -- Up-to-date: /home/robot/app/robot_ws/install/visualization_msgs/include/visualization_msgs/visualization_msgs/msg/detail/interactive_marker_control__struct.hpp
[3.648s] -- Up-to-date: /home/robot/app/robot_ws/install/visualization_msgs/include/visualization_msgs/visualization_msgs/msg/detail/interactive_marker__struct.hpp
[3.648s] -- Up-to-date: /home/robot/app/robot_ws/install/visualization_msgs/include/visualization_msgs/visualization_msgs/msg/detail/mesh_file__builder.hpp
[3.648s] -- Up-to-date: /home/robot/app/robot_ws/install/visualization_msgs/include/visualization_msgs/visualization_msgs/msg/detail/interactive_marker__builder.hpp
[3.648s] -- Up-to-date: /home/robot/app/robot_ws/install/visualization_msgs/include/visualization_msgs/visualization_msgs/msg/detail/marker__struct.hpp
[3.649s] -- Up-to-date: /home/robot/app/robot_ws/install/visualization_msgs/include/visualization_msgs/visualization_msgs/msg/detail/marker_array__builder.hpp
[3.649s] -- Up-to-date: /home/robot/app/robot_ws/install/visualization_msgs/include/visualization_msgs/visualization_msgs/msg/detail/marker__traits.hpp
[3.649s] -- Up-to-date: /home/robot/app/robot_ws/install/visualization_msgs/include/visualization_msgs/visualization_msgs/msg/detail/interactive_marker_control__traits.hpp
[3.649s] -- Up-to-date: /home/robot/app/robot_ws/install/visualization_msgs/include/visualization_msgs/visualization_msgs/msg/detail/marker_array__traits.hpp
[3.650s] -- Up-to-date: /home/robot/app/robot_ws/install/visualization_msgs/include/visualization_msgs/visualization_msgs/msg/detail/interactive_marker_update__traits.hpp
[3.650s] -- Up-to-date: /home/robot/app/robot_ws/install/visualization_msgs/include/visualization_msgs/visualization_msgs/msg/detail/uv_coordinate__traits.hpp
[3.650s] -- Up-to-date: /home/robot/app/robot_ws/install/visualization_msgs/include/visualization_msgs/visualization_msgs/msg/image_marker.hpp
[3.651s] -- Up-to-date: /home/robot/app/robot_ws/install/visualization_msgs/include/visualization_msgs/visualization_msgs/msg/interactive_marker_control.hpp
[3.652s] -- Up-to-date: /home/robot/app/robot_ws/install/visualization_msgs/include/visualization_msgs/visualization_msgs/msg/interactive_marker_pose.hpp
[3.653s] -- Up-to-date: /home/robot/app/robot_ws/install/visualization_msgs/include/visualization_msgs/visualization_msgs/msg/interactive_marker_feedback.hpp
[3.654s] -- Up-to-date: /home/robot/app/robot_ws/install/visualization_msgs/include/visualization_msgs/visualization_msgs/msg/marker_array.hpp
[3.654s] -- Up-to-date: /home/robot/app/robot_ws/install/visualization_msgs/include/visualization_msgs/visualization_msgs/msg/interactive_marker.hpp
[3.654s] -- Up-to-date: /home/robot/app/robot_ws/install/visualization_msgs/include/visualization_msgs/visualization_msgs
[3.654s] -- Up-to-date: /home/robot/app/robot_ws/install/visualization_msgs/include/visualization_msgs/visualization_msgs/srv
[3.655s] -- Up-to-date: /home/robot/app/robot_ws/install/visualization_msgs/include/visualization_msgs/visualization_msgs/srv/detail
[3.655s] -- Up-to-date: /home/robot/app/robot_ws/install/visualization_msgs/include/visualization_msgs/visualization_msgs/srv/detail/dds_fastrtps
[3.655s] -- Up-to-date: /home/robot/app/robot_ws/install/visualization_msgs/include/visualization_msgs/visualization_msgs/srv/detail/get_interactive_markers__rosidl_typesupport_fastrtps_cpp.hpp
[3.655s] -- Up-to-date: /home/robot/app/robot_ws/install/visualization_msgs/include/visualization_msgs/visualization_msgs/msg
[3.655s] -- Up-to-date: /home/robot/app/robot_ws/install/visualization_msgs/include/visualization_msgs/visualization_msgs/msg/rosidl_typesupport_fastrtps_cpp__visibility_control.h
[3.656s] -- Up-to-date: /home/robot/app/robot_ws/install/visualization_msgs/include/visualization_msgs/visualization_msgs/msg/detail
[3.656s] -- Up-to-date: /home/robot/app/robot_ws/install/visualization_msgs/include/visualization_msgs/visualization_msgs/msg/detail/mesh_file__rosidl_typesupport_fastrtps_cpp.hpp
[3.656s] -- Up-to-date: /home/robot/app/robot_ws/install/visualization_msgs/include/visualization_msgs/visualization_msgs/msg/detail/marker_array__rosidl_typesupport_fastrtps_cpp.hpp
[3.656s] -- Up-to-date: /home/robot/app/robot_ws/install/visualization_msgs/include/visualization_msgs/visualization_msgs/msg/detail/menu_entry__rosidl_typesupport_fastrtps_cpp.hpp
[3.656s] -- Up-to-date: /home/robot/app/robot_ws/install/visualization_msgs/include/visualization_msgs/visualization_msgs/msg/detail/marker__rosidl_typesupport_fastrtps_cpp.hpp
[3.657s] -- Up-to-date: /home/robot/app/robot_ws/install/visualization_msgs/include/visualization_msgs/visualization_msgs/msg/detail/interactive_marker_feedback__rosidl_typesupport_fastrtps_cpp.hpp
[3.657s] -- Up-to-date: /home/robot/app/robot_ws/install/visualization_msgs/include/visualization_msgs/visualization_msgs/msg/detail/dds_fastrtps
[3.657s] -- Up-to-date: /home/robot/app/robot_ws/install/visualization_msgs/include/visualization_msgs/visualization_msgs/msg/detail/interactive_marker_control__rosidl_typesupport_fastrtps_cpp.hpp
[3.657s] -- Up-to-date: /home/robot/app/robot_ws/install/visualization_msgs/include/visualization_msgs/visualization_msgs/msg/detail/interactive_marker_update__rosidl_typesupport_fastrtps_cpp.hpp
[3.657s] -- Up-to-date: /home/robot/app/robot_ws/install/visualization_msgs/include/visualization_msgs/visualization_msgs/msg/detail/uv_coordinate__rosidl_typesupport_fastrtps_cpp.hpp
[3.657s] -- Up-to-date: /home/robot/app/robot_ws/install/visualization_msgs/include/visualization_msgs/visualization_msgs/msg/detail/interactive_marker__rosidl_typesupport_fastrtps_cpp.hpp
[3.658s] -- Up-to-date: /home/robot/app/robot_ws/install/visualization_msgs/include/visualization_msgs/visualization_msgs/msg/detail/image_marker__rosidl_typesupport_fastrtps_cpp.hpp
[3.658s] -- Up-to-date: /home/robot/app/robot_ws/install/visualization_msgs/include/visualization_msgs/visualization_msgs/msg/detail/interactive_marker_pose__rosidl_typesupport_fastrtps_cpp.hpp
[3.658s] -- Up-to-date: /home/robot/app/robot_ws/install/visualization_msgs/include/visualization_msgs/visualization_msgs/msg/detail/interactive_marker_init__rosidl_typesupport_fastrtps_cpp.hpp
[3.658s] -- Up-to-date: /home/robot/app/robot_ws/install/visualization_msgs/lib/libvisualization_msgs__rosidl_typesupport_fastrtps_cpp.so
[3.658s] -- Up-to-date: /home/robot/app/robot_ws/install/visualization_msgs/include/visualization_msgs
[3.658s] -- Up-to-date: /home/robot/app/robot_ws/install/visualization_msgs/include/visualization_msgs/srv
[3.658s] -- Up-to-date: /home/robot/app/robot_ws/install/visualization_msgs/include/visualization_msgs/srv/detail
[3.658s] -- Up-to-date: /home/robot/app/robot_ws/install/visualization_msgs/include/visualization_msgs/srv/detail/get_interactive_markers__rosidl_typesupport_microxrcedds_c.h
[3.659s] -- Up-to-date: /home/robot/app/robot_ws/install/visualization_msgs/include/visualization_msgs/srv/detail/microxrcedds
[3.659s] -- Up-to-date: /home/robot/app/robot_ws/install/visualization_msgs/include/visualization_msgs/msg
[3.659s] -- Up-to-date: /home/robot/app/robot_ws/install/visualization_msgs/include/visualization_msgs/msg/detail
[3.659s] -- Up-to-date: /home/robot/app/robot_ws/install/visualization_msgs/include/visualization_msgs/msg/detail/interactive_marker__rosidl_typesupport_microxrcedds_c.h
[3.659s] -- Up-to-date: /home/robot/app/robot_ws/install/visualization_msgs/include/visualization_msgs/msg/detail/marker__rosidl_typesupport_microxrcedds_c.h
[3.660s] -- Up-to-date: /home/robot/app/robot_ws/install/visualization_msgs/include/visualization_msgs/msg/detail/menu_entry__rosidl_typesupport_microxrcedds_c.h
[3.660s] -- Up-to-date: /home/robot/app/robot_ws/install/visualization_msgs/include/visualization_msgs/msg/detail/mesh_file__rosidl_typesupport_microxrcedds_c.h
[3.660s] -- Up-to-date: /home/robot/app/robot_ws/install/visualization_msgs/include/visualization_msgs/msg/detail/interactive_marker_pose__rosidl_typesupport_microxrcedds_c.h
[3.660s] -- Up-to-date: /home/robot/app/robot_ws/install/visualization_msgs/include/visualization_msgs/msg/detail/interactive_marker_update__rosidl_typesupport_microxrcedds_c.h
[3.660s] -- Up-to-date: /home/robot/app/robot_ws/install/visualization_msgs/include/visualization_msgs/msg/detail/image_marker__rosidl_typesupport_microxrcedds_c.h
[3.661s] -- Up-to-date: /home/robot/app/robot_ws/install/visualization_msgs/include/visualization_msgs/msg/detail/uv_coordinate__rosidl_typesupport_microxrcedds_c.h
[3.661s] -- Up-to-date: /home/robot/app/robot_ws/install/visualization_msgs/include/visualization_msgs/msg/detail/microxrcedds
[3.661s] -- Up-to-date: /home/robot/app/robot_ws/install/visualization_msgs/include/visualization_msgs/msg/detail/interactive_marker_control__rosidl_typesupport_microxrcedds_c.h
[3.661s] -- Up-to-date: /home/robot/app/robot_ws/install/visualization_msgs/include/visualization_msgs/msg/detail/marker_array__rosidl_typesupport_microxrcedds_c.h
[3.662s] -- Up-to-date: /home/robot/app/robot_ws/install/visualization_msgs/include/visualization_msgs/msg/detail/interactive_marker_init__rosidl_typesupport_microxrcedds_c.h
[3.662s] -- Up-to-date: /home/robot/app/robot_ws/install/visualization_msgs/include/visualization_msgs/msg/detail/interactive_marker_feedback__rosidl_typesupport_microxrcedds_c.h
[3.662s] -- Up-to-date: /home/robot/app/robot_ws/install/visualization_msgs/include/visualization_msgs/msg/rosidl_typesupport_microxrcedds_c__visibility_control.h
[3.662s] -- Up-to-date: /home/robot/app/robot_ws/install/visualization_msgs/lib/libvisualization_msgs__rosidl_typesupport_microxrcedds_c.so
[3.662s] -- Up-to-date: /home/robot/app/robot_ws/install/visualization_msgs/include/visualization_msgs/visualization_msgs
[3.663s] -- Up-to-date: /home/robot/app/robot_ws/install/visualization_msgs/include/visualization_msgs/visualization_msgs/srv
[3.663s] -- Up-to-date: /home/robot/app/robot_ws/install/visualization_msgs/include/visualization_msgs/visualization_msgs/srv/detail
[3.663s] -- Up-to-date: /home/robot/app/robot_ws/install/visualization_msgs/include/visualization_msgs/visualization_msgs/srv/detail/get_interactive_markers__type_support.c
[3.663s] -- Up-to-date: /home/robot/app/robot_ws/install/visualization_msgs/include/visualization_msgs/visualization_msgs/srv/detail/get_interactive_markers__rosidl_typesupport_introspection_c.h
[3.664s] -- Up-to-date: /home/robot/app/robot_ws/install/visualization_msgs/include/visualization_msgs/visualization_msgs/msg
[3.664s] -- Up-to-date: /home/robot/app/robot_ws/install/visualization_msgs/include/visualization_msgs/visualization_msgs/msg/rosidl_typesupport_introspection_c__visibility_control.h
[3.664s] -- Up-to-date: /home/robot/app/robot_ws/install/visualization_msgs/include/visualization_msgs/visualization_msgs/msg/detail
[3.664s] -- Up-to-date: /home/robot/app/robot_ws/install/visualization_msgs/include/visualization_msgs/visualization_msgs/msg/detail/interactive_marker__rosidl_typesupport_introspection_c.h
[3.665s] -- Up-to-date: /home/robot/app/robot_ws/install/visualization_msgs/include/visualization_msgs/visualization_msgs/msg/detail/image_marker__rosidl_typesupport_introspection_c.h
[3.665s] -- Up-to-date: /home/robot/app/robot_ws/install/visualization_msgs/include/visualization_msgs/visualization_msgs/msg/detail/interactive_marker_pose__rosidl_typesupport_introspection_c.h
[3.665s] -- Up-to-date: /home/robot/app/robot_ws/install/visualization_msgs/include/visualization_msgs/visualization_msgs/msg/detail/interactive_marker_control__type_support.c
[3.665s] -- Up-to-date: /home/robot/app/robot_ws/install/visualization_msgs/include/visualization_msgs/visualization_msgs/msg/detail/marker_array__type_support.c
[3.665s] -- Up-to-date: /home/robot/app/robot_ws/install/visualization_msgs/include/visualization_msgs/visualization_msgs/msg/detail/interactive_marker_init__type_support.c
[3.666s] -- Up-to-date: /home/robot/app/robot_ws/install/visualization_msgs/include/visualization_msgs/visualization_msgs/msg/detail/menu_entry__rosidl_typesupport_introspection_c.h
[3.666s] -- Up-to-date: /home/robot/app/robot_ws/install/visualization_msgs/include/visualization_msgs/visualization_msgs/msg/detail/marker_array__rosidl_typesupport_introspection_c.h
[3.666s] -- Up-to-date: /home/robot/app/robot_ws/install/visualization_msgs/include/visualization_msgs/visualization_msgs/msg/detail/interactive_marker_update__rosidl_typesupport_introspection_c.h
[3.666s] -- Up-to-date: /home/robot/app/robot_ws/install/visualization_msgs/include/visualization_msgs/visualization_msgs/msg/detail/interactive_marker_feedback__type_support.c
[3.667s] -- Up-to-date: /home/robot/app/robot_ws/install/visualization_msgs/include/visualization_msgs/visualization_msgs/msg/detail/menu_entry__type_support.c
[3.667s] -- Up-to-date: /home/robot/app/robot_ws/install/visualization_msgs/include/visualization_msgs/visualization_msgs/msg/detail/interactive_marker_init__rosidl_typesupport_introspection_c.h
[3.667s] -- Up-to-date: /home/robot/app/robot_ws/install/visualization_msgs/include/visualization_msgs/visualization_msgs/msg/detail/interactive_marker_update__type_support.c
[3.668s] -- Up-to-date: /home/robot/app/robot_ws/install/visualization_msgs/include/visualization_msgs/visualization_msgs/msg/detail/interactive_marker_feedback__rosidl_typesupport_introspection_c.h
[3.668s] -- Up-to-date: /home/robot/app/robot_ws/install/visualization_msgs/include/visualization_msgs/visualization_msgs/msg/detail/interactive_marker__type_support.c
[3.668s] -- Up-to-date: /home/robot/app/robot_ws/install/visualization_msgs/include/visualization_msgs/visualization_msgs/msg/detail/mesh_file__type_support.c
[3.668s] -- Up-to-date: /home/robot/app/robot_ws/install/visualization_msgs/include/visualization_msgs/visualization_msgs/msg/detail/marker__rosidl_typesupport_introspection_c.h
[3.669s] -- Up-to-date: /home/robot/app/robot_ws/install/visualization_msgs/include/visualization_msgs/visualization_msgs/msg/detail/mesh_file__rosidl_typesupport_introspection_c.h
[3.669s] -- Up-to-date: /home/robot/app/robot_ws/install/visualization_msgs/include/visualization_msgs/visualization_msgs/msg/detail/uv_coordinate__type_support.c
[3.669s] -- Up-to-date: /home/robot/app/robot_ws/install/visualization_msgs/include/visualization_msgs/visualization_msgs/msg/detail/interactive_marker_control__rosidl_typesupport_introspection_c.h
[3.669s] -- Up-to-date: /home/robot/app/robot_ws/install/visualization_msgs/include/visualization_msgs/visualization_msgs/msg/detail/marker__type_support.c
[3.670s] -- Up-to-date: /home/robot/app/robot_ws/install/visualization_msgs/include/visualization_msgs/visualization_msgs/msg/detail/uv_coordinate__rosidl_typesupport_introspection_c.h
[3.670s] -- Up-to-date: /home/robot/app/robot_ws/install/visualization_msgs/include/visualization_msgs/visualization_msgs/msg/detail/interactive_marker_pose__type_support.c
[3.670s] -- Up-to-date: /home/robot/app/robot_ws/install/visualization_msgs/include/visualization_msgs/visualization_msgs/msg/detail/image_marker__type_support.c
[3.670s] -- Up-to-date: /home/robot/app/robot_ws/install/visualization_msgs/lib/libvisualization_msgs__rosidl_typesupport_introspection_c.so
[3.670s] -- Up-to-date: /home/robot/app/robot_ws/install/visualization_msgs/lib/libvisualization_msgs__rosidl_typesupport_c.so
[3.671s] -- Up-to-date: /home/robot/app/robot_ws/install/visualization_msgs/include/visualization_msgs
[3.671s] -- Up-to-date: /home/robot/app/robot_ws/install/visualization_msgs/include/visualization_msgs/srv
[3.671s] -- Up-to-date: /home/robot/app/robot_ws/install/visualization_msgs/include/visualization_msgs/srv/detail
[3.671s] -- Up-to-date: /home/robot/app/robot_ws/install/visualization_msgs/include/visualization_msgs/srv/detail/microxrcedds
[3.671s] -- Up-to-date: /home/robot/app/robot_ws/install/visualization_msgs/include/visualization_msgs/srv/detail/microxrcedds/get_interactive_markers__type_support_cpp.cpp
[3.672s] -- Up-to-date: /home/robot/app/robot_ws/install/visualization_msgs/include/visualization_msgs/srv/detail/get_interactive_markers__rosidl_typesupport_microxrcedds_cpp.hpp
[3.672s] -- Up-to-date: /home/robot/app/robot_ws/install/visualization_msgs/include/visualization_msgs/msg
[3.672s] -- Up-to-date: /home/robot/app/robot_ws/install/visualization_msgs/include/visualization_msgs/msg/detail
[3.672s] -- Up-to-date: /home/robot/app/robot_ws/install/visualization_msgs/include/visualization_msgs/msg/detail/marker__rosidl_typesupport_microxrcedds_cpp.hpp
[3.673s] -- Up-to-date: /home/robot/app/robot_ws/install/visualization_msgs/include/visualization_msgs/msg/detail/uv_coordinate__rosidl_typesupport_microxrcedds_cpp.hpp
[3.673s] -- Up-to-date: /home/robot/app/robot_ws/install/visualization_msgs/include/visualization_msgs/msg/detail/interactive_marker__rosidl_typesupport_microxrcedds_cpp.hpp
[3.673s] -- Up-to-date: /home/robot/app/robot_ws/install/visualization_msgs/include/visualization_msgs/msg/detail/interactive_marker_feedback__rosidl_typesupport_microxrcedds_cpp.hpp
[3.673s] -- Up-to-date: /home/robot/app/robot_ws/install/visualization_msgs/include/visualization_msgs/msg/detail/mesh_file__rosidl_typesupport_microxrcedds_cpp.hpp
[3.673s] -- Up-to-date: /home/robot/app/robot_ws/install/visualization_msgs/include/visualization_msgs/msg/detail/marker_array__rosidl_typesupport_microxrcedds_cpp.hpp
[3.674s] -- Up-to-date: /home/robot/app/robot_ws/install/visualization_msgs/include/visualization_msgs/msg/detail/interactive_marker_init__rosidl_typesupport_microxrcedds_cpp.hpp
[3.674s] -- Up-to-date: /home/robot/app/robot_ws/install/visualization_msgs/include/visualization_msgs/msg/detail/microxrcedds
[3.674s] -- Up-to-date: /home/robot/app/robot_ws/install/visualization_msgs/include/visualization_msgs/msg/detail/microxrcedds/uv_coordinate__type_support_cpp.cpp
[3.674s] -- Up-to-date: /home/robot/app/robot_ws/install/visualization_msgs/include/visualization_msgs/msg/detail/microxrcedds/image_marker__type_support_cpp.cpp
[3.674s] -- Up-to-date: /home/robot/app/robot_ws/install/visualization_msgs/include/visualization_msgs/msg/detail/microxrcedds/interactive_marker_feedback__type_support_cpp.cpp
[3.675s] -- Up-to-date: /home/robot/app/robot_ws/install/visualization_msgs/include/visualization_msgs/msg/detail/microxrcedds/interactive_marker_update__type_support_cpp.cpp
[3.675s] -- Up-to-date: /home/robot/app/robot_ws/install/visualization_msgs/include/visualization_msgs/msg/detail/microxrcedds/menu_entry__type_support_cpp.cpp
[3.675s] -- Up-to-date: /home/robot/app/robot_ws/install/visualization_msgs/include/visualization_msgs/msg/detail/microxrcedds/mesh_file__type_support_cpp.cpp
[3.677s] -- Up-to-date: /home/robot/app/robot_ws/install/visualization_msgs/include/visualization_msgs/msg/detail/microxrcedds/interactive_marker_init__type_support_cpp.cpp
[3.678s] -- Up-to-date: /home/robot/app/robot_ws/install/visualization_msgs/include/visualization_msgs/msg/detail/microxrcedds/interactive_marker__type_support_cpp.cpp
[3.678s] -- Up-to-date: /home/robot/app/robot_ws/install/visualization_msgs/include/visualization_msgs/msg/detail/microxrcedds/marker_array__type_support_cpp.cpp
[3.678s] -- Up-to-date: /home/robot/app/robot_ws/install/visualization_msgs/include/visualization_msgs/msg/detail/microxrcedds/interactive_marker_pose__type_support_cpp.cpp
[3.678s] -- Up-to-date: /home/robot/app/robot_ws/install/visualization_msgs/include/visualization_msgs/msg/detail/microxrcedds/interactive_marker_control__type_support_cpp.cpp
[3.678s] -- Up-to-date: /home/robot/app/robot_ws/install/visualization_msgs/include/visualization_msgs/msg/detail/microxrcedds/marker__type_support_cpp.cpp
[3.679s] -- Up-to-date: /home/robot/app/robot_ws/install/visualization_msgs/include/visualization_msgs/msg/detail/interactive_marker_control__rosidl_typesupport_microxrcedds_cpp.hpp
[3.679s] -- Up-to-date: /home/robot/app/robot_ws/install/visualization_msgs/include/visualization_msgs/msg/detail/interactive_marker_pose__rosidl_typesupport_microxrcedds_cpp.hpp
[3.679s] -- Up-to-date: /home/robot/app/robot_ws/install/visualization_msgs/include/visualization_msgs/msg/detail/menu_entry__rosidl_typesupport_microxrcedds_cpp.hpp
[3.679s] -- Up-to-date: /home/robot/app/robot_ws/install/visualization_msgs/include/visualization_msgs/msg/detail/image_marker__rosidl_typesupport_microxrcedds_cpp.hpp
[3.679s] -- Up-to-date: /home/robot/app/robot_ws/install/visualization_msgs/include/visualization_msgs/msg/detail/interactive_marker_update__rosidl_typesupport_microxrcedds_cpp.hpp
[3.680s] -- Up-to-date: /home/robot/app/robot_ws/install/visualization_msgs/include/visualization_msgs/msg/rosidl_typesupport_microxrcedds_cpp__visibility_control.h
[3.680s] -- Up-to-date: /home/robot/app/robot_ws/install/visualization_msgs/lib/libvisualization_msgs__rosidl_typesupport_microxrcedds_cpp.so
[3.680s] -- Up-to-date: /home/robot/app/robot_ws/install/visualization_msgs/include/visualization_msgs/visualization_msgs
[3.680s] -- Up-to-date: /home/robot/app/robot_ws/install/visualization_msgs/include/visualization_msgs/visualization_msgs/srv
[3.680s] -- Up-to-date: /home/robot/app/robot_ws/install/visualization_msgs/include/visualization_msgs/visualization_msgs/srv/detail
[3.681s] -- Up-to-date: /home/robot/app/robot_ws/install/visualization_msgs/include/visualization_msgs/visualization_msgs/srv/detail/get_interactive_markers__rosidl_typesupport_introspection_cpp.hpp
[3.681s] -- Up-to-date: /home/robot/app/robot_ws/install/visualization_msgs/include/visualization_msgs/visualization_msgs/srv/detail/get_interactive_markers__type_support.cpp
[3.681s] -- Up-to-date: /home/robot/app/robot_ws/install/visualization_msgs/include/visualization_msgs/visualization_msgs/msg
[3.681s] -- Up-to-date: /home/robot/app/robot_ws/install/visualization_msgs/include/visualization_msgs/visualization_msgs/msg/detail
[3.681s] -- Up-to-date: /home/robot/app/robot_ws/install/visualization_msgs/include/visualization_msgs/visualization_msgs/msg/detail/interactive_marker_control__type_support.cpp
[3.682s] -- Up-to-date: /home/robot/app/robot_ws/install/visualization_msgs/include/visualization_msgs/visualization_msgs/msg/detail/mesh_file__rosidl_typesupport_introspection_cpp.hpp
[3.682s] -- Up-to-date: /home/robot/app/robot_ws/install/visualization_msgs/include/visualization_msgs/visualization_msgs/msg/detail/mesh_file__type_support.cpp
[3.682s] -- Up-to-date: /home/robot/app/robot_ws/install/visualization_msgs/include/visualization_msgs/visualization_msgs/msg/detail/interactive_marker_feedback__rosidl_typesupport_introspection_cpp.hpp
[3.682s] -- Up-to-date: /home/robot/app/robot_ws/install/visualization_msgs/include/visualization_msgs/visualization_msgs/msg/detail/interactive_marker_feedback__type_support.cpp
[3.682s] -- Up-to-date: /home/robot/app/robot_ws/install/visualization_msgs/include/visualization_msgs/visualization_msgs/msg/detail/interactive_marker_pose__type_support.cpp
[3.683s] -- Up-to-date: /home/robot/app/robot_ws/install/visualization_msgs/include/visualization_msgs/visualization_msgs/msg/detail/interactive_marker_init__rosidl_typesupport_introspection_cpp.hpp
[3.683s] -- Up-to-date: /home/robot/app/robot_ws/install/visualization_msgs/include/visualization_msgs/visualization_msgs/msg/detail/interactive_marker_pose__rosidl_typesupport_introspection_cpp.hpp
[3.683s] -- Up-to-date: /home/robot/app/robot_ws/install/visualization_msgs/include/visualization_msgs/visualization_msgs/msg/detail/uv_coordinate__rosidl_typesupport_introspection_cpp.hpp
[3.683s] -- Up-to-date: /home/robot/app/robot_ws/install/visualization_msgs/include/visualization_msgs/visualization_msgs/msg/detail/image_marker__rosidl_typesupport_introspection_cpp.hpp
[3.683s] -- Up-to-date: /home/robot/app/robot_ws/install/visualization_msgs/include/visualization_msgs/visualization_msgs/msg/detail/menu_entry__type_support.cpp
[3.684s] -- Up-to-date: /home/robot/app/robot_ws/install/visualization_msgs/include/visualization_msgs/visualization_msgs/msg/detail/marker_array__type_support.cpp
[3.684s] -- Up-to-date: /home/robot/app/robot_ws/install/visualization_msgs/include/visualization_msgs/visualization_msgs/msg/detail/interactive_marker_update__rosidl_typesupport_introspection_cpp.hpp
[3.684s] -- Up-to-date: /home/robot/app/robot_ws/install/visualization_msgs/include/visualization_msgs/visualization_msgs/msg/detail/menu_entry__rosidl_typesupport_introspection_cpp.hpp
[3.684s] -- Up-to-date: /home/robot/app/robot_ws/install/visualization_msgs/include/visualization_msgs/visualization_msgs/msg/detail/interactive_marker_control__rosidl_typesupport_introspection_cpp.hpp
[3.685s] -- Up-to-date: /home/robot/app/robot_ws/install/visualization_msgs/include/visualization_msgs/visualization_msgs/msg/detail/interactive_marker_init__type_support.cpp
[3.685s] -- Up-to-date: /home/robot/app/robot_ws/install/visualization_msgs/include/visualization_msgs/visualization_msgs/msg/detail/image_marker__type_support.cpp
[3.685s] -- Up-to-date: /home/robot/app/robot_ws/install/visualization_msgs/include/visualization_msgs/visualization_msgs/msg/detail/interactive_marker__type_support.cpp
[3.685s] -- Up-to-date: /home/robot/app/robot_ws/install/visualization_msgs/include/visualization_msgs/visualization_msgs/msg/detail/marker__rosidl_typesupport_introspection_cpp.hpp
[3.685s] -- Up-to-date: /home/robot/app/robot_ws/install/visualization_msgs/include/visualization_msgs/visualization_msgs/msg/detail/interactive_marker_update__type_support.cpp
[3.686s] -- Up-to-date: /home/robot/app/robot_ws/install/visualization_msgs/include/visualization_msgs/visualization_msgs/msg/detail/marker__type_support.cpp
[3.686s] -- Up-to-date: /home/robot/app/robot_ws/install/visualization_msgs/include/visualization_msgs/visualization_msgs/msg/detail/uv_coordinate__type_support.cpp
[3.686s] -- Up-to-date: /home/robot/app/robot_ws/install/visualization_msgs/include/visualization_msgs/visualization_msgs/msg/detail/marker_array__rosidl_typesupport_introspection_cpp.hpp
[3.686s] -- Up-to-date: /home/robot/app/robot_ws/install/visualization_msgs/include/visualization_msgs/visualization_msgs/msg/detail/interactive_marker__rosidl_typesupport_introspection_cpp.hpp
[3.686s] -- Up-to-date: /home/robot/app/robot_ws/install/visualization_msgs/lib/libvisualization_msgs__rosidl_typesupport_introspection_cpp.so
[3.687s] -- Up-to-date: /home/robot/app/robot_ws/install/visualization_msgs/lib/libvisualization_msgs__rosidl_typesupport_cpp.so
[3.687s] -- Up-to-date: /home/robot/app/robot_ws/install/visualization_msgs/share/visualization_msgs/environment/pythonpath.sh
[3.687s] -- Up-to-date: /home/robot/app/robot_ws/install/visualization_msgs/share/visualization_msgs/environment/pythonpath.dsv
[3.687s] -- Up-to-date: /home/robot/app/robot_ws/install/visualization_msgs/local/lib/python3.10/dist-packages/visualization_msgs-4.2.4-py3.10.egg-info
[3.687s] -- Installing: /home/robot/app/robot_ws/install/visualization_msgs/local/lib/python3.10/dist-packages/visualization_msgs-4.2.4-py3.10.egg-info/dependency_links.txt
[3.688s] -- Installing: /home/robot/app/robot_ws/install/visualization_msgs/local/lib/python3.10/dist-packages/visualization_msgs-4.2.4-py3.10.egg-info/PKG-INFO
[3.688s] -- Installing: /home/robot/app/robot_ws/install/visualization_msgs/local/lib/python3.10/dist-packages/visualization_msgs-4.2.4-py3.10.egg-info/SOURCES.txt
[3.688s] -- Installing: /home/robot/app/robot_ws/install/visualization_msgs/local/lib/python3.10/dist-packages/visualization_msgs-4.2.4-py3.10.egg-info/top_level.txt
[3.688s] -- Up-to-date: /home/robot/app/robot_ws/install/visualization_msgs/local/lib/python3.10/dist-packages/visualization_msgs
[3.688s] -- Up-to-date: /home/robot/app/robot_ws/install/visualization_msgs/local/lib/python3.10/dist-packages/visualization_msgs/__init__.py
[3.689s] -- Up-to-date: /home/robot/app/robot_ws/install/visualization_msgs/local/lib/python3.10/dist-packages/visualization_msgs/visualization_msgs_s__rosidl_typesupport_microxrcedds_c.cpython-310-x86_64-linux-gnu.so
[3.689s] -- Up-to-date: /home/robot/app/robot_ws/install/visualization_msgs/local/lib/python3.10/dist-packages/visualization_msgs/srv
[3.689s] -- Up-to-date: /home/robot/app/robot_ws/install/visualization_msgs/local/lib/python3.10/dist-packages/visualization_msgs/srv/__init__.py
[3.689s] -- Up-to-date: /home/robot/app/robot_ws/install/visualization_msgs/local/lib/python3.10/dist-packages/visualization_msgs/srv/_get_interactive_markers.py
[3.689s] -- Up-to-date: /home/robot/app/robot_ws/install/visualization_msgs/local/lib/python3.10/dist-packages/visualization_msgs/srv/_get_interactive_markers_s.c
[3.690s] -- Up-to-date: /home/robot/app/robot_ws/install/visualization_msgs/local/lib/python3.10/dist-packages/visualization_msgs/visualization_msgs_s__rosidl_typesupport_fastrtps_c.cpython-310-x86_64-linux-gnu.so
[3.690s] -- Up-to-date: /home/robot/app/robot_ws/install/visualization_msgs/local/lib/python3.10/dist-packages/visualization_msgs/_visualization_msgs_s.ep.rosidl_typesupport_fastrtps_c.c
[3.690s] -- Up-to-date: /home/robot/app/robot_ws/install/visualization_msgs/local/lib/python3.10/dist-packages/visualization_msgs/visualization_msgs_s__rosidl_typesupport_introspection_c.cpython-310-x86_64-linux-gnu.so
[3.690s] -- Up-to-date: /home/robot/app/robot_ws/install/visualization_msgs/local/lib/python3.10/dist-packages/visualization_msgs/visualization_msgs_s__rosidl_typesupport_c.cpython-310-x86_64-linux-gnu.so
[3.690s] -- Up-to-date: /home/robot/app/robot_ws/install/visualization_msgs/local/lib/python3.10/dist-packages/visualization_msgs/_visualization_msgs_s.ep.rosidl_typesupport_introspection_c.c
[3.691s] -- Up-to-date: /home/robot/app/robot_ws/install/visualization_msgs/local/lib/python3.10/dist-packages/visualization_msgs/_visualization_msgs_s.ep.rosidl_typesupport_c.c
[3.691s] -- Up-to-date: /home/robot/app/robot_ws/install/visualization_msgs/local/lib/python3.10/dist-packages/visualization_msgs/_visualization_msgs_s.ep.rosidl_typesupport_microxrcedds_c.c
[3.691s] -- Up-to-date: /home/robot/app/robot_ws/install/visualization_msgs/local/lib/python3.10/dist-packages/visualization_msgs/msg
[3.691s] -- Up-to-date: /home/robot/app/robot_ws/install/visualization_msgs/local/lib/python3.10/dist-packages/visualization_msgs/msg/__init__.py
[3.691s] -- Up-to-date: /home/robot/app/robot_ws/install/visualization_msgs/local/lib/python3.10/dist-packages/visualization_msgs/msg/_image_marker.py
[3.692s] -- Up-to-date: /home/robot/app/robot_ws/install/visualization_msgs/local/lib/python3.10/dist-packages/visualization_msgs/msg/_interactive_marker_feedback.py
[3.692s] -- Up-to-date: /home/robot/app/robot_ws/install/visualization_msgs/local/lib/python3.10/dist-packages/visualization_msgs/msg/_uv_coordinate.py
[3.692s] -- Up-to-date: /home/robot/app/robot_ws/install/visualization_msgs/local/lib/python3.10/dist-packages/visualization_msgs/msg/_interactive_marker_s.c
[3.692s] -- Up-to-date: /home/robot/app/robot_ws/install/visualization_msgs/local/lib/python3.10/dist-packages/visualization_msgs/msg/_interactive_marker_control.py
[3.693s] -- Up-to-date: /home/robot/app/robot_ws/install/visualization_msgs/local/lib/python3.10/dist-packages/visualization_msgs/msg/_mesh_file_s.c
[3.693s] -- Up-to-date: /home/robot/app/robot_ws/install/visualization_msgs/local/lib/python3.10/dist-packages/visualization_msgs/msg/_interactive_marker_feedback_s.c
[3.693s] -- Up-to-date: /home/robot/app/robot_ws/install/visualization_msgs/local/lib/python3.10/dist-packages/visualization_msgs/msg/_interactive_marker_pose_s.c
[3.693s] -- Up-to-date: /home/robot/app/robot_ws/install/visualization_msgs/local/lib/python3.10/dist-packages/visualization_msgs/msg/_marker_array_s.c
[3.693s] -- Up-to-date: /home/robot/app/robot_ws/install/visualization_msgs/local/lib/python3.10/dist-packages/visualization_msgs/msg/_menu_entry_s.c
[3.694s] -- Up-to-date: /home/robot/app/robot_ws/install/visualization_msgs/local/lib/python3.10/dist-packages/visualization_msgs/msg/_interactive_marker.py
[3.694s] -- Up-to-date: /home/robot/app/robot_ws/install/visualization_msgs/local/lib/python3.10/dist-packages/visualization_msgs/msg/_image_marker_s.c
[3.694s] -- Up-to-date: /home/robot/app/robot_ws/install/visualization_msgs/local/lib/python3.10/dist-packages/visualization_msgs/msg/_interactive_marker_update_s.c
[3.694s] -- Up-to-date: /home/robot/app/robot_ws/install/visualization_msgs/local/lib/python3.10/dist-packages/visualization_msgs/msg/_interactive_marker_update.py
[3.694s] -- Up-to-date: /home/robot/app/robot_ws/install/visualization_msgs/local/lib/python3.10/dist-packages/visualization_msgs/msg/_menu_entry.py
[3.694s] -- Up-to-date: /home/robot/app/robot_ws/install/visualization_msgs/local/lib/python3.10/dist-packages/visualization_msgs/msg/_marker_s.c
[3.695s] -- Up-to-date: /home/robot/app/robot_ws/install/visualization_msgs/local/lib/python3.10/dist-packages/visualization_msgs/msg/_interactive_marker_control_s.c
[3.695s] -- Up-to-date: /home/robot/app/robot_ws/install/visualization_msgs/local/lib/python3.10/dist-packages/visualization_msgs/msg/_uv_coordinate_s.c
[3.695s] -- Up-to-date: /home/robot/app/robot_ws/install/visualization_msgs/local/lib/python3.10/dist-packages/visualization_msgs/msg/_interactive_marker_init_s.c
[3.695s] -- Up-to-date: /home/robot/app/robot_ws/install/visualization_msgs/local/lib/python3.10/dist-packages/visualization_msgs/msg/_mesh_file.py
[3.696s] -- Up-to-date: /home/robot/app/robot_ws/install/visualization_msgs/local/lib/python3.10/dist-packages/visualization_msgs/msg/_marker_array.py
[3.696s] -- Up-to-date: /home/robot/app/robot_ws/install/visualization_msgs/local/lib/python3.10/dist-packages/visualization_msgs/msg/_marker.py
[3.696s] -- Up-to-date: /home/robot/app/robot_ws/install/visualization_msgs/local/lib/python3.10/dist-packages/visualization_msgs/msg/_interactive_marker_init.py
[3.696s] -- Up-to-date: /home/robot/app/robot_ws/install/visualization_msgs/local/lib/python3.10/dist-packages/visualization_msgs/msg/_interactive_marker_pose.py
[3.696s] -- Up-to-date: /home/robot/app/robot_ws/install/visualization_msgs/local/lib/python3.10/dist-packages/visualization_msgs/libvisualization_msgs__rosidl_generator_py.so
[3.773s] Listing '/home/robot/app/robot_ws/install/visualization_msgs/local/lib/python3.10/dist-packages/visualization_msgs'...
[3.773s] Listing '/home/robot/app/robot_ws/install/visualization_msgs/local/lib/python3.10/dist-packages/visualization_msgs/msg'...
[3.773s] Listing '/home/robot/app/robot_ws/install/visualization_msgs/local/lib/python3.10/dist-packages/visualization_msgs/srv'...
[3.782s] -- Up-to-date: /home/robot/app/robot_ws/install/visualization_msgs/local/lib/python3.10/dist-packages/visualization_msgs/visualization_msgs_s__rosidl_typesupport_microxrcedds_c.cpython-310-x86_64-linux-gnu.so
[3.782s] -- Up-to-date: /home/robot/app/robot_ws/install/visualization_msgs/local/lib/python3.10/dist-packages/visualization_msgs/visualization_msgs_s__rosidl_typesupport_fastrtps_c.cpython-310-x86_64-linux-gnu.so
[3.783s] -- Up-to-date: /home/robot/app/robot_ws/install/visualization_msgs/local/lib/python3.10/dist-packages/visualization_msgs/visualization_msgs_s__rosidl_typesupport_introspection_c.cpython-310-x86_64-linux-gnu.so
[3.785s] -- Up-to-date: /home/robot/app/robot_ws/install/visualization_msgs/local/lib/python3.10/dist-packages/visualization_msgs/visualization_msgs_s__rosidl_typesupport_c.cpython-310-x86_64-linux-gnu.so
[3.785s] -- Up-to-date: /home/robot/app/robot_ws/install/visualization_msgs/lib/libvisualization_msgs__rosidl_generator_py.so
[3.786s] -- Up-to-date: /home/robot/app/robot_ws/install/visualization_msgs/share/visualization_msgs/msg/ImageMarker.idl
[3.786s] -- Up-to-date: /home/robot/app/robot_ws/install/visualization_msgs/share/visualization_msgs/msg/InteractiveMarker.idl
[3.786s] -- Up-to-date: /home/robot/app/robot_ws/install/visualization_msgs/share/visualization_msgs/msg/InteractiveMarkerControl.idl
[3.786s] -- Up-to-date: /home/robot/app/robot_ws/install/visualization_msgs/share/visualization_msgs/msg/InteractiveMarkerFeedback.idl
[3.787s] -- Up-to-date: /home/robot/app/robot_ws/install/visualization_msgs/share/visualization_msgs/msg/InteractiveMarkerInit.idl
[3.787s] -- Up-to-date: /home/robot/app/robot_ws/install/visualization_msgs/share/visualization_msgs/msg/InteractiveMarkerPose.idl
[3.787s] -- Up-to-date: /home/robot/app/robot_ws/install/visualization_msgs/share/visualization_msgs/msg/InteractiveMarkerUpdate.idl
[3.788s] -- Up-to-date: /home/robot/app/robot_ws/install/visualization_msgs/share/visualization_msgs/msg/Marker.idl
[3.788s] -- Up-to-date: /home/robot/app/robot_ws/install/visualization_msgs/share/visualization_msgs/msg/MarkerArray.idl
[3.788s] -- Up-to-date: /home/robot/app/robot_ws/install/visualization_msgs/share/visualization_msgs/msg/MenuEntry.idl
[3.788s] -- Up-to-date: /home/robot/app/robot_ws/install/visualization_msgs/share/visualization_msgs/msg/MeshFile.idl
[3.788s] -- Up-to-date: /home/robot/app/robot_ws/install/visualization_msgs/share/visualization_msgs/msg/UVCoordinate.idl
[3.789s] -- Up-to-date: /home/robot/app/robot_ws/install/visualization_msgs/share/visualization_msgs/srv/GetInteractiveMarkers.idl
[3.789s] -- Up-to-date: /home/robot/app/robot_ws/install/visualization_msgs/share/visualization_msgs/msg/ImageMarker.msg
[3.790s] -- Up-to-date: /home/robot/app/robot_ws/install/visualization_msgs/share/visualization_msgs/msg/InteractiveMarker.msg
[3.790s] -- Up-to-date: /home/robot/app/robot_ws/install/visualization_msgs/share/visualization_msgs/msg/InteractiveMarkerControl.msg
[3.790s] -- Up-to-date: /home/robot/app/robot_ws/install/visualization_msgs/share/visualization_msgs/msg/InteractiveMarkerFeedback.msg
[3.790s] -- Up-to-date: /home/robot/app/robot_ws/install/visualization_msgs/share/visualization_msgs/msg/InteractiveMarkerInit.msg
[3.790s] -- Up-to-date: /home/robot/app/robot_ws/install/visualization_msgs/share/visualization_msgs/msg/InteractiveMarkerPose.msg
[3.791s] -- Up-to-date: /home/robot/app/robot_ws/install/visualization_msgs/share/visualization_msgs/msg/InteractiveMarkerUpdate.msg
[3.791s] -- Up-to-date: /home/robot/app/robot_ws/install/visualization_msgs/share/visualization_msgs/msg/Marker.msg
[3.791s] -- Up-to-date: /home/robot/app/robot_ws/install/visualization_msgs/share/visualization_msgs/msg/MarkerArray.msg
[3.791s] -- Up-to-date: /home/robot/app/robot_ws/install/visualization_msgs/share/visualization_msgs/msg/MenuEntry.msg
[3.792s] -- Up-to-date: /home/robot/app/robot_ws/install/visualization_msgs/share/visualization_msgs/msg/MeshFile.msg
[3.792s] -- Up-to-date: /home/robot/app/robot_ws/install/visualization_msgs/share/visualization_msgs/msg/UVCoordinate.msg
[3.792s] -- Up-to-date: /home/robot/app/robot_ws/install/visualization_msgs/share/visualization_msgs/srv/GetInteractiveMarkers.srv
[3.792s] -- Up-to-date: /home/robot/app/robot_ws/install/visualization_msgs/share/visualization_msgs/srv/GetInteractiveMarkers_Request.msg
[3.793s] -- Up-to-date: /home/robot/app/robot_ws/install/visualization_msgs/share/visualization_msgs/srv/GetInteractiveMarkers_Response.msg
[3.793s] -- Up-to-date: /home/robot/app/robot_ws/install/visualization_msgs/share/ament_index/resource_index/package_run_dependencies/visualization_msgs
[3.793s] -- Up-to-date: /home/robot/app/robot_ws/install/visualization_msgs/share/ament_index/resource_index/parent_prefix_path/visualization_msgs
[3.793s] -- Up-to-date: /home/robot/app/robot_ws/install/visualization_msgs/share/visualization_msgs/environment/ament_prefix_path.sh
[3.794s] -- Up-to-date: /home/robot/app/robot_ws/install/visualization_msgs/share/visualization_msgs/environment/ament_prefix_path.dsv
[3.794s] -- Up-to-date: /home/robot/app/robot_ws/install/visualization_msgs/share/visualization_msgs/environment/path.sh
[3.794s] -- Up-to-date: /home/robot/app/robot_ws/install/visualization_msgs/share/visualization_msgs/environment/path.dsv
[3.794s] -- Up-to-date: /home/robot/app/robot_ws/install/visualization_msgs/share/visualization_msgs/local_setup.bash
[3.794s] -- Up-to-date: /home/robot/app/robot_ws/install/visualization_msgs/share/visualization_msgs/local_setup.sh
[3.794s] -- Up-to-date: /home/robot/app/robot_ws/install/visualization_msgs/share/visualization_msgs/local_setup.zsh
[3.795s] -- Up-to-date: /home/robot/app/robot_ws/install/visualization_msgs/share/visualization_msgs/local_setup.dsv
[3.795s] -- Installing: /home/robot/app/robot_ws/install/visualization_msgs/share/visualization_msgs/package.dsv
[3.795s] -- Up-to-date: /home/robot/app/robot_ws/install/visualization_msgs/share/ament_index/resource_index/packages/visualization_msgs
[3.795s] -- Up-to-date: /home/robot/app/robot_ws/install/visualization_msgs/share/visualization_msgs/cmake/export_visualization_msgs__rosidl_generator_cExport.cmake
[3.795s] -- Up-to-date: /home/robot/app/robot_ws/install/visualization_msgs/share/visualization_msgs/cmake/export_visualization_msgs__rosidl_generator_cExport-noconfig.cmake
[3.796s] -- Up-to-date: /home/robot/app/robot_ws/install/visualization_msgs/share/visualization_msgs/cmake/export_visualization_msgs__rosidl_typesupport_fastrtps_cExport.cmake
[3.796s] -- Up-to-date: /home/robot/app/robot_ws/install/visualization_msgs/share/visualization_msgs/cmake/export_visualization_msgs__rosidl_typesupport_fastrtps_cExport-noconfig.cmake
[3.797s] -- Up-to-date: /home/robot/app/robot_ws/install/visualization_msgs/share/visualization_msgs/cmake/export_visualization_msgs__rosidl_generator_cppExport.cmake
[3.798s] -- Up-to-date: /home/robot/app/robot_ws/install/visualization_msgs/share/visualization_msgs/cmake/export_visualization_msgs__rosidl_typesupport_fastrtps_cppExport.cmake
[3.798s] -- Up-to-date: /home/robot/app/robot_ws/install/visualization_msgs/share/visualization_msgs/cmake/export_visualization_msgs__rosidl_typesupport_fastrtps_cppExport-noconfig.cmake
[3.798s] -- Up-to-date: /home/robot/app/robot_ws/install/visualization_msgs/share/visualization_msgs/cmake/visualization_msgs__rosidl_typesupport_introspection_cExport.cmake
[3.799s] -- Up-to-date: /home/robot/app/robot_ws/install/visualization_msgs/share/visualization_msgs/cmake/visualization_msgs__rosidl_typesupport_introspection_cExport-noconfig.cmake
[3.799s] -- Up-to-date: /home/robot/app/robot_ws/install/visualization_msgs/share/visualization_msgs/cmake/visualization_msgs__rosidl_typesupport_cExport.cmake
[3.800s] -- Up-to-date: /home/robot/app/robot_ws/install/visualization_msgs/share/visualization_msgs/cmake/visualization_msgs__rosidl_typesupport_cExport-noconfig.cmake
[3.800s] -- Up-to-date: /home/robot/app/robot_ws/install/visualization_msgs/share/visualization_msgs/cmake/visualization_msgs__rosidl_typesupport_introspection_cppExport.cmake
[3.801s] -- Up-to-date: /home/robot/app/robot_ws/install/visualization_msgs/share/visualization_msgs/cmake/visualization_msgs__rosidl_typesupport_introspection_cppExport-noconfig.cmake
[3.801s] -- Up-to-date: /home/robot/app/robot_ws/install/visualization_msgs/share/visualization_msgs/cmake/visualization_msgs__rosidl_typesupport_cppExport.cmake
[3.802s] -- Up-to-date: /home/robot/app/robot_ws/install/visualization_msgs/share/visualization_msgs/cmake/visualization_msgs__rosidl_typesupport_cppExport-noconfig.cmake
[3.802s] -- Up-to-date: /home/robot/app/robot_ws/install/visualization_msgs/share/visualization_msgs/cmake/export_visualization_msgs__rosidl_generator_pyExport.cmake
[3.803s] -- Up-to-date: /home/robot/app/robot_ws/install/visualization_msgs/share/visualization_msgs/cmake/export_visualization_msgs__rosidl_generator_pyExport-noconfig.cmake
[3.803s] -- Up-to-date: /home/robot/app/robot_ws/install/visualization_msgs/share/visualization_msgs/cmake/rosidl_cmake-extras.cmake
[3.803s] -- Up-to-date: /home/robot/app/robot_ws/install/visualization_msgs/share/visualization_msgs/cmake/ament_cmake_export_dependencies-extras.cmake
[3.804s] -- Up-to-date: /home/robot/app/robot_ws/install/visualization_msgs/share/visualization_msgs/cmake/ament_cmake_export_include_directories-extras.cmake
[3.804s] -- Up-to-date: /home/robot/app/robot_ws/install/visualization_msgs/share/visualization_msgs/cmake/ament_cmake_export_libraries-extras.cmake
[3.804s] -- Up-to-date: /home/robot/app/robot_ws/install/visualization_msgs/share/visualization_msgs/cmake/ament_cmake_export_targets-extras.cmake
[3.805s] -- Up-to-date: /home/robot/app/robot_ws/install/visualization_msgs/share/visualization_msgs/cmake/rosidl_cmake_export_typesupport_targets-extras.cmake
[3.805s] -- Up-to-date: /home/robot/app/robot_ws/install/visualization_msgs/share/visualization_msgs/cmake/rosidl_cmake_export_typesupport_libraries-extras.cmake
[3.805s] -- Up-to-date: /home/robot/app/robot_ws/install/visualization_msgs/share/visualization_msgs/cmake/visualization_msgsConfig.cmake
[3.805s] -- Up-to-date: /home/robot/app/robot_ws/install/visualization_msgs/share/visualization_msgs/cmake/visualization_msgsConfig-version.cmake
[3.806s] -- Up-to-date: /home/robot/app/robot_ws/install/visualization_msgs/share/visualization_msgs/package.xml
[3.809s] Invoked command in '/home/robot/app/robot_ws/build/visualization_msgs' returned '0': CMAKE_PREFIX_PATH=/home/robot/app/robot_ws/install/sensor_msgs:/home/robot/app/robot_ws/install/geometry_msgs:/home/robot/app/robot_ws/install/std_msgs:/home/robot/app/robot_ws/install/builtin_interfaces:/home/robot/app/robot_ws/firmware/dev_ws/install/my_custom_message:/home/robot/app/robot_ws/install/micro_ros_demos_rclc:/home/robot/app/robot_ws/install/common_interfaces:/home/robot/app/robot_ws/install/visualization_msgs:/home/robot/app/robot_ws/install/test_msgs:/home/robot/app/robot_ws/install/example_interfaces:/home/robot/app/robot_ws/install/action_msgs:/home/robot/app/robot_ws/install/unique_identifier_msgs:/home/robot/app/robot_ws/install/trajectory_msgs:/home/robot/app/robot_ws/install/stereo_msgs:/home/robot/app/robot_ws/install/std_srvs:/home/robot/app/robot_ws/install/shape_msgs:/home/robot/app/robot_ws/install/nav_msgs:/home/robot/app/robot_ws/install/diagnostic_msgs:/home/robot/app/robot_ws/install/actionlib_msgs:/home/robot/app/robot_ws/install/statistics_msgs:/home/robot/app/robot_ws/install/rosidl_typesupport_microxrcedds_test_msg:/home/robot/app/robot_ws/install/rosidl_typesupport_microxrcedds_cpp_tests:/home/robot/app/robot_ws/install/rmw_microxrcedds:/home/robot/app/robot_ws/install/rosidl_typesupport_microxrcedds_cpp:/home/robot/app/robot_ws/install/rosidl_typesupport_microxrcedds_c_tests:/home/robot/app/robot_ws/install/rosidl_typesupport_microxrcedds_c:/home/robot/app/robot_ws/install/rosgraph_msgs:/home/robot/app/robot_ws/install/rclc_parameter:/home/robot/app/robot_ws/install/rclc:/home/robot/app/robot_ws/install/composition_interfaces:/home/robot/app/robot_ws/install/rcl_interfaces:/home/robot/app/robot_ws/install/microxrcedds_client:/home/robot/app/robot_ws/install/microcdr:/home/robot/app/robot_ws/install/micro_ros_utilities:/home/robot/app/robot_ws/install/micro_ros_setup:/home/robot/app/robot_ws/install/micro_ros_agent:/home/robot/app/robot_ws/install/micro_ros_msgs:/home/robot/app/robot_ws/install/lifecycle_msgs:/home/robot/app/robot_ws/install/complex_msgs:/home/robot/app/robot_ws/install/sensor_msgs_py:/opt/ros/humble LD_LIBRARY_PATH=/home/robot/app/robot_ws/install/sensor_msgs/lib:/home/robot/app/robot_ws/install/geometry_msgs/lib:/home/robot/app/robot_ws/install/std_msgs/lib:/home/robot/app/robot_ws/install/builtin_interfaces/lib:/home/robot/app/robot_ws/firmware/dev_ws/install/my_custom_message/lib:/home/robot/app/robot_ws/install/visualization_msgs/lib:/home/robot/app/robot_ws/install/test_msgs/lib:/home/robot/app/robot_ws/install/example_interfaces/lib:/home/robot/app/robot_ws/install/action_msgs/lib:/home/robot/app/robot_ws/install/unique_identifier_msgs/lib:/home/robot/app/robot_ws/install/trajectory_msgs/lib:/home/robot/app/robot_ws/install/stereo_msgs/lib:/home/robot/app/robot_ws/install/std_srvs/lib:/home/robot/app/robot_ws/install/shape_msgs/lib:/home/robot/app/robot_ws/install/nav_msgs/lib:/home/robot/app/robot_ws/install/diagnostic_msgs/lib:/home/robot/app/robot_ws/install/actionlib_msgs/lib:/home/robot/app/robot_ws/install/statistics_msgs/lib:/home/robot/app/robot_ws/install/rmw_microxrcedds/lib:/home/robot/app/robot_ws/install/rosidl_typesupport_microxrcedds_cpp/lib:/home/robot/app/robot_ws/install/rosidl_typesupport_microxrcedds_c/lib:/home/robot/app/robot_ws/install/rosgraph_msgs/lib:/home/robot/app/robot_ws/install/rclc_parameter/lib:/home/robot/app/robot_ws/install/rclc/lib:/home/robot/app/robot_ws/install/composition_interfaces/lib:/home/robot/app/robot_ws/install/rcl_interfaces/lib:/home/robot/app/robot_ws/install/microxrcedds_client/lib:/home/robot/app/robot_ws/install/microcdr/lib:/home/robot/app/robot_ws/install/micro_ros_utilities/lib:/home/robot/app/robot_ws/install/micro_ros_agent/lib:/home/robot/app/robot_ws/install/micro_ros_msgs/lib:/home/robot/app/robot_ws/install/lifecycle_msgs/lib:/home/robot/app/robot_ws/install/complex_msgs/lib:/opt/ros/humble/opt/rviz_ogre_vendor/lib:/opt/ros/humble/lib/x86_64-linux-gnu:/opt/ros/humble/lib /usr/bin/cmake --install /home/robot/app/robot_ws/build/visualization_msgs
