[0.018s] Invoking command in '/home/robot/app/robot_ws/build/micro_ros_msgs': CMAKE_PREFIX_PATH=${CMAKE_PREFIX_PATH}:/home/robot/app/robot_ws/install/sensor_msgs_py:/opt/ros/humble /usr/bin/cmake /home/robot/app/robot_ws/src/uros/micro_ros_msgs -DUAGENT_BUILD_EXECUTABLE=OFF -DUAGENT_P2P_PROFILE=OFF --no-warn-unused-cli -DCMAKE_INSTALL_PREFIX=/home/robot/app/robot_ws/install/micro_ros_msgs
[0.049s] Not searching for unused variables given on the command line.
[0.060s] -- Found ament_cmake: 1.3.10 (/opt/ros/humble/share/ament_cmake/cmake)
[0.249s] -- Found rosidl_default_generators: 1.2.0 (/opt/ros/humble/share/rosidl_default_generators/cmake)
[0.258s] -- Using all available rosidl_typesupport_c: rosidl_typesupport_microxrcedds_c;rosidl_typesupport_fastrtps_c;rosidl_typesupport_introspection_c
[0.263s] -- Found rosidl_adapter: 3.1.5 (/opt/ros/humble/share/rosidl_adapter/cmake)
[0.339s] -- Using all available rosidl_typesupport_cpp: rosidl_typesupport_microxrcedds_cpp;rosidl_typesupport_fastrtps_cpp;rosidl_typesupport_introspection_cpp
[0.714s] -- Found ament_cmake_ros: 0.10.0 (/opt/ros/humble/share/ament_cmake_ros/cmake)
[1.070s] -- Using all available rosidl_typesupport_c: rosidl_typesupport_microxrcedds_c;rosidl_typesupport_fastrtps_c;rosidl_typesupport_introspection_c
[1.471s] -- Using all available rosidl_typesupport_cpp: rosidl_typesupport_microxrcedds_cpp;rosidl_typesupport_fastrtps_cpp;rosidl_typesupport_introspection_cpp
[1.504s] -- Found python_cmake_module: 0.10.0 (/opt/ros/humble/share/python_cmake_module/cmake)
[1.537s] -- Using PYTHON_EXECUTABLE: /usr/bin/python3
[1.537s] -- Using PYTHON_INCLUDE_DIRS: /usr/include/python3.10
[1.537s] -- Using PYTHON_LIBRARIES: /usr/lib/x86_64-linux-gnu/libpython3.10.so
[1.580s] -- Configuring done
[1.643s] -- Generating done
[1.647s] -- Build files have been written to: /home/robot/app/robot_ws/build/micro_ros_msgs
[1.656s] Invoked command in '/home/robot/app/robot_ws/build/micro_ros_msgs' returned '0': CMAKE_PREFIX_PATH=${CMAKE_PREFIX_PATH}:/home/robot/app/robot_ws/install/sensor_msgs_py:/opt/ros/humble /usr/bin/cmake /home/robot/app/robot_ws/src/uros/micro_ros_msgs -DUAGENT_BUILD_EXECUTABLE=OFF -DUAGENT_P2P_PROFILE=OFF --no-warn-unused-cli -DCMAKE_INSTALL_PREFIX=/home/robot/app/robot_ws/install/micro_ros_msgs
[1.657s] Invoking command in '/home/robot/app/robot_ws/build/micro_ros_msgs': CMAKE_PREFIX_PATH=${CMAKE_PREFIX_PATH}:/home/robot/app/robot_ws/install/sensor_msgs_py:/opt/ros/humble /usr/bin/cmake --build /home/robot/app/robot_ws/build/micro_ros_msgs -- -j8 -l8
[1.713s] [35m[1mConsolidate compiler generated dependencies of target micro_ros_msgs__rosidl_generator_c[0m
[1.735s] [  8%] Built target micro_ros_msgs__rosidl_generator_c
[1.735s] [ 10%] Built target micro_ros_msgs__cpp
[1.771s] [35m[1mConsolidate compiler generated dependencies of target micro_ros_msgs__rosidl_typesupport_introspection_c[0m
[1.772s] [35m[1mConsolidate compiler generated dependencies of target micro_ros_msgs__rosidl_typesupport_microxrcedds_c[0m
[1.772s] [35m[1mConsolidate compiler generated dependencies of target micro_ros_msgs__rosidl_typesupport_fastrtps_c[0m
[1.776s] [35m[1mConsolidate compiler generated dependencies of target micro_ros_msgs__rosidl_typesupport_c[0m
[1.786s] [35m[1mConsolidate compiler generated dependencies of target micro_ros_msgs__rosidl_typesupport_microxrcedds_cpp[0m
[1.794s] [35m[1mConsolidate compiler generated dependencies of target micro_ros_msgs__rosidl_typesupport_fastrtps_cpp[0m
[1.808s] [ 10%] Built target ament_cmake_python_copy_micro_ros_msgs
[1.819s] [35m[1mConsolidate compiler generated dependencies of target micro_ros_msgs__rosidl_typesupport_introspection_cpp[0m
[1.822s] [ 18%] Built target micro_ros_msgs__rosidl_typesupport_fastrtps_c
[1.823s] [ 27%] Built target micro_ros_msgs__rosidl_typesupport_microxrcedds_c
[1.831s] [ 35%] Built target micro_ros_msgs__rosidl_typesupport_introspection_c
[1.835s] [ 44%] Built target micro_ros_msgs__rosidl_typesupport_c
[1.835s] [ 52%] Built target micro_ros_msgs__rosidl_typesupport_microxrcedds_cpp
[1.837s] [ 61%] Built target micro_ros_msgs__rosidl_typesupport_fastrtps_cpp
[1.845s] [ 69%] Built target micro_ros_msgs__rosidl_typesupport_introspection_cpp
[1.847s] [35m[1mConsolidate compiler generated dependencies of target micro_ros_msgs__rosidl_typesupport_cpp[0m
[1.865s] [ 77%] Built target micro_ros_msgs__rosidl_typesupport_cpp
[1.895s] [ 77%] Built target micro_ros_msgs
[1.924s] [ 79%] Built target micro_ros_msgs__py
[1.940s] [35m[1mConsolidate compiler generated dependencies of target micro_ros_msgs__rosidl_generator_py[0m
[1.965s] [ 86%] Built target micro_ros_msgs__rosidl_generator_py
[2.000s] [35m[1mConsolidate compiler generated dependencies of target micro_ros_msgs__rosidl_typesupport_c__pyext[0m
[2.001s] [35m[1mConsolidate compiler generated dependencies of target micro_ros_msgs__rosidl_typesupport_fastrtps_c__pyext[0m
[2.004s] [35m[1mConsolidate compiler generated dependencies of target micro_ros_msgs__rosidl_typesupport_introspection_c__pyext[0m
[2.005s] [35m[1mConsolidate compiler generated dependencies of target micro_ros_msgs__rosidl_typesupport_microxrcedds_c__pyext[0m
[2.025s] [ 89%] Built target micro_ros_msgs__rosidl_typesupport_c__pyext
[2.027s] [ 93%] Built target micro_ros_msgs__rosidl_typesupport_microxrcedds_c__pyext
[2.027s] [ 96%] Built target micro_ros_msgs__rosidl_typesupport_fastrtps_c__pyext
[2.032s] [100%] Built target micro_ros_msgs__rosidl_typesupport_introspection_c__pyext
[2.155s] running egg_info
[2.156s] writing micro_ros_msgs.egg-info/PKG-INFO
[2.156s] writing dependency_links to micro_ros_msgs.egg-info/dependency_links.txt
[2.156s] writing top-level names to micro_ros_msgs.egg-info/top_level.txt
[2.159s] reading manifest file 'micro_ros_msgs.egg-info/SOURCES.txt'
[2.160s] writing manifest file 'micro_ros_msgs.egg-info/SOURCES.txt'
[2.195s] [100%] Built target ament_cmake_python_build_micro_ros_msgs_egg
[2.209s] Invoked command in '/home/robot/app/robot_ws/build/micro_ros_msgs' returned '0': CMAKE_PREFIX_PATH=${CMAKE_PREFIX_PATH}:/home/robot/app/robot_ws/install/sensor_msgs_py:/opt/ros/humble /usr/bin/cmake --build /home/robot/app/robot_ws/build/micro_ros_msgs -- -j8 -l8
[2.418s] Invoking command in '/home/robot/app/robot_ws/build/micro_ros_msgs': CMAKE_PREFIX_PATH=${CMAKE_PREFIX_PATH}:/home/robot/app/robot_ws/install/sensor_msgs_py:/opt/ros/humble /usr/bin/cmake --install /home/robot/app/robot_ws/build/micro_ros_msgs
[2.429s] -- Install configuration: ""
[2.429s] -- Up-to-date: /home/robot/app/robot_ws/install/micro_ros_msgs/share/ament_index/resource_index/rosidl_interfaces/micro_ros_msgs
[2.429s] -- Up-to-date: /home/robot/app/robot_ws/install/micro_ros_msgs/include/micro_ros_msgs/micro_ros_msgs
[2.430s] -- Up-to-date: /home/robot/app/robot_ws/install/micro_ros_msgs/include/micro_ros_msgs/micro_ros_msgs/msg
[2.430s] -- Up-to-date: /home/robot/app/robot_ws/install/micro_ros_msgs/include/micro_ros_msgs/micro_ros_msgs/msg/node.h
[2.430s] -- Up-to-date: /home/robot/app/robot_ws/install/micro_ros_msgs/include/micro_ros_msgs/micro_ros_msgs/msg/entity.h
[2.430s] -- Up-to-date: /home/robot/app/robot_ws/install/micro_ros_msgs/include/micro_ros_msgs/micro_ros_msgs/msg/detail
[2.430s] -- Up-to-date: /home/robot/app/robot_ws/install/micro_ros_msgs/include/micro_ros_msgs/micro_ros_msgs/msg/detail/graph__struct.h
[2.430s] -- Up-to-date: /home/robot/app/robot_ws/install/micro_ros_msgs/include/micro_ros_msgs/micro_ros_msgs/msg/detail/node__functions.c
[2.430s] -- Up-to-date: /home/robot/app/robot_ws/install/micro_ros_msgs/include/micro_ros_msgs/micro_ros_msgs/msg/detail/entity__functions.h
[2.431s] -- Up-to-date: /home/robot/app/robot_ws/install/micro_ros_msgs/include/micro_ros_msgs/micro_ros_msgs/msg/detail/node__struct.h
[2.431s] -- Up-to-date: /home/robot/app/robot_ws/install/micro_ros_msgs/include/micro_ros_msgs/micro_ros_msgs/msg/detail/graph__functions.h
[2.431s] -- Up-to-date: /home/robot/app/robot_ws/install/micro_ros_msgs/include/micro_ros_msgs/micro_ros_msgs/msg/detail/node__functions.h
[2.431s] -- Up-to-date: /home/robot/app/robot_ws/install/micro_ros_msgs/include/micro_ros_msgs/micro_ros_msgs/msg/detail/graph__type_support.h
[2.431s] -- Up-to-date: /home/robot/app/robot_ws/install/micro_ros_msgs/include/micro_ros_msgs/micro_ros_msgs/msg/detail/node__type_support.h
[2.431s] -- Up-to-date: /home/robot/app/robot_ws/install/micro_ros_msgs/include/micro_ros_msgs/micro_ros_msgs/msg/detail/graph__functions.c
[2.431s] -- Up-to-date: /home/robot/app/robot_ws/install/micro_ros_msgs/include/micro_ros_msgs/micro_ros_msgs/msg/detail/entity__functions.c
[2.431s] -- Up-to-date: /home/robot/app/robot_ws/install/micro_ros_msgs/include/micro_ros_msgs/micro_ros_msgs/msg/detail/entity__struct.h
[2.431s] -- Up-to-date: /home/robot/app/robot_ws/install/micro_ros_msgs/include/micro_ros_msgs/micro_ros_msgs/msg/detail/entity__type_support.h
[2.431s] -- Up-to-date: /home/robot/app/robot_ws/install/micro_ros_msgs/include/micro_ros_msgs/micro_ros_msgs/msg/graph.h
[2.432s] -- Up-to-date: /home/robot/app/robot_ws/install/micro_ros_msgs/include/micro_ros_msgs/micro_ros_msgs/msg/rosidl_generator_c__visibility_control.h
[2.432s] -- Up-to-date: /home/robot/app/robot_ws/install/micro_ros_msgs/share/micro_ros_msgs/environment/library_path.sh
[2.432s] -- Installing: /home/robot/app/robot_ws/install/micro_ros_msgs/share/micro_ros_msgs/environment/library_path.dsv
[2.432s] -- Up-to-date: /home/robot/app/robot_ws/install/micro_ros_msgs/lib/libmicro_ros_msgs__rosidl_generator_c.so
[2.432s] -- Up-to-date: /home/robot/app/robot_ws/install/micro_ros_msgs/include/micro_ros_msgs
[2.432s] -- Up-to-date: /home/robot/app/robot_ws/install/micro_ros_msgs/include/micro_ros_msgs/msg
[2.432s] -- Up-to-date: /home/robot/app/robot_ws/install/micro_ros_msgs/include/micro_ros_msgs/msg/detail
[2.433s] -- Up-to-date: /home/robot/app/robot_ws/install/micro_ros_msgs/include/micro_ros_msgs/msg/detail/graph__rosidl_typesupport_microxrcedds_c.h
[2.433s] -- Up-to-date: /home/robot/app/robot_ws/install/micro_ros_msgs/include/micro_ros_msgs/msg/detail/microxrcedds
[2.433s] -- Up-to-date: /home/robot/app/robot_ws/install/micro_ros_msgs/include/micro_ros_msgs/msg/detail/entity__rosidl_typesupport_microxrcedds_c.h
[2.433s] -- Up-to-date: /home/robot/app/robot_ws/install/micro_ros_msgs/include/micro_ros_msgs/msg/detail/node__rosidl_typesupport_microxrcedds_c.h
[2.433s] -- Up-to-date: /home/robot/app/robot_ws/install/micro_ros_msgs/include/micro_ros_msgs/msg/rosidl_typesupport_microxrcedds_c__visibility_control.h
[2.433s] -- Up-to-date: /home/robot/app/robot_ws/install/micro_ros_msgs/lib/libmicro_ros_msgs__rosidl_typesupport_microxrcedds_c.so
[2.434s] -- Up-to-date: /home/robot/app/robot_ws/install/micro_ros_msgs/include/micro_ros_msgs/micro_ros_msgs
[2.434s] -- Up-to-date: /home/robot/app/robot_ws/install/micro_ros_msgs/include/micro_ros_msgs/micro_ros_msgs/msg
[2.434s] -- Up-to-date: /home/robot/app/robot_ws/install/micro_ros_msgs/include/micro_ros_msgs/micro_ros_msgs/msg/detail
[2.434s] -- Up-to-date: /home/robot/app/robot_ws/install/micro_ros_msgs/include/micro_ros_msgs/micro_ros_msgs/msg/detail/node__rosidl_typesupport_fastrtps_c.h
[2.434s] -- Up-to-date: /home/robot/app/robot_ws/install/micro_ros_msgs/include/micro_ros_msgs/micro_ros_msgs/msg/detail/graph__rosidl_typesupport_fastrtps_c.h
[2.434s] -- Up-to-date: /home/robot/app/robot_ws/install/micro_ros_msgs/include/micro_ros_msgs/micro_ros_msgs/msg/detail/entity__rosidl_typesupport_fastrtps_c.h
[2.434s] -- Up-to-date: /home/robot/app/robot_ws/install/micro_ros_msgs/include/micro_ros_msgs/micro_ros_msgs/msg/rosidl_typesupport_fastrtps_c__visibility_control.h
[2.435s] -- Up-to-date: /home/robot/app/robot_ws/install/micro_ros_msgs/lib/libmicro_ros_msgs__rosidl_typesupport_fastrtps_c.so
[2.435s] -- Up-to-date: /home/robot/app/robot_ws/install/micro_ros_msgs/include/micro_ros_msgs/micro_ros_msgs
[2.435s] -- Up-to-date: /home/robot/app/robot_ws/install/micro_ros_msgs/include/micro_ros_msgs/micro_ros_msgs/msg
[2.435s] -- Up-to-date: /home/robot/app/robot_ws/install/micro_ros_msgs/include/micro_ros_msgs/micro_ros_msgs/msg/rosidl_typesupport_introspection_c__visibility_control.h
[2.435s] -- Up-to-date: /home/robot/app/robot_ws/install/micro_ros_msgs/include/micro_ros_msgs/micro_ros_msgs/msg/detail
[2.436s] -- Up-to-date: /home/robot/app/robot_ws/install/micro_ros_msgs/include/micro_ros_msgs/micro_ros_msgs/msg/detail/entity__type_support.c
[2.436s] -- Up-to-date: /home/robot/app/robot_ws/install/micro_ros_msgs/include/micro_ros_msgs/micro_ros_msgs/msg/detail/entity__rosidl_typesupport_introspection_c.h
[2.436s] -- Up-to-date: /home/robot/app/robot_ws/install/micro_ros_msgs/include/micro_ros_msgs/micro_ros_msgs/msg/detail/node__type_support.c
[2.436s] -- Up-to-date: /home/robot/app/robot_ws/install/micro_ros_msgs/include/micro_ros_msgs/micro_ros_msgs/msg/detail/graph__rosidl_typesupport_introspection_c.h
[2.436s] -- Up-to-date: /home/robot/app/robot_ws/install/micro_ros_msgs/include/micro_ros_msgs/micro_ros_msgs/msg/detail/node__rosidl_typesupport_introspection_c.h
[2.436s] -- Up-to-date: /home/robot/app/robot_ws/install/micro_ros_msgs/include/micro_ros_msgs/micro_ros_msgs/msg/detail/graph__type_support.c
[2.436s] -- Up-to-date: /home/robot/app/robot_ws/install/micro_ros_msgs/lib/libmicro_ros_msgs__rosidl_typesupport_introspection_c.so
[2.437s] -- Up-to-date: /home/robot/app/robot_ws/install/micro_ros_msgs/lib/libmicro_ros_msgs__rosidl_typesupport_c.so
[2.437s] -- Up-to-date: /home/robot/app/robot_ws/install/micro_ros_msgs/include/micro_ros_msgs/micro_ros_msgs
[2.437s] -- Up-to-date: /home/robot/app/robot_ws/install/micro_ros_msgs/include/micro_ros_msgs/micro_ros_msgs/msg
[2.437s] -- Up-to-date: /home/robot/app/robot_ws/install/micro_ros_msgs/include/micro_ros_msgs/micro_ros_msgs/msg/detail
[2.437s] -- Up-to-date: /home/robot/app/robot_ws/install/micro_ros_msgs/include/micro_ros_msgs/micro_ros_msgs/msg/detail/node__struct.hpp
[2.438s] -- Up-to-date: /home/robot/app/robot_ws/install/micro_ros_msgs/include/micro_ros_msgs/micro_ros_msgs/msg/detail/entity__traits.hpp
[2.438s] -- Up-to-date: /home/robot/app/robot_ws/install/micro_ros_msgs/include/micro_ros_msgs/micro_ros_msgs/msg/detail/graph__struct.hpp
[2.438s] -- Up-to-date: /home/robot/app/robot_ws/install/micro_ros_msgs/include/micro_ros_msgs/micro_ros_msgs/msg/detail/entity__struct.hpp
[2.438s] -- Up-to-date: /home/robot/app/robot_ws/install/micro_ros_msgs/include/micro_ros_msgs/micro_ros_msgs/msg/detail/node__traits.hpp
[2.438s] -- Up-to-date: /home/robot/app/robot_ws/install/micro_ros_msgs/include/micro_ros_msgs/micro_ros_msgs/msg/detail/entity__builder.hpp
[2.438s] -- Up-to-date: /home/robot/app/robot_ws/install/micro_ros_msgs/include/micro_ros_msgs/micro_ros_msgs/msg/detail/graph__builder.hpp
[2.438s] -- Up-to-date: /home/robot/app/robot_ws/install/micro_ros_msgs/include/micro_ros_msgs/micro_ros_msgs/msg/detail/graph__traits.hpp
[2.438s] -- Up-to-date: /home/robot/app/robot_ws/install/micro_ros_msgs/include/micro_ros_msgs/micro_ros_msgs/msg/detail/node__builder.hpp
[2.438s] -- Up-to-date: /home/robot/app/robot_ws/install/micro_ros_msgs/include/micro_ros_msgs/micro_ros_msgs/msg/graph.hpp
[2.439s] -- Up-to-date: /home/robot/app/robot_ws/install/micro_ros_msgs/include/micro_ros_msgs/micro_ros_msgs/msg/node.hpp
[2.439s] -- Up-to-date: /home/robot/app/robot_ws/install/micro_ros_msgs/include/micro_ros_msgs/micro_ros_msgs/msg/entity.hpp
[2.439s] -- Up-to-date: /home/robot/app/robot_ws/install/micro_ros_msgs/include/micro_ros_msgs
[2.439s] -- Up-to-date: /home/robot/app/robot_ws/install/micro_ros_msgs/include/micro_ros_msgs/msg
[2.439s] -- Up-to-date: /home/robot/app/robot_ws/install/micro_ros_msgs/include/micro_ros_msgs/msg/detail
[2.439s] -- Up-to-date: /home/robot/app/robot_ws/install/micro_ros_msgs/include/micro_ros_msgs/msg/detail/graph__rosidl_typesupport_microxrcedds_cpp.hpp
[2.439s] -- Up-to-date: /home/robot/app/robot_ws/install/micro_ros_msgs/include/micro_ros_msgs/msg/detail/node__rosidl_typesupport_microxrcedds_cpp.hpp
[2.439s] -- Up-to-date: /home/robot/app/robot_ws/install/micro_ros_msgs/include/micro_ros_msgs/msg/detail/microxrcedds
[2.439s] -- Up-to-date: /home/robot/app/robot_ws/install/micro_ros_msgs/include/micro_ros_msgs/msg/detail/microxrcedds/node__type_support_cpp.cpp
[2.439s] -- Up-to-date: /home/robot/app/robot_ws/install/micro_ros_msgs/include/micro_ros_msgs/msg/detail/microxrcedds/graph__type_support_cpp.cpp
[2.439s] -- Up-to-date: /home/robot/app/robot_ws/install/micro_ros_msgs/include/micro_ros_msgs/msg/detail/microxrcedds/entity__type_support_cpp.cpp
[2.439s] -- Up-to-date: /home/robot/app/robot_ws/install/micro_ros_msgs/include/micro_ros_msgs/msg/detail/entity__rosidl_typesupport_microxrcedds_cpp.hpp
[2.440s] -- Up-to-date: /home/robot/app/robot_ws/install/micro_ros_msgs/include/micro_ros_msgs/msg/rosidl_typesupport_microxrcedds_cpp__visibility_control.h
[2.440s] -- Up-to-date: /home/robot/app/robot_ws/install/micro_ros_msgs/lib/libmicro_ros_msgs__rosidl_typesupport_microxrcedds_cpp.so
[2.440s] -- Up-to-date: /home/robot/app/robot_ws/install/micro_ros_msgs/include/micro_ros_msgs/micro_ros_msgs
[2.440s] -- Up-to-date: /home/robot/app/robot_ws/install/micro_ros_msgs/include/micro_ros_msgs/micro_ros_msgs/msg
[2.440s] -- Up-to-date: /home/robot/app/robot_ws/install/micro_ros_msgs/include/micro_ros_msgs/micro_ros_msgs/msg/rosidl_typesupport_fastrtps_cpp__visibility_control.h
[2.440s] -- Up-to-date: /home/robot/app/robot_ws/install/micro_ros_msgs/include/micro_ros_msgs/micro_ros_msgs/msg/detail
[2.440s] -- Up-to-date: /home/robot/app/robot_ws/install/micro_ros_msgs/include/micro_ros_msgs/micro_ros_msgs/msg/detail/graph__rosidl_typesupport_fastrtps_cpp.hpp
[2.440s] -- Up-to-date: /home/robot/app/robot_ws/install/micro_ros_msgs/include/micro_ros_msgs/micro_ros_msgs/msg/detail/dds_fastrtps
[2.440s] -- Up-to-date: /home/robot/app/robot_ws/install/micro_ros_msgs/include/micro_ros_msgs/micro_ros_msgs/msg/detail/entity__rosidl_typesupport_fastrtps_cpp.hpp
[2.441s] -- Up-to-date: /home/robot/app/robot_ws/install/micro_ros_msgs/include/micro_ros_msgs/micro_ros_msgs/msg/detail/node__rosidl_typesupport_fastrtps_cpp.hpp
[2.441s] -- Up-to-date: /home/robot/app/robot_ws/install/micro_ros_msgs/lib/libmicro_ros_msgs__rosidl_typesupport_fastrtps_cpp.so
[2.441s] -- Up-to-date: /home/robot/app/robot_ws/install/micro_ros_msgs/include/micro_ros_msgs/micro_ros_msgs
[2.441s] -- Up-to-date: /home/robot/app/robot_ws/install/micro_ros_msgs/include/micro_ros_msgs/micro_ros_msgs/msg
[2.442s] -- Up-to-date: /home/robot/app/robot_ws/install/micro_ros_msgs/include/micro_ros_msgs/micro_ros_msgs/msg/detail
[2.442s] -- Up-to-date: /home/robot/app/robot_ws/install/micro_ros_msgs/include/micro_ros_msgs/micro_ros_msgs/msg/detail/node__rosidl_typesupport_introspection_cpp.hpp
[2.442s] -- Up-to-date: /home/robot/app/robot_ws/install/micro_ros_msgs/include/micro_ros_msgs/micro_ros_msgs/msg/detail/entity__type_support.cpp
[2.442s] -- Up-to-date: /home/robot/app/robot_ws/install/micro_ros_msgs/include/micro_ros_msgs/micro_ros_msgs/msg/detail/graph__type_support.cpp
[2.442s] -- Up-to-date: /home/robot/app/robot_ws/install/micro_ros_msgs/include/micro_ros_msgs/micro_ros_msgs/msg/detail/entity__rosidl_typesupport_introspection_cpp.hpp
[2.442s] -- Up-to-date: /home/robot/app/robot_ws/install/micro_ros_msgs/include/micro_ros_msgs/micro_ros_msgs/msg/detail/node__type_support.cpp
[2.442s] -- Up-to-date: /home/robot/app/robot_ws/install/micro_ros_msgs/include/micro_ros_msgs/micro_ros_msgs/msg/detail/graph__rosidl_typesupport_introspection_cpp.hpp
[2.442s] -- Up-to-date: /home/robot/app/robot_ws/install/micro_ros_msgs/lib/libmicro_ros_msgs__rosidl_typesupport_introspection_cpp.so
[2.443s] -- Up-to-date: /home/robot/app/robot_ws/install/micro_ros_msgs/lib/libmicro_ros_msgs__rosidl_typesupport_cpp.so
[2.443s] -- Up-to-date: /home/robot/app/robot_ws/install/micro_ros_msgs/share/micro_ros_msgs/environment/pythonpath.sh
[2.443s] -- Installing: /home/robot/app/robot_ws/install/micro_ros_msgs/share/micro_ros_msgs/environment/pythonpath.dsv
[2.444s] -- Up-to-date: /home/robot/app/robot_ws/install/micro_ros_msgs/local/lib/python3.10/dist-packages/micro_ros_msgs-3.0.1-py3.10.egg-info
[2.444s] -- Installing: /home/robot/app/robot_ws/install/micro_ros_msgs/local/lib/python3.10/dist-packages/micro_ros_msgs-3.0.1-py3.10.egg-info/dependency_links.txt
[2.444s] -- Installing: /home/robot/app/robot_ws/install/micro_ros_msgs/local/lib/python3.10/dist-packages/micro_ros_msgs-3.0.1-py3.10.egg-info/PKG-INFO
[2.444s] -- Installing: /home/robot/app/robot_ws/install/micro_ros_msgs/local/lib/python3.10/dist-packages/micro_ros_msgs-3.0.1-py3.10.egg-info/SOURCES.txt
[2.444s] -- Installing: /home/robot/app/robot_ws/install/micro_ros_msgs/local/lib/python3.10/dist-packages/micro_ros_msgs-3.0.1-py3.10.egg-info/top_level.txt
[2.444s] -- Up-to-date: /home/robot/app/robot_ws/install/micro_ros_msgs/local/lib/python3.10/dist-packages/micro_ros_msgs
[2.445s] -- Installing: /home/robot/app/robot_ws/install/micro_ros_msgs/local/lib/python3.10/dist-packages/micro_ros_msgs/__init__.py
[2.445s] -- Up-to-date: /home/robot/app/robot_ws/install/micro_ros_msgs/local/lib/python3.10/dist-packages/micro_ros_msgs/_micro_ros_msgs_s.ep.rosidl_typesupport_introspection_c.c
[2.445s] -- Up-to-date: /home/robot/app/robot_ws/install/micro_ros_msgs/local/lib/python3.10/dist-packages/micro_ros_msgs/_micro_ros_msgs_s.ep.rosidl_typesupport_fastrtps_c.c
[2.445s] -- Up-to-date: /home/robot/app/robot_ws/install/micro_ros_msgs/local/lib/python3.10/dist-packages/micro_ros_msgs/micro_ros_msgs_s__rosidl_typesupport_introspection_c.cpython-310-x86_64-linux-gnu.so
[2.445s] -- Up-to-date: /home/robot/app/robot_ws/install/micro_ros_msgs/local/lib/python3.10/dist-packages/micro_ros_msgs/_micro_ros_msgs_s.ep.rosidl_typesupport_c.c
[2.445s] -- Up-to-date: /home/robot/app/robot_ws/install/micro_ros_msgs/local/lib/python3.10/dist-packages/micro_ros_msgs/micro_ros_msgs_s__rosidl_typesupport_fastrtps_c.cpython-310-x86_64-linux-gnu.so
[2.445s] -- Up-to-date: /home/robot/app/robot_ws/install/micro_ros_msgs/local/lib/python3.10/dist-packages/micro_ros_msgs/micro_ros_msgs_s__rosidl_typesupport_c.cpython-310-x86_64-linux-gnu.so
[2.446s] -- Up-to-date: /home/robot/app/robot_ws/install/micro_ros_msgs/local/lib/python3.10/dist-packages/micro_ros_msgs/libmicro_ros_msgs__rosidl_generator_py.so
[2.446s] -- Up-to-date: /home/robot/app/robot_ws/install/micro_ros_msgs/local/lib/python3.10/dist-packages/micro_ros_msgs/_micro_ros_msgs_s.ep.rosidl_typesupport_microxrcedds_c.c
[2.446s] -- Up-to-date: /home/robot/app/robot_ws/install/micro_ros_msgs/local/lib/python3.10/dist-packages/micro_ros_msgs/msg
[2.446s] -- Up-to-date: /home/robot/app/robot_ws/install/micro_ros_msgs/local/lib/python3.10/dist-packages/micro_ros_msgs/msg/__init__.py
[2.446s] -- Up-to-date: /home/robot/app/robot_ws/install/micro_ros_msgs/local/lib/python3.10/dist-packages/micro_ros_msgs/msg/_entity_s.c
[2.446s] -- Up-to-date: /home/robot/app/robot_ws/install/micro_ros_msgs/local/lib/python3.10/dist-packages/micro_ros_msgs/msg/_entity.py
[2.446s] -- Up-to-date: /home/robot/app/robot_ws/install/micro_ros_msgs/local/lib/python3.10/dist-packages/micro_ros_msgs/msg/_graph.py
[2.446s] -- Up-to-date: /home/robot/app/robot_ws/install/micro_ros_msgs/local/lib/python3.10/dist-packages/micro_ros_msgs/msg/_node_s.c
[2.446s] -- Up-to-date: /home/robot/app/robot_ws/install/micro_ros_msgs/local/lib/python3.10/dist-packages/micro_ros_msgs/msg/_node.py
[2.446s] -- Up-to-date: /home/robot/app/robot_ws/install/micro_ros_msgs/local/lib/python3.10/dist-packages/micro_ros_msgs/msg/_graph_s.c
[2.446s] -- Up-to-date: /home/robot/app/robot_ws/install/micro_ros_msgs/local/lib/python3.10/dist-packages/micro_ros_msgs/micro_ros_msgs_s__rosidl_typesupport_microxrcedds_c.cpython-310-x86_64-linux-gnu.so
[2.498s] Listing '/home/robot/app/robot_ws/install/micro_ros_msgs/local/lib/python3.10/dist-packages/micro_ros_msgs'...
[2.498s] Compiling '/home/robot/app/robot_ws/install/micro_ros_msgs/local/lib/python3.10/dist-packages/micro_ros_msgs/__init__.py'...
[2.499s] Listing '/home/robot/app/robot_ws/install/micro_ros_msgs/local/lib/python3.10/dist-packages/micro_ros_msgs/msg'...
[2.503s] -- Up-to-date: /home/robot/app/robot_ws/install/micro_ros_msgs/local/lib/python3.10/dist-packages/micro_ros_msgs/micro_ros_msgs_s__rosidl_typesupport_microxrcedds_c.cpython-310-x86_64-linux-gnu.so
[2.504s] -- Up-to-date: /home/robot/app/robot_ws/install/micro_ros_msgs/local/lib/python3.10/dist-packages/micro_ros_msgs/micro_ros_msgs_s__rosidl_typesupport_fastrtps_c.cpython-310-x86_64-linux-gnu.so
[2.504s] -- Up-to-date: /home/robot/app/robot_ws/install/micro_ros_msgs/local/lib/python3.10/dist-packages/micro_ros_msgs/micro_ros_msgs_s__rosidl_typesupport_introspection_c.cpython-310-x86_64-linux-gnu.so
[2.504s] -- Up-to-date: /home/robot/app/robot_ws/install/micro_ros_msgs/local/lib/python3.10/dist-packages/micro_ros_msgs/micro_ros_msgs_s__rosidl_typesupport_c.cpython-310-x86_64-linux-gnu.so
[2.505s] -- Up-to-date: /home/robot/app/robot_ws/install/micro_ros_msgs/lib/libmicro_ros_msgs__rosidl_generator_py.so
[2.505s] -- Up-to-date: /home/robot/app/robot_ws/install/micro_ros_msgs/share/micro_ros_msgs/msg/Graph.idl
[2.505s] -- Up-to-date: /home/robot/app/robot_ws/install/micro_ros_msgs/share/micro_ros_msgs/msg/Node.idl
[2.505s] -- Up-to-date: /home/robot/app/robot_ws/install/micro_ros_msgs/share/micro_ros_msgs/msg/Entity.idl
[2.505s] -- Up-to-date: /home/robot/app/robot_ws/install/micro_ros_msgs/share/micro_ros_msgs/msg/Graph.msg
[2.505s] -- Up-to-date: /home/robot/app/robot_ws/install/micro_ros_msgs/share/micro_ros_msgs/msg/Node.msg
[2.506s] -- Up-to-date: /home/robot/app/robot_ws/install/micro_ros_msgs/share/micro_ros_msgs/msg/Entity.msg
[2.506s] -- Up-to-date: /home/robot/app/robot_ws/install/micro_ros_msgs/share/ament_index/resource_index/package_run_dependencies/micro_ros_msgs
[2.506s] -- Installing: /home/robot/app/robot_ws/install/micro_ros_msgs/share/ament_index/resource_index/parent_prefix_path/micro_ros_msgs
[2.506s] -- Up-to-date: /home/robot/app/robot_ws/install/micro_ros_msgs/share/micro_ros_msgs/environment/ament_prefix_path.sh
[2.506s] -- Installing: /home/robot/app/robot_ws/install/micro_ros_msgs/share/micro_ros_msgs/environment/ament_prefix_path.dsv
[2.506s] -- Up-to-date: /home/robot/app/robot_ws/install/micro_ros_msgs/share/micro_ros_msgs/environment/path.sh
[2.506s] -- Installing: /home/robot/app/robot_ws/install/micro_ros_msgs/share/micro_ros_msgs/environment/path.dsv
[2.506s] -- Up-to-date: /home/robot/app/robot_ws/install/micro_ros_msgs/share/micro_ros_msgs/local_setup.bash
[2.507s] -- Up-to-date: /home/robot/app/robot_ws/install/micro_ros_msgs/share/micro_ros_msgs/local_setup.sh
[2.507s] -- Up-to-date: /home/robot/app/robot_ws/install/micro_ros_msgs/share/micro_ros_msgs/local_setup.zsh
[2.507s] -- Installing: /home/robot/app/robot_ws/install/micro_ros_msgs/share/micro_ros_msgs/local_setup.dsv
[2.507s] -- Installing: /home/robot/app/robot_ws/install/micro_ros_msgs/share/micro_ros_msgs/package.dsv
[2.507s] -- Up-to-date: /home/robot/app/robot_ws/install/micro_ros_msgs/share/ament_index/resource_index/packages/micro_ros_msgs
[2.507s] -- Up-to-date: /home/robot/app/robot_ws/install/micro_ros_msgs/share/micro_ros_msgs/cmake/export_micro_ros_msgs__rosidl_generator_cExport.cmake
[2.507s] -- Up-to-date: /home/robot/app/robot_ws/install/micro_ros_msgs/share/micro_ros_msgs/cmake/export_micro_ros_msgs__rosidl_generator_cExport-noconfig.cmake
[2.507s] -- Up-to-date: /home/robot/app/robot_ws/install/micro_ros_msgs/share/micro_ros_msgs/cmake/export_micro_ros_msgs__rosidl_typesupport_fastrtps_cExport.cmake
[2.508s] -- Up-to-date: /home/robot/app/robot_ws/install/micro_ros_msgs/share/micro_ros_msgs/cmake/export_micro_ros_msgs__rosidl_typesupport_fastrtps_cExport-noconfig.cmake
[2.508s] -- Up-to-date: /home/robot/app/robot_ws/install/micro_ros_msgs/share/micro_ros_msgs/cmake/micro_ros_msgs__rosidl_typesupport_introspection_cExport.cmake
[2.508s] -- Up-to-date: /home/robot/app/robot_ws/install/micro_ros_msgs/share/micro_ros_msgs/cmake/micro_ros_msgs__rosidl_typesupport_introspection_cExport-noconfig.cmake
[2.508s] -- Up-to-date: /home/robot/app/robot_ws/install/micro_ros_msgs/share/micro_ros_msgs/cmake/micro_ros_msgs__rosidl_typesupport_cExport.cmake
[2.508s] -- Up-to-date: /home/robot/app/robot_ws/install/micro_ros_msgs/share/micro_ros_msgs/cmake/micro_ros_msgs__rosidl_typesupport_cExport-noconfig.cmake
[2.509s] -- Up-to-date: /home/robot/app/robot_ws/install/micro_ros_msgs/share/micro_ros_msgs/cmake/export_micro_ros_msgs__rosidl_generator_cppExport.cmake
[2.509s] -- Up-to-date: /home/robot/app/robot_ws/install/micro_ros_msgs/share/micro_ros_msgs/cmake/export_micro_ros_msgs__rosidl_typesupport_fastrtps_cppExport.cmake
[2.509s] -- Up-to-date: /home/robot/app/robot_ws/install/micro_ros_msgs/share/micro_ros_msgs/cmake/export_micro_ros_msgs__rosidl_typesupport_fastrtps_cppExport-noconfig.cmake
[2.509s] -- Up-to-date: /home/robot/app/robot_ws/install/micro_ros_msgs/share/micro_ros_msgs/cmake/micro_ros_msgs__rosidl_typesupport_introspection_cppExport.cmake
[2.509s] -- Up-to-date: /home/robot/app/robot_ws/install/micro_ros_msgs/share/micro_ros_msgs/cmake/micro_ros_msgs__rosidl_typesupport_introspection_cppExport-noconfig.cmake
[2.510s] -- Up-to-date: /home/robot/app/robot_ws/install/micro_ros_msgs/share/micro_ros_msgs/cmake/micro_ros_msgs__rosidl_typesupport_cppExport.cmake
[2.510s] -- Up-to-date: /home/robot/app/robot_ws/install/micro_ros_msgs/share/micro_ros_msgs/cmake/micro_ros_msgs__rosidl_typesupport_cppExport-noconfig.cmake
[2.510s] -- Up-to-date: /home/robot/app/robot_ws/install/micro_ros_msgs/share/micro_ros_msgs/cmake/export_micro_ros_msgs__rosidl_generator_pyExport.cmake
[2.510s] -- Up-to-date: /home/robot/app/robot_ws/install/micro_ros_msgs/share/micro_ros_msgs/cmake/export_micro_ros_msgs__rosidl_generator_pyExport-noconfig.cmake
[2.510s] -- Up-to-date: /home/robot/app/robot_ws/install/micro_ros_msgs/share/micro_ros_msgs/cmake/rosidl_cmake-extras.cmake
[2.510s] -- Up-to-date: /home/robot/app/robot_ws/install/micro_ros_msgs/share/micro_ros_msgs/cmake/ament_cmake_export_include_directories-extras.cmake
[2.511s] -- Up-to-date: /home/robot/app/robot_ws/install/micro_ros_msgs/share/micro_ros_msgs/cmake/ament_cmake_export_libraries-extras.cmake
[2.511s] -- Up-to-date: /home/robot/app/robot_ws/install/micro_ros_msgs/share/micro_ros_msgs/cmake/ament_cmake_export_targets-extras.cmake
[2.511s] -- Up-to-date: /home/robot/app/robot_ws/install/micro_ros_msgs/share/micro_ros_msgs/cmake/rosidl_cmake_export_typesupport_targets-extras.cmake
[2.511s] -- Up-to-date: /home/robot/app/robot_ws/install/micro_ros_msgs/share/micro_ros_msgs/cmake/ament_cmake_export_dependencies-extras.cmake
[2.511s] -- Up-to-date: /home/robot/app/robot_ws/install/micro_ros_msgs/share/micro_ros_msgs/cmake/rosidl_cmake_export_typesupport_libraries-extras.cmake
[2.511s] -- Up-to-date: /home/robot/app/robot_ws/install/micro_ros_msgs/share/micro_ros_msgs/cmake/micro_ros_msgsConfig.cmake
[2.511s] -- Up-to-date: /home/robot/app/robot_ws/install/micro_ros_msgs/share/micro_ros_msgs/cmake/micro_ros_msgsConfig-version.cmake
[2.511s] -- Up-to-date: /home/robot/app/robot_ws/install/micro_ros_msgs/share/micro_ros_msgs/package.xml
[2.513s] Invoked command in '/home/robot/app/robot_ws/build/micro_ros_msgs' returned '0': CMAKE_PREFIX_PATH=${CMAKE_PREFIX_PATH}:/home/robot/app/robot_ws/install/sensor_msgs_py:/opt/ros/humble /usr/bin/cmake --install /home/robot/app/robot_ws/build/micro_ros_msgs
