[0.108s] Invoking command in '/home/robot/app/robot_ws/build/micro_ros_msgs': CMAKE_PREFIX_PATH=${CMAKE_PREFIX_PATH}:/home/robot/app/robot_ws/install/sensor_msgs_py:/opt/ros/humble /usr/bin/cmake /home/robot/app/robot_ws/src/uros/micro_ros_msgs -DBUILD_TESTING=OFF -DBUILD_SHARED_LIBS=ON -DCMAKE_INSTALL_PREFIX=/home/robot/app/robot_ws/install/micro_ros_msgs
[0.160s] -- Found ament_cmake: 1.3.10 (/opt/ros/humble/share/ament_cmake/cmake)
[0.618s] -- Found rosidl_default_generators: 1.2.0 (/opt/ros/humble/share/rosidl_default_generators/cmake)
[0.646s] -- Using all available rosidl_typesupport_c: rosidl_typesupport_microxrcedds_c;rosidl_typesupport_fastrtps_c;rosidl_typesupport_introspection_c
[0.667s] -- Found rosidl_adapter: 3.1.5 (/opt/ros/humble/share/rosidl_adapter/cmake)
[0.746s] -- Using all available rosidl_typesupport_cpp: rosidl_typesupport_microxrcedds_cpp;rosidl_typesupport_fastrtps_cpp;rosidl_typesupport_introspection_cpp
[1.541s] -- Found ament_cmake_ros: 0.10.0 (/opt/ros/humble/share/ament_cmake_ros/cmake)
[2.407s] -- Using all available rosidl_typesupport_c: rosidl_typesupport_microxrcedds_c;rosidl_typesupport_fastrtps_c;rosidl_typesupport_introspection_c
[3.245s] -- Using all available rosidl_typesupport_cpp: rosidl_typesupport_microxrcedds_cpp;rosidl_typesupport_fastrtps_cpp;rosidl_typesupport_introspection_cpp
[3.289s] -- Found python_cmake_module: 0.10.0 (/opt/ros/humble/share/python_cmake_module/cmake)
[3.340s] -- Using PYTHON_EXECUTABLE: /usr/bin/python3
[3.344s] -- Using PYTHON_INCLUDE_DIRS: /usr/include/python3.10
[3.349s] -- Using PYTHON_LIBRARIES: /usr/lib/x86_64-linux-gnu/libpython3.10.so
[3.422s] -- Configuring done
[3.568s] -- Generating done
[3.580s] -- Build files have been written to: /home/robot/app/robot_ws/build/micro_ros_msgs
[3.624s] Invoked command in '/home/robot/app/robot_ws/build/micro_ros_msgs' returned '0': CMAKE_PREFIX_PATH=${CMAKE_PREFIX_PATH}:/home/robot/app/robot_ws/install/sensor_msgs_py:/opt/ros/humble /usr/bin/cmake /home/robot/app/robot_ws/src/uros/micro_ros_msgs -DBUILD_TESTING=OFF -DBUILD_SHARED_LIBS=ON -DCMAKE_INSTALL_PREFIX=/home/robot/app/robot_ws/install/micro_ros_msgs
[3.625s] Invoking command in '/home/robot/app/robot_ws/build/micro_ros_msgs': CMAKE_PREFIX_PATH=${CMAKE_PREFIX_PATH}:/home/robot/app/robot_ws/install/sensor_msgs_py:/opt/ros/humble /usr/bin/cmake --build /home/robot/app/robot_ws/build/micro_ros_msgs -- -j8 -l8
[3.824s] [35m[1mConsolidate compiler generated dependencies of target micro_ros_msgs__rosidl_generator_c[0m
[3.927s] [  1%] Built target micro_ros_msgs__cpp
[3.948s] [ 10%] Built target micro_ros_msgs__rosidl_generator_c
[4.005s] [35m[1mConsolidate compiler generated dependencies of target micro_ros_msgs__rosidl_typesupport_fastrtps_cpp[0m
[4.012s] [35m[1mConsolidate compiler generated dependencies of target micro_ros_msgs__rosidl_typesupport_microxrcedds_cpp[0m
[4.019s] [35m[1mConsolidate compiler generated dependencies of target micro_ros_msgs__rosidl_typesupport_cpp[0m
[4.029s] [ 10%] Built target ament_cmake_python_copy_micro_ros_msgs
[4.111s] [ 18%] Built target micro_ros_msgs__rosidl_typesupport_fastrtps_cpp
[4.120s] [ 27%] Built target micro_ros_msgs__rosidl_typesupport_microxrcedds_cpp
[4.134s] [ 35%] Built target micro_ros_msgs__rosidl_typesupport_cpp
[4.144s] [35m[1mConsolidate compiler generated dependencies of target micro_ros_msgs__rosidl_typesupport_introspection_cpp[0m
[4.197s] [35m[1mConsolidate compiler generated dependencies of target micro_ros_msgs__rosidl_typesupport_introspection_c[0m
[4.215s] [35m[1mConsolidate compiler generated dependencies of target micro_ros_msgs__rosidl_typesupport_microxrcedds_c[0m
[4.258s] [35m[1mConsolidate compiler generated dependencies of target micro_ros_msgs__rosidl_typesupport_fastrtps_c[0m
[4.258s] [35m[1mConsolidate compiler generated dependencies of target micro_ros_msgs__rosidl_typesupport_c[0m
[4.275s] [ 44%] Built target micro_ros_msgs__rosidl_typesupport_introspection_cpp
[4.348s] [ 52%] Built target micro_ros_msgs__rosidl_typesupport_microxrcedds_c
[4.349s] [ 61%] Built target micro_ros_msgs__rosidl_typesupport_introspection_c
[4.354s] [ 69%] Built target micro_ros_msgs__rosidl_typesupport_c
[4.384s] [ 77%] Built target micro_ros_msgs__rosidl_typesupport_fastrtps_c
[4.518s] [ 77%] Built target micro_ros_msgs
[4.604s] [ 79%] Built target micro_ros_msgs__py
[4.664s] [35m[1mConsolidate compiler generated dependencies of target micro_ros_msgs__rosidl_generator_py[0m
[4.742s] [ 86%] Built target micro_ros_msgs__rosidl_generator_py
[4.792s] [35m[1mConsolidate compiler generated dependencies of target micro_ros_msgs__rosidl_typesupport_fastrtps_c__pyext[0m
[4.818s] [35m[1mConsolidate compiler generated dependencies of target micro_ros_msgs__rosidl_typesupport_microxrcedds_c__pyext[0m
[4.878s] [ 89%] Built target micro_ros_msgs__rosidl_typesupport_fastrtps_c__pyext
[4.891s] [ 93%] Built target micro_ros_msgs__rosidl_typesupport_microxrcedds_c__pyext
[4.955s] [35m[1mConsolidate compiler generated dependencies of target micro_ros_msgs__rosidl_typesupport_introspection_c__pyext[0m
[5.000s] [35m[1mConsolidate compiler generated dependencies of target micro_ros_msgs__rosidl_typesupport_c__pyext[0m
[5.022s] [ 96%] Built target micro_ros_msgs__rosidl_typesupport_introspection_c__pyext
[5.092s] [100%] Built target micro_ros_msgs__rosidl_typesupport_c__pyext
[5.591s] running egg_info
[5.593s] writing micro_ros_msgs.egg-info/PKG-INFO
[5.594s] writing dependency_links to micro_ros_msgs.egg-info/dependency_links.txt
[5.594s] writing top-level names to micro_ros_msgs.egg-info/top_level.txt
[5.612s] reading manifest file 'micro_ros_msgs.egg-info/SOURCES.txt'
[5.613s] writing manifest file 'micro_ros_msgs.egg-info/SOURCES.txt'
[5.687s] [100%] Built target ament_cmake_python_build_micro_ros_msgs_egg
[5.715s] Invoked command in '/home/robot/app/robot_ws/build/micro_ros_msgs' returned '0': CMAKE_PREFIX_PATH=${CMAKE_PREFIX_PATH}:/home/robot/app/robot_ws/install/sensor_msgs_py:/opt/ros/humble /usr/bin/cmake --build /home/robot/app/robot_ws/build/micro_ros_msgs -- -j8 -l8
[6.433s] Invoking command in '/home/robot/app/robot_ws/build/micro_ros_msgs': CMAKE_PREFIX_PATH=${CMAKE_PREFIX_PATH}:/home/robot/app/robot_ws/install/sensor_msgs_py:/opt/ros/humble /usr/bin/cmake --install /home/robot/app/robot_ws/build/micro_ros_msgs
[6.464s] -- Install configuration: ""
[6.464s] -- Up-to-date: /home/robot/app/robot_ws/install/micro_ros_msgs/share/ament_index/resource_index/rosidl_interfaces/micro_ros_msgs
[6.464s] -- Up-to-date: /home/robot/app/robot_ws/install/micro_ros_msgs/include/micro_ros_msgs/micro_ros_msgs
[6.468s] -- Up-to-date: /home/robot/app/robot_ws/install/micro_ros_msgs/include/micro_ros_msgs/micro_ros_msgs/msg
[6.469s] -- Up-to-date: /home/robot/app/robot_ws/install/micro_ros_msgs/include/micro_ros_msgs/micro_ros_msgs/msg/node.h
[6.469s] -- Up-to-date: /home/robot/app/robot_ws/install/micro_ros_msgs/include/micro_ros_msgs/micro_ros_msgs/msg/entity.h
[6.469s] -- Up-to-date: /home/robot/app/robot_ws/install/micro_ros_msgs/include/micro_ros_msgs/micro_ros_msgs/msg/detail
[6.469s] -- Up-to-date: /home/robot/app/robot_ws/install/micro_ros_msgs/include/micro_ros_msgs/micro_ros_msgs/msg/detail/graph__struct.h
[6.469s] -- Up-to-date: /home/robot/app/robot_ws/install/micro_ros_msgs/include/micro_ros_msgs/micro_ros_msgs/msg/detail/node__functions.c
[6.469s] -- Up-to-date: /home/robot/app/robot_ws/install/micro_ros_msgs/include/micro_ros_msgs/micro_ros_msgs/msg/detail/entity__functions.h
[6.469s] -- Up-to-date: /home/robot/app/robot_ws/install/micro_ros_msgs/include/micro_ros_msgs/micro_ros_msgs/msg/detail/node__struct.h
[6.469s] -- Up-to-date: /home/robot/app/robot_ws/install/micro_ros_msgs/include/micro_ros_msgs/micro_ros_msgs/msg/detail/graph__functions.h
[6.470s] -- Up-to-date: /home/robot/app/robot_ws/install/micro_ros_msgs/include/micro_ros_msgs/micro_ros_msgs/msg/detail/node__functions.h
[6.470s] -- Up-to-date: /home/robot/app/robot_ws/install/micro_ros_msgs/include/micro_ros_msgs/micro_ros_msgs/msg/detail/graph__type_support.h
[6.470s] -- Up-to-date: /home/robot/app/robot_ws/install/micro_ros_msgs/include/micro_ros_msgs/micro_ros_msgs/msg/detail/node__type_support.h
[6.470s] -- Up-to-date: /home/robot/app/robot_ws/install/micro_ros_msgs/include/micro_ros_msgs/micro_ros_msgs/msg/detail/graph__functions.c
[6.470s] -- Up-to-date: /home/robot/app/robot_ws/install/micro_ros_msgs/include/micro_ros_msgs/micro_ros_msgs/msg/detail/entity__functions.c
[6.470s] -- Up-to-date: /home/robot/app/robot_ws/install/micro_ros_msgs/include/micro_ros_msgs/micro_ros_msgs/msg/detail/entity__struct.h
[6.470s] -- Up-to-date: /home/robot/app/robot_ws/install/micro_ros_msgs/include/micro_ros_msgs/micro_ros_msgs/msg/detail/entity__type_support.h
[6.470s] -- Up-to-date: /home/robot/app/robot_ws/install/micro_ros_msgs/include/micro_ros_msgs/micro_ros_msgs/msg/graph.h
[6.471s] -- Up-to-date: /home/robot/app/robot_ws/install/micro_ros_msgs/include/micro_ros_msgs/micro_ros_msgs/msg/rosidl_generator_c__visibility_control.h
[6.471s] -- Up-to-date: /home/robot/app/robot_ws/install/micro_ros_msgs/share/micro_ros_msgs/environment/library_path.sh
[6.471s] -- Installing: /home/robot/app/robot_ws/install/micro_ros_msgs/share/micro_ros_msgs/environment/library_path.dsv
[6.477s] -- Up-to-date: /home/robot/app/robot_ws/install/micro_ros_msgs/lib/libmicro_ros_msgs__rosidl_generator_c.so
[6.477s] -- Up-to-date: /home/robot/app/robot_ws/install/micro_ros_msgs/include/micro_ros_msgs
[6.477s] -- Up-to-date: /home/robot/app/robot_ws/install/micro_ros_msgs/include/micro_ros_msgs/msg
[6.477s] -- Up-to-date: /home/robot/app/robot_ws/install/micro_ros_msgs/include/micro_ros_msgs/msg/detail
[6.477s] -- Up-to-date: /home/robot/app/robot_ws/install/micro_ros_msgs/include/micro_ros_msgs/msg/detail/graph__rosidl_typesupport_microxrcedds_c.h
[6.477s] -- Up-to-date: /home/robot/app/robot_ws/install/micro_ros_msgs/include/micro_ros_msgs/msg/detail/microxrcedds
[6.478s] -- Up-to-date: /home/robot/app/robot_ws/install/micro_ros_msgs/include/micro_ros_msgs/msg/detail/entity__rosidl_typesupport_microxrcedds_c.h
[6.478s] -- Up-to-date: /home/robot/app/robot_ws/install/micro_ros_msgs/include/micro_ros_msgs/msg/detail/node__rosidl_typesupport_microxrcedds_c.h
[6.478s] -- Up-to-date: /home/robot/app/robot_ws/install/micro_ros_msgs/include/micro_ros_msgs/msg/rosidl_typesupport_microxrcedds_c__visibility_control.h
[6.478s] -- Up-to-date: /home/robot/app/robot_ws/install/micro_ros_msgs/lib/libmicro_ros_msgs__rosidl_typesupport_microxrcedds_c.so
[6.480s] -- Up-to-date: /home/robot/app/robot_ws/install/micro_ros_msgs/include/micro_ros_msgs/micro_ros_msgs
[6.481s] -- Up-to-date: /home/robot/app/robot_ws/install/micro_ros_msgs/include/micro_ros_msgs/micro_ros_msgs/msg
[6.481s] -- Up-to-date: /home/robot/app/robot_ws/install/micro_ros_msgs/include/micro_ros_msgs/micro_ros_msgs/msg/detail
[6.481s] -- Up-to-date: /home/robot/app/robot_ws/install/micro_ros_msgs/include/micro_ros_msgs/micro_ros_msgs/msg/detail/node__rosidl_typesupport_fastrtps_c.h
[6.481s] -- Up-to-date: /home/robot/app/robot_ws/install/micro_ros_msgs/include/micro_ros_msgs/micro_ros_msgs/msg/detail/graph__rosidl_typesupport_fastrtps_c.h
[6.481s] -- Up-to-date: /home/robot/app/robot_ws/install/micro_ros_msgs/include/micro_ros_msgs/micro_ros_msgs/msg/detail/entity__rosidl_typesupport_fastrtps_c.h
[6.481s] -- Up-to-date: /home/robot/app/robot_ws/install/micro_ros_msgs/include/micro_ros_msgs/micro_ros_msgs/msg/rosidl_typesupport_fastrtps_c__visibility_control.h
[6.481s] -- Up-to-date: /home/robot/app/robot_ws/install/micro_ros_msgs/lib/libmicro_ros_msgs__rosidl_typesupport_fastrtps_c.so
[6.482s] -- Up-to-date: /home/robot/app/robot_ws/install/micro_ros_msgs/include/micro_ros_msgs/micro_ros_msgs
[6.482s] -- Up-to-date: /home/robot/app/robot_ws/install/micro_ros_msgs/include/micro_ros_msgs/micro_ros_msgs/msg
[6.482s] -- Up-to-date: /home/robot/app/robot_ws/install/micro_ros_msgs/include/micro_ros_msgs/micro_ros_msgs/msg/rosidl_typesupport_introspection_c__visibility_control.h
[6.482s] -- Up-to-date: /home/robot/app/robot_ws/install/micro_ros_msgs/include/micro_ros_msgs/micro_ros_msgs/msg/detail
[6.482s] -- Up-to-date: /home/robot/app/robot_ws/install/micro_ros_msgs/include/micro_ros_msgs/micro_ros_msgs/msg/detail/entity__type_support.c
[6.486s] -- Up-to-date: /home/robot/app/robot_ws/install/micro_ros_msgs/include/micro_ros_msgs/micro_ros_msgs/msg/detail/entity__rosidl_typesupport_introspection_c.h
[6.487s] -- Up-to-date: /home/robot/app/robot_ws/install/micro_ros_msgs/include/micro_ros_msgs/micro_ros_msgs/msg/detail/node__type_support.c
[6.487s] -- Up-to-date: /home/robot/app/robot_ws/install/micro_ros_msgs/include/micro_ros_msgs/micro_ros_msgs/msg/detail/graph__rosidl_typesupport_introspection_c.h
[6.487s] -- Up-to-date: /home/robot/app/robot_ws/install/micro_ros_msgs/include/micro_ros_msgs/micro_ros_msgs/msg/detail/node__rosidl_typesupport_introspection_c.h
[6.487s] -- Up-to-date: /home/robot/app/robot_ws/install/micro_ros_msgs/include/micro_ros_msgs/micro_ros_msgs/msg/detail/graph__type_support.c
[6.487s] -- Up-to-date: /home/robot/app/robot_ws/install/micro_ros_msgs/lib/libmicro_ros_msgs__rosidl_typesupport_introspection_c.so
[6.487s] -- Up-to-date: /home/robot/app/robot_ws/install/micro_ros_msgs/lib/libmicro_ros_msgs__rosidl_typesupport_c.so
[6.487s] -- Up-to-date: /home/robot/app/robot_ws/install/micro_ros_msgs/include/micro_ros_msgs/micro_ros_msgs
[6.488s] -- Up-to-date: /home/robot/app/robot_ws/install/micro_ros_msgs/include/micro_ros_msgs/micro_ros_msgs/msg
[6.488s] -- Up-to-date: /home/robot/app/robot_ws/install/micro_ros_msgs/include/micro_ros_msgs/micro_ros_msgs/msg/detail
[6.488s] -- Up-to-date: /home/robot/app/robot_ws/install/micro_ros_msgs/include/micro_ros_msgs/micro_ros_msgs/msg/detail/node__struct.hpp
[6.488s] -- Up-to-date: /home/robot/app/robot_ws/install/micro_ros_msgs/include/micro_ros_msgs/micro_ros_msgs/msg/detail/entity__traits.hpp
[6.488s] -- Up-to-date: /home/robot/app/robot_ws/install/micro_ros_msgs/include/micro_ros_msgs/micro_ros_msgs/msg/detail/graph__struct.hpp
[6.488s] -- Up-to-date: /home/robot/app/robot_ws/install/micro_ros_msgs/include/micro_ros_msgs/micro_ros_msgs/msg/detail/entity__struct.hpp
[6.488s] -- Up-to-date: /home/robot/app/robot_ws/install/micro_ros_msgs/include/micro_ros_msgs/micro_ros_msgs/msg/detail/node__traits.hpp
[6.488s] -- Up-to-date: /home/robot/app/robot_ws/install/micro_ros_msgs/include/micro_ros_msgs/micro_ros_msgs/msg/detail/entity__builder.hpp
[6.488s] -- Up-to-date: /home/robot/app/robot_ws/install/micro_ros_msgs/include/micro_ros_msgs/micro_ros_msgs/msg/detail/graph__builder.hpp
[6.490s] -- Up-to-date: /home/robot/app/robot_ws/install/micro_ros_msgs/include/micro_ros_msgs/micro_ros_msgs/msg/detail/graph__traits.hpp
[6.490s] -- Up-to-date: /home/robot/app/robot_ws/install/micro_ros_msgs/include/micro_ros_msgs/micro_ros_msgs/msg/detail/node__builder.hpp
[6.490s] -- Up-to-date: /home/robot/app/robot_ws/install/micro_ros_msgs/include/micro_ros_msgs/micro_ros_msgs/msg/graph.hpp
[6.491s] -- Up-to-date: /home/robot/app/robot_ws/install/micro_ros_msgs/include/micro_ros_msgs/micro_ros_msgs/msg/node.hpp
[6.491s] -- Up-to-date: /home/robot/app/robot_ws/install/micro_ros_msgs/include/micro_ros_msgs/micro_ros_msgs/msg/entity.hpp
[6.492s] -- Up-to-date: /home/robot/app/robot_ws/install/micro_ros_msgs/include/micro_ros_msgs
[6.492s] -- Up-to-date: /home/robot/app/robot_ws/install/micro_ros_msgs/include/micro_ros_msgs/msg
[6.492s] -- Up-to-date: /home/robot/app/robot_ws/install/micro_ros_msgs/include/micro_ros_msgs/msg/detail
[6.492s] -- Up-to-date: /home/robot/app/robot_ws/install/micro_ros_msgs/include/micro_ros_msgs/msg/detail/graph__rosidl_typesupport_microxrcedds_cpp.hpp
[6.492s] -- Up-to-date: /home/robot/app/robot_ws/install/micro_ros_msgs/include/micro_ros_msgs/msg/detail/node__rosidl_typesupport_microxrcedds_cpp.hpp
[6.492s] -- Up-to-date: /home/robot/app/robot_ws/install/micro_ros_msgs/include/micro_ros_msgs/msg/detail/microxrcedds
[6.492s] -- Up-to-date: /home/robot/app/robot_ws/install/micro_ros_msgs/include/micro_ros_msgs/msg/detail/microxrcedds/node__type_support_cpp.cpp
[6.492s] -- Up-to-date: /home/robot/app/robot_ws/install/micro_ros_msgs/include/micro_ros_msgs/msg/detail/microxrcedds/graph__type_support_cpp.cpp
[6.492s] -- Up-to-date: /home/robot/app/robot_ws/install/micro_ros_msgs/include/micro_ros_msgs/msg/detail/microxrcedds/entity__type_support_cpp.cpp
[6.493s] -- Up-to-date: /home/robot/app/robot_ws/install/micro_ros_msgs/include/micro_ros_msgs/msg/detail/entity__rosidl_typesupport_microxrcedds_cpp.hpp
[6.493s] -- Up-to-date: /home/robot/app/robot_ws/install/micro_ros_msgs/include/micro_ros_msgs/msg/rosidl_typesupport_microxrcedds_cpp__visibility_control.h
[6.493s] -- Up-to-date: /home/robot/app/robot_ws/install/micro_ros_msgs/lib/libmicro_ros_msgs__rosidl_typesupport_microxrcedds_cpp.so
[6.493s] -- Up-to-date: /home/robot/app/robot_ws/install/micro_ros_msgs/include/micro_ros_msgs/micro_ros_msgs
[6.493s] -- Up-to-date: /home/robot/app/robot_ws/install/micro_ros_msgs/include/micro_ros_msgs/micro_ros_msgs/msg
[6.493s] -- Up-to-date: /home/robot/app/robot_ws/install/micro_ros_msgs/include/micro_ros_msgs/micro_ros_msgs/msg/rosidl_typesupport_fastrtps_cpp__visibility_control.h
[6.493s] -- Up-to-date: /home/robot/app/robot_ws/install/micro_ros_msgs/include/micro_ros_msgs/micro_ros_msgs/msg/detail
[6.497s] -- Up-to-date: /home/robot/app/robot_ws/install/micro_ros_msgs/include/micro_ros_msgs/micro_ros_msgs/msg/detail/graph__rosidl_typesupport_fastrtps_cpp.hpp
[6.498s] -- Up-to-date: /home/robot/app/robot_ws/install/micro_ros_msgs/include/micro_ros_msgs/micro_ros_msgs/msg/detail/dds_fastrtps
[6.499s] -- Up-to-date: /home/robot/app/robot_ws/install/micro_ros_msgs/include/micro_ros_msgs/micro_ros_msgs/msg/detail/entity__rosidl_typesupport_fastrtps_cpp.hpp
[6.500s] -- Up-to-date: /home/robot/app/robot_ws/install/micro_ros_msgs/include/micro_ros_msgs/micro_ros_msgs/msg/detail/node__rosidl_typesupport_fastrtps_cpp.hpp
[6.500s] -- Up-to-date: /home/robot/app/robot_ws/install/micro_ros_msgs/lib/libmicro_ros_msgs__rosidl_typesupport_fastrtps_cpp.so
[6.501s] -- Up-to-date: /home/robot/app/robot_ws/install/micro_ros_msgs/include/micro_ros_msgs/micro_ros_msgs
[6.501s] -- Up-to-date: /home/robot/app/robot_ws/install/micro_ros_msgs/include/micro_ros_msgs/micro_ros_msgs/msg
[6.502s] -- Up-to-date: /home/robot/app/robot_ws/install/micro_ros_msgs/include/micro_ros_msgs/micro_ros_msgs/msg/detail
[6.502s] -- Up-to-date: /home/robot/app/robot_ws/install/micro_ros_msgs/include/micro_ros_msgs/micro_ros_msgs/msg/detail/node__rosidl_typesupport_introspection_cpp.hpp
[6.503s] -- Up-to-date: /home/robot/app/robot_ws/install/micro_ros_msgs/include/micro_ros_msgs/micro_ros_msgs/msg/detail/entity__type_support.cpp
[6.503s] -- Up-to-date: /home/robot/app/robot_ws/install/micro_ros_msgs/include/micro_ros_msgs/micro_ros_msgs/msg/detail/graph__type_support.cpp
[6.503s] -- Up-to-date: /home/robot/app/robot_ws/install/micro_ros_msgs/include/micro_ros_msgs/micro_ros_msgs/msg/detail/entity__rosidl_typesupport_introspection_cpp.hpp
[6.503s] -- Up-to-date: /home/robot/app/robot_ws/install/micro_ros_msgs/include/micro_ros_msgs/micro_ros_msgs/msg/detail/node__type_support.cpp
[6.503s] -- Up-to-date: /home/robot/app/robot_ws/install/micro_ros_msgs/include/micro_ros_msgs/micro_ros_msgs/msg/detail/graph__rosidl_typesupport_introspection_cpp.hpp
[6.503s] -- Up-to-date: /home/robot/app/robot_ws/install/micro_ros_msgs/lib/libmicro_ros_msgs__rosidl_typesupport_introspection_cpp.so
[6.503s] -- Up-to-date: /home/robot/app/robot_ws/install/micro_ros_msgs/lib/libmicro_ros_msgs__rosidl_typesupport_cpp.so
[6.504s] -- Up-to-date: /home/robot/app/robot_ws/install/micro_ros_msgs/share/micro_ros_msgs/environment/pythonpath.sh
[6.505s] -- Installing: /home/robot/app/robot_ws/install/micro_ros_msgs/share/micro_ros_msgs/environment/pythonpath.dsv
[6.505s] -- Up-to-date: /home/robot/app/robot_ws/install/micro_ros_msgs/local/lib/python3.10/dist-packages/micro_ros_msgs-3.0.1-py3.10.egg-info
[6.506s] -- Installing: /home/robot/app/robot_ws/install/micro_ros_msgs/local/lib/python3.10/dist-packages/micro_ros_msgs-3.0.1-py3.10.egg-info/dependency_links.txt
[6.506s] -- Installing: /home/robot/app/robot_ws/install/micro_ros_msgs/local/lib/python3.10/dist-packages/micro_ros_msgs-3.0.1-py3.10.egg-info/PKG-INFO
[6.507s] -- Installing: /home/robot/app/robot_ws/install/micro_ros_msgs/local/lib/python3.10/dist-packages/micro_ros_msgs-3.0.1-py3.10.egg-info/SOURCES.txt
[6.507s] -- Installing: /home/robot/app/robot_ws/install/micro_ros_msgs/local/lib/python3.10/dist-packages/micro_ros_msgs-3.0.1-py3.10.egg-info/top_level.txt
[6.507s] -- Up-to-date: /home/robot/app/robot_ws/install/micro_ros_msgs/local/lib/python3.10/dist-packages/micro_ros_msgs
[6.507s] -- Installing: /home/robot/app/robot_ws/install/micro_ros_msgs/local/lib/python3.10/dist-packages/micro_ros_msgs/__init__.py
[6.507s] -- Up-to-date: /home/robot/app/robot_ws/install/micro_ros_msgs/local/lib/python3.10/dist-packages/micro_ros_msgs/_micro_ros_msgs_s.ep.rosidl_typesupport_introspection_c.c
[6.508s] -- Up-to-date: /home/robot/app/robot_ws/install/micro_ros_msgs/local/lib/python3.10/dist-packages/micro_ros_msgs/_micro_ros_msgs_s.ep.rosidl_typesupport_fastrtps_c.c
[6.508s] -- Up-to-date: /home/robot/app/robot_ws/install/micro_ros_msgs/local/lib/python3.10/dist-packages/micro_ros_msgs/micro_ros_msgs_s__rosidl_typesupport_introspection_c.cpython-310-x86_64-linux-gnu.so
[6.508s] -- Up-to-date: /home/robot/app/robot_ws/install/micro_ros_msgs/local/lib/python3.10/dist-packages/micro_ros_msgs/_micro_ros_msgs_s.ep.rosidl_typesupport_c.c
[6.508s] -- Up-to-date: /home/robot/app/robot_ws/install/micro_ros_msgs/local/lib/python3.10/dist-packages/micro_ros_msgs/micro_ros_msgs_s__rosidl_typesupport_fastrtps_c.cpython-310-x86_64-linux-gnu.so
[6.508s] -- Up-to-date: /home/robot/app/robot_ws/install/micro_ros_msgs/local/lib/python3.10/dist-packages/micro_ros_msgs/micro_ros_msgs_s__rosidl_typesupport_c.cpython-310-x86_64-linux-gnu.so
[6.508s] -- Up-to-date: /home/robot/app/robot_ws/install/micro_ros_msgs/local/lib/python3.10/dist-packages/micro_ros_msgs/libmicro_ros_msgs__rosidl_generator_py.so
[6.508s] -- Up-to-date: /home/robot/app/robot_ws/install/micro_ros_msgs/local/lib/python3.10/dist-packages/micro_ros_msgs/_micro_ros_msgs_s.ep.rosidl_typesupport_microxrcedds_c.c
[6.508s] -- Up-to-date: /home/robot/app/robot_ws/install/micro_ros_msgs/local/lib/python3.10/dist-packages/micro_ros_msgs/msg
[6.509s] -- Up-to-date: /home/robot/app/robot_ws/install/micro_ros_msgs/local/lib/python3.10/dist-packages/micro_ros_msgs/msg/__init__.py
[6.509s] -- Up-to-date: /home/robot/app/robot_ws/install/micro_ros_msgs/local/lib/python3.10/dist-packages/micro_ros_msgs/msg/_entity_s.c
[6.515s] -- Up-to-date: /home/robot/app/robot_ws/install/micro_ros_msgs/local/lib/python3.10/dist-packages/micro_ros_msgs/msg/_entity.py
[6.516s] -- Up-to-date: /home/robot/app/robot_ws/install/micro_ros_msgs/local/lib/python3.10/dist-packages/micro_ros_msgs/msg/_graph.py
[6.516s] -- Up-to-date: /home/robot/app/robot_ws/install/micro_ros_msgs/local/lib/python3.10/dist-packages/micro_ros_msgs/msg/_node_s.c
[6.518s] -- Up-to-date: /home/robot/app/robot_ws/install/micro_ros_msgs/local/lib/python3.10/dist-packages/micro_ros_msgs/msg/_node.py
[6.518s] -- Up-to-date: /home/robot/app/robot_ws/install/micro_ros_msgs/local/lib/python3.10/dist-packages/micro_ros_msgs/msg/_graph_s.c
[6.519s] -- Up-to-date: /home/robot/app/robot_ws/install/micro_ros_msgs/local/lib/python3.10/dist-packages/micro_ros_msgs/micro_ros_msgs_s__rosidl_typesupport_microxrcedds_c.cpython-310-x86_64-linux-gnu.so
[6.624s] Listing '/home/robot/app/robot_ws/install/micro_ros_msgs/local/lib/python3.10/dist-packages/micro_ros_msgs'...
[6.624s] Compiling '/home/robot/app/robot_ws/install/micro_ros_msgs/local/lib/python3.10/dist-packages/micro_ros_msgs/__init__.py'...
[6.624s] Listing '/home/robot/app/robot_ws/install/micro_ros_msgs/local/lib/python3.10/dist-packages/micro_ros_msgs/msg'...
[6.635s] -- Up-to-date: /home/robot/app/robot_ws/install/micro_ros_msgs/local/lib/python3.10/dist-packages/micro_ros_msgs/micro_ros_msgs_s__rosidl_typesupport_microxrcedds_c.cpython-310-x86_64-linux-gnu.so
[6.635s] -- Up-to-date: /home/robot/app/robot_ws/install/micro_ros_msgs/local/lib/python3.10/dist-packages/micro_ros_msgs/micro_ros_msgs_s__rosidl_typesupport_fastrtps_c.cpython-310-x86_64-linux-gnu.so
[6.636s] -- Up-to-date: /home/robot/app/robot_ws/install/micro_ros_msgs/local/lib/python3.10/dist-packages/micro_ros_msgs/micro_ros_msgs_s__rosidl_typesupport_introspection_c.cpython-310-x86_64-linux-gnu.so
[6.637s] -- Up-to-date: /home/robot/app/robot_ws/install/micro_ros_msgs/local/lib/python3.10/dist-packages/micro_ros_msgs/micro_ros_msgs_s__rosidl_typesupport_c.cpython-310-x86_64-linux-gnu.so
[6.637s] -- Up-to-date: /home/robot/app/robot_ws/install/micro_ros_msgs/lib/libmicro_ros_msgs__rosidl_generator_py.so
[6.639s] -- Up-to-date: /home/robot/app/robot_ws/install/micro_ros_msgs/share/micro_ros_msgs/msg/Graph.idl
[6.639s] -- Up-to-date: /home/robot/app/robot_ws/install/micro_ros_msgs/share/micro_ros_msgs/msg/Node.idl
[6.639s] -- Up-to-date: /home/robot/app/robot_ws/install/micro_ros_msgs/share/micro_ros_msgs/msg/Entity.idl
[6.639s] -- Up-to-date: /home/robot/app/robot_ws/install/micro_ros_msgs/share/micro_ros_msgs/msg/Graph.msg
[6.639s] -- Up-to-date: /home/robot/app/robot_ws/install/micro_ros_msgs/share/micro_ros_msgs/msg/Node.msg
[6.639s] -- Up-to-date: /home/robot/app/robot_ws/install/micro_ros_msgs/share/micro_ros_msgs/msg/Entity.msg
[6.640s] -- Up-to-date: /home/robot/app/robot_ws/install/micro_ros_msgs/share/ament_index/resource_index/package_run_dependencies/micro_ros_msgs
[6.640s] -- Up-to-date: /home/robot/app/robot_ws/install/micro_ros_msgs/share/ament_index/resource_index/parent_prefix_path/micro_ros_msgs
[6.640s] -- Up-to-date: /home/robot/app/robot_ws/install/micro_ros_msgs/share/micro_ros_msgs/environment/ament_prefix_path.sh
[6.640s] -- Installing: /home/robot/app/robot_ws/install/micro_ros_msgs/share/micro_ros_msgs/environment/ament_prefix_path.dsv
[6.641s] -- Up-to-date: /home/robot/app/robot_ws/install/micro_ros_msgs/share/micro_ros_msgs/environment/path.sh
[6.642s] -- Installing: /home/robot/app/robot_ws/install/micro_ros_msgs/share/micro_ros_msgs/environment/path.dsv
[6.642s] -- Up-to-date: /home/robot/app/robot_ws/install/micro_ros_msgs/share/micro_ros_msgs/local_setup.bash
[6.642s] -- Up-to-date: /home/robot/app/robot_ws/install/micro_ros_msgs/share/micro_ros_msgs/local_setup.sh
[6.642s] -- Up-to-date: /home/robot/app/robot_ws/install/micro_ros_msgs/share/micro_ros_msgs/local_setup.zsh
[6.642s] -- Installing: /home/robot/app/robot_ws/install/micro_ros_msgs/share/micro_ros_msgs/local_setup.dsv
[6.643s] -- Installing: /home/robot/app/robot_ws/install/micro_ros_msgs/share/micro_ros_msgs/package.dsv
[6.643s] -- Up-to-date: /home/robot/app/robot_ws/install/micro_ros_msgs/share/ament_index/resource_index/packages/micro_ros_msgs
[6.644s] -- Up-to-date: /home/robot/app/robot_ws/install/micro_ros_msgs/share/micro_ros_msgs/cmake/export_micro_ros_msgs__rosidl_generator_cExport.cmake
[6.645s] -- Up-to-date: /home/robot/app/robot_ws/install/micro_ros_msgs/share/micro_ros_msgs/cmake/export_micro_ros_msgs__rosidl_generator_cExport-noconfig.cmake
[6.645s] -- Up-to-date: /home/robot/app/robot_ws/install/micro_ros_msgs/share/micro_ros_msgs/cmake/export_micro_ros_msgs__rosidl_typesupport_fastrtps_cExport.cmake
[6.646s] -- Up-to-date: /home/robot/app/robot_ws/install/micro_ros_msgs/share/micro_ros_msgs/cmake/export_micro_ros_msgs__rosidl_typesupport_fastrtps_cExport-noconfig.cmake
[6.646s] -- Up-to-date: /home/robot/app/robot_ws/install/micro_ros_msgs/share/micro_ros_msgs/cmake/micro_ros_msgs__rosidl_typesupport_introspection_cExport.cmake
[6.646s] -- Up-to-date: /home/robot/app/robot_ws/install/micro_ros_msgs/share/micro_ros_msgs/cmake/micro_ros_msgs__rosidl_typesupport_introspection_cExport-noconfig.cmake
[6.647s] -- Up-to-date: /home/robot/app/robot_ws/install/micro_ros_msgs/share/micro_ros_msgs/cmake/micro_ros_msgs__rosidl_typesupport_cExport.cmake
[6.647s] -- Up-to-date: /home/robot/app/robot_ws/install/micro_ros_msgs/share/micro_ros_msgs/cmake/micro_ros_msgs__rosidl_typesupport_cExport-noconfig.cmake
[6.647s] -- Up-to-date: /home/robot/app/robot_ws/install/micro_ros_msgs/share/micro_ros_msgs/cmake/export_micro_ros_msgs__rosidl_generator_cppExport.cmake
[6.648s] -- Up-to-date: /home/robot/app/robot_ws/install/micro_ros_msgs/share/micro_ros_msgs/cmake/export_micro_ros_msgs__rosidl_typesupport_fastrtps_cppExport.cmake
[6.648s] -- Up-to-date: /home/robot/app/robot_ws/install/micro_ros_msgs/share/micro_ros_msgs/cmake/export_micro_ros_msgs__rosidl_typesupport_fastrtps_cppExport-noconfig.cmake
[6.651s] -- Up-to-date: /home/robot/app/robot_ws/install/micro_ros_msgs/share/micro_ros_msgs/cmake/micro_ros_msgs__rosidl_typesupport_introspection_cppExport.cmake
[6.652s] -- Up-to-date: /home/robot/app/robot_ws/install/micro_ros_msgs/share/micro_ros_msgs/cmake/micro_ros_msgs__rosidl_typesupport_introspection_cppExport-noconfig.cmake
[6.652s] -- Up-to-date: /home/robot/app/robot_ws/install/micro_ros_msgs/share/micro_ros_msgs/cmake/micro_ros_msgs__rosidl_typesupport_cppExport.cmake
[6.652s] -- Up-to-date: /home/robot/app/robot_ws/install/micro_ros_msgs/share/micro_ros_msgs/cmake/micro_ros_msgs__rosidl_typesupport_cppExport-noconfig.cmake
[6.652s] -- Up-to-date: /home/robot/app/robot_ws/install/micro_ros_msgs/share/micro_ros_msgs/cmake/export_micro_ros_msgs__rosidl_generator_pyExport.cmake
[6.652s] -- Up-to-date: /home/robot/app/robot_ws/install/micro_ros_msgs/share/micro_ros_msgs/cmake/export_micro_ros_msgs__rosidl_generator_pyExport-noconfig.cmake
[6.652s] -- Up-to-date: /home/robot/app/robot_ws/install/micro_ros_msgs/share/micro_ros_msgs/cmake/rosidl_cmake-extras.cmake
[6.652s] -- Up-to-date: /home/robot/app/robot_ws/install/micro_ros_msgs/share/micro_ros_msgs/cmake/ament_cmake_export_include_directories-extras.cmake
[6.652s] -- Up-to-date: /home/robot/app/robot_ws/install/micro_ros_msgs/share/micro_ros_msgs/cmake/ament_cmake_export_libraries-extras.cmake
[6.652s] -- Up-to-date: /home/robot/app/robot_ws/install/micro_ros_msgs/share/micro_ros_msgs/cmake/ament_cmake_export_targets-extras.cmake
[6.652s] -- Up-to-date: /home/robot/app/robot_ws/install/micro_ros_msgs/share/micro_ros_msgs/cmake/rosidl_cmake_export_typesupport_targets-extras.cmake
[6.653s] -- Up-to-date: /home/robot/app/robot_ws/install/micro_ros_msgs/share/micro_ros_msgs/cmake/ament_cmake_export_dependencies-extras.cmake
[6.653s] -- Up-to-date: /home/robot/app/robot_ws/install/micro_ros_msgs/share/micro_ros_msgs/cmake/rosidl_cmake_export_typesupport_libraries-extras.cmake
[6.653s] -- Up-to-date: /home/robot/app/robot_ws/install/micro_ros_msgs/share/micro_ros_msgs/cmake/micro_ros_msgsConfig.cmake
[6.653s] -- Up-to-date: /home/robot/app/robot_ws/install/micro_ros_msgs/share/micro_ros_msgs/cmake/micro_ros_msgsConfig-version.cmake
[6.653s] -- Up-to-date: /home/robot/app/robot_ws/install/micro_ros_msgs/share/micro_ros_msgs/package.xml
[6.655s] Invoked command in '/home/robot/app/robot_ws/build/micro_ros_msgs' returned '0': CMAKE_PREFIX_PATH=${CMAKE_PREFIX_PATH}:/home/robot/app/robot_ws/install/sensor_msgs_py:/opt/ros/humble /usr/bin/cmake --install /home/robot/app/robot_ws/build/micro_ros_msgs
