[0.075s] Invoking command in '/home/robot/app/robot_ws/build/std_srvs': CMAKE_PREFIX_PATH=${CMAKE_PREFIX_PATH}:/home/robot/app/robot_ws/install/sensor_msgs_py:/opt/ros/humble /usr/bin/cmake /home/robot/app/robot_ws/src/ros2/common_interfaces/std_srvs -DBUILD_TESTING=OFF -DBUILD_SHARED_LIBS=ON -DCMAKE_INSTALL_PREFIX=/home/robot/app/robot_ws/install/std_srvs
[0.136s] -- Found ament_cmake: 1.3.10 (/opt/ros/humble/share/ament_cmake/cmake)
[0.784s] -- Found rosidl_default_generators: 1.2.0 (/opt/ros/humble/share/rosidl_default_generators/cmake)
[0.814s] -- Using all available rosidl_typesupport_c: rosidl_typesupport_microxrcedds_c;rosidl_typesupport_fastrtps_c;rosidl_typesupport_introspection_c
[0.824s] -- Found rosidl_adapter: 3.1.5 (/opt/ros/humble/share/rosidl_adapter/cmake)
[0.946s] -- Using all available rosidl_typesupport_cpp: rosidl_typesupport_microxrcedds_cpp;rosidl_typesupport_fastrtps_cpp;rosidl_typesupport_introspection_cpp
[2.038s] -- Found ament_cmake_ros: 0.10.0 (/opt/ros/humble/share/ament_cmake_ros/cmake)
[3.066s] -- Using all available rosidl_typesupport_c: rosidl_typesupport_microxrcedds_c;rosidl_typesupport_fastrtps_c;rosidl_typesupport_introspection_c
[5.343s] -- Using all available rosidl_typesupport_cpp: rosidl_typesupport_microxrcedds_cpp;rosidl_typesupport_fastrtps_cpp;rosidl_typesupport_introspection_cpp
[5.433s] -- Found python_cmake_module: 0.10.0 (/opt/ros/humble/share/python_cmake_module/cmake)
[5.539s] -- Using PYTHON_EXECUTABLE: /usr/bin/python3
[5.539s] -- Using PYTHON_INCLUDE_DIRS: /usr/include/python3.10
[5.539s] -- Using PYTHON_LIBRARIES: /usr/lib/x86_64-linux-gnu/libpython3.10.so
[5.742s] -- Configuring done
[5.966s] -- Generating done
[6.000s] -- Build files have been written to: /home/robot/app/robot_ws/build/std_srvs
[6.060s] Invoked command in '/home/robot/app/robot_ws/build/std_srvs' returned '0': CMAKE_PREFIX_PATH=${CMAKE_PREFIX_PATH}:/home/robot/app/robot_ws/install/sensor_msgs_py:/opt/ros/humble /usr/bin/cmake /home/robot/app/robot_ws/src/ros2/common_interfaces/std_srvs -DBUILD_TESTING=OFF -DBUILD_SHARED_LIBS=ON -DCMAKE_INSTALL_PREFIX=/home/robot/app/robot_ws/install/std_srvs
[6.068s] Invoking command in '/home/robot/app/robot_ws/build/std_srvs': CMAKE_PREFIX_PATH=${CMAKE_PREFIX_PATH}:/home/robot/app/robot_ws/install/sensor_msgs_py:/opt/ros/humble /usr/bin/cmake --build /home/robot/app/robot_ws/build/std_srvs -- -j8 -l8
[6.624s] [35m[1mConsolidate compiler generated dependencies of target std_srvs__rosidl_generator_c[0m
[6.713s] [  1%] Built target std_srvs__cpp
[6.847s] [ 10%] Built target std_srvs__rosidl_generator_c
[6.894s] [35m[1mConsolidate compiler generated dependencies of target std_srvs__rosidl_typesupport_introspection_cpp[0m
[6.904s] [ 11%] [34m[1mGenerating C++ type support dispatch for ROS interfaces[0m
[6.917s] [ 11%] Built target ament_cmake_python_copy_std_srvs
[6.952s] [ 13%] [34m[1mGenerating C++ type support for eProsima Micro XRCE-DDS[0m
[6.978s] [35m[1mConsolidate compiler generated dependencies of target std_srvs__rosidl_typesupport_fastrtps_cpp[0m
[7.029s] [35m[1mConsolidate compiler generated dependencies of target std_srvs__rosidl_typesupport_fastrtps_c[0m
[7.029s] [35m[1mConsolidate compiler generated dependencies of target std_srvs__rosidl_typesupport_introspection_c[0m
[7.069s] [ 15%] [34m[1mGenerating C type support for eProsima Micro XRCE-DDS[0m
[7.109s] [ 23%] Built target std_srvs__rosidl_typesupport_fastrtps_cpp
[7.143s] [ 25%] [34m[1mGenerating C type support dispatch for ROS interfaces[0m
[7.157s] [ 33%] Built target std_srvs__rosidl_typesupport_fastrtps_c
[7.192s] [ 42%] Built target std_srvs__rosidl_typesupport_introspection_cpp
[7.222s] [ 50%] Built target std_srvs__rosidl_typesupport_introspection_c
[11.377s] running egg_info
[11.381s] writing std_srvs.egg-info/PKG-INFO
[11.399s] writing dependency_links to std_srvs.egg-info/dependency_links.txt
[11.399s] writing top-level names to std_srvs.egg-info/top_level.txt
[11.402s] reading manifest file 'std_srvs.egg-info/SOURCES.txt'
[11.405s] writing manifest file 'std_srvs.egg-info/SOURCES.txt'
[11.431s] [35m[1mConsolidate compiler generated dependencies of target std_srvs__rosidl_typesupport_cpp[0m
[11.606s] [ 50%] Built target ament_cmake_python_build_std_srvs_egg
[11.648s] [ 52%] [32mBuilding CXX object CMakeFiles/std_srvs__rosidl_typesupport_cpp.dir/rosidl_typesupport_cpp/std_srvs/srv/set_bool__type_support.cpp.o[0m
[11.700s] [ 54%] [32mBuilding CXX object CMakeFiles/std_srvs__rosidl_typesupport_cpp.dir/rosidl_typesupport_cpp/std_srvs/srv/empty__type_support.cpp.o[0m
[11.730s] [ 55%] [32mBuilding CXX object CMakeFiles/std_srvs__rosidl_typesupport_cpp.dir/rosidl_typesupport_cpp/std_srvs/srv/trigger__type_support.cpp.o[0m
[13.668s] [35m[1mConsolidate compiler generated dependencies of target std_srvs__rosidl_typesupport_microxrcedds_cpp[0m
[13.716s] [35m[1mConsolidate compiler generated dependencies of target std_srvs__rosidl_typesupport_microxrcedds_c[0m
[13.889s] [ 57%] [32mBuilding C object CMakeFiles/std_srvs__rosidl_typesupport_microxrcedds_c.dir/rosidl_typesupport_microxrcedds_c/std_srvs/srv/detail/microxrcedds/trigger__type_support_c.c.o[0m
[13.890s] [ 59%] [32mBuilding C object CMakeFiles/std_srvs__rosidl_typesupport_microxrcedds_c.dir/rosidl_typesupport_microxrcedds_c/std_srvs/srv/detail/microxrcedds/set_bool__type_support_c.c.o[0m
[13.908s] [ 61%] [32mBuilding C object CMakeFiles/std_srvs__rosidl_typesupport_microxrcedds_c.dir/rosidl_typesupport_microxrcedds_c/std_srvs/srv/detail/microxrcedds/empty__type_support_c.c.o[0m
[13.985s] [ 62%] [32mBuilding CXX object CMakeFiles/std_srvs__rosidl_typesupport_microxrcedds_cpp.dir/rosidl_typesupport_microxrcedds_cpp/std_srvs/srv/detail/microxrcedds/empty__type_support_cpp.cpp.o[0m
[14.124s] [35m[1mConsolidate compiler generated dependencies of target std_srvs__rosidl_typesupport_c[0m
[14.264s] [ 64%] [32mBuilding CXX object CMakeFiles/std_srvs__rosidl_typesupport_c.dir/rosidl_typesupport_c/std_srvs/srv/empty__type_support.cpp.o[0m
[14.576s] [ 66%] [32mBuilding CXX object CMakeFiles/std_srvs__rosidl_typesupport_microxrcedds_cpp.dir/rosidl_typesupport_microxrcedds_cpp/std_srvs/srv/detail/microxrcedds/set_bool__type_support_cpp.cpp.o[0m
[14.605s] [ 67%] [32mBuilding CXX object CMakeFiles/std_srvs__rosidl_typesupport_microxrcedds_cpp.dir/rosidl_typesupport_microxrcedds_cpp/std_srvs/srv/detail/microxrcedds/trigger__type_support_cpp.cpp.o[0m
[14.624s] [ 69%] [32mBuilding CXX object CMakeFiles/std_srvs__rosidl_typesupport_c.dir/rosidl_typesupport_c/std_srvs/srv/set_bool__type_support.cpp.o[0m
[14.724s] [ 71%] [32mBuilding CXX object CMakeFiles/std_srvs__rosidl_typesupport_c.dir/rosidl_typesupport_c/std_srvs/srv/trigger__type_support.cpp.o[0m
[14.895s] [ 72%] [32m[1mLinking C shared library libstd_srvs__rosidl_typesupport_microxrcedds_c.so[0m
[14.934s] [ 74%] [32m[1mLinking CXX shared library libstd_srvs__rosidl_typesupport_c.so[0m
[15.241s] [ 74%] Built target std_srvs__rosidl_typesupport_c
[15.384s] [ 74%] Built target std_srvs__rosidl_typesupport_microxrcedds_c
[15.640s] [ 76%] [32m[1mLinking CXX shared library libstd_srvs__rosidl_typesupport_cpp.so[0m
[15.982s] [ 76%] Built target std_srvs__rosidl_typesupport_cpp
[16.645s] [ 77%] [32m[1mLinking CXX shared library libstd_srvs__rosidl_typesupport_microxrcedds_cpp.so[0m
[16.913s] [ 77%] Built target std_srvs__rosidl_typesupport_microxrcedds_cpp
[17.122s] [ 77%] Built target std_srvs
[17.281s] [ 79%] Built target std_srvs__py
[17.382s] [35m[1mConsolidate compiler generated dependencies of target std_srvs__rosidl_generator_py[0m
[17.484s] [ 81%] [32m[1mLinking C shared library rosidl_generator_py/std_srvs/libstd_srvs__rosidl_generator_py.so[0m
[17.782s] [ 86%] Built target std_srvs__rosidl_generator_py
[17.859s] [35m[1mConsolidate compiler generated dependencies of target std_srvs__rosidl_typesupport_c__pyext[0m
[17.865s] [35m[1mConsolidate compiler generated dependencies of target std_srvs__rosidl_typesupport_introspection_c__pyext[0m
[17.888s] [35m[1mConsolidate compiler generated dependencies of target std_srvs__rosidl_typesupport_microxrcedds_c__pyext[0m
[17.891s] [35m[1mConsolidate compiler generated dependencies of target std_srvs__rosidl_typesupport_fastrtps_c__pyext[0m
[17.942s] [ 88%] [32m[1mLinking C shared library rosidl_generator_py/std_srvs/std_srvs_s__rosidl_typesupport_c.cpython-310-x86_64-linux-gnu.so[0m
[17.944s] [ 89%] [32m[1mLinking C shared library rosidl_generator_py/std_srvs/std_srvs_s__rosidl_typesupport_introspection_c.cpython-310-x86_64-linux-gnu.so[0m
[17.970s] [ 91%] [32m[1mLinking C shared library rosidl_generator_py/std_srvs/std_srvs_s__rosidl_typesupport_microxrcedds_c.cpython-310-x86_64-linux-gnu.so[0m
[17.986s] [ 93%] [32m[1mLinking C shared library rosidl_generator_py/std_srvs/std_srvs_s__rosidl_typesupport_fastrtps_c.cpython-310-x86_64-linux-gnu.so[0m
[18.158s] [ 94%] Built target std_srvs__rosidl_typesupport_introspection_c__pyext
[18.172s] [ 96%] Built target std_srvs__rosidl_typesupport_c__pyext
[18.224s] [ 98%] Built target std_srvs__rosidl_typesupport_microxrcedds_c__pyext
[18.265s] [100%] Built target std_srvs__rosidl_typesupport_fastrtps_c__pyext
[18.340s] Invoked command in '/home/robot/app/robot_ws/build/std_srvs' returned '0': CMAKE_PREFIX_PATH=${CMAKE_PREFIX_PATH}:/home/robot/app/robot_ws/install/sensor_msgs_py:/opt/ros/humble /usr/bin/cmake --build /home/robot/app/robot_ws/build/std_srvs -- -j8 -l8
[19.880s] Invoking command in '/home/robot/app/robot_ws/build/std_srvs': CMAKE_PREFIX_PATH=${CMAKE_PREFIX_PATH}:/home/robot/app/robot_ws/install/sensor_msgs_py:/opt/ros/humble /usr/bin/cmake --install /home/robot/app/robot_ws/build/std_srvs
[19.943s] -- Install configuration: ""
[19.944s] -- Up-to-date: /home/robot/app/robot_ws/install/std_srvs/share/ament_index/resource_index/rosidl_interfaces/std_srvs
[19.944s] -- Up-to-date: /home/robot/app/robot_ws/install/std_srvs/include/std_srvs/std_srvs
[19.945s] -- Up-to-date: /home/robot/app/robot_ws/install/std_srvs/include/std_srvs/std_srvs/srv
[19.946s] -- Up-to-date: /home/robot/app/robot_ws/install/std_srvs/include/std_srvs/std_srvs/srv/set_bool.h
[19.946s] -- Up-to-date: /home/robot/app/robot_ws/install/std_srvs/include/std_srvs/std_srvs/srv/detail
[19.946s] -- Up-to-date: /home/robot/app/robot_ws/install/std_srvs/include/std_srvs/std_srvs/srv/detail/set_bool__functions.c
[19.953s] -- Up-to-date: /home/robot/app/robot_ws/install/std_srvs/include/std_srvs/std_srvs/srv/detail/trigger__functions.c
[19.953s] -- Up-to-date: /home/robot/app/robot_ws/install/std_srvs/include/std_srvs/std_srvs/srv/detail/trigger__functions.h
[19.954s] -- Up-to-date: /home/robot/app/robot_ws/install/std_srvs/include/std_srvs/std_srvs/srv/detail/empty__type_support.h
[19.954s] -- Up-to-date: /home/robot/app/robot_ws/install/std_srvs/include/std_srvs/std_srvs/srv/detail/empty__struct.h
[19.954s] -- Up-to-date: /home/robot/app/robot_ws/install/std_srvs/include/std_srvs/std_srvs/srv/detail/empty__functions.c
[19.954s] -- Up-to-date: /home/robot/app/robot_ws/install/std_srvs/include/std_srvs/std_srvs/srv/detail/empty__functions.h
[19.955s] -- Up-to-date: /home/robot/app/robot_ws/install/std_srvs/include/std_srvs/std_srvs/srv/detail/trigger__type_support.h
[19.955s] -- Up-to-date: /home/robot/app/robot_ws/install/std_srvs/include/std_srvs/std_srvs/srv/detail/set_bool__functions.h
[19.955s] -- Up-to-date: /home/robot/app/robot_ws/install/std_srvs/include/std_srvs/std_srvs/srv/detail/trigger__struct.h
[19.955s] -- Up-to-date: /home/robot/app/robot_ws/install/std_srvs/include/std_srvs/std_srvs/srv/detail/set_bool__type_support.h
[19.955s] -- Up-to-date: /home/robot/app/robot_ws/install/std_srvs/include/std_srvs/std_srvs/srv/detail/set_bool__struct.h
[19.955s] -- Up-to-date: /home/robot/app/robot_ws/install/std_srvs/include/std_srvs/std_srvs/srv/trigger.h
[19.956s] -- Up-to-date: /home/robot/app/robot_ws/install/std_srvs/include/std_srvs/std_srvs/srv/empty.h
[19.956s] -- Up-to-date: /home/robot/app/robot_ws/install/std_srvs/include/std_srvs/std_srvs/msg
[19.956s] -- Up-to-date: /home/robot/app/robot_ws/install/std_srvs/include/std_srvs/std_srvs/msg/rosidl_generator_c__visibility_control.h
[19.956s] -- Up-to-date: /home/robot/app/robot_ws/install/std_srvs/share/std_srvs/environment/library_path.sh
[19.956s] -- Installing: /home/robot/app/robot_ws/install/std_srvs/share/std_srvs/environment/library_path.dsv
[19.958s] -- Up-to-date: /home/robot/app/robot_ws/install/std_srvs/lib/libstd_srvs__rosidl_generator_c.so
[19.958s] -- Up-to-date: /home/robot/app/robot_ws/install/std_srvs/include/std_srvs
[19.959s] -- Up-to-date: /home/robot/app/robot_ws/install/std_srvs/include/std_srvs/srv
[19.960s] -- Up-to-date: /home/robot/app/robot_ws/install/std_srvs/include/std_srvs/srv/detail
[19.961s] -- Installing: /home/robot/app/robot_ws/install/std_srvs/include/std_srvs/srv/detail/trigger__rosidl_typesupport_microxrcedds_c.h
[19.961s] -- Installing: /home/robot/app/robot_ws/install/std_srvs/include/std_srvs/srv/detail/set_bool__rosidl_typesupport_microxrcedds_c.h
[19.961s] -- Installing: /home/robot/app/robot_ws/install/std_srvs/include/std_srvs/srv/detail/empty__rosidl_typesupport_microxrcedds_c.h
[19.961s] -- Up-to-date: /home/robot/app/robot_ws/install/std_srvs/include/std_srvs/srv/detail/microxrcedds
[19.962s] -- Up-to-date: /home/robot/app/robot_ws/install/std_srvs/include/std_srvs/msg
[19.962s] -- Up-to-date: /home/robot/app/robot_ws/install/std_srvs/include/std_srvs/msg/rosidl_typesupport_microxrcedds_c__visibility_control.h
[19.992s] -- Installing: /home/robot/app/robot_ws/install/std_srvs/lib/libstd_srvs__rosidl_typesupport_microxrcedds_c.so
[19.992s] -- Set runtime path of "/home/robot/app/robot_ws/install/std_srvs/lib/libstd_srvs__rosidl_typesupport_microxrcedds_c.so" to ""
[19.992s] -- Up-to-date: /home/robot/app/robot_ws/install/std_srvs/include/std_srvs/std_srvs
[19.993s] -- Up-to-date: /home/robot/app/robot_ws/install/std_srvs/include/std_srvs/std_srvs/srv
[19.993s] -- Up-to-date: /home/robot/app/robot_ws/install/std_srvs/include/std_srvs/std_srvs/srv/detail
[19.993s] -- Up-to-date: /home/robot/app/robot_ws/install/std_srvs/include/std_srvs/std_srvs/srv/detail/empty__rosidl_typesupport_fastrtps_c.h
[19.993s] -- Up-to-date: /home/robot/app/robot_ws/install/std_srvs/include/std_srvs/std_srvs/srv/detail/set_bool__rosidl_typesupport_fastrtps_c.h
[19.993s] -- Up-to-date: /home/robot/app/robot_ws/install/std_srvs/include/std_srvs/std_srvs/srv/detail/trigger__rosidl_typesupport_fastrtps_c.h
[19.994s] -- Up-to-date: /home/robot/app/robot_ws/install/std_srvs/include/std_srvs/std_srvs/msg
[19.996s] -- Up-to-date: /home/robot/app/robot_ws/install/std_srvs/include/std_srvs/std_srvs/msg/rosidl_typesupport_fastrtps_c__visibility_control.h
[20.003s] -- Up-to-date: /home/robot/app/robot_ws/install/std_srvs/lib/libstd_srvs__rosidl_typesupport_fastrtps_c.so
[20.017s] -- Up-to-date: /home/robot/app/robot_ws/install/std_srvs/include/std_srvs/std_srvs
[20.017s] -- Up-to-date: /home/robot/app/robot_ws/install/std_srvs/include/std_srvs/std_srvs/srv
[20.018s] -- Up-to-date: /home/robot/app/robot_ws/install/std_srvs/include/std_srvs/std_srvs/srv/detail
[20.018s] -- Up-to-date: /home/robot/app/robot_ws/install/std_srvs/include/std_srvs/std_srvs/srv/detail/set_bool__rosidl_typesupport_introspection_c.h
[20.031s] -- Up-to-date: /home/robot/app/robot_ws/install/std_srvs/include/std_srvs/std_srvs/srv/detail/trigger__rosidl_typesupport_introspection_c.h
[20.032s] -- Up-to-date: /home/robot/app/robot_ws/install/std_srvs/include/std_srvs/std_srvs/srv/detail/trigger__type_support.c
[20.032s] -- Up-to-date: /home/robot/app/robot_ws/install/std_srvs/include/std_srvs/std_srvs/srv/detail/empty__type_support.c
[20.034s] -- Up-to-date: /home/robot/app/robot_ws/install/std_srvs/include/std_srvs/std_srvs/srv/detail/empty__rosidl_typesupport_introspection_c.h
[20.034s] -- Up-to-date: /home/robot/app/robot_ws/install/std_srvs/include/std_srvs/std_srvs/srv/detail/set_bool__type_support.c
[20.035s] -- Up-to-date: /home/robot/app/robot_ws/install/std_srvs/include/std_srvs/std_srvs/msg
[20.044s] -- Up-to-date: /home/robot/app/robot_ws/install/std_srvs/include/std_srvs/std_srvs/msg/rosidl_typesupport_introspection_c__visibility_control.h
[20.044s] -- Up-to-date: /home/robot/app/robot_ws/install/std_srvs/lib/libstd_srvs__rosidl_typesupport_introspection_c.so
[20.045s] -- Installing: /home/robot/app/robot_ws/install/std_srvs/lib/libstd_srvs__rosidl_typesupport_c.so
[20.045s] -- Set runtime path of "/home/robot/app/robot_ws/install/std_srvs/lib/libstd_srvs__rosidl_typesupport_c.so" to ""
[20.045s] -- Up-to-date: /home/robot/app/robot_ws/install/std_srvs/include/std_srvs/std_srvs
[20.045s] -- Up-to-date: /home/robot/app/robot_ws/install/std_srvs/include/std_srvs/std_srvs/srv
[20.045s] -- Up-to-date: /home/robot/app/robot_ws/install/std_srvs/include/std_srvs/std_srvs/srv/set_bool.hpp
[20.046s] -- Up-to-date: /home/robot/app/robot_ws/install/std_srvs/include/std_srvs/std_srvs/srv/trigger.hpp
[20.050s] -- Up-to-date: /home/robot/app/robot_ws/install/std_srvs/include/std_srvs/std_srvs/srv/empty.hpp
[20.051s] -- Up-to-date: /home/robot/app/robot_ws/install/std_srvs/include/std_srvs/std_srvs/srv/detail
[20.051s] -- Up-to-date: /home/robot/app/robot_ws/install/std_srvs/include/std_srvs/std_srvs/srv/detail/set_bool__struct.hpp
[20.051s] -- Up-to-date: /home/robot/app/robot_ws/install/std_srvs/include/std_srvs/std_srvs/srv/detail/empty__struct.hpp
[20.051s] -- Up-to-date: /home/robot/app/robot_ws/install/std_srvs/include/std_srvs/std_srvs/srv/detail/trigger__struct.hpp
[20.052s] -- Up-to-date: /home/robot/app/robot_ws/install/std_srvs/include/std_srvs/std_srvs/srv/detail/trigger__traits.hpp
[20.052s] -- Up-to-date: /home/robot/app/robot_ws/install/std_srvs/include/std_srvs/std_srvs/srv/detail/empty__traits.hpp
[20.052s] -- Up-to-date: /home/robot/app/robot_ws/install/std_srvs/include/std_srvs/std_srvs/srv/detail/trigger__builder.hpp
[20.052s] -- Up-to-date: /home/robot/app/robot_ws/install/std_srvs/include/std_srvs/std_srvs/srv/detail/set_bool__traits.hpp
[20.053s] -- Up-to-date: /home/robot/app/robot_ws/install/std_srvs/include/std_srvs/std_srvs/srv/detail/set_bool__builder.hpp
[20.053s] -- Up-to-date: /home/robot/app/robot_ws/install/std_srvs/include/std_srvs/std_srvs/srv/detail/empty__builder.hpp
[20.053s] -- Up-to-date: /home/robot/app/robot_ws/install/std_srvs/include/std_srvs
[20.053s] -- Up-to-date: /home/robot/app/robot_ws/install/std_srvs/include/std_srvs/srv
[20.053s] -- Up-to-date: /home/robot/app/robot_ws/install/std_srvs/include/std_srvs/srv/detail
[20.054s] -- Installing: /home/robot/app/robot_ws/install/std_srvs/include/std_srvs/srv/detail/empty__rosidl_typesupport_microxrcedds_cpp.hpp
[20.064s] -- Up-to-date: /home/robot/app/robot_ws/install/std_srvs/include/std_srvs/srv/detail/microxrcedds
[20.064s] -- Installing: /home/robot/app/robot_ws/install/std_srvs/include/std_srvs/srv/detail/microxrcedds/empty__type_support_cpp.cpp
[20.064s] -- Installing: /home/robot/app/robot_ws/install/std_srvs/include/std_srvs/srv/detail/microxrcedds/trigger__type_support_cpp.cpp
[20.064s] -- Installing: /home/robot/app/robot_ws/install/std_srvs/include/std_srvs/srv/detail/microxrcedds/set_bool__type_support_cpp.cpp
[20.065s] -- Installing: /home/robot/app/robot_ws/install/std_srvs/include/std_srvs/srv/detail/set_bool__rosidl_typesupport_microxrcedds_cpp.hpp
[20.065s] -- Installing: /home/robot/app/robot_ws/install/std_srvs/include/std_srvs/srv/detail/trigger__rosidl_typesupport_microxrcedds_cpp.hpp
[20.065s] -- Up-to-date: /home/robot/app/robot_ws/install/std_srvs/include/std_srvs/msg
[20.065s] -- Up-to-date: /home/robot/app/robot_ws/install/std_srvs/include/std_srvs/msg/rosidl_typesupport_microxrcedds_cpp__visibility_control.h
[20.076s] -- Installing: /home/robot/app/robot_ws/install/std_srvs/lib/libstd_srvs__rosidl_typesupport_microxrcedds_cpp.so
[20.077s] -- Set runtime path of "/home/robot/app/robot_ws/install/std_srvs/lib/libstd_srvs__rosidl_typesupport_microxrcedds_cpp.so" to ""
[20.077s] -- Up-to-date: /home/robot/app/robot_ws/install/std_srvs/include/std_srvs/std_srvs
[20.078s] -- Up-to-date: /home/robot/app/robot_ws/install/std_srvs/include/std_srvs/std_srvs/srv
[20.078s] -- Up-to-date: /home/robot/app/robot_ws/install/std_srvs/include/std_srvs/std_srvs/srv/detail
[20.078s] -- Up-to-date: /home/robot/app/robot_ws/install/std_srvs/include/std_srvs/std_srvs/srv/detail/set_bool__rosidl_typesupport_fastrtps_cpp.hpp
[20.078s] -- Up-to-date: /home/robot/app/robot_ws/install/std_srvs/include/std_srvs/std_srvs/srv/detail/dds_fastrtps
[20.085s] -- Up-to-date: /home/robot/app/robot_ws/install/std_srvs/include/std_srvs/std_srvs/srv/detail/empty__rosidl_typesupport_fastrtps_cpp.hpp
[20.085s] -- Up-to-date: /home/robot/app/robot_ws/install/std_srvs/include/std_srvs/std_srvs/srv/detail/trigger__rosidl_typesupport_fastrtps_cpp.hpp
[20.086s] -- Up-to-date: /home/robot/app/robot_ws/install/std_srvs/include/std_srvs/std_srvs/msg
[20.086s] -- Up-to-date: /home/robot/app/robot_ws/install/std_srvs/include/std_srvs/std_srvs/msg/rosidl_typesupport_fastrtps_cpp__visibility_control.h
[20.086s] -- Up-to-date: /home/robot/app/robot_ws/install/std_srvs/lib/libstd_srvs__rosidl_typesupport_fastrtps_cpp.so
[20.087s] -- Up-to-date: /home/robot/app/robot_ws/install/std_srvs/include/std_srvs/std_srvs
[20.088s] -- Up-to-date: /home/robot/app/robot_ws/install/std_srvs/include/std_srvs/std_srvs/srv
[20.088s] -- Up-to-date: /home/robot/app/robot_ws/install/std_srvs/include/std_srvs/std_srvs/srv/detail
[20.088s] -- Up-to-date: /home/robot/app/robot_ws/install/std_srvs/include/std_srvs/std_srvs/srv/detail/empty__type_support.cpp
[20.088s] -- Up-to-date: /home/robot/app/robot_ws/install/std_srvs/include/std_srvs/std_srvs/srv/detail/trigger__rosidl_typesupport_introspection_cpp.hpp
[20.089s] -- Up-to-date: /home/robot/app/robot_ws/install/std_srvs/include/std_srvs/std_srvs/srv/detail/set_bool__rosidl_typesupport_introspection_cpp.hpp
[20.089s] -- Up-to-date: /home/robot/app/robot_ws/install/std_srvs/include/std_srvs/std_srvs/srv/detail/set_bool__type_support.cpp
[20.091s] -- Up-to-date: /home/robot/app/robot_ws/install/std_srvs/include/std_srvs/std_srvs/srv/detail/trigger__type_support.cpp
[20.092s] -- Up-to-date: /home/robot/app/robot_ws/install/std_srvs/include/std_srvs/std_srvs/srv/detail/empty__rosidl_typesupport_introspection_cpp.hpp
[20.093s] -- Up-to-date: /home/robot/app/robot_ws/install/std_srvs/lib/libstd_srvs__rosidl_typesupport_introspection_cpp.so
[20.105s] -- Installing: /home/robot/app/robot_ws/install/std_srvs/lib/libstd_srvs__rosidl_typesupport_cpp.so
[20.110s] -- Set runtime path of "/home/robot/app/robot_ws/install/std_srvs/lib/libstd_srvs__rosidl_typesupport_cpp.so" to ""
[20.110s] -- Up-to-date: /home/robot/app/robot_ws/install/std_srvs/share/std_srvs/environment/pythonpath.sh
[20.111s] -- Installing: /home/robot/app/robot_ws/install/std_srvs/share/std_srvs/environment/pythonpath.dsv
[20.111s] -- Up-to-date: /home/robot/app/robot_ws/install/std_srvs/local/lib/python3.10/dist-packages/std_srvs-4.2.4-py3.10.egg-info
[20.111s] -- Installing: /home/robot/app/robot_ws/install/std_srvs/local/lib/python3.10/dist-packages/std_srvs-4.2.4-py3.10.egg-info/dependency_links.txt
[20.121s] -- Installing: /home/robot/app/robot_ws/install/std_srvs/local/lib/python3.10/dist-packages/std_srvs-4.2.4-py3.10.egg-info/PKG-INFO
[20.121s] -- Installing: /home/robot/app/robot_ws/install/std_srvs/local/lib/python3.10/dist-packages/std_srvs-4.2.4-py3.10.egg-info/SOURCES.txt
[20.122s] -- Installing: /home/robot/app/robot_ws/install/std_srvs/local/lib/python3.10/dist-packages/std_srvs-4.2.4-py3.10.egg-info/top_level.txt
[20.122s] -- Up-to-date: /home/robot/app/robot_ws/install/std_srvs/local/lib/python3.10/dist-packages/std_srvs
[20.122s] -- Installing: /home/robot/app/robot_ws/install/std_srvs/local/lib/python3.10/dist-packages/std_srvs/__init__.py
[20.122s] -- Up-to-date: /home/robot/app/robot_ws/install/std_srvs/local/lib/python3.10/dist-packages/std_srvs/_std_srvs_s.ep.rosidl_typesupport_c.c
[20.123s] -- Up-to-date: /home/robot/app/robot_ws/install/std_srvs/local/lib/python3.10/dist-packages/std_srvs/srv
[20.123s] -- Up-to-date: /home/robot/app/robot_ws/install/std_srvs/local/lib/python3.10/dist-packages/std_srvs/srv/__init__.py
[20.123s] -- Up-to-date: /home/robot/app/robot_ws/install/std_srvs/local/lib/python3.10/dist-packages/std_srvs/srv/_trigger_s.c
[20.123s] -- Up-to-date: /home/robot/app/robot_ws/install/std_srvs/local/lib/python3.10/dist-packages/std_srvs/srv/_set_bool_s.c
[20.123s] -- Up-to-date: /home/robot/app/robot_ws/install/std_srvs/local/lib/python3.10/dist-packages/std_srvs/srv/_empty_s.c
[20.124s] -- Up-to-date: /home/robot/app/robot_ws/install/std_srvs/local/lib/python3.10/dist-packages/std_srvs/srv/_trigger.py
[20.135s] -- Up-to-date: /home/robot/app/robot_ws/install/std_srvs/local/lib/python3.10/dist-packages/std_srvs/srv/_empty.py
[20.135s] -- Up-to-date: /home/robot/app/robot_ws/install/std_srvs/local/lib/python3.10/dist-packages/std_srvs/srv/_set_bool.py
[20.136s] -- Up-to-date: /home/robot/app/robot_ws/install/std_srvs/local/lib/python3.10/dist-packages/std_srvs/_std_srvs_s.ep.rosidl_typesupport_introspection_c.c
[20.136s] -- Installing: /home/robot/app/robot_ws/install/std_srvs/local/lib/python3.10/dist-packages/std_srvs/std_srvs_s__rosidl_typesupport_fastrtps_c.cpython-310-x86_64-linux-gnu.so
[20.136s] -- Installing: /home/robot/app/robot_ws/install/std_srvs/local/lib/python3.10/dist-packages/std_srvs/libstd_srvs__rosidl_generator_py.so
[20.136s] -- Up-to-date: /home/robot/app/robot_ws/install/std_srvs/local/lib/python3.10/dist-packages/std_srvs/_std_srvs_s.ep.rosidl_typesupport_fastrtps_c.c
[20.136s] -- Installing: /home/robot/app/robot_ws/install/std_srvs/local/lib/python3.10/dist-packages/std_srvs/std_srvs_s__rosidl_typesupport_microxrcedds_c.cpython-310-x86_64-linux-gnu.so
[20.137s] -- Up-to-date: /home/robot/app/robot_ws/install/std_srvs/local/lib/python3.10/dist-packages/std_srvs/_std_srvs_s.ep.rosidl_typesupport_microxrcedds_c.c
[20.137s] -- Installing: /home/robot/app/robot_ws/install/std_srvs/local/lib/python3.10/dist-packages/std_srvs/std_srvs_s__rosidl_typesupport_c.cpython-310-x86_64-linux-gnu.so
[20.137s] -- Installing: /home/robot/app/robot_ws/install/std_srvs/local/lib/python3.10/dist-packages/std_srvs/std_srvs_s__rosidl_typesupport_introspection_c.cpython-310-x86_64-linux-gnu.so
[20.562s] Listing '/home/robot/app/robot_ws/install/std_srvs/local/lib/python3.10/dist-packages/std_srvs'...
[20.562s] Compiling '/home/robot/app/robot_ws/install/std_srvs/local/lib/python3.10/dist-packages/std_srvs/__init__.py'...
[20.563s] Listing '/home/robot/app/robot_ws/install/std_srvs/local/lib/python3.10/dist-packages/std_srvs/srv'...
[20.594s] -- Installing: /home/robot/app/robot_ws/install/std_srvs/local/lib/python3.10/dist-packages/std_srvs/std_srvs_s__rosidl_typesupport_microxrcedds_c.cpython-310-x86_64-linux-gnu.so
[20.600s] -- Set runtime path of "/home/robot/app/robot_ws/install/std_srvs/local/lib/python3.10/dist-packages/std_srvs/std_srvs_s__rosidl_typesupport_microxrcedds_c.cpython-310-x86_64-linux-gnu.so" to ""
[20.601s] -- Installing: /home/robot/app/robot_ws/install/std_srvs/local/lib/python3.10/dist-packages/std_srvs/std_srvs_s__rosidl_typesupport_fastrtps_c.cpython-310-x86_64-linux-gnu.so
[20.605s] -- Set runtime path of "/home/robot/app/robot_ws/install/std_srvs/local/lib/python3.10/dist-packages/std_srvs/std_srvs_s__rosidl_typesupport_fastrtps_c.cpython-310-x86_64-linux-gnu.so" to ""
[20.605s] -- Installing: /home/robot/app/robot_ws/install/std_srvs/local/lib/python3.10/dist-packages/std_srvs/std_srvs_s__rosidl_typesupport_introspection_c.cpython-310-x86_64-linux-gnu.so
[20.605s] -- Set runtime path of "/home/robot/app/robot_ws/install/std_srvs/local/lib/python3.10/dist-packages/std_srvs/std_srvs_s__rosidl_typesupport_introspection_c.cpython-310-x86_64-linux-gnu.so" to ""
[20.606s] -- Installing: /home/robot/app/robot_ws/install/std_srvs/local/lib/python3.10/dist-packages/std_srvs/std_srvs_s__rosidl_typesupport_c.cpython-310-x86_64-linux-gnu.so
[20.634s] -- Set runtime path of "/home/robot/app/robot_ws/install/std_srvs/local/lib/python3.10/dist-packages/std_srvs/std_srvs_s__rosidl_typesupport_c.cpython-310-x86_64-linux-gnu.so" to ""
[20.635s] -- Installing: /home/robot/app/robot_ws/install/std_srvs/lib/libstd_srvs__rosidl_generator_py.so
[20.635s] -- Set runtime path of "/home/robot/app/robot_ws/install/std_srvs/lib/libstd_srvs__rosidl_generator_py.so" to ""
[20.635s] -- Up-to-date: /home/robot/app/robot_ws/install/std_srvs/share/std_srvs/srv/Empty.idl
[20.641s] -- Up-to-date: /home/robot/app/robot_ws/install/std_srvs/share/std_srvs/srv/SetBool.idl
[20.657s] -- Up-to-date: /home/robot/app/robot_ws/install/std_srvs/share/std_srvs/srv/Trigger.idl
[20.657s] -- Installing: /home/robot/app/robot_ws/install/std_srvs/share/std_srvs/srv/Empty.srv
[20.658s] -- Up-to-date: /home/robot/app/robot_ws/install/std_srvs/share/std_srvs/srv/Empty_Request.msg
[20.658s] -- Up-to-date: /home/robot/app/robot_ws/install/std_srvs/share/std_srvs/srv/Empty_Response.msg
[20.658s] -- Installing: /home/robot/app/robot_ws/install/std_srvs/share/std_srvs/srv/SetBool.srv
[20.658s] -- Up-to-date: /home/robot/app/robot_ws/install/std_srvs/share/std_srvs/srv/SetBool_Request.msg
[20.659s] -- Up-to-date: /home/robot/app/robot_ws/install/std_srvs/share/std_srvs/srv/SetBool_Response.msg
[20.659s] -- Installing: /home/robot/app/robot_ws/install/std_srvs/share/std_srvs/srv/Trigger.srv
[20.659s] -- Up-to-date: /home/robot/app/robot_ws/install/std_srvs/share/std_srvs/srv/Trigger_Request.msg
[20.659s] -- Up-to-date: /home/robot/app/robot_ws/install/std_srvs/share/std_srvs/srv/Trigger_Response.msg
[20.660s] -- Up-to-date: /home/robot/app/robot_ws/install/std_srvs/share/ament_index/resource_index/package_run_dependencies/std_srvs
[20.660s] -- Installing: /home/robot/app/robot_ws/install/std_srvs/share/ament_index/resource_index/parent_prefix_path/std_srvs
[20.665s] -- Up-to-date: /home/robot/app/robot_ws/install/std_srvs/share/std_srvs/environment/ament_prefix_path.sh
[20.666s] -- Installing: /home/robot/app/robot_ws/install/std_srvs/share/std_srvs/environment/ament_prefix_path.dsv
[20.666s] -- Up-to-date: /home/robot/app/robot_ws/install/std_srvs/share/std_srvs/environment/path.sh
[20.667s] -- Installing: /home/robot/app/robot_ws/install/std_srvs/share/std_srvs/environment/path.dsv
[20.669s] -- Up-to-date: /home/robot/app/robot_ws/install/std_srvs/share/std_srvs/local_setup.bash
[20.681s] -- Up-to-date: /home/robot/app/robot_ws/install/std_srvs/share/std_srvs/local_setup.sh
[20.681s] -- Up-to-date: /home/robot/app/robot_ws/install/std_srvs/share/std_srvs/local_setup.zsh
[20.682s] -- Installing: /home/robot/app/robot_ws/install/std_srvs/share/std_srvs/local_setup.dsv
[20.713s] -- Installing: /home/robot/app/robot_ws/install/std_srvs/share/std_srvs/package.dsv
[20.713s] -- Up-to-date: /home/robot/app/robot_ws/install/std_srvs/share/ament_index/resource_index/packages/std_srvs
[20.714s] -- Up-to-date: /home/robot/app/robot_ws/install/std_srvs/share/std_srvs/cmake/export_std_srvs__rosidl_generator_cExport.cmake
[20.729s] -- Up-to-date: /home/robot/app/robot_ws/install/std_srvs/share/std_srvs/cmake/export_std_srvs__rosidl_generator_cExport-noconfig.cmake
[20.729s] -- Up-to-date: /home/robot/app/robot_ws/install/std_srvs/share/std_srvs/cmake/export_std_srvs__rosidl_typesupport_fastrtps_cExport.cmake
[20.730s] -- Up-to-date: /home/robot/app/robot_ws/install/std_srvs/share/std_srvs/cmake/export_std_srvs__rosidl_typesupport_fastrtps_cExport-noconfig.cmake
[20.730s] -- Up-to-date: /home/robot/app/robot_ws/install/std_srvs/share/std_srvs/cmake/std_srvs__rosidl_typesupport_introspection_cExport.cmake
[20.730s] -- Up-to-date: /home/robot/app/robot_ws/install/std_srvs/share/std_srvs/cmake/std_srvs__rosidl_typesupport_introspection_cExport-noconfig.cmake
[20.730s] -- Up-to-date: /home/robot/app/robot_ws/install/std_srvs/share/std_srvs/cmake/std_srvs__rosidl_typesupport_cExport.cmake
[20.731s] -- Up-to-date: /home/robot/app/robot_ws/install/std_srvs/share/std_srvs/cmake/std_srvs__rosidl_typesupport_cExport-noconfig.cmake
[20.731s] -- Up-to-date: /home/robot/app/robot_ws/install/std_srvs/share/std_srvs/cmake/export_std_srvs__rosidl_generator_cppExport.cmake
[20.756s] -- Up-to-date: /home/robot/app/robot_ws/install/std_srvs/share/std_srvs/cmake/export_std_srvs__rosidl_typesupport_fastrtps_cppExport.cmake
[20.756s] -- Up-to-date: /home/robot/app/robot_ws/install/std_srvs/share/std_srvs/cmake/export_std_srvs__rosidl_typesupport_fastrtps_cppExport-noconfig.cmake
[20.756s] -- Up-to-date: /home/robot/app/robot_ws/install/std_srvs/share/std_srvs/cmake/std_srvs__rosidl_typesupport_introspection_cppExport.cmake
[20.757s] -- Up-to-date: /home/robot/app/robot_ws/install/std_srvs/share/std_srvs/cmake/std_srvs__rosidl_typesupport_introspection_cppExport-noconfig.cmake
[20.757s] -- Up-to-date: /home/robot/app/robot_ws/install/std_srvs/share/std_srvs/cmake/std_srvs__rosidl_typesupport_cppExport.cmake
[20.757s] -- Up-to-date: /home/robot/app/robot_ws/install/std_srvs/share/std_srvs/cmake/std_srvs__rosidl_typesupport_cppExport-noconfig.cmake
[20.757s] -- Up-to-date: /home/robot/app/robot_ws/install/std_srvs/share/std_srvs/cmake/export_std_srvs__rosidl_generator_pyExport.cmake
[20.758s] -- Up-to-date: /home/robot/app/robot_ws/install/std_srvs/share/std_srvs/cmake/export_std_srvs__rosidl_generator_pyExport-noconfig.cmake
[20.758s] -- Up-to-date: /home/robot/app/robot_ws/install/std_srvs/share/std_srvs/cmake/rosidl_cmake-extras.cmake
[20.758s] -- Installing: /home/robot/app/robot_ws/install/std_srvs/share/std_srvs/cmake/ament_cmake_export_include_directories-extras.cmake
[20.758s] -- Up-to-date: /home/robot/app/robot_ws/install/std_srvs/share/std_srvs/cmake/ament_cmake_export_libraries-extras.cmake
[20.766s] -- Up-to-date: /home/robot/app/robot_ws/install/std_srvs/share/std_srvs/cmake/ament_cmake_export_targets-extras.cmake
[20.766s] -- Up-to-date: /home/robot/app/robot_ws/install/std_srvs/share/std_srvs/cmake/rosidl_cmake_export_typesupport_targets-extras.cmake
[20.767s] -- Up-to-date: /home/robot/app/robot_ws/install/std_srvs/share/std_srvs/cmake/ament_cmake_export_dependencies-extras.cmake
[20.770s] -- Installing: /home/robot/app/robot_ws/install/std_srvs/share/std_srvs/cmake/rosidl_cmake_export_typesupport_libraries-extras.cmake
[20.770s] -- Up-to-date: /home/robot/app/robot_ws/install/std_srvs/share/std_srvs/cmake/std_srvsConfig.cmake
[20.771s] -- Up-to-date: /home/robot/app/robot_ws/install/std_srvs/share/std_srvs/cmake/std_srvsConfig-version.cmake
[20.771s] -- Installing: /home/robot/app/robot_ws/install/std_srvs/share/std_srvs/package.xml
[20.983s] Invoked command in '/home/robot/app/robot_ws/build/std_srvs' returned '0': CMAKE_PREFIX_PATH=${CMAKE_PREFIX_PATH}:/home/robot/app/robot_ws/install/sensor_msgs_py:/opt/ros/humble /usr/bin/cmake --install /home/robot/app/robot_ws/build/std_srvs
