[0.088s] Invoking command in '/home/robot/app/robot_ws/build/actionlib_msgs': CMAKE_PREFIX_PATH=/home/robot/app/robot_ws/install/std_msgs:/home/robot/app/robot_ws/install/builtin_interfaces:/home/robot/app/robot_ws/firmware/dev_ws/install/my_custom_message:/home/robot/app/robot_ws/install/micro_ros_demos_rclc:/home/robot/app/robot_ws/install/common_interfaces:/home/robot/app/robot_ws/install/visualization_msgs:/home/robot/app/robot_ws/install/test_msgs:/home/robot/app/robot_ws/install/example_interfaces:/home/robot/app/robot_ws/install/action_msgs:/home/robot/app/robot_ws/install/unique_identifier_msgs:/home/robot/app/robot_ws/install/trajectory_msgs:/home/robot/app/robot_ws/install/stereo_msgs:/home/robot/app/robot_ws/install/std_srvs:/home/robot/app/robot_ws/install/shape_msgs:/home/robot/app/robot_ws/install/sensor_msgs:/home/robot/app/robot_ws/install/nav_msgs:/home/robot/app/robot_ws/install/diagnostic_msgs:/home/robot/app/robot_ws/install/geometry_msgs:/home/robot/app/robot_ws/install/actionlib_msgs:/home/robot/app/robot_ws/install/statistics_msgs:/home/robot/app/robot_ws/install/rosidl_typesupport_microxrcedds_test_msg:/home/robot/app/robot_ws/install/rosidl_typesupport_microxrcedds_cpp_tests:/home/robot/app/robot_ws/install/rmw_microxrcedds:/home/robot/app/robot_ws/install/rosidl_typesupport_microxrcedds_cpp:/home/robot/app/robot_ws/install/rosidl_typesupport_microxrcedds_c_tests:/home/robot/app/robot_ws/install/rosidl_typesupport_microxrcedds_c:/home/robot/app/robot_ws/install/rosgraph_msgs:/home/robot/app/robot_ws/install/rclc_parameter:/home/robot/app/robot_ws/install/rclc:/home/robot/app/robot_ws/install/composition_interfaces:/home/robot/app/robot_ws/install/rcl_interfaces:/home/robot/app/robot_ws/install/microxrcedds_client:/home/robot/app/robot_ws/install/microcdr:/home/robot/app/robot_ws/install/micro_ros_utilities:/home/robot/app/robot_ws/install/micro_ros_setup:/home/robot/app/robot_ws/install/micro_ros_agent:/home/robot/app/robot_ws/install/micro_ros_msgs:/home/robot/app/robot_ws/install/lifecycle_msgs:/home/robot/app/robot_ws/install/complex_msgs:/home/robot/app/robot_ws/install/sensor_msgs_py:/opt/ros/humble LD_LIBRARY_PATH=/home/robot/app/robot_ws/install/std_msgs/lib:/home/robot/app/robot_ws/install/builtin_interfaces/lib:/home/robot/app/robot_ws/firmware/dev_ws/install/my_custom_message/lib:/home/robot/app/robot_ws/install/visualization_msgs/lib:/home/robot/app/robot_ws/install/test_msgs/lib:/home/robot/app/robot_ws/install/example_interfaces/lib:/home/robot/app/robot_ws/install/action_msgs/lib:/home/robot/app/robot_ws/install/unique_identifier_msgs/lib:/home/robot/app/robot_ws/install/trajectory_msgs/lib:/home/robot/app/robot_ws/install/stereo_msgs/lib:/home/robot/app/robot_ws/install/std_srvs/lib:/home/robot/app/robot_ws/install/shape_msgs/lib:/home/robot/app/robot_ws/install/sensor_msgs/lib:/home/robot/app/robot_ws/install/nav_msgs/lib:/home/robot/app/robot_ws/install/diagnostic_msgs/lib:/home/robot/app/robot_ws/install/geometry_msgs/lib:/home/robot/app/robot_ws/install/actionlib_msgs/lib:/home/robot/app/robot_ws/install/statistics_msgs/lib:/home/robot/app/robot_ws/install/rmw_microxrcedds/lib:/home/robot/app/robot_ws/install/rosidl_typesupport_microxrcedds_cpp/lib:/home/robot/app/robot_ws/install/rosidl_typesupport_microxrcedds_c/lib:/home/robot/app/robot_ws/install/rosgraph_msgs/lib:/home/robot/app/robot_ws/install/rclc_parameter/lib:/home/robot/app/robot_ws/install/rclc/lib:/home/robot/app/robot_ws/install/composition_interfaces/lib:/home/robot/app/robot_ws/install/rcl_interfaces/lib:/home/robot/app/robot_ws/install/microxrcedds_client/lib:/home/robot/app/robot_ws/install/microcdr/lib:/home/robot/app/robot_ws/install/micro_ros_utilities/lib:/home/robot/app/robot_ws/install/micro_ros_agent/lib:/home/robot/app/robot_ws/install/micro_ros_msgs/lib:/home/robot/app/robot_ws/install/lifecycle_msgs/lib:/home/robot/app/robot_ws/install/complex_msgs/lib:/opt/ros/humble/opt/rviz_ogre_vendor/lib:/opt/ros/humble/lib/x86_64-linux-gnu:/opt/ros/humble/lib /usr/bin/cmake --build /home/robot/app/robot_ws/build/actionlib_msgs -- -j8 -l8
[0.276s] [  8%] Built target actionlib_msgs__rosidl_generator_c
[0.420s] [  8%] Built target ament_cmake_python_copy_actionlib_msgs
[0.516s] [ 16%] Built target actionlib_msgs__rosidl_typesupport_fastrtps_c
[1.308s] running egg_info
[1.310s] writing actionlib_msgs.egg-info/PKG-INFO
[1.310s] writing dependency_links to actionlib_msgs.egg-info/dependency_links.txt
[1.311s] writing top-level names to actionlib_msgs.egg-info/top_level.txt
[1.317s] reading manifest file 'actionlib_msgs.egg-info/SOURCES.txt'
[1.318s] writing manifest file 'actionlib_msgs.egg-info/SOURCES.txt'
[1.389s] [ 16%] Built target ament_cmake_python_build_actionlib_msgs_egg
[1.455s] [ 25%] Built target actionlib_msgs__rosidl_typesupport_c
[1.532s] [ 33%] Built target actionlib_msgs__rosidl_typesupport_introspection_c
[1.572s] [35m[1mConsolidate compiler generated dependencies of target actionlib_msgs__rosidl_typesupport_microxrcedds_c[0m
[1.616s] [ 42%] Built target actionlib_msgs__rosidl_typesupport_microxrcedds_c
[1.687s] [ 44%] Built target actionlib_msgs__cpp
[1.721s] [35m[1mConsolidate compiler generated dependencies of target actionlib_msgs__rosidl_typesupport_microxrcedds_cpp[0m
[1.765s] [ 52%] Built target actionlib_msgs__rosidl_typesupport_microxrcedds_cpp
[1.846s] [ 61%] Built target actionlib_msgs__rosidl_typesupport_fastrtps_cpp
[1.929s] [ 69%] Built target actionlib_msgs__rosidl_typesupport_cpp
[2.017s] [ 77%] Built target actionlib_msgs__rosidl_typesupport_introspection_cpp
[2.092s] [ 77%] Built target actionlib_msgs
[2.162s] [ 79%] Built target actionlib_msgs__py
[2.247s] [ 86%] Built target actionlib_msgs__rosidl_generator_py
[2.315s] [ 89%] Built target actionlib_msgs__rosidl_typesupport_microxrcedds_c__pyext
[2.399s] [ 93%] Built target actionlib_msgs__rosidl_typesupport_c__pyext
[2.547s] [ 96%] Built target actionlib_msgs__rosidl_typesupport_introspection_c__pyext
[2.640s] [100%] Built target actionlib_msgs__rosidl_typesupport_fastrtps_c__pyext
[2.674s] Invoked command in '/home/robot/app/robot_ws/build/actionlib_msgs' returned '0': CMAKE_PREFIX_PATH=/home/robot/app/robot_ws/install/std_msgs:/home/robot/app/robot_ws/install/builtin_interfaces:/home/robot/app/robot_ws/firmware/dev_ws/install/my_custom_message:/home/robot/app/robot_ws/install/micro_ros_demos_rclc:/home/robot/app/robot_ws/install/common_interfaces:/home/robot/app/robot_ws/install/visualization_msgs:/home/robot/app/robot_ws/install/test_msgs:/home/robot/app/robot_ws/install/example_interfaces:/home/robot/app/robot_ws/install/action_msgs:/home/robot/app/robot_ws/install/unique_identifier_msgs:/home/robot/app/robot_ws/install/trajectory_msgs:/home/robot/app/robot_ws/install/stereo_msgs:/home/robot/app/robot_ws/install/std_srvs:/home/robot/app/robot_ws/install/shape_msgs:/home/robot/app/robot_ws/install/sensor_msgs:/home/robot/app/robot_ws/install/nav_msgs:/home/robot/app/robot_ws/install/diagnostic_msgs:/home/robot/app/robot_ws/install/geometry_msgs:/home/robot/app/robot_ws/install/actionlib_msgs:/home/robot/app/robot_ws/install/statistics_msgs:/home/robot/app/robot_ws/install/rosidl_typesupport_microxrcedds_test_msg:/home/robot/app/robot_ws/install/rosidl_typesupport_microxrcedds_cpp_tests:/home/robot/app/robot_ws/install/rmw_microxrcedds:/home/robot/app/robot_ws/install/rosidl_typesupport_microxrcedds_cpp:/home/robot/app/robot_ws/install/rosidl_typesupport_microxrcedds_c_tests:/home/robot/app/robot_ws/install/rosidl_typesupport_microxrcedds_c:/home/robot/app/robot_ws/install/rosgraph_msgs:/home/robot/app/robot_ws/install/rclc_parameter:/home/robot/app/robot_ws/install/rclc:/home/robot/app/robot_ws/install/composition_interfaces:/home/robot/app/robot_ws/install/rcl_interfaces:/home/robot/app/robot_ws/install/microxrcedds_client:/home/robot/app/robot_ws/install/microcdr:/home/robot/app/robot_ws/install/micro_ros_utilities:/home/robot/app/robot_ws/install/micro_ros_setup:/home/robot/app/robot_ws/install/micro_ros_agent:/home/robot/app/robot_ws/install/micro_ros_msgs:/home/robot/app/robot_ws/install/lifecycle_msgs:/home/robot/app/robot_ws/install/complex_msgs:/home/robot/app/robot_ws/install/sensor_msgs_py:/opt/ros/humble LD_LIBRARY_PATH=/home/robot/app/robot_ws/install/std_msgs/lib:/home/robot/app/robot_ws/install/builtin_interfaces/lib:/home/robot/app/robot_ws/firmware/dev_ws/install/my_custom_message/lib:/home/robot/app/robot_ws/install/visualization_msgs/lib:/home/robot/app/robot_ws/install/test_msgs/lib:/home/robot/app/robot_ws/install/example_interfaces/lib:/home/robot/app/robot_ws/install/action_msgs/lib:/home/robot/app/robot_ws/install/unique_identifier_msgs/lib:/home/robot/app/robot_ws/install/trajectory_msgs/lib:/home/robot/app/robot_ws/install/stereo_msgs/lib:/home/robot/app/robot_ws/install/std_srvs/lib:/home/robot/app/robot_ws/install/shape_msgs/lib:/home/robot/app/robot_ws/install/sensor_msgs/lib:/home/robot/app/robot_ws/install/nav_msgs/lib:/home/robot/app/robot_ws/install/diagnostic_msgs/lib:/home/robot/app/robot_ws/install/geometry_msgs/lib:/home/robot/app/robot_ws/install/actionlib_msgs/lib:/home/robot/app/robot_ws/install/statistics_msgs/lib:/home/robot/app/robot_ws/install/rmw_microxrcedds/lib:/home/robot/app/robot_ws/install/rosidl_typesupport_microxrcedds_cpp/lib:/home/robot/app/robot_ws/install/rosidl_typesupport_microxrcedds_c/lib:/home/robot/app/robot_ws/install/rosgraph_msgs/lib:/home/robot/app/robot_ws/install/rclc_parameter/lib:/home/robot/app/robot_ws/install/rclc/lib:/home/robot/app/robot_ws/install/composition_interfaces/lib:/home/robot/app/robot_ws/install/rcl_interfaces/lib:/home/robot/app/robot_ws/install/microxrcedds_client/lib:/home/robot/app/robot_ws/install/microcdr/lib:/home/robot/app/robot_ws/install/micro_ros_utilities/lib:/home/robot/app/robot_ws/install/micro_ros_agent/lib:/home/robot/app/robot_ws/install/micro_ros_msgs/lib:/home/robot/app/robot_ws/install/lifecycle_msgs/lib:/home/robot/app/robot_ws/install/complex_msgs/lib:/opt/ros/humble/opt/rviz_ogre_vendor/lib:/opt/ros/humble/lib/x86_64-linux-gnu:/opt/ros/humble/lib /usr/bin/cmake --build /home/robot/app/robot_ws/build/actionlib_msgs -- -j8 -l8
[3.191s] Invoking command in '/home/robot/app/robot_ws/build/actionlib_msgs': CMAKE_PREFIX_PATH=/home/robot/app/robot_ws/install/std_msgs:/home/robot/app/robot_ws/install/builtin_interfaces:/home/robot/app/robot_ws/firmware/dev_ws/install/my_custom_message:/home/robot/app/robot_ws/install/micro_ros_demos_rclc:/home/robot/app/robot_ws/install/common_interfaces:/home/robot/app/robot_ws/install/visualization_msgs:/home/robot/app/robot_ws/install/test_msgs:/home/robot/app/robot_ws/install/example_interfaces:/home/robot/app/robot_ws/install/action_msgs:/home/robot/app/robot_ws/install/unique_identifier_msgs:/home/robot/app/robot_ws/install/trajectory_msgs:/home/robot/app/robot_ws/install/stereo_msgs:/home/robot/app/robot_ws/install/std_srvs:/home/robot/app/robot_ws/install/shape_msgs:/home/robot/app/robot_ws/install/sensor_msgs:/home/robot/app/robot_ws/install/nav_msgs:/home/robot/app/robot_ws/install/diagnostic_msgs:/home/robot/app/robot_ws/install/geometry_msgs:/home/robot/app/robot_ws/install/actionlib_msgs:/home/robot/app/robot_ws/install/statistics_msgs:/home/robot/app/robot_ws/install/rosidl_typesupport_microxrcedds_test_msg:/home/robot/app/robot_ws/install/rosidl_typesupport_microxrcedds_cpp_tests:/home/robot/app/robot_ws/install/rmw_microxrcedds:/home/robot/app/robot_ws/install/rosidl_typesupport_microxrcedds_cpp:/home/robot/app/robot_ws/install/rosidl_typesupport_microxrcedds_c_tests:/home/robot/app/robot_ws/install/rosidl_typesupport_microxrcedds_c:/home/robot/app/robot_ws/install/rosgraph_msgs:/home/robot/app/robot_ws/install/rclc_parameter:/home/robot/app/robot_ws/install/rclc:/home/robot/app/robot_ws/install/composition_interfaces:/home/robot/app/robot_ws/install/rcl_interfaces:/home/robot/app/robot_ws/install/microxrcedds_client:/home/robot/app/robot_ws/install/microcdr:/home/robot/app/robot_ws/install/micro_ros_utilities:/home/robot/app/robot_ws/install/micro_ros_setup:/home/robot/app/robot_ws/install/micro_ros_agent:/home/robot/app/robot_ws/install/micro_ros_msgs:/home/robot/app/robot_ws/install/lifecycle_msgs:/home/robot/app/robot_ws/install/complex_msgs:/home/robot/app/robot_ws/install/sensor_msgs_py:/opt/ros/humble LD_LIBRARY_PATH=/home/robot/app/robot_ws/install/std_msgs/lib:/home/robot/app/robot_ws/install/builtin_interfaces/lib:/home/robot/app/robot_ws/firmware/dev_ws/install/my_custom_message/lib:/home/robot/app/robot_ws/install/visualization_msgs/lib:/home/robot/app/robot_ws/install/test_msgs/lib:/home/robot/app/robot_ws/install/example_interfaces/lib:/home/robot/app/robot_ws/install/action_msgs/lib:/home/robot/app/robot_ws/install/unique_identifier_msgs/lib:/home/robot/app/robot_ws/install/trajectory_msgs/lib:/home/robot/app/robot_ws/install/stereo_msgs/lib:/home/robot/app/robot_ws/install/std_srvs/lib:/home/robot/app/robot_ws/install/shape_msgs/lib:/home/robot/app/robot_ws/install/sensor_msgs/lib:/home/robot/app/robot_ws/install/nav_msgs/lib:/home/robot/app/robot_ws/install/diagnostic_msgs/lib:/home/robot/app/robot_ws/install/geometry_msgs/lib:/home/robot/app/robot_ws/install/actionlib_msgs/lib:/home/robot/app/robot_ws/install/statistics_msgs/lib:/home/robot/app/robot_ws/install/rmw_microxrcedds/lib:/home/robot/app/robot_ws/install/rosidl_typesupport_microxrcedds_cpp/lib:/home/robot/app/robot_ws/install/rosidl_typesupport_microxrcedds_c/lib:/home/robot/app/robot_ws/install/rosgraph_msgs/lib:/home/robot/app/robot_ws/install/rclc_parameter/lib:/home/robot/app/robot_ws/install/rclc/lib:/home/robot/app/robot_ws/install/composition_interfaces/lib:/home/robot/app/robot_ws/install/rcl_interfaces/lib:/home/robot/app/robot_ws/install/microxrcedds_client/lib:/home/robot/app/robot_ws/install/microcdr/lib:/home/robot/app/robot_ws/install/micro_ros_utilities/lib:/home/robot/app/robot_ws/install/micro_ros_agent/lib:/home/robot/app/robot_ws/install/micro_ros_msgs/lib:/home/robot/app/robot_ws/install/lifecycle_msgs/lib:/home/robot/app/robot_ws/install/complex_msgs/lib:/opt/ros/humble/opt/rviz_ogre_vendor/lib:/opt/ros/humble/lib/x86_64-linux-gnu:/opt/ros/humble/lib /usr/bin/cmake --install /home/robot/app/robot_ws/build/actionlib_msgs
[3.213s] -- Install configuration: ""
[3.213s] -- Up-to-date: /home/robot/app/robot_ws/install/actionlib_msgs/share/ament_index/resource_index/rosidl_interfaces/actionlib_msgs
[3.213s] -- Up-to-date: /home/robot/app/robot_ws/install/actionlib_msgs/include/actionlib_msgs/actionlib_msgs
[3.214s] -- Up-to-date: /home/robot/app/robot_ws/install/actionlib_msgs/include/actionlib_msgs/actionlib_msgs/msg
[3.214s] -- Up-to-date: /home/robot/app/robot_ws/install/actionlib_msgs/include/actionlib_msgs/actionlib_msgs/msg/detail
[3.214s] -- Up-to-date: /home/robot/app/robot_ws/install/actionlib_msgs/include/actionlib_msgs/actionlib_msgs/msg/detail/goal_status__struct.h
[3.215s] -- Up-to-date: /home/robot/app/robot_ws/install/actionlib_msgs/include/actionlib_msgs/actionlib_msgs/msg/detail/goal_status__functions.h
[3.215s] -- Up-to-date: /home/robot/app/robot_ws/install/actionlib_msgs/include/actionlib_msgs/actionlib_msgs/msg/detail/goal_status_array__functions.c
[3.215s] -- Up-to-date: /home/robot/app/robot_ws/install/actionlib_msgs/include/actionlib_msgs/actionlib_msgs/msg/detail/goal_id__type_support.h
[3.215s] -- Up-to-date: /home/robot/app/robot_ws/install/actionlib_msgs/include/actionlib_msgs/actionlib_msgs/msg/detail/goal_status__type_support.h
[3.215s] -- Up-to-date: /home/robot/app/robot_ws/install/actionlib_msgs/include/actionlib_msgs/actionlib_msgs/msg/detail/goal_status_array__type_support.h
[3.216s] -- Up-to-date: /home/robot/app/robot_ws/install/actionlib_msgs/include/actionlib_msgs/actionlib_msgs/msg/detail/goal_id__struct.h
[3.216s] -- Up-to-date: /home/robot/app/robot_ws/install/actionlib_msgs/include/actionlib_msgs/actionlib_msgs/msg/detail/goal_status_array__functions.h
[3.216s] -- Up-to-date: /home/robot/app/robot_ws/install/actionlib_msgs/include/actionlib_msgs/actionlib_msgs/msg/detail/goal_id__functions.c
[3.216s] -- Up-to-date: /home/robot/app/robot_ws/install/actionlib_msgs/include/actionlib_msgs/actionlib_msgs/msg/detail/goal_status_array__struct.h
[3.216s] -- Up-to-date: /home/robot/app/robot_ws/install/actionlib_msgs/include/actionlib_msgs/actionlib_msgs/msg/detail/goal_status__functions.c
[3.217s] -- Up-to-date: /home/robot/app/robot_ws/install/actionlib_msgs/include/actionlib_msgs/actionlib_msgs/msg/detail/goal_id__functions.h
[3.217s] -- Up-to-date: /home/robot/app/robot_ws/install/actionlib_msgs/include/actionlib_msgs/actionlib_msgs/msg/goal_status_array.h
[3.217s] -- Up-to-date: /home/robot/app/robot_ws/install/actionlib_msgs/include/actionlib_msgs/actionlib_msgs/msg/goal_id.h
[3.219s] -- Up-to-date: /home/robot/app/robot_ws/install/actionlib_msgs/include/actionlib_msgs/actionlib_msgs/msg/goal_status.h
[3.219s] -- Up-to-date: /home/robot/app/robot_ws/install/actionlib_msgs/include/actionlib_msgs/actionlib_msgs/msg/rosidl_generator_c__visibility_control.h
[3.220s] -- Up-to-date: /home/robot/app/robot_ws/install/actionlib_msgs/share/actionlib_msgs/environment/library_path.sh
[3.220s] -- Up-to-date: /home/robot/app/robot_ws/install/actionlib_msgs/share/actionlib_msgs/environment/library_path.dsv
[3.220s] -- Up-to-date: /home/robot/app/robot_ws/install/actionlib_msgs/lib/libactionlib_msgs__rosidl_generator_c.so
[3.221s] -- Up-to-date: /home/robot/app/robot_ws/install/actionlib_msgs/include/actionlib_msgs/actionlib_msgs
[3.221s] -- Up-to-date: /home/robot/app/robot_ws/install/actionlib_msgs/include/actionlib_msgs/actionlib_msgs/msg
[3.221s] -- Up-to-date: /home/robot/app/robot_ws/install/actionlib_msgs/include/actionlib_msgs/actionlib_msgs/msg/detail
[3.222s] -- Up-to-date: /home/robot/app/robot_ws/install/actionlib_msgs/include/actionlib_msgs/actionlib_msgs/msg/detail/goal_status__rosidl_typesupport_fastrtps_c.h
[3.222s] -- Up-to-date: /home/robot/app/robot_ws/install/actionlib_msgs/include/actionlib_msgs/actionlib_msgs/msg/detail/goal_status_array__rosidl_typesupport_fastrtps_c.h
[3.222s] -- Up-to-date: /home/robot/app/robot_ws/install/actionlib_msgs/include/actionlib_msgs/actionlib_msgs/msg/detail/goal_id__rosidl_typesupport_fastrtps_c.h
[3.223s] -- Up-to-date: /home/robot/app/robot_ws/install/actionlib_msgs/include/actionlib_msgs/actionlib_msgs/msg/rosidl_typesupport_fastrtps_c__visibility_control.h
[3.223s] -- Up-to-date: /home/robot/app/robot_ws/install/actionlib_msgs/lib/libactionlib_msgs__rosidl_typesupport_fastrtps_c.so
[3.223s] -- Up-to-date: /home/robot/app/robot_ws/install/actionlib_msgs/include/actionlib_msgs/actionlib_msgs
[3.223s] -- Up-to-date: /home/robot/app/robot_ws/install/actionlib_msgs/include/actionlib_msgs/actionlib_msgs/msg
[3.224s] -- Up-to-date: /home/robot/app/robot_ws/install/actionlib_msgs/include/actionlib_msgs/actionlib_msgs/msg/detail
[3.224s] -- Up-to-date: /home/robot/app/robot_ws/install/actionlib_msgs/include/actionlib_msgs/actionlib_msgs/msg/detail/goal_status__builder.hpp
[3.224s] -- Up-to-date: /home/robot/app/robot_ws/install/actionlib_msgs/include/actionlib_msgs/actionlib_msgs/msg/detail/goal_id__builder.hpp
[3.224s] -- Up-to-date: /home/robot/app/robot_ws/install/actionlib_msgs/include/actionlib_msgs/actionlib_msgs/msg/detail/goal_status_array__builder.hpp
[3.225s] -- Up-to-date: /home/robot/app/robot_ws/install/actionlib_msgs/include/actionlib_msgs/actionlib_msgs/msg/detail/goal_status_array__struct.hpp
[3.225s] -- Up-to-date: /home/robot/app/robot_ws/install/actionlib_msgs/include/actionlib_msgs/actionlib_msgs/msg/detail/goal_status_array__traits.hpp
[3.225s] -- Up-to-date: /home/robot/app/robot_ws/install/actionlib_msgs/include/actionlib_msgs/actionlib_msgs/msg/detail/goal_status__struct.hpp
[3.226s] -- Up-to-date: /home/robot/app/robot_ws/install/actionlib_msgs/include/actionlib_msgs/actionlib_msgs/msg/detail/goal_id__struct.hpp
[3.226s] -- Up-to-date: /home/robot/app/robot_ws/install/actionlib_msgs/include/actionlib_msgs/actionlib_msgs/msg/detail/goal_id__traits.hpp
[3.226s] -- Up-to-date: /home/robot/app/robot_ws/install/actionlib_msgs/include/actionlib_msgs/actionlib_msgs/msg/detail/goal_status__traits.hpp
[3.226s] -- Up-to-date: /home/robot/app/robot_ws/install/actionlib_msgs/include/actionlib_msgs/actionlib_msgs/msg/goal_status_array.hpp
[3.227s] -- Up-to-date: /home/robot/app/robot_ws/install/actionlib_msgs/include/actionlib_msgs/actionlib_msgs/msg/goal_id.hpp
[3.227s] -- Up-to-date: /home/robot/app/robot_ws/install/actionlib_msgs/include/actionlib_msgs/actionlib_msgs/msg/goal_status.hpp
[3.227s] -- Up-to-date: /home/robot/app/robot_ws/install/actionlib_msgs/include/actionlib_msgs/actionlib_msgs
[3.227s] -- Up-to-date: /home/robot/app/robot_ws/install/actionlib_msgs/include/actionlib_msgs/actionlib_msgs/msg
[3.228s] -- Up-to-date: /home/robot/app/robot_ws/install/actionlib_msgs/include/actionlib_msgs/actionlib_msgs/msg/rosidl_typesupport_fastrtps_cpp__visibility_control.h
[3.228s] -- Up-to-date: /home/robot/app/robot_ws/install/actionlib_msgs/include/actionlib_msgs/actionlib_msgs/msg/detail
[3.228s] -- Up-to-date: /home/robot/app/robot_ws/install/actionlib_msgs/include/actionlib_msgs/actionlib_msgs/msg/detail/goal_status__rosidl_typesupport_fastrtps_cpp.hpp
[3.229s] -- Up-to-date: /home/robot/app/robot_ws/install/actionlib_msgs/include/actionlib_msgs/actionlib_msgs/msg/detail/dds_fastrtps
[3.229s] -- Up-to-date: /home/robot/app/robot_ws/install/actionlib_msgs/include/actionlib_msgs/actionlib_msgs/msg/detail/goal_status_array__rosidl_typesupport_fastrtps_cpp.hpp
[3.229s] -- Up-to-date: /home/robot/app/robot_ws/install/actionlib_msgs/include/actionlib_msgs/actionlib_msgs/msg/detail/goal_id__rosidl_typesupport_fastrtps_cpp.hpp
[3.230s] -- Up-to-date: /home/robot/app/robot_ws/install/actionlib_msgs/lib/libactionlib_msgs__rosidl_typesupport_fastrtps_cpp.so
[3.230s] -- Up-to-date: /home/robot/app/robot_ws/install/actionlib_msgs/include/actionlib_msgs
[3.230s] -- Up-to-date: /home/robot/app/robot_ws/install/actionlib_msgs/include/actionlib_msgs/msg
[3.230s] -- Up-to-date: /home/robot/app/robot_ws/install/actionlib_msgs/include/actionlib_msgs/msg/detail
[3.231s] -- Up-to-date: /home/robot/app/robot_ws/install/actionlib_msgs/include/actionlib_msgs/msg/detail/goal_id__rosidl_typesupport_microxrcedds_c.h
[3.231s] -- Up-to-date: /home/robot/app/robot_ws/install/actionlib_msgs/include/actionlib_msgs/msg/detail/microxrcedds
[3.231s] -- Up-to-date: /home/robot/app/robot_ws/install/actionlib_msgs/include/actionlib_msgs/msg/detail/goal_status__rosidl_typesupport_microxrcedds_c.h
[3.232s] -- Up-to-date: /home/robot/app/robot_ws/install/actionlib_msgs/include/actionlib_msgs/msg/detail/goal_status_array__rosidl_typesupport_microxrcedds_c.h
[3.232s] -- Up-to-date: /home/robot/app/robot_ws/install/actionlib_msgs/include/actionlib_msgs/msg/rosidl_typesupport_microxrcedds_c__visibility_control.h
[3.232s] -- Up-to-date: /home/robot/app/robot_ws/install/actionlib_msgs/lib/libactionlib_msgs__rosidl_typesupport_microxrcedds_c.so
[3.232s] -- Up-to-date: /home/robot/app/robot_ws/install/actionlib_msgs/include/actionlib_msgs/actionlib_msgs
[3.233s] -- Up-to-date: /home/robot/app/robot_ws/install/actionlib_msgs/include/actionlib_msgs/actionlib_msgs/msg
[3.233s] -- Up-to-date: /home/robot/app/robot_ws/install/actionlib_msgs/include/actionlib_msgs/actionlib_msgs/msg/rosidl_typesupport_introspection_c__visibility_control.h
[3.233s] -- Up-to-date: /home/robot/app/robot_ws/install/actionlib_msgs/include/actionlib_msgs/actionlib_msgs/msg/detail
[3.233s] -- Up-to-date: /home/robot/app/robot_ws/install/actionlib_msgs/include/actionlib_msgs/actionlib_msgs/msg/detail/goal_id__type_support.c
[3.234s] -- Up-to-date: /home/robot/app/robot_ws/install/actionlib_msgs/include/actionlib_msgs/actionlib_msgs/msg/detail/goal_id__rosidl_typesupport_introspection_c.h
[3.234s] -- Up-to-date: /home/robot/app/robot_ws/install/actionlib_msgs/include/actionlib_msgs/actionlib_msgs/msg/detail/goal_status__rosidl_typesupport_introspection_c.h
[3.235s] -- Up-to-date: /home/robot/app/robot_ws/install/actionlib_msgs/include/actionlib_msgs/actionlib_msgs/msg/detail/goal_status_array__rosidl_typesupport_introspection_c.h
[3.235s] -- Up-to-date: /home/robot/app/robot_ws/install/actionlib_msgs/include/actionlib_msgs/actionlib_msgs/msg/detail/goal_status_array__type_support.c
[3.235s] -- Up-to-date: /home/robot/app/robot_ws/install/actionlib_msgs/include/actionlib_msgs/actionlib_msgs/msg/detail/goal_status__type_support.c
[3.236s] -- Up-to-date: /home/robot/app/robot_ws/install/actionlib_msgs/lib/libactionlib_msgs__rosidl_typesupport_introspection_c.so
[3.236s] -- Up-to-date: /home/robot/app/robot_ws/install/actionlib_msgs/lib/libactionlib_msgs__rosidl_typesupport_c.so
[3.236s] -- Up-to-date: /home/robot/app/robot_ws/install/actionlib_msgs/include/actionlib_msgs
[3.237s] -- Up-to-date: /home/robot/app/robot_ws/install/actionlib_msgs/include/actionlib_msgs/msg
[3.237s] -- Up-to-date: /home/robot/app/robot_ws/install/actionlib_msgs/include/actionlib_msgs/msg/detail
[3.237s] -- Up-to-date: /home/robot/app/robot_ws/install/actionlib_msgs/include/actionlib_msgs/msg/detail/microxrcedds
[3.238s] -- Up-to-date: /home/robot/app/robot_ws/install/actionlib_msgs/include/actionlib_msgs/msg/detail/microxrcedds/goal_status__type_support_cpp.cpp
[3.238s] -- Up-to-date: /home/robot/app/robot_ws/install/actionlib_msgs/include/actionlib_msgs/msg/detail/microxrcedds/goal_status_array__type_support_cpp.cpp
[3.238s] -- Up-to-date: /home/robot/app/robot_ws/install/actionlib_msgs/include/actionlib_msgs/msg/detail/microxrcedds/goal_id__type_support_cpp.cpp
[3.238s] -- Up-to-date: /home/robot/app/robot_ws/install/actionlib_msgs/include/actionlib_msgs/msg/detail/goal_status__rosidl_typesupport_microxrcedds_cpp.hpp
[3.239s] -- Up-to-date: /home/robot/app/robot_ws/install/actionlib_msgs/include/actionlib_msgs/msg/detail/goal_id__rosidl_typesupport_microxrcedds_cpp.hpp
[3.239s] -- Up-to-date: /home/robot/app/robot_ws/install/actionlib_msgs/include/actionlib_msgs/msg/detail/goal_status_array__rosidl_typesupport_microxrcedds_cpp.hpp
[3.239s] -- Up-to-date: /home/robot/app/robot_ws/install/actionlib_msgs/include/actionlib_msgs/msg/rosidl_typesupport_microxrcedds_cpp__visibility_control.h
[3.240s] -- Up-to-date: /home/robot/app/robot_ws/install/actionlib_msgs/lib/libactionlib_msgs__rosidl_typesupport_microxrcedds_cpp.so
[3.240s] -- Up-to-date: /home/robot/app/robot_ws/install/actionlib_msgs/include/actionlib_msgs/actionlib_msgs
[3.241s] -- Up-to-date: /home/robot/app/robot_ws/install/actionlib_msgs/include/actionlib_msgs/actionlib_msgs/msg
[3.241s] -- Up-to-date: /home/robot/app/robot_ws/install/actionlib_msgs/include/actionlib_msgs/actionlib_msgs/msg/detail
[3.242s] -- Up-to-date: /home/robot/app/robot_ws/install/actionlib_msgs/include/actionlib_msgs/actionlib_msgs/msg/detail/goal_status_array__rosidl_typesupport_introspection_cpp.hpp
[3.242s] -- Up-to-date: /home/robot/app/robot_ws/install/actionlib_msgs/include/actionlib_msgs/actionlib_msgs/msg/detail/goal_status__rosidl_typesupport_introspection_cpp.hpp
[3.242s] -- Up-to-date: /home/robot/app/robot_ws/install/actionlib_msgs/include/actionlib_msgs/actionlib_msgs/msg/detail/goal_id__rosidl_typesupport_introspection_cpp.hpp
[3.245s] -- Up-to-date: /home/robot/app/robot_ws/install/actionlib_msgs/include/actionlib_msgs/actionlib_msgs/msg/detail/goal_status__type_support.cpp
[3.246s] -- Up-to-date: /home/robot/app/robot_ws/install/actionlib_msgs/include/actionlib_msgs/actionlib_msgs/msg/detail/goal_status_array__type_support.cpp
[3.246s] -- Up-to-date: /home/robot/app/robot_ws/install/actionlib_msgs/include/actionlib_msgs/actionlib_msgs/msg/detail/goal_id__type_support.cpp
[3.246s] -- Up-to-date: /home/robot/app/robot_ws/install/actionlib_msgs/lib/libactionlib_msgs__rosidl_typesupport_introspection_cpp.so
[3.246s] -- Up-to-date: /home/robot/app/robot_ws/install/actionlib_msgs/lib/libactionlib_msgs__rosidl_typesupport_cpp.so
[3.247s] -- Up-to-date: /home/robot/app/robot_ws/install/actionlib_msgs/share/actionlib_msgs/environment/pythonpath.sh
[3.247s] -- Up-to-date: /home/robot/app/robot_ws/install/actionlib_msgs/share/actionlib_msgs/environment/pythonpath.dsv
[3.247s] -- Up-to-date: /home/robot/app/robot_ws/install/actionlib_msgs/local/lib/python3.10/dist-packages/actionlib_msgs-4.2.4-py3.10.egg-info
[3.247s] -- Installing: /home/robot/app/robot_ws/install/actionlib_msgs/local/lib/python3.10/dist-packages/actionlib_msgs-4.2.4-py3.10.egg-info/dependency_links.txt
[3.247s] -- Installing: /home/robot/app/robot_ws/install/actionlib_msgs/local/lib/python3.10/dist-packages/actionlib_msgs-4.2.4-py3.10.egg-info/PKG-INFO
[3.248s] -- Installing: /home/robot/app/robot_ws/install/actionlib_msgs/local/lib/python3.10/dist-packages/actionlib_msgs-4.2.4-py3.10.egg-info/SOURCES.txt
[3.248s] -- Installing: /home/robot/app/robot_ws/install/actionlib_msgs/local/lib/python3.10/dist-packages/actionlib_msgs-4.2.4-py3.10.egg-info/top_level.txt
[3.248s] -- Up-to-date: /home/robot/app/robot_ws/install/actionlib_msgs/local/lib/python3.10/dist-packages/actionlib_msgs
[3.248s] -- Up-to-date: /home/robot/app/robot_ws/install/actionlib_msgs/local/lib/python3.10/dist-packages/actionlib_msgs/__init__.py
[3.249s] -- Up-to-date: /home/robot/app/robot_ws/install/actionlib_msgs/local/lib/python3.10/dist-packages/actionlib_msgs/_actionlib_msgs_s.ep.rosidl_typesupport_microxrcedds_c.c
[3.249s] -- Up-to-date: /home/robot/app/robot_ws/install/actionlib_msgs/local/lib/python3.10/dist-packages/actionlib_msgs/_actionlib_msgs_s.ep.rosidl_typesupport_c.c
[3.249s] -- Up-to-date: /home/robot/app/robot_ws/install/actionlib_msgs/local/lib/python3.10/dist-packages/actionlib_msgs/actionlib_msgs_s__rosidl_typesupport_microxrcedds_c.cpython-310-x86_64-linux-gnu.so
[3.249s] -- Up-to-date: /home/robot/app/robot_ws/install/actionlib_msgs/local/lib/python3.10/dist-packages/actionlib_msgs/actionlib_msgs_s__rosidl_typesupport_c.cpython-310-x86_64-linux-gnu.so
[3.250s] -- Up-to-date: /home/robot/app/robot_ws/install/actionlib_msgs/local/lib/python3.10/dist-packages/actionlib_msgs/_actionlib_msgs_s.ep.rosidl_typesupport_introspection_c.c
[3.250s] -- Up-to-date: /home/robot/app/robot_ws/install/actionlib_msgs/local/lib/python3.10/dist-packages/actionlib_msgs/actionlib_msgs_s__rosidl_typesupport_fastrtps_c.cpython-310-x86_64-linux-gnu.so
[3.250s] -- Up-to-date: /home/robot/app/robot_ws/install/actionlib_msgs/local/lib/python3.10/dist-packages/actionlib_msgs/libactionlib_msgs__rosidl_generator_py.so
[3.250s] -- Up-to-date: /home/robot/app/robot_ws/install/actionlib_msgs/local/lib/python3.10/dist-packages/actionlib_msgs/_actionlib_msgs_s.ep.rosidl_typesupport_fastrtps_c.c
[3.250s] -- Up-to-date: /home/robot/app/robot_ws/install/actionlib_msgs/local/lib/python3.10/dist-packages/actionlib_msgs/actionlib_msgs_s__rosidl_typesupport_introspection_c.cpython-310-x86_64-linux-gnu.so
[3.251s] -- Up-to-date: /home/robot/app/robot_ws/install/actionlib_msgs/local/lib/python3.10/dist-packages/actionlib_msgs/msg
[3.251s] -- Up-to-date: /home/robot/app/robot_ws/install/actionlib_msgs/local/lib/python3.10/dist-packages/actionlib_msgs/msg/_goal_status_array.py
[3.251s] -- Up-to-date: /home/robot/app/robot_ws/install/actionlib_msgs/local/lib/python3.10/dist-packages/actionlib_msgs/msg/__init__.py
[3.251s] -- Up-to-date: /home/robot/app/robot_ws/install/actionlib_msgs/local/lib/python3.10/dist-packages/actionlib_msgs/msg/_goal_id_s.c
[3.251s] -- Up-to-date: /home/robot/app/robot_ws/install/actionlib_msgs/local/lib/python3.10/dist-packages/actionlib_msgs/msg/_goal_status_array_s.c
[3.252s] -- Up-to-date: /home/robot/app/robot_ws/install/actionlib_msgs/local/lib/python3.10/dist-packages/actionlib_msgs/msg/_goal_status.py
[3.252s] -- Up-to-date: /home/robot/app/robot_ws/install/actionlib_msgs/local/lib/python3.10/dist-packages/actionlib_msgs/msg/_goal_id.py
[3.252s] -- Up-to-date: /home/robot/app/robot_ws/install/actionlib_msgs/local/lib/python3.10/dist-packages/actionlib_msgs/msg/_goal_status_s.c
[3.382s] Listing '/home/robot/app/robot_ws/install/actionlib_msgs/local/lib/python3.10/dist-packages/actionlib_msgs'...
[3.382s] Listing '/home/robot/app/robot_ws/install/actionlib_msgs/local/lib/python3.10/dist-packages/actionlib_msgs/msg'...
[3.393s] -- Up-to-date: /home/robot/app/robot_ws/install/actionlib_msgs/local/lib/python3.10/dist-packages/actionlib_msgs/actionlib_msgs_s__rosidl_typesupport_microxrcedds_c.cpython-310-x86_64-linux-gnu.so
[3.394s] -- Up-to-date: /home/robot/app/robot_ws/install/actionlib_msgs/local/lib/python3.10/dist-packages/actionlib_msgs/actionlib_msgs_s__rosidl_typesupport_fastrtps_c.cpython-310-x86_64-linux-gnu.so
[3.395s] -- Up-to-date: /home/robot/app/robot_ws/install/actionlib_msgs/local/lib/python3.10/dist-packages/actionlib_msgs/actionlib_msgs_s__rosidl_typesupport_introspection_c.cpython-310-x86_64-linux-gnu.so
[3.395s] -- Up-to-date: /home/robot/app/robot_ws/install/actionlib_msgs/local/lib/python3.10/dist-packages/actionlib_msgs/actionlib_msgs_s__rosidl_typesupport_c.cpython-310-x86_64-linux-gnu.so
[3.397s] -- Up-to-date: /home/robot/app/robot_ws/install/actionlib_msgs/lib/libactionlib_msgs__rosidl_generator_py.so
[3.397s] -- Up-to-date: /home/robot/app/robot_ws/install/actionlib_msgs/share/actionlib_msgs/msg/GoalID.idl
[3.398s] -- Up-to-date: /home/robot/app/robot_ws/install/actionlib_msgs/share/actionlib_msgs/msg/GoalStatus.idl
[3.398s] -- Up-to-date: /home/robot/app/robot_ws/install/actionlib_msgs/share/actionlib_msgs/msg/GoalStatusArray.idl
[3.398s] -- Up-to-date: /home/robot/app/robot_ws/install/actionlib_msgs/share/actionlib_msgs/msg/GoalID.msg
[3.399s] -- Up-to-date: /home/robot/app/robot_ws/install/actionlib_msgs/share/actionlib_msgs/msg/GoalStatus.msg
[3.399s] -- Up-to-date: /home/robot/app/robot_ws/install/actionlib_msgs/share/actionlib_msgs/msg/GoalStatusArray.msg
[3.399s] -- Up-to-date: /home/robot/app/robot_ws/install/actionlib_msgs/share/ament_index/resource_index/package_run_dependencies/actionlib_msgs
[3.400s] -- Up-to-date: /home/robot/app/robot_ws/install/actionlib_msgs/share/ament_index/resource_index/parent_prefix_path/actionlib_msgs
[3.400s] -- Up-to-date: /home/robot/app/robot_ws/install/actionlib_msgs/share/actionlib_msgs/environment/ament_prefix_path.sh
[3.401s] -- Up-to-date: /home/robot/app/robot_ws/install/actionlib_msgs/share/actionlib_msgs/environment/ament_prefix_path.dsv
[3.401s] -- Up-to-date: /home/robot/app/robot_ws/install/actionlib_msgs/share/actionlib_msgs/environment/path.sh
[3.401s] -- Up-to-date: /home/robot/app/robot_ws/install/actionlib_msgs/share/actionlib_msgs/environment/path.dsv
[3.401s] -- Up-to-date: /home/robot/app/robot_ws/install/actionlib_msgs/share/actionlib_msgs/local_setup.bash
[3.402s] -- Up-to-date: /home/robot/app/robot_ws/install/actionlib_msgs/share/actionlib_msgs/local_setup.sh
[3.402s] -- Up-to-date: /home/robot/app/robot_ws/install/actionlib_msgs/share/actionlib_msgs/local_setup.zsh
[3.402s] -- Up-to-date: /home/robot/app/robot_ws/install/actionlib_msgs/share/actionlib_msgs/local_setup.dsv
[3.402s] -- Installing: /home/robot/app/robot_ws/install/actionlib_msgs/share/actionlib_msgs/package.dsv
[3.403s] -- Up-to-date: /home/robot/app/robot_ws/install/actionlib_msgs/share/ament_index/resource_index/packages/actionlib_msgs
[3.403s] -- Up-to-date: /home/robot/app/robot_ws/install/actionlib_msgs/share/actionlib_msgs/cmake/export_actionlib_msgs__rosidl_generator_cExport.cmake
[3.403s] -- Up-to-date: /home/robot/app/robot_ws/install/actionlib_msgs/share/actionlib_msgs/cmake/export_actionlib_msgs__rosidl_generator_cExport-noconfig.cmake
[3.403s] -- Up-to-date: /home/robot/app/robot_ws/install/actionlib_msgs/share/actionlib_msgs/cmake/export_actionlib_msgs__rosidl_typesupport_fastrtps_cExport.cmake
[3.404s] -- Up-to-date: /home/robot/app/robot_ws/install/actionlib_msgs/share/actionlib_msgs/cmake/export_actionlib_msgs__rosidl_typesupport_fastrtps_cExport-noconfig.cmake
[3.404s] -- Up-to-date: /home/robot/app/robot_ws/install/actionlib_msgs/share/actionlib_msgs/cmake/export_actionlib_msgs__rosidl_generator_cppExport.cmake
[3.405s] -- Up-to-date: /home/robot/app/robot_ws/install/actionlib_msgs/share/actionlib_msgs/cmake/export_actionlib_msgs__rosidl_typesupport_fastrtps_cppExport.cmake
[3.405s] -- Up-to-date: /home/robot/app/robot_ws/install/actionlib_msgs/share/actionlib_msgs/cmake/export_actionlib_msgs__rosidl_typesupport_fastrtps_cppExport-noconfig.cmake
[3.406s] -- Up-to-date: /home/robot/app/robot_ws/install/actionlib_msgs/share/actionlib_msgs/cmake/actionlib_msgs__rosidl_typesupport_introspection_cExport.cmake
[3.406s] -- Up-to-date: /home/robot/app/robot_ws/install/actionlib_msgs/share/actionlib_msgs/cmake/actionlib_msgs__rosidl_typesupport_introspection_cExport-noconfig.cmake
[3.406s] -- Up-to-date: /home/robot/app/robot_ws/install/actionlib_msgs/share/actionlib_msgs/cmake/actionlib_msgs__rosidl_typesupport_cExport.cmake
[3.406s] -- Up-to-date: /home/robot/app/robot_ws/install/actionlib_msgs/share/actionlib_msgs/cmake/actionlib_msgs__rosidl_typesupport_cExport-noconfig.cmake
[3.407s] -- Up-to-date: /home/robot/app/robot_ws/install/actionlib_msgs/share/actionlib_msgs/cmake/actionlib_msgs__rosidl_typesupport_introspection_cppExport.cmake
[3.407s] -- Up-to-date: /home/robot/app/robot_ws/install/actionlib_msgs/share/actionlib_msgs/cmake/actionlib_msgs__rosidl_typesupport_introspection_cppExport-noconfig.cmake
[3.408s] -- Up-to-date: /home/robot/app/robot_ws/install/actionlib_msgs/share/actionlib_msgs/cmake/actionlib_msgs__rosidl_typesupport_cppExport.cmake
[3.408s] -- Up-to-date: /home/robot/app/robot_ws/install/actionlib_msgs/share/actionlib_msgs/cmake/actionlib_msgs__rosidl_typesupport_cppExport-noconfig.cmake
[3.409s] -- Up-to-date: /home/robot/app/robot_ws/install/actionlib_msgs/share/actionlib_msgs/cmake/export_actionlib_msgs__rosidl_generator_pyExport.cmake
[3.409s] -- Up-to-date: /home/robot/app/robot_ws/install/actionlib_msgs/share/actionlib_msgs/cmake/export_actionlib_msgs__rosidl_generator_pyExport-noconfig.cmake
[3.409s] -- Up-to-date: /home/robot/app/robot_ws/install/actionlib_msgs/share/actionlib_msgs/cmake/rosidl_cmake-extras.cmake
[3.409s] -- Up-to-date: /home/robot/app/robot_ws/install/actionlib_msgs/share/actionlib_msgs/cmake/ament_cmake_export_dependencies-extras.cmake
[3.410s] -- Up-to-date: /home/robot/app/robot_ws/install/actionlib_msgs/share/actionlib_msgs/cmake/ament_cmake_export_include_directories-extras.cmake
[3.410s] -- Up-to-date: /home/robot/app/robot_ws/install/actionlib_msgs/share/actionlib_msgs/cmake/ament_cmake_export_libraries-extras.cmake
[3.410s] -- Up-to-date: /home/robot/app/robot_ws/install/actionlib_msgs/share/actionlib_msgs/cmake/ament_cmake_export_targets-extras.cmake
[3.410s] -- Up-to-date: /home/robot/app/robot_ws/install/actionlib_msgs/share/actionlib_msgs/cmake/rosidl_cmake_export_typesupport_targets-extras.cmake
[3.411s] -- Up-to-date: /home/robot/app/robot_ws/install/actionlib_msgs/share/actionlib_msgs/cmake/rosidl_cmake_export_typesupport_libraries-extras.cmake
[3.411s] -- Up-to-date: /home/robot/app/robot_ws/install/actionlib_msgs/share/actionlib_msgs/cmake/actionlib_msgsConfig.cmake
[3.411s] -- Up-to-date: /home/robot/app/robot_ws/install/actionlib_msgs/share/actionlib_msgs/cmake/actionlib_msgsConfig-version.cmake
[3.411s] -- Up-to-date: /home/robot/app/robot_ws/install/actionlib_msgs/share/actionlib_msgs/package.xml
[3.415s] Invoked command in '/home/robot/app/robot_ws/build/actionlib_msgs' returned '0': CMAKE_PREFIX_PATH=/home/robot/app/robot_ws/install/std_msgs:/home/robot/app/robot_ws/install/builtin_interfaces:/home/robot/app/robot_ws/firmware/dev_ws/install/my_custom_message:/home/robot/app/robot_ws/install/micro_ros_demos_rclc:/home/robot/app/robot_ws/install/common_interfaces:/home/robot/app/robot_ws/install/visualization_msgs:/home/robot/app/robot_ws/install/test_msgs:/home/robot/app/robot_ws/install/example_interfaces:/home/robot/app/robot_ws/install/action_msgs:/home/robot/app/robot_ws/install/unique_identifier_msgs:/home/robot/app/robot_ws/install/trajectory_msgs:/home/robot/app/robot_ws/install/stereo_msgs:/home/robot/app/robot_ws/install/std_srvs:/home/robot/app/robot_ws/install/shape_msgs:/home/robot/app/robot_ws/install/sensor_msgs:/home/robot/app/robot_ws/install/nav_msgs:/home/robot/app/robot_ws/install/diagnostic_msgs:/home/robot/app/robot_ws/install/geometry_msgs:/home/robot/app/robot_ws/install/actionlib_msgs:/home/robot/app/robot_ws/install/statistics_msgs:/home/robot/app/robot_ws/install/rosidl_typesupport_microxrcedds_test_msg:/home/robot/app/robot_ws/install/rosidl_typesupport_microxrcedds_cpp_tests:/home/robot/app/robot_ws/install/rmw_microxrcedds:/home/robot/app/robot_ws/install/rosidl_typesupport_microxrcedds_cpp:/home/robot/app/robot_ws/install/rosidl_typesupport_microxrcedds_c_tests:/home/robot/app/robot_ws/install/rosidl_typesupport_microxrcedds_c:/home/robot/app/robot_ws/install/rosgraph_msgs:/home/robot/app/robot_ws/install/rclc_parameter:/home/robot/app/robot_ws/install/rclc:/home/robot/app/robot_ws/install/composition_interfaces:/home/robot/app/robot_ws/install/rcl_interfaces:/home/robot/app/robot_ws/install/microxrcedds_client:/home/robot/app/robot_ws/install/microcdr:/home/robot/app/robot_ws/install/micro_ros_utilities:/home/robot/app/robot_ws/install/micro_ros_setup:/home/robot/app/robot_ws/install/micro_ros_agent:/home/robot/app/robot_ws/install/micro_ros_msgs:/home/robot/app/robot_ws/install/lifecycle_msgs:/home/robot/app/robot_ws/install/complex_msgs:/home/robot/app/robot_ws/install/sensor_msgs_py:/opt/ros/humble LD_LIBRARY_PATH=/home/robot/app/robot_ws/install/std_msgs/lib:/home/robot/app/robot_ws/install/builtin_interfaces/lib:/home/robot/app/robot_ws/firmware/dev_ws/install/my_custom_message/lib:/home/robot/app/robot_ws/install/visualization_msgs/lib:/home/robot/app/robot_ws/install/test_msgs/lib:/home/robot/app/robot_ws/install/example_interfaces/lib:/home/robot/app/robot_ws/install/action_msgs/lib:/home/robot/app/robot_ws/install/unique_identifier_msgs/lib:/home/robot/app/robot_ws/install/trajectory_msgs/lib:/home/robot/app/robot_ws/install/stereo_msgs/lib:/home/robot/app/robot_ws/install/std_srvs/lib:/home/robot/app/robot_ws/install/shape_msgs/lib:/home/robot/app/robot_ws/install/sensor_msgs/lib:/home/robot/app/robot_ws/install/nav_msgs/lib:/home/robot/app/robot_ws/install/diagnostic_msgs/lib:/home/robot/app/robot_ws/install/geometry_msgs/lib:/home/robot/app/robot_ws/install/actionlib_msgs/lib:/home/robot/app/robot_ws/install/statistics_msgs/lib:/home/robot/app/robot_ws/install/rmw_microxrcedds/lib:/home/robot/app/robot_ws/install/rosidl_typesupport_microxrcedds_cpp/lib:/home/robot/app/robot_ws/install/rosidl_typesupport_microxrcedds_c/lib:/home/robot/app/robot_ws/install/rosgraph_msgs/lib:/home/robot/app/robot_ws/install/rclc_parameter/lib:/home/robot/app/robot_ws/install/rclc/lib:/home/robot/app/robot_ws/install/composition_interfaces/lib:/home/robot/app/robot_ws/install/rcl_interfaces/lib:/home/robot/app/robot_ws/install/microxrcedds_client/lib:/home/robot/app/robot_ws/install/microcdr/lib:/home/robot/app/robot_ws/install/micro_ros_utilities/lib:/home/robot/app/robot_ws/install/micro_ros_agent/lib:/home/robot/app/robot_ws/install/micro_ros_msgs/lib:/home/robot/app/robot_ws/install/lifecycle_msgs/lib:/home/robot/app/robot_ws/install/complex_msgs/lib:/opt/ros/humble/opt/rviz_ogre_vendor/lib:/opt/ros/humble/lib/x86_64-linux-gnu:/opt/ros/humble/lib /usr/bin/cmake --install /home/robot/app/robot_ws/build/actionlib_msgs
