[0.022s] Invoking command in '/home/robot/app/robot_ws/build/my_custom_message': CMAKE_PREFIX_PATH=${CMAKE_PREFIX_PATH}:/opt/ros/humble /usr/bin/cmake --build /home/robot/app/robot_ws/build/my_custom_message -- -j8 -l8
[0.087s] [35m[1mConsolidate compiler generated dependencies of target my_custom_message__rosidl_generator_c[0m
[0.109s] [  3%] Built target my_custom_message__cpp
[0.112s] [ 12%] Built target my_custom_message__rosidl_generator_c
[0.126s] [ 12%] Built target ament_cmake_python_copy_my_custom_message
[0.133s] [35m[1mConsolidate compiler generated dependencies of target my_custom_message__rosidl_typesupport_introspection_cpp[0m
[0.134s] [35m[1mConsolidate compiler generated dependencies of target my_custom_message__rosidl_typesupport_fastrtps_cpp[0m
[0.136s] [35m[1mConsolidate compiler generated dependencies of target my_custom_message__rosidl_typesupport_cpp[0m
[0.137s] [35m[1mConsolidate compiler generated dependencies of target my_custom_message__rosidl_typesupport_fastrtps_c[0m
[0.138s] [35m[1mConsolidate compiler generated dependencies of target my_custom_message__rosidl_typesupport_c[0m
[0.146s] [35m[1mConsolidate compiler generated dependencies of target my_custom_message__rosidl_typesupport_introspection_c[0m
[0.164s] [ 22%] Built target my_custom_message__rosidl_typesupport_introspection_cpp
[0.165s] [ 32%] Built target my_custom_message__rosidl_typesupport_c
[0.165s] [ 41%] Built target my_custom_message__rosidl_typesupport_fastrtps_cpp
[0.167s] [ 51%] Built target my_custom_message__rosidl_typesupport_cpp
[0.168s] [ 61%] Built target my_custom_message__rosidl_typesupport_fastrtps_c
[0.172s] [ 70%] Built target my_custom_message__rosidl_typesupport_introspection_c
[0.212s] [ 70%] Built target my_custom_message
[0.247s] [ 74%] Built target my_custom_message__py
[0.264s] [35m[1mConsolidate compiler generated dependencies of target my_custom_message__rosidl_generator_py[0m
[0.285s] [ 80%] Built target my_custom_message__rosidl_generator_py
[0.308s] [35m[1mConsolidate compiler generated dependencies of target my_custom_message__rosidl_typesupport_c__pyext[0m
[0.310s] [35m[1mConsolidate compiler generated dependencies of target my_custom_message__rosidl_typesupport_fastrtps_c__pyext[0m
[0.311s] [35m[1mConsolidate compiler generated dependencies of target my_custom_message__rosidl_typesupport_introspection_c__pyext[0m
[0.333s] [ 87%] Built target my_custom_message__rosidl_typesupport_fastrtps_c__pyext
[0.333s] [ 93%] Built target my_custom_message__rosidl_typesupport_c__pyext
[0.335s] [100%] Built target my_custom_message__rosidl_typesupport_introspection_c__pyext
[0.584s] running egg_info
[0.585s] writing my_custom_message.egg-info/PKG-INFO
[0.586s] writing dependency_links to my_custom_message.egg-info/dependency_links.txt
[0.586s] writing top-level names to my_custom_message.egg-info/top_level.txt
[0.589s] reading manifest file 'my_custom_message.egg-info/SOURCES.txt'
[0.591s] writing manifest file 'my_custom_message.egg-info/SOURCES.txt'
[0.639s] [100%] Built target ament_cmake_python_build_my_custom_message_egg
[0.658s] Invoked command in '/home/robot/app/robot_ws/build/my_custom_message' returned '0': CMAKE_PREFIX_PATH=${CMAKE_PREFIX_PATH}:/opt/ros/humble /usr/bin/cmake --build /home/robot/app/robot_ws/build/my_custom_message -- -j8 -l8
[0.770s] Invoking command in '/home/robot/app/robot_ws/build/my_custom_message': CMAKE_PREFIX_PATH=${CMAKE_PREFIX_PATH}:/opt/ros/humble /usr/bin/cmake --install /home/robot/app/robot_ws/build/my_custom_message
[0.782s] -- Install configuration: ""
[0.782s] -- Up-to-date: /home/robot/app/robot_ws/install/my_custom_message/share/ament_index/resource_index/rosidl_interfaces/my_custom_message
[0.782s] -- Up-to-date: /home/robot/app/robot_ws/install/my_custom_message/include/my_custom_message/my_custom_message
[0.782s] -- Up-to-date: /home/robot/app/robot_ws/install/my_custom_message/include/my_custom_message/my_custom_message/msg
[0.782s] -- Up-to-date: /home/robot/app/robot_ws/install/my_custom_message/include/my_custom_message/my_custom_message/msg/my_custom_message.h
[0.783s] -- Up-to-date: /home/robot/app/robot_ws/install/my_custom_message/include/my_custom_message/my_custom_message/msg/detail
[0.783s] -- Up-to-date: /home/robot/app/robot_ws/install/my_custom_message/include/my_custom_message/my_custom_message/msg/detail/my_custom_message__type_support.h
[0.783s] -- Up-to-date: /home/robot/app/robot_ws/install/my_custom_message/include/my_custom_message/my_custom_message/msg/detail/my_custom_message__functions.c
[0.783s] -- Up-to-date: /home/robot/app/robot_ws/install/my_custom_message/include/my_custom_message/my_custom_message/msg/detail/my_custom_message__struct.h
[0.783s] -- Up-to-date: /home/robot/app/robot_ws/install/my_custom_message/include/my_custom_message/my_custom_message/msg/detail/my_custom_message__functions.h
[0.783s] -- Up-to-date: /home/robot/app/robot_ws/install/my_custom_message/include/my_custom_message/my_custom_message/msg/rosidl_generator_c__visibility_control.h
[0.784s] -- Up-to-date: /home/robot/app/robot_ws/install/my_custom_message/share/my_custom_message/environment/library_path.sh
[0.784s] -- Up-to-date: /home/robot/app/robot_ws/install/my_custom_message/share/my_custom_message/environment/library_path.dsv
[0.784s] -- Up-to-date: /home/robot/app/robot_ws/install/my_custom_message/lib/libmy_custom_message__rosidl_generator_c.so
[0.784s] -- Up-to-date: /home/robot/app/robot_ws/install/my_custom_message/include/my_custom_message/my_custom_message
[0.784s] -- Up-to-date: /home/robot/app/robot_ws/install/my_custom_message/include/my_custom_message/my_custom_message/msg
[0.785s] -- Up-to-date: /home/robot/app/robot_ws/install/my_custom_message/include/my_custom_message/my_custom_message/msg/detail
[0.785s] -- Up-to-date: /home/robot/app/robot_ws/install/my_custom_message/include/my_custom_message/my_custom_message/msg/detail/my_custom_message__rosidl_typesupport_fastrtps_c.h
[0.785s] -- Up-to-date: /home/robot/app/robot_ws/install/my_custom_message/include/my_custom_message/my_custom_message/msg/rosidl_typesupport_fastrtps_c__visibility_control.h
[0.785s] -- Up-to-date: /home/robot/app/robot_ws/install/my_custom_message/lib/libmy_custom_message__rosidl_typesupport_fastrtps_c.so
[0.785s] -- Up-to-date: /home/robot/app/robot_ws/install/my_custom_message/include/my_custom_message/my_custom_message
[0.785s] -- Up-to-date: /home/robot/app/robot_ws/install/my_custom_message/include/my_custom_message/my_custom_message/msg
[0.785s] -- Up-to-date: /home/robot/app/robot_ws/install/my_custom_message/include/my_custom_message/my_custom_message/msg/rosidl_typesupport_introspection_c__visibility_control.h
[0.785s] -- Up-to-date: /home/robot/app/robot_ws/install/my_custom_message/include/my_custom_message/my_custom_message/msg/detail
[0.786s] -- Up-to-date: /home/robot/app/robot_ws/install/my_custom_message/include/my_custom_message/my_custom_message/msg/detail/my_custom_message__type_support.c
[0.786s] -- Up-to-date: /home/robot/app/robot_ws/install/my_custom_message/include/my_custom_message/my_custom_message/msg/detail/my_custom_message__rosidl_typesupport_introspection_c.h
[0.786s] -- Up-to-date: /home/robot/app/robot_ws/install/my_custom_message/lib/libmy_custom_message__rosidl_typesupport_introspection_c.so
[0.786s] -- Up-to-date: /home/robot/app/robot_ws/install/my_custom_message/lib/libmy_custom_message__rosidl_typesupport_c.so
[0.786s] -- Up-to-date: /home/robot/app/robot_ws/install/my_custom_message/include/my_custom_message/my_custom_message
[0.786s] -- Up-to-date: /home/robot/app/robot_ws/install/my_custom_message/include/my_custom_message/my_custom_message/msg
[0.786s] -- Up-to-date: /home/robot/app/robot_ws/install/my_custom_message/include/my_custom_message/my_custom_message/msg/my_custom_message.hpp
[0.787s] -- Up-to-date: /home/robot/app/robot_ws/install/my_custom_message/include/my_custom_message/my_custom_message/msg/detail
[0.787s] -- Up-to-date: /home/robot/app/robot_ws/install/my_custom_message/include/my_custom_message/my_custom_message/msg/detail/my_custom_message__builder.hpp
[0.787s] -- Up-to-date: /home/robot/app/robot_ws/install/my_custom_message/include/my_custom_message/my_custom_message/msg/detail/my_custom_message__struct.hpp
[0.787s] -- Up-to-date: /home/robot/app/robot_ws/install/my_custom_message/include/my_custom_message/my_custom_message/msg/detail/my_custom_message__traits.hpp
[0.788s] -- Up-to-date: /home/robot/app/robot_ws/install/my_custom_message/include/my_custom_message/my_custom_message
[0.788s] -- Up-to-date: /home/robot/app/robot_ws/install/my_custom_message/include/my_custom_message/my_custom_message/msg
[0.788s] -- Up-to-date: /home/robot/app/robot_ws/install/my_custom_message/include/my_custom_message/my_custom_message/msg/rosidl_typesupport_fastrtps_cpp__visibility_control.h
[0.788s] -- Up-to-date: /home/robot/app/robot_ws/install/my_custom_message/include/my_custom_message/my_custom_message/msg/detail
[0.788s] -- Up-to-date: /home/robot/app/robot_ws/install/my_custom_message/include/my_custom_message/my_custom_message/msg/detail/dds_fastrtps
[0.788s] -- Up-to-date: /home/robot/app/robot_ws/install/my_custom_message/include/my_custom_message/my_custom_message/msg/detail/my_custom_message__rosidl_typesupport_fastrtps_cpp.hpp
[0.788s] -- Up-to-date: /home/robot/app/robot_ws/install/my_custom_message/lib/libmy_custom_message__rosidl_typesupport_fastrtps_cpp.so
[0.789s] -- Up-to-date: /home/robot/app/robot_ws/install/my_custom_message/include/my_custom_message/my_custom_message
[0.789s] -- Up-to-date: /home/robot/app/robot_ws/install/my_custom_message/include/my_custom_message/my_custom_message/msg
[0.789s] -- Up-to-date: /home/robot/app/robot_ws/install/my_custom_message/include/my_custom_message/my_custom_message/msg/detail
[0.789s] -- Up-to-date: /home/robot/app/robot_ws/install/my_custom_message/include/my_custom_message/my_custom_message/msg/detail/my_custom_message__type_support.cpp
[0.789s] -- Up-to-date: /home/robot/app/robot_ws/install/my_custom_message/include/my_custom_message/my_custom_message/msg/detail/my_custom_message__rosidl_typesupport_introspection_cpp.hpp
[0.789s] -- Up-to-date: /home/robot/app/robot_ws/install/my_custom_message/lib/libmy_custom_message__rosidl_typesupport_introspection_cpp.so
[0.789s] -- Up-to-date: /home/robot/app/robot_ws/install/my_custom_message/lib/libmy_custom_message__rosidl_typesupport_cpp.so
[0.790s] -- Up-to-date: /home/robot/app/robot_ws/install/my_custom_message/share/my_custom_message/environment/pythonpath.sh
[0.790s] -- Up-to-date: /home/robot/app/robot_ws/install/my_custom_message/share/my_custom_message/environment/pythonpath.dsv
[0.790s] -- Up-to-date: /home/robot/app/robot_ws/install/my_custom_message/local/lib/python3.10/dist-packages/my_custom_message-0.0.0-py3.10.egg-info
[0.790s] -- Installing: /home/robot/app/robot_ws/install/my_custom_message/local/lib/python3.10/dist-packages/my_custom_message-0.0.0-py3.10.egg-info/dependency_links.txt
[0.791s] -- Installing: /home/robot/app/robot_ws/install/my_custom_message/local/lib/python3.10/dist-packages/my_custom_message-0.0.0-py3.10.egg-info/PKG-INFO
[0.791s] -- Installing: /home/robot/app/robot_ws/install/my_custom_message/local/lib/python3.10/dist-packages/my_custom_message-0.0.0-py3.10.egg-info/SOURCES.txt
[0.791s] -- Installing: /home/robot/app/robot_ws/install/my_custom_message/local/lib/python3.10/dist-packages/my_custom_message-0.0.0-py3.10.egg-info/top_level.txt
[0.791s] -- Up-to-date: /home/robot/app/robot_ws/install/my_custom_message/local/lib/python3.10/dist-packages/my_custom_message
[0.792s] -- Up-to-date: /home/robot/app/robot_ws/install/my_custom_message/local/lib/python3.10/dist-packages/my_custom_message/__init__.py
[0.792s] -- Up-to-date: /home/robot/app/robot_ws/install/my_custom_message/local/lib/python3.10/dist-packages/my_custom_message/my_custom_message_s__rosidl_typesupport_fastrtps_c.cpython-310-x86_64-linux-gnu.so
[0.792s] -- Up-to-date: /home/robot/app/robot_ws/install/my_custom_message/local/lib/python3.10/dist-packages/my_custom_message/my_custom_message_s__rosidl_typesupport_introspection_c.cpython-310-x86_64-linux-gnu.so
[0.792s] -- Up-to-date: /home/robot/app/robot_ws/install/my_custom_message/local/lib/python3.10/dist-packages/my_custom_message/_my_custom_message_s.ep.rosidl_typesupport_c.c
[0.792s] -- Up-to-date: /home/robot/app/robot_ws/install/my_custom_message/local/lib/python3.10/dist-packages/my_custom_message/libmy_custom_message__rosidl_generator_py.so
[0.792s] -- Up-to-date: /home/robot/app/robot_ws/install/my_custom_message/local/lib/python3.10/dist-packages/my_custom_message/my_custom_message_s__rosidl_typesupport_c.cpython-310-x86_64-linux-gnu.so
[0.792s] -- Up-to-date: /home/robot/app/robot_ws/install/my_custom_message/local/lib/python3.10/dist-packages/my_custom_message/_my_custom_message_s.ep.rosidl_typesupport_introspection_c.c
[0.793s] -- Up-to-date: /home/robot/app/robot_ws/install/my_custom_message/local/lib/python3.10/dist-packages/my_custom_message/msg
[0.793s] -- Up-to-date: /home/robot/app/robot_ws/install/my_custom_message/local/lib/python3.10/dist-packages/my_custom_message/msg/__init__.py
[0.793s] -- Up-to-date: /home/robot/app/robot_ws/install/my_custom_message/local/lib/python3.10/dist-packages/my_custom_message/msg/_my_custom_message.py
[0.793s] -- Up-to-date: /home/robot/app/robot_ws/install/my_custom_message/local/lib/python3.10/dist-packages/my_custom_message/msg/_my_custom_message_s.c
[0.793s] -- Up-to-date: /home/robot/app/robot_ws/install/my_custom_message/local/lib/python3.10/dist-packages/my_custom_message/_my_custom_message_s.ep.rosidl_typesupport_fastrtps_c.c
[0.856s] Listing '/home/robot/app/robot_ws/install/my_custom_message/local/lib/python3.10/dist-packages/my_custom_message'...
[0.856s] Listing '/home/robot/app/robot_ws/install/my_custom_message/local/lib/python3.10/dist-packages/my_custom_message/msg'...
[0.863s] -- Up-to-date: /home/robot/app/robot_ws/install/my_custom_message/local/lib/python3.10/dist-packages/my_custom_message/my_custom_message_s__rosidl_typesupport_fastrtps_c.cpython-310-x86_64-linux-gnu.so
[0.864s] -- Up-to-date: /home/robot/app/robot_ws/install/my_custom_message/local/lib/python3.10/dist-packages/my_custom_message/my_custom_message_s__rosidl_typesupport_introspection_c.cpython-310-x86_64-linux-gnu.so
[0.864s] -- Up-to-date: /home/robot/app/robot_ws/install/my_custom_message/local/lib/python3.10/dist-packages/my_custom_message/my_custom_message_s__rosidl_typesupport_c.cpython-310-x86_64-linux-gnu.so
[0.865s] -- Up-to-date: /home/robot/app/robot_ws/install/my_custom_message/lib/libmy_custom_message__rosidl_generator_py.so
[0.865s] -- Up-to-date: /home/robot/app/robot_ws/install/my_custom_message/share/my_custom_message/msg/MyCustomMessage.idl
[0.866s] -- Up-to-date: /home/robot/app/robot_ws/install/my_custom_message/share/my_custom_message/msg/MyCustomMessage.msg
[0.866s] -- Up-to-date: /home/robot/app/robot_ws/install/my_custom_message/share/ament_index/resource_index/package_run_dependencies/my_custom_message
[0.866s] -- Up-to-date: /home/robot/app/robot_ws/install/my_custom_message/share/ament_index/resource_index/parent_prefix_path/my_custom_message
[0.866s] -- Up-to-date: /home/robot/app/robot_ws/install/my_custom_message/share/my_custom_message/environment/ament_prefix_path.sh
[0.866s] -- Up-to-date: /home/robot/app/robot_ws/install/my_custom_message/share/my_custom_message/environment/ament_prefix_path.dsv
[0.867s] -- Up-to-date: /home/robot/app/robot_ws/install/my_custom_message/share/my_custom_message/environment/path.sh
[0.867s] -- Up-to-date: /home/robot/app/robot_ws/install/my_custom_message/share/my_custom_message/environment/path.dsv
[0.867s] -- Up-to-date: /home/robot/app/robot_ws/install/my_custom_message/share/my_custom_message/local_setup.bash
[0.867s] -- Up-to-date: /home/robot/app/robot_ws/install/my_custom_message/share/my_custom_message/local_setup.sh
[0.867s] -- Up-to-date: /home/robot/app/robot_ws/install/my_custom_message/share/my_custom_message/local_setup.zsh
[0.867s] -- Up-to-date: /home/robot/app/robot_ws/install/my_custom_message/share/my_custom_message/local_setup.dsv
[0.867s] -- Installing: /home/robot/app/robot_ws/install/my_custom_message/share/my_custom_message/package.dsv
[0.868s] -- Up-to-date: /home/robot/app/robot_ws/install/my_custom_message/share/ament_index/resource_index/packages/my_custom_message
[0.868s] -- Up-to-date: /home/robot/app/robot_ws/install/my_custom_message/share/my_custom_message/cmake/export_my_custom_message__rosidl_generator_cExport.cmake
[0.868s] -- Up-to-date: /home/robot/app/robot_ws/install/my_custom_message/share/my_custom_message/cmake/export_my_custom_message__rosidl_generator_cExport-noconfig.cmake
[0.868s] -- Up-to-date: /home/robot/app/robot_ws/install/my_custom_message/share/my_custom_message/cmake/export_my_custom_message__rosidl_typesupport_fastrtps_cExport.cmake
[0.868s] -- Up-to-date: /home/robot/app/robot_ws/install/my_custom_message/share/my_custom_message/cmake/export_my_custom_message__rosidl_typesupport_fastrtps_cExport-noconfig.cmake
[0.868s] -- Up-to-date: /home/robot/app/robot_ws/install/my_custom_message/share/my_custom_message/cmake/my_custom_message__rosidl_typesupport_introspection_cExport.cmake
[0.869s] -- Up-to-date: /home/robot/app/robot_ws/install/my_custom_message/share/my_custom_message/cmake/my_custom_message__rosidl_typesupport_introspection_cExport-noconfig.cmake
[0.869s] -- Up-to-date: /home/robot/app/robot_ws/install/my_custom_message/share/my_custom_message/cmake/my_custom_message__rosidl_typesupport_cExport.cmake
[0.869s] -- Up-to-date: /home/robot/app/robot_ws/install/my_custom_message/share/my_custom_message/cmake/my_custom_message__rosidl_typesupport_cExport-noconfig.cmake
[0.869s] -- Up-to-date: /home/robot/app/robot_ws/install/my_custom_message/share/my_custom_message/cmake/export_my_custom_message__rosidl_generator_cppExport.cmake
[0.869s] -- Up-to-date: /home/robot/app/robot_ws/install/my_custom_message/share/my_custom_message/cmake/export_my_custom_message__rosidl_typesupport_fastrtps_cppExport.cmake
[0.869s] -- Up-to-date: /home/robot/app/robot_ws/install/my_custom_message/share/my_custom_message/cmake/export_my_custom_message__rosidl_typesupport_fastrtps_cppExport-noconfig.cmake
[0.869s] -- Up-to-date: /home/robot/app/robot_ws/install/my_custom_message/share/my_custom_message/cmake/my_custom_message__rosidl_typesupport_introspection_cppExport.cmake
[0.870s] -- Up-to-date: /home/robot/app/robot_ws/install/my_custom_message/share/my_custom_message/cmake/my_custom_message__rosidl_typesupport_introspection_cppExport-noconfig.cmake
[0.870s] -- Up-to-date: /home/robot/app/robot_ws/install/my_custom_message/share/my_custom_message/cmake/my_custom_message__rosidl_typesupport_cppExport.cmake
[0.870s] -- Up-to-date: /home/robot/app/robot_ws/install/my_custom_message/share/my_custom_message/cmake/my_custom_message__rosidl_typesupport_cppExport-noconfig.cmake
[0.870s] -- Up-to-date: /home/robot/app/robot_ws/install/my_custom_message/share/my_custom_message/cmake/export_my_custom_message__rosidl_generator_pyExport.cmake
[0.870s] -- Up-to-date: /home/robot/app/robot_ws/install/my_custom_message/share/my_custom_message/cmake/export_my_custom_message__rosidl_generator_pyExport-noconfig.cmake
[0.871s] -- Up-to-date: /home/robot/app/robot_ws/install/my_custom_message/share/my_custom_message/cmake/rosidl_cmake-extras.cmake
[0.871s] -- Up-to-date: /home/robot/app/robot_ws/install/my_custom_message/share/my_custom_message/cmake/ament_cmake_export_include_directories-extras.cmake
[0.871s] -- Up-to-date: /home/robot/app/robot_ws/install/my_custom_message/share/my_custom_message/cmake/ament_cmake_export_libraries-extras.cmake
[0.871s] -- Up-to-date: /home/robot/app/robot_ws/install/my_custom_message/share/my_custom_message/cmake/ament_cmake_export_targets-extras.cmake
[0.871s] -- Up-to-date: /home/robot/app/robot_ws/install/my_custom_message/share/my_custom_message/cmake/rosidl_cmake_export_typesupport_targets-extras.cmake
[0.871s] -- Up-to-date: /home/robot/app/robot_ws/install/my_custom_message/share/my_custom_message/cmake/ament_cmake_export_dependencies-extras.cmake
[0.871s] -- Up-to-date: /home/robot/app/robot_ws/install/my_custom_message/share/my_custom_message/cmake/rosidl_cmake_export_typesupport_libraries-extras.cmake
[0.872s] -- Up-to-date: /home/robot/app/robot_ws/install/my_custom_message/share/my_custom_message/cmake/my_custom_messageConfig.cmake
[0.872s] -- Up-to-date: /home/robot/app/robot_ws/install/my_custom_message/share/my_custom_message/cmake/my_custom_messageConfig-version.cmake
[0.872s] -- Up-to-date: /home/robot/app/robot_ws/install/my_custom_message/share/my_custom_message/package.xml
[0.875s] Invoked command in '/home/robot/app/robot_ws/build/my_custom_message' returned '0': CMAKE_PREFIX_PATH=${CMAKE_PREFIX_PATH}:/opt/ros/humble /usr/bin/cmake --install /home/robot/app/robot_ws/build/my_custom_message
