[0.078s] Invoking command in '/home/robot/app/robot_ws/build/action_msgs': CMAKE_PREFIX_PATH=/home/robot/app/robot_ws/install/unique_identifier_msgs:/home/robot/app/robot_ws/install/builtin_interfaces:/home/robot/app/robot_ws/install/micro_ros_demos_rclc:/home/robot/app/robot_ws/install/common_interfaces:/home/robot/app/robot_ws/install/visualization_msgs:/home/robot/app/robot_ws/install/test_msgs:/home/robot/app/robot_ws/install/example_interfaces:/home/robot/app/robot_ws/install/action_msgs:/home/robot/app/robot_ws/install/trajectory_msgs:/home/robot/app/robot_ws/install/stereo_msgs:/home/robot/app/robot_ws/install/std_srvs:/home/robot/app/robot_ws/install/shape_msgs:/home/robot/app/robot_ws/install/sensor_msgs:/home/robot/app/robot_ws/install/nav_msgs:/home/robot/app/robot_ws/install/diagnostic_msgs:/home/robot/app/robot_ws/install/geometry_msgs:/home/robot/app/robot_ws/install/actionlib_msgs:/home/robot/app/robot_ws/install/std_msgs:/home/robot/app/robot_ws/install/statistics_msgs:/home/robot/app/robot_ws/install/rosidl_typesupport_microxrcedds_test_msg:/home/robot/app/robot_ws/install/rosidl_typesupport_microxrcedds_cpp_tests:/home/robot/app/robot_ws/install/rmw_microxrcedds:/home/robot/app/robot_ws/install/rosidl_typesupport_microxrcedds_cpp:/home/robot/app/robot_ws/install/rosidl_typesupport_microxrcedds_c_tests:/home/robot/app/robot_ws/install/rosidl_typesupport_microxrcedds_c:/home/robot/app/robot_ws/install/rosgraph_msgs:/home/robot/app/robot_ws/install/rclc_parameter:/home/robot/app/robot_ws/install/rclc:/home/robot/app/robot_ws/install/composition_interfaces:/home/robot/app/robot_ws/install/rcl_interfaces:/home/robot/app/robot_ws/install/microxrcedds_client:/home/robot/app/robot_ws/install/microcdr:/home/robot/app/robot_ws/install/micro_ros_utilities:/home/robot/app/robot_ws/install/micro_ros_msgs:/home/robot/app/robot_ws/install/lifecycle_msgs:/home/robot/app/robot_ws/install/complex_msgs:/home/robot/app/robot_ws/install/micro_ros_setup:/home/robot/app/robot_ws/install/sensor_msgs_py:/opt/ros/humble LD_LIBRARY_PATH=/home/robot/app/robot_ws/install/unique_identifier_msgs/lib:/home/robot/app/robot_ws/install/builtin_interfaces/lib:/home/robot/app/robot_ws/install/visualization_msgs/lib:/home/robot/app/robot_ws/install/test_msgs/lib:/home/robot/app/robot_ws/install/example_interfaces/lib:/home/robot/app/robot_ws/install/action_msgs/lib:/home/robot/app/robot_ws/install/trajectory_msgs/lib:/home/robot/app/robot_ws/install/stereo_msgs/lib:/home/robot/app/robot_ws/install/std_srvs/lib:/home/robot/app/robot_ws/install/shape_msgs/lib:/home/robot/app/robot_ws/install/sensor_msgs/lib:/home/robot/app/robot_ws/install/nav_msgs/lib:/home/robot/app/robot_ws/install/diagnostic_msgs/lib:/home/robot/app/robot_ws/install/geometry_msgs/lib:/home/robot/app/robot_ws/install/actionlib_msgs/lib:/home/robot/app/robot_ws/install/std_msgs/lib:/home/robot/app/robot_ws/install/statistics_msgs/lib:/home/robot/app/robot_ws/install/rmw_microxrcedds/lib:/home/robot/app/robot_ws/install/rosidl_typesupport_microxrcedds_cpp/lib:/home/robot/app/robot_ws/install/rosidl_typesupport_microxrcedds_c/lib:/home/robot/app/robot_ws/install/rosgraph_msgs/lib:/home/robot/app/robot_ws/install/rclc_parameter/lib:/home/robot/app/robot_ws/install/rclc/lib:/home/robot/app/robot_ws/install/composition_interfaces/lib:/home/robot/app/robot_ws/install/rcl_interfaces/lib:/home/robot/app/robot_ws/install/microxrcedds_client/lib:/home/robot/app/robot_ws/install/microcdr/lib:/home/robot/app/robot_ws/install/micro_ros_utilities/lib:/home/robot/app/robot_ws/install/micro_ros_msgs/lib:/home/robot/app/robot_ws/install/lifecycle_msgs/lib:/home/robot/app/robot_ws/install/complex_msgs/lib:/opt/ros/humble/opt/rviz_ogre_vendor/lib:/opt/ros/humble/lib/x86_64-linux-gnu:/opt/ros/humble/lib /usr/bin/cmake --build /home/robot/app/robot_ws/build/action_msgs -- -j8 -l8
[0.288s] [35m[1mConsolidate compiler generated dependencies of target action_msgs__rosidl_generator_c[0m
[0.291s] [  1%] Built target action_msgs__cpp
[0.331s] [  1%] Built target ament_cmake_python_copy_action_msgs
[0.341s] [35m[1mConsolidate compiler generated dependencies of target action_msgs__rosidl_typesupport_fastrtps_cpp[0m
[0.368s] [ 10%] Built target action_msgs__rosidl_generator_c
[0.419s] [35m[1mConsolidate compiler generated dependencies of target action_msgs__rosidl_typesupport_microxrcedds_cpp[0m
[0.429s] [35m[1mConsolidate compiler generated dependencies of target action_msgs__rosidl_typesupport_cpp[0m
[0.446s] [35m[1mConsolidate compiler generated dependencies of target action_msgs__rosidl_typesupport_introspection_cpp[0m
[0.460s] [ 18%] Built target action_msgs__rosidl_typesupport_fastrtps_cpp
[0.578s] [35m[1mConsolidate compiler generated dependencies of target action_msgs__rosidl_typesupport_fastrtps_c[0m
[0.589s] [35m[1mConsolidate compiler generated dependencies of target action_msgs__rosidl_typesupport_introspection_c[0m
[0.614s] [35m[1mConsolidate compiler generated dependencies of target action_msgs__rosidl_typesupport_microxrcedds_c[0m
[0.621s] [ 27%] Built target action_msgs__rosidl_typesupport_microxrcedds_cpp
[0.640s] [35m[1mConsolidate compiler generated dependencies of target action_msgs__rosidl_typesupport_c[0m
[0.718s] [ 36%] Built target action_msgs__rosidl_typesupport_introspection_c
[0.734s] [ 49%] Built target action_msgs__rosidl_typesupport_cpp
[0.747s] [ 53%] Built target action_msgs__rosidl_typesupport_introspection_cpp
[0.791s] [ 62%] Built target action_msgs__rosidl_typesupport_c
[0.794s] [ 71%] Built target action_msgs__rosidl_typesupport_microxrcedds_c
[0.812s] [ 79%] Built target action_msgs__rosidl_typesupport_fastrtps_c
[0.987s] [ 79%] Built target action_msgs
[1.081s] [ 81%] Built target action_msgs__py
[1.150s] [35m[1mConsolidate compiler generated dependencies of target action_msgs__rosidl_generator_py[0m
[1.250s] [ 88%] Built target action_msgs__rosidl_generator_py
[1.349s] [35m[1mConsolidate compiler generated dependencies of target action_msgs__rosidl_typesupport_introspection_c__pyext[0m
[1.360s] [35m[1mConsolidate compiler generated dependencies of target action_msgs__rosidl_typesupport_c__pyext[0m
[1.381s] [35m[1mConsolidate compiler generated dependencies of target action_msgs__rosidl_typesupport_fastrtps_c__pyext[0m
[1.381s] [35m[1mConsolidate compiler generated dependencies of target action_msgs__rosidl_typesupport_microxrcedds_c__pyext[0m
[1.426s] [ 91%] Built target action_msgs__rosidl_typesupport_introspection_c__pyext
[1.457s] [ 94%] Built target action_msgs__rosidl_typesupport_c__pyext
[1.465s] [ 97%] Built target action_msgs__rosidl_typesupport_microxrcedds_c__pyext
[1.487s] [100%] Built target action_msgs__rosidl_typesupport_fastrtps_c__pyext
[1.883s] running egg_info
[1.885s] writing action_msgs.egg-info/PKG-INFO
[1.885s] writing dependency_links to action_msgs.egg-info/dependency_links.txt
[1.885s] writing top-level names to action_msgs.egg-info/top_level.txt
[1.890s] reading manifest file 'action_msgs.egg-info/SOURCES.txt'
[1.897s] writing manifest file 'action_msgs.egg-info/SOURCES.txt'
[2.048s] [100%] Built target ament_cmake_python_build_action_msgs_egg
[2.132s] Invoked command in '/home/robot/app/robot_ws/build/action_msgs' returned '0': CMAKE_PREFIX_PATH=/home/robot/app/robot_ws/install/unique_identifier_msgs:/home/robot/app/robot_ws/install/builtin_interfaces:/home/robot/app/robot_ws/install/micro_ros_demos_rclc:/home/robot/app/robot_ws/install/common_interfaces:/home/robot/app/robot_ws/install/visualization_msgs:/home/robot/app/robot_ws/install/test_msgs:/home/robot/app/robot_ws/install/example_interfaces:/home/robot/app/robot_ws/install/action_msgs:/home/robot/app/robot_ws/install/trajectory_msgs:/home/robot/app/robot_ws/install/stereo_msgs:/home/robot/app/robot_ws/install/std_srvs:/home/robot/app/robot_ws/install/shape_msgs:/home/robot/app/robot_ws/install/sensor_msgs:/home/robot/app/robot_ws/install/nav_msgs:/home/robot/app/robot_ws/install/diagnostic_msgs:/home/robot/app/robot_ws/install/geometry_msgs:/home/robot/app/robot_ws/install/actionlib_msgs:/home/robot/app/robot_ws/install/std_msgs:/home/robot/app/robot_ws/install/statistics_msgs:/home/robot/app/robot_ws/install/rosidl_typesupport_microxrcedds_test_msg:/home/robot/app/robot_ws/install/rosidl_typesupport_microxrcedds_cpp_tests:/home/robot/app/robot_ws/install/rmw_microxrcedds:/home/robot/app/robot_ws/install/rosidl_typesupport_microxrcedds_cpp:/home/robot/app/robot_ws/install/rosidl_typesupport_microxrcedds_c_tests:/home/robot/app/robot_ws/install/rosidl_typesupport_microxrcedds_c:/home/robot/app/robot_ws/install/rosgraph_msgs:/home/robot/app/robot_ws/install/rclc_parameter:/home/robot/app/robot_ws/install/rclc:/home/robot/app/robot_ws/install/composition_interfaces:/home/robot/app/robot_ws/install/rcl_interfaces:/home/robot/app/robot_ws/install/microxrcedds_client:/home/robot/app/robot_ws/install/microcdr:/home/robot/app/robot_ws/install/micro_ros_utilities:/home/robot/app/robot_ws/install/micro_ros_msgs:/home/robot/app/robot_ws/install/lifecycle_msgs:/home/robot/app/robot_ws/install/complex_msgs:/home/robot/app/robot_ws/install/micro_ros_setup:/home/robot/app/robot_ws/install/sensor_msgs_py:/opt/ros/humble LD_LIBRARY_PATH=/home/robot/app/robot_ws/install/unique_identifier_msgs/lib:/home/robot/app/robot_ws/install/builtin_interfaces/lib:/home/robot/app/robot_ws/install/visualization_msgs/lib:/home/robot/app/robot_ws/install/test_msgs/lib:/home/robot/app/robot_ws/install/example_interfaces/lib:/home/robot/app/robot_ws/install/action_msgs/lib:/home/robot/app/robot_ws/install/trajectory_msgs/lib:/home/robot/app/robot_ws/install/stereo_msgs/lib:/home/robot/app/robot_ws/install/std_srvs/lib:/home/robot/app/robot_ws/install/shape_msgs/lib:/home/robot/app/robot_ws/install/sensor_msgs/lib:/home/robot/app/robot_ws/install/nav_msgs/lib:/home/robot/app/robot_ws/install/diagnostic_msgs/lib:/home/robot/app/robot_ws/install/geometry_msgs/lib:/home/robot/app/robot_ws/install/actionlib_msgs/lib:/home/robot/app/robot_ws/install/std_msgs/lib:/home/robot/app/robot_ws/install/statistics_msgs/lib:/home/robot/app/robot_ws/install/rmw_microxrcedds/lib:/home/robot/app/robot_ws/install/rosidl_typesupport_microxrcedds_cpp/lib:/home/robot/app/robot_ws/install/rosidl_typesupport_microxrcedds_c/lib:/home/robot/app/robot_ws/install/rosgraph_msgs/lib:/home/robot/app/robot_ws/install/rclc_parameter/lib:/home/robot/app/robot_ws/install/rclc/lib:/home/robot/app/robot_ws/install/composition_interfaces/lib:/home/robot/app/robot_ws/install/rcl_interfaces/lib:/home/robot/app/robot_ws/install/microxrcedds_client/lib:/home/robot/app/robot_ws/install/microcdr/lib:/home/robot/app/robot_ws/install/micro_ros_utilities/lib:/home/robot/app/robot_ws/install/micro_ros_msgs/lib:/home/robot/app/robot_ws/install/lifecycle_msgs/lib:/home/robot/app/robot_ws/install/complex_msgs/lib:/opt/ros/humble/opt/rviz_ogre_vendor/lib:/opt/ros/humble/lib/x86_64-linux-gnu:/opt/ros/humble/lib /usr/bin/cmake --build /home/robot/app/robot_ws/build/action_msgs -- -j8 -l8
[2.689s] Invoking command in '/home/robot/app/robot_ws/build/action_msgs': CMAKE_PREFIX_PATH=/home/robot/app/robot_ws/install/unique_identifier_msgs:/home/robot/app/robot_ws/install/builtin_interfaces:/home/robot/app/robot_ws/install/micro_ros_demos_rclc:/home/robot/app/robot_ws/install/common_interfaces:/home/robot/app/robot_ws/install/visualization_msgs:/home/robot/app/robot_ws/install/test_msgs:/home/robot/app/robot_ws/install/example_interfaces:/home/robot/app/robot_ws/install/action_msgs:/home/robot/app/robot_ws/install/trajectory_msgs:/home/robot/app/robot_ws/install/stereo_msgs:/home/robot/app/robot_ws/install/std_srvs:/home/robot/app/robot_ws/install/shape_msgs:/home/robot/app/robot_ws/install/sensor_msgs:/home/robot/app/robot_ws/install/nav_msgs:/home/robot/app/robot_ws/install/diagnostic_msgs:/home/robot/app/robot_ws/install/geometry_msgs:/home/robot/app/robot_ws/install/actionlib_msgs:/home/robot/app/robot_ws/install/std_msgs:/home/robot/app/robot_ws/install/statistics_msgs:/home/robot/app/robot_ws/install/rosidl_typesupport_microxrcedds_test_msg:/home/robot/app/robot_ws/install/rosidl_typesupport_microxrcedds_cpp_tests:/home/robot/app/robot_ws/install/rmw_microxrcedds:/home/robot/app/robot_ws/install/rosidl_typesupport_microxrcedds_cpp:/home/robot/app/robot_ws/install/rosidl_typesupport_microxrcedds_c_tests:/home/robot/app/robot_ws/install/rosidl_typesupport_microxrcedds_c:/home/robot/app/robot_ws/install/rosgraph_msgs:/home/robot/app/robot_ws/install/rclc_parameter:/home/robot/app/robot_ws/install/rclc:/home/robot/app/robot_ws/install/composition_interfaces:/home/robot/app/robot_ws/install/rcl_interfaces:/home/robot/app/robot_ws/install/microxrcedds_client:/home/robot/app/robot_ws/install/microcdr:/home/robot/app/robot_ws/install/micro_ros_utilities:/home/robot/app/robot_ws/install/micro_ros_msgs:/home/robot/app/robot_ws/install/lifecycle_msgs:/home/robot/app/robot_ws/install/complex_msgs:/home/robot/app/robot_ws/install/micro_ros_setup:/home/robot/app/robot_ws/install/sensor_msgs_py:/opt/ros/humble LD_LIBRARY_PATH=/home/robot/app/robot_ws/install/unique_identifier_msgs/lib:/home/robot/app/robot_ws/install/builtin_interfaces/lib:/home/robot/app/robot_ws/install/visualization_msgs/lib:/home/robot/app/robot_ws/install/test_msgs/lib:/home/robot/app/robot_ws/install/example_interfaces/lib:/home/robot/app/robot_ws/install/action_msgs/lib:/home/robot/app/robot_ws/install/trajectory_msgs/lib:/home/robot/app/robot_ws/install/stereo_msgs/lib:/home/robot/app/robot_ws/install/std_srvs/lib:/home/robot/app/robot_ws/install/shape_msgs/lib:/home/robot/app/robot_ws/install/sensor_msgs/lib:/home/robot/app/robot_ws/install/nav_msgs/lib:/home/robot/app/robot_ws/install/diagnostic_msgs/lib:/home/robot/app/robot_ws/install/geometry_msgs/lib:/home/robot/app/robot_ws/install/actionlib_msgs/lib:/home/robot/app/robot_ws/install/std_msgs/lib:/home/robot/app/robot_ws/install/statistics_msgs/lib:/home/robot/app/robot_ws/install/rmw_microxrcedds/lib:/home/robot/app/robot_ws/install/rosidl_typesupport_microxrcedds_cpp/lib:/home/robot/app/robot_ws/install/rosidl_typesupport_microxrcedds_c/lib:/home/robot/app/robot_ws/install/rosgraph_msgs/lib:/home/robot/app/robot_ws/install/rclc_parameter/lib:/home/robot/app/robot_ws/install/rclc/lib:/home/robot/app/robot_ws/install/composition_interfaces/lib:/home/robot/app/robot_ws/install/rcl_interfaces/lib:/home/robot/app/robot_ws/install/microxrcedds_client/lib:/home/robot/app/robot_ws/install/microcdr/lib:/home/robot/app/robot_ws/install/micro_ros_utilities/lib:/home/robot/app/robot_ws/install/micro_ros_msgs/lib:/home/robot/app/robot_ws/install/lifecycle_msgs/lib:/home/robot/app/robot_ws/install/complex_msgs/lib:/opt/ros/humble/opt/rviz_ogre_vendor/lib:/opt/ros/humble/lib/x86_64-linux-gnu:/opt/ros/humble/lib /usr/bin/cmake --install /home/robot/app/robot_ws/build/action_msgs
[2.715s] -- Install configuration: ""
[2.715s] -- Up-to-date: /home/robot/app/robot_ws/install/action_msgs/share/ament_index/resource_index/rosidl_interfaces/action_msgs
[2.716s] -- Up-to-date: /home/robot/app/robot_ws/install/action_msgs/include/action_msgs/action_msgs
[2.716s] -- Up-to-date: /home/robot/app/robot_ws/install/action_msgs/include/action_msgs/action_msgs/srv
[2.716s] -- Up-to-date: /home/robot/app/robot_ws/install/action_msgs/include/action_msgs/action_msgs/srv/cancel_goal.h
[2.716s] -- Up-to-date: /home/robot/app/robot_ws/install/action_msgs/include/action_msgs/action_msgs/srv/detail
[2.716s] -- Up-to-date: /home/robot/app/robot_ws/install/action_msgs/include/action_msgs/action_msgs/srv/detail/cancel_goal__struct.h
[2.716s] -- Up-to-date: /home/robot/app/robot_ws/install/action_msgs/include/action_msgs/action_msgs/srv/detail/cancel_goal__functions.c
[2.719s] -- Up-to-date: /home/robot/app/robot_ws/install/action_msgs/include/action_msgs/action_msgs/srv/detail/cancel_goal__type_support.h
[2.720s] -- Up-to-date: /home/robot/app/robot_ws/install/action_msgs/include/action_msgs/action_msgs/srv/detail/cancel_goal__functions.h
[2.721s] -- Up-to-date: /home/robot/app/robot_ws/install/action_msgs/include/action_msgs/action_msgs/msg
[2.721s] -- Up-to-date: /home/robot/app/robot_ws/install/action_msgs/include/action_msgs/action_msgs/msg/detail
[2.722s] -- Up-to-date: /home/robot/app/robot_ws/install/action_msgs/include/action_msgs/action_msgs/msg/detail/goal_status__struct.h
[2.722s] -- Up-to-date: /home/robot/app/robot_ws/install/action_msgs/include/action_msgs/action_msgs/msg/detail/goal_status__functions.h
[2.722s] -- Up-to-date: /home/robot/app/robot_ws/install/action_msgs/include/action_msgs/action_msgs/msg/detail/goal_status_array__functions.c
[2.722s] -- Up-to-date: /home/robot/app/robot_ws/install/action_msgs/include/action_msgs/action_msgs/msg/detail/goal_status__type_support.h
[2.722s] -- Up-to-date: /home/robot/app/robot_ws/install/action_msgs/include/action_msgs/action_msgs/msg/detail/goal_status_array__type_support.h
[2.729s] -- Up-to-date: /home/robot/app/robot_ws/install/action_msgs/include/action_msgs/action_msgs/msg/detail/goal_info__type_support.h
[2.729s] -- Up-to-date: /home/robot/app/robot_ws/install/action_msgs/include/action_msgs/action_msgs/msg/detail/goal_info__functions.h
[2.730s] -- Up-to-date: /home/robot/app/robot_ws/install/action_msgs/include/action_msgs/action_msgs/msg/detail/goal_status_array__functions.h
[2.730s] -- Up-to-date: /home/robot/app/robot_ws/install/action_msgs/include/action_msgs/action_msgs/msg/detail/goal_info__functions.c
[2.730s] -- Up-to-date: /home/robot/app/robot_ws/install/action_msgs/include/action_msgs/action_msgs/msg/detail/goal_status_array__struct.h
[2.730s] -- Up-to-date: /home/robot/app/robot_ws/install/action_msgs/include/action_msgs/action_msgs/msg/detail/goal_info__struct.h
[2.730s] -- Up-to-date: /home/robot/app/robot_ws/install/action_msgs/include/action_msgs/action_msgs/msg/detail/goal_status__functions.c
[2.730s] -- Up-to-date: /home/robot/app/robot_ws/install/action_msgs/include/action_msgs/action_msgs/msg/goal_status_array.h
[2.730s] -- Up-to-date: /home/robot/app/robot_ws/install/action_msgs/include/action_msgs/action_msgs/msg/goal_info.h
[2.730s] -- Up-to-date: /home/robot/app/robot_ws/install/action_msgs/include/action_msgs/action_msgs/msg/goal_status.h
[2.730s] -- Up-to-date: /home/robot/app/robot_ws/install/action_msgs/include/action_msgs/action_msgs/msg/rosidl_generator_c__visibility_control.h
[2.731s] -- Up-to-date: /home/robot/app/robot_ws/install/action_msgs/share/action_msgs/environment/library_path.sh
[2.731s] -- Up-to-date: /home/robot/app/robot_ws/install/action_msgs/share/action_msgs/environment/library_path.dsv
[2.731s] -- Up-to-date: /home/robot/app/robot_ws/install/action_msgs/lib/libaction_msgs__rosidl_generator_c.so
[2.731s] -- Up-to-date: /home/robot/app/robot_ws/install/action_msgs/include/action_msgs/action_msgs
[2.731s] -- Up-to-date: /home/robot/app/robot_ws/install/action_msgs/include/action_msgs/action_msgs/srv
[2.731s] -- Up-to-date: /home/robot/app/robot_ws/install/action_msgs/include/action_msgs/action_msgs/srv/detail
[2.731s] -- Up-to-date: /home/robot/app/robot_ws/install/action_msgs/include/action_msgs/action_msgs/srv/detail/cancel_goal__rosidl_typesupport_fastrtps_c.h
[2.732s] -- Up-to-date: /home/robot/app/robot_ws/install/action_msgs/include/action_msgs/action_msgs/msg
[2.732s] -- Up-to-date: /home/robot/app/robot_ws/install/action_msgs/include/action_msgs/action_msgs/msg/detail
[2.732s] -- Up-to-date: /home/robot/app/robot_ws/install/action_msgs/include/action_msgs/action_msgs/msg/detail/goal_info__rosidl_typesupport_fastrtps_c.h
[2.732s] -- Up-to-date: /home/robot/app/robot_ws/install/action_msgs/include/action_msgs/action_msgs/msg/detail/goal_status__rosidl_typesupport_fastrtps_c.h
[2.732s] -- Up-to-date: /home/robot/app/robot_ws/install/action_msgs/include/action_msgs/action_msgs/msg/detail/goal_status_array__rosidl_typesupport_fastrtps_c.h
[2.732s] -- Up-to-date: /home/robot/app/robot_ws/install/action_msgs/include/action_msgs/action_msgs/msg/rosidl_typesupport_fastrtps_c__visibility_control.h
[2.732s] -- Up-to-date: /home/robot/app/robot_ws/install/action_msgs/lib/libaction_msgs__rosidl_typesupport_fastrtps_c.so
[2.732s] -- Up-to-date: /home/robot/app/robot_ws/install/action_msgs/include/action_msgs/action_msgs
[2.732s] -- Up-to-date: /home/robot/app/robot_ws/install/action_msgs/include/action_msgs/action_msgs/srv
[2.733s] -- Up-to-date: /home/robot/app/robot_ws/install/action_msgs/include/action_msgs/action_msgs/srv/detail
[2.733s] -- Up-to-date: /home/robot/app/robot_ws/install/action_msgs/include/action_msgs/action_msgs/srv/detail/cancel_goal__builder.hpp
[2.733s] -- Up-to-date: /home/robot/app/robot_ws/install/action_msgs/include/action_msgs/action_msgs/srv/detail/cancel_goal__traits.hpp
[2.733s] -- Up-to-date: /home/robot/app/robot_ws/install/action_msgs/include/action_msgs/action_msgs/srv/detail/cancel_goal__struct.hpp
[2.733s] -- Up-to-date: /home/robot/app/robot_ws/install/action_msgs/include/action_msgs/action_msgs/srv/cancel_goal.hpp
[2.733s] -- Up-to-date: /home/robot/app/robot_ws/install/action_msgs/include/action_msgs/action_msgs/msg
[2.733s] -- Up-to-date: /home/robot/app/robot_ws/install/action_msgs/include/action_msgs/action_msgs/msg/detail
[2.733s] -- Up-to-date: /home/robot/app/robot_ws/install/action_msgs/include/action_msgs/action_msgs/msg/detail/goal_status__builder.hpp
[2.733s] -- Up-to-date: /home/robot/app/robot_ws/install/action_msgs/include/action_msgs/action_msgs/msg/detail/goal_status_array__builder.hpp
[2.734s] -- Up-to-date: /home/robot/app/robot_ws/install/action_msgs/include/action_msgs/action_msgs/msg/detail/goal_info__builder.hpp
[2.734s] -- Up-to-date: /home/robot/app/robot_ws/install/action_msgs/include/action_msgs/action_msgs/msg/detail/goal_info__struct.hpp
[2.734s] -- Up-to-date: /home/robot/app/robot_ws/install/action_msgs/include/action_msgs/action_msgs/msg/detail/goal_status_array__struct.hpp
[2.734s] -- Up-to-date: /home/robot/app/robot_ws/install/action_msgs/include/action_msgs/action_msgs/msg/detail/goal_info__traits.hpp
[2.734s] -- Up-to-date: /home/robot/app/robot_ws/install/action_msgs/include/action_msgs/action_msgs/msg/detail/goal_status_array__traits.hpp
[2.734s] -- Up-to-date: /home/robot/app/robot_ws/install/action_msgs/include/action_msgs/action_msgs/msg/detail/goal_status__struct.hpp
[2.734s] -- Up-to-date: /home/robot/app/robot_ws/install/action_msgs/include/action_msgs/action_msgs/msg/detail/goal_status__traits.hpp
[2.734s] -- Up-to-date: /home/robot/app/robot_ws/install/action_msgs/include/action_msgs/action_msgs/msg/goal_status_array.hpp
[2.734s] -- Up-to-date: /home/robot/app/robot_ws/install/action_msgs/include/action_msgs/action_msgs/msg/goal_info.hpp
[2.736s] -- Up-to-date: /home/robot/app/robot_ws/install/action_msgs/include/action_msgs/action_msgs/msg/goal_status.hpp
[2.736s] -- Up-to-date: /home/robot/app/robot_ws/install/action_msgs/include/action_msgs/action_msgs
[2.736s] -- Up-to-date: /home/robot/app/robot_ws/install/action_msgs/include/action_msgs/action_msgs/srv
[2.737s] -- Up-to-date: /home/robot/app/robot_ws/install/action_msgs/include/action_msgs/action_msgs/srv/detail
[2.737s] -- Up-to-date: /home/robot/app/robot_ws/install/action_msgs/include/action_msgs/action_msgs/srv/detail/dds_fastrtps
[2.737s] -- Up-to-date: /home/robot/app/robot_ws/install/action_msgs/include/action_msgs/action_msgs/srv/detail/cancel_goal__rosidl_typesupport_fastrtps_cpp.hpp
[2.737s] -- Up-to-date: /home/robot/app/robot_ws/install/action_msgs/include/action_msgs/action_msgs/msg
[2.737s] -- Up-to-date: /home/robot/app/robot_ws/install/action_msgs/include/action_msgs/action_msgs/msg/rosidl_typesupport_fastrtps_cpp__visibility_control.h
[2.737s] -- Up-to-date: /home/robot/app/robot_ws/install/action_msgs/include/action_msgs/action_msgs/msg/detail
[2.737s] -- Up-to-date: /home/robot/app/robot_ws/install/action_msgs/include/action_msgs/action_msgs/msg/detail/goal_status__rosidl_typesupport_fastrtps_cpp.hpp
[2.737s] -- Up-to-date: /home/robot/app/robot_ws/install/action_msgs/include/action_msgs/action_msgs/msg/detail/goal_info__rosidl_typesupport_fastrtps_cpp.hpp
[2.737s] -- Up-to-date: /home/robot/app/robot_ws/install/action_msgs/include/action_msgs/action_msgs/msg/detail/dds_fastrtps
[2.738s] -- Up-to-date: /home/robot/app/robot_ws/install/action_msgs/include/action_msgs/action_msgs/msg/detail/goal_status_array__rosidl_typesupport_fastrtps_cpp.hpp
[2.738s] -- Up-to-date: /home/robot/app/robot_ws/install/action_msgs/lib/libaction_msgs__rosidl_typesupport_fastrtps_cpp.so
[2.738s] -- Up-to-date: /home/robot/app/robot_ws/install/action_msgs/include/action_msgs
[2.738s] -- Up-to-date: /home/robot/app/robot_ws/install/action_msgs/include/action_msgs/srv
[2.738s] -- Up-to-date: /home/robot/app/robot_ws/install/action_msgs/include/action_msgs/srv/detail
[2.738s] -- Up-to-date: /home/robot/app/robot_ws/install/action_msgs/include/action_msgs/srv/detail/cancel_goal__rosidl_typesupport_microxrcedds_c.h
[2.738s] -- Up-to-date: /home/robot/app/robot_ws/install/action_msgs/include/action_msgs/srv/detail/microxrcedds
[2.739s] -- Up-to-date: /home/robot/app/robot_ws/install/action_msgs/include/action_msgs/msg
[2.739s] -- Up-to-date: /home/robot/app/robot_ws/install/action_msgs/include/action_msgs/msg/detail
[2.739s] -- Up-to-date: /home/robot/app/robot_ws/install/action_msgs/include/action_msgs/msg/detail/microxrcedds
[2.739s] -- Up-to-date: /home/robot/app/robot_ws/install/action_msgs/include/action_msgs/msg/detail/goal_status__rosidl_typesupport_microxrcedds_c.h
[2.740s] -- Up-to-date: /home/robot/app/robot_ws/install/action_msgs/include/action_msgs/msg/detail/goal_info__rosidl_typesupport_microxrcedds_c.h
[2.740s] -- Up-to-date: /home/robot/app/robot_ws/install/action_msgs/include/action_msgs/msg/detail/goal_status_array__rosidl_typesupport_microxrcedds_c.h
[2.740s] -- Up-to-date: /home/robot/app/robot_ws/install/action_msgs/include/action_msgs/msg/rosidl_typesupport_microxrcedds_c__visibility_control.h
[2.740s] -- Up-to-date: /home/robot/app/robot_ws/install/action_msgs/lib/libaction_msgs__rosidl_typesupport_microxrcedds_c.so
[2.740s] -- Up-to-date: /home/robot/app/robot_ws/install/action_msgs/include/action_msgs/action_msgs
[2.740s] -- Up-to-date: /home/robot/app/robot_ws/install/action_msgs/include/action_msgs/action_msgs/srv
[2.740s] -- Up-to-date: /home/robot/app/robot_ws/install/action_msgs/include/action_msgs/action_msgs/srv/detail
[2.740s] -- Up-to-date: /home/robot/app/robot_ws/install/action_msgs/include/action_msgs/action_msgs/srv/detail/cancel_goal__rosidl_typesupport_introspection_c.h
[2.741s] -- Up-to-date: /home/robot/app/robot_ws/install/action_msgs/include/action_msgs/action_msgs/srv/detail/cancel_goal__type_support.c
[2.741s] -- Up-to-date: /home/robot/app/robot_ws/install/action_msgs/include/action_msgs/action_msgs/msg
[2.741s] -- Up-to-date: /home/robot/app/robot_ws/install/action_msgs/include/action_msgs/action_msgs/msg/rosidl_typesupport_introspection_c__visibility_control.h
[2.741s] -- Up-to-date: /home/robot/app/robot_ws/install/action_msgs/include/action_msgs/action_msgs/msg/detail
[2.741s] -- Up-to-date: /home/robot/app/robot_ws/install/action_msgs/include/action_msgs/action_msgs/msg/detail/goal_info__type_support.c
[2.741s] -- Up-to-date: /home/robot/app/robot_ws/install/action_msgs/include/action_msgs/action_msgs/msg/detail/goal_status__rosidl_typesupport_introspection_c.h
[2.741s] -- Up-to-date: /home/robot/app/robot_ws/install/action_msgs/include/action_msgs/action_msgs/msg/detail/goal_info__rosidl_typesupport_introspection_c.h
[2.741s] -- Up-to-date: /home/robot/app/robot_ws/install/action_msgs/include/action_msgs/action_msgs/msg/detail/goal_status_array__rosidl_typesupport_introspection_c.h
[2.741s] -- Up-to-date: /home/robot/app/robot_ws/install/action_msgs/include/action_msgs/action_msgs/msg/detail/goal_status_array__type_support.c
[2.742s] -- Up-to-date: /home/robot/app/robot_ws/install/action_msgs/include/action_msgs/action_msgs/msg/detail/goal_status__type_support.c
[2.742s] -- Up-to-date: /home/robot/app/robot_ws/install/action_msgs/lib/libaction_msgs__rosidl_typesupport_introspection_c.so
[2.742s] -- Up-to-date: /home/robot/app/robot_ws/install/action_msgs/lib/libaction_msgs__rosidl_typesupport_c.so
[2.742s] -- Up-to-date: /home/robot/app/robot_ws/install/action_msgs/include/action_msgs
[2.742s] -- Up-to-date: /home/robot/app/robot_ws/install/action_msgs/include/action_msgs/srv
[2.742s] -- Up-to-date: /home/robot/app/robot_ws/install/action_msgs/include/action_msgs/srv/detail
[2.742s] -- Up-to-date: /home/robot/app/robot_ws/install/action_msgs/include/action_msgs/srv/detail/microxrcedds
[2.742s] -- Up-to-date: /home/robot/app/robot_ws/install/action_msgs/include/action_msgs/srv/detail/microxrcedds/cancel_goal__type_support_cpp.cpp
[2.742s] -- Up-to-date: /home/robot/app/robot_ws/install/action_msgs/include/action_msgs/srv/detail/cancel_goal__rosidl_typesupport_microxrcedds_cpp.hpp
[2.743s] -- Up-to-date: /home/robot/app/robot_ws/install/action_msgs/include/action_msgs/msg
[2.743s] -- Up-to-date: /home/robot/app/robot_ws/install/action_msgs/include/action_msgs/msg/detail
[2.743s] -- Up-to-date: /home/robot/app/robot_ws/install/action_msgs/include/action_msgs/msg/detail/microxrcedds
[2.743s] -- Up-to-date: /home/robot/app/robot_ws/install/action_msgs/include/action_msgs/msg/detail/microxrcedds/goal_info__type_support_cpp.cpp
[2.743s] -- Up-to-date: /home/robot/app/robot_ws/install/action_msgs/include/action_msgs/msg/detail/microxrcedds/goal_status__type_support_cpp.cpp
[2.743s] -- Up-to-date: /home/robot/app/robot_ws/install/action_msgs/include/action_msgs/msg/detail/microxrcedds/goal_status_array__type_support_cpp.cpp
[2.744s] -- Up-to-date: /home/robot/app/robot_ws/install/action_msgs/include/action_msgs/msg/detail/goal_status__rosidl_typesupport_microxrcedds_cpp.hpp
[2.744s] -- Up-to-date: /home/robot/app/robot_ws/install/action_msgs/include/action_msgs/msg/detail/goal_info__rosidl_typesupport_microxrcedds_cpp.hpp
[2.744s] -- Up-to-date: /home/robot/app/robot_ws/install/action_msgs/include/action_msgs/msg/detail/goal_status_array__rosidl_typesupport_microxrcedds_cpp.hpp
[2.744s] -- Up-to-date: /home/robot/app/robot_ws/install/action_msgs/include/action_msgs/msg/rosidl_typesupport_microxrcedds_cpp__visibility_control.h
[2.744s] -- Up-to-date: /home/robot/app/robot_ws/install/action_msgs/lib/libaction_msgs__rosidl_typesupport_microxrcedds_cpp.so
[2.744s] -- Up-to-date: /home/robot/app/robot_ws/install/action_msgs/include/action_msgs/action_msgs
[2.744s] -- Up-to-date: /home/robot/app/robot_ws/install/action_msgs/include/action_msgs/action_msgs/srv
[2.744s] -- Up-to-date: /home/robot/app/robot_ws/install/action_msgs/include/action_msgs/action_msgs/srv/detail
[2.744s] -- Up-to-date: /home/robot/app/robot_ws/install/action_msgs/include/action_msgs/action_msgs/srv/detail/cancel_goal__rosidl_typesupport_introspection_cpp.hpp
[2.745s] -- Up-to-date: /home/robot/app/robot_ws/install/action_msgs/include/action_msgs/action_msgs/srv/detail/cancel_goal__type_support.cpp
[2.745s] -- Up-to-date: /home/robot/app/robot_ws/install/action_msgs/include/action_msgs/action_msgs/msg
[2.745s] -- Up-to-date: /home/robot/app/robot_ws/install/action_msgs/include/action_msgs/action_msgs/msg/detail
[2.745s] -- Up-to-date: /home/robot/app/robot_ws/install/action_msgs/include/action_msgs/action_msgs/msg/detail/goal_status_array__rosidl_typesupport_introspection_cpp.hpp
[2.745s] -- Up-to-date: /home/robot/app/robot_ws/install/action_msgs/include/action_msgs/action_msgs/msg/detail/goal_status__rosidl_typesupport_introspection_cpp.hpp
[2.745s] -- Up-to-date: /home/robot/app/robot_ws/install/action_msgs/include/action_msgs/action_msgs/msg/detail/goal_info__type_support.cpp
[2.745s] -- Up-to-date: /home/robot/app/robot_ws/install/action_msgs/include/action_msgs/action_msgs/msg/detail/goal_status__type_support.cpp
[2.745s] -- Up-to-date: /home/robot/app/robot_ws/install/action_msgs/include/action_msgs/action_msgs/msg/detail/goal_status_array__type_support.cpp
[2.745s] -- Up-to-date: /home/robot/app/robot_ws/install/action_msgs/include/action_msgs/action_msgs/msg/detail/goal_info__rosidl_typesupport_introspection_cpp.hpp
[2.746s] -- Up-to-date: /home/robot/app/robot_ws/install/action_msgs/lib/libaction_msgs__rosidl_typesupport_introspection_cpp.so
[2.746s] -- Up-to-date: /home/robot/app/robot_ws/install/action_msgs/lib/libaction_msgs__rosidl_typesupport_cpp.so
[2.746s] -- Up-to-date: /home/robot/app/robot_ws/install/action_msgs/share/action_msgs/environment/pythonpath.sh
[2.746s] -- Up-to-date: /home/robot/app/robot_ws/install/action_msgs/share/action_msgs/environment/pythonpath.dsv
[2.746s] -- Up-to-date: /home/robot/app/robot_ws/install/action_msgs/local/lib/python3.10/dist-packages/action_msgs-1.2.1-py3.10.egg-info
[2.746s] -- Installing: /home/robot/app/robot_ws/install/action_msgs/local/lib/python3.10/dist-packages/action_msgs-1.2.1-py3.10.egg-info/dependency_links.txt
[2.746s] -- Installing: /home/robot/app/robot_ws/install/action_msgs/local/lib/python3.10/dist-packages/action_msgs-1.2.1-py3.10.egg-info/PKG-INFO
[2.747s] -- Installing: /home/robot/app/robot_ws/install/action_msgs/local/lib/python3.10/dist-packages/action_msgs-1.2.1-py3.10.egg-info/SOURCES.txt
[2.747s] -- Installing: /home/robot/app/robot_ws/install/action_msgs/local/lib/python3.10/dist-packages/action_msgs-1.2.1-py3.10.egg-info/top_level.txt
[2.747s] -- Up-to-date: /home/robot/app/robot_ws/install/action_msgs/local/lib/python3.10/dist-packages/action_msgs
[2.747s] -- Up-to-date: /home/robot/app/robot_ws/install/action_msgs/local/lib/python3.10/dist-packages/action_msgs/__init__.py
[2.747s] -- Up-to-date: /home/robot/app/robot_ws/install/action_msgs/local/lib/python3.10/dist-packages/action_msgs/action_msgs_s__rosidl_typesupport_introspection_c.cpython-310-x86_64-linux-gnu.so
[2.747s] -- Up-to-date: /home/robot/app/robot_ws/install/action_msgs/local/lib/python3.10/dist-packages/action_msgs/action_msgs_s__rosidl_typesupport_microxrcedds_c.cpython-310-x86_64-linux-gnu.so
[2.748s] -- Up-to-date: /home/robot/app/robot_ws/install/action_msgs/local/lib/python3.10/dist-packages/action_msgs/srv
[2.748s] -- Up-to-date: /home/robot/app/robot_ws/install/action_msgs/local/lib/python3.10/dist-packages/action_msgs/srv/__init__.py
[2.748s] -- Up-to-date: /home/robot/app/robot_ws/install/action_msgs/local/lib/python3.10/dist-packages/action_msgs/srv/_cancel_goal.py
[2.748s] -- Up-to-date: /home/robot/app/robot_ws/install/action_msgs/local/lib/python3.10/dist-packages/action_msgs/srv/_cancel_goal_s.c
[2.748s] -- Up-to-date: /home/robot/app/robot_ws/install/action_msgs/local/lib/python3.10/dist-packages/action_msgs/action_msgs_s__rosidl_typesupport_c.cpython-310-x86_64-linux-gnu.so
[2.749s] -- Up-to-date: /home/robot/app/robot_ws/install/action_msgs/local/lib/python3.10/dist-packages/action_msgs/_action_msgs_s.ep.rosidl_typesupport_introspection_c.c
[2.749s] -- Up-to-date: /home/robot/app/robot_ws/install/action_msgs/local/lib/python3.10/dist-packages/action_msgs/_action_msgs_s.ep.rosidl_typesupport_microxrcedds_c.c
[2.749s] -- Up-to-date: /home/robot/app/robot_ws/install/action_msgs/local/lib/python3.10/dist-packages/action_msgs/libaction_msgs__rosidl_generator_py.so
[2.749s] -- Up-to-date: /home/robot/app/robot_ws/install/action_msgs/local/lib/python3.10/dist-packages/action_msgs/action_msgs_s__rosidl_typesupport_fastrtps_c.cpython-310-x86_64-linux-gnu.so
[2.749s] -- Up-to-date: /home/robot/app/robot_ws/install/action_msgs/local/lib/python3.10/dist-packages/action_msgs/_action_msgs_s.ep.rosidl_typesupport_fastrtps_c.c
[2.749s] -- Up-to-date: /home/robot/app/robot_ws/install/action_msgs/local/lib/python3.10/dist-packages/action_msgs/msg
[2.749s] -- Up-to-date: /home/robot/app/robot_ws/install/action_msgs/local/lib/python3.10/dist-packages/action_msgs/msg/_goal_status_array.py
[2.750s] -- Up-to-date: /home/robot/app/robot_ws/install/action_msgs/local/lib/python3.10/dist-packages/action_msgs/msg/__init__.py
[2.750s] -- Up-to-date: /home/robot/app/robot_ws/install/action_msgs/local/lib/python3.10/dist-packages/action_msgs/msg/_goal_status_array_s.c
[2.750s] -- Up-to-date: /home/robot/app/robot_ws/install/action_msgs/local/lib/python3.10/dist-packages/action_msgs/msg/_goal_info_s.c
[2.750s] -- Up-to-date: /home/robot/app/robot_ws/install/action_msgs/local/lib/python3.10/dist-packages/action_msgs/msg/_goal_status.py
[2.750s] -- Up-to-date: /home/robot/app/robot_ws/install/action_msgs/local/lib/python3.10/dist-packages/action_msgs/msg/_goal_info.py
[2.750s] -- Up-to-date: /home/robot/app/robot_ws/install/action_msgs/local/lib/python3.10/dist-packages/action_msgs/msg/_goal_status_s.c
[2.750s] -- Up-to-date: /home/robot/app/robot_ws/install/action_msgs/local/lib/python3.10/dist-packages/action_msgs/_action_msgs_s.ep.rosidl_typesupport_c.c
[2.834s] Listing '/home/robot/app/robot_ws/install/action_msgs/local/lib/python3.10/dist-packages/action_msgs'...
[2.834s] Listing '/home/robot/app/robot_ws/install/action_msgs/local/lib/python3.10/dist-packages/action_msgs/msg'...
[2.834s] Listing '/home/robot/app/robot_ws/install/action_msgs/local/lib/python3.10/dist-packages/action_msgs/srv'...
[2.839s] -- Up-to-date: /home/robot/app/robot_ws/install/action_msgs/local/lib/python3.10/dist-packages/action_msgs/action_msgs_s__rosidl_typesupport_microxrcedds_c.cpython-310-x86_64-linux-gnu.so
[2.839s] -- Up-to-date: /home/robot/app/robot_ws/install/action_msgs/local/lib/python3.10/dist-packages/action_msgs/action_msgs_s__rosidl_typesupport_fastrtps_c.cpython-310-x86_64-linux-gnu.so
[2.842s] -- Up-to-date: /home/robot/app/robot_ws/install/action_msgs/local/lib/python3.10/dist-packages/action_msgs/action_msgs_s__rosidl_typesupport_introspection_c.cpython-310-x86_64-linux-gnu.so
[2.846s] -- Up-to-date: /home/robot/app/robot_ws/install/action_msgs/local/lib/python3.10/dist-packages/action_msgs/action_msgs_s__rosidl_typesupport_c.cpython-310-x86_64-linux-gnu.so
[2.846s] -- Up-to-date: /home/robot/app/robot_ws/install/action_msgs/lib/libaction_msgs__rosidl_generator_py.so
[2.846s] -- Up-to-date: /home/robot/app/robot_ws/install/action_msgs/share/action_msgs/msg/GoalInfo.idl
[2.847s] -- Up-to-date: /home/robot/app/robot_ws/install/action_msgs/share/action_msgs/msg/GoalStatus.idl
[2.847s] -- Up-to-date: /home/robot/app/robot_ws/install/action_msgs/share/action_msgs/msg/GoalStatusArray.idl
[2.847s] -- Up-to-date: /home/robot/app/robot_ws/install/action_msgs/share/action_msgs/srv/CancelGoal.idl
[2.847s] -- Up-to-date: /home/robot/app/robot_ws/install/action_msgs/share/action_msgs/msg/GoalInfo.msg
[2.847s] -- Up-to-date: /home/robot/app/robot_ws/install/action_msgs/share/action_msgs/msg/GoalStatus.msg
[2.847s] -- Up-to-date: /home/robot/app/robot_ws/install/action_msgs/share/action_msgs/msg/GoalStatusArray.msg
[2.847s] -- Up-to-date: /home/robot/app/robot_ws/install/action_msgs/share/action_msgs/srv/CancelGoal.srv
[2.847s] -- Up-to-date: /home/robot/app/robot_ws/install/action_msgs/share/action_msgs/srv/CancelGoal_Request.msg
[2.848s] -- Up-to-date: /home/robot/app/robot_ws/install/action_msgs/share/action_msgs/srv/CancelGoal_Response.msg
[2.848s] -- Up-to-date: /home/robot/app/robot_ws/install/action_msgs/share/ament_index/resource_index/package_run_dependencies/action_msgs
[2.848s] -- Up-to-date: /home/robot/app/robot_ws/install/action_msgs/share/ament_index/resource_index/parent_prefix_path/action_msgs
[2.848s] -- Up-to-date: /home/robot/app/robot_ws/install/action_msgs/share/action_msgs/environment/ament_prefix_path.sh
[2.848s] -- Up-to-date: /home/robot/app/robot_ws/install/action_msgs/share/action_msgs/environment/ament_prefix_path.dsv
[2.848s] -- Up-to-date: /home/robot/app/robot_ws/install/action_msgs/share/action_msgs/environment/path.sh
[2.849s] -- Up-to-date: /home/robot/app/robot_ws/install/action_msgs/share/action_msgs/environment/path.dsv
[2.849s] -- Up-to-date: /home/robot/app/robot_ws/install/action_msgs/share/action_msgs/local_setup.bash
[2.849s] -- Up-to-date: /home/robot/app/robot_ws/install/action_msgs/share/action_msgs/local_setup.sh
[2.849s] -- Up-to-date: /home/robot/app/robot_ws/install/action_msgs/share/action_msgs/local_setup.zsh
[2.849s] -- Up-to-date: /home/robot/app/robot_ws/install/action_msgs/share/action_msgs/local_setup.dsv
[2.849s] -- Installing: /home/robot/app/robot_ws/install/action_msgs/share/action_msgs/package.dsv
[2.853s] -- Up-to-date: /home/robot/app/robot_ws/install/action_msgs/share/ament_index/resource_index/packages/action_msgs
[2.853s] -- Up-to-date: /home/robot/app/robot_ws/install/action_msgs/share/action_msgs/cmake/export_action_msgs__rosidl_generator_cExport.cmake
[2.853s] -- Up-to-date: /home/robot/app/robot_ws/install/action_msgs/share/action_msgs/cmake/export_action_msgs__rosidl_generator_cExport-noconfig.cmake
[2.855s] -- Up-to-date: /home/robot/app/robot_ws/install/action_msgs/share/action_msgs/cmake/export_action_msgs__rosidl_typesupport_fastrtps_cExport.cmake
[2.855s] -- Up-to-date: /home/robot/app/robot_ws/install/action_msgs/share/action_msgs/cmake/export_action_msgs__rosidl_typesupport_fastrtps_cExport-noconfig.cmake
[2.867s] -- Up-to-date: /home/robot/app/robot_ws/install/action_msgs/share/action_msgs/cmake/export_action_msgs__rosidl_generator_cppExport.cmake
[2.870s] -- Up-to-date: /home/robot/app/robot_ws/install/action_msgs/share/action_msgs/cmake/export_action_msgs__rosidl_typesupport_fastrtps_cppExport.cmake
[2.870s] -- Up-to-date: /home/robot/app/robot_ws/install/action_msgs/share/action_msgs/cmake/export_action_msgs__rosidl_typesupport_fastrtps_cppExport-noconfig.cmake
[2.870s] -- Up-to-date: /home/robot/app/robot_ws/install/action_msgs/share/action_msgs/cmake/action_msgs__rosidl_typesupport_introspection_cExport.cmake
[2.870s] -- Up-to-date: /home/robot/app/robot_ws/install/action_msgs/share/action_msgs/cmake/action_msgs__rosidl_typesupport_introspection_cExport-noconfig.cmake
[2.870s] -- Up-to-date: /home/robot/app/robot_ws/install/action_msgs/share/action_msgs/cmake/action_msgs__rosidl_typesupport_cExport.cmake
[2.870s] -- Up-to-date: /home/robot/app/robot_ws/install/action_msgs/share/action_msgs/cmake/action_msgs__rosidl_typesupport_cExport-noconfig.cmake
[2.870s] -- Up-to-date: /home/robot/app/robot_ws/install/action_msgs/share/action_msgs/cmake/action_msgs__rosidl_typesupport_introspection_cppExport.cmake
[2.870s] -- Up-to-date: /home/robot/app/robot_ws/install/action_msgs/share/action_msgs/cmake/action_msgs__rosidl_typesupport_introspection_cppExport-noconfig.cmake
[2.870s] -- Up-to-date: /home/robot/app/robot_ws/install/action_msgs/share/action_msgs/cmake/action_msgs__rosidl_typesupport_cppExport.cmake
[2.871s] -- Up-to-date: /home/robot/app/robot_ws/install/action_msgs/share/action_msgs/cmake/action_msgs__rosidl_typesupport_cppExport-noconfig.cmake
[2.871s] -- Up-to-date: /home/robot/app/robot_ws/install/action_msgs/share/action_msgs/cmake/export_action_msgs__rosidl_generator_pyExport.cmake
[2.871s] -- Up-to-date: /home/robot/app/robot_ws/install/action_msgs/share/action_msgs/cmake/export_action_msgs__rosidl_generator_pyExport-noconfig.cmake
[2.871s] -- Up-to-date: /home/robot/app/robot_ws/install/action_msgs/share/action_msgs/cmake/rosidl_cmake-extras.cmake
[2.871s] -- Up-to-date: /home/robot/app/robot_ws/install/action_msgs/share/action_msgs/cmake/ament_cmake_export_dependencies-extras.cmake
[2.871s] -- Up-to-date: /home/robot/app/robot_ws/install/action_msgs/share/action_msgs/cmake/ament_cmake_export_include_directories-extras.cmake
[2.871s] -- Up-to-date: /home/robot/app/robot_ws/install/action_msgs/share/action_msgs/cmake/ament_cmake_export_libraries-extras.cmake
[2.871s] -- Up-to-date: /home/robot/app/robot_ws/install/action_msgs/share/action_msgs/cmake/ament_cmake_export_targets-extras.cmake
[2.871s] -- Up-to-date: /home/robot/app/robot_ws/install/action_msgs/share/action_msgs/cmake/rosidl_cmake_export_typesupport_targets-extras.cmake
[2.872s] -- Up-to-date: /home/robot/app/robot_ws/install/action_msgs/share/action_msgs/cmake/rosidl_cmake_export_typesupport_libraries-extras.cmake
[2.872s] -- Up-to-date: /home/robot/app/robot_ws/install/action_msgs/share/action_msgs/cmake/action_msgsConfig.cmake
[2.872s] -- Up-to-date: /home/robot/app/robot_ws/install/action_msgs/share/action_msgs/cmake/action_msgsConfig-version.cmake
[2.872s] -- Up-to-date: /home/robot/app/robot_ws/install/action_msgs/share/action_msgs/package.xml
[2.872s] Invoked command in '/home/robot/app/robot_ws/build/action_msgs' returned '0': CMAKE_PREFIX_PATH=/home/robot/app/robot_ws/install/unique_identifier_msgs:/home/robot/app/robot_ws/install/builtin_interfaces:/home/robot/app/robot_ws/install/micro_ros_demos_rclc:/home/robot/app/robot_ws/install/common_interfaces:/home/robot/app/robot_ws/install/visualization_msgs:/home/robot/app/robot_ws/install/test_msgs:/home/robot/app/robot_ws/install/example_interfaces:/home/robot/app/robot_ws/install/action_msgs:/home/robot/app/robot_ws/install/trajectory_msgs:/home/robot/app/robot_ws/install/stereo_msgs:/home/robot/app/robot_ws/install/std_srvs:/home/robot/app/robot_ws/install/shape_msgs:/home/robot/app/robot_ws/install/sensor_msgs:/home/robot/app/robot_ws/install/nav_msgs:/home/robot/app/robot_ws/install/diagnostic_msgs:/home/robot/app/robot_ws/install/geometry_msgs:/home/robot/app/robot_ws/install/actionlib_msgs:/home/robot/app/robot_ws/install/std_msgs:/home/robot/app/robot_ws/install/statistics_msgs:/home/robot/app/robot_ws/install/rosidl_typesupport_microxrcedds_test_msg:/home/robot/app/robot_ws/install/rosidl_typesupport_microxrcedds_cpp_tests:/home/robot/app/robot_ws/install/rmw_microxrcedds:/home/robot/app/robot_ws/install/rosidl_typesupport_microxrcedds_cpp:/home/robot/app/robot_ws/install/rosidl_typesupport_microxrcedds_c_tests:/home/robot/app/robot_ws/install/rosidl_typesupport_microxrcedds_c:/home/robot/app/robot_ws/install/rosgraph_msgs:/home/robot/app/robot_ws/install/rclc_parameter:/home/robot/app/robot_ws/install/rclc:/home/robot/app/robot_ws/install/composition_interfaces:/home/robot/app/robot_ws/install/rcl_interfaces:/home/robot/app/robot_ws/install/microxrcedds_client:/home/robot/app/robot_ws/install/microcdr:/home/robot/app/robot_ws/install/micro_ros_utilities:/home/robot/app/robot_ws/install/micro_ros_msgs:/home/robot/app/robot_ws/install/lifecycle_msgs:/home/robot/app/robot_ws/install/complex_msgs:/home/robot/app/robot_ws/install/micro_ros_setup:/home/robot/app/robot_ws/install/sensor_msgs_py:/opt/ros/humble LD_LIBRARY_PATH=/home/robot/app/robot_ws/install/unique_identifier_msgs/lib:/home/robot/app/robot_ws/install/builtin_interfaces/lib:/home/robot/app/robot_ws/install/visualization_msgs/lib:/home/robot/app/robot_ws/install/test_msgs/lib:/home/robot/app/robot_ws/install/example_interfaces/lib:/home/robot/app/robot_ws/install/action_msgs/lib:/home/robot/app/robot_ws/install/trajectory_msgs/lib:/home/robot/app/robot_ws/install/stereo_msgs/lib:/home/robot/app/robot_ws/install/std_srvs/lib:/home/robot/app/robot_ws/install/shape_msgs/lib:/home/robot/app/robot_ws/install/sensor_msgs/lib:/home/robot/app/robot_ws/install/nav_msgs/lib:/home/robot/app/robot_ws/install/diagnostic_msgs/lib:/home/robot/app/robot_ws/install/geometry_msgs/lib:/home/robot/app/robot_ws/install/actionlib_msgs/lib:/home/robot/app/robot_ws/install/std_msgs/lib:/home/robot/app/robot_ws/install/statistics_msgs/lib:/home/robot/app/robot_ws/install/rmw_microxrcedds/lib:/home/robot/app/robot_ws/install/rosidl_typesupport_microxrcedds_cpp/lib:/home/robot/app/robot_ws/install/rosidl_typesupport_microxrcedds_c/lib:/home/robot/app/robot_ws/install/rosgraph_msgs/lib:/home/robot/app/robot_ws/install/rclc_parameter/lib:/home/robot/app/robot_ws/install/rclc/lib:/home/robot/app/robot_ws/install/composition_interfaces/lib:/home/robot/app/robot_ws/install/rcl_interfaces/lib:/home/robot/app/robot_ws/install/microxrcedds_client/lib:/home/robot/app/robot_ws/install/microcdr/lib:/home/robot/app/robot_ws/install/micro_ros_utilities/lib:/home/robot/app/robot_ws/install/micro_ros_msgs/lib:/home/robot/app/robot_ws/install/lifecycle_msgs/lib:/home/robot/app/robot_ws/install/complex_msgs/lib:/opt/ros/humble/opt/rviz_ogre_vendor/lib:/opt/ros/humble/lib/x86_64-linux-gnu:/opt/ros/humble/lib /usr/bin/cmake --install /home/robot/app/robot_ws/build/action_msgs
