[0.016s] Invoking command in '/home/robot/app/robot_ws/build/micro_ros_msgs': CMAKE_PREFIX_PATH=${CMAKE_PREFIX_PATH}:/home/robot/app/robot_ws/install/sensor_msgs_py:/opt/ros/humble /usr/bin/cmake /home/robot/app/robot_ws/src/uros/micro_ros_msgs -DUAGENT_BUILD_EXECUTABLE=OFF -DUAGENT_P2P_PROFILE=OFF --no-warn-unused-cli -DCMAKE_INSTALL_PREFIX=/home/robot/app/robot_ws/install/micro_ros_msgs
[0.025s] Not searching for unused variables given on the command line.
[0.031s] -- Found ament_cmake: 1.3.10 (/opt/ros/humble/share/ament_cmake/cmake)
[0.227s] -- Found rosidl_default_generators: 1.2.0 (/opt/ros/humble/share/rosidl_default_generators/cmake)
[0.239s] -- Using all available rosidl_typesupport_c: rosidl_typesupport_microxrcedds_c;rosidl_typesupport_fastrtps_c;rosidl_typesupport_introspection_c
[0.243s] -- Found rosidl_adapter: 3.1.5 (/opt/ros/humble/share/rosidl_adapter/cmake)
[0.290s] -- Using all available rosidl_typesupport_cpp: rosidl_typesupport_microxrcedds_cpp;rosidl_typesupport_fastrtps_cpp;rosidl_typesupport_introspection_cpp
[0.686s] -- Found ament_cmake_ros: 0.10.0 (/opt/ros/humble/share/ament_cmake_ros/cmake)
[1.021s] -- Using all available rosidl_typesupport_c: rosidl_typesupport_microxrcedds_c;rosidl_typesupport_fastrtps_c;rosidl_typesupport_introspection_c
[1.432s] -- Using all available rosidl_typesupport_cpp: rosidl_typesupport_microxrcedds_cpp;rosidl_typesupport_fastrtps_cpp;rosidl_typesupport_introspection_cpp
[1.462s] -- Found python_cmake_module: 0.10.0 (/opt/ros/humble/share/python_cmake_module/cmake)
[1.491s] -- Using PYTHON_EXECUTABLE: /usr/bin/python3
[1.492s] -- Using PYTHON_INCLUDE_DIRS: /usr/include/python3.10
[1.492s] -- Using PYTHON_LIBRARIES: /usr/lib/x86_64-linux-gnu/libpython3.10.so
[1.533s] -- Configuring done
[1.578s] -- Generating done
[1.584s] -- Build files have been written to: /home/robot/app/robot_ws/build/micro_ros_msgs
[1.597s] Invoked command in '/home/robot/app/robot_ws/build/micro_ros_msgs' returned '0': CMAKE_PREFIX_PATH=${CMAKE_PREFIX_PATH}:/home/robot/app/robot_ws/install/sensor_msgs_py:/opt/ros/humble /usr/bin/cmake /home/robot/app/robot_ws/src/uros/micro_ros_msgs -DUAGENT_BUILD_EXECUTABLE=OFF -DUAGENT_P2P_PROFILE=OFF --no-warn-unused-cli -DCMAKE_INSTALL_PREFIX=/home/robot/app/robot_ws/install/micro_ros_msgs
[1.597s] Invoking command in '/home/robot/app/robot_ws/build/micro_ros_msgs': CMAKE_PREFIX_PATH=${CMAKE_PREFIX_PATH}:/home/robot/app/robot_ws/install/sensor_msgs_py:/opt/ros/humble /usr/bin/cmake --build /home/robot/app/robot_ws/build/micro_ros_msgs -- -j8 -l8
[1.670s] [35m[1mConsolidate compiler generated dependencies of target micro_ros_msgs__rosidl_generator_c[0m
[1.721s] [  8%] Built target micro_ros_msgs__rosidl_generator_c
[1.746s] [ 10%] Built target micro_ros_msgs__cpp
[1.751s] [35m[1mConsolidate compiler generated dependencies of target micro_ros_msgs__rosidl_typesupport_introspection_c[0m
[1.782s] [35m[1mConsolidate compiler generated dependencies of target micro_ros_msgs__rosidl_typesupport_fastrtps_c[0m
[1.783s] [ 10%] Built target ament_cmake_python_copy_micro_ros_msgs
[1.784s] [35m[1mConsolidate compiler generated dependencies of target micro_ros_msgs__rosidl_typesupport_c[0m
[1.802s] [35m[1mConsolidate compiler generated dependencies of target micro_ros_msgs__rosidl_typesupport_microxrcedds_c[0m
[1.808s] [ 18%] Built target micro_ros_msgs__rosidl_typesupport_introspection_c
[1.812s] [35m[1mConsolidate compiler generated dependencies of target micro_ros_msgs__rosidl_typesupport_microxrcedds_cpp[0m
[1.829s] [ 27%] Built target micro_ros_msgs__rosidl_typesupport_c
[1.837s] [35m[1mConsolidate compiler generated dependencies of target micro_ros_msgs__rosidl_typesupport_cpp[0m
[1.837s] [35m[1mConsolidate compiler generated dependencies of target micro_ros_msgs__rosidl_typesupport_fastrtps_cpp[0m
[1.838s] [35m[1mConsolidate compiler generated dependencies of target micro_ros_msgs__rosidl_typesupport_introspection_cpp[0m
[1.855s] [ 35%] Built target micro_ros_msgs__rosidl_typesupport_fastrtps_c
[1.870s] [ 44%] Built target micro_ros_msgs__rosidl_typesupport_microxrcedds_c
[1.877s] [ 52%] Built target micro_ros_msgs__rosidl_typesupport_microxrcedds_cpp
[1.883s] [ 61%] Built target micro_ros_msgs__rosidl_typesupport_fastrtps_cpp
[1.886s] [ 69%] Built target micro_ros_msgs__rosidl_typesupport_introspection_cpp
[1.892s] [ 77%] Built target micro_ros_msgs__rosidl_typesupport_cpp
[1.936s] [ 77%] Built target micro_ros_msgs
[1.966s] [ 79%] Built target micro_ros_msgs__py
[1.991s] [35m[1mConsolidate compiler generated dependencies of target micro_ros_msgs__rosidl_generator_py[0m
[2.018s] [ 86%] Built target micro_ros_msgs__rosidl_generator_py
[2.048s] [35m[1mConsolidate compiler generated dependencies of target micro_ros_msgs__rosidl_typesupport_microxrcedds_c__pyext[0m
[2.051s] [35m[1mConsolidate compiler generated dependencies of target micro_ros_msgs__rosidl_typesupport_c__pyext[0m
[2.059s] [35m[1mConsolidate compiler generated dependencies of target micro_ros_msgs__rosidl_typesupport_fastrtps_c__pyext[0m
[2.067s] [35m[1mConsolidate compiler generated dependencies of target micro_ros_msgs__rosidl_typesupport_introspection_c__pyext[0m
[2.099s] [ 89%] Built target micro_ros_msgs__rosidl_typesupport_fastrtps_c__pyext
[2.111s] [ 93%] Built target micro_ros_msgs__rosidl_typesupport_microxrcedds_c__pyext
[2.111s] [ 96%] Built target micro_ros_msgs__rosidl_typesupport_c__pyext
[2.120s] [100%] Built target micro_ros_msgs__rosidl_typesupport_introspection_c__pyext
[2.255s] running egg_info
[2.256s] writing micro_ros_msgs.egg-info/PKG-INFO
[2.256s] writing dependency_links to micro_ros_msgs.egg-info/dependency_links.txt
[2.257s] writing top-level names to micro_ros_msgs.egg-info/top_level.txt
[2.259s] reading manifest file 'micro_ros_msgs.egg-info/SOURCES.txt'
[2.260s] writing manifest file 'micro_ros_msgs.egg-info/SOURCES.txt'
[2.293s] [100%] Built target ament_cmake_python_build_micro_ros_msgs_egg
[2.308s] Invoked command in '/home/robot/app/robot_ws/build/micro_ros_msgs' returned '0': CMAKE_PREFIX_PATH=${CMAKE_PREFIX_PATH}:/home/robot/app/robot_ws/install/sensor_msgs_py:/opt/ros/humble /usr/bin/cmake --build /home/robot/app/robot_ws/build/micro_ros_msgs -- -j8 -l8
[2.557s] Invoking command in '/home/robot/app/robot_ws/build/micro_ros_msgs': CMAKE_PREFIX_PATH=${CMAKE_PREFIX_PATH}:/home/robot/app/robot_ws/install/sensor_msgs_py:/opt/ros/humble /usr/bin/cmake --install /home/robot/app/robot_ws/build/micro_ros_msgs
[2.570s] -- Install configuration: ""
[2.571s] -- Up-to-date: /home/robot/app/robot_ws/install/micro_ros_msgs/share/ament_index/resource_index/rosidl_interfaces/micro_ros_msgs
[2.571s] -- Up-to-date: /home/robot/app/robot_ws/install/micro_ros_msgs/include/micro_ros_msgs/micro_ros_msgs
[2.571s] -- Up-to-date: /home/robot/app/robot_ws/install/micro_ros_msgs/include/micro_ros_msgs/micro_ros_msgs/msg
[2.571s] -- Up-to-date: /home/robot/app/robot_ws/install/micro_ros_msgs/include/micro_ros_msgs/micro_ros_msgs/msg/node.h
[2.571s] -- Up-to-date: /home/robot/app/robot_ws/install/micro_ros_msgs/include/micro_ros_msgs/micro_ros_msgs/msg/entity.h
[2.572s] -- Up-to-date: /home/robot/app/robot_ws/install/micro_ros_msgs/include/micro_ros_msgs/micro_ros_msgs/msg/detail
[2.572s] -- Up-to-date: /home/robot/app/robot_ws/install/micro_ros_msgs/include/micro_ros_msgs/micro_ros_msgs/msg/detail/graph__struct.h
[2.572s] -- Up-to-date: /home/robot/app/robot_ws/install/micro_ros_msgs/include/micro_ros_msgs/micro_ros_msgs/msg/detail/node__functions.c
[2.572s] -- Up-to-date: /home/robot/app/robot_ws/install/micro_ros_msgs/include/micro_ros_msgs/micro_ros_msgs/msg/detail/entity__functions.h
[2.572s] -- Up-to-date: /home/robot/app/robot_ws/install/micro_ros_msgs/include/micro_ros_msgs/micro_ros_msgs/msg/detail/node__struct.h
[2.572s] -- Up-to-date: /home/robot/app/robot_ws/install/micro_ros_msgs/include/micro_ros_msgs/micro_ros_msgs/msg/detail/graph__functions.h
[2.572s] -- Up-to-date: /home/robot/app/robot_ws/install/micro_ros_msgs/include/micro_ros_msgs/micro_ros_msgs/msg/detail/node__functions.h
[2.573s] -- Up-to-date: /home/robot/app/robot_ws/install/micro_ros_msgs/include/micro_ros_msgs/micro_ros_msgs/msg/detail/graph__type_support.h
[2.573s] -- Up-to-date: /home/robot/app/robot_ws/install/micro_ros_msgs/include/micro_ros_msgs/micro_ros_msgs/msg/detail/node__type_support.h
[2.573s] -- Up-to-date: /home/robot/app/robot_ws/install/micro_ros_msgs/include/micro_ros_msgs/micro_ros_msgs/msg/detail/graph__functions.c
[2.573s] -- Up-to-date: /home/robot/app/robot_ws/install/micro_ros_msgs/include/micro_ros_msgs/micro_ros_msgs/msg/detail/entity__functions.c
[2.573s] -- Up-to-date: /home/robot/app/robot_ws/install/micro_ros_msgs/include/micro_ros_msgs/micro_ros_msgs/msg/detail/entity__struct.h
[2.573s] -- Up-to-date: /home/robot/app/robot_ws/install/micro_ros_msgs/include/micro_ros_msgs/micro_ros_msgs/msg/detail/entity__type_support.h
[2.573s] -- Up-to-date: /home/robot/app/robot_ws/install/micro_ros_msgs/include/micro_ros_msgs/micro_ros_msgs/msg/graph.h
[2.574s] -- Up-to-date: /home/robot/app/robot_ws/install/micro_ros_msgs/include/micro_ros_msgs/micro_ros_msgs/msg/rosidl_generator_c__visibility_control.h
[2.574s] -- Up-to-date: /home/robot/app/robot_ws/install/micro_ros_msgs/share/micro_ros_msgs/environment/library_path.sh
[2.574s] -- Installing: /home/robot/app/robot_ws/install/micro_ros_msgs/share/micro_ros_msgs/environment/library_path.dsv
[2.574s] -- Up-to-date: /home/robot/app/robot_ws/install/micro_ros_msgs/lib/libmicro_ros_msgs__rosidl_generator_c.so
[2.575s] -- Up-to-date: /home/robot/app/robot_ws/install/micro_ros_msgs/include/micro_ros_msgs
[2.575s] -- Up-to-date: /home/robot/app/robot_ws/install/micro_ros_msgs/include/micro_ros_msgs/msg
[2.575s] -- Up-to-date: /home/robot/app/robot_ws/install/micro_ros_msgs/include/micro_ros_msgs/msg/detail
[2.575s] -- Up-to-date: /home/robot/app/robot_ws/install/micro_ros_msgs/include/micro_ros_msgs/msg/detail/graph__rosidl_typesupport_microxrcedds_c.h
[2.575s] -- Up-to-date: /home/robot/app/robot_ws/install/micro_ros_msgs/include/micro_ros_msgs/msg/detail/microxrcedds
[2.575s] -- Up-to-date: /home/robot/app/robot_ws/install/micro_ros_msgs/include/micro_ros_msgs/msg/detail/entity__rosidl_typesupport_microxrcedds_c.h
[2.575s] -- Up-to-date: /home/robot/app/robot_ws/install/micro_ros_msgs/include/micro_ros_msgs/msg/detail/node__rosidl_typesupport_microxrcedds_c.h
[2.576s] -- Up-to-date: /home/robot/app/robot_ws/install/micro_ros_msgs/include/micro_ros_msgs/msg/rosidl_typesupport_microxrcedds_c__visibility_control.h
[2.576s] -- Up-to-date: /home/robot/app/robot_ws/install/micro_ros_msgs/lib/libmicro_ros_msgs__rosidl_typesupport_microxrcedds_c.so
[2.576s] -- Up-to-date: /home/robot/app/robot_ws/install/micro_ros_msgs/include/micro_ros_msgs/micro_ros_msgs
[2.576s] -- Up-to-date: /home/robot/app/robot_ws/install/micro_ros_msgs/include/micro_ros_msgs/micro_ros_msgs/msg
[2.576s] -- Up-to-date: /home/robot/app/robot_ws/install/micro_ros_msgs/include/micro_ros_msgs/micro_ros_msgs/msg/detail
[2.576s] -- Up-to-date: /home/robot/app/robot_ws/install/micro_ros_msgs/include/micro_ros_msgs/micro_ros_msgs/msg/detail/node__rosidl_typesupport_fastrtps_c.h
[2.577s] -- Up-to-date: /home/robot/app/robot_ws/install/micro_ros_msgs/include/micro_ros_msgs/micro_ros_msgs/msg/detail/graph__rosidl_typesupport_fastrtps_c.h
[2.577s] -- Up-to-date: /home/robot/app/robot_ws/install/micro_ros_msgs/include/micro_ros_msgs/micro_ros_msgs/msg/detail/entity__rosidl_typesupport_fastrtps_c.h
[2.577s] -- Up-to-date: /home/robot/app/robot_ws/install/micro_ros_msgs/include/micro_ros_msgs/micro_ros_msgs/msg/rosidl_typesupport_fastrtps_c__visibility_control.h
[2.577s] -- Up-to-date: /home/robot/app/robot_ws/install/micro_ros_msgs/lib/libmicro_ros_msgs__rosidl_typesupport_fastrtps_c.so
[2.577s] -- Up-to-date: /home/robot/app/robot_ws/install/micro_ros_msgs/include/micro_ros_msgs/micro_ros_msgs
[2.577s] -- Up-to-date: /home/robot/app/robot_ws/install/micro_ros_msgs/include/micro_ros_msgs/micro_ros_msgs/msg
[2.577s] -- Up-to-date: /home/robot/app/robot_ws/install/micro_ros_msgs/include/micro_ros_msgs/micro_ros_msgs/msg/rosidl_typesupport_introspection_c__visibility_control.h
[2.578s] -- Up-to-date: /home/robot/app/robot_ws/install/micro_ros_msgs/include/micro_ros_msgs/micro_ros_msgs/msg/detail
[2.578s] -- Up-to-date: /home/robot/app/robot_ws/install/micro_ros_msgs/include/micro_ros_msgs/micro_ros_msgs/msg/detail/entity__type_support.c
[2.578s] -- Up-to-date: /home/robot/app/robot_ws/install/micro_ros_msgs/include/micro_ros_msgs/micro_ros_msgs/msg/detail/entity__rosidl_typesupport_introspection_c.h
[2.578s] -- Up-to-date: /home/robot/app/robot_ws/install/micro_ros_msgs/include/micro_ros_msgs/micro_ros_msgs/msg/detail/node__type_support.c
[2.578s] -- Up-to-date: /home/robot/app/robot_ws/install/micro_ros_msgs/include/micro_ros_msgs/micro_ros_msgs/msg/detail/graph__rosidl_typesupport_introspection_c.h
[2.578s] -- Up-to-date: /home/robot/app/robot_ws/install/micro_ros_msgs/include/micro_ros_msgs/micro_ros_msgs/msg/detail/node__rosidl_typesupport_introspection_c.h
[2.578s] -- Up-to-date: /home/robot/app/robot_ws/install/micro_ros_msgs/include/micro_ros_msgs/micro_ros_msgs/msg/detail/graph__type_support.c
[2.579s] -- Up-to-date: /home/robot/app/robot_ws/install/micro_ros_msgs/lib/libmicro_ros_msgs__rosidl_typesupport_introspection_c.so
[2.579s] -- Up-to-date: /home/robot/app/robot_ws/install/micro_ros_msgs/lib/libmicro_ros_msgs__rosidl_typesupport_c.so
[2.579s] -- Up-to-date: /home/robot/app/robot_ws/install/micro_ros_msgs/include/micro_ros_msgs/micro_ros_msgs
[2.579s] -- Up-to-date: /home/robot/app/robot_ws/install/micro_ros_msgs/include/micro_ros_msgs/micro_ros_msgs/msg
[2.579s] -- Up-to-date: /home/robot/app/robot_ws/install/micro_ros_msgs/include/micro_ros_msgs/micro_ros_msgs/msg/detail
[2.579s] -- Up-to-date: /home/robot/app/robot_ws/install/micro_ros_msgs/include/micro_ros_msgs/micro_ros_msgs/msg/detail/node__struct.hpp
[2.579s] -- Up-to-date: /home/robot/app/robot_ws/install/micro_ros_msgs/include/micro_ros_msgs/micro_ros_msgs/msg/detail/entity__traits.hpp
[2.580s] -- Up-to-date: /home/robot/app/robot_ws/install/micro_ros_msgs/include/micro_ros_msgs/micro_ros_msgs/msg/detail/graph__struct.hpp
[2.580s] -- Up-to-date: /home/robot/app/robot_ws/install/micro_ros_msgs/include/micro_ros_msgs/micro_ros_msgs/msg/detail/entity__struct.hpp
[2.580s] -- Up-to-date: /home/robot/app/robot_ws/install/micro_ros_msgs/include/micro_ros_msgs/micro_ros_msgs/msg/detail/node__traits.hpp
[2.580s] -- Up-to-date: /home/robot/app/robot_ws/install/micro_ros_msgs/include/micro_ros_msgs/micro_ros_msgs/msg/detail/entity__builder.hpp
[2.580s] -- Up-to-date: /home/robot/app/robot_ws/install/micro_ros_msgs/include/micro_ros_msgs/micro_ros_msgs/msg/detail/graph__builder.hpp
[2.580s] -- Up-to-date: /home/robot/app/robot_ws/install/micro_ros_msgs/include/micro_ros_msgs/micro_ros_msgs/msg/detail/graph__traits.hpp
[2.581s] -- Up-to-date: /home/robot/app/robot_ws/install/micro_ros_msgs/include/micro_ros_msgs/micro_ros_msgs/msg/detail/node__builder.hpp
[2.581s] -- Up-to-date: /home/robot/app/robot_ws/install/micro_ros_msgs/include/micro_ros_msgs/micro_ros_msgs/msg/graph.hpp
[2.581s] -- Up-to-date: /home/robot/app/robot_ws/install/micro_ros_msgs/include/micro_ros_msgs/micro_ros_msgs/msg/node.hpp
[2.581s] -- Up-to-date: /home/robot/app/robot_ws/install/micro_ros_msgs/include/micro_ros_msgs/micro_ros_msgs/msg/entity.hpp
[2.581s] -- Up-to-date: /home/robot/app/robot_ws/install/micro_ros_msgs/include/micro_ros_msgs
[2.581s] -- Up-to-date: /home/robot/app/robot_ws/install/micro_ros_msgs/include/micro_ros_msgs/msg
[2.581s] -- Up-to-date: /home/robot/app/robot_ws/install/micro_ros_msgs/include/micro_ros_msgs/msg/detail
[2.582s] -- Up-to-date: /home/robot/app/robot_ws/install/micro_ros_msgs/include/micro_ros_msgs/msg/detail/graph__rosidl_typesupport_microxrcedds_cpp.hpp
[2.582s] -- Up-to-date: /home/robot/app/robot_ws/install/micro_ros_msgs/include/micro_ros_msgs/msg/detail/node__rosidl_typesupport_microxrcedds_cpp.hpp
[2.582s] -- Up-to-date: /home/robot/app/robot_ws/install/micro_ros_msgs/include/micro_ros_msgs/msg/detail/microxrcedds
[2.582s] -- Up-to-date: /home/robot/app/robot_ws/install/micro_ros_msgs/include/micro_ros_msgs/msg/detail/microxrcedds/node__type_support_cpp.cpp
[2.582s] -- Up-to-date: /home/robot/app/robot_ws/install/micro_ros_msgs/include/micro_ros_msgs/msg/detail/microxrcedds/graph__type_support_cpp.cpp
[2.582s] -- Up-to-date: /home/robot/app/robot_ws/install/micro_ros_msgs/include/micro_ros_msgs/msg/detail/microxrcedds/entity__type_support_cpp.cpp
[2.582s] -- Up-to-date: /home/robot/app/robot_ws/install/micro_ros_msgs/include/micro_ros_msgs/msg/detail/entity__rosidl_typesupport_microxrcedds_cpp.hpp
[2.583s] -- Up-to-date: /home/robot/app/robot_ws/install/micro_ros_msgs/include/micro_ros_msgs/msg/rosidl_typesupport_microxrcedds_cpp__visibility_control.h
[2.583s] -- Up-to-date: /home/robot/app/robot_ws/install/micro_ros_msgs/lib/libmicro_ros_msgs__rosidl_typesupport_microxrcedds_cpp.so
[2.583s] -- Up-to-date: /home/robot/app/robot_ws/install/micro_ros_msgs/include/micro_ros_msgs/micro_ros_msgs
[2.583s] -- Up-to-date: /home/robot/app/robot_ws/install/micro_ros_msgs/include/micro_ros_msgs/micro_ros_msgs/msg
[2.583s] -- Up-to-date: /home/robot/app/robot_ws/install/micro_ros_msgs/include/micro_ros_msgs/micro_ros_msgs/msg/rosidl_typesupport_fastrtps_cpp__visibility_control.h
[2.583s] -- Up-to-date: /home/robot/app/robot_ws/install/micro_ros_msgs/include/micro_ros_msgs/micro_ros_msgs/msg/detail
[2.583s] -- Up-to-date: /home/robot/app/robot_ws/install/micro_ros_msgs/include/micro_ros_msgs/micro_ros_msgs/msg/detail/graph__rosidl_typesupport_fastrtps_cpp.hpp
[2.583s] -- Up-to-date: /home/robot/app/robot_ws/install/micro_ros_msgs/include/micro_ros_msgs/micro_ros_msgs/msg/detail/dds_fastrtps
[2.584s] -- Up-to-date: /home/robot/app/robot_ws/install/micro_ros_msgs/include/micro_ros_msgs/micro_ros_msgs/msg/detail/entity__rosidl_typesupport_fastrtps_cpp.hpp
[2.584s] -- Up-to-date: /home/robot/app/robot_ws/install/micro_ros_msgs/include/micro_ros_msgs/micro_ros_msgs/msg/detail/node__rosidl_typesupport_fastrtps_cpp.hpp
[2.584s] -- Up-to-date: /home/robot/app/robot_ws/install/micro_ros_msgs/lib/libmicro_ros_msgs__rosidl_typesupport_fastrtps_cpp.so
[2.584s] -- Up-to-date: /home/robot/app/robot_ws/install/micro_ros_msgs/include/micro_ros_msgs/micro_ros_msgs
[2.584s] -- Up-to-date: /home/robot/app/robot_ws/install/micro_ros_msgs/include/micro_ros_msgs/micro_ros_msgs/msg
[2.584s] -- Up-to-date: /home/robot/app/robot_ws/install/micro_ros_msgs/include/micro_ros_msgs/micro_ros_msgs/msg/detail
[2.584s] -- Up-to-date: /home/robot/app/robot_ws/install/micro_ros_msgs/include/micro_ros_msgs/micro_ros_msgs/msg/detail/node__rosidl_typesupport_introspection_cpp.hpp
[2.584s] -- Up-to-date: /home/robot/app/robot_ws/install/micro_ros_msgs/include/micro_ros_msgs/micro_ros_msgs/msg/detail/entity__type_support.cpp
[2.584s] -- Up-to-date: /home/robot/app/robot_ws/install/micro_ros_msgs/include/micro_ros_msgs/micro_ros_msgs/msg/detail/graph__type_support.cpp
[2.585s] -- Up-to-date: /home/robot/app/robot_ws/install/micro_ros_msgs/include/micro_ros_msgs/micro_ros_msgs/msg/detail/entity__rosidl_typesupport_introspection_cpp.hpp
[2.585s] -- Up-to-date: /home/robot/app/robot_ws/install/micro_ros_msgs/include/micro_ros_msgs/micro_ros_msgs/msg/detail/node__type_support.cpp
[2.585s] -- Up-to-date: /home/robot/app/robot_ws/install/micro_ros_msgs/include/micro_ros_msgs/micro_ros_msgs/msg/detail/graph__rosidl_typesupport_introspection_cpp.hpp
[2.585s] -- Up-to-date: /home/robot/app/robot_ws/install/micro_ros_msgs/lib/libmicro_ros_msgs__rosidl_typesupport_introspection_cpp.so
[2.585s] -- Up-to-date: /home/robot/app/robot_ws/install/micro_ros_msgs/lib/libmicro_ros_msgs__rosidl_typesupport_cpp.so
[2.585s] -- Up-to-date: /home/robot/app/robot_ws/install/micro_ros_msgs/share/micro_ros_msgs/environment/pythonpath.sh
[2.585s] -- Installing: /home/robot/app/robot_ws/install/micro_ros_msgs/share/micro_ros_msgs/environment/pythonpath.dsv
[2.585s] -- Up-to-date: /home/robot/app/robot_ws/install/micro_ros_msgs/local/lib/python3.10/dist-packages/micro_ros_msgs-3.0.1-py3.10.egg-info
[2.585s] -- Installing: /home/robot/app/robot_ws/install/micro_ros_msgs/local/lib/python3.10/dist-packages/micro_ros_msgs-3.0.1-py3.10.egg-info/dependency_links.txt
[2.585s] -- Installing: /home/robot/app/robot_ws/install/micro_ros_msgs/local/lib/python3.10/dist-packages/micro_ros_msgs-3.0.1-py3.10.egg-info/PKG-INFO
[2.586s] -- Installing: /home/robot/app/robot_ws/install/micro_ros_msgs/local/lib/python3.10/dist-packages/micro_ros_msgs-3.0.1-py3.10.egg-info/SOURCES.txt
[2.586s] -- Installing: /home/robot/app/robot_ws/install/micro_ros_msgs/local/lib/python3.10/dist-packages/micro_ros_msgs-3.0.1-py3.10.egg-info/top_level.txt
[2.586s] -- Up-to-date: /home/robot/app/robot_ws/install/micro_ros_msgs/local/lib/python3.10/dist-packages/micro_ros_msgs
[2.586s] -- Installing: /home/robot/app/robot_ws/install/micro_ros_msgs/local/lib/python3.10/dist-packages/micro_ros_msgs/__init__.py
[2.586s] -- Up-to-date: /home/robot/app/robot_ws/install/micro_ros_msgs/local/lib/python3.10/dist-packages/micro_ros_msgs/_micro_ros_msgs_s.ep.rosidl_typesupport_introspection_c.c
[2.586s] -- Up-to-date: /home/robot/app/robot_ws/install/micro_ros_msgs/local/lib/python3.10/dist-packages/micro_ros_msgs/_micro_ros_msgs_s.ep.rosidl_typesupport_fastrtps_c.c
[2.586s] -- Up-to-date: /home/robot/app/robot_ws/install/micro_ros_msgs/local/lib/python3.10/dist-packages/micro_ros_msgs/micro_ros_msgs_s__rosidl_typesupport_introspection_c.cpython-310-x86_64-linux-gnu.so
[2.586s] -- Up-to-date: /home/robot/app/robot_ws/install/micro_ros_msgs/local/lib/python3.10/dist-packages/micro_ros_msgs/_micro_ros_msgs_s.ep.rosidl_typesupport_c.c
[2.586s] -- Up-to-date: /home/robot/app/robot_ws/install/micro_ros_msgs/local/lib/python3.10/dist-packages/micro_ros_msgs/micro_ros_msgs_s__rosidl_typesupport_fastrtps_c.cpython-310-x86_64-linux-gnu.so
[2.586s] -- Up-to-date: /home/robot/app/robot_ws/install/micro_ros_msgs/local/lib/python3.10/dist-packages/micro_ros_msgs/micro_ros_msgs_s__rosidl_typesupport_c.cpython-310-x86_64-linux-gnu.so
[2.586s] -- Up-to-date: /home/robot/app/robot_ws/install/micro_ros_msgs/local/lib/python3.10/dist-packages/micro_ros_msgs/libmicro_ros_msgs__rosidl_generator_py.so
[2.586s] -- Up-to-date: /home/robot/app/robot_ws/install/micro_ros_msgs/local/lib/python3.10/dist-packages/micro_ros_msgs/_micro_ros_msgs_s.ep.rosidl_typesupport_microxrcedds_c.c
[2.586s] -- Up-to-date: /home/robot/app/robot_ws/install/micro_ros_msgs/local/lib/python3.10/dist-packages/micro_ros_msgs/msg
[2.586s] -- Up-to-date: /home/robot/app/robot_ws/install/micro_ros_msgs/local/lib/python3.10/dist-packages/micro_ros_msgs/msg/__init__.py
[2.586s] -- Up-to-date: /home/robot/app/robot_ws/install/micro_ros_msgs/local/lib/python3.10/dist-packages/micro_ros_msgs/msg/_entity_s.c
[2.587s] -- Up-to-date: /home/robot/app/robot_ws/install/micro_ros_msgs/local/lib/python3.10/dist-packages/micro_ros_msgs/msg/_entity.py
[2.587s] -- Up-to-date: /home/robot/app/robot_ws/install/micro_ros_msgs/local/lib/python3.10/dist-packages/micro_ros_msgs/msg/_graph.py
[2.587s] -- Up-to-date: /home/robot/app/robot_ws/install/micro_ros_msgs/local/lib/python3.10/dist-packages/micro_ros_msgs/msg/_node_s.c
[2.587s] -- Up-to-date: /home/robot/app/robot_ws/install/micro_ros_msgs/local/lib/python3.10/dist-packages/micro_ros_msgs/msg/_node.py
[2.587s] -- Up-to-date: /home/robot/app/robot_ws/install/micro_ros_msgs/local/lib/python3.10/dist-packages/micro_ros_msgs/msg/_graph_s.c
[2.587s] -- Up-to-date: /home/robot/app/robot_ws/install/micro_ros_msgs/local/lib/python3.10/dist-packages/micro_ros_msgs/micro_ros_msgs_s__rosidl_typesupport_microxrcedds_c.cpython-310-x86_64-linux-gnu.so
[2.644s] Listing '/home/robot/app/robot_ws/install/micro_ros_msgs/local/lib/python3.10/dist-packages/micro_ros_msgs'...
[2.644s] Compiling '/home/robot/app/robot_ws/install/micro_ros_msgs/local/lib/python3.10/dist-packages/micro_ros_msgs/__init__.py'...
[2.644s] Listing '/home/robot/app/robot_ws/install/micro_ros_msgs/local/lib/python3.10/dist-packages/micro_ros_msgs/msg'...
[2.650s] -- Up-to-date: /home/robot/app/robot_ws/install/micro_ros_msgs/local/lib/python3.10/dist-packages/micro_ros_msgs/micro_ros_msgs_s__rosidl_typesupport_microxrcedds_c.cpython-310-x86_64-linux-gnu.so
[2.650s] -- Up-to-date: /home/robot/app/robot_ws/install/micro_ros_msgs/local/lib/python3.10/dist-packages/micro_ros_msgs/micro_ros_msgs_s__rosidl_typesupport_fastrtps_c.cpython-310-x86_64-linux-gnu.so
[2.651s] -- Up-to-date: /home/robot/app/robot_ws/install/micro_ros_msgs/local/lib/python3.10/dist-packages/micro_ros_msgs/micro_ros_msgs_s__rosidl_typesupport_introspection_c.cpython-310-x86_64-linux-gnu.so
[2.651s] -- Up-to-date: /home/robot/app/robot_ws/install/micro_ros_msgs/local/lib/python3.10/dist-packages/micro_ros_msgs/micro_ros_msgs_s__rosidl_typesupport_c.cpython-310-x86_64-linux-gnu.so
[2.651s] -- Up-to-date: /home/robot/app/robot_ws/install/micro_ros_msgs/lib/libmicro_ros_msgs__rosidl_generator_py.so
[2.651s] -- Up-to-date: /home/robot/app/robot_ws/install/micro_ros_msgs/share/micro_ros_msgs/msg/Graph.idl
[2.652s] -- Up-to-date: /home/robot/app/robot_ws/install/micro_ros_msgs/share/micro_ros_msgs/msg/Node.idl
[2.652s] -- Up-to-date: /home/robot/app/robot_ws/install/micro_ros_msgs/share/micro_ros_msgs/msg/Entity.idl
[2.652s] -- Up-to-date: /home/robot/app/robot_ws/install/micro_ros_msgs/share/micro_ros_msgs/msg/Graph.msg
[2.652s] -- Up-to-date: /home/robot/app/robot_ws/install/micro_ros_msgs/share/micro_ros_msgs/msg/Node.msg
[2.652s] -- Up-to-date: /home/robot/app/robot_ws/install/micro_ros_msgs/share/micro_ros_msgs/msg/Entity.msg
[2.652s] -- Up-to-date: /home/robot/app/robot_ws/install/micro_ros_msgs/share/ament_index/resource_index/package_run_dependencies/micro_ros_msgs
[2.652s] -- Installing: /home/robot/app/robot_ws/install/micro_ros_msgs/share/ament_index/resource_index/parent_prefix_path/micro_ros_msgs
[2.653s] -- Up-to-date: /home/robot/app/robot_ws/install/micro_ros_msgs/share/micro_ros_msgs/environment/ament_prefix_path.sh
[2.653s] -- Installing: /home/robot/app/robot_ws/install/micro_ros_msgs/share/micro_ros_msgs/environment/ament_prefix_path.dsv
[2.653s] -- Up-to-date: /home/robot/app/robot_ws/install/micro_ros_msgs/share/micro_ros_msgs/environment/path.sh
[2.653s] -- Installing: /home/robot/app/robot_ws/install/micro_ros_msgs/share/micro_ros_msgs/environment/path.dsv
[2.653s] -- Up-to-date: /home/robot/app/robot_ws/install/micro_ros_msgs/share/micro_ros_msgs/local_setup.bash
[2.653s] -- Up-to-date: /home/robot/app/robot_ws/install/micro_ros_msgs/share/micro_ros_msgs/local_setup.sh
[2.653s] -- Up-to-date: /home/robot/app/robot_ws/install/micro_ros_msgs/share/micro_ros_msgs/local_setup.zsh
[2.653s] -- Installing: /home/robot/app/robot_ws/install/micro_ros_msgs/share/micro_ros_msgs/local_setup.dsv
[2.654s] -- Installing: /home/robot/app/robot_ws/install/micro_ros_msgs/share/micro_ros_msgs/package.dsv
[2.654s] -- Up-to-date: /home/robot/app/robot_ws/install/micro_ros_msgs/share/ament_index/resource_index/packages/micro_ros_msgs
[2.654s] -- Up-to-date: /home/robot/app/robot_ws/install/micro_ros_msgs/share/micro_ros_msgs/cmake/export_micro_ros_msgs__rosidl_generator_cExport.cmake
[2.654s] -- Up-to-date: /home/robot/app/robot_ws/install/micro_ros_msgs/share/micro_ros_msgs/cmake/export_micro_ros_msgs__rosidl_generator_cExport-noconfig.cmake
[2.654s] -- Up-to-date: /home/robot/app/robot_ws/install/micro_ros_msgs/share/micro_ros_msgs/cmake/export_micro_ros_msgs__rosidl_typesupport_fastrtps_cExport.cmake
[2.654s] -- Up-to-date: /home/robot/app/robot_ws/install/micro_ros_msgs/share/micro_ros_msgs/cmake/export_micro_ros_msgs__rosidl_typesupport_fastrtps_cExport-noconfig.cmake
[2.655s] -- Up-to-date: /home/robot/app/robot_ws/install/micro_ros_msgs/share/micro_ros_msgs/cmake/micro_ros_msgs__rosidl_typesupport_introspection_cExport.cmake
[2.655s] -- Up-to-date: /home/robot/app/robot_ws/install/micro_ros_msgs/share/micro_ros_msgs/cmake/micro_ros_msgs__rosidl_typesupport_introspection_cExport-noconfig.cmake
[2.655s] -- Up-to-date: /home/robot/app/robot_ws/install/micro_ros_msgs/share/micro_ros_msgs/cmake/micro_ros_msgs__rosidl_typesupport_cExport.cmake
[2.655s] -- Up-to-date: /home/robot/app/robot_ws/install/micro_ros_msgs/share/micro_ros_msgs/cmake/micro_ros_msgs__rosidl_typesupport_cExport-noconfig.cmake
[2.655s] -- Up-to-date: /home/robot/app/robot_ws/install/micro_ros_msgs/share/micro_ros_msgs/cmake/export_micro_ros_msgs__rosidl_generator_cppExport.cmake
[2.655s] -- Up-to-date: /home/robot/app/robot_ws/install/micro_ros_msgs/share/micro_ros_msgs/cmake/export_micro_ros_msgs__rosidl_typesupport_fastrtps_cppExport.cmake
[2.655s] -- Up-to-date: /home/robot/app/robot_ws/install/micro_ros_msgs/share/micro_ros_msgs/cmake/export_micro_ros_msgs__rosidl_typesupport_fastrtps_cppExport-noconfig.cmake
[2.655s] -- Up-to-date: /home/robot/app/robot_ws/install/micro_ros_msgs/share/micro_ros_msgs/cmake/micro_ros_msgs__rosidl_typesupport_introspection_cppExport.cmake
[2.656s] -- Up-to-date: /home/robot/app/robot_ws/install/micro_ros_msgs/share/micro_ros_msgs/cmake/micro_ros_msgs__rosidl_typesupport_introspection_cppExport-noconfig.cmake
[2.656s] -- Up-to-date: /home/robot/app/robot_ws/install/micro_ros_msgs/share/micro_ros_msgs/cmake/micro_ros_msgs__rosidl_typesupport_cppExport.cmake
[2.656s] -- Up-to-date: /home/robot/app/robot_ws/install/micro_ros_msgs/share/micro_ros_msgs/cmake/micro_ros_msgs__rosidl_typesupport_cppExport-noconfig.cmake
[2.656s] -- Up-to-date: /home/robot/app/robot_ws/install/micro_ros_msgs/share/micro_ros_msgs/cmake/export_micro_ros_msgs__rosidl_generator_pyExport.cmake
[2.657s] -- Up-to-date: /home/robot/app/robot_ws/install/micro_ros_msgs/share/micro_ros_msgs/cmake/export_micro_ros_msgs__rosidl_generator_pyExport-noconfig.cmake
[2.657s] -- Up-to-date: /home/robot/app/robot_ws/install/micro_ros_msgs/share/micro_ros_msgs/cmake/rosidl_cmake-extras.cmake
[2.657s] -- Up-to-date: /home/robot/app/robot_ws/install/micro_ros_msgs/share/micro_ros_msgs/cmake/ament_cmake_export_include_directories-extras.cmake
[2.657s] -- Up-to-date: /home/robot/app/robot_ws/install/micro_ros_msgs/share/micro_ros_msgs/cmake/ament_cmake_export_libraries-extras.cmake
[2.657s] -- Up-to-date: /home/robot/app/robot_ws/install/micro_ros_msgs/share/micro_ros_msgs/cmake/ament_cmake_export_targets-extras.cmake
[2.657s] -- Up-to-date: /home/robot/app/robot_ws/install/micro_ros_msgs/share/micro_ros_msgs/cmake/rosidl_cmake_export_typesupport_targets-extras.cmake
[2.657s] -- Up-to-date: /home/robot/app/robot_ws/install/micro_ros_msgs/share/micro_ros_msgs/cmake/ament_cmake_export_dependencies-extras.cmake
[2.657s] -- Up-to-date: /home/robot/app/robot_ws/install/micro_ros_msgs/share/micro_ros_msgs/cmake/rosidl_cmake_export_typesupport_libraries-extras.cmake
[2.658s] -- Up-to-date: /home/robot/app/robot_ws/install/micro_ros_msgs/share/micro_ros_msgs/cmake/micro_ros_msgsConfig.cmake
[2.658s] -- Up-to-date: /home/robot/app/robot_ws/install/micro_ros_msgs/share/micro_ros_msgs/cmake/micro_ros_msgsConfig-version.cmake
[2.658s] -- Up-to-date: /home/robot/app/robot_ws/install/micro_ros_msgs/share/micro_ros_msgs/package.xml
[2.660s] Invoked command in '/home/robot/app/robot_ws/build/micro_ros_msgs' returned '0': CMAKE_PREFIX_PATH=${CMAKE_PREFIX_PATH}:/home/robot/app/robot_ws/install/sensor_msgs_py:/opt/ros/humble /usr/bin/cmake --install /home/robot/app/robot_ws/build/micro_ros_msgs
