[0.096s] Invoking command in '/home/robot/app/robot_ws/build/rosidl_typesupport_microxrcedds_c': CMAKE_PREFIX_PATH=/home/robot/app/robot_ws/install/microcdr:/opt/ros/humble LD_LIBRARY_PATH=/home/robot/app/robot_ws/install/microcdr/lib:${LD_LIBRARY_PATH} /usr/bin/cmake /home/robot/app/robot_ws/src/uros/rosidl_typesupport_microxrcedds/rosidl_typesupport_microxrcedds_c -DCMAKE_INSTALL_PREFIX=/home/robot/app/robot_ws/install/rosidl_typesupport_microxrcedds_c
[0.138s] -- Found ament_cmake: 1.3.10 (/opt/ros/humble/share/ament_cmake/cmake)
[0.508s] -- Found rosidl_runtime_c: 3.1.5 (/opt/ros/humble/share/rosidl_runtime_c/cmake)
[0.856s] -- Configuring done
[0.875s] -- Generating done
[0.881s] -- Build files have been written to: /home/robot/app/robot_ws/build/rosidl_typesupport_microxrcedds_c
[0.895s] Invoked command in '/home/robot/app/robot_ws/build/rosidl_typesupport_microxrcedds_c' returned '0': CMAKE_PREFIX_PATH=/home/robot/app/robot_ws/install/microcdr:/opt/ros/humble LD_LIBRARY_PATH=/home/robot/app/robot_ws/install/microcdr/lib:${LD_LIBRARY_PATH} /usr/bin/cmake /home/robot/app/robot_ws/src/uros/rosidl_typesupport_microxrcedds/rosidl_typesupport_microxrcedds_c -DCMAKE_INSTALL_PREFIX=/home/robot/app/robot_ws/install/rosidl_typesupport_microxrcedds_c
[0.896s] Invoking command in '/home/robot/app/robot_ws/build/rosidl_typesupport_microxrcedds_c': CMAKE_PREFIX_PATH=/home/robot/app/robot_ws/install/microcdr:/opt/ros/humble LD_LIBRARY_PATH=/home/robot/app/robot_ws/install/microcdr/lib:${LD_LIBRARY_PATH} /usr/bin/cmake --build /home/robot/app/robot_ws/build/rosidl_typesupport_microxrcedds_c -- -j8 -l8
[1.020s] [35m[1mConsolidate compiler generated dependencies of target rosidl_typesupport_microxrcedds_c[0m
[1.059s] [100%] Built target rosidl_typesupport_microxrcedds_c
[1.074s] [100%] Built target ament_cmake_python_copy_rosidl_typesupport_microxrcedds_c
[1.719s] running egg_info
[1.722s] writing rosidl_typesupport_microxrcedds_c.egg-info/PKG-INFO
[1.723s] writing dependency_links to rosidl_typesupport_microxrcedds_c.egg-info/dependency_links.txt
[1.723s] writing top-level names to rosidl_typesupport_microxrcedds_c.egg-info/top_level.txt
[1.728s] reading manifest file 'rosidl_typesupport_microxrcedds_c.egg-info/SOURCES.txt'
[1.732s] writing manifest file 'rosidl_typesupport_microxrcedds_c.egg-info/SOURCES.txt'
[1.817s] [100%] Built target ament_cmake_python_build_rosidl_typesupport_microxrcedds_c_egg
[1.858s] Invoked command in '/home/robot/app/robot_ws/build/rosidl_typesupport_microxrcedds_c' returned '0': CMAKE_PREFIX_PATH=/home/robot/app/robot_ws/install/microcdr:/opt/ros/humble LD_LIBRARY_PATH=/home/robot/app/robot_ws/install/microcdr/lib:${LD_LIBRARY_PATH} /usr/bin/cmake --build /home/robot/app/robot_ws/build/rosidl_typesupport_microxrcedds_c -- -j8 -l8
[1.987s] Invoking command in '/home/robot/app/robot_ws/build/rosidl_typesupport_microxrcedds_c': CMAKE_PREFIX_PATH=/home/robot/app/robot_ws/install/microcdr:/opt/ros/humble LD_LIBRARY_PATH=/home/robot/app/robot_ws/install/microcdr/lib:${LD_LIBRARY_PATH} /usr/bin/cmake --install /home/robot/app/robot_ws/build/rosidl_typesupport_microxrcedds_c
[2.081s] -- Install configuration: ""
[2.082s] -- Up-to-date: /home/robot/app/robot_ws/install/rosidl_typesupport_microxrcedds_c/share/rosidl_typesupport_microxrcedds_c/environment/pythonpath.sh
[2.082s] -- Installing: /home/robot/app/robot_ws/install/rosidl_typesupport_microxrcedds_c/share/rosidl_typesupport_microxrcedds_c/environment/pythonpath.dsv
[2.095s] -- Up-to-date: /home/robot/app/robot_ws/install/rosidl_typesupport_microxrcedds_c/local/lib/python3.10/dist-packages/rosidl_typesupport_microxrcedds_c-3.0.1-py3.10.egg-info
[2.096s] -- Installing: /home/robot/app/robot_ws/install/rosidl_typesupport_microxrcedds_c/local/lib/python3.10/dist-packages/rosidl_typesupport_microxrcedds_c-3.0.1-py3.10.egg-info/dependency_links.txt
[2.096s] -- Installing: /home/robot/app/robot_ws/install/rosidl_typesupport_microxrcedds_c/local/lib/python3.10/dist-packages/rosidl_typesupport_microxrcedds_c-3.0.1-py3.10.egg-info/PKG-INFO
[2.097s] -- Installing: /home/robot/app/robot_ws/install/rosidl_typesupport_microxrcedds_c/local/lib/python3.10/dist-packages/rosidl_typesupport_microxrcedds_c-3.0.1-py3.10.egg-info/SOURCES.txt
[2.105s] -- Installing: /home/robot/app/robot_ws/install/rosidl_typesupport_microxrcedds_c/local/lib/python3.10/dist-packages/rosidl_typesupport_microxrcedds_c-3.0.1-py3.10.egg-info/top_level.txt
[2.105s] -- Up-to-date: /home/robot/app/robot_ws/install/rosidl_typesupport_microxrcedds_c/local/lib/python3.10/dist-packages/rosidl_typesupport_microxrcedds_c
[2.105s] -- Up-to-date: /home/robot/app/robot_ws/install/rosidl_typesupport_microxrcedds_c/local/lib/python3.10/dist-packages/rosidl_typesupport_microxrcedds_c/__init__.py
[2.456s] Listing '/home/robot/app/robot_ws/install/rosidl_typesupport_microxrcedds_c/local/lib/python3.10/dist-packages/rosidl_typesupport_microxrcedds_c'...
[2.477s] -- Up-to-date: /home/robot/app/robot_ws/install/rosidl_typesupport_microxrcedds_c/share/rosidl_typesupport_microxrcedds_c/environment/library_path.sh
[2.477s] -- Installing: /home/robot/app/robot_ws/install/rosidl_typesupport_microxrcedds_c/share/rosidl_typesupport_microxrcedds_c/environment/library_path.dsv
[2.477s] -- Up-to-date: /home/robot/app/robot_ws/install/rosidl_typesupport_microxrcedds_c/share/ament_index/resource_index/rosidl_typesupport_c/rosidl_typesupport_microxrcedds_c
[2.477s] -- Up-to-date: /home/robot/app/robot_ws/install/rosidl_typesupport_microxrcedds_c/share/ament_index/resource_index/package_run_dependencies/rosidl_typesupport_microxrcedds_c
[2.478s] -- Installing: /home/robot/app/robot_ws/install/rosidl_typesupport_microxrcedds_c/share/ament_index/resource_index/parent_prefix_path/rosidl_typesupport_microxrcedds_c
[2.478s] -- Up-to-date: /home/robot/app/robot_ws/install/rosidl_typesupport_microxrcedds_c/share/rosidl_typesupport_microxrcedds_c/environment/ament_prefix_path.sh
[2.478s] -- Installing: /home/robot/app/robot_ws/install/rosidl_typesupport_microxrcedds_c/share/rosidl_typesupport_microxrcedds_c/environment/ament_prefix_path.dsv
[2.478s] -- Up-to-date: /home/robot/app/robot_ws/install/rosidl_typesupport_microxrcedds_c/share/rosidl_typesupport_microxrcedds_c/environment/path.sh
[2.484s] -- Installing: /home/robot/app/robot_ws/install/rosidl_typesupport_microxrcedds_c/share/rosidl_typesupport_microxrcedds_c/environment/path.dsv
[2.484s] -- Up-to-date: /home/robot/app/robot_ws/install/rosidl_typesupport_microxrcedds_c/share/rosidl_typesupport_microxrcedds_c/local_setup.bash
[2.485s] -- Up-to-date: /home/robot/app/robot_ws/install/rosidl_typesupport_microxrcedds_c/share/rosidl_typesupport_microxrcedds_c/local_setup.sh
[2.485s] -- Up-to-date: /home/robot/app/robot_ws/install/rosidl_typesupport_microxrcedds_c/share/rosidl_typesupport_microxrcedds_c/local_setup.zsh
[2.485s] -- Installing: /home/robot/app/robot_ws/install/rosidl_typesupport_microxrcedds_c/share/rosidl_typesupport_microxrcedds_c/local_setup.dsv
[2.492s] -- Installing: /home/robot/app/robot_ws/install/rosidl_typesupport_microxrcedds_c/share/rosidl_typesupport_microxrcedds_c/package.dsv
[2.492s] -- Up-to-date: /home/robot/app/robot_ws/install/rosidl_typesupport_microxrcedds_c/share/ament_index/resource_index/packages/rosidl_typesupport_microxrcedds_c
[2.493s] -- Up-to-date: /home/robot/app/robot_ws/install/rosidl_typesupport_microxrcedds_c/share/rosidl_typesupport_microxrcedds_c/cmake/rosidl_typesupport_microxrcedds_cExport.cmake
[2.493s] -- Up-to-date: /home/robot/app/robot_ws/install/rosidl_typesupport_microxrcedds_c/share/rosidl_typesupport_microxrcedds_c/cmake/rosidl_typesupport_microxrcedds_cExport-noconfig.cmake
[2.493s] -- Up-to-date: /home/robot/app/robot_ws/install/rosidl_typesupport_microxrcedds_c/share/rosidl_typesupport_microxrcedds_c/cmake/rosidl_typesupport_microxrcedds_c-extras.cmake
[2.493s] -- Up-to-date: /home/robot/app/robot_ws/install/rosidl_typesupport_microxrcedds_c/share/rosidl_typesupport_microxrcedds_c/cmake/ament_cmake_export_dependencies-extras.cmake
[2.493s] -- Up-to-date: /home/robot/app/robot_ws/install/rosidl_typesupport_microxrcedds_c/share/rosidl_typesupport_microxrcedds_c/cmake/ament_cmake_export_include_directories-extras.cmake
[2.494s] -- Up-to-date: /home/robot/app/robot_ws/install/rosidl_typesupport_microxrcedds_c/share/rosidl_typesupport_microxrcedds_c/cmake/ament_cmake_export_libraries-extras.cmake
[2.503s] -- Up-to-date: /home/robot/app/robot_ws/install/rosidl_typesupport_microxrcedds_c/share/rosidl_typesupport_microxrcedds_c/cmake/ament_cmake_export_targets-extras.cmake
[2.503s] -- Up-to-date: /home/robot/app/robot_ws/install/rosidl_typesupport_microxrcedds_c/share/rosidl_typesupport_microxrcedds_c/cmake/rosidl_typesupport_microxrcedds_cConfig.cmake
[2.503s] -- Up-to-date: /home/robot/app/robot_ws/install/rosidl_typesupport_microxrcedds_c/share/rosidl_typesupport_microxrcedds_c/cmake/rosidl_typesupport_microxrcedds_cConfig-version.cmake
[2.504s] -- Up-to-date: /home/robot/app/robot_ws/install/rosidl_typesupport_microxrcedds_c/share/rosidl_typesupport_microxrcedds_c/package.xml
[2.504s] -- Up-to-date: /home/robot/app/robot_ws/install/rosidl_typesupport_microxrcedds_c/lib/rosidl_typesupport_microxrcedds_c/rosidl_typesupport_microxrcedds_c
[2.504s] -- Up-to-date: /home/robot/app/robot_ws/install/rosidl_typesupport_microxrcedds_c/share/rosidl_typesupport_microxrcedds_c/cmake
[2.504s] -- Up-to-date: /home/robot/app/robot_ws/install/rosidl_typesupport_microxrcedds_c/share/rosidl_typesupport_microxrcedds_c/cmake/rosidl_typesupport_microxrcedds_c_generate_interfaces.cmake
[2.504s] -- Up-to-date: /home/robot/app/robot_ws/install/rosidl_typesupport_microxrcedds_c/share/rosidl_typesupport_microxrcedds_c/resource
[2.505s] -- Up-to-date: /home/robot/app/robot_ws/install/rosidl_typesupport_microxrcedds_c/share/rosidl_typesupport_microxrcedds_c/resource/msg__type_support_c.c.em
[2.505s] -- Up-to-date: /home/robot/app/robot_ws/install/rosidl_typesupport_microxrcedds_c/share/rosidl_typesupport_microxrcedds_c/resource/msg__rosidl_typesupport_microxrcedds_c.h.em
[2.505s] -- Up-to-date: /home/robot/app/robot_ws/install/rosidl_typesupport_microxrcedds_c/share/rosidl_typesupport_microxrcedds_c/resource/srv__rosidl_typesupport_microxrcedds_c.h.em
[2.505s] -- Up-to-date: /home/robot/app/robot_ws/install/rosidl_typesupport_microxrcedds_c/share/rosidl_typesupport_microxrcedds_c/resource/srv__type_support_c.c.em
[2.518s] -- Up-to-date: /home/robot/app/robot_ws/install/rosidl_typesupport_microxrcedds_c/share/rosidl_typesupport_microxrcedds_c/resource/idl__rosidl_typesupport_microxrcedds_c.h.em
[2.518s] -- Up-to-date: /home/robot/app/robot_ws/install/rosidl_typesupport_microxrcedds_c/share/rosidl_typesupport_microxrcedds_c/resource/rosidl_typesupport_microxrcedds_c__visibility_control.h.in
[2.519s] -- Up-to-date: /home/robot/app/robot_ws/install/rosidl_typesupport_microxrcedds_c/share/rosidl_typesupport_microxrcedds_c/resource/idl__type_support_c.c.em
[2.519s] -- Up-to-date: /home/robot/app/robot_ws/install/rosidl_typesupport_microxrcedds_c/include
[2.519s] -- Up-to-date: /home/robot/app/robot_ws/install/rosidl_typesupport_microxrcedds_c/include/rosidl_typesupport_microxrcedds_c
[2.519s] -- Up-to-date: /home/robot/app/robot_ws/install/rosidl_typesupport_microxrcedds_c/include/rosidl_typesupport_microxrcedds_c/message_type_support.h
[2.519s] -- Up-to-date: /home/robot/app/robot_ws/install/rosidl_typesupport_microxrcedds_c/include/rosidl_typesupport_microxrcedds_c/identifier.h
[2.520s] -- Up-to-date: /home/robot/app/robot_ws/install/rosidl_typesupport_microxrcedds_c/include/rosidl_typesupport_microxrcedds_c/visibility_control.h
[2.520s] -- Up-to-date: /home/robot/app/robot_ws/install/rosidl_typesupport_microxrcedds_c/include/rosidl_typesupport_microxrcedds_c/service_type_support.h
[2.520s] -- Up-to-date: /home/robot/app/robot_ws/install/rosidl_typesupport_microxrcedds_c/lib/librosidl_typesupport_microxrcedds_c.so
[2.557s] Invoked command in '/home/robot/app/robot_ws/build/rosidl_typesupport_microxrcedds_c' returned '0': CMAKE_PREFIX_PATH=/home/robot/app/robot_ws/install/microcdr:/opt/ros/humble LD_LIBRARY_PATH=/home/robot/app/robot_ws/install/microcdr/lib:${LD_LIBRARY_PATH} /usr/bin/cmake --install /home/robot/app/robot_ws/build/rosidl_typesupport_microxrcedds_c
