[0.132s] Invoking command in '/home/robot/app/robot_ws/build/microcdr': /usr/bin/cmake /home/robot/app/robot_ws/src/eProsima/Micro-CDR -DUCDR_ISOLATED_INSTALL=OFF -DCMAKE_INSTALL_PREFIX=/home/robot/app/robot_ws/install/microcdr
[0.200s] -- Configuring done
[0.235s] -- Generating done
[0.235s] -- Build files have been written to: /home/robot/app/robot_ws/build/microcdr
[0.248s] Invoked command in '/home/robot/app/robot_ws/build/microcdr' returned '0': /usr/bin/cmake /home/robot/app/robot_ws/src/eProsima/Micro-CDR -DUCDR_ISOLATED_INSTALL=OFF -DCMAKE_INSTALL_PREFIX=/home/robot/app/robot_ws/install/microcdr
[0.249s] Invoking command in '/home/robot/app/robot_ws/build/microcdr': /usr/bin/cmake --build /home/robot/app/robot_ws/build/microcdr -- -j8 -l8
[1.545s] [35m[1mConsolidate compiler generated dependencies of target microcdr[0m
[1.546s] [100%] Built target microcdr
[1.581s] Invoked command in '/home/robot/app/robot_ws/build/microcdr' returned '0': /usr/bin/cmake --build /home/robot/app/robot_ws/build/microcdr -- -j8 -l8
[1.960s] Invoking command in '/home/robot/app/robot_ws/build/microcdr': /usr/bin/cmake --install /home/robot/app/robot_ws/build/microcdr
[2.000s] -- Install configuration: "Release"
[2.000s] -- Up-to-date: /home/robot/app/robot_ws/install/microcdr/lib/libmicrocdr.so.2.0.1
[2.002s] -- Up-to-date: /home/robot/app/robot_ws/install/microcdr/lib/libmicrocdr.so.2.0
[2.002s] -- Up-to-date: /home/robot/app/robot_ws/install/microcdr/lib/libmicrocdr.so
[2.002s] -- Up-to-date: /home/robot/app/robot_ws/install/microcdr/include/ucdr
[2.003s] -- Up-to-date: /home/robot/app/robot_ws/install/microcdr/include/ucdr/visibility.h
[2.003s] -- Up-to-date: /home/robot/app/robot_ws/install/microcdr/include/ucdr/microcdr.h
[2.003s] -- Up-to-date: /home/robot/app/robot_ws/install/microcdr/include/ucdr/config.h
[2.003s] -- Up-to-date: /home/robot/app/robot_ws/install/microcdr/share/microcdr/cmake/microcdrTargets.cmake
[2.003s] -- Up-to-date: /home/robot/app/robot_ws/install/microcdr/share/microcdr/cmake/microcdrTargets-release.cmake
[2.004s] -- Up-to-date: /home/robot/app/robot_ws/install/microcdr/share/microcdr/cmake/microcdrConfig.cmake
[2.005s] -- Up-to-date: /home/robot/app/robot_ws/install/microcdr/share/microcdr/cmake/microcdrConfigVersion.cmake
[2.023s] Invoked command in '/home/robot/app/robot_ws/build/microcdr' returned '0': /usr/bin/cmake --install /home/robot/app/robot_ws/build/microcdr
