[0.029s] Invoking command in '/home/robot/app/robot_ws/build/actionlib_msgs': CMAKE_PREFIX_PATH=/home/robot/app/robot_ws/install/std_msgs:/home/robot/app/robot_ws/install/builtin_interfaces:/home/robot/app/robot_ws/install/micro_ros_demos_rclc:/home/robot/app/robot_ws/install/common_interfaces:/home/robot/app/robot_ws/install/visualization_msgs:/home/robot/app/robot_ws/install/test_msgs:/home/robot/app/robot_ws/install/example_interfaces:/home/robot/app/robot_ws/install/action_msgs:/home/robot/app/robot_ws/install/unique_identifier_msgs:/home/robot/app/robot_ws/install/trajectory_msgs:/home/robot/app/robot_ws/install/stereo_msgs:/home/robot/app/robot_ws/install/std_srvs:/home/robot/app/robot_ws/install/shape_msgs:/home/robot/app/robot_ws/install/sensor_msgs:/home/robot/app/robot_ws/install/nav_msgs:/home/robot/app/robot_ws/install/diagnostic_msgs:/home/robot/app/robot_ws/install/geometry_msgs:/home/robot/app/robot_ws/install/actionlib_msgs:/home/robot/app/robot_ws/install/statistics_msgs:/home/robot/app/robot_ws/install/rosidl_typesupport_microxrcedds_test_msg:/home/robot/app/robot_ws/install/rosidl_typesupport_microxrcedds_cpp_tests:/home/robot/app/robot_ws/install/rmw_microxrcedds:/home/robot/app/robot_ws/install/rosidl_typesupport_microxrcedds_cpp:/home/robot/app/robot_ws/install/rosidl_typesupport_microxrcedds_c_tests:/home/robot/app/robot_ws/install/rosidl_typesupport_microxrcedds_c:/home/robot/app/robot_ws/install/rosgraph_msgs:/home/robot/app/robot_ws/install/rclc_parameter:/home/robot/app/robot_ws/install/rclc:/home/robot/app/robot_ws/install/composition_interfaces:/home/robot/app/robot_ws/install/rcl_interfaces:/home/robot/app/robot_ws/install/microxrcedds_client:/home/robot/app/robot_ws/install/microcdr:/home/robot/app/robot_ws/install/micro_ros_utilities:/home/robot/app/robot_ws/install/micro_ros_msgs:/home/robot/app/robot_ws/install/lifecycle_msgs:/home/robot/app/robot_ws/install/complex_msgs:/home/robot/app/robot_ws/install/micro_ros_setup:/home/robot/app/robot_ws/install/sensor_msgs_py:/opt/ros/humble LD_LIBRARY_PATH=/home/robot/app/robot_ws/install/std_msgs/lib:/home/robot/app/robot_ws/install/builtin_interfaces/lib:/home/robot/app/robot_ws/install/visualization_msgs/lib:/home/robot/app/robot_ws/install/test_msgs/lib:/home/robot/app/robot_ws/install/example_interfaces/lib:/home/robot/app/robot_ws/install/action_msgs/lib:/home/robot/app/robot_ws/install/unique_identifier_msgs/lib:/home/robot/app/robot_ws/install/trajectory_msgs/lib:/home/robot/app/robot_ws/install/stereo_msgs/lib:/home/robot/app/robot_ws/install/std_srvs/lib:/home/robot/app/robot_ws/install/shape_msgs/lib:/home/robot/app/robot_ws/install/sensor_msgs/lib:/home/robot/app/robot_ws/install/nav_msgs/lib:/home/robot/app/robot_ws/install/diagnostic_msgs/lib:/home/robot/app/robot_ws/install/geometry_msgs/lib:/home/robot/app/robot_ws/install/actionlib_msgs/lib:/home/robot/app/robot_ws/install/statistics_msgs/lib:/home/robot/app/robot_ws/install/rmw_microxrcedds/lib:/home/robot/app/robot_ws/install/rosidl_typesupport_microxrcedds_cpp/lib:/home/robot/app/robot_ws/install/rosidl_typesupport_microxrcedds_c/lib:/home/robot/app/robot_ws/install/rosgraph_msgs/lib:/home/robot/app/robot_ws/install/rclc_parameter/lib:/home/robot/app/robot_ws/install/rclc/lib:/home/robot/app/robot_ws/install/composition_interfaces/lib:/home/robot/app/robot_ws/install/rcl_interfaces/lib:/home/robot/app/robot_ws/install/microxrcedds_client/lib:/home/robot/app/robot_ws/install/microcdr/lib:/home/robot/app/robot_ws/install/micro_ros_utilities/lib:/home/robot/app/robot_ws/install/micro_ros_msgs/lib:/home/robot/app/robot_ws/install/lifecycle_msgs/lib:/home/robot/app/robot_ws/install/complex_msgs/lib:/opt/ros/humble/opt/rviz_ogre_vendor/lib:/opt/ros/humble/lib/x86_64-linux-gnu:/opt/ros/humble/lib /usr/bin/cmake --build /home/robot/app/robot_ws/build/actionlib_msgs -- -j8 -l8
[0.119s] [35m[1mConsolidate compiler generated dependencies of target actionlib_msgs__rosidl_generator_c[0m
[0.146s] [  1%] Built target actionlib_msgs__cpp
[0.159s] [ 10%] Built target actionlib_msgs__rosidl_generator_c
[0.198s] [35m[1mConsolidate compiler generated dependencies of target actionlib_msgs__rosidl_typesupport_fastrtps_cpp[0m
[0.198s] [35m[1mConsolidate compiler generated dependencies of target actionlib_msgs__rosidl_typesupport_cpp[0m
[0.198s] [35m[1mConsolidate compiler generated dependencies of target actionlib_msgs__rosidl_typesupport_introspection_cpp[0m
[0.208s] [35m[1mConsolidate compiler generated dependencies of target actionlib_msgs__rosidl_typesupport_microxrcedds_c[0m
[0.208s] [35m[1mConsolidate compiler generated dependencies of target actionlib_msgs__rosidl_typesupport_microxrcedds_cpp[0m
[0.208s] [ 10%] Built target ament_cmake_python_copy_actionlib_msgs
[0.223s] [35m[1mConsolidate compiler generated dependencies of target actionlib_msgs__rosidl_typesupport_fastrtps_c[0m
[0.234s] [35m[1mConsolidate compiler generated dependencies of target actionlib_msgs__rosidl_typesupport_introspection_c[0m
[0.243s] [ 18%] Built target actionlib_msgs__rosidl_typesupport_fastrtps_cpp
[0.292s] [ 27%] Built target actionlib_msgs__rosidl_typesupport_cpp
[0.299s] [ 35%] Built target actionlib_msgs__rosidl_typesupport_microxrcedds_c
[0.303s] [ 44%] Built target actionlib_msgs__rosidl_typesupport_introspection_cpp
[0.303s] [ 52%] Built target actionlib_msgs__rosidl_typesupport_microxrcedds_cpp
[0.305s] [35m[1mConsolidate compiler generated dependencies of target actionlib_msgs__rosidl_typesupport_c[0m
[0.327s] [ 61%] Built target actionlib_msgs__rosidl_typesupport_introspection_c
[0.331s] [ 69%] Built target actionlib_msgs__rosidl_typesupport_fastrtps_c
[0.375s] [ 77%] Built target actionlib_msgs__rosidl_typesupport_c
[0.469s] [ 77%] Built target actionlib_msgs
[0.531s] [ 79%] Built target actionlib_msgs__py
[0.565s] [35m[1mConsolidate compiler generated dependencies of target actionlib_msgs__rosidl_generator_py[0m
[0.603s] [ 86%] Built target actionlib_msgs__rosidl_generator_py
[0.637s] [35m[1mConsolidate compiler generated dependencies of target actionlib_msgs__rosidl_typesupport_microxrcedds_c__pyext[0m
[0.637s] [35m[1mConsolidate compiler generated dependencies of target actionlib_msgs__rosidl_typesupport_c__pyext[0m
[0.642s] [35m[1mConsolidate compiler generated dependencies of target actionlib_msgs__rosidl_typesupport_introspection_c__pyext[0m
[0.650s] [35m[1mConsolidate compiler generated dependencies of target actionlib_msgs__rosidl_typesupport_fastrtps_c__pyext[0m
[0.671s] [ 89%] Built target actionlib_msgs__rosidl_typesupport_microxrcedds_c__pyext
[0.674s] [ 93%] Built target actionlib_msgs__rosidl_typesupport_c__pyext
[0.683s] [ 96%] Built target actionlib_msgs__rosidl_typesupport_fastrtps_c__pyext
[0.688s] [100%] Built target actionlib_msgs__rosidl_typesupport_introspection_c__pyext
[0.848s] running egg_info
[0.849s] writing actionlib_msgs.egg-info/PKG-INFO
[0.850s] writing dependency_links to actionlib_msgs.egg-info/dependency_links.txt
[0.850s] writing top-level names to actionlib_msgs.egg-info/top_level.txt
[0.853s] reading manifest file 'actionlib_msgs.egg-info/SOURCES.txt'
[0.853s] writing manifest file 'actionlib_msgs.egg-info/SOURCES.txt'
[0.899s] [100%] Built target ament_cmake_python_build_actionlib_msgs_egg
[0.923s] Invoked command in '/home/robot/app/robot_ws/build/actionlib_msgs' returned '0': CMAKE_PREFIX_PATH=/home/robot/app/robot_ws/install/std_msgs:/home/robot/app/robot_ws/install/builtin_interfaces:/home/robot/app/robot_ws/install/micro_ros_demos_rclc:/home/robot/app/robot_ws/install/common_interfaces:/home/robot/app/robot_ws/install/visualization_msgs:/home/robot/app/robot_ws/install/test_msgs:/home/robot/app/robot_ws/install/example_interfaces:/home/robot/app/robot_ws/install/action_msgs:/home/robot/app/robot_ws/install/unique_identifier_msgs:/home/robot/app/robot_ws/install/trajectory_msgs:/home/robot/app/robot_ws/install/stereo_msgs:/home/robot/app/robot_ws/install/std_srvs:/home/robot/app/robot_ws/install/shape_msgs:/home/robot/app/robot_ws/install/sensor_msgs:/home/robot/app/robot_ws/install/nav_msgs:/home/robot/app/robot_ws/install/diagnostic_msgs:/home/robot/app/robot_ws/install/geometry_msgs:/home/robot/app/robot_ws/install/actionlib_msgs:/home/robot/app/robot_ws/install/statistics_msgs:/home/robot/app/robot_ws/install/rosidl_typesupport_microxrcedds_test_msg:/home/robot/app/robot_ws/install/rosidl_typesupport_microxrcedds_cpp_tests:/home/robot/app/robot_ws/install/rmw_microxrcedds:/home/robot/app/robot_ws/install/rosidl_typesupport_microxrcedds_cpp:/home/robot/app/robot_ws/install/rosidl_typesupport_microxrcedds_c_tests:/home/robot/app/robot_ws/install/rosidl_typesupport_microxrcedds_c:/home/robot/app/robot_ws/install/rosgraph_msgs:/home/robot/app/robot_ws/install/rclc_parameter:/home/robot/app/robot_ws/install/rclc:/home/robot/app/robot_ws/install/composition_interfaces:/home/robot/app/robot_ws/install/rcl_interfaces:/home/robot/app/robot_ws/install/microxrcedds_client:/home/robot/app/robot_ws/install/microcdr:/home/robot/app/robot_ws/install/micro_ros_utilities:/home/robot/app/robot_ws/install/micro_ros_msgs:/home/robot/app/robot_ws/install/lifecycle_msgs:/home/robot/app/robot_ws/install/complex_msgs:/home/robot/app/robot_ws/install/micro_ros_setup:/home/robot/app/robot_ws/install/sensor_msgs_py:/opt/ros/humble LD_LIBRARY_PATH=/home/robot/app/robot_ws/install/std_msgs/lib:/home/robot/app/robot_ws/install/builtin_interfaces/lib:/home/robot/app/robot_ws/install/visualization_msgs/lib:/home/robot/app/robot_ws/install/test_msgs/lib:/home/robot/app/robot_ws/install/example_interfaces/lib:/home/robot/app/robot_ws/install/action_msgs/lib:/home/robot/app/robot_ws/install/unique_identifier_msgs/lib:/home/robot/app/robot_ws/install/trajectory_msgs/lib:/home/robot/app/robot_ws/install/stereo_msgs/lib:/home/robot/app/robot_ws/install/std_srvs/lib:/home/robot/app/robot_ws/install/shape_msgs/lib:/home/robot/app/robot_ws/install/sensor_msgs/lib:/home/robot/app/robot_ws/install/nav_msgs/lib:/home/robot/app/robot_ws/install/diagnostic_msgs/lib:/home/robot/app/robot_ws/install/geometry_msgs/lib:/home/robot/app/robot_ws/install/actionlib_msgs/lib:/home/robot/app/robot_ws/install/statistics_msgs/lib:/home/robot/app/robot_ws/install/rmw_microxrcedds/lib:/home/robot/app/robot_ws/install/rosidl_typesupport_microxrcedds_cpp/lib:/home/robot/app/robot_ws/install/rosidl_typesupport_microxrcedds_c/lib:/home/robot/app/robot_ws/install/rosgraph_msgs/lib:/home/robot/app/robot_ws/install/rclc_parameter/lib:/home/robot/app/robot_ws/install/rclc/lib:/home/robot/app/robot_ws/install/composition_interfaces/lib:/home/robot/app/robot_ws/install/rcl_interfaces/lib:/home/robot/app/robot_ws/install/microxrcedds_client/lib:/home/robot/app/robot_ws/install/microcdr/lib:/home/robot/app/robot_ws/install/micro_ros_utilities/lib:/home/robot/app/robot_ws/install/micro_ros_msgs/lib:/home/robot/app/robot_ws/install/lifecycle_msgs/lib:/home/robot/app/robot_ws/install/complex_msgs/lib:/opt/ros/humble/opt/rviz_ogre_vendor/lib:/opt/ros/humble/lib/x86_64-linux-gnu:/opt/ros/humble/lib /usr/bin/cmake --build /home/robot/app/robot_ws/build/actionlib_msgs -- -j8 -l8
[1.208s] Invoking command in '/home/robot/app/robot_ws/build/actionlib_msgs': CMAKE_PREFIX_PATH=/home/robot/app/robot_ws/install/std_msgs:/home/robot/app/robot_ws/install/builtin_interfaces:/home/robot/app/robot_ws/install/micro_ros_demos_rclc:/home/robot/app/robot_ws/install/common_interfaces:/home/robot/app/robot_ws/install/visualization_msgs:/home/robot/app/robot_ws/install/test_msgs:/home/robot/app/robot_ws/install/example_interfaces:/home/robot/app/robot_ws/install/action_msgs:/home/robot/app/robot_ws/install/unique_identifier_msgs:/home/robot/app/robot_ws/install/trajectory_msgs:/home/robot/app/robot_ws/install/stereo_msgs:/home/robot/app/robot_ws/install/std_srvs:/home/robot/app/robot_ws/install/shape_msgs:/home/robot/app/robot_ws/install/sensor_msgs:/home/robot/app/robot_ws/install/nav_msgs:/home/robot/app/robot_ws/install/diagnostic_msgs:/home/robot/app/robot_ws/install/geometry_msgs:/home/robot/app/robot_ws/install/actionlib_msgs:/home/robot/app/robot_ws/install/statistics_msgs:/home/robot/app/robot_ws/install/rosidl_typesupport_microxrcedds_test_msg:/home/robot/app/robot_ws/install/rosidl_typesupport_microxrcedds_cpp_tests:/home/robot/app/robot_ws/install/rmw_microxrcedds:/home/robot/app/robot_ws/install/rosidl_typesupport_microxrcedds_cpp:/home/robot/app/robot_ws/install/rosidl_typesupport_microxrcedds_c_tests:/home/robot/app/robot_ws/install/rosidl_typesupport_microxrcedds_c:/home/robot/app/robot_ws/install/rosgraph_msgs:/home/robot/app/robot_ws/install/rclc_parameter:/home/robot/app/robot_ws/install/rclc:/home/robot/app/robot_ws/install/composition_interfaces:/home/robot/app/robot_ws/install/rcl_interfaces:/home/robot/app/robot_ws/install/microxrcedds_client:/home/robot/app/robot_ws/install/microcdr:/home/robot/app/robot_ws/install/micro_ros_utilities:/home/robot/app/robot_ws/install/micro_ros_msgs:/home/robot/app/robot_ws/install/lifecycle_msgs:/home/robot/app/robot_ws/install/complex_msgs:/home/robot/app/robot_ws/install/micro_ros_setup:/home/robot/app/robot_ws/install/sensor_msgs_py:/opt/ros/humble LD_LIBRARY_PATH=/home/robot/app/robot_ws/install/std_msgs/lib:/home/robot/app/robot_ws/install/builtin_interfaces/lib:/home/robot/app/robot_ws/install/visualization_msgs/lib:/home/robot/app/robot_ws/install/test_msgs/lib:/home/robot/app/robot_ws/install/example_interfaces/lib:/home/robot/app/robot_ws/install/action_msgs/lib:/home/robot/app/robot_ws/install/unique_identifier_msgs/lib:/home/robot/app/robot_ws/install/trajectory_msgs/lib:/home/robot/app/robot_ws/install/stereo_msgs/lib:/home/robot/app/robot_ws/install/std_srvs/lib:/home/robot/app/robot_ws/install/shape_msgs/lib:/home/robot/app/robot_ws/install/sensor_msgs/lib:/home/robot/app/robot_ws/install/nav_msgs/lib:/home/robot/app/robot_ws/install/diagnostic_msgs/lib:/home/robot/app/robot_ws/install/geometry_msgs/lib:/home/robot/app/robot_ws/install/actionlib_msgs/lib:/home/robot/app/robot_ws/install/statistics_msgs/lib:/home/robot/app/robot_ws/install/rmw_microxrcedds/lib:/home/robot/app/robot_ws/install/rosidl_typesupport_microxrcedds_cpp/lib:/home/robot/app/robot_ws/install/rosidl_typesupport_microxrcedds_c/lib:/home/robot/app/robot_ws/install/rosgraph_msgs/lib:/home/robot/app/robot_ws/install/rclc_parameter/lib:/home/robot/app/robot_ws/install/rclc/lib:/home/robot/app/robot_ws/install/composition_interfaces/lib:/home/robot/app/robot_ws/install/rcl_interfaces/lib:/home/robot/app/robot_ws/install/microxrcedds_client/lib:/home/robot/app/robot_ws/install/microcdr/lib:/home/robot/app/robot_ws/install/micro_ros_utilities/lib:/home/robot/app/robot_ws/install/micro_ros_msgs/lib:/home/robot/app/robot_ws/install/lifecycle_msgs/lib:/home/robot/app/robot_ws/install/complex_msgs/lib:/opt/ros/humble/opt/rviz_ogre_vendor/lib:/opt/ros/humble/lib/x86_64-linux-gnu:/opt/ros/humble/lib /usr/bin/cmake --install /home/robot/app/robot_ws/build/actionlib_msgs
[1.225s] -- Install configuration: ""
[1.226s] -- Up-to-date: /home/robot/app/robot_ws/install/actionlib_msgs/share/ament_index/resource_index/rosidl_interfaces/actionlib_msgs
[1.226s] -- Up-to-date: /home/robot/app/robot_ws/install/actionlib_msgs/include/actionlib_msgs/actionlib_msgs
[1.226s] -- Up-to-date: /home/robot/app/robot_ws/install/actionlib_msgs/include/actionlib_msgs/actionlib_msgs/msg
[1.226s] -- Up-to-date: /home/robot/app/robot_ws/install/actionlib_msgs/include/actionlib_msgs/actionlib_msgs/msg/detail
[1.226s] -- Up-to-date: /home/robot/app/robot_ws/install/actionlib_msgs/include/actionlib_msgs/actionlib_msgs/msg/detail/goal_status__struct.h
[1.226s] -- Up-to-date: /home/robot/app/robot_ws/install/actionlib_msgs/include/actionlib_msgs/actionlib_msgs/msg/detail/goal_status__functions.h
[1.227s] -- Up-to-date: /home/robot/app/robot_ws/install/actionlib_msgs/include/actionlib_msgs/actionlib_msgs/msg/detail/goal_status_array__functions.c
[1.227s] -- Up-to-date: /home/robot/app/robot_ws/install/actionlib_msgs/include/actionlib_msgs/actionlib_msgs/msg/detail/goal_id__type_support.h
[1.227s] -- Up-to-date: /home/robot/app/robot_ws/install/actionlib_msgs/include/actionlib_msgs/actionlib_msgs/msg/detail/goal_status__type_support.h
[1.227s] -- Up-to-date: /home/robot/app/robot_ws/install/actionlib_msgs/include/actionlib_msgs/actionlib_msgs/msg/detail/goal_status_array__type_support.h
[1.227s] -- Up-to-date: /home/robot/app/robot_ws/install/actionlib_msgs/include/actionlib_msgs/actionlib_msgs/msg/detail/goal_id__struct.h
[1.227s] -- Up-to-date: /home/robot/app/robot_ws/install/actionlib_msgs/include/actionlib_msgs/actionlib_msgs/msg/detail/goal_status_array__functions.h
[1.227s] -- Up-to-date: /home/robot/app/robot_ws/install/actionlib_msgs/include/actionlib_msgs/actionlib_msgs/msg/detail/goal_id__functions.c
[1.227s] -- Up-to-date: /home/robot/app/robot_ws/install/actionlib_msgs/include/actionlib_msgs/actionlib_msgs/msg/detail/goal_status_array__struct.h
[1.227s] -- Up-to-date: /home/robot/app/robot_ws/install/actionlib_msgs/include/actionlib_msgs/actionlib_msgs/msg/detail/goal_status__functions.c
[1.227s] -- Up-to-date: /home/robot/app/robot_ws/install/actionlib_msgs/include/actionlib_msgs/actionlib_msgs/msg/detail/goal_id__functions.h
[1.227s] -- Up-to-date: /home/robot/app/robot_ws/install/actionlib_msgs/include/actionlib_msgs/actionlib_msgs/msg/goal_status_array.h
[1.227s] -- Up-to-date: /home/robot/app/robot_ws/install/actionlib_msgs/include/actionlib_msgs/actionlib_msgs/msg/goal_id.h
[1.227s] -- Up-to-date: /home/robot/app/robot_ws/install/actionlib_msgs/include/actionlib_msgs/actionlib_msgs/msg/goal_status.h
[1.228s] -- Up-to-date: /home/robot/app/robot_ws/install/actionlib_msgs/include/actionlib_msgs/actionlib_msgs/msg/rosidl_generator_c__visibility_control.h
[1.228s] -- Up-to-date: /home/robot/app/robot_ws/install/actionlib_msgs/share/actionlib_msgs/environment/library_path.sh
[1.228s] -- Up-to-date: /home/robot/app/robot_ws/install/actionlib_msgs/share/actionlib_msgs/environment/library_path.dsv
[1.228s] -- Up-to-date: /home/robot/app/robot_ws/install/actionlib_msgs/lib/libactionlib_msgs__rosidl_generator_c.so
[1.228s] -- Up-to-date: /home/robot/app/robot_ws/install/actionlib_msgs/include/actionlib_msgs/actionlib_msgs
[1.228s] -- Up-to-date: /home/robot/app/robot_ws/install/actionlib_msgs/include/actionlib_msgs/actionlib_msgs/msg
[1.228s] -- Up-to-date: /home/robot/app/robot_ws/install/actionlib_msgs/include/actionlib_msgs/actionlib_msgs/msg/detail
[1.229s] -- Up-to-date: /home/robot/app/robot_ws/install/actionlib_msgs/include/actionlib_msgs/actionlib_msgs/msg/detail/goal_status__rosidl_typesupport_fastrtps_c.h
[1.229s] -- Up-to-date: /home/robot/app/robot_ws/install/actionlib_msgs/include/actionlib_msgs/actionlib_msgs/msg/detail/goal_status_array__rosidl_typesupport_fastrtps_c.h
[1.229s] -- Up-to-date: /home/robot/app/robot_ws/install/actionlib_msgs/include/actionlib_msgs/actionlib_msgs/msg/detail/goal_id__rosidl_typesupport_fastrtps_c.h
[1.229s] -- Up-to-date: /home/robot/app/robot_ws/install/actionlib_msgs/include/actionlib_msgs/actionlib_msgs/msg/rosidl_typesupport_fastrtps_c__visibility_control.h
[1.229s] -- Up-to-date: /home/robot/app/robot_ws/install/actionlib_msgs/lib/libactionlib_msgs__rosidl_typesupport_fastrtps_c.so
[1.229s] -- Up-to-date: /home/robot/app/robot_ws/install/actionlib_msgs/include/actionlib_msgs/actionlib_msgs
[1.229s] -- Up-to-date: /home/robot/app/robot_ws/install/actionlib_msgs/include/actionlib_msgs/actionlib_msgs/msg
[1.230s] -- Up-to-date: /home/robot/app/robot_ws/install/actionlib_msgs/include/actionlib_msgs/actionlib_msgs/msg/detail
[1.230s] -- Up-to-date: /home/robot/app/robot_ws/install/actionlib_msgs/include/actionlib_msgs/actionlib_msgs/msg/detail/goal_status__builder.hpp
[1.230s] -- Up-to-date: /home/robot/app/robot_ws/install/actionlib_msgs/include/actionlib_msgs/actionlib_msgs/msg/detail/goal_id__builder.hpp
[1.230s] -- Up-to-date: /home/robot/app/robot_ws/install/actionlib_msgs/include/actionlib_msgs/actionlib_msgs/msg/detail/goal_status_array__builder.hpp
[1.230s] -- Up-to-date: /home/robot/app/robot_ws/install/actionlib_msgs/include/actionlib_msgs/actionlib_msgs/msg/detail/goal_status_array__struct.hpp
[1.230s] -- Up-to-date: /home/robot/app/robot_ws/install/actionlib_msgs/include/actionlib_msgs/actionlib_msgs/msg/detail/goal_status_array__traits.hpp
[1.230s] -- Up-to-date: /home/robot/app/robot_ws/install/actionlib_msgs/include/actionlib_msgs/actionlib_msgs/msg/detail/goal_status__struct.hpp
[1.231s] -- Up-to-date: /home/robot/app/robot_ws/install/actionlib_msgs/include/actionlib_msgs/actionlib_msgs/msg/detail/goal_id__struct.hpp
[1.231s] -- Up-to-date: /home/robot/app/robot_ws/install/actionlib_msgs/include/actionlib_msgs/actionlib_msgs/msg/detail/goal_id__traits.hpp
[1.231s] -- Up-to-date: /home/robot/app/robot_ws/install/actionlib_msgs/include/actionlib_msgs/actionlib_msgs/msg/detail/goal_status__traits.hpp
[1.231s] -- Up-to-date: /home/robot/app/robot_ws/install/actionlib_msgs/include/actionlib_msgs/actionlib_msgs/msg/goal_status_array.hpp
[1.231s] -- Up-to-date: /home/robot/app/robot_ws/install/actionlib_msgs/include/actionlib_msgs/actionlib_msgs/msg/goal_id.hpp
[1.231s] -- Up-to-date: /home/robot/app/robot_ws/install/actionlib_msgs/include/actionlib_msgs/actionlib_msgs/msg/goal_status.hpp
[1.231s] -- Up-to-date: /home/robot/app/robot_ws/install/actionlib_msgs/include/actionlib_msgs/actionlib_msgs
[1.231s] -- Up-to-date: /home/robot/app/robot_ws/install/actionlib_msgs/include/actionlib_msgs/actionlib_msgs/msg
[1.231s] -- Up-to-date: /home/robot/app/robot_ws/install/actionlib_msgs/include/actionlib_msgs/actionlib_msgs/msg/rosidl_typesupport_fastrtps_cpp__visibility_control.h
[1.231s] -- Up-to-date: /home/robot/app/robot_ws/install/actionlib_msgs/include/actionlib_msgs/actionlib_msgs/msg/detail
[1.232s] -- Up-to-date: /home/robot/app/robot_ws/install/actionlib_msgs/include/actionlib_msgs/actionlib_msgs/msg/detail/goal_status__rosidl_typesupport_fastrtps_cpp.hpp
[1.232s] -- Up-to-date: /home/robot/app/robot_ws/install/actionlib_msgs/include/actionlib_msgs/actionlib_msgs/msg/detail/dds_fastrtps
[1.232s] -- Up-to-date: /home/robot/app/robot_ws/install/actionlib_msgs/include/actionlib_msgs/actionlib_msgs/msg/detail/goal_status_array__rosidl_typesupport_fastrtps_cpp.hpp
[1.232s] -- Up-to-date: /home/robot/app/robot_ws/install/actionlib_msgs/include/actionlib_msgs/actionlib_msgs/msg/detail/goal_id__rosidl_typesupport_fastrtps_cpp.hpp
[1.232s] -- Up-to-date: /home/robot/app/robot_ws/install/actionlib_msgs/lib/libactionlib_msgs__rosidl_typesupport_fastrtps_cpp.so
[1.232s] -- Up-to-date: /home/robot/app/robot_ws/install/actionlib_msgs/include/actionlib_msgs
[1.232s] -- Up-to-date: /home/robot/app/robot_ws/install/actionlib_msgs/include/actionlib_msgs/msg
[1.232s] -- Up-to-date: /home/robot/app/robot_ws/install/actionlib_msgs/include/actionlib_msgs/msg/detail
[1.232s] -- Up-to-date: /home/robot/app/robot_ws/install/actionlib_msgs/include/actionlib_msgs/msg/detail/goal_id__rosidl_typesupport_microxrcedds_c.h
[1.232s] -- Up-to-date: /home/robot/app/robot_ws/install/actionlib_msgs/include/actionlib_msgs/msg/detail/microxrcedds
[1.232s] -- Up-to-date: /home/robot/app/robot_ws/install/actionlib_msgs/include/actionlib_msgs/msg/detail/goal_status__rosidl_typesupport_microxrcedds_c.h
[1.232s] -- Up-to-date: /home/robot/app/robot_ws/install/actionlib_msgs/include/actionlib_msgs/msg/detail/goal_status_array__rosidl_typesupport_microxrcedds_c.h
[1.233s] -- Up-to-date: /home/robot/app/robot_ws/install/actionlib_msgs/include/actionlib_msgs/msg/rosidl_typesupport_microxrcedds_c__visibility_control.h
[1.233s] -- Up-to-date: /home/robot/app/robot_ws/install/actionlib_msgs/lib/libactionlib_msgs__rosidl_typesupport_microxrcedds_c.so
[1.233s] -- Up-to-date: /home/robot/app/robot_ws/install/actionlib_msgs/include/actionlib_msgs/actionlib_msgs
[1.233s] -- Up-to-date: /home/robot/app/robot_ws/install/actionlib_msgs/include/actionlib_msgs/actionlib_msgs/msg
[1.233s] -- Up-to-date: /home/robot/app/robot_ws/install/actionlib_msgs/include/actionlib_msgs/actionlib_msgs/msg/rosidl_typesupport_introspection_c__visibility_control.h
[1.233s] -- Up-to-date: /home/robot/app/robot_ws/install/actionlib_msgs/include/actionlib_msgs/actionlib_msgs/msg/detail
[1.233s] -- Up-to-date: /home/robot/app/robot_ws/install/actionlib_msgs/include/actionlib_msgs/actionlib_msgs/msg/detail/goal_id__type_support.c
[1.233s] -- Up-to-date: /home/robot/app/robot_ws/install/actionlib_msgs/include/actionlib_msgs/actionlib_msgs/msg/detail/goal_id__rosidl_typesupport_introspection_c.h
[1.234s] -- Up-to-date: /home/robot/app/robot_ws/install/actionlib_msgs/include/actionlib_msgs/actionlib_msgs/msg/detail/goal_status__rosidl_typesupport_introspection_c.h
[1.234s] -- Up-to-date: /home/robot/app/robot_ws/install/actionlib_msgs/include/actionlib_msgs/actionlib_msgs/msg/detail/goal_status_array__rosidl_typesupport_introspection_c.h
[1.234s] -- Up-to-date: /home/robot/app/robot_ws/install/actionlib_msgs/include/actionlib_msgs/actionlib_msgs/msg/detail/goal_status_array__type_support.c
[1.234s] -- Up-to-date: /home/robot/app/robot_ws/install/actionlib_msgs/include/actionlib_msgs/actionlib_msgs/msg/detail/goal_status__type_support.c
[1.234s] -- Up-to-date: /home/robot/app/robot_ws/install/actionlib_msgs/lib/libactionlib_msgs__rosidl_typesupport_introspection_c.so
[1.234s] -- Up-to-date: /home/robot/app/robot_ws/install/actionlib_msgs/lib/libactionlib_msgs__rosidl_typesupport_c.so
[1.234s] -- Up-to-date: /home/robot/app/robot_ws/install/actionlib_msgs/include/actionlib_msgs
[1.235s] -- Up-to-date: /home/robot/app/robot_ws/install/actionlib_msgs/include/actionlib_msgs/msg
[1.235s] -- Up-to-date: /home/robot/app/robot_ws/install/actionlib_msgs/include/actionlib_msgs/msg/detail
[1.235s] -- Up-to-date: /home/robot/app/robot_ws/install/actionlib_msgs/include/actionlib_msgs/msg/detail/microxrcedds
[1.235s] -- Up-to-date: /home/robot/app/robot_ws/install/actionlib_msgs/include/actionlib_msgs/msg/detail/microxrcedds/goal_status__type_support_cpp.cpp
[1.235s] -- Up-to-date: /home/robot/app/robot_ws/install/actionlib_msgs/include/actionlib_msgs/msg/detail/microxrcedds/goal_status_array__type_support_cpp.cpp
[1.235s] -- Up-to-date: /home/robot/app/robot_ws/install/actionlib_msgs/include/actionlib_msgs/msg/detail/microxrcedds/goal_id__type_support_cpp.cpp
[1.235s] -- Up-to-date: /home/robot/app/robot_ws/install/actionlib_msgs/include/actionlib_msgs/msg/detail/goal_status__rosidl_typesupport_microxrcedds_cpp.hpp
[1.235s] -- Up-to-date: /home/robot/app/robot_ws/install/actionlib_msgs/include/actionlib_msgs/msg/detail/goal_id__rosidl_typesupport_microxrcedds_cpp.hpp
[1.235s] -- Up-to-date: /home/robot/app/robot_ws/install/actionlib_msgs/include/actionlib_msgs/msg/detail/goal_status_array__rosidl_typesupport_microxrcedds_cpp.hpp
[1.235s] -- Up-to-date: /home/robot/app/robot_ws/install/actionlib_msgs/include/actionlib_msgs/msg/rosidl_typesupport_microxrcedds_cpp__visibility_control.h
[1.236s] -- Up-to-date: /home/robot/app/robot_ws/install/actionlib_msgs/lib/libactionlib_msgs__rosidl_typesupport_microxrcedds_cpp.so
[1.237s] -- Up-to-date: /home/robot/app/robot_ws/install/actionlib_msgs/include/actionlib_msgs/actionlib_msgs
[1.237s] -- Up-to-date: /home/robot/app/robot_ws/install/actionlib_msgs/include/actionlib_msgs/actionlib_msgs/msg
[1.237s] -- Up-to-date: /home/robot/app/robot_ws/install/actionlib_msgs/include/actionlib_msgs/actionlib_msgs/msg/detail
[1.237s] -- Up-to-date: /home/robot/app/robot_ws/install/actionlib_msgs/include/actionlib_msgs/actionlib_msgs/msg/detail/goal_status_array__rosidl_typesupport_introspection_cpp.hpp
[1.237s] -- Up-to-date: /home/robot/app/robot_ws/install/actionlib_msgs/include/actionlib_msgs/actionlib_msgs/msg/detail/goal_status__rosidl_typesupport_introspection_cpp.hpp
[1.237s] -- Up-to-date: /home/robot/app/robot_ws/install/actionlib_msgs/include/actionlib_msgs/actionlib_msgs/msg/detail/goal_id__rosidl_typesupport_introspection_cpp.hpp
[1.237s] -- Up-to-date: /home/robot/app/robot_ws/install/actionlib_msgs/include/actionlib_msgs/actionlib_msgs/msg/detail/goal_status__type_support.cpp
[1.238s] -- Up-to-date: /home/robot/app/robot_ws/install/actionlib_msgs/include/actionlib_msgs/actionlib_msgs/msg/detail/goal_status_array__type_support.cpp
[1.238s] -- Up-to-date: /home/robot/app/robot_ws/install/actionlib_msgs/include/actionlib_msgs/actionlib_msgs/msg/detail/goal_id__type_support.cpp
[1.238s] -- Up-to-date: /home/robot/app/robot_ws/install/actionlib_msgs/lib/libactionlib_msgs__rosidl_typesupport_introspection_cpp.so
[1.238s] -- Up-to-date: /home/robot/app/robot_ws/install/actionlib_msgs/lib/libactionlib_msgs__rosidl_typesupport_cpp.so
[1.238s] -- Up-to-date: /home/robot/app/robot_ws/install/actionlib_msgs/share/actionlib_msgs/environment/pythonpath.sh
[1.238s] -- Up-to-date: /home/robot/app/robot_ws/install/actionlib_msgs/share/actionlib_msgs/environment/pythonpath.dsv
[1.240s] -- Up-to-date: /home/robot/app/robot_ws/install/actionlib_msgs/local/lib/python3.10/dist-packages/actionlib_msgs-4.2.4-py3.10.egg-info
[1.240s] -- Installing: /home/robot/app/robot_ws/install/actionlib_msgs/local/lib/python3.10/dist-packages/actionlib_msgs-4.2.4-py3.10.egg-info/dependency_links.txt
[1.240s] -- Installing: /home/robot/app/robot_ws/install/actionlib_msgs/local/lib/python3.10/dist-packages/actionlib_msgs-4.2.4-py3.10.egg-info/PKG-INFO
[1.240s] -- Installing: /home/robot/app/robot_ws/install/actionlib_msgs/local/lib/python3.10/dist-packages/actionlib_msgs-4.2.4-py3.10.egg-info/SOURCES.txt
[1.240s] -- Installing: /home/robot/app/robot_ws/install/actionlib_msgs/local/lib/python3.10/dist-packages/actionlib_msgs-4.2.4-py3.10.egg-info/top_level.txt
[1.240s] -- Up-to-date: /home/robot/app/robot_ws/install/actionlib_msgs/local/lib/python3.10/dist-packages/actionlib_msgs
[1.240s] -- Up-to-date: /home/robot/app/robot_ws/install/actionlib_msgs/local/lib/python3.10/dist-packages/actionlib_msgs/__init__.py
[1.240s] -- Up-to-date: /home/robot/app/robot_ws/install/actionlib_msgs/local/lib/python3.10/dist-packages/actionlib_msgs/_actionlib_msgs_s.ep.rosidl_typesupport_microxrcedds_c.c
[1.240s] -- Up-to-date: /home/robot/app/robot_ws/install/actionlib_msgs/local/lib/python3.10/dist-packages/actionlib_msgs/_actionlib_msgs_s.ep.rosidl_typesupport_c.c
[1.241s] -- Up-to-date: /home/robot/app/robot_ws/install/actionlib_msgs/local/lib/python3.10/dist-packages/actionlib_msgs/actionlib_msgs_s__rosidl_typesupport_microxrcedds_c.cpython-310-x86_64-linux-gnu.so
[1.241s] -- Up-to-date: /home/robot/app/robot_ws/install/actionlib_msgs/local/lib/python3.10/dist-packages/actionlib_msgs/actionlib_msgs_s__rosidl_typesupport_c.cpython-310-x86_64-linux-gnu.so
[1.241s] -- Up-to-date: /home/robot/app/robot_ws/install/actionlib_msgs/local/lib/python3.10/dist-packages/actionlib_msgs/_actionlib_msgs_s.ep.rosidl_typesupport_introspection_c.c
[1.241s] -- Up-to-date: /home/robot/app/robot_ws/install/actionlib_msgs/local/lib/python3.10/dist-packages/actionlib_msgs/actionlib_msgs_s__rosidl_typesupport_fastrtps_c.cpython-310-x86_64-linux-gnu.so
[1.241s] -- Up-to-date: /home/robot/app/robot_ws/install/actionlib_msgs/local/lib/python3.10/dist-packages/actionlib_msgs/libactionlib_msgs__rosidl_generator_py.so
[1.241s] -- Up-to-date: /home/robot/app/robot_ws/install/actionlib_msgs/local/lib/python3.10/dist-packages/actionlib_msgs/_actionlib_msgs_s.ep.rosidl_typesupport_fastrtps_c.c
[1.241s] -- Up-to-date: /home/robot/app/robot_ws/install/actionlib_msgs/local/lib/python3.10/dist-packages/actionlib_msgs/actionlib_msgs_s__rosidl_typesupport_introspection_c.cpython-310-x86_64-linux-gnu.so
[1.241s] -- Up-to-date: /home/robot/app/robot_ws/install/actionlib_msgs/local/lib/python3.10/dist-packages/actionlib_msgs/msg
[1.241s] -- Up-to-date: /home/robot/app/robot_ws/install/actionlib_msgs/local/lib/python3.10/dist-packages/actionlib_msgs/msg/_goal_status_array.py
[1.241s] -- Up-to-date: /home/robot/app/robot_ws/install/actionlib_msgs/local/lib/python3.10/dist-packages/actionlib_msgs/msg/__init__.py
[1.242s] -- Up-to-date: /home/robot/app/robot_ws/install/actionlib_msgs/local/lib/python3.10/dist-packages/actionlib_msgs/msg/_goal_id_s.c
[1.242s] -- Up-to-date: /home/robot/app/robot_ws/install/actionlib_msgs/local/lib/python3.10/dist-packages/actionlib_msgs/msg/_goal_status_array_s.c
[1.242s] -- Up-to-date: /home/robot/app/robot_ws/install/actionlib_msgs/local/lib/python3.10/dist-packages/actionlib_msgs/msg/_goal_status.py
[1.242s] -- Up-to-date: /home/robot/app/robot_ws/install/actionlib_msgs/local/lib/python3.10/dist-packages/actionlib_msgs/msg/_goal_id.py
[1.242s] -- Up-to-date: /home/robot/app/robot_ws/install/actionlib_msgs/local/lib/python3.10/dist-packages/actionlib_msgs/msg/_goal_status_s.c
[1.324s] Listing '/home/robot/app/robot_ws/install/actionlib_msgs/local/lib/python3.10/dist-packages/actionlib_msgs'...
[1.325s] Listing '/home/robot/app/robot_ws/install/actionlib_msgs/local/lib/python3.10/dist-packages/actionlib_msgs/msg'...
[1.332s] -- Up-to-date: /home/robot/app/robot_ws/install/actionlib_msgs/local/lib/python3.10/dist-packages/actionlib_msgs/actionlib_msgs_s__rosidl_typesupport_microxrcedds_c.cpython-310-x86_64-linux-gnu.so
[1.333s] -- Up-to-date: /home/robot/app/robot_ws/install/actionlib_msgs/local/lib/python3.10/dist-packages/actionlib_msgs/actionlib_msgs_s__rosidl_typesupport_fastrtps_c.cpython-310-x86_64-linux-gnu.so
[1.333s] -- Up-to-date: /home/robot/app/robot_ws/install/actionlib_msgs/local/lib/python3.10/dist-packages/actionlib_msgs/actionlib_msgs_s__rosidl_typesupport_introspection_c.cpython-310-x86_64-linux-gnu.so
[1.334s] -- Up-to-date: /home/robot/app/robot_ws/install/actionlib_msgs/local/lib/python3.10/dist-packages/actionlib_msgs/actionlib_msgs_s__rosidl_typesupport_c.cpython-310-x86_64-linux-gnu.so
[1.334s] -- Up-to-date: /home/robot/app/robot_ws/install/actionlib_msgs/lib/libactionlib_msgs__rosidl_generator_py.so
[1.335s] -- Up-to-date: /home/robot/app/robot_ws/install/actionlib_msgs/share/actionlib_msgs/msg/GoalID.idl
[1.335s] -- Up-to-date: /home/robot/app/robot_ws/install/actionlib_msgs/share/actionlib_msgs/msg/GoalStatus.idl
[1.335s] -- Up-to-date: /home/robot/app/robot_ws/install/actionlib_msgs/share/actionlib_msgs/msg/GoalStatusArray.idl
[1.335s] -- Up-to-date: /home/robot/app/robot_ws/install/actionlib_msgs/share/actionlib_msgs/msg/GoalID.msg
[1.335s] -- Up-to-date: /home/robot/app/robot_ws/install/actionlib_msgs/share/actionlib_msgs/msg/GoalStatus.msg
[1.335s] -- Up-to-date: /home/robot/app/robot_ws/install/actionlib_msgs/share/actionlib_msgs/msg/GoalStatusArray.msg
[1.336s] -- Up-to-date: /home/robot/app/robot_ws/install/actionlib_msgs/share/ament_index/resource_index/package_run_dependencies/actionlib_msgs
[1.336s] -- Up-to-date: /home/robot/app/robot_ws/install/actionlib_msgs/share/ament_index/resource_index/parent_prefix_path/actionlib_msgs
[1.336s] -- Up-to-date: /home/robot/app/robot_ws/install/actionlib_msgs/share/actionlib_msgs/environment/ament_prefix_path.sh
[1.336s] -- Up-to-date: /home/robot/app/robot_ws/install/actionlib_msgs/share/actionlib_msgs/environment/ament_prefix_path.dsv
[1.336s] -- Up-to-date: /home/robot/app/robot_ws/install/actionlib_msgs/share/actionlib_msgs/environment/path.sh
[1.336s] -- Up-to-date: /home/robot/app/robot_ws/install/actionlib_msgs/share/actionlib_msgs/environment/path.dsv
[1.336s] -- Up-to-date: /home/robot/app/robot_ws/install/actionlib_msgs/share/actionlib_msgs/local_setup.bash
[1.336s] -- Up-to-date: /home/robot/app/robot_ws/install/actionlib_msgs/share/actionlib_msgs/local_setup.sh
[1.337s] -- Up-to-date: /home/robot/app/robot_ws/install/actionlib_msgs/share/actionlib_msgs/local_setup.zsh
[1.337s] -- Up-to-date: /home/robot/app/robot_ws/install/actionlib_msgs/share/actionlib_msgs/local_setup.dsv
[1.337s] -- Installing: /home/robot/app/robot_ws/install/actionlib_msgs/share/actionlib_msgs/package.dsv
[1.337s] -- Up-to-date: /home/robot/app/robot_ws/install/actionlib_msgs/share/ament_index/resource_index/packages/actionlib_msgs
[1.337s] -- Up-to-date: /home/robot/app/robot_ws/install/actionlib_msgs/share/actionlib_msgs/cmake/export_actionlib_msgs__rosidl_generator_cExport.cmake
[1.338s] -- Up-to-date: /home/robot/app/robot_ws/install/actionlib_msgs/share/actionlib_msgs/cmake/export_actionlib_msgs__rosidl_generator_cExport-noconfig.cmake
[1.338s] -- Up-to-date: /home/robot/app/robot_ws/install/actionlib_msgs/share/actionlib_msgs/cmake/export_actionlib_msgs__rosidl_typesupport_fastrtps_cExport.cmake
[1.338s] -- Up-to-date: /home/robot/app/robot_ws/install/actionlib_msgs/share/actionlib_msgs/cmake/export_actionlib_msgs__rosidl_typesupport_fastrtps_cExport-noconfig.cmake
[1.338s] -- Up-to-date: /home/robot/app/robot_ws/install/actionlib_msgs/share/actionlib_msgs/cmake/export_actionlib_msgs__rosidl_generator_cppExport.cmake
[1.338s] -- Up-to-date: /home/robot/app/robot_ws/install/actionlib_msgs/share/actionlib_msgs/cmake/export_actionlib_msgs__rosidl_typesupport_fastrtps_cppExport.cmake
[1.338s] -- Up-to-date: /home/robot/app/robot_ws/install/actionlib_msgs/share/actionlib_msgs/cmake/export_actionlib_msgs__rosidl_typesupport_fastrtps_cppExport-noconfig.cmake
[1.338s] -- Up-to-date: /home/robot/app/robot_ws/install/actionlib_msgs/share/actionlib_msgs/cmake/actionlib_msgs__rosidl_typesupport_introspection_cExport.cmake
[1.338s] -- Up-to-date: /home/robot/app/robot_ws/install/actionlib_msgs/share/actionlib_msgs/cmake/actionlib_msgs__rosidl_typesupport_introspection_cExport-noconfig.cmake
[1.339s] -- Up-to-date: /home/robot/app/robot_ws/install/actionlib_msgs/share/actionlib_msgs/cmake/actionlib_msgs__rosidl_typesupport_cExport.cmake
[1.339s] -- Up-to-date: /home/robot/app/robot_ws/install/actionlib_msgs/share/actionlib_msgs/cmake/actionlib_msgs__rosidl_typesupport_cExport-noconfig.cmake
[1.340s] -- Up-to-date: /home/robot/app/robot_ws/install/actionlib_msgs/share/actionlib_msgs/cmake/actionlib_msgs__rosidl_typesupport_introspection_cppExport.cmake
[1.340s] -- Up-to-date: /home/robot/app/robot_ws/install/actionlib_msgs/share/actionlib_msgs/cmake/actionlib_msgs__rosidl_typesupport_introspection_cppExport-noconfig.cmake
[1.340s] -- Up-to-date: /home/robot/app/robot_ws/install/actionlib_msgs/share/actionlib_msgs/cmake/actionlib_msgs__rosidl_typesupport_cppExport.cmake
[1.341s] -- Up-to-date: /home/robot/app/robot_ws/install/actionlib_msgs/share/actionlib_msgs/cmake/actionlib_msgs__rosidl_typesupport_cppExport-noconfig.cmake
[1.341s] -- Up-to-date: /home/robot/app/robot_ws/install/actionlib_msgs/share/actionlib_msgs/cmake/export_actionlib_msgs__rosidl_generator_pyExport.cmake
[1.341s] -- Up-to-date: /home/robot/app/robot_ws/install/actionlib_msgs/share/actionlib_msgs/cmake/export_actionlib_msgs__rosidl_generator_pyExport-noconfig.cmake
[1.341s] -- Up-to-date: /home/robot/app/robot_ws/install/actionlib_msgs/share/actionlib_msgs/cmake/rosidl_cmake-extras.cmake
[1.341s] -- Up-to-date: /home/robot/app/robot_ws/install/actionlib_msgs/share/actionlib_msgs/cmake/ament_cmake_export_dependencies-extras.cmake
[1.341s] -- Up-to-date: /home/robot/app/robot_ws/install/actionlib_msgs/share/actionlib_msgs/cmake/ament_cmake_export_include_directories-extras.cmake
[1.341s] -- Up-to-date: /home/robot/app/robot_ws/install/actionlib_msgs/share/actionlib_msgs/cmake/ament_cmake_export_libraries-extras.cmake
[1.341s] -- Up-to-date: /home/robot/app/robot_ws/install/actionlib_msgs/share/actionlib_msgs/cmake/ament_cmake_export_targets-extras.cmake
[1.342s] -- Up-to-date: /home/robot/app/robot_ws/install/actionlib_msgs/share/actionlib_msgs/cmake/rosidl_cmake_export_typesupport_targets-extras.cmake
[1.342s] -- Up-to-date: /home/robot/app/robot_ws/install/actionlib_msgs/share/actionlib_msgs/cmake/rosidl_cmake_export_typesupport_libraries-extras.cmake
[1.342s] -- Up-to-date: /home/robot/app/robot_ws/install/actionlib_msgs/share/actionlib_msgs/cmake/actionlib_msgsConfig.cmake
[1.342s] -- Up-to-date: /home/robot/app/robot_ws/install/actionlib_msgs/share/actionlib_msgs/cmake/actionlib_msgsConfig-version.cmake
[1.342s] -- Up-to-date: /home/robot/app/robot_ws/install/actionlib_msgs/share/actionlib_msgs/package.xml
[1.344s] Invoked command in '/home/robot/app/robot_ws/build/actionlib_msgs' returned '0': CMAKE_PREFIX_PATH=/home/robot/app/robot_ws/install/std_msgs:/home/robot/app/robot_ws/install/builtin_interfaces:/home/robot/app/robot_ws/install/micro_ros_demos_rclc:/home/robot/app/robot_ws/install/common_interfaces:/home/robot/app/robot_ws/install/visualization_msgs:/home/robot/app/robot_ws/install/test_msgs:/home/robot/app/robot_ws/install/example_interfaces:/home/robot/app/robot_ws/install/action_msgs:/home/robot/app/robot_ws/install/unique_identifier_msgs:/home/robot/app/robot_ws/install/trajectory_msgs:/home/robot/app/robot_ws/install/stereo_msgs:/home/robot/app/robot_ws/install/std_srvs:/home/robot/app/robot_ws/install/shape_msgs:/home/robot/app/robot_ws/install/sensor_msgs:/home/robot/app/robot_ws/install/nav_msgs:/home/robot/app/robot_ws/install/diagnostic_msgs:/home/robot/app/robot_ws/install/geometry_msgs:/home/robot/app/robot_ws/install/actionlib_msgs:/home/robot/app/robot_ws/install/statistics_msgs:/home/robot/app/robot_ws/install/rosidl_typesupport_microxrcedds_test_msg:/home/robot/app/robot_ws/install/rosidl_typesupport_microxrcedds_cpp_tests:/home/robot/app/robot_ws/install/rmw_microxrcedds:/home/robot/app/robot_ws/install/rosidl_typesupport_microxrcedds_cpp:/home/robot/app/robot_ws/install/rosidl_typesupport_microxrcedds_c_tests:/home/robot/app/robot_ws/install/rosidl_typesupport_microxrcedds_c:/home/robot/app/robot_ws/install/rosgraph_msgs:/home/robot/app/robot_ws/install/rclc_parameter:/home/robot/app/robot_ws/install/rclc:/home/robot/app/robot_ws/install/composition_interfaces:/home/robot/app/robot_ws/install/rcl_interfaces:/home/robot/app/robot_ws/install/microxrcedds_client:/home/robot/app/robot_ws/install/microcdr:/home/robot/app/robot_ws/install/micro_ros_utilities:/home/robot/app/robot_ws/install/micro_ros_msgs:/home/robot/app/robot_ws/install/lifecycle_msgs:/home/robot/app/robot_ws/install/complex_msgs:/home/robot/app/robot_ws/install/micro_ros_setup:/home/robot/app/robot_ws/install/sensor_msgs_py:/opt/ros/humble LD_LIBRARY_PATH=/home/robot/app/robot_ws/install/std_msgs/lib:/home/robot/app/robot_ws/install/builtin_interfaces/lib:/home/robot/app/robot_ws/install/visualization_msgs/lib:/home/robot/app/robot_ws/install/test_msgs/lib:/home/robot/app/robot_ws/install/example_interfaces/lib:/home/robot/app/robot_ws/install/action_msgs/lib:/home/robot/app/robot_ws/install/unique_identifier_msgs/lib:/home/robot/app/robot_ws/install/trajectory_msgs/lib:/home/robot/app/robot_ws/install/stereo_msgs/lib:/home/robot/app/robot_ws/install/std_srvs/lib:/home/robot/app/robot_ws/install/shape_msgs/lib:/home/robot/app/robot_ws/install/sensor_msgs/lib:/home/robot/app/robot_ws/install/nav_msgs/lib:/home/robot/app/robot_ws/install/diagnostic_msgs/lib:/home/robot/app/robot_ws/install/geometry_msgs/lib:/home/robot/app/robot_ws/install/actionlib_msgs/lib:/home/robot/app/robot_ws/install/statistics_msgs/lib:/home/robot/app/robot_ws/install/rmw_microxrcedds/lib:/home/robot/app/robot_ws/install/rosidl_typesupport_microxrcedds_cpp/lib:/home/robot/app/robot_ws/install/rosidl_typesupport_microxrcedds_c/lib:/home/robot/app/robot_ws/install/rosgraph_msgs/lib:/home/robot/app/robot_ws/install/rclc_parameter/lib:/home/robot/app/robot_ws/install/rclc/lib:/home/robot/app/robot_ws/install/composition_interfaces/lib:/home/robot/app/robot_ws/install/rcl_interfaces/lib:/home/robot/app/robot_ws/install/microxrcedds_client/lib:/home/robot/app/robot_ws/install/microcdr/lib:/home/robot/app/robot_ws/install/micro_ros_utilities/lib:/home/robot/app/robot_ws/install/micro_ros_msgs/lib:/home/robot/app/robot_ws/install/lifecycle_msgs/lib:/home/robot/app/robot_ws/install/complex_msgs/lib:/opt/ros/humble/opt/rviz_ogre_vendor/lib:/opt/ros/humble/lib/x86_64-linux-gnu:/opt/ros/humble/lib /usr/bin/cmake --install /home/robot/app/robot_ws/build/actionlib_msgs
