[0.080s] Invoking command in '/home/robot/app/robot_ws/build/micro_ros_utilities': CMAKE_PREFIX_PATH=${CMAKE_PREFIX_PATH}:/home/robot/app/robot_ws/install/sensor_msgs_py:/opt/ros/humble /usr/bin/cmake /home/robot/app/robot_ws/src/uros/micro_ros_utilities -DCMAKE_INSTALL_PREFIX=/home/robot/app/robot_ws/install/micro_ros_utilities
[0.119s] -- Found ament_cmake: 1.3.10 (/opt/ros/humble/share/ament_cmake/cmake)
[0.496s] -- Found rosidl_typesupport_introspection_c: 3.1.5 (/opt/ros/humble/share/rosidl_typesupport_introspection_c/cmake)
[0.509s] -- Found rosidl_adapter: 3.1.5 (/opt/ros/humble/share/rosidl_adapter/cmake)
[0.764s] -- Configuring done
[0.790s] -- Generating done
[0.792s] -- Build files have been written to: /home/robot/app/robot_ws/build/micro_ros_utilities
[0.819s] Invoked command in '/home/robot/app/robot_ws/build/micro_ros_utilities' returned '0': CMAKE_PREFIX_PATH=${CMAKE_PREFIX_PATH}:/home/robot/app/robot_ws/install/sensor_msgs_py:/opt/ros/humble /usr/bin/cmake /home/robot/app/robot_ws/src/uros/micro_ros_utilities -DCMAKE_INSTALL_PREFIX=/home/robot/app/robot_ws/install/micro_ros_utilities
[0.820s] Invoking command in '/home/robot/app/robot_ws/build/micro_ros_utilities': CMAKE_PREFIX_PATH=${CMAKE_PREFIX_PATH}:/home/robot/app/robot_ws/install/sensor_msgs_py:/opt/ros/humble /usr/bin/cmake --build /home/robot/app/robot_ws/build/micro_ros_utilities -- -j8 -l8
[0.936s] [35m[1mConsolidate compiler generated dependencies of target micro_ros_utilities[0m
[0.979s] [100%] Built target micro_ros_utilities
[1.064s] Invoked command in '/home/robot/app/robot_ws/build/micro_ros_utilities' returned '0': CMAKE_PREFIX_PATH=${CMAKE_PREFIX_PATH}:/home/robot/app/robot_ws/install/sensor_msgs_py:/opt/ros/humble /usr/bin/cmake --build /home/robot/app/robot_ws/build/micro_ros_utilities -- -j8 -l8
[1.220s] Invoking command in '/home/robot/app/robot_ws/build/micro_ros_utilities': CMAKE_PREFIX_PATH=${CMAKE_PREFIX_PATH}:/home/robot/app/robot_ws/install/sensor_msgs_py:/opt/ros/humble /usr/bin/cmake --install /home/robot/app/robot_ws/build/micro_ros_utilities
[2.066s] -- Install configuration: ""
[2.066s] -- Up-to-date: /home/robot/app/robot_ws/install/micro_ros_utilities/include
[2.066s] -- Up-to-date: /home/robot/app/robot_ws/install/micro_ros_utilities/include/micro_ros_utilities
[2.066s] -- Up-to-date: /home/robot/app/robot_ws/install/micro_ros_utilities/include/micro_ros_utilities/string_utilities.h
[2.066s] -- Up-to-date: /home/robot/app/robot_ws/install/micro_ros_utilities/include/micro_ros_utilities/type_utilities.h
[2.067s] -- Up-to-date: /home/robot/app/robot_ws/install/micro_ros_utilities/include/micro_ros_utilities/visibility_control.h
[2.067s] -- Up-to-date: /home/robot/app/robot_ws/install/micro_ros_utilities/lib/libmicro_ros_utilities.so
[2.067s] -- Up-to-date: /home/robot/app/robot_ws/install/micro_ros_utilities/share/micro_ros_utilities/environment/library_path.sh
[2.067s] -- Installing: /home/robot/app/robot_ws/install/micro_ros_utilities/share/micro_ros_utilities/environment/library_path.dsv
[2.067s] -- Up-to-date: /home/robot/app/robot_ws/install/micro_ros_utilities/share/ament_index/resource_index/package_run_dependencies/micro_ros_utilities
[2.067s] -- Installing: /home/robot/app/robot_ws/install/micro_ros_utilities/share/ament_index/resource_index/parent_prefix_path/micro_ros_utilities
[2.067s] -- Up-to-date: /home/robot/app/robot_ws/install/micro_ros_utilities/share/micro_ros_utilities/environment/ament_prefix_path.sh
[2.067s] -- Installing: /home/robot/app/robot_ws/install/micro_ros_utilities/share/micro_ros_utilities/environment/ament_prefix_path.dsv
[2.067s] -- Up-to-date: /home/robot/app/robot_ws/install/micro_ros_utilities/share/micro_ros_utilities/environment/path.sh
[2.067s] -- Installing: /home/robot/app/robot_ws/install/micro_ros_utilities/share/micro_ros_utilities/environment/path.dsv
[2.068s] -- Up-to-date: /home/robot/app/robot_ws/install/micro_ros_utilities/share/micro_ros_utilities/local_setup.bash
[2.068s] -- Up-to-date: /home/robot/app/robot_ws/install/micro_ros_utilities/share/micro_ros_utilities/local_setup.sh
[2.068s] -- Up-to-date: /home/robot/app/robot_ws/install/micro_ros_utilities/share/micro_ros_utilities/local_setup.zsh
[2.068s] -- Installing: /home/robot/app/robot_ws/install/micro_ros_utilities/share/micro_ros_utilities/local_setup.dsv
[2.068s] -- Installing: /home/robot/app/robot_ws/install/micro_ros_utilities/share/micro_ros_utilities/package.dsv
[2.068s] -- Up-to-date: /home/robot/app/robot_ws/install/micro_ros_utilities/share/ament_index/resource_index/packages/micro_ros_utilities
[2.068s] -- Up-to-date: /home/robot/app/robot_ws/install/micro_ros_utilities/share/micro_ros_utilities/cmake/ament_cmake_export_include_directories-extras.cmake
[2.068s] -- Up-to-date: /home/robot/app/robot_ws/install/micro_ros_utilities/share/micro_ros_utilities/cmake/ament_cmake_export_libraries-extras.cmake
[2.068s] -- Up-to-date: /home/robot/app/robot_ws/install/micro_ros_utilities/share/micro_ros_utilities/cmake/ament_cmake_export_dependencies-extras.cmake
[2.068s] -- Up-to-date: /home/robot/app/robot_ws/install/micro_ros_utilities/share/micro_ros_utilities/cmake/micro_ros_utilitiesConfig.cmake
[2.069s] -- Up-to-date: /home/robot/app/robot_ws/install/micro_ros_utilities/share/micro_ros_utilities/cmake/micro_ros_utilitiesConfig-version.cmake
[2.069s] -- Up-to-date: /home/robot/app/robot_ws/install/micro_ros_utilities/share/micro_ros_utilities/package.xml
[2.093s] Invoked command in '/home/robot/app/robot_ws/build/micro_ros_utilities' returned '0': CMAKE_PREFIX_PATH=${CMAKE_PREFIX_PATH}:/home/robot/app/robot_ws/install/sensor_msgs_py:/opt/ros/humble /usr/bin/cmake --install /home/robot/app/robot_ws/build/micro_ros_utilities
