[0.146s] Invoking command in '/home/robot/app/robot_ws/build/statistics_msgs': CMAKE_PREFIX_PATH=/home/robot/app/robot_ws/install/builtin_interfaces:/home/robot/app/robot_ws/install/micro_ros_demos_rclc:/home/robot/app/robot_ws/install/common_interfaces:/home/robot/app/robot_ws/install/visualization_msgs:/home/robot/app/robot_ws/install/test_msgs:/home/robot/app/robot_ws/install/example_interfaces:/home/robot/app/robot_ws/install/action_msgs:/home/robot/app/robot_ws/install/unique_identifier_msgs:/home/robot/app/robot_ws/install/trajectory_msgs:/home/robot/app/robot_ws/install/stereo_msgs:/home/robot/app/robot_ws/install/std_srvs:/home/robot/app/robot_ws/install/shape_msgs:/home/robot/app/robot_ws/install/sensor_msgs:/home/robot/app/robot_ws/install/nav_msgs:/home/robot/app/robot_ws/install/diagnostic_msgs:/home/robot/app/robot_ws/install/geometry_msgs:/home/robot/app/robot_ws/install/actionlib_msgs:/home/robot/app/robot_ws/install/std_msgs:/home/robot/app/robot_ws/install/statistics_msgs:/home/robot/app/robot_ws/install/rosidl_typesupport_microxrcedds_test_msg:/home/robot/app/robot_ws/install/rosidl_typesupport_microxrcedds_cpp_tests:/home/robot/app/robot_ws/install/rmw_microxrcedds:/home/robot/app/robot_ws/install/rosidl_typesupport_microxrcedds_cpp:/home/robot/app/robot_ws/install/rosidl_typesupport_microxrcedds_c_tests:/home/robot/app/robot_ws/install/rosidl_typesupport_microxrcedds_c:/home/robot/app/robot_ws/install/rosgraph_msgs:/home/robot/app/robot_ws/install/rclc_parameter:/home/robot/app/robot_ws/install/rclc:/home/robot/app/robot_ws/install/composition_interfaces:/home/robot/app/robot_ws/install/rcl_interfaces:/home/robot/app/robot_ws/install/microxrcedds_client:/home/robot/app/robot_ws/install/microcdr:/home/robot/app/robot_ws/install/micro_ros_utilities:/home/robot/app/robot_ws/install/micro_ros_msgs:/home/robot/app/robot_ws/install/lifecycle_msgs:/home/robot/app/robot_ws/install/complex_msgs:/home/robot/app/robot_ws/install/micro_ros_setup:/home/robot/app/robot_ws/install/my_custom_message:/home/robot/app/robot_ws/install/sensor_msgs_py:/opt/ros/humble LD_LIBRARY_PATH=/home/robot/app/robot_ws/install/builtin_interfaces/lib:/home/robot/app/robot_ws/install/visualization_msgs/lib:/home/robot/app/robot_ws/install/test_msgs/lib:/home/robot/app/robot_ws/install/example_interfaces/lib:/home/robot/app/robot_ws/install/action_msgs/lib:/home/robot/app/robot_ws/install/unique_identifier_msgs/lib:/home/robot/app/robot_ws/install/trajectory_msgs/lib:/home/robot/app/robot_ws/install/stereo_msgs/lib:/home/robot/app/robot_ws/install/std_srvs/lib:/home/robot/app/robot_ws/install/shape_msgs/lib:/home/robot/app/robot_ws/install/sensor_msgs/lib:/home/robot/app/robot_ws/install/nav_msgs/lib:/home/robot/app/robot_ws/install/diagnostic_msgs/lib:/home/robot/app/robot_ws/install/geometry_msgs/lib:/home/robot/app/robot_ws/install/actionlib_msgs/lib:/home/robot/app/robot_ws/install/std_msgs/lib:/home/robot/app/robot_ws/install/statistics_msgs/lib:/home/robot/app/robot_ws/install/rmw_microxrcedds/lib:/home/robot/app/robot_ws/install/rosidl_typesupport_microxrcedds_cpp/lib:/home/robot/app/robot_ws/install/rosidl_typesupport_microxrcedds_c/lib:/home/robot/app/robot_ws/install/rosgraph_msgs/lib:/home/robot/app/robot_ws/install/rclc_parameter/lib:/home/robot/app/robot_ws/install/rclc/lib:/home/robot/app/robot_ws/install/composition_interfaces/lib:/home/robot/app/robot_ws/install/rcl_interfaces/lib:/home/robot/app/robot_ws/install/microxrcedds_client/lib:/home/robot/app/robot_ws/install/microcdr/lib:/home/robot/app/robot_ws/install/micro_ros_utilities/lib:/home/robot/app/robot_ws/install/micro_ros_msgs/lib:/home/robot/app/robot_ws/install/lifecycle_msgs/lib:/home/robot/app/robot_ws/install/complex_msgs/lib:/home/robot/app/robot_ws/install/my_custom_message/lib:/opt/ros/humble/opt/rviz_ogre_vendor/lib:/opt/ros/humble/lib/x86_64-linux-gnu:/opt/ros/humble/lib /usr/bin/cmake --build /home/robot/app/robot_ws/build/statistics_msgs -- -j8 -l8
[1.118s] [  8%] Built target statistics_msgs__rosidl_generator_c
[1.119s] [ 10%] Built target statistics_msgs__cpp
[1.119s] [ 10%] Built target ament_cmake_python_copy_statistics_msgs
[1.119s] [ 18%] Built target statistics_msgs__rosidl_typesupport_microxrcedds_cpp
[1.119s] [ 27%] Built target statistics_msgs__rosidl_typesupport_c
[1.119s] [ 35%] Built target statistics_msgs__rosidl_typesupport_fastrtps_cpp
[1.120s] [ 44%] Built target statistics_msgs__rosidl_typesupport_introspection_cpp
[1.120s] [ 52%] Built target statistics_msgs__rosidl_typesupport_introspection_c
[1.120s] [ 61%] Built target statistics_msgs__rosidl_typesupport_cpp
[1.120s] [ 69%] Built target statistics_msgs__rosidl_typesupport_fastrtps_c
[1.120s] [ 77%] Built target statistics_msgs__rosidl_typesupport_microxrcedds_c
[1.121s] [ 77%] Built target statistics_msgs
[1.189s] [ 79%] Built target statistics_msgs__py
[1.287s] [ 86%] Built target statistics_msgs__rosidl_generator_py
[1.413s] [ 89%] Built target statistics_msgs__rosidl_typesupport_fastrtps_c__pyext
[1.422s] [ 93%] Built target statistics_msgs__rosidl_typesupport_introspection_c__pyext
[1.437s] [ 96%] Built target statistics_msgs__rosidl_typesupport_microxrcedds_c__pyext
[1.450s] [100%] Built target statistics_msgs__rosidl_typesupport_c__pyext
[1.783s] running egg_info
[1.785s] writing statistics_msgs.egg-info/PKG-INFO
[1.785s] writing dependency_links to statistics_msgs.egg-info/dependency_links.txt
[1.786s] writing top-level names to statistics_msgs.egg-info/top_level.txt
[1.792s] reading manifest file 'statistics_msgs.egg-info/SOURCES.txt'
[1.794s] writing manifest file 'statistics_msgs.egg-info/SOURCES.txt'
[1.890s] [100%] Built target ament_cmake_python_build_statistics_msgs_egg
[1.952s] Invoked command in '/home/robot/app/robot_ws/build/statistics_msgs' returned '0': CMAKE_PREFIX_PATH=/home/robot/app/robot_ws/install/builtin_interfaces:/home/robot/app/robot_ws/install/micro_ros_demos_rclc:/home/robot/app/robot_ws/install/common_interfaces:/home/robot/app/robot_ws/install/visualization_msgs:/home/robot/app/robot_ws/install/test_msgs:/home/robot/app/robot_ws/install/example_interfaces:/home/robot/app/robot_ws/install/action_msgs:/home/robot/app/robot_ws/install/unique_identifier_msgs:/home/robot/app/robot_ws/install/trajectory_msgs:/home/robot/app/robot_ws/install/stereo_msgs:/home/robot/app/robot_ws/install/std_srvs:/home/robot/app/robot_ws/install/shape_msgs:/home/robot/app/robot_ws/install/sensor_msgs:/home/robot/app/robot_ws/install/nav_msgs:/home/robot/app/robot_ws/install/diagnostic_msgs:/home/robot/app/robot_ws/install/geometry_msgs:/home/robot/app/robot_ws/install/actionlib_msgs:/home/robot/app/robot_ws/install/std_msgs:/home/robot/app/robot_ws/install/statistics_msgs:/home/robot/app/robot_ws/install/rosidl_typesupport_microxrcedds_test_msg:/home/robot/app/robot_ws/install/rosidl_typesupport_microxrcedds_cpp_tests:/home/robot/app/robot_ws/install/rmw_microxrcedds:/home/robot/app/robot_ws/install/rosidl_typesupport_microxrcedds_cpp:/home/robot/app/robot_ws/install/rosidl_typesupport_microxrcedds_c_tests:/home/robot/app/robot_ws/install/rosidl_typesupport_microxrcedds_c:/home/robot/app/robot_ws/install/rosgraph_msgs:/home/robot/app/robot_ws/install/rclc_parameter:/home/robot/app/robot_ws/install/rclc:/home/robot/app/robot_ws/install/composition_interfaces:/home/robot/app/robot_ws/install/rcl_interfaces:/home/robot/app/robot_ws/install/microxrcedds_client:/home/robot/app/robot_ws/install/microcdr:/home/robot/app/robot_ws/install/micro_ros_utilities:/home/robot/app/robot_ws/install/micro_ros_msgs:/home/robot/app/robot_ws/install/lifecycle_msgs:/home/robot/app/robot_ws/install/complex_msgs:/home/robot/app/robot_ws/install/micro_ros_setup:/home/robot/app/robot_ws/install/my_custom_message:/home/robot/app/robot_ws/install/sensor_msgs_py:/opt/ros/humble LD_LIBRARY_PATH=/home/robot/app/robot_ws/install/builtin_interfaces/lib:/home/robot/app/robot_ws/install/visualization_msgs/lib:/home/robot/app/robot_ws/install/test_msgs/lib:/home/robot/app/robot_ws/install/example_interfaces/lib:/home/robot/app/robot_ws/install/action_msgs/lib:/home/robot/app/robot_ws/install/unique_identifier_msgs/lib:/home/robot/app/robot_ws/install/trajectory_msgs/lib:/home/robot/app/robot_ws/install/stereo_msgs/lib:/home/robot/app/robot_ws/install/std_srvs/lib:/home/robot/app/robot_ws/install/shape_msgs/lib:/home/robot/app/robot_ws/install/sensor_msgs/lib:/home/robot/app/robot_ws/install/nav_msgs/lib:/home/robot/app/robot_ws/install/diagnostic_msgs/lib:/home/robot/app/robot_ws/install/geometry_msgs/lib:/home/robot/app/robot_ws/install/actionlib_msgs/lib:/home/robot/app/robot_ws/install/std_msgs/lib:/home/robot/app/robot_ws/install/statistics_msgs/lib:/home/robot/app/robot_ws/install/rmw_microxrcedds/lib:/home/robot/app/robot_ws/install/rosidl_typesupport_microxrcedds_cpp/lib:/home/robot/app/robot_ws/install/rosidl_typesupport_microxrcedds_c/lib:/home/robot/app/robot_ws/install/rosgraph_msgs/lib:/home/robot/app/robot_ws/install/rclc_parameter/lib:/home/robot/app/robot_ws/install/rclc/lib:/home/robot/app/robot_ws/install/composition_interfaces/lib:/home/robot/app/robot_ws/install/rcl_interfaces/lib:/home/robot/app/robot_ws/install/microxrcedds_client/lib:/home/robot/app/robot_ws/install/microcdr/lib:/home/robot/app/robot_ws/install/micro_ros_utilities/lib:/home/robot/app/robot_ws/install/micro_ros_msgs/lib:/home/robot/app/robot_ws/install/lifecycle_msgs/lib:/home/robot/app/robot_ws/install/complex_msgs/lib:/home/robot/app/robot_ws/install/my_custom_message/lib:/opt/ros/humble/opt/rviz_ogre_vendor/lib:/opt/ros/humble/lib/x86_64-linux-gnu:/opt/ros/humble/lib /usr/bin/cmake --build /home/robot/app/robot_ws/build/statistics_msgs -- -j8 -l8
[2.579s] Invoking command in '/home/robot/app/robot_ws/build/statistics_msgs': CMAKE_PREFIX_PATH=/home/robot/app/robot_ws/install/builtin_interfaces:/home/robot/app/robot_ws/install/micro_ros_demos_rclc:/home/robot/app/robot_ws/install/common_interfaces:/home/robot/app/robot_ws/install/visualization_msgs:/home/robot/app/robot_ws/install/test_msgs:/home/robot/app/robot_ws/install/example_interfaces:/home/robot/app/robot_ws/install/action_msgs:/home/robot/app/robot_ws/install/unique_identifier_msgs:/home/robot/app/robot_ws/install/trajectory_msgs:/home/robot/app/robot_ws/install/stereo_msgs:/home/robot/app/robot_ws/install/std_srvs:/home/robot/app/robot_ws/install/shape_msgs:/home/robot/app/robot_ws/install/sensor_msgs:/home/robot/app/robot_ws/install/nav_msgs:/home/robot/app/robot_ws/install/diagnostic_msgs:/home/robot/app/robot_ws/install/geometry_msgs:/home/robot/app/robot_ws/install/actionlib_msgs:/home/robot/app/robot_ws/install/std_msgs:/home/robot/app/robot_ws/install/statistics_msgs:/home/robot/app/robot_ws/install/rosidl_typesupport_microxrcedds_test_msg:/home/robot/app/robot_ws/install/rosidl_typesupport_microxrcedds_cpp_tests:/home/robot/app/robot_ws/install/rmw_microxrcedds:/home/robot/app/robot_ws/install/rosidl_typesupport_microxrcedds_cpp:/home/robot/app/robot_ws/install/rosidl_typesupport_microxrcedds_c_tests:/home/robot/app/robot_ws/install/rosidl_typesupport_microxrcedds_c:/home/robot/app/robot_ws/install/rosgraph_msgs:/home/robot/app/robot_ws/install/rclc_parameter:/home/robot/app/robot_ws/install/rclc:/home/robot/app/robot_ws/install/composition_interfaces:/home/robot/app/robot_ws/install/rcl_interfaces:/home/robot/app/robot_ws/install/microxrcedds_client:/home/robot/app/robot_ws/install/microcdr:/home/robot/app/robot_ws/install/micro_ros_utilities:/home/robot/app/robot_ws/install/micro_ros_msgs:/home/robot/app/robot_ws/install/lifecycle_msgs:/home/robot/app/robot_ws/install/complex_msgs:/home/robot/app/robot_ws/install/micro_ros_setup:/home/robot/app/robot_ws/install/my_custom_message:/home/robot/app/robot_ws/install/sensor_msgs_py:/opt/ros/humble LD_LIBRARY_PATH=/home/robot/app/robot_ws/install/builtin_interfaces/lib:/home/robot/app/robot_ws/install/visualization_msgs/lib:/home/robot/app/robot_ws/install/test_msgs/lib:/home/robot/app/robot_ws/install/example_interfaces/lib:/home/robot/app/robot_ws/install/action_msgs/lib:/home/robot/app/robot_ws/install/unique_identifier_msgs/lib:/home/robot/app/robot_ws/install/trajectory_msgs/lib:/home/robot/app/robot_ws/install/stereo_msgs/lib:/home/robot/app/robot_ws/install/std_srvs/lib:/home/robot/app/robot_ws/install/shape_msgs/lib:/home/robot/app/robot_ws/install/sensor_msgs/lib:/home/robot/app/robot_ws/install/nav_msgs/lib:/home/robot/app/robot_ws/install/diagnostic_msgs/lib:/home/robot/app/robot_ws/install/geometry_msgs/lib:/home/robot/app/robot_ws/install/actionlib_msgs/lib:/home/robot/app/robot_ws/install/std_msgs/lib:/home/robot/app/robot_ws/install/statistics_msgs/lib:/home/robot/app/robot_ws/install/rmw_microxrcedds/lib:/home/robot/app/robot_ws/install/rosidl_typesupport_microxrcedds_cpp/lib:/home/robot/app/robot_ws/install/rosidl_typesupport_microxrcedds_c/lib:/home/robot/app/robot_ws/install/rosgraph_msgs/lib:/home/robot/app/robot_ws/install/rclc_parameter/lib:/home/robot/app/robot_ws/install/rclc/lib:/home/robot/app/robot_ws/install/composition_interfaces/lib:/home/robot/app/robot_ws/install/rcl_interfaces/lib:/home/robot/app/robot_ws/install/microxrcedds_client/lib:/home/robot/app/robot_ws/install/microcdr/lib:/home/robot/app/robot_ws/install/micro_ros_utilities/lib:/home/robot/app/robot_ws/install/micro_ros_msgs/lib:/home/robot/app/robot_ws/install/lifecycle_msgs/lib:/home/robot/app/robot_ws/install/complex_msgs/lib:/home/robot/app/robot_ws/install/my_custom_message/lib:/opt/ros/humble/opt/rviz_ogre_vendor/lib:/opt/ros/humble/lib/x86_64-linux-gnu:/opt/ros/humble/lib /usr/bin/cmake --install /home/robot/app/robot_ws/build/statistics_msgs
[2.604s] -- Install configuration: ""
[2.604s] -- Up-to-date: /home/robot/app/robot_ws/install/statistics_msgs/share/ament_index/resource_index/rosidl_interfaces/statistics_msgs
[2.604s] -- Up-to-date: /home/robot/app/robot_ws/install/statistics_msgs/include/statistics_msgs/statistics_msgs
[2.604s] -- Up-to-date: /home/robot/app/robot_ws/install/statistics_msgs/include/statistics_msgs/statistics_msgs/msg
[2.605s] -- Up-to-date: /home/robot/app/robot_ws/install/statistics_msgs/include/statistics_msgs/statistics_msgs/msg/statistic_data_type.h
[2.605s] -- Up-to-date: /home/robot/app/robot_ws/install/statistics_msgs/include/statistics_msgs/statistics_msgs/msg/metrics_message.h
[2.605s] -- Up-to-date: /home/robot/app/robot_ws/install/statistics_msgs/include/statistics_msgs/statistics_msgs/msg/statistic_data_point.h
[2.606s] -- Up-to-date: /home/robot/app/robot_ws/install/statistics_msgs/include/statistics_msgs/statistics_msgs/msg/detail
[2.606s] -- Up-to-date: /home/robot/app/robot_ws/install/statistics_msgs/include/statistics_msgs/statistics_msgs/msg/detail/statistic_data_point__type_support.h
[2.607s] -- Up-to-date: /home/robot/app/robot_ws/install/statistics_msgs/include/statistics_msgs/statistics_msgs/msg/detail/statistic_data_point__struct.h
[2.607s] -- Up-to-date: /home/robot/app/robot_ws/install/statistics_msgs/include/statistics_msgs/statistics_msgs/msg/detail/metrics_message__functions.c
[2.607s] -- Up-to-date: /home/robot/app/robot_ws/install/statistics_msgs/include/statistics_msgs/statistics_msgs/msg/detail/metrics_message__functions.h
[2.607s] -- Up-to-date: /home/robot/app/robot_ws/install/statistics_msgs/include/statistics_msgs/statistics_msgs/msg/detail/statistic_data_type__type_support.h
[2.608s] -- Up-to-date: /home/robot/app/robot_ws/install/statistics_msgs/include/statistics_msgs/statistics_msgs/msg/detail/metrics_message__struct.h
[2.608s] -- Up-to-date: /home/robot/app/robot_ws/install/statistics_msgs/include/statistics_msgs/statistics_msgs/msg/detail/statistic_data_point__functions.c
[2.608s] -- Up-to-date: /home/robot/app/robot_ws/install/statistics_msgs/include/statistics_msgs/statistics_msgs/msg/detail/statistic_data_type__functions.h
[2.608s] -- Up-to-date: /home/robot/app/robot_ws/install/statistics_msgs/include/statistics_msgs/statistics_msgs/msg/detail/statistic_data_type__struct.h
[2.609s] -- Up-to-date: /home/robot/app/robot_ws/install/statistics_msgs/include/statistics_msgs/statistics_msgs/msg/detail/statistic_data_point__functions.h
[2.609s] -- Up-to-date: /home/robot/app/robot_ws/install/statistics_msgs/include/statistics_msgs/statistics_msgs/msg/detail/metrics_message__type_support.h
[2.611s] -- Up-to-date: /home/robot/app/robot_ws/install/statistics_msgs/include/statistics_msgs/statistics_msgs/msg/detail/statistic_data_type__functions.c
[2.616s] -- Up-to-date: /home/robot/app/robot_ws/install/statistics_msgs/include/statistics_msgs/statistics_msgs/msg/rosidl_generator_c__visibility_control.h
[2.616s] -- Up-to-date: /home/robot/app/robot_ws/install/statistics_msgs/share/statistics_msgs/environment/library_path.sh
[2.617s] -- Up-to-date: /home/robot/app/robot_ws/install/statistics_msgs/share/statistics_msgs/environment/library_path.dsv
[2.617s] -- Up-to-date: /home/robot/app/robot_ws/install/statistics_msgs/lib/libstatistics_msgs__rosidl_generator_c.so
[2.618s] -- Up-to-date: /home/robot/app/robot_ws/install/statistics_msgs/include/statistics_msgs/statistics_msgs
[2.618s] -- Up-to-date: /home/robot/app/robot_ws/install/statistics_msgs/include/statistics_msgs/statistics_msgs/msg
[2.618s] -- Up-to-date: /home/robot/app/robot_ws/install/statistics_msgs/include/statistics_msgs/statistics_msgs/msg/detail
[2.619s] -- Up-to-date: /home/robot/app/robot_ws/install/statistics_msgs/include/statistics_msgs/statistics_msgs/msg/detail/statistic_data_type__rosidl_typesupport_fastrtps_c.h
[2.619s] -- Up-to-date: /home/robot/app/robot_ws/install/statistics_msgs/include/statistics_msgs/statistics_msgs/msg/detail/metrics_message__rosidl_typesupport_fastrtps_c.h
[2.620s] -- Up-to-date: /home/robot/app/robot_ws/install/statistics_msgs/include/statistics_msgs/statistics_msgs/msg/detail/statistic_data_point__rosidl_typesupport_fastrtps_c.h
[2.620s] -- Up-to-date: /home/robot/app/robot_ws/install/statistics_msgs/include/statistics_msgs/statistics_msgs/msg/rosidl_typesupport_fastrtps_c__visibility_control.h
[2.620s] -- Up-to-date: /home/robot/app/robot_ws/install/statistics_msgs/lib/libstatistics_msgs__rosidl_typesupport_fastrtps_c.so
[2.621s] -- Up-to-date: /home/robot/app/robot_ws/install/statistics_msgs/include/statistics_msgs/statistics_msgs
[2.621s] -- Up-to-date: /home/robot/app/robot_ws/install/statistics_msgs/include/statistics_msgs/statistics_msgs/msg
[2.621s] -- Up-to-date: /home/robot/app/robot_ws/install/statistics_msgs/include/statistics_msgs/statistics_msgs/msg/statistic_data_point.hpp
[2.622s] -- Up-to-date: /home/robot/app/robot_ws/install/statistics_msgs/include/statistics_msgs/statistics_msgs/msg/detail
[2.622s] -- Up-to-date: /home/robot/app/robot_ws/install/statistics_msgs/include/statistics_msgs/statistics_msgs/msg/detail/statistic_data_point__traits.hpp
[2.622s] -- Up-to-date: /home/robot/app/robot_ws/install/statistics_msgs/include/statistics_msgs/statistics_msgs/msg/detail/statistic_data_type__builder.hpp
[2.622s] -- Up-to-date: /home/robot/app/robot_ws/install/statistics_msgs/include/statistics_msgs/statistics_msgs/msg/detail/metrics_message__builder.hpp
[2.622s] -- Up-to-date: /home/robot/app/robot_ws/install/statistics_msgs/include/statistics_msgs/statistics_msgs/msg/detail/statistic_data_type__traits.hpp
[2.623s] -- Up-to-date: /home/robot/app/robot_ws/install/statistics_msgs/include/statistics_msgs/statistics_msgs/msg/detail/metrics_message__struct.hpp
[2.623s] -- Up-to-date: /home/robot/app/robot_ws/install/statistics_msgs/include/statistics_msgs/statistics_msgs/msg/detail/statistic_data_point__struct.hpp
[2.623s] -- Up-to-date: /home/robot/app/robot_ws/install/statistics_msgs/include/statistics_msgs/statistics_msgs/msg/detail/statistic_data_point__builder.hpp
[2.626s] -- Up-to-date: /home/robot/app/robot_ws/install/statistics_msgs/include/statistics_msgs/statistics_msgs/msg/detail/statistic_data_type__struct.hpp
[2.629s] -- Up-to-date: /home/robot/app/robot_ws/install/statistics_msgs/include/statistics_msgs/statistics_msgs/msg/detail/metrics_message__traits.hpp
[2.631s] -- Up-to-date: /home/robot/app/robot_ws/install/statistics_msgs/include/statistics_msgs/statistics_msgs/msg/metrics_message.hpp
[2.634s] -- Up-to-date: /home/robot/app/robot_ws/install/statistics_msgs/include/statistics_msgs/statistics_msgs/msg/statistic_data_type.hpp
[2.634s] -- Up-to-date: /home/robot/app/robot_ws/install/statistics_msgs/include/statistics_msgs/statistics_msgs
[2.635s] -- Up-to-date: /home/robot/app/robot_ws/install/statistics_msgs/include/statistics_msgs/statistics_msgs/msg
[2.635s] -- Up-to-date: /home/robot/app/robot_ws/install/statistics_msgs/include/statistics_msgs/statistics_msgs/msg/rosidl_typesupport_fastrtps_cpp__visibility_control.h
[2.635s] -- Up-to-date: /home/robot/app/robot_ws/install/statistics_msgs/include/statistics_msgs/statistics_msgs/msg/detail
[2.635s] -- Up-to-date: /home/robot/app/robot_ws/install/statistics_msgs/include/statistics_msgs/statistics_msgs/msg/detail/dds_fastrtps
[2.636s] -- Up-to-date: /home/robot/app/robot_ws/install/statistics_msgs/include/statistics_msgs/statistics_msgs/msg/detail/statistic_data_point__rosidl_typesupport_fastrtps_cpp.hpp
[2.636s] -- Up-to-date: /home/robot/app/robot_ws/install/statistics_msgs/include/statistics_msgs/statistics_msgs/msg/detail/statistic_data_type__rosidl_typesupport_fastrtps_cpp.hpp
[2.637s] -- Up-to-date: /home/robot/app/robot_ws/install/statistics_msgs/include/statistics_msgs/statistics_msgs/msg/detail/metrics_message__rosidl_typesupport_fastrtps_cpp.hpp
[2.637s] -- Up-to-date: /home/robot/app/robot_ws/install/statistics_msgs/lib/libstatistics_msgs__rosidl_typesupport_fastrtps_cpp.so
[2.637s] -- Up-to-date: /home/robot/app/robot_ws/install/statistics_msgs/include/statistics_msgs
[2.638s] -- Up-to-date: /home/robot/app/robot_ws/install/statistics_msgs/include/statistics_msgs/msg
[2.638s] -- Up-to-date: /home/robot/app/robot_ws/install/statistics_msgs/include/statistics_msgs/msg/detail
[2.638s] -- Up-to-date: /home/robot/app/robot_ws/install/statistics_msgs/include/statistics_msgs/msg/detail/microxrcedds
[2.638s] -- Up-to-date: /home/robot/app/robot_ws/install/statistics_msgs/include/statistics_msgs/msg/detail/metrics_message__rosidl_typesupport_microxrcedds_c.h
[2.638s] -- Up-to-date: /home/robot/app/robot_ws/install/statistics_msgs/include/statistics_msgs/msg/detail/statistic_data_point__rosidl_typesupport_microxrcedds_c.h
[2.638s] -- Up-to-date: /home/robot/app/robot_ws/install/statistics_msgs/include/statistics_msgs/msg/detail/statistic_data_type__rosidl_typesupport_microxrcedds_c.h
[2.639s] -- Up-to-date: /home/robot/app/robot_ws/install/statistics_msgs/include/statistics_msgs/msg/rosidl_typesupport_microxrcedds_c__visibility_control.h
[2.639s] -- Up-to-date: /home/robot/app/robot_ws/install/statistics_msgs/lib/libstatistics_msgs__rosidl_typesupport_microxrcedds_c.so
[2.639s] -- Up-to-date: /home/robot/app/robot_ws/install/statistics_msgs/include/statistics_msgs/statistics_msgs
[2.640s] -- Up-to-date: /home/robot/app/robot_ws/install/statistics_msgs/include/statistics_msgs/statistics_msgs/msg
[2.640s] -- Up-to-date: /home/robot/app/robot_ws/install/statistics_msgs/include/statistics_msgs/statistics_msgs/msg/rosidl_typesupport_introspection_c__visibility_control.h
[2.640s] -- Up-to-date: /home/robot/app/robot_ws/install/statistics_msgs/include/statistics_msgs/statistics_msgs/msg/detail
[2.640s] -- Up-to-date: /home/robot/app/robot_ws/install/statistics_msgs/include/statistics_msgs/statistics_msgs/msg/detail/statistic_data_point__rosidl_typesupport_introspection_c.h
[2.640s] -- Up-to-date: /home/robot/app/robot_ws/install/statistics_msgs/include/statistics_msgs/statistics_msgs/msg/detail/statistic_data_type__type_support.c
[2.640s] -- Up-to-date: /home/robot/app/robot_ws/install/statistics_msgs/include/statistics_msgs/statistics_msgs/msg/detail/metrics_message__rosidl_typesupport_introspection_c.h
[2.640s] -- Up-to-date: /home/robot/app/robot_ws/install/statistics_msgs/include/statistics_msgs/statistics_msgs/msg/detail/metrics_message__type_support.c
[2.640s] -- Up-to-date: /home/robot/app/robot_ws/install/statistics_msgs/include/statistics_msgs/statistics_msgs/msg/detail/statistic_data_type__rosidl_typesupport_introspection_c.h
[2.640s] -- Up-to-date: /home/robot/app/robot_ws/install/statistics_msgs/include/statistics_msgs/statistics_msgs/msg/detail/statistic_data_point__type_support.c
[2.640s] -- Up-to-date: /home/robot/app/robot_ws/install/statistics_msgs/lib/libstatistics_msgs__rosidl_typesupport_introspection_c.so
[2.641s] -- Up-to-date: /home/robot/app/robot_ws/install/statistics_msgs/lib/libstatistics_msgs__rosidl_typesupport_c.so
[2.641s] -- Up-to-date: /home/robot/app/robot_ws/install/statistics_msgs/include/statistics_msgs
[2.641s] -- Up-to-date: /home/robot/app/robot_ws/install/statistics_msgs/include/statistics_msgs/msg
[2.641s] -- Up-to-date: /home/robot/app/robot_ws/install/statistics_msgs/include/statistics_msgs/msg/detail
[2.641s] -- Up-to-date: /home/robot/app/robot_ws/install/statistics_msgs/include/statistics_msgs/msg/detail/microxrcedds
[2.641s] -- Up-to-date: /home/robot/app/robot_ws/install/statistics_msgs/include/statistics_msgs/msg/detail/microxrcedds/statistic_data_type__type_support_cpp.cpp
[2.641s] -- Up-to-date: /home/robot/app/robot_ws/install/statistics_msgs/include/statistics_msgs/msg/detail/microxrcedds/metrics_message__type_support_cpp.cpp
[2.641s] -- Up-to-date: /home/robot/app/robot_ws/install/statistics_msgs/include/statistics_msgs/msg/detail/microxrcedds/statistic_data_point__type_support_cpp.cpp
[2.642s] -- Up-to-date: /home/robot/app/robot_ws/install/statistics_msgs/include/statistics_msgs/msg/detail/statistic_data_type__rosidl_typesupport_microxrcedds_cpp.hpp
[2.642s] -- Up-to-date: /home/robot/app/robot_ws/install/statistics_msgs/include/statistics_msgs/msg/detail/metrics_message__rosidl_typesupport_microxrcedds_cpp.hpp
[2.642s] -- Up-to-date: /home/robot/app/robot_ws/install/statistics_msgs/include/statistics_msgs/msg/detail/statistic_data_point__rosidl_typesupport_microxrcedds_cpp.hpp
[2.642s] -- Up-to-date: /home/robot/app/robot_ws/install/statistics_msgs/include/statistics_msgs/msg/rosidl_typesupport_microxrcedds_cpp__visibility_control.h
[2.642s] -- Up-to-date: /home/robot/app/robot_ws/install/statistics_msgs/lib/libstatistics_msgs__rosidl_typesupport_microxrcedds_cpp.so
[2.643s] -- Up-to-date: /home/robot/app/robot_ws/install/statistics_msgs/include/statistics_msgs/statistics_msgs
[2.644s] -- Up-to-date: /home/robot/app/robot_ws/install/statistics_msgs/include/statistics_msgs/statistics_msgs/msg
[2.644s] -- Up-to-date: /home/robot/app/robot_ws/install/statistics_msgs/include/statistics_msgs/statistics_msgs/msg/detail
[2.644s] -- Up-to-date: /home/robot/app/robot_ws/install/statistics_msgs/include/statistics_msgs/statistics_msgs/msg/detail/metrics_message__type_support.cpp
[2.644s] -- Up-to-date: /home/robot/app/robot_ws/install/statistics_msgs/include/statistics_msgs/statistics_msgs/msg/detail/statistic_data_type__type_support.cpp
[2.645s] -- Up-to-date: /home/robot/app/robot_ws/install/statistics_msgs/include/statistics_msgs/statistics_msgs/msg/detail/statistic_data_point__type_support.cpp
[2.645s] -- Up-to-date: /home/robot/app/robot_ws/install/statistics_msgs/include/statistics_msgs/statistics_msgs/msg/detail/statistic_data_point__rosidl_typesupport_introspection_cpp.hpp
[2.645s] -- Up-to-date: /home/robot/app/robot_ws/install/statistics_msgs/include/statistics_msgs/statistics_msgs/msg/detail/statistic_data_type__rosidl_typesupport_introspection_cpp.hpp
[2.645s] -- Up-to-date: /home/robot/app/robot_ws/install/statistics_msgs/include/statistics_msgs/statistics_msgs/msg/detail/metrics_message__rosidl_typesupport_introspection_cpp.hpp
[2.645s] -- Up-to-date: /home/robot/app/robot_ws/install/statistics_msgs/lib/libstatistics_msgs__rosidl_typesupport_introspection_cpp.so
[2.645s] -- Up-to-date: /home/robot/app/robot_ws/install/statistics_msgs/lib/libstatistics_msgs__rosidl_typesupport_cpp.so
[2.646s] -- Up-to-date: /home/robot/app/robot_ws/install/statistics_msgs/share/statistics_msgs/environment/pythonpath.sh
[2.646s] -- Up-to-date: /home/robot/app/robot_ws/install/statistics_msgs/share/statistics_msgs/environment/pythonpath.dsv
[2.646s] -- Up-to-date: /home/robot/app/robot_ws/install/statistics_msgs/local/lib/python3.10/dist-packages/statistics_msgs-1.2.1-py3.10.egg-info
[2.646s] -- Installing: /home/robot/app/robot_ws/install/statistics_msgs/local/lib/python3.10/dist-packages/statistics_msgs-1.2.1-py3.10.egg-info/dependency_links.txt
[2.646s] -- Installing: /home/robot/app/robot_ws/install/statistics_msgs/local/lib/python3.10/dist-packages/statistics_msgs-1.2.1-py3.10.egg-info/PKG-INFO
[2.646s] -- Installing: /home/robot/app/robot_ws/install/statistics_msgs/local/lib/python3.10/dist-packages/statistics_msgs-1.2.1-py3.10.egg-info/SOURCES.txt
[2.646s] -- Installing: /home/robot/app/robot_ws/install/statistics_msgs/local/lib/python3.10/dist-packages/statistics_msgs-1.2.1-py3.10.egg-info/top_level.txt
[2.647s] -- Up-to-date: /home/robot/app/robot_ws/install/statistics_msgs/local/lib/python3.10/dist-packages/statistics_msgs
[2.647s] -- Up-to-date: /home/robot/app/robot_ws/install/statistics_msgs/local/lib/python3.10/dist-packages/statistics_msgs/__init__.py
[2.647s] -- Up-to-date: /home/robot/app/robot_ws/install/statistics_msgs/local/lib/python3.10/dist-packages/statistics_msgs/statistics_msgs_s__rosidl_typesupport_introspection_c.cpython-310-x86_64-linux-gnu.so
[2.647s] -- Up-to-date: /home/robot/app/robot_ws/install/statistics_msgs/local/lib/python3.10/dist-packages/statistics_msgs/_statistics_msgs_s.ep.rosidl_typesupport_microxrcedds_c.c
[2.647s] -- Up-to-date: /home/robot/app/robot_ws/install/statistics_msgs/local/lib/python3.10/dist-packages/statistics_msgs/statistics_msgs_s__rosidl_typesupport_c.cpython-310-x86_64-linux-gnu.so
[2.647s] -- Up-to-date: /home/robot/app/robot_ws/install/statistics_msgs/local/lib/python3.10/dist-packages/statistics_msgs/_statistics_msgs_s.ep.rosidl_typesupport_c.c
[2.648s] -- Up-to-date: /home/robot/app/robot_ws/install/statistics_msgs/local/lib/python3.10/dist-packages/statistics_msgs/statistics_msgs_s__rosidl_typesupport_microxrcedds_c.cpython-310-x86_64-linux-gnu.so
[2.648s] -- Up-to-date: /home/robot/app/robot_ws/install/statistics_msgs/local/lib/python3.10/dist-packages/statistics_msgs/statistics_msgs_s__rosidl_typesupport_fastrtps_c.cpython-310-x86_64-linux-gnu.so
[2.648s] -- Up-to-date: /home/robot/app/robot_ws/install/statistics_msgs/local/lib/python3.10/dist-packages/statistics_msgs/_statistics_msgs_s.ep.rosidl_typesupport_fastrtps_c.c
[2.648s] -- Up-to-date: /home/robot/app/robot_ws/install/statistics_msgs/local/lib/python3.10/dist-packages/statistics_msgs/_statistics_msgs_s.ep.rosidl_typesupport_introspection_c.c
[2.648s] -- Up-to-date: /home/robot/app/robot_ws/install/statistics_msgs/local/lib/python3.10/dist-packages/statistics_msgs/libstatistics_msgs__rosidl_generator_py.so
[2.649s] -- Up-to-date: /home/robot/app/robot_ws/install/statistics_msgs/local/lib/python3.10/dist-packages/statistics_msgs/msg
[2.649s] -- Up-to-date: /home/robot/app/robot_ws/install/statistics_msgs/local/lib/python3.10/dist-packages/statistics_msgs/msg/__init__.py
[2.649s] -- Up-to-date: /home/robot/app/robot_ws/install/statistics_msgs/local/lib/python3.10/dist-packages/statistics_msgs/msg/_metrics_message_s.c
[2.649s] -- Up-to-date: /home/robot/app/robot_ws/install/statistics_msgs/local/lib/python3.10/dist-packages/statistics_msgs/msg/_statistic_data_point.py
[2.649s] -- Up-to-date: /home/robot/app/robot_ws/install/statistics_msgs/local/lib/python3.10/dist-packages/statistics_msgs/msg/_metrics_message.py
[2.649s] -- Up-to-date: /home/robot/app/robot_ws/install/statistics_msgs/local/lib/python3.10/dist-packages/statistics_msgs/msg/_statistic_data_type_s.c
[2.650s] -- Up-to-date: /home/robot/app/robot_ws/install/statistics_msgs/local/lib/python3.10/dist-packages/statistics_msgs/msg/_statistic_data_point_s.c
[2.650s] -- Up-to-date: /home/robot/app/robot_ws/install/statistics_msgs/local/lib/python3.10/dist-packages/statistics_msgs/msg/_statistic_data_type.py
[2.759s] Listing '/home/robot/app/robot_ws/install/statistics_msgs/local/lib/python3.10/dist-packages/statistics_msgs'...
[2.759s] Listing '/home/robot/app/robot_ws/install/statistics_msgs/local/lib/python3.10/dist-packages/statistics_msgs/msg'...
[2.768s] -- Up-to-date: /home/robot/app/robot_ws/install/statistics_msgs/local/lib/python3.10/dist-packages/statistics_msgs/statistics_msgs_s__rosidl_typesupport_microxrcedds_c.cpython-310-x86_64-linux-gnu.so
[2.769s] -- Up-to-date: /home/robot/app/robot_ws/install/statistics_msgs/local/lib/python3.10/dist-packages/statistics_msgs/statistics_msgs_s__rosidl_typesupport_fastrtps_c.cpython-310-x86_64-linux-gnu.so
[2.769s] -- Up-to-date: /home/robot/app/robot_ws/install/statistics_msgs/local/lib/python3.10/dist-packages/statistics_msgs/statistics_msgs_s__rosidl_typesupport_introspection_c.cpython-310-x86_64-linux-gnu.so
[2.770s] -- Up-to-date: /home/robot/app/robot_ws/install/statistics_msgs/local/lib/python3.10/dist-packages/statistics_msgs/statistics_msgs_s__rosidl_typesupport_c.cpython-310-x86_64-linux-gnu.so
[2.771s] -- Up-to-date: /home/robot/app/robot_ws/install/statistics_msgs/lib/libstatistics_msgs__rosidl_generator_py.so
[2.772s] -- Up-to-date: /home/robot/app/robot_ws/install/statistics_msgs/share/statistics_msgs/msg/MetricsMessage.idl
[2.772s] -- Up-to-date: /home/robot/app/robot_ws/install/statistics_msgs/share/statistics_msgs/msg/StatisticDataPoint.idl
[2.772s] -- Up-to-date: /home/robot/app/robot_ws/install/statistics_msgs/share/statistics_msgs/msg/StatisticDataType.idl
[2.773s] -- Up-to-date: /home/robot/app/robot_ws/install/statistics_msgs/share/statistics_msgs/msg/MetricsMessage.msg
[2.773s] -- Up-to-date: /home/robot/app/robot_ws/install/statistics_msgs/share/statistics_msgs/msg/StatisticDataPoint.msg
[2.773s] -- Up-to-date: /home/robot/app/robot_ws/install/statistics_msgs/share/statistics_msgs/msg/StatisticDataType.msg
[2.773s] -- Up-to-date: /home/robot/app/robot_ws/install/statistics_msgs/share/ament_index/resource_index/package_run_dependencies/statistics_msgs
[2.773s] -- Up-to-date: /home/robot/app/robot_ws/install/statistics_msgs/share/ament_index/resource_index/parent_prefix_path/statistics_msgs
[2.774s] -- Up-to-date: /home/robot/app/robot_ws/install/statistics_msgs/share/statistics_msgs/environment/ament_prefix_path.sh
[2.774s] -- Up-to-date: /home/robot/app/robot_ws/install/statistics_msgs/share/statistics_msgs/environment/ament_prefix_path.dsv
[2.774s] -- Up-to-date: /home/robot/app/robot_ws/install/statistics_msgs/share/statistics_msgs/environment/path.sh
[2.774s] -- Up-to-date: /home/robot/app/robot_ws/install/statistics_msgs/share/statistics_msgs/environment/path.dsv
[2.775s] -- Up-to-date: /home/robot/app/robot_ws/install/statistics_msgs/share/statistics_msgs/local_setup.bash
[2.775s] -- Up-to-date: /home/robot/app/robot_ws/install/statistics_msgs/share/statistics_msgs/local_setup.sh
[2.775s] -- Up-to-date: /home/robot/app/robot_ws/install/statistics_msgs/share/statistics_msgs/local_setup.zsh
[2.775s] -- Up-to-date: /home/robot/app/robot_ws/install/statistics_msgs/share/statistics_msgs/local_setup.dsv
[2.776s] -- Installing: /home/robot/app/robot_ws/install/statistics_msgs/share/statistics_msgs/package.dsv
[2.776s] -- Up-to-date: /home/robot/app/robot_ws/install/statistics_msgs/share/ament_index/resource_index/packages/statistics_msgs
[2.777s] -- Up-to-date: /home/robot/app/robot_ws/install/statistics_msgs/share/statistics_msgs/cmake/export_statistics_msgs__rosidl_generator_cExport.cmake
[2.777s] -- Up-to-date: /home/robot/app/robot_ws/install/statistics_msgs/share/statistics_msgs/cmake/export_statistics_msgs__rosidl_generator_cExport-noconfig.cmake
[2.777s] -- Up-to-date: /home/robot/app/robot_ws/install/statistics_msgs/share/statistics_msgs/cmake/export_statistics_msgs__rosidl_typesupport_fastrtps_cExport.cmake
[2.777s] -- Up-to-date: /home/robot/app/robot_ws/install/statistics_msgs/share/statistics_msgs/cmake/export_statistics_msgs__rosidl_typesupport_fastrtps_cExport-noconfig.cmake
[2.777s] -- Up-to-date: /home/robot/app/robot_ws/install/statistics_msgs/share/statistics_msgs/cmake/export_statistics_msgs__rosidl_generator_cppExport.cmake
[2.778s] -- Up-to-date: /home/robot/app/robot_ws/install/statistics_msgs/share/statistics_msgs/cmake/export_statistics_msgs__rosidl_typesupport_fastrtps_cppExport.cmake
[2.778s] -- Up-to-date: /home/robot/app/robot_ws/install/statistics_msgs/share/statistics_msgs/cmake/export_statistics_msgs__rosidl_typesupport_fastrtps_cppExport-noconfig.cmake
[2.778s] -- Up-to-date: /home/robot/app/robot_ws/install/statistics_msgs/share/statistics_msgs/cmake/statistics_msgs__rosidl_typesupport_introspection_cExport.cmake
[2.779s] -- Up-to-date: /home/robot/app/robot_ws/install/statistics_msgs/share/statistics_msgs/cmake/statistics_msgs__rosidl_typesupport_introspection_cExport-noconfig.cmake
[2.779s] -- Up-to-date: /home/robot/app/robot_ws/install/statistics_msgs/share/statistics_msgs/cmake/statistics_msgs__rosidl_typesupport_cExport.cmake
[2.779s] -- Up-to-date: /home/robot/app/robot_ws/install/statistics_msgs/share/statistics_msgs/cmake/statistics_msgs__rosidl_typesupport_cExport-noconfig.cmake
[2.779s] -- Up-to-date: /home/robot/app/robot_ws/install/statistics_msgs/share/statistics_msgs/cmake/statistics_msgs__rosidl_typesupport_introspection_cppExport.cmake
[2.779s] -- Up-to-date: /home/robot/app/robot_ws/install/statistics_msgs/share/statistics_msgs/cmake/statistics_msgs__rosidl_typesupport_introspection_cppExport-noconfig.cmake
[2.779s] -- Up-to-date: /home/robot/app/robot_ws/install/statistics_msgs/share/statistics_msgs/cmake/statistics_msgs__rosidl_typesupport_cppExport.cmake
[2.780s] -- Up-to-date: /home/robot/app/robot_ws/install/statistics_msgs/share/statistics_msgs/cmake/statistics_msgs__rosidl_typesupport_cppExport-noconfig.cmake
[2.780s] -- Up-to-date: /home/robot/app/robot_ws/install/statistics_msgs/share/statistics_msgs/cmake/export_statistics_msgs__rosidl_generator_pyExport.cmake
[2.781s] -- Up-to-date: /home/robot/app/robot_ws/install/statistics_msgs/share/statistics_msgs/cmake/export_statistics_msgs__rosidl_generator_pyExport-noconfig.cmake
[2.781s] -- Up-to-date: /home/robot/app/robot_ws/install/statistics_msgs/share/statistics_msgs/cmake/rosidl_cmake-extras.cmake
[2.781s] -- Up-to-date: /home/robot/app/robot_ws/install/statistics_msgs/share/statistics_msgs/cmake/ament_cmake_export_dependencies-extras.cmake
[2.781s] -- Up-to-date: /home/robot/app/robot_ws/install/statistics_msgs/share/statistics_msgs/cmake/ament_cmake_export_include_directories-extras.cmake
[2.781s] -- Up-to-date: /home/robot/app/robot_ws/install/statistics_msgs/share/statistics_msgs/cmake/ament_cmake_export_libraries-extras.cmake
[2.781s] -- Up-to-date: /home/robot/app/robot_ws/install/statistics_msgs/share/statistics_msgs/cmake/ament_cmake_export_targets-extras.cmake
[2.782s] -- Up-to-date: /home/robot/app/robot_ws/install/statistics_msgs/share/statistics_msgs/cmake/rosidl_cmake_export_typesupport_targets-extras.cmake
[2.782s] -- Up-to-date: /home/robot/app/robot_ws/install/statistics_msgs/share/statistics_msgs/cmake/rosidl_cmake_export_typesupport_libraries-extras.cmake
[2.782s] -- Up-to-date: /home/robot/app/robot_ws/install/statistics_msgs/share/statistics_msgs/cmake/statistics_msgsConfig.cmake
[2.782s] -- Up-to-date: /home/robot/app/robot_ws/install/statistics_msgs/share/statistics_msgs/cmake/statistics_msgsConfig-version.cmake
[2.782s] -- Up-to-date: /home/robot/app/robot_ws/install/statistics_msgs/share/statistics_msgs/package.xml
[2.786s] Invoked command in '/home/robot/app/robot_ws/build/statistics_msgs' returned '0': CMAKE_PREFIX_PATH=/home/robot/app/robot_ws/install/builtin_interfaces:/home/robot/app/robot_ws/install/micro_ros_demos_rclc:/home/robot/app/robot_ws/install/common_interfaces:/home/robot/app/robot_ws/install/visualization_msgs:/home/robot/app/robot_ws/install/test_msgs:/home/robot/app/robot_ws/install/example_interfaces:/home/robot/app/robot_ws/install/action_msgs:/home/robot/app/robot_ws/install/unique_identifier_msgs:/home/robot/app/robot_ws/install/trajectory_msgs:/home/robot/app/robot_ws/install/stereo_msgs:/home/robot/app/robot_ws/install/std_srvs:/home/robot/app/robot_ws/install/shape_msgs:/home/robot/app/robot_ws/install/sensor_msgs:/home/robot/app/robot_ws/install/nav_msgs:/home/robot/app/robot_ws/install/diagnostic_msgs:/home/robot/app/robot_ws/install/geometry_msgs:/home/robot/app/robot_ws/install/actionlib_msgs:/home/robot/app/robot_ws/install/std_msgs:/home/robot/app/robot_ws/install/statistics_msgs:/home/robot/app/robot_ws/install/rosidl_typesupport_microxrcedds_test_msg:/home/robot/app/robot_ws/install/rosidl_typesupport_microxrcedds_cpp_tests:/home/robot/app/robot_ws/install/rmw_microxrcedds:/home/robot/app/robot_ws/install/rosidl_typesupport_microxrcedds_cpp:/home/robot/app/robot_ws/install/rosidl_typesupport_microxrcedds_c_tests:/home/robot/app/robot_ws/install/rosidl_typesupport_microxrcedds_c:/home/robot/app/robot_ws/install/rosgraph_msgs:/home/robot/app/robot_ws/install/rclc_parameter:/home/robot/app/robot_ws/install/rclc:/home/robot/app/robot_ws/install/composition_interfaces:/home/robot/app/robot_ws/install/rcl_interfaces:/home/robot/app/robot_ws/install/microxrcedds_client:/home/robot/app/robot_ws/install/microcdr:/home/robot/app/robot_ws/install/micro_ros_utilities:/home/robot/app/robot_ws/install/micro_ros_msgs:/home/robot/app/robot_ws/install/lifecycle_msgs:/home/robot/app/robot_ws/install/complex_msgs:/home/robot/app/robot_ws/install/micro_ros_setup:/home/robot/app/robot_ws/install/my_custom_message:/home/robot/app/robot_ws/install/sensor_msgs_py:/opt/ros/humble LD_LIBRARY_PATH=/home/robot/app/robot_ws/install/builtin_interfaces/lib:/home/robot/app/robot_ws/install/visualization_msgs/lib:/home/robot/app/robot_ws/install/test_msgs/lib:/home/robot/app/robot_ws/install/example_interfaces/lib:/home/robot/app/robot_ws/install/action_msgs/lib:/home/robot/app/robot_ws/install/unique_identifier_msgs/lib:/home/robot/app/robot_ws/install/trajectory_msgs/lib:/home/robot/app/robot_ws/install/stereo_msgs/lib:/home/robot/app/robot_ws/install/std_srvs/lib:/home/robot/app/robot_ws/install/shape_msgs/lib:/home/robot/app/robot_ws/install/sensor_msgs/lib:/home/robot/app/robot_ws/install/nav_msgs/lib:/home/robot/app/robot_ws/install/diagnostic_msgs/lib:/home/robot/app/robot_ws/install/geometry_msgs/lib:/home/robot/app/robot_ws/install/actionlib_msgs/lib:/home/robot/app/robot_ws/install/std_msgs/lib:/home/robot/app/robot_ws/install/statistics_msgs/lib:/home/robot/app/robot_ws/install/rmw_microxrcedds/lib:/home/robot/app/robot_ws/install/rosidl_typesupport_microxrcedds_cpp/lib:/home/robot/app/robot_ws/install/rosidl_typesupport_microxrcedds_c/lib:/home/robot/app/robot_ws/install/rosgraph_msgs/lib:/home/robot/app/robot_ws/install/rclc_parameter/lib:/home/robot/app/robot_ws/install/rclc/lib:/home/robot/app/robot_ws/install/composition_interfaces/lib:/home/robot/app/robot_ws/install/rcl_interfaces/lib:/home/robot/app/robot_ws/install/microxrcedds_client/lib:/home/robot/app/robot_ws/install/microcdr/lib:/home/robot/app/robot_ws/install/micro_ros_utilities/lib:/home/robot/app/robot_ws/install/micro_ros_msgs/lib:/home/robot/app/robot_ws/install/lifecycle_msgs/lib:/home/robot/app/robot_ws/install/complex_msgs/lib:/home/robot/app/robot_ws/install/my_custom_message/lib:/opt/ros/humble/opt/rviz_ogre_vendor/lib:/opt/ros/humble/lib/x86_64-linux-gnu:/opt/ros/humble/lib /usr/bin/cmake --install /home/robot/app/robot_ws/build/statistics_msgs
