[0.048s] Invoking command in '/home/robot/app/robot_ws/build/actionlib_msgs': AMENT_PREFIX_PATH=/home/robot/app/robot_ws/install/std_msgs:/home/robot/app/robot_ws/install/builtin_interfaces:${AMENT_PREFIX_PATH} CMAKE_PREFIX_PATH=/home/robot/app/robot_ws/install/std_msgs:/home/robot/app/robot_ws/install/builtin_interfaces:/home/robot/app/robot_ws/install/rosidl_typesupport_microxrcedds_cpp:/home/robot/app/robot_ws/install/rosidl_typesupport_microxrcedds_c:/home/robot/app/robot_ws/install/microcdr:/home/robot/app/robot_ws/install/micro_ros_setup:/opt/ros/humble LD_LIBRARY_PATH=/home/robot/app/robot_ws/install/std_msgs/lib:/home/robot/app/robot_ws/install/builtin_interfaces/lib:${LD_LIBRARY_PATH} PYTHONPATH=/home/robot/app/robot_ws/install/std_msgs/local/lib/python3.10/dist-packages:/home/robot/app/robot_ws/install/builtin_interfaces/local/lib/python3.10/dist-packages:${PYTHONPATH} /usr/bin/cmake /home/robot/app/robot_ws/src/ros2/common_interfaces/actionlib_msgs -DBUILD_TESTING=OFF -DBUILD_SHARED_LIBS=ON -DCMAKE_INSTALL_PREFIX=/home/robot/app/robot_ws/install/actionlib_msgs
[0.225s] -- The C compiler identification is GNU 11.4.0
[0.366s] -- The CXX compiler identification is GNU 11.4.0
[0.414s] -- Detecting C compiler ABI info
[0.640s] -- Detecting C compiler ABI info - done
[0.684s] -- Check for working C compiler: /usr/bin/cc - skipped
[0.686s] -- Detecting C compile features
[0.691s] -- Detecting C compile features - done
[0.719s] -- Detecting CXX compiler ABI info
[1.036s] -- Detecting CXX compiler ABI info - done
[1.085s] -- Check for working CXX compiler: /usr/bin/c++ - skipped
[1.088s] -- Detecting CXX compile features
[1.089s] -- Detecting CXX compile features - done
[1.106s] -- Found ament_cmake: 1.3.10 (/opt/ros/humble/share/ament_cmake/cmake)
[1.475s] -- Found Python3: /usr/bin/python3 (found version "3.10.12") found components: Interpreter 
[1.736s] -- Found builtin_interfaces: 1.2.1 (/home/robot/app/robot_ws/install/builtin_interfaces/share/builtin_interfaces/cmake)
[1.852s] -- Found rosidl_generator_c: 3.1.5 (/opt/ros/humble/share/rosidl_generator_c/cmake)
[1.873s] -- Found rosidl_adapter: 3.1.5 (/opt/ros/humble/share/rosidl_adapter/cmake)
[1.906s] -- Found rosidl_generator_cpp: 3.1.5 (/opt/ros/humble/share/rosidl_generator_cpp/cmake)
[1.953s] -- Using all available rosidl_typesupport_c: rosidl_typesupport_microxrcedds_c;rosidl_typesupport_fastrtps_c;rosidl_typesupport_introspection_c
[2.037s] -- Using all available rosidl_typesupport_cpp: rosidl_typesupport_microxrcedds_cpp;rosidl_typesupport_fastrtps_cpp;rosidl_typesupport_introspection_cpp
[2.113s] -- Found rosidl_default_generators: 1.2.0 (/opt/ros/humble/share/rosidl_default_generators/cmake)
[2.146s] -- Found std_msgs: 4.2.4 (/home/robot/app/robot_ws/install/std_msgs/share/std_msgs/cmake)
[3.125s] -- Found ament_cmake_ros: 0.10.0 (/opt/ros/humble/share/ament_cmake_ros/cmake)
[4.233s] -- Using all available rosidl_typesupport_c: rosidl_typesupport_microxrcedds_c;rosidl_typesupport_fastrtps_c;rosidl_typesupport_introspection_c
[4.730s] -- Using all available rosidl_typesupport_cpp: rosidl_typesupport_microxrcedds_cpp;rosidl_typesupport_fastrtps_cpp;rosidl_typesupport_introspection_cpp
[4.793s] -- Found PythonInterp: /usr/bin/python3 (found suitable version "3.10.12", minimum required is "3.6") 
[4.800s] -- Found python_cmake_module: 0.10.0 (/opt/ros/humble/share/python_cmake_module/cmake)
[4.867s] -- Found PythonLibs: /usr/lib/x86_64-linux-gnu/libpython3.10.so (found suitable version "3.10.12", minimum required is "3.5") 
[4.867s] -- Using PYTHON_EXECUTABLE: /usr/bin/python3
[4.867s] -- Using PYTHON_INCLUDE_DIRS: /usr/include/python3.10
[4.869s] -- Using PYTHON_LIBRARIES: /usr/lib/x86_64-linux-gnu/libpython3.10.so
[4.920s] -- Found PythonExtra: .so  
[5.071s] -- Configuring done
[5.206s] -- Generating done
[5.215s] -- Build files have been written to: /home/robot/app/robot_ws/build/actionlib_msgs
[5.228s] Invoked command in '/home/robot/app/robot_ws/build/actionlib_msgs' returned '0': AMENT_PREFIX_PATH=/home/robot/app/robot_ws/install/std_msgs:/home/robot/app/robot_ws/install/builtin_interfaces:${AMENT_PREFIX_PATH} CMAKE_PREFIX_PATH=/home/robot/app/robot_ws/install/std_msgs:/home/robot/app/robot_ws/install/builtin_interfaces:/home/robot/app/robot_ws/install/rosidl_typesupport_microxrcedds_cpp:/home/robot/app/robot_ws/install/rosidl_typesupport_microxrcedds_c:/home/robot/app/robot_ws/install/microcdr:/home/robot/app/robot_ws/install/micro_ros_setup:/opt/ros/humble LD_LIBRARY_PATH=/home/robot/app/robot_ws/install/std_msgs/lib:/home/robot/app/robot_ws/install/builtin_interfaces/lib:${LD_LIBRARY_PATH} PYTHONPATH=/home/robot/app/robot_ws/install/std_msgs/local/lib/python3.10/dist-packages:/home/robot/app/robot_ws/install/builtin_interfaces/local/lib/python3.10/dist-packages:${PYTHONPATH} /usr/bin/cmake /home/robot/app/robot_ws/src/ros2/common_interfaces/actionlib_msgs -DBUILD_TESTING=OFF -DBUILD_SHARED_LIBS=ON -DCMAKE_INSTALL_PREFIX=/home/robot/app/robot_ws/install/actionlib_msgs
[5.231s] Invoking command in '/home/robot/app/robot_ws/build/actionlib_msgs': AMENT_PREFIX_PATH=/home/robot/app/robot_ws/install/std_msgs:/home/robot/app/robot_ws/install/builtin_interfaces:${AMENT_PREFIX_PATH} CMAKE_PREFIX_PATH=/home/robot/app/robot_ws/install/std_msgs:/home/robot/app/robot_ws/install/builtin_interfaces:/home/robot/app/robot_ws/install/rosidl_typesupport_microxrcedds_cpp:/home/robot/app/robot_ws/install/rosidl_typesupport_microxrcedds_c:/home/robot/app/robot_ws/install/microcdr:/home/robot/app/robot_ws/install/micro_ros_setup:/opt/ros/humble LD_LIBRARY_PATH=/home/robot/app/robot_ws/install/std_msgs/lib:/home/robot/app/robot_ws/install/builtin_interfaces/lib:${LD_LIBRARY_PATH} PYTHONPATH=/home/robot/app/robot_ws/install/std_msgs/local/lib/python3.10/dist-packages:/home/robot/app/robot_ws/install/builtin_interfaces/local/lib/python3.10/dist-packages:${PYTHONPATH} /usr/bin/cmake --build /home/robot/app/robot_ws/build/actionlib_msgs -- -j8 -l8
[5.361s] [  1%] [34m[1mGenerating C++ code for ROS interfaces[0m
[6.831s] [  1%] Built target actionlib_msgs__cpp
[6.896s] [  1%] Built target ament_cmake_python_copy_actionlib_msgs
[6.922s] [  3%] [34m[1mGenerating C++ introspection for ROS interfaces[0m
[8.425s] [  5%] [32mBuilding CXX object CMakeFiles/actionlib_msgs__rosidl_typesupport_introspection_cpp.dir/rosidl_typesupport_introspection_cpp/actionlib_msgs/msg/detail/goal_id__type_support.cpp.o[0m
[9.159s] [  6%] [32mBuilding CXX object CMakeFiles/actionlib_msgs__rosidl_typesupport_introspection_cpp.dir/rosidl_typesupport_introspection_cpp/actionlib_msgs/msg/detail/goal_status_array__type_support.cpp.o[0m
[10.068s] [  8%] [32mBuilding CXX object CMakeFiles/actionlib_msgs__rosidl_typesupport_introspection_cpp.dir/rosidl_typesupport_introspection_cpp/actionlib_msgs/msg/detail/goal_status__type_support.cpp.o[0m
[10.767s] [ 10%] [32m[1mLinking CXX shared library libactionlib_msgs__rosidl_typesupport_introspection_cpp.so[0m
[10.929s] [ 10%] Built target actionlib_msgs__rosidl_typesupport_introspection_cpp
[10.955s] [ 11%] [34m[1mGenerating C++ type support for eProsima Micro XRCE-DDS[0m
[11.556s] running egg_info
[11.556s] creating actionlib_msgs.egg-info
[11.556s] writing actionlib_msgs.egg-info/PKG-INFO
[11.557s] writing dependency_links to actionlib_msgs.egg-info/dependency_links.txt
[11.557s] writing top-level names to actionlib_msgs.egg-info/top_level.txt
[11.557s] writing manifest file 'actionlib_msgs.egg-info/SOURCES.txt'
[11.557s] reading manifest file 'actionlib_msgs.egg-info/SOURCES.txt'
[11.557s] writing manifest file 'actionlib_msgs.egg-info/SOURCES.txt'
[11.615s] [ 11%] Built target ament_cmake_python_build_actionlib_msgs_egg
[11.640s] [ 13%] [34m[1mGenerating C++ type support for eProsima Fast-RTPS[0m
[12.416s] [ 16%] [32mBuilding CXX object CMakeFiles/actionlib_msgs__rosidl_typesupport_microxrcedds_cpp.dir/rosidl_typesupport_microxrcedds_cpp/actionlib_msgs/msg/detail/microxrcedds/goal_id__type_support_cpp.cpp.o[0m
[12.417s] [ 16%] [32mBuilding CXX object CMakeFiles/actionlib_msgs__rosidl_typesupport_microxrcedds_cpp.dir/rosidl_typesupport_microxrcedds_cpp/actionlib_msgs/msg/detail/microxrcedds/goal_status__type_support_cpp.cpp.o[0m
[13.110s] [ 18%] [32mBuilding CXX object CMakeFiles/actionlib_msgs__rosidl_typesupport_fastrtps_cpp.dir/rosidl_typesupport_fastrtps_cpp/actionlib_msgs/msg/detail/dds_fastrtps/goal_status__type_support.cpp.o[0m
[13.179s] [ 20%] [32mBuilding CXX object CMakeFiles/actionlib_msgs__rosidl_typesupport_fastrtps_cpp.dir/rosidl_typesupport_fastrtps_cpp/actionlib_msgs/msg/detail/dds_fastrtps/goal_id__type_support.cpp.o[0m
[13.278s] [ 22%] [32mBuilding CXX object CMakeFiles/actionlib_msgs__rosidl_typesupport_microxrcedds_cpp.dir/rosidl_typesupport_microxrcedds_cpp/actionlib_msgs/msg/detail/microxrcedds/goal_status_array__type_support_cpp.cpp.o[0m
[14.289s] [ 23%] [32m[1mLinking CXX shared library libactionlib_msgs__rosidl_typesupport_microxrcedds_cpp.so[0m
[14.360s] [ 25%] [32mBuilding CXX object CMakeFiles/actionlib_msgs__rosidl_typesupport_fastrtps_cpp.dir/rosidl_typesupport_fastrtps_cpp/actionlib_msgs/msg/detail/dds_fastrtps/goal_status_array__type_support.cpp.o[0m
[14.520s] [ 25%] Built target actionlib_msgs__rosidl_typesupport_microxrcedds_cpp
[14.547s] [ 27%] [34m[1mGenerating C++ type support dispatch for ROS interfaces[0m
[15.560s] [ 28%] [32m[1mLinking CXX shared library libactionlib_msgs__rosidl_typesupport_fastrtps_cpp.so[0m
[15.759s] [ 28%] Built target actionlib_msgs__rosidl_typesupport_fastrtps_cpp
[15.789s] [ 30%] [34m[1mGenerating C code for ROS interfaces[0m
[15.958s] [ 32%] [32mBuilding CXX object CMakeFiles/actionlib_msgs__rosidl_typesupport_cpp.dir/rosidl_typesupport_cpp/actionlib_msgs/msg/goal_status__type_support.cpp.o[0m
[15.958s] [ 33%] [32mBuilding CXX object CMakeFiles/actionlib_msgs__rosidl_typesupport_cpp.dir/rosidl_typesupport_cpp/actionlib_msgs/msg/goal_id__type_support.cpp.o[0m
[16.700s] [ 35%] [32mBuilding CXX object CMakeFiles/actionlib_msgs__rosidl_typesupport_cpp.dir/rosidl_typesupport_cpp/actionlib_msgs/msg/goal_status_array__type_support.cpp.o[0m
[17.374s] [ 37%] [32m[1mLinking CXX shared library libactionlib_msgs__rosidl_typesupport_cpp.so[0m
[17.485s] [ 37%] Built target actionlib_msgs__rosidl_typesupport_cpp
[17.647s] [ 38%] [32mBuilding C object CMakeFiles/actionlib_msgs__rosidl_generator_c.dir/rosidl_generator_c/actionlib_msgs/msg/detail/goal_id__functions.c.o[0m
[17.649s] [ 40%] [32mBuilding C object CMakeFiles/actionlib_msgs__rosidl_generator_c.dir/rosidl_generator_c/actionlib_msgs/msg/detail/goal_status__functions.c.o[0m
[17.788s] [ 42%] [32mBuilding C object CMakeFiles/actionlib_msgs__rosidl_generator_c.dir/rosidl_generator_c/actionlib_msgs/msg/detail/goal_status_array__functions.c.o[0m
[17.927s] [ 44%] [32m[1mLinking C shared library libactionlib_msgs__rosidl_generator_c.so[0m
[18.024s] [ 44%] Built target actionlib_msgs__rosidl_generator_c
[18.059s] [ 45%] [34m[1mGenerating C type support for eProsima Micro XRCE-DDS[0m
[18.060s] [ 47%] [34m[1mGenerating C type support for eProsima Fast-RTPS[0m
[19.930s] [ 49%] [32mBuilding CXX object CMakeFiles/actionlib_msgs__rosidl_typesupport_fastrtps_c.dir/rosidl_typesupport_fastrtps_c/actionlib_msgs/msg/detail/goal_id__type_support_c.cpp.o[0m
[19.939s] [ 50%] [32mBuilding CXX object CMakeFiles/actionlib_msgs__rosidl_typesupport_fastrtps_c.dir/rosidl_typesupport_fastrtps_c/actionlib_msgs/msg/detail/goal_status__type_support_c.cpp.o[0m
[19.947s] [ 52%] [32mBuilding C object CMakeFiles/actionlib_msgs__rosidl_typesupport_microxrcedds_c.dir/rosidl_typesupport_microxrcedds_c/actionlib_msgs/msg/detail/microxrcedds/goal_id__type_support_c.c.o[0m
[19.976s] [ 54%] [32mBuilding C object CMakeFiles/actionlib_msgs__rosidl_typesupport_microxrcedds_c.dir/rosidl_typesupport_microxrcedds_c/actionlib_msgs/msg/detail/microxrcedds/goal_status__type_support_c.c.o[0m
[20.255s] [ 55%] [32mBuilding C object CMakeFiles/actionlib_msgs__rosidl_typesupport_microxrcedds_c.dir/rosidl_typesupport_microxrcedds_c/actionlib_msgs/msg/detail/microxrcedds/goal_status_array__type_support_c.c.o[0m
[20.442s] [ 57%] [32m[1mLinking C shared library libactionlib_msgs__rosidl_typesupport_microxrcedds_c.so[0m
[20.649s] [ 57%] Built target actionlib_msgs__rosidl_typesupport_microxrcedds_c
[21.098s] [ 59%] [32mBuilding CXX object CMakeFiles/actionlib_msgs__rosidl_typesupport_fastrtps_c.dir/rosidl_typesupport_fastrtps_c/actionlib_msgs/msg/detail/goal_status_array__type_support_c.cpp.o[0m
[22.003s] [ 61%] [32m[1mLinking CXX shared library libactionlib_msgs__rosidl_typesupport_fastrtps_c.so[0m
[22.191s] [ 61%] Built target actionlib_msgs__rosidl_typesupport_fastrtps_c
[22.218s] [ 62%] [34m[1mGenerating C type support dispatch for ROS interfaces[0m
[24.026s] [ 64%] [32mBuilding CXX object CMakeFiles/actionlib_msgs__rosidl_typesupport_c.dir/rosidl_typesupport_c/actionlib_msgs/msg/goal_id__type_support.cpp.o[0m
[24.193s] [ 66%] [32mBuilding CXX object CMakeFiles/actionlib_msgs__rosidl_typesupport_c.dir/rosidl_typesupport_c/actionlib_msgs/msg/goal_status_array__type_support.cpp.o[0m
[24.368s] [ 67%] [32mBuilding CXX object CMakeFiles/actionlib_msgs__rosidl_typesupport_c.dir/rosidl_typesupport_c/actionlib_msgs/msg/goal_status__type_support.cpp.o[0m
[24.509s] [ 69%] [32m[1mLinking CXX shared library libactionlib_msgs__rosidl_typesupport_c.so[0m
[24.773s] [ 69%] Built target actionlib_msgs__rosidl_typesupport_c
[24.842s] [ 71%] [34m[1mGenerating C introspection for ROS interfaces[0m
[29.050s] [ 72%] [32mBuilding C object CMakeFiles/actionlib_msgs__rosidl_typesupport_introspection_c.dir/rosidl_typesupport_introspection_c/actionlib_msgs/msg/detail/goal_id__type_support.c.o[0m
[29.264s] [ 74%] [32mBuilding C object CMakeFiles/actionlib_msgs__rosidl_typesupport_introspection_c.dir/rosidl_typesupport_introspection_c/actionlib_msgs/msg/detail/goal_status_array__type_support.c.o[0m
[29.584s] [ 76%] [32mBuilding C object CMakeFiles/actionlib_msgs__rosidl_typesupport_introspection_c.dir/rosidl_typesupport_introspection_c/actionlib_msgs/msg/detail/goal_status__type_support.c.o[0m
[29.865s] [ 77%] [32m[1mLinking C shared library libactionlib_msgs__rosidl_typesupport_introspection_c.so[0m
[30.058s] [ 77%] Built target actionlib_msgs__rosidl_typesupport_introspection_c
[30.152s] [ 77%] Built target actionlib_msgs
[30.248s] [ 79%] [34m[1mGenerating Python code for ROS interfaces[0m
[36.532s] [ 79%] Built target actionlib_msgs__py
[36.633s] [ 81%] [32mBuilding C object CMakeFiles/actionlib_msgs__rosidl_generator_py.dir/rosidl_generator_py/actionlib_msgs/msg/_goal_id_s.c.o[0m
[37.405s] [ 83%] [32mBuilding C object CMakeFiles/actionlib_msgs__rosidl_generator_py.dir/rosidl_generator_py/actionlib_msgs/msg/_goal_status_array_s.c.o[0m
[38.201s] [ 84%] [32mBuilding C object CMakeFiles/actionlib_msgs__rosidl_generator_py.dir/rosidl_generator_py/actionlib_msgs/msg/_goal_status_s.c.o[0m
[38.825s] [ 86%] [32m[1mLinking C shared library rosidl_generator_py/actionlib_msgs/libactionlib_msgs__rosidl_generator_py.so[0m
[39.034s] [ 86%] Built target actionlib_msgs__rosidl_generator_py
[39.123s] [ 88%] [32mBuilding C object CMakeFiles/actionlib_msgs__rosidl_typesupport_microxrcedds_c__pyext.dir/rosidl_generator_py/actionlib_msgs/_actionlib_msgs_s.ep.rosidl_typesupport_microxrcedds_c.c.o[0m
[39.716s] [ 89%] [32m[1mLinking C shared library rosidl_generator_py/actionlib_msgs/actionlib_msgs_s__rosidl_typesupport_microxrcedds_c.cpython-310-x86_64-linux-gnu.so[0m
[39.960s] [ 89%] Built target actionlib_msgs__rosidl_typesupport_microxrcedds_c__pyext
[40.095s] [ 91%] [32mBuilding C object CMakeFiles/actionlib_msgs__rosidl_typesupport_c__pyext.dir/rosidl_generator_py/actionlib_msgs/_actionlib_msgs_s.ep.rosidl_typesupport_c.c.o[0m
[40.891s] [ 93%] [32m[1mLinking C shared library rosidl_generator_py/actionlib_msgs/actionlib_msgs_s__rosidl_typesupport_c.cpython-310-x86_64-linux-gnu.so[0m
[41.111s] [ 93%] Built target actionlib_msgs__rosidl_typesupport_c__pyext
[41.235s] [ 94%] [32mBuilding C object CMakeFiles/actionlib_msgs__rosidl_typesupport_introspection_c__pyext.dir/rosidl_generator_py/actionlib_msgs/_actionlib_msgs_s.ep.rosidl_typesupport_introspection_c.c.o[0m
[41.768s] [ 96%] [32m[1mLinking C shared library rosidl_generator_py/actionlib_msgs/actionlib_msgs_s__rosidl_typesupport_introspection_c.cpython-310-x86_64-linux-gnu.so[0m
[41.950s] [ 96%] Built target actionlib_msgs__rosidl_typesupport_introspection_c__pyext
[42.033s] [ 98%] [32mBuilding C object CMakeFiles/actionlib_msgs__rosidl_typesupport_fastrtps_c__pyext.dir/rosidl_generator_py/actionlib_msgs/_actionlib_msgs_s.ep.rosidl_typesupport_fastrtps_c.c.o[0m
[42.514s] [100%] [32m[1mLinking C shared library rosidl_generator_py/actionlib_msgs/actionlib_msgs_s__rosidl_typesupport_fastrtps_c.cpython-310-x86_64-linux-gnu.so[0m
[42.697s] [100%] Built target actionlib_msgs__rosidl_typesupport_fastrtps_c__pyext
[42.750s] Invoked command in '/home/robot/app/robot_ws/build/actionlib_msgs' returned '0': AMENT_PREFIX_PATH=/home/robot/app/robot_ws/install/std_msgs:/home/robot/app/robot_ws/install/builtin_interfaces:${AMENT_PREFIX_PATH} CMAKE_PREFIX_PATH=/home/robot/app/robot_ws/install/std_msgs:/home/robot/app/robot_ws/install/builtin_interfaces:/home/robot/app/robot_ws/install/rosidl_typesupport_microxrcedds_cpp:/home/robot/app/robot_ws/install/rosidl_typesupport_microxrcedds_c:/home/robot/app/robot_ws/install/microcdr:/home/robot/app/robot_ws/install/micro_ros_setup:/opt/ros/humble LD_LIBRARY_PATH=/home/robot/app/robot_ws/install/std_msgs/lib:/home/robot/app/robot_ws/install/builtin_interfaces/lib:${LD_LIBRARY_PATH} PYTHONPATH=/home/robot/app/robot_ws/install/std_msgs/local/lib/python3.10/dist-packages:/home/robot/app/robot_ws/install/builtin_interfaces/local/lib/python3.10/dist-packages:${PYTHONPATH} /usr/bin/cmake --build /home/robot/app/robot_ws/build/actionlib_msgs -- -j8 -l8
[43.260s] Invoking command in '/home/robot/app/robot_ws/build/actionlib_msgs': AMENT_PREFIX_PATH=/home/robot/app/robot_ws/install/std_msgs:/home/robot/app/robot_ws/install/builtin_interfaces:${AMENT_PREFIX_PATH} CMAKE_PREFIX_PATH=/home/robot/app/robot_ws/install/std_msgs:/home/robot/app/robot_ws/install/builtin_interfaces:/home/robot/app/robot_ws/install/rosidl_typesupport_microxrcedds_cpp:/home/robot/app/robot_ws/install/rosidl_typesupport_microxrcedds_c:/home/robot/app/robot_ws/install/microcdr:/home/robot/app/robot_ws/install/micro_ros_setup:/opt/ros/humble LD_LIBRARY_PATH=/home/robot/app/robot_ws/install/std_msgs/lib:/home/robot/app/robot_ws/install/builtin_interfaces/lib:${LD_LIBRARY_PATH} PYTHONPATH=/home/robot/app/robot_ws/install/std_msgs/local/lib/python3.10/dist-packages:/home/robot/app/robot_ws/install/builtin_interfaces/local/lib/python3.10/dist-packages:${PYTHONPATH} /usr/bin/cmake --install /home/robot/app/robot_ws/build/actionlib_msgs
[43.304s] -- Install configuration: ""
[43.305s] -- Installing: /home/robot/app/robot_ws/install/actionlib_msgs/share/ament_index/resource_index/rosidl_interfaces/actionlib_msgs
[43.308s] -- Installing: /home/robot/app/robot_ws/install/actionlib_msgs/include/actionlib_msgs/actionlib_msgs
[43.309s] -- Installing: /home/robot/app/robot_ws/install/actionlib_msgs/include/actionlib_msgs/actionlib_msgs/msg
[43.310s] -- Installing: /home/robot/app/robot_ws/install/actionlib_msgs/include/actionlib_msgs/actionlib_msgs/msg/detail
[43.310s] -- Installing: /home/robot/app/robot_ws/install/actionlib_msgs/include/actionlib_msgs/actionlib_msgs/msg/detail/goal_status__struct.h
[43.311s] -- Installing: /home/robot/app/robot_ws/install/actionlib_msgs/include/actionlib_msgs/actionlib_msgs/msg/detail/goal_status__functions.h
[43.312s] -- Installing: /home/robot/app/robot_ws/install/actionlib_msgs/include/actionlib_msgs/actionlib_msgs/msg/detail/goal_status_array__functions.c
[43.315s] -- Installing: /home/robot/app/robot_ws/install/actionlib_msgs/include/actionlib_msgs/actionlib_msgs/msg/detail/goal_id__type_support.h
[43.316s] -- Installing: /home/robot/app/robot_ws/install/actionlib_msgs/include/actionlib_msgs/actionlib_msgs/msg/detail/goal_status__type_support.h
[43.316s] -- Installing: /home/robot/app/robot_ws/install/actionlib_msgs/include/actionlib_msgs/actionlib_msgs/msg/detail/goal_status_array__type_support.h
[43.317s] -- Installing: /home/robot/app/robot_ws/install/actionlib_msgs/include/actionlib_msgs/actionlib_msgs/msg/detail/goal_id__struct.h
[43.319s] -- Installing: /home/robot/app/robot_ws/install/actionlib_msgs/include/actionlib_msgs/actionlib_msgs/msg/detail/goal_status_array__functions.h
[43.319s] -- Installing: /home/robot/app/robot_ws/install/actionlib_msgs/include/actionlib_msgs/actionlib_msgs/msg/detail/goal_id__functions.c
[43.321s] -- Installing: /home/robot/app/robot_ws/install/actionlib_msgs/include/actionlib_msgs/actionlib_msgs/msg/detail/goal_status_array__struct.h
[43.321s] -- Installing: /home/robot/app/robot_ws/install/actionlib_msgs/include/actionlib_msgs/actionlib_msgs/msg/detail/goal_status__functions.c
[43.322s] -- Installing: /home/robot/app/robot_ws/install/actionlib_msgs/include/actionlib_msgs/actionlib_msgs/msg/detail/goal_id__functions.h
[43.322s] -- Installing: /home/robot/app/robot_ws/install/actionlib_msgs/include/actionlib_msgs/actionlib_msgs/msg/goal_status_array.h
[43.323s] -- Installing: /home/robot/app/robot_ws/install/actionlib_msgs/include/actionlib_msgs/actionlib_msgs/msg/goal_id.h
[43.324s] -- Installing: /home/robot/app/robot_ws/install/actionlib_msgs/include/actionlib_msgs/actionlib_msgs/msg/goal_status.h
[43.325s] -- Installing: /home/robot/app/robot_ws/install/actionlib_msgs/include/actionlib_msgs/actionlib_msgs/msg/rosidl_generator_c__visibility_control.h
[43.325s] -- Installing: /home/robot/app/robot_ws/install/actionlib_msgs/share/actionlib_msgs/environment/library_path.sh
[43.326s] -- Installing: /home/robot/app/robot_ws/install/actionlib_msgs/share/actionlib_msgs/environment/library_path.dsv
[43.328s] -- Installing: /home/robot/app/robot_ws/install/actionlib_msgs/lib/libactionlib_msgs__rosidl_generator_c.so
[43.330s] -- Set runtime path of "/home/robot/app/robot_ws/install/actionlib_msgs/lib/libactionlib_msgs__rosidl_generator_c.so" to ""
[43.331s] -- Up-to-date: /home/robot/app/robot_ws/install/actionlib_msgs/include/actionlib_msgs/actionlib_msgs
[43.332s] -- Up-to-date: /home/robot/app/robot_ws/install/actionlib_msgs/include/actionlib_msgs/actionlib_msgs/msg
[43.333s] -- Up-to-date: /home/robot/app/robot_ws/install/actionlib_msgs/include/actionlib_msgs/actionlib_msgs/msg/detail
[43.333s] -- Installing: /home/robot/app/robot_ws/install/actionlib_msgs/include/actionlib_msgs/actionlib_msgs/msg/detail/goal_status__rosidl_typesupport_fastrtps_c.h
[43.334s] -- Installing: /home/robot/app/robot_ws/install/actionlib_msgs/include/actionlib_msgs/actionlib_msgs/msg/detail/goal_status_array__rosidl_typesupport_fastrtps_c.h
[43.334s] -- Installing: /home/robot/app/robot_ws/install/actionlib_msgs/include/actionlib_msgs/actionlib_msgs/msg/detail/goal_id__rosidl_typesupport_fastrtps_c.h
[43.335s] -- Installing: /home/robot/app/robot_ws/install/actionlib_msgs/include/actionlib_msgs/actionlib_msgs/msg/rosidl_typesupport_fastrtps_c__visibility_control.h
[43.336s] -- Installing: /home/robot/app/robot_ws/install/actionlib_msgs/lib/libactionlib_msgs__rosidl_typesupport_fastrtps_c.so
[43.338s] -- Set runtime path of "/home/robot/app/robot_ws/install/actionlib_msgs/lib/libactionlib_msgs__rosidl_typesupport_fastrtps_c.so" to ""
[43.342s] -- Up-to-date: /home/robot/app/robot_ws/install/actionlib_msgs/include/actionlib_msgs/actionlib_msgs
[43.343s] -- Up-to-date: /home/robot/app/robot_ws/install/actionlib_msgs/include/actionlib_msgs/actionlib_msgs/msg
[43.344s] -- Up-to-date: /home/robot/app/robot_ws/install/actionlib_msgs/include/actionlib_msgs/actionlib_msgs/msg/detail
[43.345s] -- Installing: /home/robot/app/robot_ws/install/actionlib_msgs/include/actionlib_msgs/actionlib_msgs/msg/detail/goal_status__builder.hpp
[43.345s] -- Installing: /home/robot/app/robot_ws/install/actionlib_msgs/include/actionlib_msgs/actionlib_msgs/msg/detail/goal_id__builder.hpp
[43.347s] -- Installing: /home/robot/app/robot_ws/install/actionlib_msgs/include/actionlib_msgs/actionlib_msgs/msg/detail/goal_status_array__builder.hpp
[43.348s] -- Installing: /home/robot/app/robot_ws/install/actionlib_msgs/include/actionlib_msgs/actionlib_msgs/msg/detail/goal_status_array__struct.hpp
[43.349s] -- Installing: /home/robot/app/robot_ws/install/actionlib_msgs/include/actionlib_msgs/actionlib_msgs/msg/detail/goal_status_array__traits.hpp
[43.351s] -- Installing: /home/robot/app/robot_ws/install/actionlib_msgs/include/actionlib_msgs/actionlib_msgs/msg/detail/goal_status__struct.hpp
[43.356s] -- Installing: /home/robot/app/robot_ws/install/actionlib_msgs/include/actionlib_msgs/actionlib_msgs/msg/detail/goal_id__struct.hpp
[43.357s] -- Installing: /home/robot/app/robot_ws/install/actionlib_msgs/include/actionlib_msgs/actionlib_msgs/msg/detail/goal_id__traits.hpp
[43.358s] -- Installing: /home/robot/app/robot_ws/install/actionlib_msgs/include/actionlib_msgs/actionlib_msgs/msg/detail/goal_status__traits.hpp
[43.358s] -- Installing: /home/robot/app/robot_ws/install/actionlib_msgs/include/actionlib_msgs/actionlib_msgs/msg/goal_status_array.hpp
[43.359s] -- Installing: /home/robot/app/robot_ws/install/actionlib_msgs/include/actionlib_msgs/actionlib_msgs/msg/goal_id.hpp
[43.359s] -- Installing: /home/robot/app/robot_ws/install/actionlib_msgs/include/actionlib_msgs/actionlib_msgs/msg/goal_status.hpp
[43.360s] -- Up-to-date: /home/robot/app/robot_ws/install/actionlib_msgs/include/actionlib_msgs/actionlib_msgs
[43.361s] -- Up-to-date: /home/robot/app/robot_ws/install/actionlib_msgs/include/actionlib_msgs/actionlib_msgs/msg
[43.362s] -- Installing: /home/robot/app/robot_ws/install/actionlib_msgs/include/actionlib_msgs/actionlib_msgs/msg/rosidl_typesupport_fastrtps_cpp__visibility_control.h
[43.362s] -- Up-to-date: /home/robot/app/robot_ws/install/actionlib_msgs/include/actionlib_msgs/actionlib_msgs/msg/detail
[43.363s] -- Installing: /home/robot/app/robot_ws/install/actionlib_msgs/include/actionlib_msgs/actionlib_msgs/msg/detail/goal_status__rosidl_typesupport_fastrtps_cpp.hpp
[43.364s] -- Installing: /home/robot/app/robot_ws/install/actionlib_msgs/include/actionlib_msgs/actionlib_msgs/msg/detail/dds_fastrtps
[43.364s] -- Installing: /home/robot/app/robot_ws/install/actionlib_msgs/include/actionlib_msgs/actionlib_msgs/msg/detail/goal_status_array__rosidl_typesupport_fastrtps_cpp.hpp
[43.365s] -- Installing: /home/robot/app/robot_ws/install/actionlib_msgs/include/actionlib_msgs/actionlib_msgs/msg/detail/goal_id__rosidl_typesupport_fastrtps_cpp.hpp
[43.366s] -- Installing: /home/robot/app/robot_ws/install/actionlib_msgs/lib/libactionlib_msgs__rosidl_typesupport_fastrtps_cpp.so
[43.367s] -- Set runtime path of "/home/robot/app/robot_ws/install/actionlib_msgs/lib/libactionlib_msgs__rosidl_typesupport_fastrtps_cpp.so" to ""
[43.371s] -- Up-to-date: /home/robot/app/robot_ws/install/actionlib_msgs/include/actionlib_msgs
[43.372s] -- Installing: /home/robot/app/robot_ws/install/actionlib_msgs/include/actionlib_msgs/msg
[43.372s] -- Installing: /home/robot/app/robot_ws/install/actionlib_msgs/include/actionlib_msgs/msg/detail
[43.373s] -- Installing: /home/robot/app/robot_ws/install/actionlib_msgs/include/actionlib_msgs/msg/detail/goal_id__rosidl_typesupport_microxrcedds_c.h
[43.374s] -- Installing: /home/robot/app/robot_ws/install/actionlib_msgs/include/actionlib_msgs/msg/detail/microxrcedds
[43.375s] -- Installing: /home/robot/app/robot_ws/install/actionlib_msgs/include/actionlib_msgs/msg/detail/goal_status__rosidl_typesupport_microxrcedds_c.h
[43.376s] -- Installing: /home/robot/app/robot_ws/install/actionlib_msgs/include/actionlib_msgs/msg/detail/goal_status_array__rosidl_typesupport_microxrcedds_c.h
[43.377s] -- Installing: /home/robot/app/robot_ws/install/actionlib_msgs/include/actionlib_msgs/msg/rosidl_typesupport_microxrcedds_c__visibility_control.h
[43.378s] -- Installing: /home/robot/app/robot_ws/install/actionlib_msgs/lib/libactionlib_msgs__rosidl_typesupport_microxrcedds_c.so
[43.378s] -- Set runtime path of "/home/robot/app/robot_ws/install/actionlib_msgs/lib/libactionlib_msgs__rosidl_typesupport_microxrcedds_c.so" to ""
[43.379s] -- Up-to-date: /home/robot/app/robot_ws/install/actionlib_msgs/include/actionlib_msgs/actionlib_msgs
[43.380s] -- Up-to-date: /home/robot/app/robot_ws/install/actionlib_msgs/include/actionlib_msgs/actionlib_msgs/msg
[43.381s] -- Installing: /home/robot/app/robot_ws/install/actionlib_msgs/include/actionlib_msgs/actionlib_msgs/msg/rosidl_typesupport_introspection_c__visibility_control.h
[43.381s] -- Up-to-date: /home/robot/app/robot_ws/install/actionlib_msgs/include/actionlib_msgs/actionlib_msgs/msg/detail
[43.382s] -- Installing: /home/robot/app/robot_ws/install/actionlib_msgs/include/actionlib_msgs/actionlib_msgs/msg/detail/goal_id__type_support.c
[43.382s] -- Installing: /home/robot/app/robot_ws/install/actionlib_msgs/include/actionlib_msgs/actionlib_msgs/msg/detail/goal_id__rosidl_typesupport_introspection_c.h
[43.383s] -- Installing: /home/robot/app/robot_ws/install/actionlib_msgs/include/actionlib_msgs/actionlib_msgs/msg/detail/goal_status__rosidl_typesupport_introspection_c.h
[43.384s] -- Installing: /home/robot/app/robot_ws/install/actionlib_msgs/include/actionlib_msgs/actionlib_msgs/msg/detail/goal_status_array__rosidl_typesupport_introspection_c.h
[43.385s] -- Installing: /home/robot/app/robot_ws/install/actionlib_msgs/include/actionlib_msgs/actionlib_msgs/msg/detail/goal_status_array__type_support.c
[43.385s] -- Installing: /home/robot/app/robot_ws/install/actionlib_msgs/include/actionlib_msgs/actionlib_msgs/msg/detail/goal_status__type_support.c
[43.386s] -- Installing: /home/robot/app/robot_ws/install/actionlib_msgs/lib/libactionlib_msgs__rosidl_typesupport_introspection_c.so
[43.386s] -- Set runtime path of "/home/robot/app/robot_ws/install/actionlib_msgs/lib/libactionlib_msgs__rosidl_typesupport_introspection_c.so" to ""
[43.387s] -- Installing: /home/robot/app/robot_ws/install/actionlib_msgs/lib/libactionlib_msgs__rosidl_typesupport_c.so
[43.388s] -- Set runtime path of "/home/robot/app/robot_ws/install/actionlib_msgs/lib/libactionlib_msgs__rosidl_typesupport_c.so" to ""
[43.389s] -- Up-to-date: /home/robot/app/robot_ws/install/actionlib_msgs/include/actionlib_msgs
[43.390s] -- Up-to-date: /home/robot/app/robot_ws/install/actionlib_msgs/include/actionlib_msgs/msg
[43.391s] -- Up-to-date: /home/robot/app/robot_ws/install/actionlib_msgs/include/actionlib_msgs/msg/detail
[43.392s] -- Up-to-date: /home/robot/app/robot_ws/install/actionlib_msgs/include/actionlib_msgs/msg/detail/microxrcedds
[43.393s] -- Installing: /home/robot/app/robot_ws/install/actionlib_msgs/include/actionlib_msgs/msg/detail/microxrcedds/goal_status__type_support_cpp.cpp
[43.393s] -- Installing: /home/robot/app/robot_ws/install/actionlib_msgs/include/actionlib_msgs/msg/detail/microxrcedds/goal_status_array__type_support_cpp.cpp
[43.394s] -- Installing: /home/robot/app/robot_ws/install/actionlib_msgs/include/actionlib_msgs/msg/detail/microxrcedds/goal_id__type_support_cpp.cpp
[43.395s] -- Installing: /home/robot/app/robot_ws/install/actionlib_msgs/include/actionlib_msgs/msg/detail/goal_status__rosidl_typesupport_microxrcedds_cpp.hpp
[43.396s] -- Installing: /home/robot/app/robot_ws/install/actionlib_msgs/include/actionlib_msgs/msg/detail/goal_id__rosidl_typesupport_microxrcedds_cpp.hpp
[43.396s] -- Installing: /home/robot/app/robot_ws/install/actionlib_msgs/include/actionlib_msgs/msg/detail/goal_status_array__rosidl_typesupport_microxrcedds_cpp.hpp
[43.397s] -- Installing: /home/robot/app/robot_ws/install/actionlib_msgs/include/actionlib_msgs/msg/rosidl_typesupport_microxrcedds_cpp__visibility_control.h
[43.398s] -- Installing: /home/robot/app/robot_ws/install/actionlib_msgs/lib/libactionlib_msgs__rosidl_typesupport_microxrcedds_cpp.so
[43.399s] -- Set runtime path of "/home/robot/app/robot_ws/install/actionlib_msgs/lib/libactionlib_msgs__rosidl_typesupport_microxrcedds_cpp.so" to ""
[43.400s] -- Up-to-date: /home/robot/app/robot_ws/install/actionlib_msgs/include/actionlib_msgs/actionlib_msgs
[43.401s] -- Up-to-date: /home/robot/app/robot_ws/install/actionlib_msgs/include/actionlib_msgs/actionlib_msgs/msg
[43.402s] -- Up-to-date: /home/robot/app/robot_ws/install/actionlib_msgs/include/actionlib_msgs/actionlib_msgs/msg/detail
[43.402s] -- Installing: /home/robot/app/robot_ws/install/actionlib_msgs/include/actionlib_msgs/actionlib_msgs/msg/detail/goal_status_array__rosidl_typesupport_introspection_cpp.hpp
[43.403s] -- Installing: /home/robot/app/robot_ws/install/actionlib_msgs/include/actionlib_msgs/actionlib_msgs/msg/detail/goal_status__rosidl_typesupport_introspection_cpp.hpp
[43.404s] -- Installing: /home/robot/app/robot_ws/install/actionlib_msgs/include/actionlib_msgs/actionlib_msgs/msg/detail/goal_id__rosidl_typesupport_introspection_cpp.hpp
[43.405s] -- Installing: /home/robot/app/robot_ws/install/actionlib_msgs/include/actionlib_msgs/actionlib_msgs/msg/detail/goal_status__type_support.cpp
[43.406s] -- Installing: /home/robot/app/robot_ws/install/actionlib_msgs/include/actionlib_msgs/actionlib_msgs/msg/detail/goal_status_array__type_support.cpp
[43.407s] -- Installing: /home/robot/app/robot_ws/install/actionlib_msgs/include/actionlib_msgs/actionlib_msgs/msg/detail/goal_id__type_support.cpp
[43.408s] -- Installing: /home/robot/app/robot_ws/install/actionlib_msgs/lib/libactionlib_msgs__rosidl_typesupport_introspection_cpp.so
[43.410s] -- Set runtime path of "/home/robot/app/robot_ws/install/actionlib_msgs/lib/libactionlib_msgs__rosidl_typesupport_introspection_cpp.so" to ""
[43.410s] -- Installing: /home/robot/app/robot_ws/install/actionlib_msgs/lib/libactionlib_msgs__rosidl_typesupport_cpp.so
[43.413s] -- Set runtime path of "/home/robot/app/robot_ws/install/actionlib_msgs/lib/libactionlib_msgs__rosidl_typesupport_cpp.so" to ""
[43.414s] -- Installing: /home/robot/app/robot_ws/install/actionlib_msgs/share/actionlib_msgs/environment/pythonpath.sh
[43.414s] -- Installing: /home/robot/app/robot_ws/install/actionlib_msgs/share/actionlib_msgs/environment/pythonpath.dsv
[43.416s] -- Installing: /home/robot/app/robot_ws/install/actionlib_msgs/local/lib/python3.10/dist-packages/actionlib_msgs-4.2.4-py3.10.egg-info
[43.417s] -- Installing: /home/robot/app/robot_ws/install/actionlib_msgs/local/lib/python3.10/dist-packages/actionlib_msgs-4.2.4-py3.10.egg-info/dependency_links.txt
[43.418s] -- Installing: /home/robot/app/robot_ws/install/actionlib_msgs/local/lib/python3.10/dist-packages/actionlib_msgs-4.2.4-py3.10.egg-info/PKG-INFO
[43.419s] -- Installing: /home/robot/app/robot_ws/install/actionlib_msgs/local/lib/python3.10/dist-packages/actionlib_msgs-4.2.4-py3.10.egg-info/SOURCES.txt
[43.420s] -- Installing: /home/robot/app/robot_ws/install/actionlib_msgs/local/lib/python3.10/dist-packages/actionlib_msgs-4.2.4-py3.10.egg-info/top_level.txt
[43.422s] -- Installing: /home/robot/app/robot_ws/install/actionlib_msgs/local/lib/python3.10/dist-packages/actionlib_msgs
[43.423s] -- Installing: /home/robot/app/robot_ws/install/actionlib_msgs/local/lib/python3.10/dist-packages/actionlib_msgs/__init__.py
[43.423s] -- Installing: /home/robot/app/robot_ws/install/actionlib_msgs/local/lib/python3.10/dist-packages/actionlib_msgs/_actionlib_msgs_s.ep.rosidl_typesupport_microxrcedds_c.c
[43.424s] -- Installing: /home/robot/app/robot_ws/install/actionlib_msgs/local/lib/python3.10/dist-packages/actionlib_msgs/_actionlib_msgs_s.ep.rosidl_typesupport_c.c
[43.425s] -- Installing: /home/robot/app/robot_ws/install/actionlib_msgs/local/lib/python3.10/dist-packages/actionlib_msgs/actionlib_msgs_s__rosidl_typesupport_microxrcedds_c.cpython-310-x86_64-linux-gnu.so
[43.426s] -- Installing: /home/robot/app/robot_ws/install/actionlib_msgs/local/lib/python3.10/dist-packages/actionlib_msgs/actionlib_msgs_s__rosidl_typesupport_c.cpython-310-x86_64-linux-gnu.so
[43.427s] -- Installing: /home/robot/app/robot_ws/install/actionlib_msgs/local/lib/python3.10/dist-packages/actionlib_msgs/_actionlib_msgs_s.ep.rosidl_typesupport_introspection_c.c
[43.428s] -- Installing: /home/robot/app/robot_ws/install/actionlib_msgs/local/lib/python3.10/dist-packages/actionlib_msgs/actionlib_msgs_s__rosidl_typesupport_fastrtps_c.cpython-310-x86_64-linux-gnu.so
[43.429s] -- Installing: /home/robot/app/robot_ws/install/actionlib_msgs/local/lib/python3.10/dist-packages/actionlib_msgs/libactionlib_msgs__rosidl_generator_py.so
[43.430s] -- Installing: /home/robot/app/robot_ws/install/actionlib_msgs/local/lib/python3.10/dist-packages/actionlib_msgs/_actionlib_msgs_s.ep.rosidl_typesupport_fastrtps_c.c
[43.432s] -- Installing: /home/robot/app/robot_ws/install/actionlib_msgs/local/lib/python3.10/dist-packages/actionlib_msgs/actionlib_msgs_s__rosidl_typesupport_introspection_c.cpython-310-x86_64-linux-gnu.so
[43.435s] -- Installing: /home/robot/app/robot_ws/install/actionlib_msgs/local/lib/python3.10/dist-packages/actionlib_msgs/msg
[43.436s] -- Installing: /home/robot/app/robot_ws/install/actionlib_msgs/local/lib/python3.10/dist-packages/actionlib_msgs/msg/_goal_status_array.py
[43.437s] -- Installing: /home/robot/app/robot_ws/install/actionlib_msgs/local/lib/python3.10/dist-packages/actionlib_msgs/msg/__init__.py
[43.438s] -- Installing: /home/robot/app/robot_ws/install/actionlib_msgs/local/lib/python3.10/dist-packages/actionlib_msgs/msg/_goal_id_s.c
[43.438s] -- Installing: /home/robot/app/robot_ws/install/actionlib_msgs/local/lib/python3.10/dist-packages/actionlib_msgs/msg/_goal_status_array_s.c
[43.439s] -- Installing: /home/robot/app/robot_ws/install/actionlib_msgs/local/lib/python3.10/dist-packages/actionlib_msgs/msg/_goal_status.py
[43.439s] -- Installing: /home/robot/app/robot_ws/install/actionlib_msgs/local/lib/python3.10/dist-packages/actionlib_msgs/msg/_goal_id.py
[43.440s] -- Installing: /home/robot/app/robot_ws/install/actionlib_msgs/local/lib/python3.10/dist-packages/actionlib_msgs/msg/_goal_status_s.c
[43.713s] Listing '/home/robot/app/robot_ws/install/actionlib_msgs/local/lib/python3.10/dist-packages/actionlib_msgs'...
[43.714s] Compiling '/home/robot/app/robot_ws/install/actionlib_msgs/local/lib/python3.10/dist-packages/actionlib_msgs/__init__.py'...
[43.714s] Listing '/home/robot/app/robot_ws/install/actionlib_msgs/local/lib/python3.10/dist-packages/actionlib_msgs/msg'...
[43.715s] Compiling '/home/robot/app/robot_ws/install/actionlib_msgs/local/lib/python3.10/dist-packages/actionlib_msgs/msg/__init__.py'...
[43.715s] Compiling '/home/robot/app/robot_ws/install/actionlib_msgs/local/lib/python3.10/dist-packages/actionlib_msgs/msg/_goal_id.py'...
[43.725s] Compiling '/home/robot/app/robot_ws/install/actionlib_msgs/local/lib/python3.10/dist-packages/actionlib_msgs/msg/_goal_status.py'...
[43.726s] Compiling '/home/robot/app/robot_ws/install/actionlib_msgs/local/lib/python3.10/dist-packages/actionlib_msgs/msg/_goal_status_array.py'...
[43.741s] -- Installing: /home/robot/app/robot_ws/install/actionlib_msgs/local/lib/python3.10/dist-packages/actionlib_msgs/actionlib_msgs_s__rosidl_typesupport_microxrcedds_c.cpython-310-x86_64-linux-gnu.so
[43.747s] -- Set runtime path of "/home/robot/app/robot_ws/install/actionlib_msgs/local/lib/python3.10/dist-packages/actionlib_msgs/actionlib_msgs_s__rosidl_typesupport_microxrcedds_c.cpython-310-x86_64-linux-gnu.so" to ""
[43.752s] -- Installing: /home/robot/app/robot_ws/install/actionlib_msgs/local/lib/python3.10/dist-packages/actionlib_msgs/actionlib_msgs_s__rosidl_typesupport_fastrtps_c.cpython-310-x86_64-linux-gnu.so
[43.753s] -- Set runtime path of "/home/robot/app/robot_ws/install/actionlib_msgs/local/lib/python3.10/dist-packages/actionlib_msgs/actionlib_msgs_s__rosidl_typesupport_fastrtps_c.cpython-310-x86_64-linux-gnu.so" to ""
[43.757s] -- Installing: /home/robot/app/robot_ws/install/actionlib_msgs/local/lib/python3.10/dist-packages/actionlib_msgs/actionlib_msgs_s__rosidl_typesupport_introspection_c.cpython-310-x86_64-linux-gnu.so
[43.758s] -- Set runtime path of "/home/robot/app/robot_ws/install/actionlib_msgs/local/lib/python3.10/dist-packages/actionlib_msgs/actionlib_msgs_s__rosidl_typesupport_introspection_c.cpython-310-x86_64-linux-gnu.so" to ""
[43.759s] -- Installing: /home/robot/app/robot_ws/install/actionlib_msgs/local/lib/python3.10/dist-packages/actionlib_msgs/actionlib_msgs_s__rosidl_typesupport_c.cpython-310-x86_64-linux-gnu.so
[43.762s] -- Set runtime path of "/home/robot/app/robot_ws/install/actionlib_msgs/local/lib/python3.10/dist-packages/actionlib_msgs/actionlib_msgs_s__rosidl_typesupport_c.cpython-310-x86_64-linux-gnu.so" to ""
[43.766s] -- Installing: /home/robot/app/robot_ws/install/actionlib_msgs/lib/libactionlib_msgs__rosidl_generator_py.so
[43.767s] -- Set runtime path of "/home/robot/app/robot_ws/install/actionlib_msgs/lib/libactionlib_msgs__rosidl_generator_py.so" to ""
[43.770s] -- Installing: /home/robot/app/robot_ws/install/actionlib_msgs/share/actionlib_msgs/msg/GoalID.idl
[43.773s] -- Installing: /home/robot/app/robot_ws/install/actionlib_msgs/share/actionlib_msgs/msg/GoalStatus.idl
[43.776s] -- Installing: /home/robot/app/robot_ws/install/actionlib_msgs/share/actionlib_msgs/msg/GoalStatusArray.idl
[43.779s] -- Installing: /home/robot/app/robot_ws/install/actionlib_msgs/share/actionlib_msgs/msg/GoalID.msg
[43.780s] -- Installing: /home/robot/app/robot_ws/install/actionlib_msgs/share/actionlib_msgs/msg/GoalStatus.msg
[43.784s] -- Installing: /home/robot/app/robot_ws/install/actionlib_msgs/share/actionlib_msgs/msg/GoalStatusArray.msg
[43.788s] -- Installing: /home/robot/app/robot_ws/install/actionlib_msgs/share/ament_index/resource_index/package_run_dependencies/actionlib_msgs
[43.789s] -- Installing: /home/robot/app/robot_ws/install/actionlib_msgs/share/ament_index/resource_index/parent_prefix_path/actionlib_msgs
[43.792s] -- Installing: /home/robot/app/robot_ws/install/actionlib_msgs/share/actionlib_msgs/environment/ament_prefix_path.sh
[43.794s] -- Installing: /home/robot/app/robot_ws/install/actionlib_msgs/share/actionlib_msgs/environment/ament_prefix_path.dsv
[43.796s] -- Installing: /home/robot/app/robot_ws/install/actionlib_msgs/share/actionlib_msgs/environment/path.sh
[43.800s] -- Installing: /home/robot/app/robot_ws/install/actionlib_msgs/share/actionlib_msgs/environment/path.dsv
[43.801s] -- Installing: /home/robot/app/robot_ws/install/actionlib_msgs/share/actionlib_msgs/local_setup.bash
[43.805s] -- Installing: /home/robot/app/robot_ws/install/actionlib_msgs/share/actionlib_msgs/local_setup.sh
[43.808s] -- Installing: /home/robot/app/robot_ws/install/actionlib_msgs/share/actionlib_msgs/local_setup.zsh
[43.811s] -- Installing: /home/robot/app/robot_ws/install/actionlib_msgs/share/actionlib_msgs/local_setup.dsv
[43.812s] -- Installing: /home/robot/app/robot_ws/install/actionlib_msgs/share/actionlib_msgs/package.dsv
[43.813s] -- Installing: /home/robot/app/robot_ws/install/actionlib_msgs/share/ament_index/resource_index/packages/actionlib_msgs
[43.816s] -- Installing: /home/robot/app/robot_ws/install/actionlib_msgs/share/actionlib_msgs/cmake/export_actionlib_msgs__rosidl_generator_cExport.cmake
[43.817s] -- Installing: /home/robot/app/robot_ws/install/actionlib_msgs/share/actionlib_msgs/cmake/export_actionlib_msgs__rosidl_generator_cExport-noconfig.cmake
[43.817s] -- Installing: /home/robot/app/robot_ws/install/actionlib_msgs/share/actionlib_msgs/cmake/export_actionlib_msgs__rosidl_typesupport_fastrtps_cExport.cmake
[43.818s] -- Installing: /home/robot/app/robot_ws/install/actionlib_msgs/share/actionlib_msgs/cmake/export_actionlib_msgs__rosidl_typesupport_fastrtps_cExport-noconfig.cmake
[43.822s] -- Installing: /home/robot/app/robot_ws/install/actionlib_msgs/share/actionlib_msgs/cmake/export_actionlib_msgs__rosidl_generator_cppExport.cmake
[43.824s] -- Installing: /home/robot/app/robot_ws/install/actionlib_msgs/share/actionlib_msgs/cmake/export_actionlib_msgs__rosidl_typesupport_fastrtps_cppExport.cmake
[43.826s] -- Installing: /home/robot/app/robot_ws/install/actionlib_msgs/share/actionlib_msgs/cmake/export_actionlib_msgs__rosidl_typesupport_fastrtps_cppExport-noconfig.cmake
[43.827s] -- Installing: /home/robot/app/robot_ws/install/actionlib_msgs/share/actionlib_msgs/cmake/actionlib_msgs__rosidl_typesupport_introspection_cExport.cmake
[43.829s] -- Installing: /home/robot/app/robot_ws/install/actionlib_msgs/share/actionlib_msgs/cmake/actionlib_msgs__rosidl_typesupport_introspection_cExport-noconfig.cmake
[43.833s] -- Installing: /home/robot/app/robot_ws/install/actionlib_msgs/share/actionlib_msgs/cmake/actionlib_msgs__rosidl_typesupport_cExport.cmake
[43.833s] -- Installing: /home/robot/app/robot_ws/install/actionlib_msgs/share/actionlib_msgs/cmake/actionlib_msgs__rosidl_typesupport_cExport-noconfig.cmake
[43.834s] -- Installing: /home/robot/app/robot_ws/install/actionlib_msgs/share/actionlib_msgs/cmake/actionlib_msgs__rosidl_typesupport_introspection_cppExport.cmake
[43.835s] -- Installing: /home/robot/app/robot_ws/install/actionlib_msgs/share/actionlib_msgs/cmake/actionlib_msgs__rosidl_typesupport_introspection_cppExport-noconfig.cmake
[43.839s] -- Installing: /home/robot/app/robot_ws/install/actionlib_msgs/share/actionlib_msgs/cmake/actionlib_msgs__rosidl_typesupport_cppExport.cmake
[43.840s] -- Installing: /home/robot/app/robot_ws/install/actionlib_msgs/share/actionlib_msgs/cmake/actionlib_msgs__rosidl_typesupport_cppExport-noconfig.cmake
[43.841s] -- Installing: /home/robot/app/robot_ws/install/actionlib_msgs/share/actionlib_msgs/cmake/export_actionlib_msgs__rosidl_generator_pyExport.cmake
[43.843s] -- Installing: /home/robot/app/robot_ws/install/actionlib_msgs/share/actionlib_msgs/cmake/export_actionlib_msgs__rosidl_generator_pyExport-noconfig.cmake
[43.844s] -- Installing: /home/robot/app/robot_ws/install/actionlib_msgs/share/actionlib_msgs/cmake/rosidl_cmake-extras.cmake
[43.845s] -- Installing: /home/robot/app/robot_ws/install/actionlib_msgs/share/actionlib_msgs/cmake/ament_cmake_export_dependencies-extras.cmake
[43.846s] -- Installing: /home/robot/app/robot_ws/install/actionlib_msgs/share/actionlib_msgs/cmake/ament_cmake_export_include_directories-extras.cmake
[43.850s] -- Installing: /home/robot/app/robot_ws/install/actionlib_msgs/share/actionlib_msgs/cmake/ament_cmake_export_libraries-extras.cmake
[43.854s] -- Installing: /home/robot/app/robot_ws/install/actionlib_msgs/share/actionlib_msgs/cmake/ament_cmake_export_targets-extras.cmake
[43.858s] -- Installing: /home/robot/app/robot_ws/install/actionlib_msgs/share/actionlib_msgs/cmake/rosidl_cmake_export_typesupport_targets-extras.cmake
[43.859s] -- Installing: /home/robot/app/robot_ws/install/actionlib_msgs/share/actionlib_msgs/cmake/rosidl_cmake_export_typesupport_libraries-extras.cmake
[43.860s] -- Installing: /home/robot/app/robot_ws/install/actionlib_msgs/share/actionlib_msgs/cmake/actionlib_msgsConfig.cmake
[43.860s] -- Installing: /home/robot/app/robot_ws/install/actionlib_msgs/share/actionlib_msgs/cmake/actionlib_msgsConfig-version.cmake
[43.863s] -- Installing: /home/robot/app/robot_ws/install/actionlib_msgs/share/actionlib_msgs/package.xml
[43.869s] Invoked command in '/home/robot/app/robot_ws/build/actionlib_msgs' returned '0': AMENT_PREFIX_PATH=/home/robot/app/robot_ws/install/std_msgs:/home/robot/app/robot_ws/install/builtin_interfaces:${AMENT_PREFIX_PATH} CMAKE_PREFIX_PATH=/home/robot/app/robot_ws/install/std_msgs:/home/robot/app/robot_ws/install/builtin_interfaces:/home/robot/app/robot_ws/install/rosidl_typesupport_microxrcedds_cpp:/home/robot/app/robot_ws/install/rosidl_typesupport_microxrcedds_c:/home/robot/app/robot_ws/install/microcdr:/home/robot/app/robot_ws/install/micro_ros_setup:/opt/ros/humble LD_LIBRARY_PATH=/home/robot/app/robot_ws/install/std_msgs/lib:/home/robot/app/robot_ws/install/builtin_interfaces/lib:${LD_LIBRARY_PATH} PYTHONPATH=/home/robot/app/robot_ws/install/std_msgs/local/lib/python3.10/dist-packages:/home/robot/app/robot_ws/install/builtin_interfaces/local/lib/python3.10/dist-packages:${PYTHONPATH} /usr/bin/cmake --install /home/robot/app/robot_ws/build/actionlib_msgs
