[0.116s] Invoking command in '/home/robot/app/robot_ws/build/micro_ros_msgs': CMAKE_PREFIX_PATH=${CMAKE_PREFIX_PATH}:/home/robot/app/robot_ws/install/sensor_msgs_py:/opt/ros/humble /usr/bin/cmake --build /home/robot/app/robot_ws/build/micro_ros_msgs -- -j8 -l8
[0.570s] [  1%] Built target micro_ros_msgs__cpp
[0.684s] [  1%] Built target ament_cmake_python_copy_micro_ros_msgs
[0.774s] [ 10%] Built target micro_ros_msgs__rosidl_generator_c
[0.962s] [ 18%] Built target micro_ros_msgs__rosidl_typesupport_introspection_cpp
[0.984s] [ 27%] Built target micro_ros_msgs__rosidl_typesupport_fastrtps_cpp
[1.022s] [ 35%] Built target micro_ros_msgs__rosidl_typesupport_cpp
[1.057s] [ 44%] Built target micro_ros_msgs__rosidl_typesupport_microxrcedds_cpp
[1.132s] [ 52%] Built target micro_ros_msgs__rosidl_typesupport_fastrtps_c
[1.305s] [ 61%] Built target micro_ros_msgs__rosidl_typesupport_c
[1.336s] [ 69%] Built target micro_ros_msgs__rosidl_typesupport_introspection_c
[1.337s] [ 77%] Built target micro_ros_msgs__rosidl_typesupport_microxrcedds_c
[1.424s] [ 77%] Built target micro_ros_msgs
[1.580s] [ 79%] Built target micro_ros_msgs__py
[1.823s] [ 86%] Built target micro_ros_msgs__rosidl_generator_py
[2.196s] [ 89%] Built target micro_ros_msgs__rosidl_typesupport_introspection_c__pyext
[2.206s] [ 93%] Built target micro_ros_msgs__rosidl_typesupport_microxrcedds_c__pyext
[2.229s] [ 96%] Built target micro_ros_msgs__rosidl_typesupport_fastrtps_c__pyext
[2.247s] [100%] Built target micro_ros_msgs__rosidl_typesupport_c__pyext
[2.571s] running egg_info
[2.572s] writing micro_ros_msgs.egg-info/PKG-INFO
[2.573s] writing dependency_links to micro_ros_msgs.egg-info/dependency_links.txt
[2.574s] writing top-level names to micro_ros_msgs.egg-info/top_level.txt
[2.583s] reading manifest file 'micro_ros_msgs.egg-info/SOURCES.txt'
[2.584s] writing manifest file 'micro_ros_msgs.egg-info/SOURCES.txt'
[2.684s] [100%] Built target ament_cmake_python_build_micro_ros_msgs_egg
[2.785s] Invoked command in '/home/robot/app/robot_ws/build/micro_ros_msgs' returned '0': CMAKE_PREFIX_PATH=${CMAKE_PREFIX_PATH}:/home/robot/app/robot_ws/install/sensor_msgs_py:/opt/ros/humble /usr/bin/cmake --build /home/robot/app/robot_ws/build/micro_ros_msgs -- -j8 -l8
[3.772s] Invoking command in '/home/robot/app/robot_ws/build/micro_ros_msgs': CMAKE_PREFIX_PATH=${CMAKE_PREFIX_PATH}:/home/robot/app/robot_ws/install/sensor_msgs_py:/opt/ros/humble /usr/bin/cmake --install /home/robot/app/robot_ws/build/micro_ros_msgs
[3.798s] -- Install configuration: ""
[3.801s] -- Up-to-date: /home/robot/app/robot_ws/install/micro_ros_msgs/share/ament_index/resource_index/rosidl_interfaces/micro_ros_msgs
[3.802s] -- Up-to-date: /home/robot/app/robot_ws/install/micro_ros_msgs/include/micro_ros_msgs/micro_ros_msgs
[3.802s] -- Up-to-date: /home/robot/app/robot_ws/install/micro_ros_msgs/include/micro_ros_msgs/micro_ros_msgs/msg
[3.802s] -- Up-to-date: /home/robot/app/robot_ws/install/micro_ros_msgs/include/micro_ros_msgs/micro_ros_msgs/msg/node.h
[3.803s] -- Up-to-date: /home/robot/app/robot_ws/install/micro_ros_msgs/include/micro_ros_msgs/micro_ros_msgs/msg/entity.h
[3.803s] -- Up-to-date: /home/robot/app/robot_ws/install/micro_ros_msgs/include/micro_ros_msgs/micro_ros_msgs/msg/detail
[3.803s] -- Up-to-date: /home/robot/app/robot_ws/install/micro_ros_msgs/include/micro_ros_msgs/micro_ros_msgs/msg/detail/graph__struct.h
[3.804s] -- Up-to-date: /home/robot/app/robot_ws/install/micro_ros_msgs/include/micro_ros_msgs/micro_ros_msgs/msg/detail/node__functions.c
[3.804s] -- Up-to-date: /home/robot/app/robot_ws/install/micro_ros_msgs/include/micro_ros_msgs/micro_ros_msgs/msg/detail/entity__functions.h
[3.804s] -- Up-to-date: /home/robot/app/robot_ws/install/micro_ros_msgs/include/micro_ros_msgs/micro_ros_msgs/msg/detail/node__struct.h
[3.805s] -- Up-to-date: /home/robot/app/robot_ws/install/micro_ros_msgs/include/micro_ros_msgs/micro_ros_msgs/msg/detail/graph__functions.h
[3.806s] -- Up-to-date: /home/robot/app/robot_ws/install/micro_ros_msgs/include/micro_ros_msgs/micro_ros_msgs/msg/detail/node__functions.h
[3.806s] -- Up-to-date: /home/robot/app/robot_ws/install/micro_ros_msgs/include/micro_ros_msgs/micro_ros_msgs/msg/detail/graph__type_support.h
[3.806s] -- Up-to-date: /home/robot/app/robot_ws/install/micro_ros_msgs/include/micro_ros_msgs/micro_ros_msgs/msg/detail/node__type_support.h
[3.806s] -- Up-to-date: /home/robot/app/robot_ws/install/micro_ros_msgs/include/micro_ros_msgs/micro_ros_msgs/msg/detail/graph__functions.c
[3.807s] -- Up-to-date: /home/robot/app/robot_ws/install/micro_ros_msgs/include/micro_ros_msgs/micro_ros_msgs/msg/detail/entity__functions.c
[3.807s] -- Up-to-date: /home/robot/app/robot_ws/install/micro_ros_msgs/include/micro_ros_msgs/micro_ros_msgs/msg/detail/entity__struct.h
[3.807s] -- Up-to-date: /home/robot/app/robot_ws/install/micro_ros_msgs/include/micro_ros_msgs/micro_ros_msgs/msg/detail/entity__type_support.h
[3.807s] -- Up-to-date: /home/robot/app/robot_ws/install/micro_ros_msgs/include/micro_ros_msgs/micro_ros_msgs/msg/graph.h
[3.807s] -- Up-to-date: /home/robot/app/robot_ws/install/micro_ros_msgs/include/micro_ros_msgs/micro_ros_msgs/msg/rosidl_generator_c__visibility_control.h
[3.808s] -- Up-to-date: /home/robot/app/robot_ws/install/micro_ros_msgs/share/micro_ros_msgs/environment/library_path.sh
[3.808s] -- Up-to-date: /home/robot/app/robot_ws/install/micro_ros_msgs/share/micro_ros_msgs/environment/library_path.dsv
[3.808s] -- Up-to-date: /home/robot/app/robot_ws/install/micro_ros_msgs/lib/libmicro_ros_msgs__rosidl_generator_c.so
[3.808s] -- Up-to-date: /home/robot/app/robot_ws/install/micro_ros_msgs/include/micro_ros_msgs
[3.808s] -- Up-to-date: /home/robot/app/robot_ws/install/micro_ros_msgs/include/micro_ros_msgs/msg
[3.809s] -- Up-to-date: /home/robot/app/robot_ws/install/micro_ros_msgs/include/micro_ros_msgs/msg/detail
[3.809s] -- Up-to-date: /home/robot/app/robot_ws/install/micro_ros_msgs/include/micro_ros_msgs/msg/detail/graph__rosidl_typesupport_microxrcedds_c.h
[3.809s] -- Up-to-date: /home/robot/app/robot_ws/install/micro_ros_msgs/include/micro_ros_msgs/msg/detail/microxrcedds
[3.810s] -- Up-to-date: /home/robot/app/robot_ws/install/micro_ros_msgs/include/micro_ros_msgs/msg/detail/entity__rosidl_typesupport_microxrcedds_c.h
[3.810s] -- Up-to-date: /home/robot/app/robot_ws/install/micro_ros_msgs/include/micro_ros_msgs/msg/detail/node__rosidl_typesupport_microxrcedds_c.h
[3.811s] -- Up-to-date: /home/robot/app/robot_ws/install/micro_ros_msgs/include/micro_ros_msgs/msg/rosidl_typesupport_microxrcedds_c__visibility_control.h
[3.811s] -- Up-to-date: /home/robot/app/robot_ws/install/micro_ros_msgs/lib/libmicro_ros_msgs__rosidl_typesupport_microxrcedds_c.so
[3.812s] -- Up-to-date: /home/robot/app/robot_ws/install/micro_ros_msgs/include/micro_ros_msgs/micro_ros_msgs
[3.813s] -- Up-to-date: /home/robot/app/robot_ws/install/micro_ros_msgs/include/micro_ros_msgs/micro_ros_msgs/msg
[3.813s] -- Up-to-date: /home/robot/app/robot_ws/install/micro_ros_msgs/include/micro_ros_msgs/micro_ros_msgs/msg/detail
[3.814s] -- Up-to-date: /home/robot/app/robot_ws/install/micro_ros_msgs/include/micro_ros_msgs/micro_ros_msgs/msg/detail/node__rosidl_typesupport_fastrtps_c.h
[3.814s] -- Up-to-date: /home/robot/app/robot_ws/install/micro_ros_msgs/include/micro_ros_msgs/micro_ros_msgs/msg/detail/graph__rosidl_typesupport_fastrtps_c.h
[3.814s] -- Up-to-date: /home/robot/app/robot_ws/install/micro_ros_msgs/include/micro_ros_msgs/micro_ros_msgs/msg/detail/entity__rosidl_typesupport_fastrtps_c.h
[3.814s] -- Up-to-date: /home/robot/app/robot_ws/install/micro_ros_msgs/include/micro_ros_msgs/micro_ros_msgs/msg/rosidl_typesupport_fastrtps_c__visibility_control.h
[3.816s] -- Up-to-date: /home/robot/app/robot_ws/install/micro_ros_msgs/lib/libmicro_ros_msgs__rosidl_typesupport_fastrtps_c.so
[3.817s] -- Up-to-date: /home/robot/app/robot_ws/install/micro_ros_msgs/include/micro_ros_msgs/micro_ros_msgs
[3.817s] -- Up-to-date: /home/robot/app/robot_ws/install/micro_ros_msgs/include/micro_ros_msgs/micro_ros_msgs/msg
[3.818s] -- Up-to-date: /home/robot/app/robot_ws/install/micro_ros_msgs/include/micro_ros_msgs/micro_ros_msgs/msg/rosidl_typesupport_introspection_c__visibility_control.h
[3.819s] -- Up-to-date: /home/robot/app/robot_ws/install/micro_ros_msgs/include/micro_ros_msgs/micro_ros_msgs/msg/detail
[3.819s] -- Up-to-date: /home/robot/app/robot_ws/install/micro_ros_msgs/include/micro_ros_msgs/micro_ros_msgs/msg/detail/entity__type_support.c
[3.820s] -- Up-to-date: /home/robot/app/robot_ws/install/micro_ros_msgs/include/micro_ros_msgs/micro_ros_msgs/msg/detail/entity__rosidl_typesupport_introspection_c.h
[3.820s] -- Up-to-date: /home/robot/app/robot_ws/install/micro_ros_msgs/include/micro_ros_msgs/micro_ros_msgs/msg/detail/node__type_support.c
[3.820s] -- Up-to-date: /home/robot/app/robot_ws/install/micro_ros_msgs/include/micro_ros_msgs/micro_ros_msgs/msg/detail/graph__rosidl_typesupport_introspection_c.h
[3.820s] -- Up-to-date: /home/robot/app/robot_ws/install/micro_ros_msgs/include/micro_ros_msgs/micro_ros_msgs/msg/detail/node__rosidl_typesupport_introspection_c.h
[3.821s] -- Up-to-date: /home/robot/app/robot_ws/install/micro_ros_msgs/include/micro_ros_msgs/micro_ros_msgs/msg/detail/graph__type_support.c
[3.821s] -- Up-to-date: /home/robot/app/robot_ws/install/micro_ros_msgs/lib/libmicro_ros_msgs__rosidl_typesupport_introspection_c.so
[3.821s] -- Up-to-date: /home/robot/app/robot_ws/install/micro_ros_msgs/lib/libmicro_ros_msgs__rosidl_typesupport_c.so
[3.822s] -- Up-to-date: /home/robot/app/robot_ws/install/micro_ros_msgs/include/micro_ros_msgs/micro_ros_msgs
[3.822s] -- Up-to-date: /home/robot/app/robot_ws/install/micro_ros_msgs/include/micro_ros_msgs/micro_ros_msgs/msg
[3.823s] -- Up-to-date: /home/robot/app/robot_ws/install/micro_ros_msgs/include/micro_ros_msgs/micro_ros_msgs/msg/detail
[3.823s] -- Up-to-date: /home/robot/app/robot_ws/install/micro_ros_msgs/include/micro_ros_msgs/micro_ros_msgs/msg/detail/node__struct.hpp
[3.823s] -- Up-to-date: /home/robot/app/robot_ws/install/micro_ros_msgs/include/micro_ros_msgs/micro_ros_msgs/msg/detail/entity__traits.hpp
[3.823s] -- Up-to-date: /home/robot/app/robot_ws/install/micro_ros_msgs/include/micro_ros_msgs/micro_ros_msgs/msg/detail/graph__struct.hpp
[3.823s] -- Up-to-date: /home/robot/app/robot_ws/install/micro_ros_msgs/include/micro_ros_msgs/micro_ros_msgs/msg/detail/entity__struct.hpp
[3.824s] -- Up-to-date: /home/robot/app/robot_ws/install/micro_ros_msgs/include/micro_ros_msgs/micro_ros_msgs/msg/detail/node__traits.hpp
[3.824s] -- Up-to-date: /home/robot/app/robot_ws/install/micro_ros_msgs/include/micro_ros_msgs/micro_ros_msgs/msg/detail/entity__builder.hpp
[3.824s] -- Up-to-date: /home/robot/app/robot_ws/install/micro_ros_msgs/include/micro_ros_msgs/micro_ros_msgs/msg/detail/graph__builder.hpp
[3.825s] -- Up-to-date: /home/robot/app/robot_ws/install/micro_ros_msgs/include/micro_ros_msgs/micro_ros_msgs/msg/detail/graph__traits.hpp
[3.825s] -- Up-to-date: /home/robot/app/robot_ws/install/micro_ros_msgs/include/micro_ros_msgs/micro_ros_msgs/msg/detail/node__builder.hpp
[3.826s] -- Up-to-date: /home/robot/app/robot_ws/install/micro_ros_msgs/include/micro_ros_msgs/micro_ros_msgs/msg/graph.hpp
[3.826s] -- Up-to-date: /home/robot/app/robot_ws/install/micro_ros_msgs/include/micro_ros_msgs/micro_ros_msgs/msg/node.hpp
[3.826s] -- Up-to-date: /home/robot/app/robot_ws/install/micro_ros_msgs/include/micro_ros_msgs/micro_ros_msgs/msg/entity.hpp
[3.827s] -- Up-to-date: /home/robot/app/robot_ws/install/micro_ros_msgs/include/micro_ros_msgs
[3.827s] -- Up-to-date: /home/robot/app/robot_ws/install/micro_ros_msgs/include/micro_ros_msgs/msg
[3.827s] -- Up-to-date: /home/robot/app/robot_ws/install/micro_ros_msgs/include/micro_ros_msgs/msg/detail
[3.828s] -- Up-to-date: /home/robot/app/robot_ws/install/micro_ros_msgs/include/micro_ros_msgs/msg/detail/graph__rosidl_typesupport_microxrcedds_cpp.hpp
[3.828s] -- Up-to-date: /home/robot/app/robot_ws/install/micro_ros_msgs/include/micro_ros_msgs/msg/detail/node__rosidl_typesupport_microxrcedds_cpp.hpp
[3.828s] -- Up-to-date: /home/robot/app/robot_ws/install/micro_ros_msgs/include/micro_ros_msgs/msg/detail/microxrcedds
[3.829s] -- Up-to-date: /home/robot/app/robot_ws/install/micro_ros_msgs/include/micro_ros_msgs/msg/detail/microxrcedds/node__type_support_cpp.cpp
[3.829s] -- Up-to-date: /home/robot/app/robot_ws/install/micro_ros_msgs/include/micro_ros_msgs/msg/detail/microxrcedds/graph__type_support_cpp.cpp
[3.829s] -- Up-to-date: /home/robot/app/robot_ws/install/micro_ros_msgs/include/micro_ros_msgs/msg/detail/microxrcedds/entity__type_support_cpp.cpp
[3.830s] -- Up-to-date: /home/robot/app/robot_ws/install/micro_ros_msgs/include/micro_ros_msgs/msg/detail/entity__rosidl_typesupport_microxrcedds_cpp.hpp
[3.830s] -- Up-to-date: /home/robot/app/robot_ws/install/micro_ros_msgs/include/micro_ros_msgs/msg/rosidl_typesupport_microxrcedds_cpp__visibility_control.h
[3.830s] -- Up-to-date: /home/robot/app/robot_ws/install/micro_ros_msgs/lib/libmicro_ros_msgs__rosidl_typesupport_microxrcedds_cpp.so
[3.831s] -- Up-to-date: /home/robot/app/robot_ws/install/micro_ros_msgs/include/micro_ros_msgs/micro_ros_msgs
[3.832s] -- Up-to-date: /home/robot/app/robot_ws/install/micro_ros_msgs/include/micro_ros_msgs/micro_ros_msgs/msg
[3.832s] -- Up-to-date: /home/robot/app/robot_ws/install/micro_ros_msgs/include/micro_ros_msgs/micro_ros_msgs/msg/rosidl_typesupport_fastrtps_cpp__visibility_control.h
[3.832s] -- Up-to-date: /home/robot/app/robot_ws/install/micro_ros_msgs/include/micro_ros_msgs/micro_ros_msgs/msg/detail
[3.834s] -- Up-to-date: /home/robot/app/robot_ws/install/micro_ros_msgs/include/micro_ros_msgs/micro_ros_msgs/msg/detail/graph__rosidl_typesupport_fastrtps_cpp.hpp
[3.834s] -- Up-to-date: /home/robot/app/robot_ws/install/micro_ros_msgs/include/micro_ros_msgs/micro_ros_msgs/msg/detail/dds_fastrtps
[3.834s] -- Up-to-date: /home/robot/app/robot_ws/install/micro_ros_msgs/include/micro_ros_msgs/micro_ros_msgs/msg/detail/entity__rosidl_typesupport_fastrtps_cpp.hpp
[3.835s] -- Up-to-date: /home/robot/app/robot_ws/install/micro_ros_msgs/include/micro_ros_msgs/micro_ros_msgs/msg/detail/node__rosidl_typesupport_fastrtps_cpp.hpp
[3.835s] -- Up-to-date: /home/robot/app/robot_ws/install/micro_ros_msgs/lib/libmicro_ros_msgs__rosidl_typesupport_fastrtps_cpp.so
[3.836s] -- Up-to-date: /home/robot/app/robot_ws/install/micro_ros_msgs/include/micro_ros_msgs/micro_ros_msgs
[3.837s] -- Up-to-date: /home/robot/app/robot_ws/install/micro_ros_msgs/include/micro_ros_msgs/micro_ros_msgs/msg
[3.837s] -- Up-to-date: /home/robot/app/robot_ws/install/micro_ros_msgs/include/micro_ros_msgs/micro_ros_msgs/msg/detail
[3.837s] -- Up-to-date: /home/robot/app/robot_ws/install/micro_ros_msgs/include/micro_ros_msgs/micro_ros_msgs/msg/detail/node__rosidl_typesupport_introspection_cpp.hpp
[3.838s] -- Up-to-date: /home/robot/app/robot_ws/install/micro_ros_msgs/include/micro_ros_msgs/micro_ros_msgs/msg/detail/entity__type_support.cpp
[3.838s] -- Up-to-date: /home/robot/app/robot_ws/install/micro_ros_msgs/include/micro_ros_msgs/micro_ros_msgs/msg/detail/graph__type_support.cpp
[3.838s] -- Up-to-date: /home/robot/app/robot_ws/install/micro_ros_msgs/include/micro_ros_msgs/micro_ros_msgs/msg/detail/entity__rosidl_typesupport_introspection_cpp.hpp
[3.838s] -- Up-to-date: /home/robot/app/robot_ws/install/micro_ros_msgs/include/micro_ros_msgs/micro_ros_msgs/msg/detail/node__type_support.cpp
[3.839s] -- Up-to-date: /home/robot/app/robot_ws/install/micro_ros_msgs/include/micro_ros_msgs/micro_ros_msgs/msg/detail/graph__rosidl_typesupport_introspection_cpp.hpp
[3.839s] -- Up-to-date: /home/robot/app/robot_ws/install/micro_ros_msgs/lib/libmicro_ros_msgs__rosidl_typesupport_introspection_cpp.so
[3.839s] -- Up-to-date: /home/robot/app/robot_ws/install/micro_ros_msgs/lib/libmicro_ros_msgs__rosidl_typesupport_cpp.so
[3.839s] -- Up-to-date: /home/robot/app/robot_ws/install/micro_ros_msgs/share/micro_ros_msgs/environment/pythonpath.sh
[3.839s] -- Up-to-date: /home/robot/app/robot_ws/install/micro_ros_msgs/share/micro_ros_msgs/environment/pythonpath.dsv
[3.839s] -- Up-to-date: /home/robot/app/robot_ws/install/micro_ros_msgs/local/lib/python3.10/dist-packages/micro_ros_msgs-3.0.1-py3.10.egg-info
[3.840s] -- Installing: /home/robot/app/robot_ws/install/micro_ros_msgs/local/lib/python3.10/dist-packages/micro_ros_msgs-3.0.1-py3.10.egg-info/dependency_links.txt
[3.840s] -- Installing: /home/robot/app/robot_ws/install/micro_ros_msgs/local/lib/python3.10/dist-packages/micro_ros_msgs-3.0.1-py3.10.egg-info/PKG-INFO
[3.840s] -- Installing: /home/robot/app/robot_ws/install/micro_ros_msgs/local/lib/python3.10/dist-packages/micro_ros_msgs-3.0.1-py3.10.egg-info/SOURCES.txt
[3.841s] -- Installing: /home/robot/app/robot_ws/install/micro_ros_msgs/local/lib/python3.10/dist-packages/micro_ros_msgs-3.0.1-py3.10.egg-info/top_level.txt
[3.842s] -- Up-to-date: /home/robot/app/robot_ws/install/micro_ros_msgs/local/lib/python3.10/dist-packages/micro_ros_msgs
[3.842s] -- Up-to-date: /home/robot/app/robot_ws/install/micro_ros_msgs/local/lib/python3.10/dist-packages/micro_ros_msgs/__init__.py
[3.842s] -- Up-to-date: /home/robot/app/robot_ws/install/micro_ros_msgs/local/lib/python3.10/dist-packages/micro_ros_msgs/_micro_ros_msgs_s.ep.rosidl_typesupport_introspection_c.c
[3.843s] -- Up-to-date: /home/robot/app/robot_ws/install/micro_ros_msgs/local/lib/python3.10/dist-packages/micro_ros_msgs/_micro_ros_msgs_s.ep.rosidl_typesupport_fastrtps_c.c
[3.843s] -- Up-to-date: /home/robot/app/robot_ws/install/micro_ros_msgs/local/lib/python3.10/dist-packages/micro_ros_msgs/micro_ros_msgs_s__rosidl_typesupport_introspection_c.cpython-310-x86_64-linux-gnu.so
[3.843s] -- Up-to-date: /home/robot/app/robot_ws/install/micro_ros_msgs/local/lib/python3.10/dist-packages/micro_ros_msgs/_micro_ros_msgs_s.ep.rosidl_typesupport_c.c
[3.843s] -- Up-to-date: /home/robot/app/robot_ws/install/micro_ros_msgs/local/lib/python3.10/dist-packages/micro_ros_msgs/micro_ros_msgs_s__rosidl_typesupport_fastrtps_c.cpython-310-x86_64-linux-gnu.so
[3.844s] -- Up-to-date: /home/robot/app/robot_ws/install/micro_ros_msgs/local/lib/python3.10/dist-packages/micro_ros_msgs/micro_ros_msgs_s__rosidl_typesupport_c.cpython-310-x86_64-linux-gnu.so
[3.844s] -- Up-to-date: /home/robot/app/robot_ws/install/micro_ros_msgs/local/lib/python3.10/dist-packages/micro_ros_msgs/libmicro_ros_msgs__rosidl_generator_py.so
[3.844s] -- Up-to-date: /home/robot/app/robot_ws/install/micro_ros_msgs/local/lib/python3.10/dist-packages/micro_ros_msgs/_micro_ros_msgs_s.ep.rosidl_typesupport_microxrcedds_c.c
[3.844s] -- Up-to-date: /home/robot/app/robot_ws/install/micro_ros_msgs/local/lib/python3.10/dist-packages/micro_ros_msgs/msg
[3.844s] -- Up-to-date: /home/robot/app/robot_ws/install/micro_ros_msgs/local/lib/python3.10/dist-packages/micro_ros_msgs/msg/__init__.py
[3.848s] -- Up-to-date: /home/robot/app/robot_ws/install/micro_ros_msgs/local/lib/python3.10/dist-packages/micro_ros_msgs/msg/_entity_s.c
[3.849s] -- Up-to-date: /home/robot/app/robot_ws/install/micro_ros_msgs/local/lib/python3.10/dist-packages/micro_ros_msgs/msg/_entity.py
[3.850s] -- Up-to-date: /home/robot/app/robot_ws/install/micro_ros_msgs/local/lib/python3.10/dist-packages/micro_ros_msgs/msg/_graph.py
[3.850s] -- Up-to-date: /home/robot/app/robot_ws/install/micro_ros_msgs/local/lib/python3.10/dist-packages/micro_ros_msgs/msg/_node_s.c
[3.850s] -- Up-to-date: /home/robot/app/robot_ws/install/micro_ros_msgs/local/lib/python3.10/dist-packages/micro_ros_msgs/msg/_node.py
[3.852s] -- Up-to-date: /home/robot/app/robot_ws/install/micro_ros_msgs/local/lib/python3.10/dist-packages/micro_ros_msgs/msg/_graph_s.c
[3.852s] -- Up-to-date: /home/robot/app/robot_ws/install/micro_ros_msgs/local/lib/python3.10/dist-packages/micro_ros_msgs/micro_ros_msgs_s__rosidl_typesupport_microxrcedds_c.cpython-310-x86_64-linux-gnu.so
[3.965s] Listing '/home/robot/app/robot_ws/install/micro_ros_msgs/local/lib/python3.10/dist-packages/micro_ros_msgs'...
[3.965s] Listing '/home/robot/app/robot_ws/install/micro_ros_msgs/local/lib/python3.10/dist-packages/micro_ros_msgs/msg'...
[3.979s] -- Up-to-date: /home/robot/app/robot_ws/install/micro_ros_msgs/local/lib/python3.10/dist-packages/micro_ros_msgs/micro_ros_msgs_s__rosidl_typesupport_microxrcedds_c.cpython-310-x86_64-linux-gnu.so
[3.979s] -- Up-to-date: /home/robot/app/robot_ws/install/micro_ros_msgs/local/lib/python3.10/dist-packages/micro_ros_msgs/micro_ros_msgs_s__rosidl_typesupport_fastrtps_c.cpython-310-x86_64-linux-gnu.so
[3.982s] -- Up-to-date: /home/robot/app/robot_ws/install/micro_ros_msgs/local/lib/python3.10/dist-packages/micro_ros_msgs/micro_ros_msgs_s__rosidl_typesupport_introspection_c.cpython-310-x86_64-linux-gnu.so
[3.982s] -- Up-to-date: /home/robot/app/robot_ws/install/micro_ros_msgs/local/lib/python3.10/dist-packages/micro_ros_msgs/micro_ros_msgs_s__rosidl_typesupport_c.cpython-310-x86_64-linux-gnu.so
[3.985s] -- Up-to-date: /home/robot/app/robot_ws/install/micro_ros_msgs/lib/libmicro_ros_msgs__rosidl_generator_py.so
[3.989s] -- Up-to-date: /home/robot/app/robot_ws/install/micro_ros_msgs/share/micro_ros_msgs/msg/Graph.idl
[3.989s] -- Up-to-date: /home/robot/app/robot_ws/install/micro_ros_msgs/share/micro_ros_msgs/msg/Node.idl
[3.990s] -- Up-to-date: /home/robot/app/robot_ws/install/micro_ros_msgs/share/micro_ros_msgs/msg/Entity.idl
[3.990s] -- Up-to-date: /home/robot/app/robot_ws/install/micro_ros_msgs/share/micro_ros_msgs/msg/Graph.msg
[3.991s] -- Up-to-date: /home/robot/app/robot_ws/install/micro_ros_msgs/share/micro_ros_msgs/msg/Node.msg
[3.991s] -- Up-to-date: /home/robot/app/robot_ws/install/micro_ros_msgs/share/micro_ros_msgs/msg/Entity.msg
[3.991s] -- Up-to-date: /home/robot/app/robot_ws/install/micro_ros_msgs/share/ament_index/resource_index/package_run_dependencies/micro_ros_msgs
[3.991s] -- Up-to-date: /home/robot/app/robot_ws/install/micro_ros_msgs/share/ament_index/resource_index/parent_prefix_path/micro_ros_msgs
[3.992s] -- Up-to-date: /home/robot/app/robot_ws/install/micro_ros_msgs/share/micro_ros_msgs/environment/ament_prefix_path.sh
[3.992s] -- Up-to-date: /home/robot/app/robot_ws/install/micro_ros_msgs/share/micro_ros_msgs/environment/ament_prefix_path.dsv
[3.992s] -- Up-to-date: /home/robot/app/robot_ws/install/micro_ros_msgs/share/micro_ros_msgs/environment/path.sh
[3.992s] -- Up-to-date: /home/robot/app/robot_ws/install/micro_ros_msgs/share/micro_ros_msgs/environment/path.dsv
[3.995s] -- Up-to-date: /home/robot/app/robot_ws/install/micro_ros_msgs/share/micro_ros_msgs/local_setup.bash
[3.995s] -- Up-to-date: /home/robot/app/robot_ws/install/micro_ros_msgs/share/micro_ros_msgs/local_setup.sh
[3.995s] -- Up-to-date: /home/robot/app/robot_ws/install/micro_ros_msgs/share/micro_ros_msgs/local_setup.zsh
[3.995s] -- Up-to-date: /home/robot/app/robot_ws/install/micro_ros_msgs/share/micro_ros_msgs/local_setup.dsv
[3.997s] -- Installing: /home/robot/app/robot_ws/install/micro_ros_msgs/share/micro_ros_msgs/package.dsv
[3.999s] -- Up-to-date: /home/robot/app/robot_ws/install/micro_ros_msgs/share/ament_index/resource_index/packages/micro_ros_msgs
[4.000s] -- Up-to-date: /home/robot/app/robot_ws/install/micro_ros_msgs/share/micro_ros_msgs/cmake/export_micro_ros_msgs__rosidl_generator_cExport.cmake
[4.000s] -- Up-to-date: /home/robot/app/robot_ws/install/micro_ros_msgs/share/micro_ros_msgs/cmake/export_micro_ros_msgs__rosidl_generator_cExport-noconfig.cmake
[4.000s] -- Up-to-date: /home/robot/app/robot_ws/install/micro_ros_msgs/share/micro_ros_msgs/cmake/export_micro_ros_msgs__rosidl_typesupport_fastrtps_cExport.cmake
[4.000s] -- Up-to-date: /home/robot/app/robot_ws/install/micro_ros_msgs/share/micro_ros_msgs/cmake/export_micro_ros_msgs__rosidl_typesupport_fastrtps_cExport-noconfig.cmake
[4.001s] -- Up-to-date: /home/robot/app/robot_ws/install/micro_ros_msgs/share/micro_ros_msgs/cmake/micro_ros_msgs__rosidl_typesupport_introspection_cExport.cmake
[4.001s] -- Up-to-date: /home/robot/app/robot_ws/install/micro_ros_msgs/share/micro_ros_msgs/cmake/micro_ros_msgs__rosidl_typesupport_introspection_cExport-noconfig.cmake
[4.001s] -- Up-to-date: /home/robot/app/robot_ws/install/micro_ros_msgs/share/micro_ros_msgs/cmake/micro_ros_msgs__rosidl_typesupport_cExport.cmake
[4.001s] -- Up-to-date: /home/robot/app/robot_ws/install/micro_ros_msgs/share/micro_ros_msgs/cmake/micro_ros_msgs__rosidl_typesupport_cExport-noconfig.cmake
[4.001s] -- Up-to-date: /home/robot/app/robot_ws/install/micro_ros_msgs/share/micro_ros_msgs/cmake/export_micro_ros_msgs__rosidl_generator_cppExport.cmake
[4.003s] -- Up-to-date: /home/robot/app/robot_ws/install/micro_ros_msgs/share/micro_ros_msgs/cmake/export_micro_ros_msgs__rosidl_typesupport_fastrtps_cppExport.cmake
[4.003s] -- Up-to-date: /home/robot/app/robot_ws/install/micro_ros_msgs/share/micro_ros_msgs/cmake/export_micro_ros_msgs__rosidl_typesupport_fastrtps_cppExport-noconfig.cmake
[4.003s] -- Up-to-date: /home/robot/app/robot_ws/install/micro_ros_msgs/share/micro_ros_msgs/cmake/micro_ros_msgs__rosidl_typesupport_introspection_cppExport.cmake
[4.003s] -- Up-to-date: /home/robot/app/robot_ws/install/micro_ros_msgs/share/micro_ros_msgs/cmake/micro_ros_msgs__rosidl_typesupport_introspection_cppExport-noconfig.cmake
[4.003s] -- Up-to-date: /home/robot/app/robot_ws/install/micro_ros_msgs/share/micro_ros_msgs/cmake/micro_ros_msgs__rosidl_typesupport_cppExport.cmake
[4.004s] -- Up-to-date: /home/robot/app/robot_ws/install/micro_ros_msgs/share/micro_ros_msgs/cmake/micro_ros_msgs__rosidl_typesupport_cppExport-noconfig.cmake
[4.004s] -- Up-to-date: /home/robot/app/robot_ws/install/micro_ros_msgs/share/micro_ros_msgs/cmake/export_micro_ros_msgs__rosidl_generator_pyExport.cmake
[4.004s] -- Up-to-date: /home/robot/app/robot_ws/install/micro_ros_msgs/share/micro_ros_msgs/cmake/export_micro_ros_msgs__rosidl_generator_pyExport-noconfig.cmake
[4.005s] -- Up-to-date: /home/robot/app/robot_ws/install/micro_ros_msgs/share/micro_ros_msgs/cmake/rosidl_cmake-extras.cmake
[4.005s] -- Up-to-date: /home/robot/app/robot_ws/install/micro_ros_msgs/share/micro_ros_msgs/cmake/ament_cmake_export_include_directories-extras.cmake
[4.005s] -- Up-to-date: /home/robot/app/robot_ws/install/micro_ros_msgs/share/micro_ros_msgs/cmake/ament_cmake_export_libraries-extras.cmake
[4.005s] -- Up-to-date: /home/robot/app/robot_ws/install/micro_ros_msgs/share/micro_ros_msgs/cmake/ament_cmake_export_targets-extras.cmake
[4.005s] -- Up-to-date: /home/robot/app/robot_ws/install/micro_ros_msgs/share/micro_ros_msgs/cmake/rosidl_cmake_export_typesupport_targets-extras.cmake
[4.005s] -- Up-to-date: /home/robot/app/robot_ws/install/micro_ros_msgs/share/micro_ros_msgs/cmake/ament_cmake_export_dependencies-extras.cmake
[4.006s] -- Up-to-date: /home/robot/app/robot_ws/install/micro_ros_msgs/share/micro_ros_msgs/cmake/rosidl_cmake_export_typesupport_libraries-extras.cmake
[4.006s] -- Up-to-date: /home/robot/app/robot_ws/install/micro_ros_msgs/share/micro_ros_msgs/cmake/micro_ros_msgsConfig.cmake
[4.006s] -- Up-to-date: /home/robot/app/robot_ws/install/micro_ros_msgs/share/micro_ros_msgs/cmake/micro_ros_msgsConfig-version.cmake
[4.006s] -- Up-to-date: /home/robot/app/robot_ws/install/micro_ros_msgs/share/micro_ros_msgs/package.xml
[4.016s] Invoked command in '/home/robot/app/robot_ws/build/micro_ros_msgs' returned '0': CMAKE_PREFIX_PATH=${CMAKE_PREFIX_PATH}:/home/robot/app/robot_ws/install/sensor_msgs_py:/opt/ros/humble /usr/bin/cmake --install /home/robot/app/robot_ws/build/micro_ros_msgs
