[  2%] Built target complex_msgs__cpp
[35m[1mConsolidate compiler generated dependencies of target complex_msgs__rosidl_generator_c[0m
[35m[1mConsolidate compiler generated dependencies of target complex_msgs__rosidl_typesupport_microxrcedds_cpp[0m
[ 10%] Built target complex_msgs__rosidl_generator_c
[35m[1mConsolidate compiler generated dependencies of target complex_msgs__rosidl_typesupport_fastrtps_cpp[0m
[35m[1mConsolidate compiler generated dependencies of target complex_msgs__rosidl_typesupport_cpp[0m
[35m[1mConsolidate compiler generated dependencies of target complex_msgs__rosidl_typesupport_introspection_cpp[0m
[ 18%] Built target complex_msgs__rosidl_typesupport_microxrcedds_cpp
[35m[1mConsolidate compiler generated dependencies of target complex_msgs__rosidl_typesupport_introspection_c[0m
[35m[1mConsolidate compiler generated dependencies of target complex_msgs__rosidl_typesupport_fastrtps_c[0m
[ 18%] Built target ament_cmake_python_copy_complex_msgs
[35m[1mConsolidate compiler generated dependencies of target complex_msgs__rosidl_typesupport_microxrcedds_c[0m
[ 28%] Built target complex_msgs__rosidl_typesupport_introspection_cpp
[ 34%] Built target complex_msgs__rosidl_typesupport_cpp
[ 42%] Built target complex_msgs__rosidl_typesupport_fastrtps_cpp
[35m[1mConsolidate compiler generated dependencies of target complex_msgs__rosidl_typesupport_c[0m
[ 51%] Built target complex_msgs__rosidl_typesupport_introspection_c
[ 59%] Built target complex_msgs__rosidl_typesupport_microxrcedds_c
[ 67%] Built target complex_msgs__rosidl_typesupport_fastrtps_c
[ 75%] Built target complex_msgs__rosidl_typesupport_c
[ 75%] Built target complex_msgs
[ 77%] Built target complex_msgs__py
[35m[1mConsolidate compiler generated dependencies of target complex_msgs__rosidl_generator_py[0m
[ 83%] Built target complex_msgs__rosidl_generator_py
[35m[1mConsolidate compiler generated dependencies of target complex_msgs__rosidl_typesupport_introspection_c__pyext[0m
[35m[1mConsolidate compiler generated dependencies of target complex_msgs__rosidl_typesupport_c__pyext[0m
[35m[1mConsolidate compiler generated dependencies of target complex_msgs__rosidl_typesupport_microxrcedds_c__pyext[0m
[35m[1mConsolidate compiler generated dependencies of target complex_msgs__rosidl_typesupport_fastrtps_c__pyext[0m
[ 87%] Built target complex_msgs__rosidl_typesupport_introspection_c__pyext
[ 91%] Built target complex_msgs__rosidl_typesupport_c__pyext
[ 95%] Built target complex_msgs__rosidl_typesupport_microxrcedds_c__pyext
[100%] Built target complex_msgs__rosidl_typesupport_fastrtps_c__pyext
running egg_info
writing complex_msgs.egg-info/PKG-INFO
writing dependency_links to complex_msgs.egg-info/dependency_links.txt
writing top-level names to complex_msgs.egg-info/top_level.txt
reading manifest file 'complex_msgs.egg-info/SOURCES.txt'
writing manifest file 'complex_msgs.egg-info/SOURCES.txt'
[100%] Built target ament_cmake_python_build_complex_msgs_egg
-- Install configuration: ""
-- Up-to-date: /home/robot/app/robot_ws/install/complex_msgs/share/ament_index/resource_index/rosidl_interfaces/complex_msgs
-- Up-to-date: /home/robot/app/robot_ws/install/complex_msgs/include/complex_msgs/complex_msgs
-- Up-to-date: /home/robot/app/robot_ws/install/complex_msgs/include/complex_msgs/complex_msgs/msg
-- Up-to-date: /home/robot/app/robot_ws/install/complex_msgs/include/complex_msgs/complex_msgs/msg/nested_msg_test.h
-- Up-to-date: /home/robot/app/robot_ws/install/complex_msgs/include/complex_msgs/complex_msgs/msg/multi_string_test.h
-- Up-to-date: /home/robot/app/robot_ws/install/complex_msgs/include/complex_msgs/complex_msgs/msg/detail
-- Up-to-date: /home/robot/app/robot_ws/install/complex_msgs/include/complex_msgs/complex_msgs/msg/detail/multi_string_test__struct.h
-- Up-to-date: /home/robot/app/robot_ws/install/complex_msgs/include/complex_msgs/complex_msgs/msg/detail/multi_string_test__functions.c
-- Up-to-date: /home/robot/app/robot_ws/install/complex_msgs/include/complex_msgs/complex_msgs/msg/detail/nested_msg_test__struct.h
-- Up-to-date: /home/robot/app/robot_ws/install/complex_msgs/include/complex_msgs/complex_msgs/msg/detail/multi_string_test__type_support.h
-- Up-to-date: /home/robot/app/robot_ws/install/complex_msgs/include/complex_msgs/complex_msgs/msg/detail/nested_msg_test__type_support.h
-- Up-to-date: /home/robot/app/robot_ws/install/complex_msgs/include/complex_msgs/complex_msgs/msg/detail/multi_string_test__functions.h
-- Up-to-date: /home/robot/app/robot_ws/install/complex_msgs/include/complex_msgs/complex_msgs/msg/detail/nested_msg_test__functions.h
-- Up-to-date: /home/robot/app/robot_ws/install/complex_msgs/include/complex_msgs/complex_msgs/msg/detail/nested_msg_test__functions.c
-- Up-to-date: /home/robot/app/robot_ws/install/complex_msgs/include/complex_msgs/complex_msgs/msg/rosidl_generator_c__visibility_control.h
-- Up-to-date: /home/robot/app/robot_ws/install/complex_msgs/share/complex_msgs/environment/library_path.sh
-- Up-to-date: /home/robot/app/robot_ws/install/complex_msgs/share/complex_msgs/environment/library_path.dsv
-- Up-to-date: /home/robot/app/robot_ws/install/complex_msgs/lib/libcomplex_msgs__rosidl_generator_c.so
-- Up-to-date: /home/robot/app/robot_ws/install/complex_msgs/include/complex_msgs/complex_msgs
-- Up-to-date: /home/robot/app/robot_ws/install/complex_msgs/include/complex_msgs/complex_msgs/msg
-- Up-to-date: /home/robot/app/robot_ws/install/complex_msgs/include/complex_msgs/complex_msgs/msg/detail
-- Up-to-date: /home/robot/app/robot_ws/install/complex_msgs/include/complex_msgs/complex_msgs/msg/detail/multi_string_test__rosidl_typesupport_fastrtps_c.h
-- Up-to-date: /home/robot/app/robot_ws/install/complex_msgs/include/complex_msgs/complex_msgs/msg/detail/nested_msg_test__rosidl_typesupport_fastrtps_c.h
-- Up-to-date: /home/robot/app/robot_ws/install/complex_msgs/include/complex_msgs/complex_msgs/msg/rosidl_typesupport_fastrtps_c__visibility_control.h
-- Up-to-date: /home/robot/app/robot_ws/install/complex_msgs/lib/libcomplex_msgs__rosidl_typesupport_fastrtps_c.so
-- Up-to-date: /home/robot/app/robot_ws/install/complex_msgs/include/complex_msgs/complex_msgs
-- Up-to-date: /home/robot/app/robot_ws/install/complex_msgs/include/complex_msgs/complex_msgs/msg
-- Up-to-date: /home/robot/app/robot_ws/install/complex_msgs/include/complex_msgs/complex_msgs/msg/nested_msg_test.hpp
-- Up-to-date: /home/robot/app/robot_ws/install/complex_msgs/include/complex_msgs/complex_msgs/msg/multi_string_test.hpp
-- Up-to-date: /home/robot/app/robot_ws/install/complex_msgs/include/complex_msgs/complex_msgs/msg/detail
-- Up-to-date: /home/robot/app/robot_ws/install/complex_msgs/include/complex_msgs/complex_msgs/msg/detail/multi_string_test__traits.hpp
-- Up-to-date: /home/robot/app/robot_ws/install/complex_msgs/include/complex_msgs/complex_msgs/msg/detail/multi_string_test__struct.hpp
-- Up-to-date: /home/robot/app/robot_ws/install/complex_msgs/include/complex_msgs/complex_msgs/msg/detail/nested_msg_test__struct.hpp
-- Up-to-date: /home/robot/app/robot_ws/install/complex_msgs/include/complex_msgs/complex_msgs/msg/detail/nested_msg_test__builder.hpp
-- Up-to-date: /home/robot/app/robot_ws/install/complex_msgs/include/complex_msgs/complex_msgs/msg/detail/nested_msg_test__traits.hpp
-- Up-to-date: /home/robot/app/robot_ws/install/complex_msgs/include/complex_msgs/complex_msgs/msg/detail/multi_string_test__builder.hpp
-- Up-to-date: /home/robot/app/robot_ws/install/complex_msgs/include/complex_msgs/complex_msgs
-- Up-to-date: /home/robot/app/robot_ws/install/complex_msgs/include/complex_msgs/complex_msgs/msg
-- Up-to-date: /home/robot/app/robot_ws/install/complex_msgs/include/complex_msgs/complex_msgs/msg/rosidl_typesupport_fastrtps_cpp__visibility_control.h
-- Up-to-date: /home/robot/app/robot_ws/install/complex_msgs/include/complex_msgs/complex_msgs/msg/detail
-- Up-to-date: /home/robot/app/robot_ws/install/complex_msgs/include/complex_msgs/complex_msgs/msg/detail/dds_fastrtps
-- Up-to-date: /home/robot/app/robot_ws/install/complex_msgs/include/complex_msgs/complex_msgs/msg/detail/multi_string_test__rosidl_typesupport_fastrtps_cpp.hpp
-- Up-to-date: /home/robot/app/robot_ws/install/complex_msgs/include/complex_msgs/complex_msgs/msg/detail/nested_msg_test__rosidl_typesupport_fastrtps_cpp.hpp
-- Up-to-date: /home/robot/app/robot_ws/install/complex_msgs/lib/libcomplex_msgs__rosidl_typesupport_fastrtps_cpp.so
-- Up-to-date: /home/robot/app/robot_ws/install/complex_msgs/include/complex_msgs
-- Up-to-date: /home/robot/app/robot_ws/install/complex_msgs/include/complex_msgs/msg
-- Up-to-date: /home/robot/app/robot_ws/install/complex_msgs/include/complex_msgs/msg/detail
-- Up-to-date: /home/robot/app/robot_ws/install/complex_msgs/include/complex_msgs/msg/detail/nested_msg_test__rosidl_typesupport_microxrcedds_c.h
-- Up-to-date: /home/robot/app/robot_ws/install/complex_msgs/include/complex_msgs/msg/detail/microxrcedds
-- Up-to-date: /home/robot/app/robot_ws/install/complex_msgs/include/complex_msgs/msg/detail/multi_string_test__rosidl_typesupport_microxrcedds_c.h
-- Up-to-date: /home/robot/app/robot_ws/install/complex_msgs/include/complex_msgs/msg/rosidl_typesupport_microxrcedds_c__visibility_control.h
-- Up-to-date: /home/robot/app/robot_ws/install/complex_msgs/lib/libcomplex_msgs__rosidl_typesupport_microxrcedds_c.so
-- Up-to-date: /home/robot/app/robot_ws/install/complex_msgs/include/complex_msgs/complex_msgs
-- Up-to-date: /home/robot/app/robot_ws/install/complex_msgs/include/complex_msgs/complex_msgs/msg
-- Up-to-date: /home/robot/app/robot_ws/install/complex_msgs/include/complex_msgs/complex_msgs/msg/rosidl_typesupport_introspection_c__visibility_control.h
-- Up-to-date: /home/robot/app/robot_ws/install/complex_msgs/include/complex_msgs/complex_msgs/msg/detail
-- Up-to-date: /home/robot/app/robot_ws/install/complex_msgs/include/complex_msgs/complex_msgs/msg/detail/nested_msg_test__rosidl_typesupport_introspection_c.h
-- Up-to-date: /home/robot/app/robot_ws/install/complex_msgs/include/complex_msgs/complex_msgs/msg/detail/nested_msg_test__type_support.c
-- Up-to-date: /home/robot/app/robot_ws/install/complex_msgs/include/complex_msgs/complex_msgs/msg/detail/multi_string_test__rosidl_typesupport_introspection_c.h
-- Up-to-date: /home/robot/app/robot_ws/install/complex_msgs/include/complex_msgs/complex_msgs/msg/detail/multi_string_test__type_support.c
-- Up-to-date: /home/robot/app/robot_ws/install/complex_msgs/lib/libcomplex_msgs__rosidl_typesupport_introspection_c.so
-- Up-to-date: /home/robot/app/robot_ws/install/complex_msgs/lib/libcomplex_msgs__rosidl_typesupport_c.so
-- Up-to-date: /home/robot/app/robot_ws/install/complex_msgs/include/complex_msgs
-- Up-to-date: /home/robot/app/robot_ws/install/complex_msgs/include/complex_msgs/msg
-- Up-to-date: /home/robot/app/robot_ws/install/complex_msgs/include/complex_msgs/msg/detail
-- Up-to-date: /home/robot/app/robot_ws/install/complex_msgs/include/complex_msgs/msg/detail/microxrcedds
-- Up-to-date: /home/robot/app/robot_ws/install/complex_msgs/include/complex_msgs/msg/detail/microxrcedds/multi_string_test__type_support_cpp.cpp
-- Up-to-date: /home/robot/app/robot_ws/install/complex_msgs/include/complex_msgs/msg/detail/microxrcedds/nested_msg_test__type_support_cpp.cpp
-- Up-to-date: /home/robot/app/robot_ws/install/complex_msgs/include/complex_msgs/msg/detail/nested_msg_test__rosidl_typesupport_microxrcedds_cpp.hpp
-- Up-to-date: /home/robot/app/robot_ws/install/complex_msgs/include/complex_msgs/msg/detail/multi_string_test__rosidl_typesupport_microxrcedds_cpp.hpp
-- Up-to-date: /home/robot/app/robot_ws/install/complex_msgs/include/complex_msgs/msg/rosidl_typesupport_microxrcedds_cpp__visibility_control.h
-- Up-to-date: /home/robot/app/robot_ws/install/complex_msgs/lib/libcomplex_msgs__rosidl_typesupport_microxrcedds_cpp.so
-- Up-to-date: /home/robot/app/robot_ws/install/complex_msgs/include/complex_msgs/complex_msgs
-- Up-to-date: /home/robot/app/robot_ws/install/complex_msgs/include/complex_msgs/complex_msgs/msg
-- Up-to-date: /home/robot/app/robot_ws/install/complex_msgs/include/complex_msgs/complex_msgs/msg/detail
-- Up-to-date: /home/robot/app/robot_ws/install/complex_msgs/include/complex_msgs/complex_msgs/msg/detail/multi_string_test__type_support.cpp
-- Up-to-date: /home/robot/app/robot_ws/install/complex_msgs/include/complex_msgs/complex_msgs/msg/detail/nested_msg_test__rosidl_typesupport_introspection_cpp.hpp
-- Up-to-date: /home/robot/app/robot_ws/install/complex_msgs/include/complex_msgs/complex_msgs/msg/detail/multi_string_test__rosidl_typesupport_introspection_cpp.hpp
-- Up-to-date: /home/robot/app/robot_ws/install/complex_msgs/include/complex_msgs/complex_msgs/msg/detail/nested_msg_test__type_support.cpp
-- Up-to-date: /home/robot/app/robot_ws/install/complex_msgs/lib/libcomplex_msgs__rosidl_typesupport_introspection_cpp.so
-- Up-to-date: /home/robot/app/robot_ws/install/complex_msgs/lib/libcomplex_msgs__rosidl_typesupport_cpp.so
-- Up-to-date: /home/robot/app/robot_ws/install/complex_msgs/share/complex_msgs/environment/pythonpath.sh
-- Up-to-date: /home/robot/app/robot_ws/install/complex_msgs/share/complex_msgs/environment/pythonpath.dsv
-- Up-to-date: /home/robot/app/robot_ws/install/complex_msgs/local/lib/python3.10/dist-packages/complex_msgs-3.0.2-py3.10.egg-info
-- Installing: /home/robot/app/robot_ws/install/complex_msgs/local/lib/python3.10/dist-packages/complex_msgs-3.0.2-py3.10.egg-info/dependency_links.txt
-- Installing: /home/robot/app/robot_ws/install/complex_msgs/local/lib/python3.10/dist-packages/complex_msgs-3.0.2-py3.10.egg-info/PKG-INFO
-- Installing: /home/robot/app/robot_ws/install/complex_msgs/local/lib/python3.10/dist-packages/complex_msgs-3.0.2-py3.10.egg-info/SOURCES.txt
-- Installing: /home/robot/app/robot_ws/install/complex_msgs/local/lib/python3.10/dist-packages/complex_msgs-3.0.2-py3.10.egg-info/top_level.txt
-- Up-to-date: /home/robot/app/robot_ws/install/complex_msgs/local/lib/python3.10/dist-packages/complex_msgs
-- Up-to-date: /home/robot/app/robot_ws/install/complex_msgs/local/lib/python3.10/dist-packages/complex_msgs/__init__.py
-- Up-to-date: /home/robot/app/robot_ws/install/complex_msgs/local/lib/python3.10/dist-packages/complex_msgs/complex_msgs_s__rosidl_typesupport_microxrcedds_c.cpython-310-x86_64-linux-gnu.so
-- Up-to-date: /home/robot/app/robot_ws/install/complex_msgs/local/lib/python3.10/dist-packages/complex_msgs/_complex_msgs_s.ep.rosidl_typesupport_introspection_c.c
-- Up-to-date: /home/robot/app/robot_ws/install/complex_msgs/local/lib/python3.10/dist-packages/complex_msgs/complex_msgs_s__rosidl_typesupport_c.cpython-310-x86_64-linux-gnu.so
-- Up-to-date: /home/robot/app/robot_ws/install/complex_msgs/local/lib/python3.10/dist-packages/complex_msgs/_complex_msgs_s.ep.rosidl_typesupport_fastrtps_c.c
-- Up-to-date: /home/robot/app/robot_ws/install/complex_msgs/local/lib/python3.10/dist-packages/complex_msgs/_complex_msgs_s.ep.rosidl_typesupport_microxrcedds_c.c
-- Up-to-date: /home/robot/app/robot_ws/install/complex_msgs/local/lib/python3.10/dist-packages/complex_msgs/libcomplex_msgs__rosidl_generator_py.so
-- Up-to-date: /home/robot/app/robot_ws/install/complex_msgs/local/lib/python3.10/dist-packages/complex_msgs/complex_msgs_s__rosidl_typesupport_fastrtps_c.cpython-310-x86_64-linux-gnu.so
-- Up-to-date: /home/robot/app/robot_ws/install/complex_msgs/local/lib/python3.10/dist-packages/complex_msgs/_complex_msgs_s.ep.rosidl_typesupport_c.c
-- Up-to-date: /home/robot/app/robot_ws/install/complex_msgs/local/lib/python3.10/dist-packages/complex_msgs/complex_msgs_s__rosidl_typesupport_introspection_c.cpython-310-x86_64-linux-gnu.so
-- Up-to-date: /home/robot/app/robot_ws/install/complex_msgs/local/lib/python3.10/dist-packages/complex_msgs/msg
-- Up-to-date: /home/robot/app/robot_ws/install/complex_msgs/local/lib/python3.10/dist-packages/complex_msgs/msg/__init__.py
-- Up-to-date: /home/robot/app/robot_ws/install/complex_msgs/local/lib/python3.10/dist-packages/complex_msgs/msg/_multi_string_test.py
-- Up-to-date: /home/robot/app/robot_ws/install/complex_msgs/local/lib/python3.10/dist-packages/complex_msgs/msg/_multi_string_test_s.c
-- Up-to-date: /home/robot/app/robot_ws/install/complex_msgs/local/lib/python3.10/dist-packages/complex_msgs/msg/_nested_msg_test.py
-- Up-to-date: /home/robot/app/robot_ws/install/complex_msgs/local/lib/python3.10/dist-packages/complex_msgs/msg/_nested_msg_test_s.c
Listing '/home/robot/app/robot_ws/install/complex_msgs/local/lib/python3.10/dist-packages/complex_msgs'...
Listing '/home/robot/app/robot_ws/install/complex_msgs/local/lib/python3.10/dist-packages/complex_msgs/msg'...
-- Up-to-date: /home/robot/app/robot_ws/install/complex_msgs/local/lib/python3.10/dist-packages/complex_msgs/complex_msgs_s__rosidl_typesupport_microxrcedds_c.cpython-310-x86_64-linux-gnu.so
-- Up-to-date: /home/robot/app/robot_ws/install/complex_msgs/local/lib/python3.10/dist-packages/complex_msgs/complex_msgs_s__rosidl_typesupport_fastrtps_c.cpython-310-x86_64-linux-gnu.so
-- Up-to-date: /home/robot/app/robot_ws/install/complex_msgs/local/lib/python3.10/dist-packages/complex_msgs/complex_msgs_s__rosidl_typesupport_introspection_c.cpython-310-x86_64-linux-gnu.so
-- Up-to-date: /home/robot/app/robot_ws/install/complex_msgs/local/lib/python3.10/dist-packages/complex_msgs/complex_msgs_s__rosidl_typesupport_c.cpython-310-x86_64-linux-gnu.so
-- Up-to-date: /home/robot/app/robot_ws/install/complex_msgs/lib/libcomplex_msgs__rosidl_generator_py.so
-- Up-to-date: /home/robot/app/robot_ws/install/complex_msgs/share/complex_msgs/msg/MultiStringTest.idl
-- Up-to-date: /home/robot/app/robot_ws/install/complex_msgs/share/complex_msgs/msg/NestedMsgTest.idl
-- Up-to-date: /home/robot/app/robot_ws/install/complex_msgs/share/complex_msgs/msg/MultiStringTest.msg
-- Up-to-date: /home/robot/app/robot_ws/install/complex_msgs/share/complex_msgs/msg/NestedMsgTest.msg
-- Up-to-date: /home/robot/app/robot_ws/install/complex_msgs/share/ament_index/resource_index/package_run_dependencies/complex_msgs
-- Up-to-date: /home/robot/app/robot_ws/install/complex_msgs/share/ament_index/resource_index/parent_prefix_path/complex_msgs
-- Up-to-date: /home/robot/app/robot_ws/install/complex_msgs/share/complex_msgs/environment/ament_prefix_path.sh
-- Up-to-date: /home/robot/app/robot_ws/install/complex_msgs/share/complex_msgs/environment/ament_prefix_path.dsv
-- Up-to-date: /home/robot/app/robot_ws/install/complex_msgs/share/complex_msgs/environment/path.sh
-- Up-to-date: /home/robot/app/robot_ws/install/complex_msgs/share/complex_msgs/environment/path.dsv
-- Up-to-date: /home/robot/app/robot_ws/install/complex_msgs/share/complex_msgs/local_setup.bash
-- Up-to-date: /home/robot/app/robot_ws/install/complex_msgs/share/complex_msgs/local_setup.sh
-- Up-to-date: /home/robot/app/robot_ws/install/complex_msgs/share/complex_msgs/local_setup.zsh
-- Up-to-date: /home/robot/app/robot_ws/install/complex_msgs/share/complex_msgs/local_setup.dsv
-- Installing: /home/robot/app/robot_ws/install/complex_msgs/share/complex_msgs/package.dsv
-- Up-to-date: /home/robot/app/robot_ws/install/complex_msgs/share/ament_index/resource_index/packages/complex_msgs
-- Up-to-date: /home/robot/app/robot_ws/install/complex_msgs/share/complex_msgs/cmake/export_complex_msgs__rosidl_generator_cExport.cmake
-- Up-to-date: /home/robot/app/robot_ws/install/complex_msgs/share/complex_msgs/cmake/export_complex_msgs__rosidl_generator_cExport-noconfig.cmake
-- Up-to-date: /home/robot/app/robot_ws/install/complex_msgs/share/complex_msgs/cmake/export_complex_msgs__rosidl_typesupport_fastrtps_cExport.cmake
-- Up-to-date: /home/robot/app/robot_ws/install/complex_msgs/share/complex_msgs/cmake/export_complex_msgs__rosidl_typesupport_fastrtps_cExport-noconfig.cmake
-- Up-to-date: /home/robot/app/robot_ws/install/complex_msgs/share/complex_msgs/cmake/export_complex_msgs__rosidl_generator_cppExport.cmake
-- Up-to-date: /home/robot/app/robot_ws/install/complex_msgs/share/complex_msgs/cmake/export_complex_msgs__rosidl_typesupport_fastrtps_cppExport.cmake
-- Up-to-date: /home/robot/app/robot_ws/install/complex_msgs/share/complex_msgs/cmake/export_complex_msgs__rosidl_typesupport_fastrtps_cppExport-noconfig.cmake
-- Up-to-date: /home/robot/app/robot_ws/install/complex_msgs/share/complex_msgs/cmake/complex_msgs__rosidl_typesupport_introspection_cExport.cmake
-- Up-to-date: /home/robot/app/robot_ws/install/complex_msgs/share/complex_msgs/cmake/complex_msgs__rosidl_typesupport_introspection_cExport-noconfig.cmake
-- Up-to-date: /home/robot/app/robot_ws/install/complex_msgs/share/complex_msgs/cmake/complex_msgs__rosidl_typesupport_cExport.cmake
-- Up-to-date: /home/robot/app/robot_ws/install/complex_msgs/share/complex_msgs/cmake/complex_msgs__rosidl_typesupport_cExport-noconfig.cmake
-- Up-to-date: /home/robot/app/robot_ws/install/complex_msgs/share/complex_msgs/cmake/complex_msgs__rosidl_typesupport_introspection_cppExport.cmake
-- Up-to-date: /home/robot/app/robot_ws/install/complex_msgs/share/complex_msgs/cmake/complex_msgs__rosidl_typesupport_introspection_cppExport-noconfig.cmake
-- Up-to-date: /home/robot/app/robot_ws/install/complex_msgs/share/complex_msgs/cmake/complex_msgs__rosidl_typesupport_cppExport.cmake
-- Up-to-date: /home/robot/app/robot_ws/install/complex_msgs/share/complex_msgs/cmake/complex_msgs__rosidl_typesupport_cppExport-noconfig.cmake
-- Up-to-date: /home/robot/app/robot_ws/install/complex_msgs/share/complex_msgs/cmake/export_complex_msgs__rosidl_generator_pyExport.cmake
-- Up-to-date: /home/robot/app/robot_ws/install/complex_msgs/share/complex_msgs/cmake/export_complex_msgs__rosidl_generator_pyExport-noconfig.cmake
-- Up-to-date: /home/robot/app/robot_ws/install/complex_msgs/share/complex_msgs/cmake/rosidl_cmake-extras.cmake
-- Up-to-date: /home/robot/app/robot_ws/install/complex_msgs/share/complex_msgs/cmake/ament_cmake_export_dependencies-extras.cmake
-- Up-to-date: /home/robot/app/robot_ws/install/complex_msgs/share/complex_msgs/cmake/ament_cmake_export_include_directories-extras.cmake
-- Up-to-date: /home/robot/app/robot_ws/install/complex_msgs/share/complex_msgs/cmake/ament_cmake_export_libraries-extras.cmake
-- Up-to-date: /home/robot/app/robot_ws/install/complex_msgs/share/complex_msgs/cmake/ament_cmake_export_targets-extras.cmake
-- Up-to-date: /home/robot/app/robot_ws/install/complex_msgs/share/complex_msgs/cmake/rosidl_cmake_export_typesupport_targets-extras.cmake
-- Up-to-date: /home/robot/app/robot_ws/install/complex_msgs/share/complex_msgs/cmake/rosidl_cmake_export_typesupport_libraries-extras.cmake
-- Up-to-date: /home/robot/app/robot_ws/install/complex_msgs/share/complex_msgs/cmake/complex_msgsConfig.cmake
-- Up-to-date: /home/robot/app/robot_ws/install/complex_msgs/share/complex_msgs/cmake/complex_msgsConfig-version.cmake
-- Up-to-date: /home/robot/app/robot_ws/install/complex_msgs/share/complex_msgs/package.xml
