[0.038s] Invoking command in '/home/robot/app/robot_ws/build/rosidl_typesupport_microxrcedds_c': CMAKE_PREFIX_PATH=/home/robot/app/robot_ws/install/microcdr:/home/robot/app/robot_ws/install/micro_ros_setup:/opt/ros/humble LD_LIBRARY_PATH=/home/robot/app/robot_ws/install/microcdr/lib:${LD_LIBRARY_PATH} /usr/bin/cmake --build /home/robot/app/robot_ws/build/rosidl_typesupport_microxrcedds_c -- -j8 -l8
[0.166s] [35m[1mConsolidate compiler generated dependencies of target rosidl_typesupport_microxrcedds_c[0m
[0.204s] [100%] Built target rosidl_typesupport_microxrcedds_c
[0.223s] [100%] Built target ament_cmake_python_copy_rosidl_typesupport_microxrcedds_c
[0.628s] running egg_info
[0.629s] writing rosidl_typesupport_microxrcedds_c.egg-info/PKG-INFO
[0.629s] writing dependency_links to rosidl_typesupport_microxrcedds_c.egg-info/dependency_links.txt
[0.630s] writing top-level names to rosidl_typesupport_microxrcedds_c.egg-info/top_level.txt
[0.633s] reading manifest file 'rosidl_typesupport_microxrcedds_c.egg-info/SOURCES.txt'
[0.634s] writing manifest file 'rosidl_typesupport_microxrcedds_c.egg-info/SOURCES.txt'
[0.674s] [100%] Built target ament_cmake_python_build_rosidl_typesupport_microxrcedds_c_egg
[0.690s] Invoked command in '/home/robot/app/robot_ws/build/rosidl_typesupport_microxrcedds_c' returned '0': CMAKE_PREFIX_PATH=/home/robot/app/robot_ws/install/microcdr:/home/robot/app/robot_ws/install/micro_ros_setup:/opt/ros/humble LD_LIBRARY_PATH=/home/robot/app/robot_ws/install/microcdr/lib:${LD_LIBRARY_PATH} /usr/bin/cmake --build /home/robot/app/robot_ws/build/rosidl_typesupport_microxrcedds_c -- -j8 -l8
[0.730s] Invoking command in '/home/robot/app/robot_ws/build/rosidl_typesupport_microxrcedds_c': CMAKE_PREFIX_PATH=/home/robot/app/robot_ws/install/microcdr:/home/robot/app/robot_ws/install/micro_ros_setup:/opt/ros/humble LD_LIBRARY_PATH=/home/robot/app/robot_ws/install/microcdr/lib:${LD_LIBRARY_PATH} /usr/bin/cmake --install /home/robot/app/robot_ws/build/rosidl_typesupport_microxrcedds_c
[0.741s] -- Install configuration: ""
[0.741s] -- Up-to-date: /home/robot/app/robot_ws/install/rosidl_typesupport_microxrcedds_c/share/rosidl_typesupport_microxrcedds_c/environment/pythonpath.sh
[0.741s] -- Up-to-date: /home/robot/app/robot_ws/install/rosidl_typesupport_microxrcedds_c/share/rosidl_typesupport_microxrcedds_c/environment/pythonpath.dsv
[0.742s] -- Up-to-date: /home/robot/app/robot_ws/install/rosidl_typesupport_microxrcedds_c/local/lib/python3.10/dist-packages/rosidl_typesupport_microxrcedds_c-3.0.1-py3.10.egg-info
[0.742s] -- Installing: /home/robot/app/robot_ws/install/rosidl_typesupport_microxrcedds_c/local/lib/python3.10/dist-packages/rosidl_typesupport_microxrcedds_c-3.0.1-py3.10.egg-info/dependency_links.txt
[0.742s] -- Installing: /home/robot/app/robot_ws/install/rosidl_typesupport_microxrcedds_c/local/lib/python3.10/dist-packages/rosidl_typesupport_microxrcedds_c-3.0.1-py3.10.egg-info/PKG-INFO
[0.742s] -- Installing: /home/robot/app/robot_ws/install/rosidl_typesupport_microxrcedds_c/local/lib/python3.10/dist-packages/rosidl_typesupport_microxrcedds_c-3.0.1-py3.10.egg-info/SOURCES.txt
[0.743s] -- Installing: /home/robot/app/robot_ws/install/rosidl_typesupport_microxrcedds_c/local/lib/python3.10/dist-packages/rosidl_typesupport_microxrcedds_c-3.0.1-py3.10.egg-info/top_level.txt
[0.743s] -- Up-to-date: /home/robot/app/robot_ws/install/rosidl_typesupport_microxrcedds_c/local/lib/python3.10/dist-packages/rosidl_typesupport_microxrcedds_c
[0.743s] -- Up-to-date: /home/robot/app/robot_ws/install/rosidl_typesupport_microxrcedds_c/local/lib/python3.10/dist-packages/rosidl_typesupport_microxrcedds_c/__init__.py
[0.796s] Listing '/home/robot/app/robot_ws/install/rosidl_typesupport_microxrcedds_c/local/lib/python3.10/dist-packages/rosidl_typesupport_microxrcedds_c'...
[0.803s] -- Up-to-date: /home/robot/app/robot_ws/install/rosidl_typesupport_microxrcedds_c/share/rosidl_typesupport_microxrcedds_c/environment/library_path.sh
[0.803s] -- Up-to-date: /home/robot/app/robot_ws/install/rosidl_typesupport_microxrcedds_c/share/rosidl_typesupport_microxrcedds_c/environment/library_path.dsv
[0.803s] -- Up-to-date: /home/robot/app/robot_ws/install/rosidl_typesupport_microxrcedds_c/share/ament_index/resource_index/rosidl_typesupport_c/rosidl_typesupport_microxrcedds_c
[0.804s] -- Up-to-date: /home/robot/app/robot_ws/install/rosidl_typesupport_microxrcedds_c/share/ament_index/resource_index/package_run_dependencies/rosidl_typesupport_microxrcedds_c
[0.804s] -- Up-to-date: /home/robot/app/robot_ws/install/rosidl_typesupport_microxrcedds_c/share/ament_index/resource_index/parent_prefix_path/rosidl_typesupport_microxrcedds_c
[0.804s] -- Up-to-date: /home/robot/app/robot_ws/install/rosidl_typesupport_microxrcedds_c/share/rosidl_typesupport_microxrcedds_c/environment/ament_prefix_path.sh
[0.804s] -- Up-to-date: /home/robot/app/robot_ws/install/rosidl_typesupport_microxrcedds_c/share/rosidl_typesupport_microxrcedds_c/environment/ament_prefix_path.dsv
[0.804s] -- Up-to-date: /home/robot/app/robot_ws/install/rosidl_typesupport_microxrcedds_c/share/rosidl_typesupport_microxrcedds_c/environment/path.sh
[0.804s] -- Up-to-date: /home/robot/app/robot_ws/install/rosidl_typesupport_microxrcedds_c/share/rosidl_typesupport_microxrcedds_c/environment/path.dsv
[0.805s] -- Up-to-date: /home/robot/app/robot_ws/install/rosidl_typesupport_microxrcedds_c/share/rosidl_typesupport_microxrcedds_c/local_setup.bash
[0.805s] -- Up-to-date: /home/robot/app/robot_ws/install/rosidl_typesupport_microxrcedds_c/share/rosidl_typesupport_microxrcedds_c/local_setup.sh
[0.805s] -- Up-to-date: /home/robot/app/robot_ws/install/rosidl_typesupport_microxrcedds_c/share/rosidl_typesupport_microxrcedds_c/local_setup.zsh
[0.805s] -- Up-to-date: /home/robot/app/robot_ws/install/rosidl_typesupport_microxrcedds_c/share/rosidl_typesupport_microxrcedds_c/local_setup.dsv
[0.805s] -- Up-to-date: /home/robot/app/robot_ws/install/rosidl_typesupport_microxrcedds_c/share/rosidl_typesupport_microxrcedds_c/package.dsv
[0.806s] -- Up-to-date: /home/robot/app/robot_ws/install/rosidl_typesupport_microxrcedds_c/share/ament_index/resource_index/packages/rosidl_typesupport_microxrcedds_c
[0.806s] -- Up-to-date: /home/robot/app/robot_ws/install/rosidl_typesupport_microxrcedds_c/share/rosidl_typesupport_microxrcedds_c/cmake/rosidl_typesupport_microxrcedds_cExport.cmake
[0.806s] -- Up-to-date: /home/robot/app/robot_ws/install/rosidl_typesupport_microxrcedds_c/share/rosidl_typesupport_microxrcedds_c/cmake/rosidl_typesupport_microxrcedds_cExport-noconfig.cmake
[0.806s] -- Up-to-date: /home/robot/app/robot_ws/install/rosidl_typesupport_microxrcedds_c/share/rosidl_typesupport_microxrcedds_c/cmake/rosidl_typesupport_microxrcedds_c-extras.cmake
[0.806s] -- Up-to-date: /home/robot/app/robot_ws/install/rosidl_typesupport_microxrcedds_c/share/rosidl_typesupport_microxrcedds_c/cmake/ament_cmake_export_dependencies-extras.cmake
[0.807s] -- Up-to-date: /home/robot/app/robot_ws/install/rosidl_typesupport_microxrcedds_c/share/rosidl_typesupport_microxrcedds_c/cmake/ament_cmake_export_include_directories-extras.cmake
[0.807s] -- Up-to-date: /home/robot/app/robot_ws/install/rosidl_typesupport_microxrcedds_c/share/rosidl_typesupport_microxrcedds_c/cmake/ament_cmake_export_libraries-extras.cmake
[0.807s] -- Up-to-date: /home/robot/app/robot_ws/install/rosidl_typesupport_microxrcedds_c/share/rosidl_typesupport_microxrcedds_c/cmake/ament_cmake_export_targets-extras.cmake
[0.807s] -- Up-to-date: /home/robot/app/robot_ws/install/rosidl_typesupport_microxrcedds_c/share/rosidl_typesupport_microxrcedds_c/cmake/rosidl_typesupport_microxrcedds_cConfig.cmake
[0.807s] -- Up-to-date: /home/robot/app/robot_ws/install/rosidl_typesupport_microxrcedds_c/share/rosidl_typesupport_microxrcedds_c/cmake/rosidl_typesupport_microxrcedds_cConfig-version.cmake
[0.808s] -- Up-to-date: /home/robot/app/robot_ws/install/rosidl_typesupport_microxrcedds_c/share/rosidl_typesupport_microxrcedds_c/package.xml
[0.808s] -- Up-to-date: /home/robot/app/robot_ws/install/rosidl_typesupport_microxrcedds_c/lib/rosidl_typesupport_microxrcedds_c/rosidl_typesupport_microxrcedds_c
[0.808s] -- Up-to-date: /home/robot/app/robot_ws/install/rosidl_typesupport_microxrcedds_c/share/rosidl_typesupport_microxrcedds_c/cmake
[0.808s] -- Up-to-date: /home/robot/app/robot_ws/install/rosidl_typesupport_microxrcedds_c/share/rosidl_typesupport_microxrcedds_c/cmake/rosidl_typesupport_microxrcedds_c_generate_interfaces.cmake
[0.809s] -- Up-to-date: /home/robot/app/robot_ws/install/rosidl_typesupport_microxrcedds_c/share/rosidl_typesupport_microxrcedds_c/resource
[0.809s] -- Up-to-date: /home/robot/app/robot_ws/install/rosidl_typesupport_microxrcedds_c/share/rosidl_typesupport_microxrcedds_c/resource/msg__type_support_c.c.em
[0.810s] -- Up-to-date: /home/robot/app/robot_ws/install/rosidl_typesupport_microxrcedds_c/share/rosidl_typesupport_microxrcedds_c/resource/msg__rosidl_typesupport_microxrcedds_c.h.em
[0.810s] -- Up-to-date: /home/robot/app/robot_ws/install/rosidl_typesupport_microxrcedds_c/share/rosidl_typesupport_microxrcedds_c/resource/srv__rosidl_typesupport_microxrcedds_c.h.em
[0.811s] -- Up-to-date: /home/robot/app/robot_ws/install/rosidl_typesupport_microxrcedds_c/share/rosidl_typesupport_microxrcedds_c/resource/srv__type_support_c.c.em
[0.812s] -- Up-to-date: /home/robot/app/robot_ws/install/rosidl_typesupport_microxrcedds_c/share/rosidl_typesupport_microxrcedds_c/resource/idl__rosidl_typesupport_microxrcedds_c.h.em
[0.812s] -- Up-to-date: /home/robot/app/robot_ws/install/rosidl_typesupport_microxrcedds_c/share/rosidl_typesupport_microxrcedds_c/resource/rosidl_typesupport_microxrcedds_c__visibility_control.h.in
[0.812s] -- Up-to-date: /home/robot/app/robot_ws/install/rosidl_typesupport_microxrcedds_c/share/rosidl_typesupport_microxrcedds_c/resource/idl__type_support_c.c.em
[0.813s] -- Up-to-date: /home/robot/app/robot_ws/install/rosidl_typesupport_microxrcedds_c/include
[0.813s] -- Up-to-date: /home/robot/app/robot_ws/install/rosidl_typesupport_microxrcedds_c/include/rosidl_typesupport_microxrcedds_c
[0.813s] -- Up-to-date: /home/robot/app/robot_ws/install/rosidl_typesupport_microxrcedds_c/include/rosidl_typesupport_microxrcedds_c/message_type_support.h
[0.814s] -- Up-to-date: /home/robot/app/robot_ws/install/rosidl_typesupport_microxrcedds_c/include/rosidl_typesupport_microxrcedds_c/identifier.h
[0.814s] -- Up-to-date: /home/robot/app/robot_ws/install/rosidl_typesupport_microxrcedds_c/include/rosidl_typesupport_microxrcedds_c/visibility_control.h
[0.814s] -- Up-to-date: /home/robot/app/robot_ws/install/rosidl_typesupport_microxrcedds_c/include/rosidl_typesupport_microxrcedds_c/service_type_support.h
[0.814s] -- Up-to-date: /home/robot/app/robot_ws/install/rosidl_typesupport_microxrcedds_c/lib/librosidl_typesupport_microxrcedds_c.so
[0.815s] Invoked command in '/home/robot/app/robot_ws/build/rosidl_typesupport_microxrcedds_c' returned '0': CMAKE_PREFIX_PATH=/home/robot/app/robot_ws/install/microcdr:/home/robot/app/robot_ws/install/micro_ros_setup:/opt/ros/humble LD_LIBRARY_PATH=/home/robot/app/robot_ws/install/microcdr/lib:${LD_LIBRARY_PATH} /usr/bin/cmake --install /home/robot/app/robot_ws/build/rosidl_typesupport_microxrcedds_c
