[0.106s] Invoking command in '/home/robot/app/robot_ws/build/statistics_msgs': CMAKE_PREFIX_PATH=/home/robot/app/robot_ws/install/builtin_interfaces:/home/robot/app/robot_ws/install/micro_ros_demos_rclc:/home/robot/app/robot_ws/install/common_interfaces:/home/robot/app/robot_ws/install/visualization_msgs:/home/robot/app/robot_ws/install/test_msgs:/home/robot/app/robot_ws/install/example_interfaces:/home/robot/app/robot_ws/install/action_msgs:/home/robot/app/robot_ws/install/unique_identifier_msgs:/home/robot/app/robot_ws/install/trajectory_msgs:/home/robot/app/robot_ws/install/stereo_msgs:/home/robot/app/robot_ws/install/std_srvs:/home/robot/app/robot_ws/install/shape_msgs:/home/robot/app/robot_ws/install/sensor_msgs:/home/robot/app/robot_ws/install/nav_msgs:/home/robot/app/robot_ws/install/diagnostic_msgs:/home/robot/app/robot_ws/install/geometry_msgs:/home/robot/app/robot_ws/install/actionlib_msgs:/home/robot/app/robot_ws/install/std_msgs:/home/robot/app/robot_ws/install/statistics_msgs:/home/robot/app/robot_ws/install/rosidl_typesupport_microxrcedds_test_msg:/home/robot/app/robot_ws/install/rosidl_typesupport_microxrcedds_cpp_tests:/home/robot/app/robot_ws/install/rmw_microxrcedds:/home/robot/app/robot_ws/install/rosidl_typesupport_microxrcedds_cpp:/home/robot/app/robot_ws/install/rosidl_typesupport_microxrcedds_c_tests:/home/robot/app/robot_ws/install/rosidl_typesupport_microxrcedds_c:/home/robot/app/robot_ws/install/rosgraph_msgs:/home/robot/app/robot_ws/install/rclc_parameter:/home/robot/app/robot_ws/install/rclc:/home/robot/app/robot_ws/install/composition_interfaces:/home/robot/app/robot_ws/install/rcl_interfaces:/home/robot/app/robot_ws/install/microxrcedds_client:/home/robot/app/robot_ws/install/microcdr:/home/robot/app/robot_ws/install/micro_ros_utilities:/home/robot/app/robot_ws/install/micro_ros_msgs:/home/robot/app/robot_ws/install/lifecycle_msgs:/home/robot/app/robot_ws/install/complex_msgs:/home/robot/app/robot_ws/install/micro_ros_setup:/home/robot/app/robot_ws/install/sensor_msgs_py:/opt/ros/humble LD_LIBRARY_PATH=/home/robot/app/robot_ws/install/builtin_interfaces/lib:/home/robot/app/robot_ws/install/visualization_msgs/lib:/home/robot/app/robot_ws/install/test_msgs/lib:/home/robot/app/robot_ws/install/example_interfaces/lib:/home/robot/app/robot_ws/install/action_msgs/lib:/home/robot/app/robot_ws/install/unique_identifier_msgs/lib:/home/robot/app/robot_ws/install/trajectory_msgs/lib:/home/robot/app/robot_ws/install/stereo_msgs/lib:/home/robot/app/robot_ws/install/std_srvs/lib:/home/robot/app/robot_ws/install/shape_msgs/lib:/home/robot/app/robot_ws/install/sensor_msgs/lib:/home/robot/app/robot_ws/install/nav_msgs/lib:/home/robot/app/robot_ws/install/diagnostic_msgs/lib:/home/robot/app/robot_ws/install/geometry_msgs/lib:/home/robot/app/robot_ws/install/actionlib_msgs/lib:/home/robot/app/robot_ws/install/std_msgs/lib:/home/robot/app/robot_ws/install/statistics_msgs/lib:/home/robot/app/robot_ws/install/rmw_microxrcedds/lib:/home/robot/app/robot_ws/install/rosidl_typesupport_microxrcedds_cpp/lib:/home/robot/app/robot_ws/install/rosidl_typesupport_microxrcedds_c/lib:/home/robot/app/robot_ws/install/rosgraph_msgs/lib:/home/robot/app/robot_ws/install/rclc_parameter/lib:/home/robot/app/robot_ws/install/rclc/lib:/home/robot/app/robot_ws/install/composition_interfaces/lib:/home/robot/app/robot_ws/install/rcl_interfaces/lib:/home/robot/app/robot_ws/install/microxrcedds_client/lib:/home/robot/app/robot_ws/install/microcdr/lib:/home/robot/app/robot_ws/install/micro_ros_utilities/lib:/home/robot/app/robot_ws/install/micro_ros_msgs/lib:/home/robot/app/robot_ws/install/lifecycle_msgs/lib:/home/robot/app/robot_ws/install/complex_msgs/lib:/opt/ros/humble/opt/rviz_ogre_vendor/lib:/opt/ros/humble/lib/x86_64-linux-gnu:/opt/ros/humble/lib /usr/bin/cmake --build /home/robot/app/robot_ws/build/statistics_msgs -- -j8 -l8
[1.043s] [35m[1mConsolidate compiler generated dependencies of target statistics_msgs__rosidl_generator_c[0m
[1.043s] [  8%] Built target statistics_msgs__rosidl_generator_c
[1.043s] [ 10%] Built target statistics_msgs__cpp
[1.044s] [ 10%] Built target ament_cmake_python_copy_statistics_msgs
[1.044s] [35m[1mConsolidate compiler generated dependencies of target statistics_msgs__rosidl_typesupport_introspection_cpp[0m
[1.044s] [35m[1mConsolidate compiler generated dependencies of target statistics_msgs__rosidl_typesupport_microxrcedds_c[0m
[1.044s] [35m[1mConsolidate compiler generated dependencies of target statistics_msgs__rosidl_typesupport_fastrtps_c[0m
[1.044s] [35m[1mConsolidate compiler generated dependencies of target statistics_msgs__rosidl_typesupport_introspection_c[0m
[1.044s] [35m[1mConsolidate compiler generated dependencies of target statistics_msgs__rosidl_typesupport_c[0m
[1.044s] [35m[1mConsolidate compiler generated dependencies of target statistics_msgs__rosidl_typesupport_fastrtps_cpp[0m
[1.044s] [35m[1mConsolidate compiler generated dependencies of target statistics_msgs__rosidl_typesupport_cpp[0m
[1.044s] [35m[1mConsolidate compiler generated dependencies of target statistics_msgs__rosidl_typesupport_microxrcedds_cpp[0m
[1.044s] [ 18%] Built target statistics_msgs__rosidl_typesupport_c
[1.045s] [ 27%] Built target statistics_msgs__rosidl_typesupport_introspection_cpp
[1.064s] [ 35%] Built target statistics_msgs__rosidl_typesupport_microxrcedds_c
[1.064s] [ 44%] Built target statistics_msgs__rosidl_typesupport_introspection_c
[1.064s] [ 61%] Built target statistics_msgs__rosidl_typesupport_fastrtps_cpp
[1.065s] [ 52%] Built target statistics_msgs__rosidl_typesupport_cpp
[1.065s] [ 69%] Built target statistics_msgs__rosidl_typesupport_fastrtps_c
[1.065s] [ 77%] Built target statistics_msgs__rosidl_typesupport_microxrcedds_cpp
[1.065s] [ 77%] Built target statistics_msgs
[1.263s] [ 79%] Built target statistics_msgs__py
[1.350s] [35m[1mConsolidate compiler generated dependencies of target statistics_msgs__rosidl_generator_py[0m
[1.414s] [ 86%] Built target statistics_msgs__rosidl_generator_py
[1.462s] [35m[1mConsolidate compiler generated dependencies of target statistics_msgs__rosidl_typesupport_microxrcedds_c__pyext[0m
[1.462s] [35m[1mConsolidate compiler generated dependencies of target statistics_msgs__rosidl_typesupport_fastrtps_c__pyext[0m
[1.462s] [35m[1mConsolidate compiler generated dependencies of target statistics_msgs__rosidl_typesupport_c__pyext[0m
[1.474s] [35m[1mConsolidate compiler generated dependencies of target statistics_msgs__rosidl_typesupport_introspection_c__pyext[0m
[1.529s] [ 89%] Built target statistics_msgs__rosidl_typesupport_c__pyext
[1.533s] [ 94%] Built target statistics_msgs__rosidl_typesupport_introspection_c__pyext
[1.533s] [ 96%] Built target statistics_msgs__rosidl_typesupport_fastrtps_c__pyext
[1.563s] [100%] Built target statistics_msgs__rosidl_typesupport_microxrcedds_c__pyext
[1.676s] running egg_info
[1.678s] writing statistics_msgs.egg-info/PKG-INFO
[1.680s] writing dependency_links to statistics_msgs.egg-info/dependency_links.txt
[1.681s] writing top-level names to statistics_msgs.egg-info/top_level.txt
[1.685s] reading manifest file 'statistics_msgs.egg-info/SOURCES.txt'
[1.690s] writing manifest file 'statistics_msgs.egg-info/SOURCES.txt'
[1.760s] [100%] Built target ament_cmake_python_build_statistics_msgs_egg
[1.812s] Invoked command in '/home/robot/app/robot_ws/build/statistics_msgs' returned '0': CMAKE_PREFIX_PATH=/home/robot/app/robot_ws/install/builtin_interfaces:/home/robot/app/robot_ws/install/micro_ros_demos_rclc:/home/robot/app/robot_ws/install/common_interfaces:/home/robot/app/robot_ws/install/visualization_msgs:/home/robot/app/robot_ws/install/test_msgs:/home/robot/app/robot_ws/install/example_interfaces:/home/robot/app/robot_ws/install/action_msgs:/home/robot/app/robot_ws/install/unique_identifier_msgs:/home/robot/app/robot_ws/install/trajectory_msgs:/home/robot/app/robot_ws/install/stereo_msgs:/home/robot/app/robot_ws/install/std_srvs:/home/robot/app/robot_ws/install/shape_msgs:/home/robot/app/robot_ws/install/sensor_msgs:/home/robot/app/robot_ws/install/nav_msgs:/home/robot/app/robot_ws/install/diagnostic_msgs:/home/robot/app/robot_ws/install/geometry_msgs:/home/robot/app/robot_ws/install/actionlib_msgs:/home/robot/app/robot_ws/install/std_msgs:/home/robot/app/robot_ws/install/statistics_msgs:/home/robot/app/robot_ws/install/rosidl_typesupport_microxrcedds_test_msg:/home/robot/app/robot_ws/install/rosidl_typesupport_microxrcedds_cpp_tests:/home/robot/app/robot_ws/install/rmw_microxrcedds:/home/robot/app/robot_ws/install/rosidl_typesupport_microxrcedds_cpp:/home/robot/app/robot_ws/install/rosidl_typesupport_microxrcedds_c_tests:/home/robot/app/robot_ws/install/rosidl_typesupport_microxrcedds_c:/home/robot/app/robot_ws/install/rosgraph_msgs:/home/robot/app/robot_ws/install/rclc_parameter:/home/robot/app/robot_ws/install/rclc:/home/robot/app/robot_ws/install/composition_interfaces:/home/robot/app/robot_ws/install/rcl_interfaces:/home/robot/app/robot_ws/install/microxrcedds_client:/home/robot/app/robot_ws/install/microcdr:/home/robot/app/robot_ws/install/micro_ros_utilities:/home/robot/app/robot_ws/install/micro_ros_msgs:/home/robot/app/robot_ws/install/lifecycle_msgs:/home/robot/app/robot_ws/install/complex_msgs:/home/robot/app/robot_ws/install/micro_ros_setup:/home/robot/app/robot_ws/install/sensor_msgs_py:/opt/ros/humble LD_LIBRARY_PATH=/home/robot/app/robot_ws/install/builtin_interfaces/lib:/home/robot/app/robot_ws/install/visualization_msgs/lib:/home/robot/app/robot_ws/install/test_msgs/lib:/home/robot/app/robot_ws/install/example_interfaces/lib:/home/robot/app/robot_ws/install/action_msgs/lib:/home/robot/app/robot_ws/install/unique_identifier_msgs/lib:/home/robot/app/robot_ws/install/trajectory_msgs/lib:/home/robot/app/robot_ws/install/stereo_msgs/lib:/home/robot/app/robot_ws/install/std_srvs/lib:/home/robot/app/robot_ws/install/shape_msgs/lib:/home/robot/app/robot_ws/install/sensor_msgs/lib:/home/robot/app/robot_ws/install/nav_msgs/lib:/home/robot/app/robot_ws/install/diagnostic_msgs/lib:/home/robot/app/robot_ws/install/geometry_msgs/lib:/home/robot/app/robot_ws/install/actionlib_msgs/lib:/home/robot/app/robot_ws/install/std_msgs/lib:/home/robot/app/robot_ws/install/statistics_msgs/lib:/home/robot/app/robot_ws/install/rmw_microxrcedds/lib:/home/robot/app/robot_ws/install/rosidl_typesupport_microxrcedds_cpp/lib:/home/robot/app/robot_ws/install/rosidl_typesupport_microxrcedds_c/lib:/home/robot/app/robot_ws/install/rosgraph_msgs/lib:/home/robot/app/robot_ws/install/rclc_parameter/lib:/home/robot/app/robot_ws/install/rclc/lib:/home/robot/app/robot_ws/install/composition_interfaces/lib:/home/robot/app/robot_ws/install/rcl_interfaces/lib:/home/robot/app/robot_ws/install/microxrcedds_client/lib:/home/robot/app/robot_ws/install/microcdr/lib:/home/robot/app/robot_ws/install/micro_ros_utilities/lib:/home/robot/app/robot_ws/install/micro_ros_msgs/lib:/home/robot/app/robot_ws/install/lifecycle_msgs/lib:/home/robot/app/robot_ws/install/complex_msgs/lib:/opt/ros/humble/opt/rviz_ogre_vendor/lib:/opt/ros/humble/lib/x86_64-linux-gnu:/opt/ros/humble/lib /usr/bin/cmake --build /home/robot/app/robot_ws/build/statistics_msgs -- -j8 -l8
[2.282s] Invoking command in '/home/robot/app/robot_ws/build/statistics_msgs': CMAKE_PREFIX_PATH=/home/robot/app/robot_ws/install/builtin_interfaces:/home/robot/app/robot_ws/install/micro_ros_demos_rclc:/home/robot/app/robot_ws/install/common_interfaces:/home/robot/app/robot_ws/install/visualization_msgs:/home/robot/app/robot_ws/install/test_msgs:/home/robot/app/robot_ws/install/example_interfaces:/home/robot/app/robot_ws/install/action_msgs:/home/robot/app/robot_ws/install/unique_identifier_msgs:/home/robot/app/robot_ws/install/trajectory_msgs:/home/robot/app/robot_ws/install/stereo_msgs:/home/robot/app/robot_ws/install/std_srvs:/home/robot/app/robot_ws/install/shape_msgs:/home/robot/app/robot_ws/install/sensor_msgs:/home/robot/app/robot_ws/install/nav_msgs:/home/robot/app/robot_ws/install/diagnostic_msgs:/home/robot/app/robot_ws/install/geometry_msgs:/home/robot/app/robot_ws/install/actionlib_msgs:/home/robot/app/robot_ws/install/std_msgs:/home/robot/app/robot_ws/install/statistics_msgs:/home/robot/app/robot_ws/install/rosidl_typesupport_microxrcedds_test_msg:/home/robot/app/robot_ws/install/rosidl_typesupport_microxrcedds_cpp_tests:/home/robot/app/robot_ws/install/rmw_microxrcedds:/home/robot/app/robot_ws/install/rosidl_typesupport_microxrcedds_cpp:/home/robot/app/robot_ws/install/rosidl_typesupport_microxrcedds_c_tests:/home/robot/app/robot_ws/install/rosidl_typesupport_microxrcedds_c:/home/robot/app/robot_ws/install/rosgraph_msgs:/home/robot/app/robot_ws/install/rclc_parameter:/home/robot/app/robot_ws/install/rclc:/home/robot/app/robot_ws/install/composition_interfaces:/home/robot/app/robot_ws/install/rcl_interfaces:/home/robot/app/robot_ws/install/microxrcedds_client:/home/robot/app/robot_ws/install/microcdr:/home/robot/app/robot_ws/install/micro_ros_utilities:/home/robot/app/robot_ws/install/micro_ros_msgs:/home/robot/app/robot_ws/install/lifecycle_msgs:/home/robot/app/robot_ws/install/complex_msgs:/home/robot/app/robot_ws/install/micro_ros_setup:/home/robot/app/robot_ws/install/sensor_msgs_py:/opt/ros/humble LD_LIBRARY_PATH=/home/robot/app/robot_ws/install/builtin_interfaces/lib:/home/robot/app/robot_ws/install/visualization_msgs/lib:/home/robot/app/robot_ws/install/test_msgs/lib:/home/robot/app/robot_ws/install/example_interfaces/lib:/home/robot/app/robot_ws/install/action_msgs/lib:/home/robot/app/robot_ws/install/unique_identifier_msgs/lib:/home/robot/app/robot_ws/install/trajectory_msgs/lib:/home/robot/app/robot_ws/install/stereo_msgs/lib:/home/robot/app/robot_ws/install/std_srvs/lib:/home/robot/app/robot_ws/install/shape_msgs/lib:/home/robot/app/robot_ws/install/sensor_msgs/lib:/home/robot/app/robot_ws/install/nav_msgs/lib:/home/robot/app/robot_ws/install/diagnostic_msgs/lib:/home/robot/app/robot_ws/install/geometry_msgs/lib:/home/robot/app/robot_ws/install/actionlib_msgs/lib:/home/robot/app/robot_ws/install/std_msgs/lib:/home/robot/app/robot_ws/install/statistics_msgs/lib:/home/robot/app/robot_ws/install/rmw_microxrcedds/lib:/home/robot/app/robot_ws/install/rosidl_typesupport_microxrcedds_cpp/lib:/home/robot/app/robot_ws/install/rosidl_typesupport_microxrcedds_c/lib:/home/robot/app/robot_ws/install/rosgraph_msgs/lib:/home/robot/app/robot_ws/install/rclc_parameter/lib:/home/robot/app/robot_ws/install/rclc/lib:/home/robot/app/robot_ws/install/composition_interfaces/lib:/home/robot/app/robot_ws/install/rcl_interfaces/lib:/home/robot/app/robot_ws/install/microxrcedds_client/lib:/home/robot/app/robot_ws/install/microcdr/lib:/home/robot/app/robot_ws/install/micro_ros_utilities/lib:/home/robot/app/robot_ws/install/micro_ros_msgs/lib:/home/robot/app/robot_ws/install/lifecycle_msgs/lib:/home/robot/app/robot_ws/install/complex_msgs/lib:/opt/ros/humble/opt/rviz_ogre_vendor/lib:/opt/ros/humble/lib/x86_64-linux-gnu:/opt/ros/humble/lib /usr/bin/cmake --install /home/robot/app/robot_ws/build/statistics_msgs
[2.297s] -- Install configuration: ""
[2.299s] -- Up-to-date: /home/robot/app/robot_ws/install/statistics_msgs/share/ament_index/resource_index/rosidl_interfaces/statistics_msgs
[2.299s] -- Up-to-date: /home/robot/app/robot_ws/install/statistics_msgs/include/statistics_msgs/statistics_msgs
[2.299s] -- Up-to-date: /home/robot/app/robot_ws/install/statistics_msgs/include/statistics_msgs/statistics_msgs/msg
[2.299s] -- Up-to-date: /home/robot/app/robot_ws/install/statistics_msgs/include/statistics_msgs/statistics_msgs/msg/statistic_data_type.h
[2.300s] -- Up-to-date: /home/robot/app/robot_ws/install/statistics_msgs/include/statistics_msgs/statistics_msgs/msg/metrics_message.h
[2.300s] -- Up-to-date: /home/robot/app/robot_ws/install/statistics_msgs/include/statistics_msgs/statistics_msgs/msg/statistic_data_point.h
[2.300s] -- Up-to-date: /home/robot/app/robot_ws/install/statistics_msgs/include/statistics_msgs/statistics_msgs/msg/detail
[2.300s] -- Up-to-date: /home/robot/app/robot_ws/install/statistics_msgs/include/statistics_msgs/statistics_msgs/msg/detail/statistic_data_point__type_support.h
[2.300s] -- Up-to-date: /home/robot/app/robot_ws/install/statistics_msgs/include/statistics_msgs/statistics_msgs/msg/detail/statistic_data_point__struct.h
[2.300s] -- Up-to-date: /home/robot/app/robot_ws/install/statistics_msgs/include/statistics_msgs/statistics_msgs/msg/detail/metrics_message__functions.c
[2.300s] -- Up-to-date: /home/robot/app/robot_ws/install/statistics_msgs/include/statistics_msgs/statistics_msgs/msg/detail/metrics_message__functions.h
[2.300s] -- Up-to-date: /home/robot/app/robot_ws/install/statistics_msgs/include/statistics_msgs/statistics_msgs/msg/detail/statistic_data_type__type_support.h
[2.300s] -- Up-to-date: /home/robot/app/robot_ws/install/statistics_msgs/include/statistics_msgs/statistics_msgs/msg/detail/metrics_message__struct.h
[2.300s] -- Up-to-date: /home/robot/app/robot_ws/install/statistics_msgs/include/statistics_msgs/statistics_msgs/msg/detail/statistic_data_point__functions.c
[2.300s] -- Up-to-date: /home/robot/app/robot_ws/install/statistics_msgs/include/statistics_msgs/statistics_msgs/msg/detail/statistic_data_type__functions.h
[2.301s] -- Up-to-date: /home/robot/app/robot_ws/install/statistics_msgs/include/statistics_msgs/statistics_msgs/msg/detail/statistic_data_type__struct.h
[2.302s] -- Up-to-date: /home/robot/app/robot_ws/install/statistics_msgs/include/statistics_msgs/statistics_msgs/msg/detail/statistic_data_point__functions.h
[2.303s] -- Up-to-date: /home/robot/app/robot_ws/install/statistics_msgs/include/statistics_msgs/statistics_msgs/msg/detail/metrics_message__type_support.h
[2.304s] -- Up-to-date: /home/robot/app/robot_ws/install/statistics_msgs/include/statistics_msgs/statistics_msgs/msg/detail/statistic_data_type__functions.c
[2.304s] -- Up-to-date: /home/robot/app/robot_ws/install/statistics_msgs/include/statistics_msgs/statistics_msgs/msg/rosidl_generator_c__visibility_control.h
[2.304s] -- Up-to-date: /home/robot/app/robot_ws/install/statistics_msgs/share/statistics_msgs/environment/library_path.sh
[2.304s] -- Up-to-date: /home/robot/app/robot_ws/install/statistics_msgs/share/statistics_msgs/environment/library_path.dsv
[2.305s] -- Up-to-date: /home/robot/app/robot_ws/install/statistics_msgs/lib/libstatistics_msgs__rosidl_generator_c.so
[2.305s] -- Up-to-date: /home/robot/app/robot_ws/install/statistics_msgs/include/statistics_msgs/statistics_msgs
[2.305s] -- Up-to-date: /home/robot/app/robot_ws/install/statistics_msgs/include/statistics_msgs/statistics_msgs/msg
[2.305s] -- Up-to-date: /home/robot/app/robot_ws/install/statistics_msgs/include/statistics_msgs/statistics_msgs/msg/detail
[2.305s] -- Up-to-date: /home/robot/app/robot_ws/install/statistics_msgs/include/statistics_msgs/statistics_msgs/msg/detail/statistic_data_type__rosidl_typesupport_fastrtps_c.h
[2.305s] -- Up-to-date: /home/robot/app/robot_ws/install/statistics_msgs/include/statistics_msgs/statistics_msgs/msg/detail/metrics_message__rosidl_typesupport_fastrtps_c.h
[2.305s] -- Up-to-date: /home/robot/app/robot_ws/install/statistics_msgs/include/statistics_msgs/statistics_msgs/msg/detail/statistic_data_point__rosidl_typesupport_fastrtps_c.h
[2.306s] -- Up-to-date: /home/robot/app/robot_ws/install/statistics_msgs/include/statistics_msgs/statistics_msgs/msg/rosidl_typesupport_fastrtps_c__visibility_control.h
[2.306s] -- Up-to-date: /home/robot/app/robot_ws/install/statistics_msgs/lib/libstatistics_msgs__rosidl_typesupport_fastrtps_c.so
[2.306s] -- Up-to-date: /home/robot/app/robot_ws/install/statistics_msgs/include/statistics_msgs/statistics_msgs
[2.306s] -- Up-to-date: /home/robot/app/robot_ws/install/statistics_msgs/include/statistics_msgs/statistics_msgs/msg
[2.306s] -- Up-to-date: /home/robot/app/robot_ws/install/statistics_msgs/include/statistics_msgs/statistics_msgs/msg/statistic_data_point.hpp
[2.306s] -- Up-to-date: /home/robot/app/robot_ws/install/statistics_msgs/include/statistics_msgs/statistics_msgs/msg/detail
[2.306s] -- Up-to-date: /home/robot/app/robot_ws/install/statistics_msgs/include/statistics_msgs/statistics_msgs/msg/detail/statistic_data_point__traits.hpp
[2.307s] -- Up-to-date: /home/robot/app/robot_ws/install/statistics_msgs/include/statistics_msgs/statistics_msgs/msg/detail/statistic_data_type__builder.hpp
[2.307s] -- Up-to-date: /home/robot/app/robot_ws/install/statistics_msgs/include/statistics_msgs/statistics_msgs/msg/detail/metrics_message__builder.hpp
[2.307s] -- Up-to-date: /home/robot/app/robot_ws/install/statistics_msgs/include/statistics_msgs/statistics_msgs/msg/detail/statistic_data_type__traits.hpp
[2.307s] -- Up-to-date: /home/robot/app/robot_ws/install/statistics_msgs/include/statistics_msgs/statistics_msgs/msg/detail/metrics_message__struct.hpp
[2.307s] -- Up-to-date: /home/robot/app/robot_ws/install/statistics_msgs/include/statistics_msgs/statistics_msgs/msg/detail/statistic_data_point__struct.hpp
[2.308s] -- Up-to-date: /home/robot/app/robot_ws/install/statistics_msgs/include/statistics_msgs/statistics_msgs/msg/detail/statistic_data_point__builder.hpp
[2.308s] -- Up-to-date: /home/robot/app/robot_ws/install/statistics_msgs/include/statistics_msgs/statistics_msgs/msg/detail/statistic_data_type__struct.hpp
[2.308s] -- Up-to-date: /home/robot/app/robot_ws/install/statistics_msgs/include/statistics_msgs/statistics_msgs/msg/detail/metrics_message__traits.hpp
[2.308s] -- Up-to-date: /home/robot/app/robot_ws/install/statistics_msgs/include/statistics_msgs/statistics_msgs/msg/metrics_message.hpp
[2.308s] -- Up-to-date: /home/robot/app/robot_ws/install/statistics_msgs/include/statistics_msgs/statistics_msgs/msg/statistic_data_type.hpp
[2.308s] -- Up-to-date: /home/robot/app/robot_ws/install/statistics_msgs/include/statistics_msgs/statistics_msgs
[2.309s] -- Up-to-date: /home/robot/app/robot_ws/install/statistics_msgs/include/statistics_msgs/statistics_msgs/msg
[2.309s] -- Up-to-date: /home/robot/app/robot_ws/install/statistics_msgs/include/statistics_msgs/statistics_msgs/msg/rosidl_typesupport_fastrtps_cpp__visibility_control.h
[2.309s] -- Up-to-date: /home/robot/app/robot_ws/install/statistics_msgs/include/statistics_msgs/statistics_msgs/msg/detail
[2.309s] -- Up-to-date: /home/robot/app/robot_ws/install/statistics_msgs/include/statistics_msgs/statistics_msgs/msg/detail/dds_fastrtps
[2.309s] -- Up-to-date: /home/robot/app/robot_ws/install/statistics_msgs/include/statistics_msgs/statistics_msgs/msg/detail/statistic_data_point__rosidl_typesupport_fastrtps_cpp.hpp
[2.309s] -- Up-to-date: /home/robot/app/robot_ws/install/statistics_msgs/include/statistics_msgs/statistics_msgs/msg/detail/statistic_data_type__rosidl_typesupport_fastrtps_cpp.hpp
[2.309s] -- Up-to-date: /home/robot/app/robot_ws/install/statistics_msgs/include/statistics_msgs/statistics_msgs/msg/detail/metrics_message__rosidl_typesupport_fastrtps_cpp.hpp
[2.309s] -- Up-to-date: /home/robot/app/robot_ws/install/statistics_msgs/lib/libstatistics_msgs__rosidl_typesupport_fastrtps_cpp.so
[2.310s] -- Up-to-date: /home/robot/app/robot_ws/install/statistics_msgs/include/statistics_msgs
[2.310s] -- Up-to-date: /home/robot/app/robot_ws/install/statistics_msgs/include/statistics_msgs/msg
[2.310s] -- Up-to-date: /home/robot/app/robot_ws/install/statistics_msgs/include/statistics_msgs/msg/detail
[2.310s] -- Up-to-date: /home/robot/app/robot_ws/install/statistics_msgs/include/statistics_msgs/msg/detail/microxrcedds
[2.310s] -- Up-to-date: /home/robot/app/robot_ws/install/statistics_msgs/include/statistics_msgs/msg/detail/metrics_message__rosidl_typesupport_microxrcedds_c.h
[2.311s] -- Up-to-date: /home/robot/app/robot_ws/install/statistics_msgs/include/statistics_msgs/msg/detail/statistic_data_point__rosidl_typesupport_microxrcedds_c.h
[2.311s] -- Up-to-date: /home/robot/app/robot_ws/install/statistics_msgs/include/statistics_msgs/msg/detail/statistic_data_type__rosidl_typesupport_microxrcedds_c.h
[2.311s] -- Up-to-date: /home/robot/app/robot_ws/install/statistics_msgs/include/statistics_msgs/msg/rosidl_typesupport_microxrcedds_c__visibility_control.h
[2.311s] -- Up-to-date: /home/robot/app/robot_ws/install/statistics_msgs/lib/libstatistics_msgs__rosidl_typesupport_microxrcedds_c.so
[2.311s] -- Up-to-date: /home/robot/app/robot_ws/install/statistics_msgs/include/statistics_msgs/statistics_msgs
[2.311s] -- Up-to-date: /home/robot/app/robot_ws/install/statistics_msgs/include/statistics_msgs/statistics_msgs/msg
[2.312s] -- Up-to-date: /home/robot/app/robot_ws/install/statistics_msgs/include/statistics_msgs/statistics_msgs/msg/rosidl_typesupport_introspection_c__visibility_control.h
[2.312s] -- Up-to-date: /home/robot/app/robot_ws/install/statistics_msgs/include/statistics_msgs/statistics_msgs/msg/detail
[2.312s] -- Up-to-date: /home/robot/app/robot_ws/install/statistics_msgs/include/statistics_msgs/statistics_msgs/msg/detail/statistic_data_point__rosidl_typesupport_introspection_c.h
[2.312s] -- Up-to-date: /home/robot/app/robot_ws/install/statistics_msgs/include/statistics_msgs/statistics_msgs/msg/detail/statistic_data_type__type_support.c
[2.312s] -- Up-to-date: /home/robot/app/robot_ws/install/statistics_msgs/include/statistics_msgs/statistics_msgs/msg/detail/metrics_message__rosidl_typesupport_introspection_c.h
[2.312s] -- Up-to-date: /home/robot/app/robot_ws/install/statistics_msgs/include/statistics_msgs/statistics_msgs/msg/detail/metrics_message__type_support.c
[2.312s] -- Up-to-date: /home/robot/app/robot_ws/install/statistics_msgs/include/statistics_msgs/statistics_msgs/msg/detail/statistic_data_type__rosidl_typesupport_introspection_c.h
[2.313s] -- Up-to-date: /home/robot/app/robot_ws/install/statistics_msgs/include/statistics_msgs/statistics_msgs/msg/detail/statistic_data_point__type_support.c
[2.313s] -- Up-to-date: /home/robot/app/robot_ws/install/statistics_msgs/lib/libstatistics_msgs__rosidl_typesupport_introspection_c.so
[2.313s] -- Up-to-date: /home/robot/app/robot_ws/install/statistics_msgs/lib/libstatistics_msgs__rosidl_typesupport_c.so
[2.313s] -- Up-to-date: /home/robot/app/robot_ws/install/statistics_msgs/include/statistics_msgs
[2.313s] -- Up-to-date: /home/robot/app/robot_ws/install/statistics_msgs/include/statistics_msgs/msg
[2.313s] -- Up-to-date: /home/robot/app/robot_ws/install/statistics_msgs/include/statistics_msgs/msg/detail
[2.313s] -- Up-to-date: /home/robot/app/robot_ws/install/statistics_msgs/include/statistics_msgs/msg/detail/microxrcedds
[2.313s] -- Up-to-date: /home/robot/app/robot_ws/install/statistics_msgs/include/statistics_msgs/msg/detail/microxrcedds/statistic_data_type__type_support_cpp.cpp
[2.313s] -- Up-to-date: /home/robot/app/robot_ws/install/statistics_msgs/include/statistics_msgs/msg/detail/microxrcedds/metrics_message__type_support_cpp.cpp
[2.314s] -- Up-to-date: /home/robot/app/robot_ws/install/statistics_msgs/include/statistics_msgs/msg/detail/microxrcedds/statistic_data_point__type_support_cpp.cpp
[2.314s] -- Up-to-date: /home/robot/app/robot_ws/install/statistics_msgs/include/statistics_msgs/msg/detail/statistic_data_type__rosidl_typesupport_microxrcedds_cpp.hpp
[2.314s] -- Up-to-date: /home/robot/app/robot_ws/install/statistics_msgs/include/statistics_msgs/msg/detail/metrics_message__rosidl_typesupport_microxrcedds_cpp.hpp
[2.314s] -- Up-to-date: /home/robot/app/robot_ws/install/statistics_msgs/include/statistics_msgs/msg/detail/statistic_data_point__rosidl_typesupport_microxrcedds_cpp.hpp
[2.314s] -- Up-to-date: /home/robot/app/robot_ws/install/statistics_msgs/include/statistics_msgs/msg/rosidl_typesupport_microxrcedds_cpp__visibility_control.h
[2.314s] -- Up-to-date: /home/robot/app/robot_ws/install/statistics_msgs/lib/libstatistics_msgs__rosidl_typesupport_microxrcedds_cpp.so
[2.314s] -- Up-to-date: /home/robot/app/robot_ws/install/statistics_msgs/include/statistics_msgs/statistics_msgs
[2.314s] -- Up-to-date: /home/robot/app/robot_ws/install/statistics_msgs/include/statistics_msgs/statistics_msgs/msg
[2.314s] -- Up-to-date: /home/robot/app/robot_ws/install/statistics_msgs/include/statistics_msgs/statistics_msgs/msg/detail
[2.314s] -- Up-to-date: /home/robot/app/robot_ws/install/statistics_msgs/include/statistics_msgs/statistics_msgs/msg/detail/metrics_message__type_support.cpp
[2.314s] -- Up-to-date: /home/robot/app/robot_ws/install/statistics_msgs/include/statistics_msgs/statistics_msgs/msg/detail/statistic_data_type__type_support.cpp
[2.314s] -- Up-to-date: /home/robot/app/robot_ws/install/statistics_msgs/include/statistics_msgs/statistics_msgs/msg/detail/statistic_data_point__type_support.cpp
[2.315s] -- Up-to-date: /home/robot/app/robot_ws/install/statistics_msgs/include/statistics_msgs/statistics_msgs/msg/detail/statistic_data_point__rosidl_typesupport_introspection_cpp.hpp
[2.315s] -- Up-to-date: /home/robot/app/robot_ws/install/statistics_msgs/include/statistics_msgs/statistics_msgs/msg/detail/statistic_data_type__rosidl_typesupport_introspection_cpp.hpp
[2.315s] -- Up-to-date: /home/robot/app/robot_ws/install/statistics_msgs/include/statistics_msgs/statistics_msgs/msg/detail/metrics_message__rosidl_typesupport_introspection_cpp.hpp
[2.315s] -- Up-to-date: /home/robot/app/robot_ws/install/statistics_msgs/lib/libstatistics_msgs__rosidl_typesupport_introspection_cpp.so
[2.315s] -- Up-to-date: /home/robot/app/robot_ws/install/statistics_msgs/lib/libstatistics_msgs__rosidl_typesupport_cpp.so
[2.315s] -- Up-to-date: /home/robot/app/robot_ws/install/statistics_msgs/share/statistics_msgs/environment/pythonpath.sh
[2.315s] -- Up-to-date: /home/robot/app/robot_ws/install/statistics_msgs/share/statistics_msgs/environment/pythonpath.dsv
[2.315s] -- Up-to-date: /home/robot/app/robot_ws/install/statistics_msgs/local/lib/python3.10/dist-packages/statistics_msgs-1.2.1-py3.10.egg-info
[2.316s] -- Installing: /home/robot/app/robot_ws/install/statistics_msgs/local/lib/python3.10/dist-packages/statistics_msgs-1.2.1-py3.10.egg-info/dependency_links.txt
[2.316s] -- Installing: /home/robot/app/robot_ws/install/statistics_msgs/local/lib/python3.10/dist-packages/statistics_msgs-1.2.1-py3.10.egg-info/PKG-INFO
[2.316s] -- Installing: /home/robot/app/robot_ws/install/statistics_msgs/local/lib/python3.10/dist-packages/statistics_msgs-1.2.1-py3.10.egg-info/SOURCES.txt
[2.316s] -- Installing: /home/robot/app/robot_ws/install/statistics_msgs/local/lib/python3.10/dist-packages/statistics_msgs-1.2.1-py3.10.egg-info/top_level.txt
[2.316s] -- Up-to-date: /home/robot/app/robot_ws/install/statistics_msgs/local/lib/python3.10/dist-packages/statistics_msgs
[2.316s] -- Up-to-date: /home/robot/app/robot_ws/install/statistics_msgs/local/lib/python3.10/dist-packages/statistics_msgs/__init__.py
[2.316s] -- Up-to-date: /home/robot/app/robot_ws/install/statistics_msgs/local/lib/python3.10/dist-packages/statistics_msgs/statistics_msgs_s__rosidl_typesupport_introspection_c.cpython-310-x86_64-linux-gnu.so
[2.316s] -- Up-to-date: /home/robot/app/robot_ws/install/statistics_msgs/local/lib/python3.10/dist-packages/statistics_msgs/_statistics_msgs_s.ep.rosidl_typesupport_microxrcedds_c.c
[2.316s] -- Up-to-date: /home/robot/app/robot_ws/install/statistics_msgs/local/lib/python3.10/dist-packages/statistics_msgs/statistics_msgs_s__rosidl_typesupport_c.cpython-310-x86_64-linux-gnu.so
[2.316s] -- Up-to-date: /home/robot/app/robot_ws/install/statistics_msgs/local/lib/python3.10/dist-packages/statistics_msgs/_statistics_msgs_s.ep.rosidl_typesupport_c.c
[2.316s] -- Up-to-date: /home/robot/app/robot_ws/install/statistics_msgs/local/lib/python3.10/dist-packages/statistics_msgs/statistics_msgs_s__rosidl_typesupport_microxrcedds_c.cpython-310-x86_64-linux-gnu.so
[2.316s] -- Up-to-date: /home/robot/app/robot_ws/install/statistics_msgs/local/lib/python3.10/dist-packages/statistics_msgs/statistics_msgs_s__rosidl_typesupport_fastrtps_c.cpython-310-x86_64-linux-gnu.so
[2.316s] -- Up-to-date: /home/robot/app/robot_ws/install/statistics_msgs/local/lib/python3.10/dist-packages/statistics_msgs/_statistics_msgs_s.ep.rosidl_typesupport_fastrtps_c.c
[2.317s] -- Up-to-date: /home/robot/app/robot_ws/install/statistics_msgs/local/lib/python3.10/dist-packages/statistics_msgs/_statistics_msgs_s.ep.rosidl_typesupport_introspection_c.c
[2.317s] -- Up-to-date: /home/robot/app/robot_ws/install/statistics_msgs/local/lib/python3.10/dist-packages/statistics_msgs/libstatistics_msgs__rosidl_generator_py.so
[2.317s] -- Up-to-date: /home/robot/app/robot_ws/install/statistics_msgs/local/lib/python3.10/dist-packages/statistics_msgs/msg
[2.317s] -- Up-to-date: /home/robot/app/robot_ws/install/statistics_msgs/local/lib/python3.10/dist-packages/statistics_msgs/msg/__init__.py
[2.317s] -- Up-to-date: /home/robot/app/robot_ws/install/statistics_msgs/local/lib/python3.10/dist-packages/statistics_msgs/msg/_metrics_message_s.c
[2.317s] -- Up-to-date: /home/robot/app/robot_ws/install/statistics_msgs/local/lib/python3.10/dist-packages/statistics_msgs/msg/_statistic_data_point.py
[2.317s] -- Up-to-date: /home/robot/app/robot_ws/install/statistics_msgs/local/lib/python3.10/dist-packages/statistics_msgs/msg/_metrics_message.py
[2.317s] -- Up-to-date: /home/robot/app/robot_ws/install/statistics_msgs/local/lib/python3.10/dist-packages/statistics_msgs/msg/_statistic_data_type_s.c
[2.317s] -- Up-to-date: /home/robot/app/robot_ws/install/statistics_msgs/local/lib/python3.10/dist-packages/statistics_msgs/msg/_statistic_data_point_s.c
[2.317s] -- Up-to-date: /home/robot/app/robot_ws/install/statistics_msgs/local/lib/python3.10/dist-packages/statistics_msgs/msg/_statistic_data_type.py
[2.408s] Listing '/home/robot/app/robot_ws/install/statistics_msgs/local/lib/python3.10/dist-packages/statistics_msgs'...
[2.409s] Listing '/home/robot/app/robot_ws/install/statistics_msgs/local/lib/python3.10/dist-packages/statistics_msgs/msg'...
[2.415s] -- Up-to-date: /home/robot/app/robot_ws/install/statistics_msgs/local/lib/python3.10/dist-packages/statistics_msgs/statistics_msgs_s__rosidl_typesupport_microxrcedds_c.cpython-310-x86_64-linux-gnu.so
[2.415s] -- Up-to-date: /home/robot/app/robot_ws/install/statistics_msgs/local/lib/python3.10/dist-packages/statistics_msgs/statistics_msgs_s__rosidl_typesupport_fastrtps_c.cpython-310-x86_64-linux-gnu.so
[2.416s] -- Up-to-date: /home/robot/app/robot_ws/install/statistics_msgs/local/lib/python3.10/dist-packages/statistics_msgs/statistics_msgs_s__rosidl_typesupport_introspection_c.cpython-310-x86_64-linux-gnu.so
[2.416s] -- Up-to-date: /home/robot/app/robot_ws/install/statistics_msgs/local/lib/python3.10/dist-packages/statistics_msgs/statistics_msgs_s__rosidl_typesupport_c.cpython-310-x86_64-linux-gnu.so
[2.417s] -- Up-to-date: /home/robot/app/robot_ws/install/statistics_msgs/lib/libstatistics_msgs__rosidl_generator_py.so
[2.417s] -- Up-to-date: /home/robot/app/robot_ws/install/statistics_msgs/share/statistics_msgs/msg/MetricsMessage.idl
[2.418s] -- Up-to-date: /home/robot/app/robot_ws/install/statistics_msgs/share/statistics_msgs/msg/StatisticDataPoint.idl
[2.418s] -- Up-to-date: /home/robot/app/robot_ws/install/statistics_msgs/share/statistics_msgs/msg/StatisticDataType.idl
[2.419s] -- Up-to-date: /home/robot/app/robot_ws/install/statistics_msgs/share/statistics_msgs/msg/MetricsMessage.msg
[2.419s] -- Up-to-date: /home/robot/app/robot_ws/install/statistics_msgs/share/statistics_msgs/msg/StatisticDataPoint.msg
[2.420s] -- Up-to-date: /home/robot/app/robot_ws/install/statistics_msgs/share/statistics_msgs/msg/StatisticDataType.msg
[2.420s] -- Up-to-date: /home/robot/app/robot_ws/install/statistics_msgs/share/ament_index/resource_index/package_run_dependencies/statistics_msgs
[2.421s] -- Up-to-date: /home/robot/app/robot_ws/install/statistics_msgs/share/ament_index/resource_index/parent_prefix_path/statistics_msgs
[2.421s] -- Up-to-date: /home/robot/app/robot_ws/install/statistics_msgs/share/statistics_msgs/environment/ament_prefix_path.sh
[2.421s] -- Up-to-date: /home/robot/app/robot_ws/install/statistics_msgs/share/statistics_msgs/environment/ament_prefix_path.dsv
[2.421s] -- Up-to-date: /home/robot/app/robot_ws/install/statistics_msgs/share/statistics_msgs/environment/path.sh
[2.422s] -- Up-to-date: /home/robot/app/robot_ws/install/statistics_msgs/share/statistics_msgs/environment/path.dsv
[2.422s] -- Up-to-date: /home/robot/app/robot_ws/install/statistics_msgs/share/statistics_msgs/local_setup.bash
[2.422s] -- Up-to-date: /home/robot/app/robot_ws/install/statistics_msgs/share/statistics_msgs/local_setup.sh
[2.423s] -- Up-to-date: /home/robot/app/robot_ws/install/statistics_msgs/share/statistics_msgs/local_setup.zsh
[2.423s] -- Up-to-date: /home/robot/app/robot_ws/install/statistics_msgs/share/statistics_msgs/local_setup.dsv
[2.423s] -- Installing: /home/robot/app/robot_ws/install/statistics_msgs/share/statistics_msgs/package.dsv
[2.424s] -- Up-to-date: /home/robot/app/robot_ws/install/statistics_msgs/share/ament_index/resource_index/packages/statistics_msgs
[2.424s] -- Up-to-date: /home/robot/app/robot_ws/install/statistics_msgs/share/statistics_msgs/cmake/export_statistics_msgs__rosidl_generator_cExport.cmake
[2.425s] -- Up-to-date: /home/robot/app/robot_ws/install/statistics_msgs/share/statistics_msgs/cmake/export_statistics_msgs__rosidl_generator_cExport-noconfig.cmake
[2.425s] -- Up-to-date: /home/robot/app/robot_ws/install/statistics_msgs/share/statistics_msgs/cmake/export_statistics_msgs__rosidl_typesupport_fastrtps_cExport.cmake
[2.425s] -- Up-to-date: /home/robot/app/robot_ws/install/statistics_msgs/share/statistics_msgs/cmake/export_statistics_msgs__rosidl_typesupport_fastrtps_cExport-noconfig.cmake
[2.425s] -- Up-to-date: /home/robot/app/robot_ws/install/statistics_msgs/share/statistics_msgs/cmake/export_statistics_msgs__rosidl_generator_cppExport.cmake
[2.425s] -- Up-to-date: /home/robot/app/robot_ws/install/statistics_msgs/share/statistics_msgs/cmake/export_statistics_msgs__rosidl_typesupport_fastrtps_cppExport.cmake
[2.426s] -- Up-to-date: /home/robot/app/robot_ws/install/statistics_msgs/share/statistics_msgs/cmake/export_statistics_msgs__rosidl_typesupport_fastrtps_cppExport-noconfig.cmake
[2.426s] -- Up-to-date: /home/robot/app/robot_ws/install/statistics_msgs/share/statistics_msgs/cmake/statistics_msgs__rosidl_typesupport_introspection_cExport.cmake
[2.426s] -- Up-to-date: /home/robot/app/robot_ws/install/statistics_msgs/share/statistics_msgs/cmake/statistics_msgs__rosidl_typesupport_introspection_cExport-noconfig.cmake
[2.426s] -- Up-to-date: /home/robot/app/robot_ws/install/statistics_msgs/share/statistics_msgs/cmake/statistics_msgs__rosidl_typesupport_cExport.cmake
[2.426s] -- Up-to-date: /home/robot/app/robot_ws/install/statistics_msgs/share/statistics_msgs/cmake/statistics_msgs__rosidl_typesupport_cExport-noconfig.cmake
[2.426s] -- Up-to-date: /home/robot/app/robot_ws/install/statistics_msgs/share/statistics_msgs/cmake/statistics_msgs__rosidl_typesupport_introspection_cppExport.cmake
[2.427s] -- Up-to-date: /home/robot/app/robot_ws/install/statistics_msgs/share/statistics_msgs/cmake/statistics_msgs__rosidl_typesupport_introspection_cppExport-noconfig.cmake
[2.427s] -- Up-to-date: /home/robot/app/robot_ws/install/statistics_msgs/share/statistics_msgs/cmake/statistics_msgs__rosidl_typesupport_cppExport.cmake
[2.427s] -- Up-to-date: /home/robot/app/robot_ws/install/statistics_msgs/share/statistics_msgs/cmake/statistics_msgs__rosidl_typesupport_cppExport-noconfig.cmake
[2.430s] -- Up-to-date: /home/robot/app/robot_ws/install/statistics_msgs/share/statistics_msgs/cmake/export_statistics_msgs__rosidl_generator_pyExport.cmake
[2.431s] -- Up-to-date: /home/robot/app/robot_ws/install/statistics_msgs/share/statistics_msgs/cmake/export_statistics_msgs__rosidl_generator_pyExport-noconfig.cmake
[2.431s] -- Up-to-date: /home/robot/app/robot_ws/install/statistics_msgs/share/statistics_msgs/cmake/rosidl_cmake-extras.cmake
[2.431s] -- Up-to-date: /home/robot/app/robot_ws/install/statistics_msgs/share/statistics_msgs/cmake/ament_cmake_export_dependencies-extras.cmake
[2.431s] -- Up-to-date: /home/robot/app/robot_ws/install/statistics_msgs/share/statistics_msgs/cmake/ament_cmake_export_include_directories-extras.cmake
[2.431s] -- Up-to-date: /home/robot/app/robot_ws/install/statistics_msgs/share/statistics_msgs/cmake/ament_cmake_export_libraries-extras.cmake
[2.431s] -- Up-to-date: /home/robot/app/robot_ws/install/statistics_msgs/share/statistics_msgs/cmake/ament_cmake_export_targets-extras.cmake
[2.431s] -- Up-to-date: /home/robot/app/robot_ws/install/statistics_msgs/share/statistics_msgs/cmake/rosidl_cmake_export_typesupport_targets-extras.cmake
[2.431s] -- Up-to-date: /home/robot/app/robot_ws/install/statistics_msgs/share/statistics_msgs/cmake/rosidl_cmake_export_typesupport_libraries-extras.cmake
[2.431s] -- Up-to-date: /home/robot/app/robot_ws/install/statistics_msgs/share/statistics_msgs/cmake/statistics_msgsConfig.cmake
[2.432s] -- Up-to-date: /home/robot/app/robot_ws/install/statistics_msgs/share/statistics_msgs/cmake/statistics_msgsConfig-version.cmake
[2.432s] -- Up-to-date: /home/robot/app/robot_ws/install/statistics_msgs/share/statistics_msgs/package.xml
[2.433s] Invoked command in '/home/robot/app/robot_ws/build/statistics_msgs' returned '0': CMAKE_PREFIX_PATH=/home/robot/app/robot_ws/install/builtin_interfaces:/home/robot/app/robot_ws/install/micro_ros_demos_rclc:/home/robot/app/robot_ws/install/common_interfaces:/home/robot/app/robot_ws/install/visualization_msgs:/home/robot/app/robot_ws/install/test_msgs:/home/robot/app/robot_ws/install/example_interfaces:/home/robot/app/robot_ws/install/action_msgs:/home/robot/app/robot_ws/install/unique_identifier_msgs:/home/robot/app/robot_ws/install/trajectory_msgs:/home/robot/app/robot_ws/install/stereo_msgs:/home/robot/app/robot_ws/install/std_srvs:/home/robot/app/robot_ws/install/shape_msgs:/home/robot/app/robot_ws/install/sensor_msgs:/home/robot/app/robot_ws/install/nav_msgs:/home/robot/app/robot_ws/install/diagnostic_msgs:/home/robot/app/robot_ws/install/geometry_msgs:/home/robot/app/robot_ws/install/actionlib_msgs:/home/robot/app/robot_ws/install/std_msgs:/home/robot/app/robot_ws/install/statistics_msgs:/home/robot/app/robot_ws/install/rosidl_typesupport_microxrcedds_test_msg:/home/robot/app/robot_ws/install/rosidl_typesupport_microxrcedds_cpp_tests:/home/robot/app/robot_ws/install/rmw_microxrcedds:/home/robot/app/robot_ws/install/rosidl_typesupport_microxrcedds_cpp:/home/robot/app/robot_ws/install/rosidl_typesupport_microxrcedds_c_tests:/home/robot/app/robot_ws/install/rosidl_typesupport_microxrcedds_c:/home/robot/app/robot_ws/install/rosgraph_msgs:/home/robot/app/robot_ws/install/rclc_parameter:/home/robot/app/robot_ws/install/rclc:/home/robot/app/robot_ws/install/composition_interfaces:/home/robot/app/robot_ws/install/rcl_interfaces:/home/robot/app/robot_ws/install/microxrcedds_client:/home/robot/app/robot_ws/install/microcdr:/home/robot/app/robot_ws/install/micro_ros_utilities:/home/robot/app/robot_ws/install/micro_ros_msgs:/home/robot/app/robot_ws/install/lifecycle_msgs:/home/robot/app/robot_ws/install/complex_msgs:/home/robot/app/robot_ws/install/micro_ros_setup:/home/robot/app/robot_ws/install/sensor_msgs_py:/opt/ros/humble LD_LIBRARY_PATH=/home/robot/app/robot_ws/install/builtin_interfaces/lib:/home/robot/app/robot_ws/install/visualization_msgs/lib:/home/robot/app/robot_ws/install/test_msgs/lib:/home/robot/app/robot_ws/install/example_interfaces/lib:/home/robot/app/robot_ws/install/action_msgs/lib:/home/robot/app/robot_ws/install/unique_identifier_msgs/lib:/home/robot/app/robot_ws/install/trajectory_msgs/lib:/home/robot/app/robot_ws/install/stereo_msgs/lib:/home/robot/app/robot_ws/install/std_srvs/lib:/home/robot/app/robot_ws/install/shape_msgs/lib:/home/robot/app/robot_ws/install/sensor_msgs/lib:/home/robot/app/robot_ws/install/nav_msgs/lib:/home/robot/app/robot_ws/install/diagnostic_msgs/lib:/home/robot/app/robot_ws/install/geometry_msgs/lib:/home/robot/app/robot_ws/install/actionlib_msgs/lib:/home/robot/app/robot_ws/install/std_msgs/lib:/home/robot/app/robot_ws/install/statistics_msgs/lib:/home/robot/app/robot_ws/install/rmw_microxrcedds/lib:/home/robot/app/robot_ws/install/rosidl_typesupport_microxrcedds_cpp/lib:/home/robot/app/robot_ws/install/rosidl_typesupport_microxrcedds_c/lib:/home/robot/app/robot_ws/install/rosgraph_msgs/lib:/home/robot/app/robot_ws/install/rclc_parameter/lib:/home/robot/app/robot_ws/install/rclc/lib:/home/robot/app/robot_ws/install/composition_interfaces/lib:/home/robot/app/robot_ws/install/rcl_interfaces/lib:/home/robot/app/robot_ws/install/microxrcedds_client/lib:/home/robot/app/robot_ws/install/microcdr/lib:/home/robot/app/robot_ws/install/micro_ros_utilities/lib:/home/robot/app/robot_ws/install/micro_ros_msgs/lib:/home/robot/app/robot_ws/install/lifecycle_msgs/lib:/home/robot/app/robot_ws/install/complex_msgs/lib:/opt/ros/humble/opt/rviz_ogre_vendor/lib:/opt/ros/humble/lib/x86_64-linux-gnu:/opt/ros/humble/lib /usr/bin/cmake --install /home/robot/app/robot_ws/build/statistics_msgs
