[0.173s] Invoking command in '/home/robot/app/robot_ws/build/builtin_interfaces': CMAKE_PREFIX_PATH=${CMAKE_PREFIX_PATH}:/home/robot/app/robot_ws/install/sensor_msgs_py:/opt/ros/humble /usr/bin/cmake --build /home/robot/app/robot_ws/build/builtin_interfaces -- -j8 -l8
[0.918s] [  8%] Built target builtin_interfaces__rosidl_generator_c
[0.968s] [  8%] Built target ament_cmake_python_copy_builtin_interfaces
[1.030s] [ 10%] Built target builtin_interfaces__cpp
[1.274s] [35m[1mConsolidate compiler generated dependencies of target builtin_interfaces__rosidl_typesupport_cpp[0m
[1.275s] [35m[1mConsolidate compiler generated dependencies of target builtin_interfaces__rosidl_typesupport_c[0m
[1.314s] [35m[1mConsolidate compiler generated dependencies of target builtin_interfaces__rosidl_typesupport_microxrcedds_c[0m
[1.314s] [ 18%] Built target builtin_interfaces__rosidl_typesupport_fastrtps_c
[1.446s] [35m[1mConsolidate compiler generated dependencies of target builtin_interfaces__rosidl_typesupport_microxrcedds_cpp[0m
[1.494s] [ 26%] Built target builtin_interfaces__rosidl_typesupport_fastrtps_cpp
[1.510s] [ 34%] Built target builtin_interfaces__rosidl_typesupport_cpp
[1.530s] [ 42%] Built target builtin_interfaces__rosidl_typesupport_c
[1.531s] [ 51%] Built target builtin_interfaces__rosidl_typesupport_introspection_c
[1.649s] [ 59%] Built target builtin_interfaces__rosidl_typesupport_microxrcedds_c
[1.660s] [ 67%] Built target builtin_interfaces__rosidl_typesupport_microxrcedds_cpp
[3.139s] running egg_info
[3.149s] writing builtin_interfaces.egg-info/PKG-INFO
[3.159s] writing dependency_links to builtin_interfaces.egg-info/dependency_links.txt
[3.159s] writing top-level names to builtin_interfaces.egg-info/top_level.txt
[3.179s] reading manifest file 'builtin_interfaces.egg-info/SOURCES.txt'
[3.182s] writing manifest file 'builtin_interfaces.egg-info/SOURCES.txt'
[3.384s] [ 67%] Built target ament_cmake_python_build_builtin_interfaces_egg
[3.575s] [ 75%] Built target builtin_interfaces__rosidl_typesupport_introspection_cpp
[3.734s] [ 75%] Built target builtin_interfaces
[3.870s] [ 77%] Built target builtin_interfaces__py
[4.084s] [ 83%] Built target builtin_interfaces__rosidl_generator_py
[4.269s] [ 87%] Built target builtin_interfaces__rosidl_typesupport_microxrcedds_c__pyext
[4.292s] [ 91%] Built target builtin_interfaces__rosidl_typesupport_fastrtps_c__pyext
[4.430s] [ 95%] Built target builtin_interfaces__rosidl_typesupport_c__pyext
[4.444s] [100%] Built target builtin_interfaces__rosidl_typesupport_introspection_c__pyext
[4.524s] Invoked command in '/home/robot/app/robot_ws/build/builtin_interfaces' returned '0': CMAKE_PREFIX_PATH=${CMAKE_PREFIX_PATH}:/home/robot/app/robot_ws/install/sensor_msgs_py:/opt/ros/humble /usr/bin/cmake --build /home/robot/app/robot_ws/build/builtin_interfaces -- -j8 -l8
[5.390s] Invoking command in '/home/robot/app/robot_ws/build/builtin_interfaces': CMAKE_PREFIX_PATH=${CMAKE_PREFIX_PATH}:/home/robot/app/robot_ws/install/sensor_msgs_py:/opt/ros/humble /usr/bin/cmake --install /home/robot/app/robot_ws/build/builtin_interfaces
[5.428s] -- Install configuration: ""
[5.428s] -- Up-to-date: /home/robot/app/robot_ws/install/builtin_interfaces/share/ament_index/resource_index/rosidl_interfaces/builtin_interfaces
[5.428s] -- Up-to-date: /home/robot/app/robot_ws/install/builtin_interfaces/include/builtin_interfaces/builtin_interfaces
[5.428s] -- Up-to-date: /home/robot/app/robot_ws/install/builtin_interfaces/include/builtin_interfaces/builtin_interfaces/msg
[5.429s] -- Up-to-date: /home/robot/app/robot_ws/install/builtin_interfaces/include/builtin_interfaces/builtin_interfaces/msg/duration.h
[5.429s] -- Up-to-date: /home/robot/app/robot_ws/install/builtin_interfaces/include/builtin_interfaces/builtin_interfaces/msg/time.h
[5.430s] -- Up-to-date: /home/robot/app/robot_ws/install/builtin_interfaces/include/builtin_interfaces/builtin_interfaces/msg/detail
[5.431s] -- Up-to-date: /home/robot/app/robot_ws/install/builtin_interfaces/include/builtin_interfaces/builtin_interfaces/msg/detail/time__struct.h
[5.431s] -- Up-to-date: /home/robot/app/robot_ws/install/builtin_interfaces/include/builtin_interfaces/builtin_interfaces/msg/detail/time__functions.c
[5.431s] -- Up-to-date: /home/robot/app/robot_ws/install/builtin_interfaces/include/builtin_interfaces/builtin_interfaces/msg/detail/duration__functions.h
[5.431s] -- Up-to-date: /home/robot/app/robot_ws/install/builtin_interfaces/include/builtin_interfaces/builtin_interfaces/msg/detail/duration__type_support.h
[5.432s] -- Up-to-date: /home/robot/app/robot_ws/install/builtin_interfaces/include/builtin_interfaces/builtin_interfaces/msg/detail/time__type_support.h
[5.432s] -- Up-to-date: /home/robot/app/robot_ws/install/builtin_interfaces/include/builtin_interfaces/builtin_interfaces/msg/detail/duration__struct.h
[5.442s] -- Up-to-date: /home/robot/app/robot_ws/install/builtin_interfaces/include/builtin_interfaces/builtin_interfaces/msg/detail/time__functions.h
[5.443s] -- Up-to-date: /home/robot/app/robot_ws/install/builtin_interfaces/include/builtin_interfaces/builtin_interfaces/msg/detail/duration__functions.c
[5.443s] -- Up-to-date: /home/robot/app/robot_ws/install/builtin_interfaces/include/builtin_interfaces/builtin_interfaces/msg/rosidl_generator_c__visibility_control.h
[5.444s] -- Up-to-date: /home/robot/app/robot_ws/install/builtin_interfaces/share/builtin_interfaces/environment/library_path.sh
[5.444s] -- Up-to-date: /home/robot/app/robot_ws/install/builtin_interfaces/share/builtin_interfaces/environment/library_path.dsv
[5.444s] -- Up-to-date: /home/robot/app/robot_ws/install/builtin_interfaces/lib/libbuiltin_interfaces__rosidl_generator_c.so
[5.445s] -- Up-to-date: /home/robot/app/robot_ws/install/builtin_interfaces/include/builtin_interfaces
[5.445s] -- Up-to-date: /home/robot/app/robot_ws/install/builtin_interfaces/include/builtin_interfaces/msg
[5.451s] -- Up-to-date: /home/robot/app/robot_ws/install/builtin_interfaces/include/builtin_interfaces/msg/detail
[5.451s] -- Up-to-date: /home/robot/app/robot_ws/install/builtin_interfaces/include/builtin_interfaces/msg/detail/time__rosidl_typesupport_microxrcedds_c.h
[5.451s] -- Up-to-date: /home/robot/app/robot_ws/install/builtin_interfaces/include/builtin_interfaces/msg/detail/duration__rosidl_typesupport_microxrcedds_c.h
[5.452s] -- Up-to-date: /home/robot/app/robot_ws/install/builtin_interfaces/include/builtin_interfaces/msg/detail/microxrcedds
[5.452s] -- Up-to-date: /home/robot/app/robot_ws/install/builtin_interfaces/include/builtin_interfaces/msg/rosidl_typesupport_microxrcedds_c__visibility_control.h
[5.452s] -- Up-to-date: /home/robot/app/robot_ws/install/builtin_interfaces/lib/libbuiltin_interfaces__rosidl_typesupport_microxrcedds_c.so
[5.452s] -- Up-to-date: /home/robot/app/robot_ws/install/builtin_interfaces/include/builtin_interfaces/builtin_interfaces
[5.452s] -- Up-to-date: /home/robot/app/robot_ws/install/builtin_interfaces/include/builtin_interfaces/builtin_interfaces/msg
[5.453s] -- Up-to-date: /home/robot/app/robot_ws/install/builtin_interfaces/include/builtin_interfaces/builtin_interfaces/msg/detail
[5.453s] -- Up-to-date: /home/robot/app/robot_ws/install/builtin_interfaces/include/builtin_interfaces/builtin_interfaces/msg/detail/time__rosidl_typesupport_fastrtps_c.h
[5.453s] -- Up-to-date: /home/robot/app/robot_ws/install/builtin_interfaces/include/builtin_interfaces/builtin_interfaces/msg/detail/duration__rosidl_typesupport_fastrtps_c.h
[5.453s] -- Up-to-date: /home/robot/app/robot_ws/install/builtin_interfaces/include/builtin_interfaces/builtin_interfaces/msg/rosidl_typesupport_fastrtps_c__visibility_control.h
[5.453s] -- Up-to-date: /home/robot/app/robot_ws/install/builtin_interfaces/lib/libbuiltin_interfaces__rosidl_typesupport_fastrtps_c.so
[5.454s] -- Up-to-date: /home/robot/app/robot_ws/install/builtin_interfaces/include/builtin_interfaces/builtin_interfaces
[5.454s] -- Up-to-date: /home/robot/app/robot_ws/install/builtin_interfaces/include/builtin_interfaces/builtin_interfaces/msg
[5.454s] -- Up-to-date: /home/robot/app/robot_ws/install/builtin_interfaces/include/builtin_interfaces/builtin_interfaces/msg/rosidl_typesupport_introspection_c__visibility_control.h
[5.454s] -- Up-to-date: /home/robot/app/robot_ws/install/builtin_interfaces/include/builtin_interfaces/builtin_interfaces/msg/detail
[5.461s] -- Up-to-date: /home/robot/app/robot_ws/install/builtin_interfaces/include/builtin_interfaces/builtin_interfaces/msg/detail/time__rosidl_typesupport_introspection_c.h
[5.461s] -- Up-to-date: /home/robot/app/robot_ws/install/builtin_interfaces/include/builtin_interfaces/builtin_interfaces/msg/detail/duration__rosidl_typesupport_introspection_c.h
[5.461s] -- Up-to-date: /home/robot/app/robot_ws/install/builtin_interfaces/include/builtin_interfaces/builtin_interfaces/msg/detail/time__type_support.c
[5.462s] -- Up-to-date: /home/robot/app/robot_ws/install/builtin_interfaces/include/builtin_interfaces/builtin_interfaces/msg/detail/duration__type_support.c
[5.462s] -- Up-to-date: /home/robot/app/robot_ws/install/builtin_interfaces/lib/libbuiltin_interfaces__rosidl_typesupport_introspection_c.so
[5.462s] -- Up-to-date: /home/robot/app/robot_ws/install/builtin_interfaces/lib/libbuiltin_interfaces__rosidl_typesupport_c.so
[5.462s] -- Up-to-date: /home/robot/app/robot_ws/install/builtin_interfaces/include/builtin_interfaces/builtin_interfaces
[5.462s] -- Up-to-date: /home/robot/app/robot_ws/install/builtin_interfaces/include/builtin_interfaces/builtin_interfaces/msg
[5.463s] -- Up-to-date: /home/robot/app/robot_ws/install/builtin_interfaces/include/builtin_interfaces/builtin_interfaces/msg/detail
[5.463s] -- Up-to-date: /home/robot/app/robot_ws/install/builtin_interfaces/include/builtin_interfaces/builtin_interfaces/msg/detail/duration__struct.hpp
[5.463s] -- Up-to-date: /home/robot/app/robot_ws/install/builtin_interfaces/include/builtin_interfaces/builtin_interfaces/msg/detail/duration__traits.hpp
[5.463s] -- Up-to-date: /home/robot/app/robot_ws/install/builtin_interfaces/include/builtin_interfaces/builtin_interfaces/msg/detail/duration__builder.hpp
[5.463s] -- Up-to-date: /home/robot/app/robot_ws/install/builtin_interfaces/include/builtin_interfaces/builtin_interfaces/msg/detail/time__builder.hpp
[5.463s] -- Up-to-date: /home/robot/app/robot_ws/install/builtin_interfaces/include/builtin_interfaces/builtin_interfaces/msg/detail/time__struct.hpp
[5.466s] -- Up-to-date: /home/robot/app/robot_ws/install/builtin_interfaces/include/builtin_interfaces/builtin_interfaces/msg/detail/time__traits.hpp
[5.466s] -- Up-to-date: /home/robot/app/robot_ws/install/builtin_interfaces/include/builtin_interfaces/builtin_interfaces/msg/duration.hpp
[5.467s] -- Up-to-date: /home/robot/app/robot_ws/install/builtin_interfaces/include/builtin_interfaces/builtin_interfaces/msg/time.hpp
[5.467s] -- Up-to-date: /home/robot/app/robot_ws/install/builtin_interfaces/include/builtin_interfaces
[5.467s] -- Up-to-date: /home/robot/app/robot_ws/install/builtin_interfaces/include/builtin_interfaces/msg
[5.467s] -- Up-to-date: /home/robot/app/robot_ws/install/builtin_interfaces/include/builtin_interfaces/msg/detail
[5.467s] -- Up-to-date: /home/robot/app/robot_ws/install/builtin_interfaces/include/builtin_interfaces/msg/detail/time__rosidl_typesupport_microxrcedds_cpp.hpp
[5.468s] -- Up-to-date: /home/robot/app/robot_ws/install/builtin_interfaces/include/builtin_interfaces/msg/detail/microxrcedds
[5.468s] -- Up-to-date: /home/robot/app/robot_ws/install/builtin_interfaces/include/builtin_interfaces/msg/detail/microxrcedds/time__type_support_cpp.cpp
[5.468s] -- Up-to-date: /home/robot/app/robot_ws/install/builtin_interfaces/include/builtin_interfaces/msg/detail/microxrcedds/duration__type_support_cpp.cpp
[5.471s] -- Up-to-date: /home/robot/app/robot_ws/install/builtin_interfaces/include/builtin_interfaces/msg/detail/duration__rosidl_typesupport_microxrcedds_cpp.hpp
[5.472s] -- Up-to-date: /home/robot/app/robot_ws/install/builtin_interfaces/include/builtin_interfaces/msg/rosidl_typesupport_microxrcedds_cpp__visibility_control.h
[5.472s] -- Up-to-date: /home/robot/app/robot_ws/install/builtin_interfaces/lib/libbuiltin_interfaces__rosidl_typesupport_microxrcedds_cpp.so
[5.472s] -- Up-to-date: /home/robot/app/robot_ws/install/builtin_interfaces/include/builtin_interfaces/builtin_interfaces
[5.472s] -- Up-to-date: /home/robot/app/robot_ws/install/builtin_interfaces/include/builtin_interfaces/builtin_interfaces/msg
[5.473s] -- Up-to-date: /home/robot/app/robot_ws/install/builtin_interfaces/include/builtin_interfaces/builtin_interfaces/msg/rosidl_typesupport_fastrtps_cpp__visibility_control.h
[5.473s] -- Up-to-date: /home/robot/app/robot_ws/install/builtin_interfaces/include/builtin_interfaces/builtin_interfaces/msg/detail
[5.483s] -- Up-to-date: /home/robot/app/robot_ws/install/builtin_interfaces/include/builtin_interfaces/builtin_interfaces/msg/detail/dds_fastrtps
[5.484s] -- Up-to-date: /home/robot/app/robot_ws/install/builtin_interfaces/include/builtin_interfaces/builtin_interfaces/msg/detail/duration__rosidl_typesupport_fastrtps_cpp.hpp
[5.484s] -- Up-to-date: /home/robot/app/robot_ws/install/builtin_interfaces/include/builtin_interfaces/builtin_interfaces/msg/detail/time__rosidl_typesupport_fastrtps_cpp.hpp
[5.484s] -- Up-to-date: /home/robot/app/robot_ws/install/builtin_interfaces/lib/libbuiltin_interfaces__rosidl_typesupport_fastrtps_cpp.so
[5.484s] -- Up-to-date: /home/robot/app/robot_ws/install/builtin_interfaces/include/builtin_interfaces/builtin_interfaces
[5.485s] -- Up-to-date: /home/robot/app/robot_ws/install/builtin_interfaces/include/builtin_interfaces/builtin_interfaces/msg
[5.485s] -- Up-to-date: /home/robot/app/robot_ws/install/builtin_interfaces/include/builtin_interfaces/builtin_interfaces/msg/detail
[5.485s] -- Up-to-date: /home/robot/app/robot_ws/install/builtin_interfaces/include/builtin_interfaces/builtin_interfaces/msg/detail/time__type_support.cpp
[5.485s] -- Up-to-date: /home/robot/app/robot_ws/install/builtin_interfaces/include/builtin_interfaces/builtin_interfaces/msg/detail/duration__type_support.cpp
[5.491s] -- Up-to-date: /home/robot/app/robot_ws/install/builtin_interfaces/include/builtin_interfaces/builtin_interfaces/msg/detail/duration__rosidl_typesupport_introspection_cpp.hpp
[5.491s] -- Up-to-date: /home/robot/app/robot_ws/install/builtin_interfaces/include/builtin_interfaces/builtin_interfaces/msg/detail/time__rosidl_typesupport_introspection_cpp.hpp
[5.492s] -- Up-to-date: /home/robot/app/robot_ws/install/builtin_interfaces/lib/libbuiltin_interfaces__rosidl_typesupport_introspection_cpp.so
[5.492s] -- Up-to-date: /home/robot/app/robot_ws/install/builtin_interfaces/lib/libbuiltin_interfaces__rosidl_typesupport_cpp.so
[5.492s] -- Up-to-date: /home/robot/app/robot_ws/install/builtin_interfaces/share/builtin_interfaces/environment/pythonpath.sh
[5.492s] -- Up-to-date: /home/robot/app/robot_ws/install/builtin_interfaces/share/builtin_interfaces/environment/pythonpath.dsv
[5.492s] -- Up-to-date: /home/robot/app/robot_ws/install/builtin_interfaces/local/lib/python3.10/dist-packages/builtin_interfaces-1.2.1-py3.10.egg-info
[5.492s] -- Installing: /home/robot/app/robot_ws/install/builtin_interfaces/local/lib/python3.10/dist-packages/builtin_interfaces-1.2.1-py3.10.egg-info/dependency_links.txt
[5.493s] -- Installing: /home/robot/app/robot_ws/install/builtin_interfaces/local/lib/python3.10/dist-packages/builtin_interfaces-1.2.1-py3.10.egg-info/PKG-INFO
[5.493s] -- Installing: /home/robot/app/robot_ws/install/builtin_interfaces/local/lib/python3.10/dist-packages/builtin_interfaces-1.2.1-py3.10.egg-info/SOURCES.txt
[5.493s] -- Installing: /home/robot/app/robot_ws/install/builtin_interfaces/local/lib/python3.10/dist-packages/builtin_interfaces-1.2.1-py3.10.egg-info/top_level.txt
[5.493s] -- Up-to-date: /home/robot/app/robot_ws/install/builtin_interfaces/local/lib/python3.10/dist-packages/builtin_interfaces
[5.498s] -- Up-to-date: /home/robot/app/robot_ws/install/builtin_interfaces/local/lib/python3.10/dist-packages/builtin_interfaces/__init__.py
[5.498s] -- Up-to-date: /home/robot/app/robot_ws/install/builtin_interfaces/local/lib/python3.10/dist-packages/builtin_interfaces/libbuiltin_interfaces__rosidl_generator_py.so
[5.498s] -- Up-to-date: /home/robot/app/robot_ws/install/builtin_interfaces/local/lib/python3.10/dist-packages/builtin_interfaces/builtin_interfaces_s__rosidl_typesupport_introspection_c.cpython-310-x86_64-linux-gnu.so
[5.503s] -- Up-to-date: /home/robot/app/robot_ws/install/builtin_interfaces/local/lib/python3.10/dist-packages/builtin_interfaces/_builtin_interfaces_s.ep.rosidl_typesupport_microxrcedds_c.c
[5.505s] -- Up-to-date: /home/robot/app/robot_ws/install/builtin_interfaces/local/lib/python3.10/dist-packages/builtin_interfaces/builtin_interfaces_s__rosidl_typesupport_c.cpython-310-x86_64-linux-gnu.so
[5.506s] -- Up-to-date: /home/robot/app/robot_ws/install/builtin_interfaces/local/lib/python3.10/dist-packages/builtin_interfaces/_builtin_interfaces_s.ep.rosidl_typesupport_fastrtps_c.c
[5.506s] -- Up-to-date: /home/robot/app/robot_ws/install/builtin_interfaces/local/lib/python3.10/dist-packages/builtin_interfaces/builtin_interfaces_s__rosidl_typesupport_microxrcedds_c.cpython-310-x86_64-linux-gnu.so
[5.506s] -- Up-to-date: /home/robot/app/robot_ws/install/builtin_interfaces/local/lib/python3.10/dist-packages/builtin_interfaces/builtin_interfaces_s__rosidl_typesupport_fastrtps_c.cpython-310-x86_64-linux-gnu.so
[5.506s] -- Up-to-date: /home/robot/app/robot_ws/install/builtin_interfaces/local/lib/python3.10/dist-packages/builtin_interfaces/_builtin_interfaces_s.ep.rosidl_typesupport_introspection_c.c
[5.506s] -- Up-to-date: /home/robot/app/robot_ws/install/builtin_interfaces/local/lib/python3.10/dist-packages/builtin_interfaces/_builtin_interfaces_s.ep.rosidl_typesupport_c.c
[5.507s] -- Up-to-date: /home/robot/app/robot_ws/install/builtin_interfaces/local/lib/python3.10/dist-packages/builtin_interfaces/msg
[5.507s] -- Up-to-date: /home/robot/app/robot_ws/install/builtin_interfaces/local/lib/python3.10/dist-packages/builtin_interfaces/msg/__init__.py
[5.507s] -- Up-to-date: /home/robot/app/robot_ws/install/builtin_interfaces/local/lib/python3.10/dist-packages/builtin_interfaces/msg/_time_s.c
[5.507s] -- Up-to-date: /home/robot/app/robot_ws/install/builtin_interfaces/local/lib/python3.10/dist-packages/builtin_interfaces/msg/_duration_s.c
[5.507s] -- Up-to-date: /home/robot/app/robot_ws/install/builtin_interfaces/local/lib/python3.10/dist-packages/builtin_interfaces/msg/_time.py
[5.508s] -- Up-to-date: /home/robot/app/robot_ws/install/builtin_interfaces/local/lib/python3.10/dist-packages/builtin_interfaces/msg/_duration.py
[5.694s] Listing '/home/robot/app/robot_ws/install/builtin_interfaces/local/lib/python3.10/dist-packages/builtin_interfaces'...
[5.694s] Listing '/home/robot/app/robot_ws/install/builtin_interfaces/local/lib/python3.10/dist-packages/builtin_interfaces/msg'...
[5.707s] -- Up-to-date: /home/robot/app/robot_ws/install/builtin_interfaces/local/lib/python3.10/dist-packages/builtin_interfaces/builtin_interfaces_s__rosidl_typesupport_microxrcedds_c.cpython-310-x86_64-linux-gnu.so
[5.714s] -- Up-to-date: /home/robot/app/robot_ws/install/builtin_interfaces/local/lib/python3.10/dist-packages/builtin_interfaces/builtin_interfaces_s__rosidl_typesupport_fastrtps_c.cpython-310-x86_64-linux-gnu.so
[5.718s] -- Up-to-date: /home/robot/app/robot_ws/install/builtin_interfaces/local/lib/python3.10/dist-packages/builtin_interfaces/builtin_interfaces_s__rosidl_typesupport_introspection_c.cpython-310-x86_64-linux-gnu.so
[5.723s] -- Up-to-date: /home/robot/app/robot_ws/install/builtin_interfaces/local/lib/python3.10/dist-packages/builtin_interfaces/builtin_interfaces_s__rosidl_typesupport_c.cpython-310-x86_64-linux-gnu.so
[5.725s] -- Up-to-date: /home/robot/app/robot_ws/install/builtin_interfaces/lib/libbuiltin_interfaces__rosidl_generator_py.so
[5.725s] -- Up-to-date: /home/robot/app/robot_ws/install/builtin_interfaces/share/builtin_interfaces/msg/Duration.idl
[5.726s] -- Up-to-date: /home/robot/app/robot_ws/install/builtin_interfaces/share/builtin_interfaces/msg/Time.idl
[5.728s] -- Up-to-date: /home/robot/app/robot_ws/install/builtin_interfaces/share/builtin_interfaces/msg/Duration.msg
[5.728s] -- Up-to-date: /home/robot/app/robot_ws/install/builtin_interfaces/share/builtin_interfaces/msg/Time.msg
[5.728s] -- Up-to-date: /home/robot/app/robot_ws/install/builtin_interfaces/share/ament_index/resource_index/package_run_dependencies/builtin_interfaces
[5.728s] -- Up-to-date: /home/robot/app/robot_ws/install/builtin_interfaces/share/ament_index/resource_index/parent_prefix_path/builtin_interfaces
[5.729s] -- Up-to-date: /home/robot/app/robot_ws/install/builtin_interfaces/share/builtin_interfaces/environment/ament_prefix_path.sh
[5.730s] -- Up-to-date: /home/robot/app/robot_ws/install/builtin_interfaces/share/builtin_interfaces/environment/ament_prefix_path.dsv
[5.730s] -- Up-to-date: /home/robot/app/robot_ws/install/builtin_interfaces/share/builtin_interfaces/environment/path.sh
[5.731s] -- Up-to-date: /home/robot/app/robot_ws/install/builtin_interfaces/share/builtin_interfaces/environment/path.dsv
[5.731s] -- Up-to-date: /home/robot/app/robot_ws/install/builtin_interfaces/share/builtin_interfaces/local_setup.bash
[5.738s] -- Up-to-date: /home/robot/app/robot_ws/install/builtin_interfaces/share/builtin_interfaces/local_setup.sh
[5.738s] -- Up-to-date: /home/robot/app/robot_ws/install/builtin_interfaces/share/builtin_interfaces/local_setup.zsh
[5.738s] -- Up-to-date: /home/robot/app/robot_ws/install/builtin_interfaces/share/builtin_interfaces/local_setup.dsv
[5.740s] -- Installing: /home/robot/app/robot_ws/install/builtin_interfaces/share/builtin_interfaces/package.dsv
[5.740s] -- Up-to-date: /home/robot/app/robot_ws/install/builtin_interfaces/share/ament_index/resource_index/packages/builtin_interfaces
[5.741s] -- Up-to-date: /home/robot/app/robot_ws/install/builtin_interfaces/share/builtin_interfaces/cmake/export_builtin_interfaces__rosidl_generator_cExport.cmake
[5.741s] -- Up-to-date: /home/robot/app/robot_ws/install/builtin_interfaces/share/builtin_interfaces/cmake/export_builtin_interfaces__rosidl_generator_cExport-noconfig.cmake
[5.741s] -- Up-to-date: /home/robot/app/robot_ws/install/builtin_interfaces/share/builtin_interfaces/cmake/export_builtin_interfaces__rosidl_typesupport_fastrtps_cExport.cmake
[5.741s] -- Up-to-date: /home/robot/app/robot_ws/install/builtin_interfaces/share/builtin_interfaces/cmake/export_builtin_interfaces__rosidl_typesupport_fastrtps_cExport-noconfig.cmake
[5.742s] -- Up-to-date: /home/robot/app/robot_ws/install/builtin_interfaces/share/builtin_interfaces/cmake/builtin_interfaces__rosidl_typesupport_introspection_cExport.cmake
[5.742s] -- Up-to-date: /home/robot/app/robot_ws/install/builtin_interfaces/share/builtin_interfaces/cmake/builtin_interfaces__rosidl_typesupport_introspection_cExport-noconfig.cmake
[5.742s] -- Up-to-date: /home/robot/app/robot_ws/install/builtin_interfaces/share/builtin_interfaces/cmake/builtin_interfaces__rosidl_typesupport_cExport.cmake
[5.742s] -- Up-to-date: /home/robot/app/robot_ws/install/builtin_interfaces/share/builtin_interfaces/cmake/builtin_interfaces__rosidl_typesupport_cExport-noconfig.cmake
[5.749s] -- Up-to-date: /home/robot/app/robot_ws/install/builtin_interfaces/share/builtin_interfaces/cmake/export_builtin_interfaces__rosidl_generator_cppExport.cmake
[5.750s] -- Up-to-date: /home/robot/app/robot_ws/install/builtin_interfaces/share/builtin_interfaces/cmake/export_builtin_interfaces__rosidl_typesupport_fastrtps_cppExport.cmake
[5.751s] -- Up-to-date: /home/robot/app/robot_ws/install/builtin_interfaces/share/builtin_interfaces/cmake/export_builtin_interfaces__rosidl_typesupport_fastrtps_cppExport-noconfig.cmake
[5.756s] -- Up-to-date: /home/robot/app/robot_ws/install/builtin_interfaces/share/builtin_interfaces/cmake/builtin_interfaces__rosidl_typesupport_introspection_cppExport.cmake
[5.756s] -- Up-to-date: /home/robot/app/robot_ws/install/builtin_interfaces/share/builtin_interfaces/cmake/builtin_interfaces__rosidl_typesupport_introspection_cppExport-noconfig.cmake
[5.756s] -- Up-to-date: /home/robot/app/robot_ws/install/builtin_interfaces/share/builtin_interfaces/cmake/builtin_interfaces__rosidl_typesupport_cppExport.cmake
[5.756s] -- Up-to-date: /home/robot/app/robot_ws/install/builtin_interfaces/share/builtin_interfaces/cmake/builtin_interfaces__rosidl_typesupport_cppExport-noconfig.cmake
[5.757s] -- Up-to-date: /home/robot/app/robot_ws/install/builtin_interfaces/share/builtin_interfaces/cmake/export_builtin_interfaces__rosidl_generator_pyExport.cmake
[5.757s] -- Up-to-date: /home/robot/app/robot_ws/install/builtin_interfaces/share/builtin_interfaces/cmake/export_builtin_interfaces__rosidl_generator_pyExport-noconfig.cmake
[5.757s] -- Up-to-date: /home/robot/app/robot_ws/install/builtin_interfaces/share/builtin_interfaces/cmake/rosidl_cmake-extras.cmake
[5.757s] -- Up-to-date: /home/robot/app/robot_ws/install/builtin_interfaces/share/builtin_interfaces/cmake/ament_cmake_export_include_directories-extras.cmake
[5.766s] -- Up-to-date: /home/robot/app/robot_ws/install/builtin_interfaces/share/builtin_interfaces/cmake/ament_cmake_export_libraries-extras.cmake
[5.766s] -- Up-to-date: /home/robot/app/robot_ws/install/builtin_interfaces/share/builtin_interfaces/cmake/ament_cmake_export_targets-extras.cmake
[5.767s] -- Up-to-date: /home/robot/app/robot_ws/install/builtin_interfaces/share/builtin_interfaces/cmake/rosidl_cmake_export_typesupport_targets-extras.cmake
[5.767s] -- Up-to-date: /home/robot/app/robot_ws/install/builtin_interfaces/share/builtin_interfaces/cmake/ament_cmake_export_dependencies-extras.cmake
[5.767s] -- Up-to-date: /home/robot/app/robot_ws/install/builtin_interfaces/share/builtin_interfaces/cmake/rosidl_cmake_export_typesupport_libraries-extras.cmake
[5.767s] -- Up-to-date: /home/robot/app/robot_ws/install/builtin_interfaces/share/builtin_interfaces/cmake/builtin_interfacesConfig.cmake
[5.772s] -- Up-to-date: /home/robot/app/robot_ws/install/builtin_interfaces/share/builtin_interfaces/cmake/builtin_interfacesConfig-version.cmake
[5.772s] -- Up-to-date: /home/robot/app/robot_ws/install/builtin_interfaces/share/builtin_interfaces/package.xml
[5.772s] Invoked command in '/home/robot/app/robot_ws/build/builtin_interfaces' returned '0': CMAKE_PREFIX_PATH=${CMAKE_PREFIX_PATH}:/home/robot/app/robot_ws/install/sensor_msgs_py:/opt/ros/humble /usr/bin/cmake --install /home/robot/app/robot_ws/build/builtin_interfaces
