-- Found ament_cmake: 1.3.10 (/opt/ros/humble/share/ament_cmake/cmake)
-- Configuring done
-- Generating done
-- Build files have been written to: /home/robot/app/robot_ws/build/micro_ros_demos_rclc
[  1%] [34m[1mPerforming build step for 'graph_visualizer'[0m
[100%] Built target graph_visualizer
[  1%] [34m[1mPerforming install step for 'graph_visualizer'[0m
[100%] Built target graph_visualizer
[36mInstall the project...[0m
-- Install configuration: ""
-- Up-to-date: /home/robot/app/robot_ws/build/micro_ros_demos_rclc/temp_install/graph_visualizer/graph_visualizer
[  1%] [34m[1mCompleted 'graph_visualizer'[0m
[  4%] Built target graph_visualizer
[  4%] [34m[1mPerforming build step for 'addtwoints_server'[0m
[100%] Built target addtwoints_server
[  5%] [34m[1mPerforming install step for 'addtwoints_server'[0m
[100%] Built target addtwoints_server
[36mInstall the project...[0m
-- Install configuration: ""
-- Up-to-date: /home/robot/app/robot_ws/build/micro_ros_demos_rclc/temp_install/addtwoints_server/addtwoints_server
[  6%] [34m[1mCompleted 'addtwoints_server'[0m
[  8%] Built target addtwoints_server
[  8%] [34m[1mPerforming build step for 'addtwoints_client'[0m
[100%] Built target addtwoints_client
[  9%] [34m[1mPerforming install step for 'addtwoints_client'[0m
[100%] Built target addtwoints_client
[36mInstall the project...[0m
-- Install configuration: ""
-- Up-to-date: /home/robot/app/robot_ws/build/micro_ros_demos_rclc/temp_install/addtwoints_client/addtwoints_client
[  9%] [34m[1mCompleted 'addtwoints_client'[0m
[ 11%] Built target addtwoints_client
[ 12%] [34m[1mPerforming build step for 'fibonacci_action_server'[0m
[100%] Built target fibonacci_action_server
[ 12%] [34m[1mPerforming install step for 'fibonacci_action_server'[0m
[100%] Built target fibonacci_action_server
[36mInstall the project...[0m
-- Install configuration: ""
-- Up-to-date: /home/robot/app/robot_ws/build/micro_ros_demos_rclc/temp_install/fibonacci_action_server/fibonacci_action_server
[ 12%] [34m[1mCompleted 'fibonacci_action_server'[0m
[ 15%] Built target fibonacci_action_server
[ 15%] [34m[1mPerforming build step for 'fibonacci_action_client'[0m
[100%] Built target fibonacci_action_client
[ 15%] [34m[1mPerforming install step for 'fibonacci_action_client'[0m
[100%] Built target fibonacci_action_client
[36mInstall the project...[0m
-- Install configuration: ""
-- Up-to-date: /home/robot/app/robot_ws/build/micro_ros_demos_rclc/temp_install/fibonacci_action_client/fibonacci_action_client
[ 16%] [34m[1mCompleted 'fibonacci_action_client'[0m
[ 19%] Built target fibonacci_action_client
[ 20%] [34m[1mPerforming build step for 'int32_multinode'[0m
[100%] Built target int32_multinode
[ 20%] [34m[1mPerforming install step for 'int32_multinode'[0m
[100%] Built target int32_multinode
[36mInstall the project...[0m
-- Install configuration: ""
-- Up-to-date: /home/robot/app/robot_ws/build/micro_ros_demos_rclc/temp_install/int32_multinode/int32_multinode
[ 20%] [34m[1mCompleted 'int32_multinode'[0m
[ 22%] Built target int32_multinode
[ 22%] [34m[1mPerforming build step for 'int32_publisher_subscriber'[0m
[100%] Built target int32_publisher_subscriber
[ 22%] [34m[1mPerforming install step for 'int32_publisher_subscriber'[0m
[100%] Built target int32_publisher_subscriber
[36mInstall the project...[0m
-- Install configuration: ""
-- Up-to-date: /home/robot/app/robot_ws/build/micro_ros_demos_rclc/temp_install/int32_publisher_subscriber/int32_publisher_subscriber
[ 23%] [34m[1mCompleted 'int32_publisher_subscriber'[0m
[ 26%] Built target int32_publisher_subscriber
[ 27%] [34m[1mPerforming build step for 'ping_pong'[0m
[100%] Built target ping_pong
[ 27%] [34m[1mPerforming install step for 'ping_pong'[0m
[100%] Built target ping_pong
[36mInstall the project...[0m
-- Install configuration: ""
-- Up-to-date: /home/robot/app/robot_ws/build/micro_ros_demos_rclc/temp_install/ping_pong/ping_pong
[ 27%] [34m[1mCompleted 'ping_pong'[0m
[ 30%] Built target ping_pong
[ 31%] [34m[1mPerforming build step for 'ping_uros_agent'[0m
[100%] Built target ping_uros_agent
[ 32%] [34m[1mPerforming install step for 'ping_uros_agent'[0m
[100%] Built target ping_uros_agent
[36mInstall the project...[0m
-- Install configuration: ""
-- Up-to-date: /home/robot/app/robot_ws/build/micro_ros_demos_rclc/temp_install/ping_uros_agent/ping_uros_agent
[ 32%] [34m[1mCompleted 'ping_uros_agent'[0m
[ 33%] Built target ping_uros_agent
[ 33%] [34m[1mPerforming build step for 'fragmented_publication'[0m
[100%] Built target fragmented_publication
[ 34%] [34m[1mPerforming install step for 'fragmented_publication'[0m
[100%] Built target fragmented_publication
[36mInstall the project...[0m
-- Install configuration: ""
-- Up-to-date: /home/robot/app/robot_ws/build/micro_ros_demos_rclc/temp_install/fragmented_publication/fragmented_publication
[ 34%] [34m[1mCompleted 'fragmented_publication'[0m
[ 36%] Built target fragmented_publication
[ 36%] [34m[1mPerforming build step for 'fragmented_subscription'[0m
[100%] Built target fragmented_subscription
[ 37%] [34m[1mPerforming install step for 'fragmented_subscription'[0m
[100%] Built target fragmented_subscription
[36mInstall the project...[0m
-- Install configuration: ""
-- Up-to-date: /home/robot/app/robot_ws/build/micro_ros_demos_rclc/temp_install/fragmented_subscription/fragmented_subscription
[ 38%] [34m[1mCompleted 'fragmented_subscription'[0m
[ 40%] Built target fragmented_subscription
[ 41%] [34m[1mPerforming build step for 'complex_msg_publisher'[0m
[100%] Built target complex_msg_publisher
[ 42%] [34m[1mPerforming install step for 'complex_msg_publisher'[0m
[100%] Built target complex_msg_publisher
[36mInstall the project...[0m
-- Install configuration: ""
-- Up-to-date: /home/robot/app/robot_ws/build/micro_ros_demos_rclc/temp_install/complex_msg_publisher/complex_msg_publisher
[ 42%] [34m[1mCompleted 'complex_msg_publisher'[0m
[ 43%] Built target complex_msg_publisher
[ 43%] [34m[1mPerforming build step for 'complex_msg_subscriber'[0m
[100%] Built target complex_msg_subscriber
[ 44%] [34m[1mPerforming install step for 'complex_msg_subscriber'[0m
[100%] Built target complex_msg_subscriber
[36mInstall the project...[0m
-- Install configuration: ""
-- Up-to-date: /home/robot/app/robot_ws/build/micro_ros_demos_rclc/temp_install/complex_msg_subscriber/complex_msg_subscriber
[ 45%] [34m[1mCompleted 'complex_msg_subscriber'[0m
[ 47%] Built target complex_msg_subscriber
[ 48%] [34m[1mPerforming build step for 'timer'[0m
[100%] Built target timer
[ 48%] [34m[1mPerforming install step for 'timer'[0m
[100%] Built target timer
[36mInstall the project...[0m
-- Install configuration: ""
-- Up-to-date: /home/robot/app/robot_ws/build/micro_ros_demos_rclc/temp_install/timer/timer
[ 48%] [34m[1mCompleted 'timer'[0m
[ 51%] Built target timer
[ 52%] [34m[1mPerforming build step for 'string_publisher'[0m
[100%] Built target string_publisher
[ 52%] [34m[1mPerforming install step for 'string_publisher'[0m
[100%] Built target string_publisher
[36mInstall the project...[0m
-- Install configuration: ""
-- Up-to-date: /home/robot/app/robot_ws/build/micro_ros_demos_rclc/temp_install/string_publisher/string_publisher
[ 52%] [34m[1mCompleted 'string_publisher'[0m
[ 54%] Built target string_publisher
[ 54%] [34m[1mPerforming build step for 'string_subscriber'[0m
[100%] Built target string_subscriber
[ 55%] [34m[1mPerforming install step for 'string_subscriber'[0m
[100%] Built target string_subscriber
[36mInstall the project...[0m
-- Install configuration: ""
-- Up-to-date: /home/robot/app/robot_ws/build/micro_ros_demos_rclc/temp_install/string_subscriber/string_subscriber
[ 56%] [34m[1mCompleted 'string_subscriber'[0m
[ 58%] Built target string_subscriber
[ 59%] [34m[1mPerforming build step for 'autodiscover_agent'[0m
[100%] Built target autodiscover_agent
[ 59%] [34m[1mPerforming install step for 'autodiscover_agent'[0m
[100%] Built target autodiscover_agent
[36mInstall the project...[0m
-- Install configuration: ""
-- Up-to-date: /home/robot/app/robot_ws/build/micro_ros_demos_rclc/temp_install/autodiscover_agent/autodiscover_agent
[ 59%] [34m[1mCompleted 'autodiscover_agent'[0m
[ 62%] Built target autodiscover_agent
[ 63%] [34m[1mPerforming build step for 'static_type_handling'[0m
[100%] Built target static_type_handling
[ 63%] [34m[1mPerforming install step for 'static_type_handling'[0m
[100%] Built target static_type_handling
[36mInstall the project...[0m
-- Install configuration: ""
-- Up-to-date: /home/robot/app/robot_ws/build/micro_ros_demos_rclc/temp_install/static_type_handling/static_type_handling
[ 63%] [34m[1mCompleted 'static_type_handling'[0m
[ 66%] Built target static_type_handling
[ 66%] [34m[1mPerforming build step for 'epoch_synchronization'[0m
[100%] Built target epoch_synchronization
[ 67%] [34m[1mPerforming install step for 'epoch_synchronization'[0m
[100%] Built target epoch_synchronization
[36mInstall the project...[0m
-- Install configuration: ""
-- Up-to-date: /home/robot/app/robot_ws/build/micro_ros_demos_rclc/temp_install/epoch_synchronization/epoch_synchronization
[ 68%] [34m[1mCompleted 'epoch_synchronization'[0m
[ 70%] Built target epoch_synchronization
[ 70%] [34m[1mPerforming build step for 'parameter_server'[0m
[100%] Built target parameter_server
[ 70%] [34m[1mPerforming install step for 'parameter_server'[0m
[100%] Built target parameter_server
[36mInstall the project...[0m
-- Install configuration: ""
-- Up-to-date: /home/robot/app/robot_ws/build/micro_ros_demos_rclc/temp_install/parameter_server/parameter_server
[ 71%] [34m[1mCompleted 'parameter_server'[0m
[ 74%] Built target parameter_server
[ 74%] [34m[1mPerforming build step for 'multithread_publisher_subscriber'[0m
[100%] Built target multithread_publisher_subscriber
[ 75%] [34m[1mPerforming install step for 'multithread_publisher_subscriber'[0m
[100%] Built target multithread_publisher_subscriber
[36mInstall the project...[0m
-- Install configuration: ""
-- Up-to-date: /home/robot/app/robot_ws/build/micro_ros_demos_rclc/temp_install/multithread_publisher_subscriber/multithread_publisher_subscriber
[ 76%] [34m[1mCompleted 'multithread_publisher_subscriber'[0m
[ 78%] Built target multithread_publisher_subscriber
[ 79%] [34m[1mPerforming build step for 'configured_subscriber'[0m
[100%] Built target configured_subscriber
[ 79%] [34m[1mPerforming install step for 'configured_subscriber'[0m
[100%] Built target configured_subscriber
[36mInstall the project...[0m
-- Install configuration: ""
-- Up-to-date: /home/robot/app/robot_ws/build/micro_ros_demos_rclc/temp_install/configured_subscriber/configured_subscriber
[ 79%] [34m[1mCompleted 'configured_subscriber'[0m
[ 81%] Built target configured_subscriber
[ 82%] [34m[1mPerforming build step for 'configured_publisher'[0m
[100%] Built target configured_publisher
[ 82%] [34m[1mPerforming install step for 'configured_publisher'[0m
[100%] Built target configured_publisher
[36mInstall the project...[0m
-- Install configuration: ""
-- Up-to-date: /home/robot/app/robot_ws/build/micro_ros_demos_rclc/temp_install/configured_publisher/configured_publisher
[ 82%] [34m[1mCompleted 'configured_publisher'[0m
[ 85%] Built target configured_publisher
[ 86%] [34m[1mPerforming build step for 'int32_subscriber'[0m
[100%] Built target int32_subscriber
[ 86%] [34m[1mPerforming install step for 'int32_subscriber'[0m
[100%] Built target int32_subscriber
[36mInstall the project...[0m
-- Install configuration: ""
-- Up-to-date: /home/robot/app/robot_ws/build/micro_ros_demos_rclc/temp_install/int32_subscriber/int32_subscriber
[ 86%] [34m[1mCompleted 'int32_subscriber'[0m
[ 88%] Built target int32_subscriber
[ 88%] [34m[1mPerforming build step for 'int32_publisher'[0m
[100%] Built target int32_publisher
[ 89%] [34m[1mPerforming install step for 'int32_publisher'[0m
[100%] Built target int32_publisher
[36mInstall the project...[0m
-- Install configuration: ""
-- Up-to-date: /home/robot/app/robot_ws/build/micro_ros_demos_rclc/temp_install/int32_publisher/int32_publisher
[ 90%] [34m[1mCompleted 'int32_publisher'[0m
[ 92%] Built target int32_publisher
[ 92%] [34m[1mPerforming build step for 'publisher_count'[0m
[100%] Built target publisher_count
[ 93%] [34m[1mPerforming install step for 'publisher_count'[0m
[100%] Built target publisher_count
[36mInstall the project...[0m
-- Install configuration: ""
-- Up-to-date: /home/robot/app/robot_ws/build/micro_ros_demos_rclc/temp_install/publisher_count/publisher_count
[ 94%] [34m[1mCompleted 'publisher_count'[0m
[ 96%] Built target publisher_count
[ 96%] [34m[1mPerforming build step for 'subscription_count'[0m
[100%] Built target subscription_count
[ 96%] [34m[1mPerforming install step for 'subscription_count'[0m
[100%] Built target subscription_count
[36mInstall the project...[0m
-- Install configuration: ""
-- Up-to-date: /home/robot/app/robot_ws/build/micro_ros_demos_rclc/temp_install/subscription_count/subscription_count
[ 97%] [34m[1mCompleted 'subscription_count'[0m
[100%] Built target subscription_count
-- Install configuration: ""
-- Up-to-date: /home/robot/app/robot_ws/install/micro_ros_demos_rclc/lib/micro_ros_demos_rclc
-- Up-to-date: /home/robot/app/robot_ws/install/micro_ros_demos_rclc/lib/micro_ros_demos_rclc/subscription_count
-- Up-to-date: /home/robot/app/robot_ws/install/micro_ros_demos_rclc/lib/micro_ros_demos_rclc/subscription_count/subscription_count
-- Up-to-date: /home/robot/app/robot_ws/install/micro_ros_demos_rclc/lib/micro_ros_demos_rclc/complex_msg_publisher
-- Up-to-date: /home/robot/app/robot_ws/install/micro_ros_demos_rclc/lib/micro_ros_demos_rclc/complex_msg_publisher/complex_msg_publisher
-- Up-to-date: /home/robot/app/robot_ws/install/micro_ros_demos_rclc/lib/micro_ros_demos_rclc/fibonacci_action_client
-- Up-to-date: /home/robot/app/robot_ws/install/micro_ros_demos_rclc/lib/micro_ros_demos_rclc/fibonacci_action_client/fibonacci_action_client
-- Up-to-date: /home/robot/app/robot_ws/install/micro_ros_demos_rclc/lib/micro_ros_demos_rclc/fragmented_subscription
-- Up-to-date: /home/robot/app/robot_ws/install/micro_ros_demos_rclc/lib/micro_ros_demos_rclc/fragmented_subscription/fragmented_subscription
-- Up-to-date: /home/robot/app/robot_ws/install/micro_ros_demos_rclc/lib/micro_ros_demos_rclc/ping_uros_agent
-- Up-to-date: /home/robot/app/robot_ws/install/micro_ros_demos_rclc/lib/micro_ros_demos_rclc/ping_uros_agent/ping_uros_agent
-- Up-to-date: /home/robot/app/robot_ws/install/micro_ros_demos_rclc/lib/micro_ros_demos_rclc/ping_pong
-- Up-to-date: /home/robot/app/robot_ws/install/micro_ros_demos_rclc/lib/micro_ros_demos_rclc/ping_pong/ping_pong
-- Up-to-date: /home/robot/app/robot_ws/install/micro_ros_demos_rclc/lib/micro_ros_demos_rclc/int32_publisher
-- Up-to-date: /home/robot/app/robot_ws/install/micro_ros_demos_rclc/lib/micro_ros_demos_rclc/int32_publisher/int32_publisher
-- Up-to-date: /home/robot/app/robot_ws/install/micro_ros_demos_rclc/lib/micro_ros_demos_rclc/string_publisher
-- Up-to-date: /home/robot/app/robot_ws/install/micro_ros_demos_rclc/lib/micro_ros_demos_rclc/string_publisher/string_publisher
-- Up-to-date: /home/robot/app/robot_ws/install/micro_ros_demos_rclc/lib/micro_ros_demos_rclc/parameter_server
-- Up-to-date: /home/robot/app/robot_ws/install/micro_ros_demos_rclc/lib/micro_ros_demos_rclc/parameter_server/parameter_server
-- Up-to-date: /home/robot/app/robot_ws/install/micro_ros_demos_rclc/lib/micro_ros_demos_rclc/int32_subscriber
-- Up-to-date: /home/robot/app/robot_ws/install/micro_ros_demos_rclc/lib/micro_ros_demos_rclc/int32_subscriber/int32_subscriber
-- Up-to-date: /home/robot/app/robot_ws/install/micro_ros_demos_rclc/lib/micro_ros_demos_rclc/static_type_handling
-- Up-to-date: /home/robot/app/robot_ws/install/micro_ros_demos_rclc/lib/micro_ros_demos_rclc/static_type_handling/static_type_handling
-- Up-to-date: /home/robot/app/robot_ws/install/micro_ros_demos_rclc/lib/micro_ros_demos_rclc/configured_publisher
-- Up-to-date: /home/robot/app/robot_ws/install/micro_ros_demos_rclc/lib/micro_ros_demos_rclc/configured_publisher/configured_publisher
-- Up-to-date: /home/robot/app/robot_ws/install/micro_ros_demos_rclc/lib/micro_ros_demos_rclc/fibonacci_action_server
-- Up-to-date: /home/robot/app/robot_ws/install/micro_ros_demos_rclc/lib/micro_ros_demos_rclc/fibonacci_action_server/fibonacci_action_server
-- Up-to-date: /home/robot/app/robot_ws/install/micro_ros_demos_rclc/lib/micro_ros_demos_rclc/complex_msg_subscriber
-- Up-to-date: /home/robot/app/robot_ws/install/micro_ros_demos_rclc/lib/micro_ros_demos_rclc/complex_msg_subscriber/complex_msg_subscriber
-- Up-to-date: /home/robot/app/robot_ws/install/micro_ros_demos_rclc/lib/micro_ros_demos_rclc/addtwoints_client
-- Up-to-date: /home/robot/app/robot_ws/install/micro_ros_demos_rclc/lib/micro_ros_demos_rclc/addtwoints_client/addtwoints_client
-- Up-to-date: /home/robot/app/robot_ws/install/micro_ros_demos_rclc/lib/micro_ros_demos_rclc/configured_subscriber
-- Up-to-date: /home/robot/app/robot_ws/install/micro_ros_demos_rclc/lib/micro_ros_demos_rclc/configured_subscriber/configured_subscriber
-- Up-to-date: /home/robot/app/robot_ws/install/micro_ros_demos_rclc/lib/micro_ros_demos_rclc/int32_publisher_subscriber
-- Up-to-date: /home/robot/app/robot_ws/install/micro_ros_demos_rclc/lib/micro_ros_demos_rclc/int32_publisher_subscriber/int32_publisher_subscriber
-- Up-to-date: /home/robot/app/robot_ws/install/micro_ros_demos_rclc/lib/micro_ros_demos_rclc/publisher_count
-- Up-to-date: /home/robot/app/robot_ws/install/micro_ros_demos_rclc/lib/micro_ros_demos_rclc/publisher_count/publisher_count
-- Up-to-date: /home/robot/app/robot_ws/install/micro_ros_demos_rclc/lib/micro_ros_demos_rclc/addtwoints_server
-- Up-to-date: /home/robot/app/robot_ws/install/micro_ros_demos_rclc/lib/micro_ros_demos_rclc/addtwoints_server/addtwoints_server
-- Up-to-date: /home/robot/app/robot_ws/install/micro_ros_demos_rclc/lib/micro_ros_demos_rclc/fragmented_publication
-- Up-to-date: /home/robot/app/robot_ws/install/micro_ros_demos_rclc/lib/micro_ros_demos_rclc/fragmented_publication/fragmented_publication
-- Up-to-date: /home/robot/app/robot_ws/install/micro_ros_demos_rclc/lib/micro_ros_demos_rclc/multithread_publisher_subscriber
-- Up-to-date: /home/robot/app/robot_ws/install/micro_ros_demos_rclc/lib/micro_ros_demos_rclc/multithread_publisher_subscriber/multithread_publisher_subscriber
-- Up-to-date: /home/robot/app/robot_ws/install/micro_ros_demos_rclc/lib/micro_ros_demos_rclc/string_subscriber
-- Up-to-date: /home/robot/app/robot_ws/install/micro_ros_demos_rclc/lib/micro_ros_demos_rclc/string_subscriber/string_subscriber
-- Up-to-date: /home/robot/app/robot_ws/install/micro_ros_demos_rclc/lib/micro_ros_demos_rclc/graph_visualizer
-- Up-to-date: /home/robot/app/robot_ws/install/micro_ros_demos_rclc/lib/micro_ros_demos_rclc/graph_visualizer/graph_visualizer
-- Up-to-date: /home/robot/app/robot_ws/install/micro_ros_demos_rclc/lib/micro_ros_demos_rclc/timer
-- Up-to-date: /home/robot/app/robot_ws/install/micro_ros_demos_rclc/lib/micro_ros_demos_rclc/timer/timer
-- Up-to-date: /home/robot/app/robot_ws/install/micro_ros_demos_rclc/lib/micro_ros_demos_rclc/epoch_synchronization
-- Up-to-date: /home/robot/app/robot_ws/install/micro_ros_demos_rclc/lib/micro_ros_demos_rclc/epoch_synchronization/epoch_synchronization
-- Up-to-date: /home/robot/app/robot_ws/install/micro_ros_demos_rclc/lib/micro_ros_demos_rclc/autodiscover_agent
-- Up-to-date: /home/robot/app/robot_ws/install/micro_ros_demos_rclc/lib/micro_ros_demos_rclc/autodiscover_agent/autodiscover_agent
-- Up-to-date: /home/robot/app/robot_ws/install/micro_ros_demos_rclc/lib/micro_ros_demos_rclc/int32_multinode
-- Up-to-date: /home/robot/app/robot_ws/install/micro_ros_demos_rclc/lib/micro_ros_demos_rclc/int32_multinode/int32_multinode
-- Up-to-date: /home/robot/app/robot_ws/install/micro_ros_demos_rclc/share/ament_index/resource_index/package_run_dependencies/micro_ros_demos_rclc
-- Up-to-date: /home/robot/app/robot_ws/install/micro_ros_demos_rclc/share/ament_index/resource_index/parent_prefix_path/micro_ros_demos_rclc
-- Up-to-date: /home/robot/app/robot_ws/install/micro_ros_demos_rclc/share/micro_ros_demos_rclc/environment/ament_prefix_path.sh
-- Installing: /home/robot/app/robot_ws/install/micro_ros_demos_rclc/share/micro_ros_demos_rclc/environment/ament_prefix_path.dsv
-- Up-to-date: /home/robot/app/robot_ws/install/micro_ros_demos_rclc/share/micro_ros_demos_rclc/environment/path.sh
-- Installing: /home/robot/app/robot_ws/install/micro_ros_demos_rclc/share/micro_ros_demos_rclc/environment/path.dsv
-- Up-to-date: /home/robot/app/robot_ws/install/micro_ros_demos_rclc/share/micro_ros_demos_rclc/local_setup.bash
-- Up-to-date: /home/robot/app/robot_ws/install/micro_ros_demos_rclc/share/micro_ros_demos_rclc/local_setup.sh
-- Up-to-date: /home/robot/app/robot_ws/install/micro_ros_demos_rclc/share/micro_ros_demos_rclc/local_setup.zsh
-- Installing: /home/robot/app/robot_ws/install/micro_ros_demos_rclc/share/micro_ros_demos_rclc/local_setup.dsv
-- Installing: /home/robot/app/robot_ws/install/micro_ros_demos_rclc/share/micro_ros_demos_rclc/package.dsv
-- Up-to-date: /home/robot/app/robot_ws/install/micro_ros_demos_rclc/share/ament_index/resource_index/packages/micro_ros_demos_rclc
-- Up-to-date: /home/robot/app/robot_ws/install/micro_ros_demos_rclc/share/micro_ros_demos_rclc/cmake/micro_ros_demos_rclcConfig.cmake
-- Up-to-date: /home/robot/app/robot_ws/install/micro_ros_demos_rclc/share/micro_ros_demos_rclc/cmake/micro_ros_demos_rclcConfig-version.cmake
-- Up-to-date: /home/robot/app/robot_ws/install/micro_ros_demos_rclc/share/micro_ros_demos_rclc/package.xml
