[0.165s] Invoking command in '/home/robot/app/robot_ws/build/micro_ros_demos_rclc': CMAKE_PREFIX_PATH=/home/robot/app/robot_ws/install/visualization_msgs:/home/robot/app/robot_ws/install/rclc_parameter:/home/robot/app/robot_ws/install/sensor_msgs:/home/robot/app/robot_ws/install/rmw_microxrcedds:/home/robot/app/robot_ws/install/rclc:/home/robot/app/robot_ws/install/test_msgs:/home/robot/app/robot_ws/install/rosidl_typesupport_microxrcedds_cpp:/home/robot/app/robot_ws/install/geometry_msgs:/home/robot/app/robot_ws/install/example_interfaces:/home/robot/app/robot_ws/install/std_msgs:/home/robot/app/robot_ws/install/rosidl_typesupport_microxrcedds_c:/home/robot/app/robot_ws/install/rcl_interfaces:/home/robot/app/robot_ws/install/microxrcedds_client:/home/robot/app/robot_ws/install/complex_msgs:/home/robot/app/robot_ws/install/action_msgs:/home/robot/app/robot_ws/install/unique_identifier_msgs:/home/robot/app/robot_ws/install/microcdr:/home/robot/app/robot_ws/install/micro_ros_utilities:/home/robot/app/robot_ws/install/micro_ros_msgs:/home/robot/app/robot_ws/install/builtin_interfaces:/home/robot/app/robot_ws/firmware/dev_ws/install/my_custom_message:/home/robot/app/robot_ws/install/micro_ros_demos_rclc:/home/robot/app/robot_ws/install/common_interfaces:/home/robot/app/robot_ws/install/trajectory_msgs:/home/robot/app/robot_ws/install/stereo_msgs:/home/robot/app/robot_ws/install/std_srvs:/home/robot/app/robot_ws/install/shape_msgs:/home/robot/app/robot_ws/install/nav_msgs:/home/robot/app/robot_ws/install/diagnostic_msgs:/home/robot/app/robot_ws/install/actionlib_msgs:/home/robot/app/robot_ws/install/statistics_msgs:/home/robot/app/robot_ws/install/rosidl_typesupport_microxrcedds_test_msg:/home/robot/app/robot_ws/install/rosidl_typesupport_microxrcedds_cpp_tests:/home/robot/app/robot_ws/install/rosidl_typesupport_microxrcedds_c_tests:/home/robot/app/robot_ws/install/rosgraph_msgs:/home/robot/app/robot_ws/install/composition_interfaces:/home/robot/app/robot_ws/install/micro_ros_setup:/home/robot/app/robot_ws/install/micro_ros_agent:/home/robot/app/robot_ws/install/lifecycle_msgs:/home/robot/app/robot_ws/install/sensor_msgs_py:/opt/ros/humble LD_LIBRARY_PATH=/home/robot/app/robot_ws/install/visualization_msgs/lib:/home/robot/app/robot_ws/install/rclc_parameter/lib:/home/robot/app/robot_ws/install/sensor_msgs/lib:/home/robot/app/robot_ws/install/rmw_microxrcedds/lib:/home/robot/app/robot_ws/install/rclc/lib:/home/robot/app/robot_ws/install/test_msgs/lib:/home/robot/app/robot_ws/install/rosidl_typesupport_microxrcedds_cpp/lib:/home/robot/app/robot_ws/install/geometry_msgs/lib:/home/robot/app/robot_ws/install/example_interfaces/lib:/home/robot/app/robot_ws/install/std_msgs/lib:/home/robot/app/robot_ws/install/rosidl_typesupport_microxrcedds_c/lib:/home/robot/app/robot_ws/install/rcl_interfaces/lib:/home/robot/app/robot_ws/install/microxrcedds_client/lib:/home/robot/app/robot_ws/install/complex_msgs/lib:/home/robot/app/robot_ws/install/action_msgs/lib:/home/robot/app/robot_ws/install/unique_identifier_msgs/lib:/home/robot/app/robot_ws/install/microcdr/lib:/home/robot/app/robot_ws/install/micro_ros_utilities/lib:/home/robot/app/robot_ws/install/micro_ros_msgs/lib:/home/robot/app/robot_ws/install/builtin_interfaces/lib:/home/robot/app/robot_ws/firmware/dev_ws/install/my_custom_message/lib:/home/robot/app/robot_ws/install/trajectory_msgs/lib:/home/robot/app/robot_ws/install/stereo_msgs/lib:/home/robot/app/robot_ws/install/std_srvs/lib:/home/robot/app/robot_ws/install/shape_msgs/lib:/home/robot/app/robot_ws/install/nav_msgs/lib:/home/robot/app/robot_ws/install/diagnostic_msgs/lib:/home/robot/app/robot_ws/install/actionlib_msgs/lib:/home/robot/app/robot_ws/install/statistics_msgs/lib:/home/robot/app/robot_ws/install/rosgraph_msgs/lib:/home/robot/app/robot_ws/install/composition_interfaces/lib:/home/robot/app/robot_ws/install/micro_ros_agent/lib:/home/robot/app/robot_ws/install/lifecycle_msgs/lib:/opt/ros/humble/opt/rviz_ogre_vendor/lib:/opt/ros/humble/lib/x86_64-linux-gnu:/opt/ros/humble/lib /usr/bin/cmake /home/robot/app/robot_ws/src/uros/micro-ROS-demos/rclc -DCMAKE_INSTALL_PREFIX=/home/robot/app/robot_ws/install/micro_ros_demos_rclc
[0.190s] -- Found ament_cmake: 1.3.10 (/opt/ros/humble/share/ament_cmake/cmake)
[1.160s] -- Configuring done
[1.259s] -- Generating done
[1.270s] -- Build files have been written to: /home/robot/app/robot_ws/build/micro_ros_demos_rclc
[1.283s] Invoked command in '/home/robot/app/robot_ws/build/micro_ros_demos_rclc' returned '0': CMAKE_PREFIX_PATH=/home/robot/app/robot_ws/install/visualization_msgs:/home/robot/app/robot_ws/install/rclc_parameter:/home/robot/app/robot_ws/install/sensor_msgs:/home/robot/app/robot_ws/install/rmw_microxrcedds:/home/robot/app/robot_ws/install/rclc:/home/robot/app/robot_ws/install/test_msgs:/home/robot/app/robot_ws/install/rosidl_typesupport_microxrcedds_cpp:/home/robot/app/robot_ws/install/geometry_msgs:/home/robot/app/robot_ws/install/example_interfaces:/home/robot/app/robot_ws/install/std_msgs:/home/robot/app/robot_ws/install/rosidl_typesupport_microxrcedds_c:/home/robot/app/robot_ws/install/rcl_interfaces:/home/robot/app/robot_ws/install/microxrcedds_client:/home/robot/app/robot_ws/install/complex_msgs:/home/robot/app/robot_ws/install/action_msgs:/home/robot/app/robot_ws/install/unique_identifier_msgs:/home/robot/app/robot_ws/install/microcdr:/home/robot/app/robot_ws/install/micro_ros_utilities:/home/robot/app/robot_ws/install/micro_ros_msgs:/home/robot/app/robot_ws/install/builtin_interfaces:/home/robot/app/robot_ws/firmware/dev_ws/install/my_custom_message:/home/robot/app/robot_ws/install/micro_ros_demos_rclc:/home/robot/app/robot_ws/install/common_interfaces:/home/robot/app/robot_ws/install/trajectory_msgs:/home/robot/app/robot_ws/install/stereo_msgs:/home/robot/app/robot_ws/install/std_srvs:/home/robot/app/robot_ws/install/shape_msgs:/home/robot/app/robot_ws/install/nav_msgs:/home/robot/app/robot_ws/install/diagnostic_msgs:/home/robot/app/robot_ws/install/actionlib_msgs:/home/robot/app/robot_ws/install/statistics_msgs:/home/robot/app/robot_ws/install/rosidl_typesupport_microxrcedds_test_msg:/home/robot/app/robot_ws/install/rosidl_typesupport_microxrcedds_cpp_tests:/home/robot/app/robot_ws/install/rosidl_typesupport_microxrcedds_c_tests:/home/robot/app/robot_ws/install/rosgraph_msgs:/home/robot/app/robot_ws/install/composition_interfaces:/home/robot/app/robot_ws/install/micro_ros_setup:/home/robot/app/robot_ws/install/micro_ros_agent:/home/robot/app/robot_ws/install/lifecycle_msgs:/home/robot/app/robot_ws/install/sensor_msgs_py:/opt/ros/humble LD_LIBRARY_PATH=/home/robot/app/robot_ws/install/visualization_msgs/lib:/home/robot/app/robot_ws/install/rclc_parameter/lib:/home/robot/app/robot_ws/install/sensor_msgs/lib:/home/robot/app/robot_ws/install/rmw_microxrcedds/lib:/home/robot/app/robot_ws/install/rclc/lib:/home/robot/app/robot_ws/install/test_msgs/lib:/home/robot/app/robot_ws/install/rosidl_typesupport_microxrcedds_cpp/lib:/home/robot/app/robot_ws/install/geometry_msgs/lib:/home/robot/app/robot_ws/install/example_interfaces/lib:/home/robot/app/robot_ws/install/std_msgs/lib:/home/robot/app/robot_ws/install/rosidl_typesupport_microxrcedds_c/lib:/home/robot/app/robot_ws/install/rcl_interfaces/lib:/home/robot/app/robot_ws/install/microxrcedds_client/lib:/home/robot/app/robot_ws/install/complex_msgs/lib:/home/robot/app/robot_ws/install/action_msgs/lib:/home/robot/app/robot_ws/install/unique_identifier_msgs/lib:/home/robot/app/robot_ws/install/microcdr/lib:/home/robot/app/robot_ws/install/micro_ros_utilities/lib:/home/robot/app/robot_ws/install/micro_ros_msgs/lib:/home/robot/app/robot_ws/install/builtin_interfaces/lib:/home/robot/app/robot_ws/firmware/dev_ws/install/my_custom_message/lib:/home/robot/app/robot_ws/install/trajectory_msgs/lib:/home/robot/app/robot_ws/install/stereo_msgs/lib:/home/robot/app/robot_ws/install/std_srvs/lib:/home/robot/app/robot_ws/install/shape_msgs/lib:/home/robot/app/robot_ws/install/nav_msgs/lib:/home/robot/app/robot_ws/install/diagnostic_msgs/lib:/home/robot/app/robot_ws/install/actionlib_msgs/lib:/home/robot/app/robot_ws/install/statistics_msgs/lib:/home/robot/app/robot_ws/install/rosgraph_msgs/lib:/home/robot/app/robot_ws/install/composition_interfaces/lib:/home/robot/app/robot_ws/install/micro_ros_agent/lib:/home/robot/app/robot_ws/install/lifecycle_msgs/lib:/opt/ros/humble/opt/rviz_ogre_vendor/lib:/opt/ros/humble/lib/x86_64-linux-gnu:/opt/ros/humble/lib /usr/bin/cmake /home/robot/app/robot_ws/src/uros/micro-ROS-demos/rclc -DCMAKE_INSTALL_PREFIX=/home/robot/app/robot_ws/install/micro_ros_demos_rclc
[1.286s] Invoking command in '/home/robot/app/robot_ws/build/micro_ros_demos_rclc': CMAKE_PREFIX_PATH=/home/robot/app/robot_ws/install/visualization_msgs:/home/robot/app/robot_ws/install/rclc_parameter:/home/robot/app/robot_ws/install/sensor_msgs:/home/robot/app/robot_ws/install/rmw_microxrcedds:/home/robot/app/robot_ws/install/rclc:/home/robot/app/robot_ws/install/test_msgs:/home/robot/app/robot_ws/install/rosidl_typesupport_microxrcedds_cpp:/home/robot/app/robot_ws/install/geometry_msgs:/home/robot/app/robot_ws/install/example_interfaces:/home/robot/app/robot_ws/install/std_msgs:/home/robot/app/robot_ws/install/rosidl_typesupport_microxrcedds_c:/home/robot/app/robot_ws/install/rcl_interfaces:/home/robot/app/robot_ws/install/microxrcedds_client:/home/robot/app/robot_ws/install/complex_msgs:/home/robot/app/robot_ws/install/action_msgs:/home/robot/app/robot_ws/install/unique_identifier_msgs:/home/robot/app/robot_ws/install/microcdr:/home/robot/app/robot_ws/install/micro_ros_utilities:/home/robot/app/robot_ws/install/micro_ros_msgs:/home/robot/app/robot_ws/install/builtin_interfaces:/home/robot/app/robot_ws/firmware/dev_ws/install/my_custom_message:/home/robot/app/robot_ws/install/micro_ros_demos_rclc:/home/robot/app/robot_ws/install/common_interfaces:/home/robot/app/robot_ws/install/trajectory_msgs:/home/robot/app/robot_ws/install/stereo_msgs:/home/robot/app/robot_ws/install/std_srvs:/home/robot/app/robot_ws/install/shape_msgs:/home/robot/app/robot_ws/install/nav_msgs:/home/robot/app/robot_ws/install/diagnostic_msgs:/home/robot/app/robot_ws/install/actionlib_msgs:/home/robot/app/robot_ws/install/statistics_msgs:/home/robot/app/robot_ws/install/rosidl_typesupport_microxrcedds_test_msg:/home/robot/app/robot_ws/install/rosidl_typesupport_microxrcedds_cpp_tests:/home/robot/app/robot_ws/install/rosidl_typesupport_microxrcedds_c_tests:/home/robot/app/robot_ws/install/rosgraph_msgs:/home/robot/app/robot_ws/install/composition_interfaces:/home/robot/app/robot_ws/install/micro_ros_setup:/home/robot/app/robot_ws/install/micro_ros_agent:/home/robot/app/robot_ws/install/lifecycle_msgs:/home/robot/app/robot_ws/install/sensor_msgs_py:/opt/ros/humble LD_LIBRARY_PATH=/home/robot/app/robot_ws/install/visualization_msgs/lib:/home/robot/app/robot_ws/install/rclc_parameter/lib:/home/robot/app/robot_ws/install/sensor_msgs/lib:/home/robot/app/robot_ws/install/rmw_microxrcedds/lib:/home/robot/app/robot_ws/install/rclc/lib:/home/robot/app/robot_ws/install/test_msgs/lib:/home/robot/app/robot_ws/install/rosidl_typesupport_microxrcedds_cpp/lib:/home/robot/app/robot_ws/install/geometry_msgs/lib:/home/robot/app/robot_ws/install/example_interfaces/lib:/home/robot/app/robot_ws/install/std_msgs/lib:/home/robot/app/robot_ws/install/rosidl_typesupport_microxrcedds_c/lib:/home/robot/app/robot_ws/install/rcl_interfaces/lib:/home/robot/app/robot_ws/install/microxrcedds_client/lib:/home/robot/app/robot_ws/install/complex_msgs/lib:/home/robot/app/robot_ws/install/action_msgs/lib:/home/robot/app/robot_ws/install/unique_identifier_msgs/lib:/home/robot/app/robot_ws/install/microcdr/lib:/home/robot/app/robot_ws/install/micro_ros_utilities/lib:/home/robot/app/robot_ws/install/micro_ros_msgs/lib:/home/robot/app/robot_ws/install/builtin_interfaces/lib:/home/robot/app/robot_ws/firmware/dev_ws/install/my_custom_message/lib:/home/robot/app/robot_ws/install/trajectory_msgs/lib:/home/robot/app/robot_ws/install/stereo_msgs/lib:/home/robot/app/robot_ws/install/std_srvs/lib:/home/robot/app/robot_ws/install/shape_msgs/lib:/home/robot/app/robot_ws/install/nav_msgs/lib:/home/robot/app/robot_ws/install/diagnostic_msgs/lib:/home/robot/app/robot_ws/install/actionlib_msgs/lib:/home/robot/app/robot_ws/install/statistics_msgs/lib:/home/robot/app/robot_ws/install/rosgraph_msgs/lib:/home/robot/app/robot_ws/install/composition_interfaces/lib:/home/robot/app/robot_ws/install/micro_ros_agent/lib:/home/robot/app/robot_ws/install/lifecycle_msgs/lib:/opt/ros/humble/opt/rviz_ogre_vendor/lib:/opt/ros/humble/lib/x86_64-linux-gnu:/opt/ros/humble/lib /usr/bin/cmake --build /home/robot/app/robot_ws/build/micro_ros_demos_rclc -- -j8 -l8
[1.426s] [  1%] [34m[1mPerforming build step for 'graph_visualizer'[0m
[1.538s] [100%] Built target graph_visualizer
[1.585s] [  1%] [34m[1mPerforming install step for 'graph_visualizer'[0m
[1.724s] [100%] Built target graph_visualizer
[1.779s] [36mInstall the project...[0m
[1.801s] -- Install configuration: ""
[1.801s] -- Up-to-date: /home/robot/app/robot_ws/build/micro_ros_demos_rclc/temp_install/graph_visualizer/graph_visualizer
[1.850s] [  1%] [34m[1mCompleted 'graph_visualizer'[0m
[1.928s] [  4%] Built target graph_visualizer
[1.977s] [  4%] [34m[1mPerforming build step for 'addtwoints_server'[0m
[2.084s] [100%] Built target addtwoints_server
[2.124s] [  5%] [34m[1mPerforming install step for 'addtwoints_server'[0m
[2.231s] [100%] Built target addtwoints_server
[2.274s] [36mInstall the project...[0m
[2.293s] -- Install configuration: ""
[2.293s] -- Up-to-date: /home/robot/app/robot_ws/build/micro_ros_demos_rclc/temp_install/addtwoints_server/addtwoints_server
[2.338s] [  6%] [34m[1mCompleted 'addtwoints_server'[0m
[2.415s] [  8%] Built target addtwoints_server
[2.466s] [  8%] [34m[1mPerforming build step for 'addtwoints_client'[0m
[2.575s] [100%] Built target addtwoints_client
[2.617s] [  9%] [34m[1mPerforming install step for 'addtwoints_client'[0m
[2.733s] [100%] Built target addtwoints_client
[2.780s] [36mInstall the project...[0m
[2.799s] -- Install configuration: ""
[2.799s] -- Up-to-date: /home/robot/app/robot_ws/build/micro_ros_demos_rclc/temp_install/addtwoints_client/addtwoints_client
[2.843s] [  9%] [34m[1mCompleted 'addtwoints_client'[0m
[2.920s] [ 11%] Built target addtwoints_client
[2.967s] [ 12%] [34m[1mPerforming build step for 'fibonacci_action_server'[0m
[3.066s] [100%] Built target fibonacci_action_server
[3.107s] [ 12%] [34m[1mPerforming install step for 'fibonacci_action_server'[0m
[3.212s] [100%] Built target fibonacci_action_server
[3.255s] [36mInstall the project...[0m
[3.274s] -- Install configuration: ""
[3.274s] -- Up-to-date: /home/robot/app/robot_ws/build/micro_ros_demos_rclc/temp_install/fibonacci_action_server/fibonacci_action_server
[3.316s] [ 12%] [34m[1mCompleted 'fibonacci_action_server'[0m
[3.388s] [ 15%] Built target fibonacci_action_server
[3.435s] [ 15%] [34m[1mPerforming build step for 'fibonacci_action_client'[0m
[3.541s] [100%] Built target fibonacci_action_client
[3.582s] [ 15%] [34m[1mPerforming install step for 'fibonacci_action_client'[0m
[3.686s] [100%] Built target fibonacci_action_client
[3.732s] [36mInstall the project...[0m
[3.750s] -- Install configuration: ""
[3.750s] -- Up-to-date: /home/robot/app/robot_ws/build/micro_ros_demos_rclc/temp_install/fibonacci_action_client/fibonacci_action_client
[3.794s] [ 16%] [34m[1mCompleted 'fibonacci_action_client'[0m
[3.868s] [ 19%] Built target fibonacci_action_client
[3.914s] [ 20%] [34m[1mPerforming build step for 'int32_multinode'[0m
[4.015s] [100%] Built target int32_multinode
[4.061s] [ 20%] [34m[1mPerforming install step for 'int32_multinode'[0m
[4.169s] [100%] Built target int32_multinode
[4.213s] [36mInstall the project...[0m
[4.233s] -- Install configuration: ""
[4.233s] -- Up-to-date: /home/robot/app/robot_ws/build/micro_ros_demos_rclc/temp_install/int32_multinode/int32_multinode
[4.285s] [ 20%] [34m[1mCompleted 'int32_multinode'[0m
[4.363s] [ 22%] Built target int32_multinode
[4.420s] [ 22%] [34m[1mPerforming build step for 'int32_publisher_subscriber'[0m
[4.531s] [100%] Built target int32_publisher_subscriber
[4.576s] [ 22%] [34m[1mPerforming install step for 'int32_publisher_subscriber'[0m
[4.686s] [100%] Built target int32_publisher_subscriber
[4.731s] [36mInstall the project...[0m
[4.751s] -- Install configuration: ""
[4.752s] -- Up-to-date: /home/robot/app/robot_ws/build/micro_ros_demos_rclc/temp_install/int32_publisher_subscriber/int32_publisher_subscriber
[4.798s] [ 23%] [34m[1mCompleted 'int32_publisher_subscriber'[0m
[4.877s] [ 26%] Built target int32_publisher_subscriber
[4.930s] [ 27%] [34m[1mPerforming build step for 'ping_pong'[0m
[5.038s] [100%] Built target ping_pong
[5.078s] [ 27%] [34m[1mPerforming install step for 'ping_pong'[0m
[5.184s] [100%] Built target ping_pong
[5.229s] [36mInstall the project...[0m
[5.248s] -- Install configuration: ""
[5.248s] -- Up-to-date: /home/robot/app/robot_ws/build/micro_ros_demos_rclc/temp_install/ping_pong/ping_pong
[5.298s] [ 27%] [34m[1mCompleted 'ping_pong'[0m
[5.376s] [ 30%] Built target ping_pong
[5.427s] [ 31%] [34m[1mPerforming build step for 'ping_uros_agent'[0m
[5.574s] [100%] Built target ping_uros_agent
[5.654s] [ 32%] [34m[1mPerforming install step for 'ping_uros_agent'[0m
[5.781s] [100%] Built target ping_uros_agent
[5.826s] [36mInstall the project...[0m
[5.845s] -- Install configuration: ""
[5.846s] -- Up-to-date: /home/robot/app/robot_ws/build/micro_ros_demos_rclc/temp_install/ping_uros_agent/ping_uros_agent
[5.886s] [ 32%] [34m[1mCompleted 'ping_uros_agent'[0m
[5.963s] [ 33%] Built target ping_uros_agent
[6.010s] [ 33%] [34m[1mPerforming build step for 'fragmented_publication'[0m
[6.121s] [100%] Built target fragmented_publication
[6.160s] [ 34%] [34m[1mPerforming install step for 'fragmented_publication'[0m
[6.276s] [100%] Built target fragmented_publication
[6.320s] [36mInstall the project...[0m
[6.358s] -- Install configuration: ""
[6.358s] -- Up-to-date: /home/robot/app/robot_ws/build/micro_ros_demos_rclc/temp_install/fragmented_publication/fragmented_publication
[6.436s] [ 34%] [34m[1mCompleted 'fragmented_publication'[0m
[6.561s] [ 36%] Built target fragmented_publication
[6.628s] [ 36%] [34m[1mPerforming build step for 'fragmented_subscription'[0m
[6.735s] [100%] Built target fragmented_subscription
[6.782s] [ 37%] [34m[1mPerforming install step for 'fragmented_subscription'[0m
[6.888s] [100%] Built target fragmented_subscription
[6.934s] [36mInstall the project...[0m
[6.961s] -- Install configuration: ""
[6.962s] -- Up-to-date: /home/robot/app/robot_ws/build/micro_ros_demos_rclc/temp_install/fragmented_subscription/fragmented_subscription
[7.007s] [ 38%] [34m[1mCompleted 'fragmented_subscription'[0m
[7.086s] [ 40%] Built target fragmented_subscription
[7.136s] [ 41%] [34m[1mPerforming build step for 'complex_msg_publisher'[0m
[7.243s] [100%] Built target complex_msg_publisher
[7.294s] [ 42%] [34m[1mPerforming install step for 'complex_msg_publisher'[0m
[7.402s] [100%] Built target complex_msg_publisher
[7.444s] [36mInstall the project...[0m
[7.466s] -- Install configuration: ""
[7.466s] -- Up-to-date: /home/robot/app/robot_ws/build/micro_ros_demos_rclc/temp_install/complex_msg_publisher/complex_msg_publisher
[7.510s] [ 42%] [34m[1mCompleted 'complex_msg_publisher'[0m
[7.591s] [ 43%] Built target complex_msg_publisher
[7.641s] [ 43%] [34m[1mPerforming build step for 'complex_msg_subscriber'[0m
[7.742s] [100%] Built target complex_msg_subscriber
[7.783s] [ 44%] [34m[1mPerforming install step for 'complex_msg_subscriber'[0m
[7.894s] [100%] Built target complex_msg_subscriber
[7.937s] [36mInstall the project...[0m
[7.956s] -- Install configuration: ""
[7.957s] -- Up-to-date: /home/robot/app/robot_ws/build/micro_ros_demos_rclc/temp_install/complex_msg_subscriber/complex_msg_subscriber
[8.000s] [ 45%] [34m[1mCompleted 'complex_msg_subscriber'[0m
[8.076s] [ 47%] Built target complex_msg_subscriber
[8.124s] [ 48%] [34m[1mPerforming build step for 'timer'[0m
[8.226s] [100%] Built target timer
[8.266s] [ 48%] [34m[1mPerforming install step for 'timer'[0m
[8.370s] [100%] Built target timer
[8.412s] [36mInstall the project...[0m
[8.433s] -- Install configuration: ""
[8.433s] -- Up-to-date: /home/robot/app/robot_ws/build/micro_ros_demos_rclc/temp_install/timer/timer
[8.477s] [ 48%] [34m[1mCompleted 'timer'[0m
[8.551s] [ 51%] Built target timer
[8.600s] [ 52%] [34m[1mPerforming build step for 'string_publisher'[0m
[8.703s] [100%] Built target string_publisher
[8.746s] [ 52%] [34m[1mPerforming install step for 'string_publisher'[0m
[8.875s] [100%] Built target string_publisher
[8.923s] [36mInstall the project...[0m
[8.943s] -- Install configuration: ""
[8.943s] -- Up-to-date: /home/robot/app/robot_ws/build/micro_ros_demos_rclc/temp_install/string_publisher/string_publisher
[8.987s] [ 52%] [34m[1mCompleted 'string_publisher'[0m
[9.066s] [ 54%] Built target string_publisher
[9.116s] [ 54%] [34m[1mPerforming build step for 'string_subscriber'[0m
[9.220s] [100%] Built target string_subscriber
[9.261s] [ 55%] [34m[1mPerforming install step for 'string_subscriber'[0m
[9.369s] [100%] Built target string_subscriber
[9.411s] [36mInstall the project...[0m
[9.432s] -- Install configuration: ""
[9.432s] -- Up-to-date: /home/robot/app/robot_ws/build/micro_ros_demos_rclc/temp_install/string_subscriber/string_subscriber
[9.477s] [ 56%] [34m[1mCompleted 'string_subscriber'[0m
[9.558s] [ 58%] Built target string_subscriber
[9.619s] [ 59%] [34m[1mPerforming build step for 'autodiscover_agent'[0m
[9.729s] [100%] Built target autodiscover_agent
[9.767s] [ 59%] [34m[1mPerforming install step for 'autodiscover_agent'[0m
[9.884s] [100%] Built target autodiscover_agent
[9.928s] [36mInstall the project...[0m
[9.948s] -- Install configuration: ""
[9.949s] -- Up-to-date: /home/robot/app/robot_ws/build/micro_ros_demos_rclc/temp_install/autodiscover_agent/autodiscover_agent
[9.994s] [ 59%] [34m[1mCompleted 'autodiscover_agent'[0m
[10.074s] [ 62%] Built target autodiscover_agent
[10.124s] [ 63%] [34m[1mPerforming build step for 'static_type_handling'[0m
[10.237s] [100%] Built target static_type_handling
[10.283s] [ 63%] [34m[1mPerforming install step for 'static_type_handling'[0m
[10.390s] [100%] Built target static_type_handling
[10.435s] [36mInstall the project...[0m
[10.454s] -- Install configuration: ""
[10.455s] -- Up-to-date: /home/robot/app/robot_ws/build/micro_ros_demos_rclc/temp_install/static_type_handling/static_type_handling
[10.500s] [ 63%] [34m[1mCompleted 'static_type_handling'[0m
[10.574s] [ 66%] Built target static_type_handling
[10.623s] [ 66%] [34m[1mPerforming build step for 'epoch_synchronization'[0m
[10.732s] [100%] Built target epoch_synchronization
[10.774s] [ 67%] [34m[1mPerforming install step for 'epoch_synchronization'[0m
[10.889s] [100%] Built target epoch_synchronization
[10.936s] [36mInstall the project...[0m
[10.961s] -- Install configuration: ""
[10.963s] -- Up-to-date: /home/robot/app/robot_ws/build/micro_ros_demos_rclc/temp_install/epoch_synchronization/epoch_synchronization
[11.009s] [ 68%] [34m[1mCompleted 'epoch_synchronization'[0m
[11.090s] [ 70%] Built target epoch_synchronization
[11.142s] [ 70%] [34m[1mPerforming build step for 'parameter_server'[0m
[11.251s] [100%] Built target parameter_server
[11.294s] [ 70%] [34m[1mPerforming install step for 'parameter_server'[0m
[11.401s] [100%] Built target parameter_server
[11.447s] [36mInstall the project...[0m
[11.465s] -- Install configuration: ""
[11.466s] -- Up-to-date: /home/robot/app/robot_ws/build/micro_ros_demos_rclc/temp_install/parameter_server/parameter_server
[11.511s] [ 71%] [34m[1mCompleted 'parameter_server'[0m
[11.588s] [ 74%] Built target parameter_server
[11.642s] [ 74%] [34m[1mPerforming build step for 'multithread_publisher_subscriber'[0m
[11.747s] [100%] Built target multithread_publisher_subscriber
[11.789s] [ 75%] [34m[1mPerforming install step for 'multithread_publisher_subscriber'[0m
[11.924s] [100%] Built target multithread_publisher_subscriber
[11.981s] [36mInstall the project...[0m
[12.004s] -- Install configuration: ""
[12.005s] -- Up-to-date: /home/robot/app/robot_ws/build/micro_ros_demos_rclc/temp_install/multithread_publisher_subscriber/multithread_publisher_subscriber
[12.052s] [ 76%] [34m[1mCompleted 'multithread_publisher_subscriber'[0m
[12.132s] [ 78%] Built target multithread_publisher_subscriber
[12.181s] [ 79%] [34m[1mPerforming build step for 'configured_subscriber'[0m
[12.293s] [100%] Built target configured_subscriber
[12.335s] [ 79%] [34m[1mPerforming install step for 'configured_subscriber'[0m
[12.450s] [100%] Built target configured_subscriber
[12.499s] [36mInstall the project...[0m
[12.518s] -- Install configuration: ""
[12.518s] -- Up-to-date: /home/robot/app/robot_ws/build/micro_ros_demos_rclc/temp_install/configured_subscriber/configured_subscriber
[12.563s] [ 79%] [34m[1mCompleted 'configured_subscriber'[0m
[12.638s] [ 81%] Built target configured_subscriber
[12.686s] [ 82%] [34m[1mPerforming build step for 'configured_publisher'[0m
[12.793s] [100%] Built target configured_publisher
[12.834s] [ 82%] [34m[1mPerforming install step for 'configured_publisher'[0m
[12.947s] [100%] Built target configured_publisher
[12.992s] [36mInstall the project...[0m
[13.014s] -- Install configuration: ""
[13.014s] -- Up-to-date: /home/robot/app/robot_ws/build/micro_ros_demos_rclc/temp_install/configured_publisher/configured_publisher
[13.060s] [ 82%] [34m[1mCompleted 'configured_publisher'[0m
[13.138s] [ 85%] Built target configured_publisher
[13.187s] [ 86%] [34m[1mPerforming build step for 'int32_subscriber'[0m
[13.296s] [100%] Built target int32_subscriber
[13.337s] [ 86%] [34m[1mPerforming install step for 'int32_subscriber'[0m
[13.452s] [100%] Built target int32_subscriber
[13.498s] [36mInstall the project...[0m
[13.521s] -- Install configuration: ""
[13.521s] -- Up-to-date: /home/robot/app/robot_ws/build/micro_ros_demos_rclc/temp_install/int32_subscriber/int32_subscriber
[13.567s] [ 86%] [34m[1mCompleted 'int32_subscriber'[0m
[13.643s] [ 88%] Built target int32_subscriber
[13.691s] [ 88%] [34m[1mPerforming build step for 'int32_publisher'[0m
[13.795s] [100%] Built target int32_publisher
[13.836s] [ 89%] [34m[1mPerforming install step for 'int32_publisher'[0m
[13.949s] [100%] Built target int32_publisher
[13.993s] [36mInstall the project...[0m
[14.012s] -- Install configuration: ""
[14.013s] -- Up-to-date: /home/robot/app/robot_ws/build/micro_ros_demos_rclc/temp_install/int32_publisher/int32_publisher
[14.063s] [ 90%] [34m[1mCompleted 'int32_publisher'[0m
[14.141s] [ 92%] Built target int32_publisher
[14.190s] [ 92%] [34m[1mPerforming build step for 'publisher_count'[0m
[14.297s] [100%] Built target publisher_count
[14.339s] [ 93%] [34m[1mPerforming install step for 'publisher_count'[0m
[14.453s] [100%] Built target publisher_count
[14.498s] [36mInstall the project...[0m
[14.518s] -- Install configuration: ""
[14.519s] -- Up-to-date: /home/robot/app/robot_ws/build/micro_ros_demos_rclc/temp_install/publisher_count/publisher_count
[14.563s] [ 94%] [34m[1mCompleted 'publisher_count'[0m
[14.643s] [ 96%] Built target publisher_count
[14.693s] [ 96%] [34m[1mPerforming build step for 'subscription_count'[0m
[14.797s] [100%] Built target subscription_count
[14.837s] [ 96%] [34m[1mPerforming install step for 'subscription_count'[0m
[14.965s] [100%] Built target subscription_count
[15.014s] [36mInstall the project...[0m
[15.044s] -- Install configuration: ""
[15.045s] -- Up-to-date: /home/robot/app/robot_ws/build/micro_ros_demos_rclc/temp_install/subscription_count/subscription_count
[15.093s] [ 97%] [34m[1mCompleted 'subscription_count'[0m
[15.177s] [100%] Built target subscription_count
[15.213s] Invoked command in '/home/robot/app/robot_ws/build/micro_ros_demos_rclc' returned '0': CMAKE_PREFIX_PATH=/home/robot/app/robot_ws/install/visualization_msgs:/home/robot/app/robot_ws/install/rclc_parameter:/home/robot/app/robot_ws/install/sensor_msgs:/home/robot/app/robot_ws/install/rmw_microxrcedds:/home/robot/app/robot_ws/install/rclc:/home/robot/app/robot_ws/install/test_msgs:/home/robot/app/robot_ws/install/rosidl_typesupport_microxrcedds_cpp:/home/robot/app/robot_ws/install/geometry_msgs:/home/robot/app/robot_ws/install/example_interfaces:/home/robot/app/robot_ws/install/std_msgs:/home/robot/app/robot_ws/install/rosidl_typesupport_microxrcedds_c:/home/robot/app/robot_ws/install/rcl_interfaces:/home/robot/app/robot_ws/install/microxrcedds_client:/home/robot/app/robot_ws/install/complex_msgs:/home/robot/app/robot_ws/install/action_msgs:/home/robot/app/robot_ws/install/unique_identifier_msgs:/home/robot/app/robot_ws/install/microcdr:/home/robot/app/robot_ws/install/micro_ros_utilities:/home/robot/app/robot_ws/install/micro_ros_msgs:/home/robot/app/robot_ws/install/builtin_interfaces:/home/robot/app/robot_ws/firmware/dev_ws/install/my_custom_message:/home/robot/app/robot_ws/install/micro_ros_demos_rclc:/home/robot/app/robot_ws/install/common_interfaces:/home/robot/app/robot_ws/install/trajectory_msgs:/home/robot/app/robot_ws/install/stereo_msgs:/home/robot/app/robot_ws/install/std_srvs:/home/robot/app/robot_ws/install/shape_msgs:/home/robot/app/robot_ws/install/nav_msgs:/home/robot/app/robot_ws/install/diagnostic_msgs:/home/robot/app/robot_ws/install/actionlib_msgs:/home/robot/app/robot_ws/install/statistics_msgs:/home/robot/app/robot_ws/install/rosidl_typesupport_microxrcedds_test_msg:/home/robot/app/robot_ws/install/rosidl_typesupport_microxrcedds_cpp_tests:/home/robot/app/robot_ws/install/rosidl_typesupport_microxrcedds_c_tests:/home/robot/app/robot_ws/install/rosgraph_msgs:/home/robot/app/robot_ws/install/composition_interfaces:/home/robot/app/robot_ws/install/micro_ros_setup:/home/robot/app/robot_ws/install/micro_ros_agent:/home/robot/app/robot_ws/install/lifecycle_msgs:/home/robot/app/robot_ws/install/sensor_msgs_py:/opt/ros/humble LD_LIBRARY_PATH=/home/robot/app/robot_ws/install/visualization_msgs/lib:/home/robot/app/robot_ws/install/rclc_parameter/lib:/home/robot/app/robot_ws/install/sensor_msgs/lib:/home/robot/app/robot_ws/install/rmw_microxrcedds/lib:/home/robot/app/robot_ws/install/rclc/lib:/home/robot/app/robot_ws/install/test_msgs/lib:/home/robot/app/robot_ws/install/rosidl_typesupport_microxrcedds_cpp/lib:/home/robot/app/robot_ws/install/geometry_msgs/lib:/home/robot/app/robot_ws/install/example_interfaces/lib:/home/robot/app/robot_ws/install/std_msgs/lib:/home/robot/app/robot_ws/install/rosidl_typesupport_microxrcedds_c/lib:/home/robot/app/robot_ws/install/rcl_interfaces/lib:/home/robot/app/robot_ws/install/microxrcedds_client/lib:/home/robot/app/robot_ws/install/complex_msgs/lib:/home/robot/app/robot_ws/install/action_msgs/lib:/home/robot/app/robot_ws/install/unique_identifier_msgs/lib:/home/robot/app/robot_ws/install/microcdr/lib:/home/robot/app/robot_ws/install/micro_ros_utilities/lib:/home/robot/app/robot_ws/install/micro_ros_msgs/lib:/home/robot/app/robot_ws/install/builtin_interfaces/lib:/home/robot/app/robot_ws/firmware/dev_ws/install/my_custom_message/lib:/home/robot/app/robot_ws/install/trajectory_msgs/lib:/home/robot/app/robot_ws/install/stereo_msgs/lib:/home/robot/app/robot_ws/install/std_srvs/lib:/home/robot/app/robot_ws/install/shape_msgs/lib:/home/robot/app/robot_ws/install/nav_msgs/lib:/home/robot/app/robot_ws/install/diagnostic_msgs/lib:/home/robot/app/robot_ws/install/actionlib_msgs/lib:/home/robot/app/robot_ws/install/statistics_msgs/lib:/home/robot/app/robot_ws/install/rosgraph_msgs/lib:/home/robot/app/robot_ws/install/composition_interfaces/lib:/home/robot/app/robot_ws/install/micro_ros_agent/lib:/home/robot/app/robot_ws/install/lifecycle_msgs/lib:/opt/ros/humble/opt/rviz_ogre_vendor/lib:/opt/ros/humble/lib/x86_64-linux-gnu:/opt/ros/humble/lib /usr/bin/cmake --build /home/robot/app/robot_ws/build/micro_ros_demos_rclc -- -j8 -l8
[15.357s] Invoking command in '/home/robot/app/robot_ws/build/micro_ros_demos_rclc': CMAKE_PREFIX_PATH=/home/robot/app/robot_ws/install/visualization_msgs:/home/robot/app/robot_ws/install/rclc_parameter:/home/robot/app/robot_ws/install/sensor_msgs:/home/robot/app/robot_ws/install/rmw_microxrcedds:/home/robot/app/robot_ws/install/rclc:/home/robot/app/robot_ws/install/test_msgs:/home/robot/app/robot_ws/install/rosidl_typesupport_microxrcedds_cpp:/home/robot/app/robot_ws/install/geometry_msgs:/home/robot/app/robot_ws/install/example_interfaces:/home/robot/app/robot_ws/install/std_msgs:/home/robot/app/robot_ws/install/rosidl_typesupport_microxrcedds_c:/home/robot/app/robot_ws/install/rcl_interfaces:/home/robot/app/robot_ws/install/microxrcedds_client:/home/robot/app/robot_ws/install/complex_msgs:/home/robot/app/robot_ws/install/action_msgs:/home/robot/app/robot_ws/install/unique_identifier_msgs:/home/robot/app/robot_ws/install/microcdr:/home/robot/app/robot_ws/install/micro_ros_utilities:/home/robot/app/robot_ws/install/micro_ros_msgs:/home/robot/app/robot_ws/install/builtin_interfaces:/home/robot/app/robot_ws/firmware/dev_ws/install/my_custom_message:/home/robot/app/robot_ws/install/micro_ros_demos_rclc:/home/robot/app/robot_ws/install/common_interfaces:/home/robot/app/robot_ws/install/trajectory_msgs:/home/robot/app/robot_ws/install/stereo_msgs:/home/robot/app/robot_ws/install/std_srvs:/home/robot/app/robot_ws/install/shape_msgs:/home/robot/app/robot_ws/install/nav_msgs:/home/robot/app/robot_ws/install/diagnostic_msgs:/home/robot/app/robot_ws/install/actionlib_msgs:/home/robot/app/robot_ws/install/statistics_msgs:/home/robot/app/robot_ws/install/rosidl_typesupport_microxrcedds_test_msg:/home/robot/app/robot_ws/install/rosidl_typesupport_microxrcedds_cpp_tests:/home/robot/app/robot_ws/install/rosidl_typesupport_microxrcedds_c_tests:/home/robot/app/robot_ws/install/rosgraph_msgs:/home/robot/app/robot_ws/install/composition_interfaces:/home/robot/app/robot_ws/install/micro_ros_setup:/home/robot/app/robot_ws/install/micro_ros_agent:/home/robot/app/robot_ws/install/lifecycle_msgs:/home/robot/app/robot_ws/install/sensor_msgs_py:/opt/ros/humble LD_LIBRARY_PATH=/home/robot/app/robot_ws/install/visualization_msgs/lib:/home/robot/app/robot_ws/install/rclc_parameter/lib:/home/robot/app/robot_ws/install/sensor_msgs/lib:/home/robot/app/robot_ws/install/rmw_microxrcedds/lib:/home/robot/app/robot_ws/install/rclc/lib:/home/robot/app/robot_ws/install/test_msgs/lib:/home/robot/app/robot_ws/install/rosidl_typesupport_microxrcedds_cpp/lib:/home/robot/app/robot_ws/install/geometry_msgs/lib:/home/robot/app/robot_ws/install/example_interfaces/lib:/home/robot/app/robot_ws/install/std_msgs/lib:/home/robot/app/robot_ws/install/rosidl_typesupport_microxrcedds_c/lib:/home/robot/app/robot_ws/install/rcl_interfaces/lib:/home/robot/app/robot_ws/install/microxrcedds_client/lib:/home/robot/app/robot_ws/install/complex_msgs/lib:/home/robot/app/robot_ws/install/action_msgs/lib:/home/robot/app/robot_ws/install/unique_identifier_msgs/lib:/home/robot/app/robot_ws/install/microcdr/lib:/home/robot/app/robot_ws/install/micro_ros_utilities/lib:/home/robot/app/robot_ws/install/micro_ros_msgs/lib:/home/robot/app/robot_ws/install/builtin_interfaces/lib:/home/robot/app/robot_ws/firmware/dev_ws/install/my_custom_message/lib:/home/robot/app/robot_ws/install/trajectory_msgs/lib:/home/robot/app/robot_ws/install/stereo_msgs/lib:/home/robot/app/robot_ws/install/std_srvs/lib:/home/robot/app/robot_ws/install/shape_msgs/lib:/home/robot/app/robot_ws/install/nav_msgs/lib:/home/robot/app/robot_ws/install/diagnostic_msgs/lib:/home/robot/app/robot_ws/install/actionlib_msgs/lib:/home/robot/app/robot_ws/install/statistics_msgs/lib:/home/robot/app/robot_ws/install/rosgraph_msgs/lib:/home/robot/app/robot_ws/install/composition_interfaces/lib:/home/robot/app/robot_ws/install/micro_ros_agent/lib:/home/robot/app/robot_ws/install/lifecycle_msgs/lib:/opt/ros/humble/opt/rviz_ogre_vendor/lib:/opt/ros/humble/lib/x86_64-linux-gnu:/opt/ros/humble/lib /usr/bin/cmake --install /home/robot/app/robot_ws/build/micro_ros_demos_rclc
[15.376s] -- Install configuration: ""
[15.376s] -- Up-to-date: /home/robot/app/robot_ws/install/micro_ros_demos_rclc/lib/micro_ros_demos_rclc
[15.376s] -- Up-to-date: /home/robot/app/robot_ws/install/micro_ros_demos_rclc/lib/micro_ros_demos_rclc/subscription_count
[15.377s] -- Up-to-date: /home/robot/app/robot_ws/install/micro_ros_demos_rclc/lib/micro_ros_demos_rclc/subscription_count/subscription_count
[15.377s] -- Up-to-date: /home/robot/app/robot_ws/install/micro_ros_demos_rclc/lib/micro_ros_demos_rclc/complex_msg_publisher
[15.377s] -- Up-to-date: /home/robot/app/robot_ws/install/micro_ros_demos_rclc/lib/micro_ros_demos_rclc/complex_msg_publisher/complex_msg_publisher
[15.378s] -- Up-to-date: /home/robot/app/robot_ws/install/micro_ros_demos_rclc/lib/micro_ros_demos_rclc/fibonacci_action_client
[15.378s] -- Up-to-date: /home/robot/app/robot_ws/install/micro_ros_demos_rclc/lib/micro_ros_demos_rclc/fibonacci_action_client/fibonacci_action_client
[15.379s] -- Up-to-date: /home/robot/app/robot_ws/install/micro_ros_demos_rclc/lib/micro_ros_demos_rclc/fragmented_subscription
[15.379s] -- Up-to-date: /home/robot/app/robot_ws/install/micro_ros_demos_rclc/lib/micro_ros_demos_rclc/fragmented_subscription/fragmented_subscription
[15.379s] -- Up-to-date: /home/robot/app/robot_ws/install/micro_ros_demos_rclc/lib/micro_ros_demos_rclc/ping_uros_agent
[15.379s] -- Up-to-date: /home/robot/app/robot_ws/install/micro_ros_demos_rclc/lib/micro_ros_demos_rclc/ping_uros_agent/ping_uros_agent
[15.379s] -- Up-to-date: /home/robot/app/robot_ws/install/micro_ros_demos_rclc/lib/micro_ros_demos_rclc/ping_pong
[15.380s] -- Up-to-date: /home/robot/app/robot_ws/install/micro_ros_demos_rclc/lib/micro_ros_demos_rclc/ping_pong/ping_pong
[15.380s] -- Up-to-date: /home/robot/app/robot_ws/install/micro_ros_demos_rclc/lib/micro_ros_demos_rclc/int32_publisher
[15.380s] -- Up-to-date: /home/robot/app/robot_ws/install/micro_ros_demos_rclc/lib/micro_ros_demos_rclc/int32_publisher/int32_publisher
[15.380s] -- Up-to-date: /home/robot/app/robot_ws/install/micro_ros_demos_rclc/lib/micro_ros_demos_rclc/string_publisher
[15.383s] -- Up-to-date: /home/robot/app/robot_ws/install/micro_ros_demos_rclc/lib/micro_ros_demos_rclc/string_publisher/string_publisher
[15.383s] -- Up-to-date: /home/robot/app/robot_ws/install/micro_ros_demos_rclc/lib/micro_ros_demos_rclc/parameter_server
[15.383s] -- Up-to-date: /home/robot/app/robot_ws/install/micro_ros_demos_rclc/lib/micro_ros_demos_rclc/parameter_server/parameter_server
[15.383s] -- Up-to-date: /home/robot/app/robot_ws/install/micro_ros_demos_rclc/lib/micro_ros_demos_rclc/int32_subscriber
[15.383s] -- Up-to-date: /home/robot/app/robot_ws/install/micro_ros_demos_rclc/lib/micro_ros_demos_rclc/int32_subscriber/int32_subscriber
[15.384s] -- Up-to-date: /home/robot/app/robot_ws/install/micro_ros_demos_rclc/lib/micro_ros_demos_rclc/static_type_handling
[15.384s] -- Up-to-date: /home/robot/app/robot_ws/install/micro_ros_demos_rclc/lib/micro_ros_demos_rclc/static_type_handling/static_type_handling
[15.384s] -- Up-to-date: /home/robot/app/robot_ws/install/micro_ros_demos_rclc/lib/micro_ros_demos_rclc/configured_publisher
[15.384s] -- Up-to-date: /home/robot/app/robot_ws/install/micro_ros_demos_rclc/lib/micro_ros_demos_rclc/configured_publisher/configured_publisher
[15.385s] -- Up-to-date: /home/robot/app/robot_ws/install/micro_ros_demos_rclc/lib/micro_ros_demos_rclc/fibonacci_action_server
[15.385s] -- Up-to-date: /home/robot/app/robot_ws/install/micro_ros_demos_rclc/lib/micro_ros_demos_rclc/fibonacci_action_server/fibonacci_action_server
[15.385s] -- Up-to-date: /home/robot/app/robot_ws/install/micro_ros_demos_rclc/lib/micro_ros_demos_rclc/complex_msg_subscriber
[15.385s] -- Up-to-date: /home/robot/app/robot_ws/install/micro_ros_demos_rclc/lib/micro_ros_demos_rclc/complex_msg_subscriber/complex_msg_subscriber
[15.385s] -- Up-to-date: /home/robot/app/robot_ws/install/micro_ros_demos_rclc/lib/micro_ros_demos_rclc/addtwoints_client
[15.386s] -- Up-to-date: /home/robot/app/robot_ws/install/micro_ros_demos_rclc/lib/micro_ros_demos_rclc/addtwoints_client/addtwoints_client
[15.386s] -- Up-to-date: /home/robot/app/robot_ws/install/micro_ros_demos_rclc/lib/micro_ros_demos_rclc/configured_subscriber
[15.386s] -- Up-to-date: /home/robot/app/robot_ws/install/micro_ros_demos_rclc/lib/micro_ros_demos_rclc/configured_subscriber/configured_subscriber
[15.386s] -- Up-to-date: /home/robot/app/robot_ws/install/micro_ros_demos_rclc/lib/micro_ros_demos_rclc/int32_publisher_subscriber
[15.387s] -- Up-to-date: /home/robot/app/robot_ws/install/micro_ros_demos_rclc/lib/micro_ros_demos_rclc/int32_publisher_subscriber/int32_publisher_subscriber
[15.387s] -- Up-to-date: /home/robot/app/robot_ws/install/micro_ros_demos_rclc/lib/micro_ros_demos_rclc/publisher_count
[15.387s] -- Up-to-date: /home/robot/app/robot_ws/install/micro_ros_demos_rclc/lib/micro_ros_demos_rclc/publisher_count/publisher_count
[15.387s] -- Up-to-date: /home/robot/app/robot_ws/install/micro_ros_demos_rclc/lib/micro_ros_demos_rclc/addtwoints_server
[15.388s] -- Up-to-date: /home/robot/app/robot_ws/install/micro_ros_demos_rclc/lib/micro_ros_demos_rclc/addtwoints_server/addtwoints_server
[15.388s] -- Up-to-date: /home/robot/app/robot_ws/install/micro_ros_demos_rclc/lib/micro_ros_demos_rclc/fragmented_publication
[15.388s] -- Up-to-date: /home/robot/app/robot_ws/install/micro_ros_demos_rclc/lib/micro_ros_demos_rclc/fragmented_publication/fragmented_publication
[15.388s] -- Up-to-date: /home/robot/app/robot_ws/install/micro_ros_demos_rclc/lib/micro_ros_demos_rclc/multithread_publisher_subscriber
[15.388s] -- Up-to-date: /home/robot/app/robot_ws/install/micro_ros_demos_rclc/lib/micro_ros_demos_rclc/multithread_publisher_subscriber/multithread_publisher_subscriber
[15.389s] -- Up-to-date: /home/robot/app/robot_ws/install/micro_ros_demos_rclc/lib/micro_ros_demos_rclc/string_subscriber
[15.389s] -- Up-to-date: /home/robot/app/robot_ws/install/micro_ros_demos_rclc/lib/micro_ros_demos_rclc/string_subscriber/string_subscriber
[15.389s] -- Up-to-date: /home/robot/app/robot_ws/install/micro_ros_demos_rclc/lib/micro_ros_demos_rclc/graph_visualizer
[15.390s] -- Up-to-date: /home/robot/app/robot_ws/install/micro_ros_demos_rclc/lib/micro_ros_demos_rclc/graph_visualizer/graph_visualizer
[15.390s] -- Up-to-date: /home/robot/app/robot_ws/install/micro_ros_demos_rclc/lib/micro_ros_demos_rclc/timer
[15.390s] -- Up-to-date: /home/robot/app/robot_ws/install/micro_ros_demos_rclc/lib/micro_ros_demos_rclc/timer/timer
[15.390s] -- Up-to-date: /home/robot/app/robot_ws/install/micro_ros_demos_rclc/lib/micro_ros_demos_rclc/epoch_synchronization
[15.390s] -- Up-to-date: /home/robot/app/robot_ws/install/micro_ros_demos_rclc/lib/micro_ros_demos_rclc/epoch_synchronization/epoch_synchronization
[15.391s] -- Up-to-date: /home/robot/app/robot_ws/install/micro_ros_demos_rclc/lib/micro_ros_demos_rclc/autodiscover_agent
[15.391s] -- Up-to-date: /home/robot/app/robot_ws/install/micro_ros_demos_rclc/lib/micro_ros_demos_rclc/autodiscover_agent/autodiscover_agent
[15.391s] -- Up-to-date: /home/robot/app/robot_ws/install/micro_ros_demos_rclc/lib/micro_ros_demos_rclc/int32_multinode
[15.391s] -- Up-to-date: /home/robot/app/robot_ws/install/micro_ros_demos_rclc/lib/micro_ros_demos_rclc/int32_multinode/int32_multinode
[15.391s] -- Up-to-date: /home/robot/app/robot_ws/install/micro_ros_demos_rclc/share/ament_index/resource_index/package_run_dependencies/micro_ros_demos_rclc
[15.392s] -- Up-to-date: /home/robot/app/robot_ws/install/micro_ros_demos_rclc/share/ament_index/resource_index/parent_prefix_path/micro_ros_demos_rclc
[15.392s] -- Up-to-date: /home/robot/app/robot_ws/install/micro_ros_demos_rclc/share/micro_ros_demos_rclc/environment/ament_prefix_path.sh
[15.392s] -- Installing: /home/robot/app/robot_ws/install/micro_ros_demos_rclc/share/micro_ros_demos_rclc/environment/ament_prefix_path.dsv
[15.392s] -- Up-to-date: /home/robot/app/robot_ws/install/micro_ros_demos_rclc/share/micro_ros_demos_rclc/environment/path.sh
[15.392s] -- Installing: /home/robot/app/robot_ws/install/micro_ros_demos_rclc/share/micro_ros_demos_rclc/environment/path.dsv
[15.393s] -- Up-to-date: /home/robot/app/robot_ws/install/micro_ros_demos_rclc/share/micro_ros_demos_rclc/local_setup.bash
[15.394s] -- Up-to-date: /home/robot/app/robot_ws/install/micro_ros_demos_rclc/share/micro_ros_demos_rclc/local_setup.sh
[15.395s] -- Up-to-date: /home/robot/app/robot_ws/install/micro_ros_demos_rclc/share/micro_ros_demos_rclc/local_setup.zsh
[15.395s] -- Installing: /home/robot/app/robot_ws/install/micro_ros_demos_rclc/share/micro_ros_demos_rclc/local_setup.dsv
[15.396s] -- Installing: /home/robot/app/robot_ws/install/micro_ros_demos_rclc/share/micro_ros_demos_rclc/package.dsv
[15.396s] -- Up-to-date: /home/robot/app/robot_ws/install/micro_ros_demos_rclc/share/ament_index/resource_index/packages/micro_ros_demos_rclc
[15.396s] -- Up-to-date: /home/robot/app/robot_ws/install/micro_ros_demos_rclc/share/micro_ros_demos_rclc/cmake/micro_ros_demos_rclcConfig.cmake
[15.396s] -- Up-to-date: /home/robot/app/robot_ws/install/micro_ros_demos_rclc/share/micro_ros_demos_rclc/cmake/micro_ros_demos_rclcConfig-version.cmake
[15.397s] -- Up-to-date: /home/robot/app/robot_ws/install/micro_ros_demos_rclc/share/micro_ros_demos_rclc/package.xml
[15.397s] Invoked command in '/home/robot/app/robot_ws/build/micro_ros_demos_rclc' returned '0': CMAKE_PREFIX_PATH=/home/robot/app/robot_ws/install/visualization_msgs:/home/robot/app/robot_ws/install/rclc_parameter:/home/robot/app/robot_ws/install/sensor_msgs:/home/robot/app/robot_ws/install/rmw_microxrcedds:/home/robot/app/robot_ws/install/rclc:/home/robot/app/robot_ws/install/test_msgs:/home/robot/app/robot_ws/install/rosidl_typesupport_microxrcedds_cpp:/home/robot/app/robot_ws/install/geometry_msgs:/home/robot/app/robot_ws/install/example_interfaces:/home/robot/app/robot_ws/install/std_msgs:/home/robot/app/robot_ws/install/rosidl_typesupport_microxrcedds_c:/home/robot/app/robot_ws/install/rcl_interfaces:/home/robot/app/robot_ws/install/microxrcedds_client:/home/robot/app/robot_ws/install/complex_msgs:/home/robot/app/robot_ws/install/action_msgs:/home/robot/app/robot_ws/install/unique_identifier_msgs:/home/robot/app/robot_ws/install/microcdr:/home/robot/app/robot_ws/install/micro_ros_utilities:/home/robot/app/robot_ws/install/micro_ros_msgs:/home/robot/app/robot_ws/install/builtin_interfaces:/home/robot/app/robot_ws/firmware/dev_ws/install/my_custom_message:/home/robot/app/robot_ws/install/micro_ros_demos_rclc:/home/robot/app/robot_ws/install/common_interfaces:/home/robot/app/robot_ws/install/trajectory_msgs:/home/robot/app/robot_ws/install/stereo_msgs:/home/robot/app/robot_ws/install/std_srvs:/home/robot/app/robot_ws/install/shape_msgs:/home/robot/app/robot_ws/install/nav_msgs:/home/robot/app/robot_ws/install/diagnostic_msgs:/home/robot/app/robot_ws/install/actionlib_msgs:/home/robot/app/robot_ws/install/statistics_msgs:/home/robot/app/robot_ws/install/rosidl_typesupport_microxrcedds_test_msg:/home/robot/app/robot_ws/install/rosidl_typesupport_microxrcedds_cpp_tests:/home/robot/app/robot_ws/install/rosidl_typesupport_microxrcedds_c_tests:/home/robot/app/robot_ws/install/rosgraph_msgs:/home/robot/app/robot_ws/install/composition_interfaces:/home/robot/app/robot_ws/install/micro_ros_setup:/home/robot/app/robot_ws/install/micro_ros_agent:/home/robot/app/robot_ws/install/lifecycle_msgs:/home/robot/app/robot_ws/install/sensor_msgs_py:/opt/ros/humble LD_LIBRARY_PATH=/home/robot/app/robot_ws/install/visualization_msgs/lib:/home/robot/app/robot_ws/install/rclc_parameter/lib:/home/robot/app/robot_ws/install/sensor_msgs/lib:/home/robot/app/robot_ws/install/rmw_microxrcedds/lib:/home/robot/app/robot_ws/install/rclc/lib:/home/robot/app/robot_ws/install/test_msgs/lib:/home/robot/app/robot_ws/install/rosidl_typesupport_microxrcedds_cpp/lib:/home/robot/app/robot_ws/install/geometry_msgs/lib:/home/robot/app/robot_ws/install/example_interfaces/lib:/home/robot/app/robot_ws/install/std_msgs/lib:/home/robot/app/robot_ws/install/rosidl_typesupport_microxrcedds_c/lib:/home/robot/app/robot_ws/install/rcl_interfaces/lib:/home/robot/app/robot_ws/install/microxrcedds_client/lib:/home/robot/app/robot_ws/install/complex_msgs/lib:/home/robot/app/robot_ws/install/action_msgs/lib:/home/robot/app/robot_ws/install/unique_identifier_msgs/lib:/home/robot/app/robot_ws/install/microcdr/lib:/home/robot/app/robot_ws/install/micro_ros_utilities/lib:/home/robot/app/robot_ws/install/micro_ros_msgs/lib:/home/robot/app/robot_ws/install/builtin_interfaces/lib:/home/robot/app/robot_ws/firmware/dev_ws/install/my_custom_message/lib:/home/robot/app/robot_ws/install/trajectory_msgs/lib:/home/robot/app/robot_ws/install/stereo_msgs/lib:/home/robot/app/robot_ws/install/std_srvs/lib:/home/robot/app/robot_ws/install/shape_msgs/lib:/home/robot/app/robot_ws/install/nav_msgs/lib:/home/robot/app/robot_ws/install/diagnostic_msgs/lib:/home/robot/app/robot_ws/install/actionlib_msgs/lib:/home/robot/app/robot_ws/install/statistics_msgs/lib:/home/robot/app/robot_ws/install/rosgraph_msgs/lib:/home/robot/app/robot_ws/install/composition_interfaces/lib:/home/robot/app/robot_ws/install/micro_ros_agent/lib:/home/robot/app/robot_ws/install/lifecycle_msgs/lib:/opt/ros/humble/opt/rviz_ogre_vendor/lib:/opt/ros/humble/lib/x86_64-linux-gnu:/opt/ros/humble/lib /usr/bin/cmake --install /home/robot/app/robot_ws/build/micro_ros_demos_rclc
