[0.075s] Invoking command in '/home/robot/app/robot_ws/build/nav_msgs': CMAKE_PREFIX_PATH=/home/robot/app/robot_ws/install/geometry_msgs:/home/robot/app/robot_ws/install/std_msgs:/home/robot/app/robot_ws/install/builtin_interfaces:/home/robot/app/robot_ws/install/micro_ros_demos_rclc:/home/robot/app/robot_ws/install/common_interfaces:/home/robot/app/robot_ws/install/visualization_msgs:/home/robot/app/robot_ws/install/test_msgs:/home/robot/app/robot_ws/install/example_interfaces:/home/robot/app/robot_ws/install/action_msgs:/home/robot/app/robot_ws/install/unique_identifier_msgs:/home/robot/app/robot_ws/install/trajectory_msgs:/home/robot/app/robot_ws/install/stereo_msgs:/home/robot/app/robot_ws/install/std_srvs:/home/robot/app/robot_ws/install/shape_msgs:/home/robot/app/robot_ws/install/sensor_msgs:/home/robot/app/robot_ws/install/nav_msgs:/home/robot/app/robot_ws/install/diagnostic_msgs:/home/robot/app/robot_ws/install/actionlib_msgs:/home/robot/app/robot_ws/install/statistics_msgs:/home/robot/app/robot_ws/install/rosidl_typesupport_microxrcedds_test_msg:/home/robot/app/robot_ws/install/rosidl_typesupport_microxrcedds_cpp_tests:/home/robot/app/robot_ws/install/rmw_microxrcedds:/home/robot/app/robot_ws/install/rosidl_typesupport_microxrcedds_cpp:/home/robot/app/robot_ws/install/rosidl_typesupport_microxrcedds_c_tests:/home/robot/app/robot_ws/install/rosidl_typesupport_microxrcedds_c:/home/robot/app/robot_ws/install/rosgraph_msgs:/home/robot/app/robot_ws/install/rclc_parameter:/home/robot/app/robot_ws/install/rclc:/home/robot/app/robot_ws/install/composition_interfaces:/home/robot/app/robot_ws/install/rcl_interfaces:/home/robot/app/robot_ws/install/microxrcedds_client:/home/robot/app/robot_ws/install/microcdr:/home/robot/app/robot_ws/install/micro_ros_utilities:/home/robot/app/robot_ws/install/micro_ros_msgs:/home/robot/app/robot_ws/install/lifecycle_msgs:/home/robot/app/robot_ws/install/complex_msgs:/home/robot/app/robot_ws/install/micro_ros_setup:/home/robot/app/robot_ws/install/my_custom_message:/home/robot/app/robot_ws/install/sensor_msgs_py:/opt/ros/humble LD_LIBRARY_PATH=/home/robot/app/robot_ws/install/geometry_msgs/lib:/home/robot/app/robot_ws/install/std_msgs/lib:/home/robot/app/robot_ws/install/builtin_interfaces/lib:/home/robot/app/robot_ws/install/visualization_msgs/lib:/home/robot/app/robot_ws/install/test_msgs/lib:/home/robot/app/robot_ws/install/example_interfaces/lib:/home/robot/app/robot_ws/install/action_msgs/lib:/home/robot/app/robot_ws/install/unique_identifier_msgs/lib:/home/robot/app/robot_ws/install/trajectory_msgs/lib:/home/robot/app/robot_ws/install/stereo_msgs/lib:/home/robot/app/robot_ws/install/std_srvs/lib:/home/robot/app/robot_ws/install/shape_msgs/lib:/home/robot/app/robot_ws/install/sensor_msgs/lib:/home/robot/app/robot_ws/install/nav_msgs/lib:/home/robot/app/robot_ws/install/diagnostic_msgs/lib:/home/robot/app/robot_ws/install/actionlib_msgs/lib:/home/robot/app/robot_ws/install/statistics_msgs/lib:/home/robot/app/robot_ws/install/rmw_microxrcedds/lib:/home/robot/app/robot_ws/install/rosidl_typesupport_microxrcedds_cpp/lib:/home/robot/app/robot_ws/install/rosidl_typesupport_microxrcedds_c/lib:/home/robot/app/robot_ws/install/rosgraph_msgs/lib:/home/robot/app/robot_ws/install/rclc_parameter/lib:/home/robot/app/robot_ws/install/rclc/lib:/home/robot/app/robot_ws/install/composition_interfaces/lib:/home/robot/app/robot_ws/install/rcl_interfaces/lib:/home/robot/app/robot_ws/install/microxrcedds_client/lib:/home/robot/app/robot_ws/install/microcdr/lib:/home/robot/app/robot_ws/install/micro_ros_utilities/lib:/home/robot/app/robot_ws/install/micro_ros_msgs/lib:/home/robot/app/robot_ws/install/lifecycle_msgs/lib:/home/robot/app/robot_ws/install/complex_msgs/lib:/home/robot/app/robot_ws/install/my_custom_message/lib:/opt/ros/humble/opt/rviz_ogre_vendor/lib:/opt/ros/humble/lib/x86_64-linux-gnu:/opt/ros/humble/lib /usr/bin/cmake --build /home/robot/app/robot_ws/build/nav_msgs -- -j8 -l8
[0.360s] [35m[1mConsolidate compiler generated dependencies of target nav_msgs__rosidl_generator_c[0m
[0.363s] [  0%] Built target nav_msgs__cpp
[0.422s] [35m[1mConsolidate compiler generated dependencies of target nav_msgs__rosidl_typesupport_microxrcedds_cpp[0m
[0.495s] [35m[1mConsolidate compiler generated dependencies of target nav_msgs__rosidl_typesupport_introspection_cpp[0m
[0.560s] [35m[1mConsolidate compiler generated dependencies of target nav_msgs__rosidl_typesupport_cpp[0m
[0.566s] [  9%] Built target nav_msgs__rosidl_generator_c
[0.568s] [ 19%] Built target nav_msgs__rosidl_typesupport_microxrcedds_cpp
[0.617s] [35m[1mConsolidate compiler generated dependencies of target nav_msgs__rosidl_typesupport_fastrtps_cpp[0m
[0.629s] [ 19%] Built target ament_cmake_python_copy_nav_msgs
[0.664s] [35m[1mConsolidate compiler generated dependencies of target nav_msgs__rosidl_typesupport_introspection_c[0m
[0.685s] [35m[1mConsolidate compiler generated dependencies of target nav_msgs__rosidl_typesupport_fastrtps_c[0m
[0.709s] [ 28%] Built target nav_msgs__rosidl_typesupport_introspection_cpp
[0.766s] [ 37%] Built target nav_msgs__rosidl_typesupport_introspection_c
[0.785s] [35m[1mConsolidate compiler generated dependencies of target nav_msgs__rosidl_typesupport_microxrcedds_c[0m
[0.791s] [ 46%] Built target nav_msgs__rosidl_typesupport_fastrtps_cpp
[0.859s] [35m[1mConsolidate compiler generated dependencies of target nav_msgs__rosidl_typesupport_c[0m
[0.882s] [ 55%] Built target nav_msgs__rosidl_typesupport_cpp
[0.894s] [ 64%] Built target nav_msgs__rosidl_typesupport_fastrtps_c
[0.946s] [ 74%] Built target nav_msgs__rosidl_typesupport_microxrcedds_c
[0.987s] [ 83%] Built target nav_msgs__rosidl_typesupport_c
[1.122s] [ 83%] Built target nav_msgs
[1.266s] [ 84%] Built target nav_msgs__py
[1.345s] [35m[1mConsolidate compiler generated dependencies of target nav_msgs__rosidl_generator_py[0m
[1.448s] [ 93%] Built target nav_msgs__rosidl_generator_py
[1.517s] [35m[1mConsolidate compiler generated dependencies of target nav_msgs__rosidl_typesupport_introspection_c__pyext[0m
[1.529s] [35m[1mConsolidate compiler generated dependencies of target nav_msgs__rosidl_typesupport_microxrcedds_c__pyext[0m
[1.554s] [35m[1mConsolidate compiler generated dependencies of target nav_msgs__rosidl_typesupport_c__pyext[0m
[1.558s] [35m[1mConsolidate compiler generated dependencies of target nav_msgs__rosidl_typesupport_fastrtps_c__pyext[0m
[1.565s] [ 95%] Built target nav_msgs__rosidl_typesupport_introspection_c__pyext
[1.652s] [ 96%] Built target nav_msgs__rosidl_typesupport_microxrcedds_c__pyext
[1.678s] [ 98%] Built target nav_msgs__rosidl_typesupport_c__pyext
[1.678s] [100%] Built target nav_msgs__rosidl_typesupport_fastrtps_c__pyext
[2.014s] running egg_info
[2.016s] writing nav_msgs.egg-info/PKG-INFO
[2.017s] writing dependency_links to nav_msgs.egg-info/dependency_links.txt
[2.017s] writing top-level names to nav_msgs.egg-info/top_level.txt
[2.024s] reading manifest file 'nav_msgs.egg-info/SOURCES.txt'
[2.025s] writing manifest file 'nav_msgs.egg-info/SOURCES.txt'
[2.099s] [100%] Built target ament_cmake_python_build_nav_msgs_egg
[2.125s] Invoked command in '/home/robot/app/robot_ws/build/nav_msgs' returned '0': CMAKE_PREFIX_PATH=/home/robot/app/robot_ws/install/geometry_msgs:/home/robot/app/robot_ws/install/std_msgs:/home/robot/app/robot_ws/install/builtin_interfaces:/home/robot/app/robot_ws/install/micro_ros_demos_rclc:/home/robot/app/robot_ws/install/common_interfaces:/home/robot/app/robot_ws/install/visualization_msgs:/home/robot/app/robot_ws/install/test_msgs:/home/robot/app/robot_ws/install/example_interfaces:/home/robot/app/robot_ws/install/action_msgs:/home/robot/app/robot_ws/install/unique_identifier_msgs:/home/robot/app/robot_ws/install/trajectory_msgs:/home/robot/app/robot_ws/install/stereo_msgs:/home/robot/app/robot_ws/install/std_srvs:/home/robot/app/robot_ws/install/shape_msgs:/home/robot/app/robot_ws/install/sensor_msgs:/home/robot/app/robot_ws/install/nav_msgs:/home/robot/app/robot_ws/install/diagnostic_msgs:/home/robot/app/robot_ws/install/actionlib_msgs:/home/robot/app/robot_ws/install/statistics_msgs:/home/robot/app/robot_ws/install/rosidl_typesupport_microxrcedds_test_msg:/home/robot/app/robot_ws/install/rosidl_typesupport_microxrcedds_cpp_tests:/home/robot/app/robot_ws/install/rmw_microxrcedds:/home/robot/app/robot_ws/install/rosidl_typesupport_microxrcedds_cpp:/home/robot/app/robot_ws/install/rosidl_typesupport_microxrcedds_c_tests:/home/robot/app/robot_ws/install/rosidl_typesupport_microxrcedds_c:/home/robot/app/robot_ws/install/rosgraph_msgs:/home/robot/app/robot_ws/install/rclc_parameter:/home/robot/app/robot_ws/install/rclc:/home/robot/app/robot_ws/install/composition_interfaces:/home/robot/app/robot_ws/install/rcl_interfaces:/home/robot/app/robot_ws/install/microxrcedds_client:/home/robot/app/robot_ws/install/microcdr:/home/robot/app/robot_ws/install/micro_ros_utilities:/home/robot/app/robot_ws/install/micro_ros_msgs:/home/robot/app/robot_ws/install/lifecycle_msgs:/home/robot/app/robot_ws/install/complex_msgs:/home/robot/app/robot_ws/install/micro_ros_setup:/home/robot/app/robot_ws/install/my_custom_message:/home/robot/app/robot_ws/install/sensor_msgs_py:/opt/ros/humble LD_LIBRARY_PATH=/home/robot/app/robot_ws/install/geometry_msgs/lib:/home/robot/app/robot_ws/install/std_msgs/lib:/home/robot/app/robot_ws/install/builtin_interfaces/lib:/home/robot/app/robot_ws/install/visualization_msgs/lib:/home/robot/app/robot_ws/install/test_msgs/lib:/home/robot/app/robot_ws/install/example_interfaces/lib:/home/robot/app/robot_ws/install/action_msgs/lib:/home/robot/app/robot_ws/install/unique_identifier_msgs/lib:/home/robot/app/robot_ws/install/trajectory_msgs/lib:/home/robot/app/robot_ws/install/stereo_msgs/lib:/home/robot/app/robot_ws/install/std_srvs/lib:/home/robot/app/robot_ws/install/shape_msgs/lib:/home/robot/app/robot_ws/install/sensor_msgs/lib:/home/robot/app/robot_ws/install/nav_msgs/lib:/home/robot/app/robot_ws/install/diagnostic_msgs/lib:/home/robot/app/robot_ws/install/actionlib_msgs/lib:/home/robot/app/robot_ws/install/statistics_msgs/lib:/home/robot/app/robot_ws/install/rmw_microxrcedds/lib:/home/robot/app/robot_ws/install/rosidl_typesupport_microxrcedds_cpp/lib:/home/robot/app/robot_ws/install/rosidl_typesupport_microxrcedds_c/lib:/home/robot/app/robot_ws/install/rosgraph_msgs/lib:/home/robot/app/robot_ws/install/rclc_parameter/lib:/home/robot/app/robot_ws/install/rclc/lib:/home/robot/app/robot_ws/install/composition_interfaces/lib:/home/robot/app/robot_ws/install/rcl_interfaces/lib:/home/robot/app/robot_ws/install/microxrcedds_client/lib:/home/robot/app/robot_ws/install/microcdr/lib:/home/robot/app/robot_ws/install/micro_ros_utilities/lib:/home/robot/app/robot_ws/install/micro_ros_msgs/lib:/home/robot/app/robot_ws/install/lifecycle_msgs/lib:/home/robot/app/robot_ws/install/complex_msgs/lib:/home/robot/app/robot_ws/install/my_custom_message/lib:/opt/ros/humble/opt/rviz_ogre_vendor/lib:/opt/ros/humble/lib/x86_64-linux-gnu:/opt/ros/humble/lib /usr/bin/cmake --build /home/robot/app/robot_ws/build/nav_msgs -- -j8 -l8
[3.343s] Invoking command in '/home/robot/app/robot_ws/build/nav_msgs': CMAKE_PREFIX_PATH=/home/robot/app/robot_ws/install/geometry_msgs:/home/robot/app/robot_ws/install/std_msgs:/home/robot/app/robot_ws/install/builtin_interfaces:/home/robot/app/robot_ws/install/micro_ros_demos_rclc:/home/robot/app/robot_ws/install/common_interfaces:/home/robot/app/robot_ws/install/visualization_msgs:/home/robot/app/robot_ws/install/test_msgs:/home/robot/app/robot_ws/install/example_interfaces:/home/robot/app/robot_ws/install/action_msgs:/home/robot/app/robot_ws/install/unique_identifier_msgs:/home/robot/app/robot_ws/install/trajectory_msgs:/home/robot/app/robot_ws/install/stereo_msgs:/home/robot/app/robot_ws/install/std_srvs:/home/robot/app/robot_ws/install/shape_msgs:/home/robot/app/robot_ws/install/sensor_msgs:/home/robot/app/robot_ws/install/nav_msgs:/home/robot/app/robot_ws/install/diagnostic_msgs:/home/robot/app/robot_ws/install/actionlib_msgs:/home/robot/app/robot_ws/install/statistics_msgs:/home/robot/app/robot_ws/install/rosidl_typesupport_microxrcedds_test_msg:/home/robot/app/robot_ws/install/rosidl_typesupport_microxrcedds_cpp_tests:/home/robot/app/robot_ws/install/rmw_microxrcedds:/home/robot/app/robot_ws/install/rosidl_typesupport_microxrcedds_cpp:/home/robot/app/robot_ws/install/rosidl_typesupport_microxrcedds_c_tests:/home/robot/app/robot_ws/install/rosidl_typesupport_microxrcedds_c:/home/robot/app/robot_ws/install/rosgraph_msgs:/home/robot/app/robot_ws/install/rclc_parameter:/home/robot/app/robot_ws/install/rclc:/home/robot/app/robot_ws/install/composition_interfaces:/home/robot/app/robot_ws/install/rcl_interfaces:/home/robot/app/robot_ws/install/microxrcedds_client:/home/robot/app/robot_ws/install/microcdr:/home/robot/app/robot_ws/install/micro_ros_utilities:/home/robot/app/robot_ws/install/micro_ros_msgs:/home/robot/app/robot_ws/install/lifecycle_msgs:/home/robot/app/robot_ws/install/complex_msgs:/home/robot/app/robot_ws/install/micro_ros_setup:/home/robot/app/robot_ws/install/my_custom_message:/home/robot/app/robot_ws/install/sensor_msgs_py:/opt/ros/humble LD_LIBRARY_PATH=/home/robot/app/robot_ws/install/geometry_msgs/lib:/home/robot/app/robot_ws/install/std_msgs/lib:/home/robot/app/robot_ws/install/builtin_interfaces/lib:/home/robot/app/robot_ws/install/visualization_msgs/lib:/home/robot/app/robot_ws/install/test_msgs/lib:/home/robot/app/robot_ws/install/example_interfaces/lib:/home/robot/app/robot_ws/install/action_msgs/lib:/home/robot/app/robot_ws/install/unique_identifier_msgs/lib:/home/robot/app/robot_ws/install/trajectory_msgs/lib:/home/robot/app/robot_ws/install/stereo_msgs/lib:/home/robot/app/robot_ws/install/std_srvs/lib:/home/robot/app/robot_ws/install/shape_msgs/lib:/home/robot/app/robot_ws/install/sensor_msgs/lib:/home/robot/app/robot_ws/install/nav_msgs/lib:/home/robot/app/robot_ws/install/diagnostic_msgs/lib:/home/robot/app/robot_ws/install/actionlib_msgs/lib:/home/robot/app/robot_ws/install/statistics_msgs/lib:/home/robot/app/robot_ws/install/rmw_microxrcedds/lib:/home/robot/app/robot_ws/install/rosidl_typesupport_microxrcedds_cpp/lib:/home/robot/app/robot_ws/install/rosidl_typesupport_microxrcedds_c/lib:/home/robot/app/robot_ws/install/rosgraph_msgs/lib:/home/robot/app/robot_ws/install/rclc_parameter/lib:/home/robot/app/robot_ws/install/rclc/lib:/home/robot/app/robot_ws/install/composition_interfaces/lib:/home/robot/app/robot_ws/install/rcl_interfaces/lib:/home/robot/app/robot_ws/install/microxrcedds_client/lib:/home/robot/app/robot_ws/install/microcdr/lib:/home/robot/app/robot_ws/install/micro_ros_utilities/lib:/home/robot/app/robot_ws/install/micro_ros_msgs/lib:/home/robot/app/robot_ws/install/lifecycle_msgs/lib:/home/robot/app/robot_ws/install/complex_msgs/lib:/home/robot/app/robot_ws/install/my_custom_message/lib:/opt/ros/humble/opt/rviz_ogre_vendor/lib:/opt/ros/humble/lib/x86_64-linux-gnu:/opt/ros/humble/lib /usr/bin/cmake --install /home/robot/app/robot_ws/build/nav_msgs
[3.364s] -- Install configuration: ""
[3.364s] -- Up-to-date: /home/robot/app/robot_ws/install/nav_msgs/share/ament_index/resource_index/rosidl_interfaces/nav_msgs
[3.364s] -- Up-to-date: /home/robot/app/robot_ws/install/nav_msgs/include/nav_msgs/nav_msgs
[3.365s] -- Up-to-date: /home/robot/app/robot_ws/install/nav_msgs/include/nav_msgs/nav_msgs/srv
[3.365s] -- Up-to-date: /home/robot/app/robot_ws/install/nav_msgs/include/nav_msgs/nav_msgs/srv/get_map.h
[3.365s] -- Up-to-date: /home/robot/app/robot_ws/install/nav_msgs/include/nav_msgs/nav_msgs/srv/get_plan.h
[3.365s] -- Up-to-date: /home/robot/app/robot_ws/install/nav_msgs/include/nav_msgs/nav_msgs/srv/load_map.h
[3.365s] -- Up-to-date: /home/robot/app/robot_ws/install/nav_msgs/include/nav_msgs/nav_msgs/srv/detail
[3.366s] -- Up-to-date: /home/robot/app/robot_ws/install/nav_msgs/include/nav_msgs/nav_msgs/srv/detail/load_map__type_support.h
[3.366s] -- Up-to-date: /home/robot/app/robot_ws/install/nav_msgs/include/nav_msgs/nav_msgs/srv/detail/get_plan__type_support.h
[3.366s] -- Up-to-date: /home/robot/app/robot_ws/install/nav_msgs/include/nav_msgs/nav_msgs/srv/detail/get_map__struct.h
[3.366s] -- Up-to-date: /home/robot/app/robot_ws/install/nav_msgs/include/nav_msgs/nav_msgs/srv/detail/set_map__type_support.h
[3.367s] -- Up-to-date: /home/robot/app/robot_ws/install/nav_msgs/include/nav_msgs/nav_msgs/srv/detail/get_plan__functions.c
[3.367s] -- Up-to-date: /home/robot/app/robot_ws/install/nav_msgs/include/nav_msgs/nav_msgs/srv/detail/set_map__struct.h
[3.367s] -- Up-to-date: /home/robot/app/robot_ws/install/nav_msgs/include/nav_msgs/nav_msgs/srv/detail/get_map__functions.h
[3.367s] -- Up-to-date: /home/robot/app/robot_ws/install/nav_msgs/include/nav_msgs/nav_msgs/srv/detail/load_map__functions.c
[3.368s] -- Up-to-date: /home/robot/app/robot_ws/install/nav_msgs/include/nav_msgs/nav_msgs/srv/detail/get_plan__functions.h
[3.368s] -- Up-to-date: /home/robot/app/robot_ws/install/nav_msgs/include/nav_msgs/nav_msgs/srv/detail/set_map__functions.h
[3.368s] -- Up-to-date: /home/robot/app/robot_ws/install/nav_msgs/include/nav_msgs/nav_msgs/srv/detail/get_plan__struct.h
[3.368s] -- Up-to-date: /home/robot/app/robot_ws/install/nav_msgs/include/nav_msgs/nav_msgs/srv/detail/set_map__functions.c
[3.369s] -- Up-to-date: /home/robot/app/robot_ws/install/nav_msgs/include/nav_msgs/nav_msgs/srv/detail/get_map__type_support.h
[3.369s] -- Up-to-date: /home/robot/app/robot_ws/install/nav_msgs/include/nav_msgs/nav_msgs/srv/detail/load_map__functions.h
[3.369s] -- Up-to-date: /home/robot/app/robot_ws/install/nav_msgs/include/nav_msgs/nav_msgs/srv/detail/load_map__struct.h
[3.369s] -- Up-to-date: /home/robot/app/robot_ws/install/nav_msgs/include/nav_msgs/nav_msgs/srv/detail/get_map__functions.c
[3.370s] -- Up-to-date: /home/robot/app/robot_ws/install/nav_msgs/include/nav_msgs/nav_msgs/srv/set_map.h
[3.370s] -- Up-to-date: /home/robot/app/robot_ws/install/nav_msgs/include/nav_msgs/nav_msgs/msg
[3.370s] -- Up-to-date: /home/robot/app/robot_ws/install/nav_msgs/include/nav_msgs/nav_msgs/msg/map_meta_data.h
[3.370s] -- Up-to-date: /home/robot/app/robot_ws/install/nav_msgs/include/nav_msgs/nav_msgs/msg/odometry.h
[3.370s] -- Up-to-date: /home/robot/app/robot_ws/install/nav_msgs/include/nav_msgs/nav_msgs/msg/path.h
[3.371s] -- Up-to-date: /home/robot/app/robot_ws/install/nav_msgs/include/nav_msgs/nav_msgs/msg/detail
[3.371s] -- Up-to-date: /home/robot/app/robot_ws/install/nav_msgs/include/nav_msgs/nav_msgs/msg/detail/grid_cells__functions.h
[3.371s] -- Up-to-date: /home/robot/app/robot_ws/install/nav_msgs/include/nav_msgs/nav_msgs/msg/detail/odometry__struct.h
[3.372s] -- Up-to-date: /home/robot/app/robot_ws/install/nav_msgs/include/nav_msgs/nav_msgs/msg/detail/path__functions.c
[3.372s] -- Up-to-date: /home/robot/app/robot_ws/install/nav_msgs/include/nav_msgs/nav_msgs/msg/detail/occupancy_grid__functions.c
[3.373s] -- Up-to-date: /home/robot/app/robot_ws/install/nav_msgs/include/nav_msgs/nav_msgs/msg/detail/path__functions.h
[3.373s] -- Up-to-date: /home/robot/app/robot_ws/install/nav_msgs/include/nav_msgs/nav_msgs/msg/detail/map_meta_data__functions.h
[3.373s] -- Up-to-date: /home/robot/app/robot_ws/install/nav_msgs/include/nav_msgs/nav_msgs/msg/detail/occupancy_grid__functions.h
[3.374s] -- Up-to-date: /home/robot/app/robot_ws/install/nav_msgs/include/nav_msgs/nav_msgs/msg/detail/map_meta_data__type_support.h
[3.374s] -- Up-to-date: /home/robot/app/robot_ws/install/nav_msgs/include/nav_msgs/nav_msgs/msg/detail/odometry__functions.c
[3.374s] -- Up-to-date: /home/robot/app/robot_ws/install/nav_msgs/include/nav_msgs/nav_msgs/msg/detail/odometry__functions.h
[3.374s] -- Up-to-date: /home/robot/app/robot_ws/install/nav_msgs/include/nav_msgs/nav_msgs/msg/detail/occupancy_grid__struct.h
[3.374s] -- Up-to-date: /home/robot/app/robot_ws/install/nav_msgs/include/nav_msgs/nav_msgs/msg/detail/grid_cells__struct.h
[3.375s] -- Up-to-date: /home/robot/app/robot_ws/install/nav_msgs/include/nav_msgs/nav_msgs/msg/detail/path__type_support.h
[3.375s] -- Up-to-date: /home/robot/app/robot_ws/install/nav_msgs/include/nav_msgs/nav_msgs/msg/detail/path__struct.h
[3.375s] -- Up-to-date: /home/robot/app/robot_ws/install/nav_msgs/include/nav_msgs/nav_msgs/msg/detail/map_meta_data__functions.c
[3.375s] -- Up-to-date: /home/robot/app/robot_ws/install/nav_msgs/include/nav_msgs/nav_msgs/msg/detail/odometry__type_support.h
[3.376s] -- Up-to-date: /home/robot/app/robot_ws/install/nav_msgs/include/nav_msgs/nav_msgs/msg/detail/grid_cells__functions.c
[3.376s] -- Up-to-date: /home/robot/app/robot_ws/install/nav_msgs/include/nav_msgs/nav_msgs/msg/detail/map_meta_data__struct.h
[3.376s] -- Up-to-date: /home/robot/app/robot_ws/install/nav_msgs/include/nav_msgs/nav_msgs/msg/detail/grid_cells__type_support.h
[3.376s] -- Up-to-date: /home/robot/app/robot_ws/install/nav_msgs/include/nav_msgs/nav_msgs/msg/detail/occupancy_grid__type_support.h
[3.376s] -- Up-to-date: /home/robot/app/robot_ws/install/nav_msgs/include/nav_msgs/nav_msgs/msg/grid_cells.h
[3.377s] -- Up-to-date: /home/robot/app/robot_ws/install/nav_msgs/include/nav_msgs/nav_msgs/msg/occupancy_grid.h
[3.377s] -- Up-to-date: /home/robot/app/robot_ws/install/nav_msgs/include/nav_msgs/nav_msgs/msg/rosidl_generator_c__visibility_control.h
[3.377s] -- Up-to-date: /home/robot/app/robot_ws/install/nav_msgs/share/nav_msgs/environment/library_path.sh
[3.377s] -- Up-to-date: /home/robot/app/robot_ws/install/nav_msgs/share/nav_msgs/environment/library_path.dsv
[3.378s] -- Up-to-date: /home/robot/app/robot_ws/install/nav_msgs/lib/libnav_msgs__rosidl_generator_c.so
[3.378s] -- Up-to-date: /home/robot/app/robot_ws/install/nav_msgs/include/nav_msgs/nav_msgs
[3.378s] -- Up-to-date: /home/robot/app/robot_ws/install/nav_msgs/include/nav_msgs/nav_msgs/srv
[3.378s] -- Up-to-date: /home/robot/app/robot_ws/install/nav_msgs/include/nav_msgs/nav_msgs/srv/detail
[3.378s] -- Up-to-date: /home/robot/app/robot_ws/install/nav_msgs/include/nav_msgs/nav_msgs/srv/detail/get_map__rosidl_typesupport_fastrtps_c.h
[3.379s] -- Up-to-date: /home/robot/app/robot_ws/install/nav_msgs/include/nav_msgs/nav_msgs/srv/detail/set_map__rosidl_typesupport_fastrtps_c.h
[3.379s] -- Up-to-date: /home/robot/app/robot_ws/install/nav_msgs/include/nav_msgs/nav_msgs/srv/detail/get_plan__rosidl_typesupport_fastrtps_c.h
[3.379s] -- Up-to-date: /home/robot/app/robot_ws/install/nav_msgs/include/nav_msgs/nav_msgs/srv/detail/load_map__rosidl_typesupport_fastrtps_c.h
[3.379s] -- Up-to-date: /home/robot/app/robot_ws/install/nav_msgs/include/nav_msgs/nav_msgs/msg
[3.379s] -- Up-to-date: /home/robot/app/robot_ws/install/nav_msgs/include/nav_msgs/nav_msgs/msg/detail
[3.379s] -- Up-to-date: /home/robot/app/robot_ws/install/nav_msgs/include/nav_msgs/nav_msgs/msg/detail/grid_cells__rosidl_typesupport_fastrtps_c.h
[3.380s] -- Up-to-date: /home/robot/app/robot_ws/install/nav_msgs/include/nav_msgs/nav_msgs/msg/detail/map_meta_data__rosidl_typesupport_fastrtps_c.h
[3.380s] -- Up-to-date: /home/robot/app/robot_ws/install/nav_msgs/include/nav_msgs/nav_msgs/msg/detail/path__rosidl_typesupport_fastrtps_c.h
[3.381s] -- Up-to-date: /home/robot/app/robot_ws/install/nav_msgs/include/nav_msgs/nav_msgs/msg/detail/occupancy_grid__rosidl_typesupport_fastrtps_c.h
[3.381s] -- Up-to-date: /home/robot/app/robot_ws/install/nav_msgs/include/nav_msgs/nav_msgs/msg/detail/odometry__rosidl_typesupport_fastrtps_c.h
[3.381s] -- Up-to-date: /home/robot/app/robot_ws/install/nav_msgs/include/nav_msgs/nav_msgs/msg/rosidl_typesupport_fastrtps_c__visibility_control.h
[3.382s] -- Up-to-date: /home/robot/app/robot_ws/install/nav_msgs/lib/libnav_msgs__rosidl_typesupport_fastrtps_c.so
[3.382s] -- Up-to-date: /home/robot/app/robot_ws/install/nav_msgs/include/nav_msgs/nav_msgs
[3.382s] -- Up-to-date: /home/robot/app/robot_ws/install/nav_msgs/include/nav_msgs/nav_msgs/srv
[3.382s] -- Up-to-date: /home/robot/app/robot_ws/install/nav_msgs/include/nav_msgs/nav_msgs/srv/get_map.hpp
[3.382s] -- Up-to-date: /home/robot/app/robot_ws/install/nav_msgs/include/nav_msgs/nav_msgs/srv/set_map.hpp
[3.382s] -- Up-to-date: /home/robot/app/robot_ws/install/nav_msgs/include/nav_msgs/nav_msgs/srv/get_plan.hpp
[3.383s] -- Up-to-date: /home/robot/app/robot_ws/install/nav_msgs/include/nav_msgs/nav_msgs/srv/detail
[3.383s] -- Up-to-date: /home/robot/app/robot_ws/install/nav_msgs/include/nav_msgs/nav_msgs/srv/detail/load_map__builder.hpp
[3.383s] -- Up-to-date: /home/robot/app/robot_ws/install/nav_msgs/include/nav_msgs/nav_msgs/srv/detail/set_map__builder.hpp
[3.383s] -- Up-to-date: /home/robot/app/robot_ws/install/nav_msgs/include/nav_msgs/nav_msgs/srv/detail/get_map__struct.hpp
[3.384s] -- Up-to-date: /home/robot/app/robot_ws/install/nav_msgs/include/nav_msgs/nav_msgs/srv/detail/get_map__traits.hpp
[3.384s] -- Up-to-date: /home/robot/app/robot_ws/install/nav_msgs/include/nav_msgs/nav_msgs/srv/detail/get_map__builder.hpp
[3.384s] -- Up-to-date: /home/robot/app/robot_ws/install/nav_msgs/include/nav_msgs/nav_msgs/srv/detail/set_map__traits.hpp
[3.384s] -- Up-to-date: /home/robot/app/robot_ws/install/nav_msgs/include/nav_msgs/nav_msgs/srv/detail/get_plan__struct.hpp
[3.385s] -- Up-to-date: /home/robot/app/robot_ws/install/nav_msgs/include/nav_msgs/nav_msgs/srv/detail/set_map__struct.hpp
[3.385s] -- Up-to-date: /home/robot/app/robot_ws/install/nav_msgs/include/nav_msgs/nav_msgs/srv/detail/get_plan__traits.hpp
[3.385s] -- Up-to-date: /home/robot/app/robot_ws/install/nav_msgs/include/nav_msgs/nav_msgs/srv/detail/load_map__traits.hpp
[3.385s] -- Up-to-date: /home/robot/app/robot_ws/install/nav_msgs/include/nav_msgs/nav_msgs/srv/detail/load_map__struct.hpp
[3.386s] -- Up-to-date: /home/robot/app/robot_ws/install/nav_msgs/include/nav_msgs/nav_msgs/srv/detail/get_plan__builder.hpp
[3.386s] -- Up-to-date: /home/robot/app/robot_ws/install/nav_msgs/include/nav_msgs/nav_msgs/srv/load_map.hpp
[3.386s] -- Up-to-date: /home/robot/app/robot_ws/install/nav_msgs/include/nav_msgs/nav_msgs/msg
[3.386s] -- Up-to-date: /home/robot/app/robot_ws/install/nav_msgs/include/nav_msgs/nav_msgs/msg/path.hpp
[3.386s] -- Up-to-date: /home/robot/app/robot_ws/install/nav_msgs/include/nav_msgs/nav_msgs/msg/map_meta_data.hpp
[3.386s] -- Up-to-date: /home/robot/app/robot_ws/install/nav_msgs/include/nav_msgs/nav_msgs/msg/grid_cells.hpp
[3.387s] -- Up-to-date: /home/robot/app/robot_ws/install/nav_msgs/include/nav_msgs/nav_msgs/msg/detail
[3.387s] -- Up-to-date: /home/robot/app/robot_ws/install/nav_msgs/include/nav_msgs/nav_msgs/msg/detail/grid_cells__traits.hpp
[3.387s] -- Up-to-date: /home/robot/app/robot_ws/install/nav_msgs/include/nav_msgs/nav_msgs/msg/detail/odometry__traits.hpp
[3.387s] -- Up-to-date: /home/robot/app/robot_ws/install/nav_msgs/include/nav_msgs/nav_msgs/msg/detail/odometry__struct.hpp
[3.387s] -- Up-to-date: /home/robot/app/robot_ws/install/nav_msgs/include/nav_msgs/nav_msgs/msg/detail/grid_cells__builder.hpp
[3.387s] -- Up-to-date: /home/robot/app/robot_ws/install/nav_msgs/include/nav_msgs/nav_msgs/msg/detail/occupancy_grid__traits.hpp
[3.388s] -- Up-to-date: /home/robot/app/robot_ws/install/nav_msgs/include/nav_msgs/nav_msgs/msg/detail/path__builder.hpp
[3.388s] -- Up-to-date: /home/robot/app/robot_ws/install/nav_msgs/include/nav_msgs/nav_msgs/msg/detail/path__traits.hpp
[3.388s] -- Up-to-date: /home/robot/app/robot_ws/install/nav_msgs/include/nav_msgs/nav_msgs/msg/detail/grid_cells__struct.hpp
[3.388s] -- Up-to-date: /home/robot/app/robot_ws/install/nav_msgs/include/nav_msgs/nav_msgs/msg/detail/map_meta_data__traits.hpp
[3.388s] -- Up-to-date: /home/robot/app/robot_ws/install/nav_msgs/include/nav_msgs/nav_msgs/msg/detail/odometry__builder.hpp
[3.389s] -- Up-to-date: /home/robot/app/robot_ws/install/nav_msgs/include/nav_msgs/nav_msgs/msg/detail/map_meta_data__builder.hpp
[3.389s] -- Up-to-date: /home/robot/app/robot_ws/install/nav_msgs/include/nav_msgs/nav_msgs/msg/detail/map_meta_data__struct.hpp
[3.389s] -- Up-to-date: /home/robot/app/robot_ws/install/nav_msgs/include/nav_msgs/nav_msgs/msg/detail/occupancy_grid__struct.hpp
[3.390s] -- Up-to-date: /home/robot/app/robot_ws/install/nav_msgs/include/nav_msgs/nav_msgs/msg/detail/path__struct.hpp
[3.390s] -- Up-to-date: /home/robot/app/robot_ws/install/nav_msgs/include/nav_msgs/nav_msgs/msg/detail/occupancy_grid__builder.hpp
[3.391s] -- Up-to-date: /home/robot/app/robot_ws/install/nav_msgs/include/nav_msgs/nav_msgs/msg/occupancy_grid.hpp
[3.391s] -- Up-to-date: /home/robot/app/robot_ws/install/nav_msgs/include/nav_msgs/nav_msgs/msg/odometry.hpp
[3.391s] -- Up-to-date: /home/robot/app/robot_ws/install/nav_msgs/include/nav_msgs/nav_msgs
[3.391s] -- Up-to-date: /home/robot/app/robot_ws/install/nav_msgs/include/nav_msgs/nav_msgs/srv
[3.391s] -- Up-to-date: /home/robot/app/robot_ws/install/nav_msgs/include/nav_msgs/nav_msgs/srv/detail
[3.391s] -- Up-to-date: /home/robot/app/robot_ws/install/nav_msgs/include/nav_msgs/nav_msgs/srv/detail/dds_fastrtps
[3.392s] -- Up-to-date: /home/robot/app/robot_ws/install/nav_msgs/include/nav_msgs/nav_msgs/srv/detail/set_map__rosidl_typesupport_fastrtps_cpp.hpp
[3.392s] -- Up-to-date: /home/robot/app/robot_ws/install/nav_msgs/include/nav_msgs/nav_msgs/srv/detail/load_map__rosidl_typesupport_fastrtps_cpp.hpp
[3.392s] -- Up-to-date: /home/robot/app/robot_ws/install/nav_msgs/include/nav_msgs/nav_msgs/srv/detail/get_map__rosidl_typesupport_fastrtps_cpp.hpp
[3.393s] -- Up-to-date: /home/robot/app/robot_ws/install/nav_msgs/include/nav_msgs/nav_msgs/srv/detail/get_plan__rosidl_typesupport_fastrtps_cpp.hpp
[3.393s] -- Up-to-date: /home/robot/app/robot_ws/install/nav_msgs/include/nav_msgs/nav_msgs/msg
[3.393s] -- Up-to-date: /home/robot/app/robot_ws/install/nav_msgs/include/nav_msgs/nav_msgs/msg/rosidl_typesupport_fastrtps_cpp__visibility_control.h
[3.393s] -- Up-to-date: /home/robot/app/robot_ws/install/nav_msgs/include/nav_msgs/nav_msgs/msg/detail
[3.394s] -- Up-to-date: /home/robot/app/robot_ws/install/nav_msgs/include/nav_msgs/nav_msgs/msg/detail/odometry__rosidl_typesupport_fastrtps_cpp.hpp
[3.394s] -- Up-to-date: /home/robot/app/robot_ws/install/nav_msgs/include/nav_msgs/nav_msgs/msg/detail/map_meta_data__rosidl_typesupport_fastrtps_cpp.hpp
[3.394s] -- Up-to-date: /home/robot/app/robot_ws/install/nav_msgs/include/nav_msgs/nav_msgs/msg/detail/dds_fastrtps
[3.394s] -- Up-to-date: /home/robot/app/robot_ws/install/nav_msgs/include/nav_msgs/nav_msgs/msg/detail/grid_cells__rosidl_typesupport_fastrtps_cpp.hpp
[3.395s] -- Up-to-date: /home/robot/app/robot_ws/install/nav_msgs/include/nav_msgs/nav_msgs/msg/detail/path__rosidl_typesupport_fastrtps_cpp.hpp
[3.395s] -- Up-to-date: /home/robot/app/robot_ws/install/nav_msgs/include/nav_msgs/nav_msgs/msg/detail/occupancy_grid__rosidl_typesupport_fastrtps_cpp.hpp
[3.395s] -- Up-to-date: /home/robot/app/robot_ws/install/nav_msgs/lib/libnav_msgs__rosidl_typesupport_fastrtps_cpp.so
[3.395s] -- Up-to-date: /home/robot/app/robot_ws/install/nav_msgs/include/nav_msgs
[3.395s] -- Up-to-date: /home/robot/app/robot_ws/install/nav_msgs/include/nav_msgs/srv
[3.396s] -- Up-to-date: /home/robot/app/robot_ws/install/nav_msgs/include/nav_msgs/srv/detail
[3.396s] -- Up-to-date: /home/robot/app/robot_ws/install/nav_msgs/include/nav_msgs/srv/detail/microxrcedds
[3.396s] -- Up-to-date: /home/robot/app/robot_ws/install/nav_msgs/include/nav_msgs/srv/detail/set_map__rosidl_typesupport_microxrcedds_c.h
[3.397s] -- Up-to-date: /home/robot/app/robot_ws/install/nav_msgs/include/nav_msgs/srv/detail/get_plan__rosidl_typesupport_microxrcedds_c.h
[3.397s] -- Up-to-date: /home/robot/app/robot_ws/install/nav_msgs/include/nav_msgs/srv/detail/get_map__rosidl_typesupport_microxrcedds_c.h
[3.397s] -- Up-to-date: /home/robot/app/robot_ws/install/nav_msgs/include/nav_msgs/srv/detail/load_map__rosidl_typesupport_microxrcedds_c.h
[3.398s] -- Up-to-date: /home/robot/app/robot_ws/install/nav_msgs/include/nav_msgs/msg
[3.398s] -- Up-to-date: /home/robot/app/robot_ws/install/nav_msgs/include/nav_msgs/msg/detail
[3.398s] -- Up-to-date: /home/robot/app/robot_ws/install/nav_msgs/include/nav_msgs/msg/detail/map_meta_data__rosidl_typesupport_microxrcedds_c.h
[3.398s] -- Up-to-date: /home/robot/app/robot_ws/install/nav_msgs/include/nav_msgs/msg/detail/grid_cells__rosidl_typesupport_microxrcedds_c.h
[3.398s] -- Up-to-date: /home/robot/app/robot_ws/install/nav_msgs/include/nav_msgs/msg/detail/microxrcedds
[3.399s] -- Up-to-date: /home/robot/app/robot_ws/install/nav_msgs/include/nav_msgs/msg/detail/path__rosidl_typesupport_microxrcedds_c.h
[3.400s] -- Up-to-date: /home/robot/app/robot_ws/install/nav_msgs/include/nav_msgs/msg/detail/occupancy_grid__rosidl_typesupport_microxrcedds_c.h
[3.401s] -- Up-to-date: /home/robot/app/robot_ws/install/nav_msgs/include/nav_msgs/msg/detail/odometry__rosidl_typesupport_microxrcedds_c.h
[3.401s] -- Up-to-date: /home/robot/app/robot_ws/install/nav_msgs/include/nav_msgs/msg/rosidl_typesupport_microxrcedds_c__visibility_control.h
[3.401s] -- Up-to-date: /home/robot/app/robot_ws/install/nav_msgs/lib/libnav_msgs__rosidl_typesupport_microxrcedds_c.so
[3.401s] -- Up-to-date: /home/robot/app/robot_ws/install/nav_msgs/include/nav_msgs/nav_msgs
[3.401s] -- Up-to-date: /home/robot/app/robot_ws/install/nav_msgs/include/nav_msgs/nav_msgs/srv
[3.401s] -- Up-to-date: /home/robot/app/robot_ws/install/nav_msgs/include/nav_msgs/nav_msgs/srv/detail
[3.401s] -- Up-to-date: /home/robot/app/robot_ws/install/nav_msgs/include/nav_msgs/nav_msgs/srv/detail/load_map__type_support.c
[3.401s] -- Up-to-date: /home/robot/app/robot_ws/install/nav_msgs/include/nav_msgs/nav_msgs/srv/detail/get_map__rosidl_typesupport_introspection_c.h
[3.401s] -- Up-to-date: /home/robot/app/robot_ws/install/nav_msgs/include/nav_msgs/nav_msgs/srv/detail/get_plan__rosidl_typesupport_introspection_c.h
[3.402s] -- Up-to-date: /home/robot/app/robot_ws/install/nav_msgs/include/nav_msgs/nav_msgs/srv/detail/load_map__rosidl_typesupport_introspection_c.h
[3.402s] -- Up-to-date: /home/robot/app/robot_ws/install/nav_msgs/include/nav_msgs/nav_msgs/srv/detail/get_plan__type_support.c
[3.402s] -- Up-to-date: /home/robot/app/robot_ws/install/nav_msgs/include/nav_msgs/nav_msgs/srv/detail/set_map__type_support.c
[3.402s] -- Up-to-date: /home/robot/app/robot_ws/install/nav_msgs/include/nav_msgs/nav_msgs/srv/detail/get_map__type_support.c
[3.402s] -- Up-to-date: /home/robot/app/robot_ws/install/nav_msgs/include/nav_msgs/nav_msgs/srv/detail/set_map__rosidl_typesupport_introspection_c.h
[3.403s] -- Up-to-date: /home/robot/app/robot_ws/install/nav_msgs/include/nav_msgs/nav_msgs/msg
[3.403s] -- Up-to-date: /home/robot/app/robot_ws/install/nav_msgs/include/nav_msgs/nav_msgs/msg/rosidl_typesupport_introspection_c__visibility_control.h
[3.403s] -- Up-to-date: /home/robot/app/robot_ws/install/nav_msgs/include/nav_msgs/nav_msgs/msg/detail
[3.403s] -- Up-to-date: /home/robot/app/robot_ws/install/nav_msgs/include/nav_msgs/nav_msgs/msg/detail/grid_cells__rosidl_typesupport_introspection_c.h
[3.403s] -- Up-to-date: /home/robot/app/robot_ws/install/nav_msgs/include/nav_msgs/nav_msgs/msg/detail/occupancy_grid__rosidl_typesupport_introspection_c.h
[3.403s] -- Up-to-date: /home/robot/app/robot_ws/install/nav_msgs/include/nav_msgs/nav_msgs/msg/detail/odometry__type_support.c
[3.404s] -- Up-to-date: /home/robot/app/robot_ws/install/nav_msgs/include/nav_msgs/nav_msgs/msg/detail/path__type_support.c
[3.404s] -- Up-to-date: /home/robot/app/robot_ws/install/nav_msgs/include/nav_msgs/nav_msgs/msg/detail/odometry__rosidl_typesupport_introspection_c.h
[3.404s] -- Up-to-date: /home/robot/app/robot_ws/install/nav_msgs/include/nav_msgs/nav_msgs/msg/detail/map_meta_data__rosidl_typesupport_introspection_c.h
[3.404s] -- Up-to-date: /home/robot/app/robot_ws/install/nav_msgs/include/nav_msgs/nav_msgs/msg/detail/grid_cells__type_support.c
[3.404s] -- Up-to-date: /home/robot/app/robot_ws/install/nav_msgs/include/nav_msgs/nav_msgs/msg/detail/path__rosidl_typesupport_introspection_c.h
[3.405s] -- Up-to-date: /home/robot/app/robot_ws/install/nav_msgs/include/nav_msgs/nav_msgs/msg/detail/map_meta_data__type_support.c
[3.405s] -- Up-to-date: /home/robot/app/robot_ws/install/nav_msgs/include/nav_msgs/nav_msgs/msg/detail/occupancy_grid__type_support.c
[3.405s] -- Up-to-date: /home/robot/app/robot_ws/install/nav_msgs/lib/libnav_msgs__rosidl_typesupport_introspection_c.so
[3.405s] -- Up-to-date: /home/robot/app/robot_ws/install/nav_msgs/lib/libnav_msgs__rosidl_typesupport_c.so
[3.406s] -- Up-to-date: /home/robot/app/robot_ws/install/nav_msgs/include/nav_msgs
[3.406s] -- Up-to-date: /home/robot/app/robot_ws/install/nav_msgs/include/nav_msgs/srv
[3.406s] -- Up-to-date: /home/robot/app/robot_ws/install/nav_msgs/include/nav_msgs/srv/detail
[3.406s] -- Up-to-date: /home/robot/app/robot_ws/install/nav_msgs/include/nav_msgs/srv/detail/get_plan__rosidl_typesupport_microxrcedds_cpp.hpp
[3.406s] -- Up-to-date: /home/robot/app/robot_ws/install/nav_msgs/include/nav_msgs/srv/detail/microxrcedds
[3.406s] -- Up-to-date: /home/robot/app/robot_ws/install/nav_msgs/include/nav_msgs/srv/detail/microxrcedds/get_plan__type_support_cpp.cpp
[3.407s] -- Up-to-date: /home/robot/app/robot_ws/install/nav_msgs/include/nav_msgs/srv/detail/microxrcedds/get_map__type_support_cpp.cpp
[3.407s] -- Up-to-date: /home/robot/app/robot_ws/install/nav_msgs/include/nav_msgs/srv/detail/microxrcedds/set_map__type_support_cpp.cpp
[3.407s] -- Up-to-date: /home/robot/app/robot_ws/install/nav_msgs/include/nav_msgs/srv/detail/microxrcedds/load_map__type_support_cpp.cpp
[3.407s] -- Up-to-date: /home/robot/app/robot_ws/install/nav_msgs/include/nav_msgs/srv/detail/load_map__rosidl_typesupport_microxrcedds_cpp.hpp
[3.407s] -- Up-to-date: /home/robot/app/robot_ws/install/nav_msgs/include/nav_msgs/srv/detail/get_map__rosidl_typesupport_microxrcedds_cpp.hpp
[3.407s] -- Up-to-date: /home/robot/app/robot_ws/install/nav_msgs/include/nav_msgs/srv/detail/set_map__rosidl_typesupport_microxrcedds_cpp.hpp
[3.408s] -- Up-to-date: /home/robot/app/robot_ws/install/nav_msgs/include/nav_msgs/msg
[3.408s] -- Up-to-date: /home/robot/app/robot_ws/install/nav_msgs/include/nav_msgs/msg/detail
[3.408s] -- Up-to-date: /home/robot/app/robot_ws/install/nav_msgs/include/nav_msgs/msg/detail/occupancy_grid__rosidl_typesupport_microxrcedds_cpp.hpp
[3.408s] -- Up-to-date: /home/robot/app/robot_ws/install/nav_msgs/include/nav_msgs/msg/detail/path__rosidl_typesupport_microxrcedds_cpp.hpp
[3.409s] -- Up-to-date: /home/robot/app/robot_ws/install/nav_msgs/include/nav_msgs/msg/detail/map_meta_data__rosidl_typesupport_microxrcedds_cpp.hpp
[3.409s] -- Up-to-date: /home/robot/app/robot_ws/install/nav_msgs/include/nav_msgs/msg/detail/microxrcedds
[3.409s] -- Up-to-date: /home/robot/app/robot_ws/install/nav_msgs/include/nav_msgs/msg/detail/microxrcedds/odometry__type_support_cpp.cpp
[3.409s] -- Up-to-date: /home/robot/app/robot_ws/install/nav_msgs/include/nav_msgs/msg/detail/microxrcedds/path__type_support_cpp.cpp
[3.409s] -- Up-to-date: /home/robot/app/robot_ws/install/nav_msgs/include/nav_msgs/msg/detail/microxrcedds/occupancy_grid__type_support_cpp.cpp
[3.410s] -- Up-to-date: /home/robot/app/robot_ws/install/nav_msgs/include/nav_msgs/msg/detail/microxrcedds/grid_cells__type_support_cpp.cpp
[3.410s] -- Up-to-date: /home/robot/app/robot_ws/install/nav_msgs/include/nav_msgs/msg/detail/microxrcedds/map_meta_data__type_support_cpp.cpp
[3.410s] -- Up-to-date: /home/robot/app/robot_ws/install/nav_msgs/include/nav_msgs/msg/detail/odometry__rosidl_typesupport_microxrcedds_cpp.hpp
[3.410s] -- Up-to-date: /home/robot/app/robot_ws/install/nav_msgs/include/nav_msgs/msg/detail/grid_cells__rosidl_typesupport_microxrcedds_cpp.hpp
[3.410s] -- Up-to-date: /home/robot/app/robot_ws/install/nav_msgs/include/nav_msgs/msg/rosidl_typesupport_microxrcedds_cpp__visibility_control.h
[3.410s] -- Up-to-date: /home/robot/app/robot_ws/install/nav_msgs/lib/libnav_msgs__rosidl_typesupport_microxrcedds_cpp.so
[3.411s] -- Up-to-date: /home/robot/app/robot_ws/install/nav_msgs/include/nav_msgs/nav_msgs
[3.411s] -- Up-to-date: /home/robot/app/robot_ws/install/nav_msgs/include/nav_msgs/nav_msgs/srv
[3.411s] -- Up-to-date: /home/robot/app/robot_ws/install/nav_msgs/include/nav_msgs/nav_msgs/srv/detail
[3.411s] -- Up-to-date: /home/robot/app/robot_ws/install/nav_msgs/include/nav_msgs/nav_msgs/srv/detail/get_map__rosidl_typesupport_introspection_cpp.hpp
[3.411s] -- Up-to-date: /home/robot/app/robot_ws/install/nav_msgs/include/nav_msgs/nav_msgs/srv/detail/load_map__type_support.cpp
[3.411s] -- Up-to-date: /home/robot/app/robot_ws/install/nav_msgs/include/nav_msgs/nav_msgs/srv/detail/get_plan__rosidl_typesupport_introspection_cpp.hpp
[3.411s] -- Up-to-date: /home/robot/app/robot_ws/install/nav_msgs/include/nav_msgs/nav_msgs/srv/detail/set_map__type_support.cpp
[3.411s] -- Up-to-date: /home/robot/app/robot_ws/install/nav_msgs/include/nav_msgs/nav_msgs/srv/detail/load_map__rosidl_typesupport_introspection_cpp.hpp
[3.412s] -- Up-to-date: /home/robot/app/robot_ws/install/nav_msgs/include/nav_msgs/nav_msgs/srv/detail/set_map__rosidl_typesupport_introspection_cpp.hpp
[3.412s] -- Up-to-date: /home/robot/app/robot_ws/install/nav_msgs/include/nav_msgs/nav_msgs/srv/detail/get_plan__type_support.cpp
[3.412s] -- Up-to-date: /home/robot/app/robot_ws/install/nav_msgs/include/nav_msgs/nav_msgs/srv/detail/get_map__type_support.cpp
[3.412s] -- Up-to-date: /home/robot/app/robot_ws/install/nav_msgs/include/nav_msgs/nav_msgs/msg
[3.412s] -- Up-to-date: /home/robot/app/robot_ws/install/nav_msgs/include/nav_msgs/nav_msgs/msg/detail
[3.413s] -- Up-to-date: /home/robot/app/robot_ws/install/nav_msgs/include/nav_msgs/nav_msgs/msg/detail/odometry__type_support.cpp
[3.413s] -- Up-to-date: /home/robot/app/robot_ws/install/nav_msgs/include/nav_msgs/nav_msgs/msg/detail/odometry__rosidl_typesupport_introspection_cpp.hpp
[3.413s] -- Up-to-date: /home/robot/app/robot_ws/install/nav_msgs/include/nav_msgs/nav_msgs/msg/detail/grid_cells__rosidl_typesupport_introspection_cpp.hpp
[3.413s] -- Up-to-date: /home/robot/app/robot_ws/install/nav_msgs/include/nav_msgs/nav_msgs/msg/detail/grid_cells__type_support.cpp
[3.413s] -- Up-to-date: /home/robot/app/robot_ws/install/nav_msgs/include/nav_msgs/nav_msgs/msg/detail/path__type_support.cpp
[3.413s] -- Up-to-date: /home/robot/app/robot_ws/install/nav_msgs/include/nav_msgs/nav_msgs/msg/detail/path__rosidl_typesupport_introspection_cpp.hpp
[3.413s] -- Up-to-date: /home/robot/app/robot_ws/install/nav_msgs/include/nav_msgs/nav_msgs/msg/detail/occupancy_grid__rosidl_typesupport_introspection_cpp.hpp
[3.414s] -- Up-to-date: /home/robot/app/robot_ws/install/nav_msgs/include/nav_msgs/nav_msgs/msg/detail/map_meta_data__type_support.cpp
[3.414s] -- Up-to-date: /home/robot/app/robot_ws/install/nav_msgs/include/nav_msgs/nav_msgs/msg/detail/occupancy_grid__type_support.cpp
[3.414s] -- Up-to-date: /home/robot/app/robot_ws/install/nav_msgs/include/nav_msgs/nav_msgs/msg/detail/map_meta_data__rosidl_typesupport_introspection_cpp.hpp
[3.414s] -- Up-to-date: /home/robot/app/robot_ws/install/nav_msgs/lib/libnav_msgs__rosidl_typesupport_introspection_cpp.so
[3.414s] -- Up-to-date: /home/robot/app/robot_ws/install/nav_msgs/lib/libnav_msgs__rosidl_typesupport_cpp.so
[3.414s] -- Up-to-date: /home/robot/app/robot_ws/install/nav_msgs/share/nav_msgs/environment/pythonpath.sh
[3.414s] -- Up-to-date: /home/robot/app/robot_ws/install/nav_msgs/share/nav_msgs/environment/pythonpath.dsv
[3.414s] -- Up-to-date: /home/robot/app/robot_ws/install/nav_msgs/local/lib/python3.10/dist-packages/nav_msgs-4.2.4-py3.10.egg-info
[3.414s] -- Installing: /home/robot/app/robot_ws/install/nav_msgs/local/lib/python3.10/dist-packages/nav_msgs-4.2.4-py3.10.egg-info/dependency_links.txt
[3.415s] -- Installing: /home/robot/app/robot_ws/install/nav_msgs/local/lib/python3.10/dist-packages/nav_msgs-4.2.4-py3.10.egg-info/PKG-INFO
[3.415s] -- Installing: /home/robot/app/robot_ws/install/nav_msgs/local/lib/python3.10/dist-packages/nav_msgs-4.2.4-py3.10.egg-info/SOURCES.txt
[3.415s] -- Installing: /home/robot/app/robot_ws/install/nav_msgs/local/lib/python3.10/dist-packages/nav_msgs-4.2.4-py3.10.egg-info/top_level.txt
[3.415s] -- Up-to-date: /home/robot/app/robot_ws/install/nav_msgs/local/lib/python3.10/dist-packages/nav_msgs
[3.415s] -- Up-to-date: /home/robot/app/robot_ws/install/nav_msgs/local/lib/python3.10/dist-packages/nav_msgs/__init__.py
[3.415s] -- Up-to-date: /home/robot/app/robot_ws/install/nav_msgs/local/lib/python3.10/dist-packages/nav_msgs/_nav_msgs_s.ep.rosidl_typesupport_fastrtps_c.c
[3.415s] -- Up-to-date: /home/robot/app/robot_ws/install/nav_msgs/local/lib/python3.10/dist-packages/nav_msgs/nav_msgs_s__rosidl_typesupport_introspection_c.cpython-310-x86_64-linux-gnu.so
[3.416s] -- Up-to-date: /home/robot/app/robot_ws/install/nav_msgs/local/lib/python3.10/dist-packages/nav_msgs/srv
[3.416s] -- Up-to-date: /home/robot/app/robot_ws/install/nav_msgs/local/lib/python3.10/dist-packages/nav_msgs/srv/_get_map_s.c
[3.416s] -- Up-to-date: /home/robot/app/robot_ws/install/nav_msgs/local/lib/python3.10/dist-packages/nav_msgs/srv/__init__.py
[3.416s] -- Up-to-date: /home/robot/app/robot_ws/install/nav_msgs/local/lib/python3.10/dist-packages/nav_msgs/srv/_load_map_s.c
[3.416s] -- Up-to-date: /home/robot/app/robot_ws/install/nav_msgs/local/lib/python3.10/dist-packages/nav_msgs/srv/_get_map.py
[3.416s] -- Up-to-date: /home/robot/app/robot_ws/install/nav_msgs/local/lib/python3.10/dist-packages/nav_msgs/srv/_set_map_s.c
[3.416s] -- Up-to-date: /home/robot/app/robot_ws/install/nav_msgs/local/lib/python3.10/dist-packages/nav_msgs/srv/_load_map.py
[3.416s] -- Up-to-date: /home/robot/app/robot_ws/install/nav_msgs/local/lib/python3.10/dist-packages/nav_msgs/srv/_get_plan_s.c
[3.417s] -- Up-to-date: /home/robot/app/robot_ws/install/nav_msgs/local/lib/python3.10/dist-packages/nav_msgs/srv/_get_plan.py
[3.417s] -- Up-to-date: /home/robot/app/robot_ws/install/nav_msgs/local/lib/python3.10/dist-packages/nav_msgs/srv/_set_map.py
[3.417s] -- Up-to-date: /home/robot/app/robot_ws/install/nav_msgs/local/lib/python3.10/dist-packages/nav_msgs/nav_msgs_s__rosidl_typesupport_microxrcedds_c.cpython-310-x86_64-linux-gnu.so
[3.417s] -- Up-to-date: /home/robot/app/robot_ws/install/nav_msgs/local/lib/python3.10/dist-packages/nav_msgs/nav_msgs_s__rosidl_typesupport_fastrtps_c.cpython-310-x86_64-linux-gnu.so
[3.417s] -- Up-to-date: /home/robot/app/robot_ws/install/nav_msgs/local/lib/python3.10/dist-packages/nav_msgs/nav_msgs_s__rosidl_typesupport_c.cpython-310-x86_64-linux-gnu.so
[3.417s] -- Up-to-date: /home/robot/app/robot_ws/install/nav_msgs/local/lib/python3.10/dist-packages/nav_msgs/_nav_msgs_s.ep.rosidl_typesupport_introspection_c.c
[3.417s] -- Up-to-date: /home/robot/app/robot_ws/install/nav_msgs/local/lib/python3.10/dist-packages/nav_msgs/_nav_msgs_s.ep.rosidl_typesupport_microxrcedds_c.c
[3.418s] -- Up-to-date: /home/robot/app/robot_ws/install/nav_msgs/local/lib/python3.10/dist-packages/nav_msgs/_nav_msgs_s.ep.rosidl_typesupport_c.c
[3.418s] -- Up-to-date: /home/robot/app/robot_ws/install/nav_msgs/local/lib/python3.10/dist-packages/nav_msgs/msg
[3.418s] -- Up-to-date: /home/robot/app/robot_ws/install/nav_msgs/local/lib/python3.10/dist-packages/nav_msgs/msg/__init__.py
[3.418s] -- Up-to-date: /home/robot/app/robot_ws/install/nav_msgs/local/lib/python3.10/dist-packages/nav_msgs/msg/_map_meta_data.py
[3.418s] -- Up-to-date: /home/robot/app/robot_ws/install/nav_msgs/local/lib/python3.10/dist-packages/nav_msgs/msg/_map_meta_data_s.c
[3.418s] -- Up-to-date: /home/robot/app/robot_ws/install/nav_msgs/local/lib/python3.10/dist-packages/nav_msgs/msg/_occupancy_grid.py
[3.418s] -- Up-to-date: /home/robot/app/robot_ws/install/nav_msgs/local/lib/python3.10/dist-packages/nav_msgs/msg/_occupancy_grid_s.c
[3.419s] -- Up-to-date: /home/robot/app/robot_ws/install/nav_msgs/local/lib/python3.10/dist-packages/nav_msgs/msg/_grid_cells_s.c
[3.419s] -- Up-to-date: /home/robot/app/robot_ws/install/nav_msgs/local/lib/python3.10/dist-packages/nav_msgs/msg/_path_s.c
[3.419s] -- Up-to-date: /home/robot/app/robot_ws/install/nav_msgs/local/lib/python3.10/dist-packages/nav_msgs/msg/_odometry_s.c
[3.419s] -- Up-to-date: /home/robot/app/robot_ws/install/nav_msgs/local/lib/python3.10/dist-packages/nav_msgs/msg/_path.py
[3.419s] -- Up-to-date: /home/robot/app/robot_ws/install/nav_msgs/local/lib/python3.10/dist-packages/nav_msgs/msg/_grid_cells.py
[3.419s] -- Up-to-date: /home/robot/app/robot_ws/install/nav_msgs/local/lib/python3.10/dist-packages/nav_msgs/msg/_odometry.py
[3.419s] -- Up-to-date: /home/robot/app/robot_ws/install/nav_msgs/local/lib/python3.10/dist-packages/nav_msgs/libnav_msgs__rosidl_generator_py.so
[3.512s] Listing '/home/robot/app/robot_ws/install/nav_msgs/local/lib/python3.10/dist-packages/nav_msgs'...
[3.512s] Listing '/home/robot/app/robot_ws/install/nav_msgs/local/lib/python3.10/dist-packages/nav_msgs/msg'...
[3.513s] Listing '/home/robot/app/robot_ws/install/nav_msgs/local/lib/python3.10/dist-packages/nav_msgs/srv'...
[3.522s] -- Up-to-date: /home/robot/app/robot_ws/install/nav_msgs/local/lib/python3.10/dist-packages/nav_msgs/nav_msgs_s__rosidl_typesupport_microxrcedds_c.cpython-310-x86_64-linux-gnu.so
[3.523s] -- Up-to-date: /home/robot/app/robot_ws/install/nav_msgs/local/lib/python3.10/dist-packages/nav_msgs/nav_msgs_s__rosidl_typesupport_fastrtps_c.cpython-310-x86_64-linux-gnu.so
[3.523s] -- Up-to-date: /home/robot/app/robot_ws/install/nav_msgs/local/lib/python3.10/dist-packages/nav_msgs/nav_msgs_s__rosidl_typesupport_introspection_c.cpython-310-x86_64-linux-gnu.so
[3.524s] -- Up-to-date: /home/robot/app/robot_ws/install/nav_msgs/local/lib/python3.10/dist-packages/nav_msgs/nav_msgs_s__rosidl_typesupport_c.cpython-310-x86_64-linux-gnu.so
[3.525s] -- Up-to-date: /home/robot/app/robot_ws/install/nav_msgs/lib/libnav_msgs__rosidl_generator_py.so
[3.525s] -- Up-to-date: /home/robot/app/robot_ws/install/nav_msgs/share/nav_msgs/msg/GridCells.idl
[3.525s] -- Up-to-date: /home/robot/app/robot_ws/install/nav_msgs/share/nav_msgs/msg/MapMetaData.idl
[3.525s] -- Up-to-date: /home/robot/app/robot_ws/install/nav_msgs/share/nav_msgs/msg/OccupancyGrid.idl
[3.526s] -- Up-to-date: /home/robot/app/robot_ws/install/nav_msgs/share/nav_msgs/msg/Odometry.idl
[3.526s] -- Up-to-date: /home/robot/app/robot_ws/install/nav_msgs/share/nav_msgs/msg/Path.idl
[3.526s] -- Up-to-date: /home/robot/app/robot_ws/install/nav_msgs/share/nav_msgs/srv/GetMap.idl
[3.526s] -- Up-to-date: /home/robot/app/robot_ws/install/nav_msgs/share/nav_msgs/srv/GetPlan.idl
[3.526s] -- Up-to-date: /home/robot/app/robot_ws/install/nav_msgs/share/nav_msgs/srv/LoadMap.idl
[3.526s] -- Up-to-date: /home/robot/app/robot_ws/install/nav_msgs/share/nav_msgs/srv/SetMap.idl
[3.527s] -- Up-to-date: /home/robot/app/robot_ws/install/nav_msgs/share/nav_msgs/msg/GridCells.msg
[3.527s] -- Up-to-date: /home/robot/app/robot_ws/install/nav_msgs/share/nav_msgs/msg/MapMetaData.msg
[3.527s] -- Up-to-date: /home/robot/app/robot_ws/install/nav_msgs/share/nav_msgs/msg/OccupancyGrid.msg
[3.527s] -- Up-to-date: /home/robot/app/robot_ws/install/nav_msgs/share/nav_msgs/msg/Odometry.msg
[3.527s] -- Up-to-date: /home/robot/app/robot_ws/install/nav_msgs/share/nav_msgs/msg/Path.msg
[3.528s] -- Up-to-date: /home/robot/app/robot_ws/install/nav_msgs/share/nav_msgs/srv/GetMap.srv
[3.528s] -- Up-to-date: /home/robot/app/robot_ws/install/nav_msgs/share/nav_msgs/srv/GetMap_Request.msg
[3.528s] -- Up-to-date: /home/robot/app/robot_ws/install/nav_msgs/share/nav_msgs/srv/GetMap_Response.msg
[3.528s] -- Up-to-date: /home/robot/app/robot_ws/install/nav_msgs/share/nav_msgs/srv/GetPlan.srv
[3.528s] -- Up-to-date: /home/robot/app/robot_ws/install/nav_msgs/share/nav_msgs/srv/GetPlan_Request.msg
[3.529s] -- Up-to-date: /home/robot/app/robot_ws/install/nav_msgs/share/nav_msgs/srv/GetPlan_Response.msg
[3.529s] -- Up-to-date: /home/robot/app/robot_ws/install/nav_msgs/share/nav_msgs/srv/LoadMap.srv
[3.529s] -- Up-to-date: /home/robot/app/robot_ws/install/nav_msgs/share/nav_msgs/srv/LoadMap_Request.msg
[3.530s] -- Up-to-date: /home/robot/app/robot_ws/install/nav_msgs/share/nav_msgs/srv/LoadMap_Response.msg
[3.530s] -- Up-to-date: /home/robot/app/robot_ws/install/nav_msgs/share/nav_msgs/srv/SetMap.srv
[3.530s] -- Up-to-date: /home/robot/app/robot_ws/install/nav_msgs/share/nav_msgs/srv/SetMap_Request.msg
[3.530s] -- Up-to-date: /home/robot/app/robot_ws/install/nav_msgs/share/nav_msgs/srv/SetMap_Response.msg
[3.530s] -- Up-to-date: /home/robot/app/robot_ws/install/nav_msgs/share/ament_index/resource_index/package_run_dependencies/nav_msgs
[3.530s] -- Up-to-date: /home/robot/app/robot_ws/install/nav_msgs/share/ament_index/resource_index/parent_prefix_path/nav_msgs
[3.531s] -- Up-to-date: /home/robot/app/robot_ws/install/nav_msgs/share/nav_msgs/environment/ament_prefix_path.sh
[3.531s] -- Up-to-date: /home/robot/app/robot_ws/install/nav_msgs/share/nav_msgs/environment/ament_prefix_path.dsv
[3.531s] -- Up-to-date: /home/robot/app/robot_ws/install/nav_msgs/share/nav_msgs/environment/path.sh
[3.532s] -- Up-to-date: /home/robot/app/robot_ws/install/nav_msgs/share/nav_msgs/environment/path.dsv
[3.532s] -- Up-to-date: /home/robot/app/robot_ws/install/nav_msgs/share/nav_msgs/local_setup.bash
[3.532s] -- Up-to-date: /home/robot/app/robot_ws/install/nav_msgs/share/nav_msgs/local_setup.sh
[3.533s] -- Up-to-date: /home/robot/app/robot_ws/install/nav_msgs/share/nav_msgs/local_setup.zsh
[3.533s] -- Up-to-date: /home/robot/app/robot_ws/install/nav_msgs/share/nav_msgs/local_setup.dsv
[3.534s] -- Installing: /home/robot/app/robot_ws/install/nav_msgs/share/nav_msgs/package.dsv
[3.534s] -- Up-to-date: /home/robot/app/robot_ws/install/nav_msgs/share/ament_index/resource_index/packages/nav_msgs
[3.534s] -- Up-to-date: /home/robot/app/robot_ws/install/nav_msgs/share/nav_msgs/cmake/export_nav_msgs__rosidl_generator_cExport.cmake
[3.534s] -- Up-to-date: /home/robot/app/robot_ws/install/nav_msgs/share/nav_msgs/cmake/export_nav_msgs__rosidl_generator_cExport-noconfig.cmake
[3.534s] -- Up-to-date: /home/robot/app/robot_ws/install/nav_msgs/share/nav_msgs/cmake/export_nav_msgs__rosidl_typesupport_fastrtps_cExport.cmake
[3.535s] -- Up-to-date: /home/robot/app/robot_ws/install/nav_msgs/share/nav_msgs/cmake/export_nav_msgs__rosidl_typesupport_fastrtps_cExport-noconfig.cmake
[3.535s] -- Up-to-date: /home/robot/app/robot_ws/install/nav_msgs/share/nav_msgs/cmake/export_nav_msgs__rosidl_generator_cppExport.cmake
[3.535s] -- Up-to-date: /home/robot/app/robot_ws/install/nav_msgs/share/nav_msgs/cmake/export_nav_msgs__rosidl_typesupport_fastrtps_cppExport.cmake
[3.535s] -- Up-to-date: /home/robot/app/robot_ws/install/nav_msgs/share/nav_msgs/cmake/export_nav_msgs__rosidl_typesupport_fastrtps_cppExport-noconfig.cmake
[3.535s] -- Up-to-date: /home/robot/app/robot_ws/install/nav_msgs/share/nav_msgs/cmake/nav_msgs__rosidl_typesupport_introspection_cExport.cmake
[3.536s] -- Up-to-date: /home/robot/app/robot_ws/install/nav_msgs/share/nav_msgs/cmake/nav_msgs__rosidl_typesupport_introspection_cExport-noconfig.cmake
[3.536s] -- Up-to-date: /home/robot/app/robot_ws/install/nav_msgs/share/nav_msgs/cmake/nav_msgs__rosidl_typesupport_cExport.cmake
[3.536s] -- Up-to-date: /home/robot/app/robot_ws/install/nav_msgs/share/nav_msgs/cmake/nav_msgs__rosidl_typesupport_cExport-noconfig.cmake
[3.537s] -- Up-to-date: /home/robot/app/robot_ws/install/nav_msgs/share/nav_msgs/cmake/nav_msgs__rosidl_typesupport_introspection_cppExport.cmake
[3.537s] -- Up-to-date: /home/robot/app/robot_ws/install/nav_msgs/share/nav_msgs/cmake/nav_msgs__rosidl_typesupport_introspection_cppExport-noconfig.cmake
[3.537s] -- Up-to-date: /home/robot/app/robot_ws/install/nav_msgs/share/nav_msgs/cmake/nav_msgs__rosidl_typesupport_cppExport.cmake
[3.537s] -- Up-to-date: /home/robot/app/robot_ws/install/nav_msgs/share/nav_msgs/cmake/nav_msgs__rosidl_typesupport_cppExport-noconfig.cmake
[3.537s] -- Up-to-date: /home/robot/app/robot_ws/install/nav_msgs/share/nav_msgs/cmake/export_nav_msgs__rosidl_generator_pyExport.cmake
[3.538s] -- Up-to-date: /home/robot/app/robot_ws/install/nav_msgs/share/nav_msgs/cmake/export_nav_msgs__rosidl_generator_pyExport-noconfig.cmake
[3.538s] -- Up-to-date: /home/robot/app/robot_ws/install/nav_msgs/share/nav_msgs/cmake/rosidl_cmake-extras.cmake
[3.538s] -- Up-to-date: /home/robot/app/robot_ws/install/nav_msgs/share/nav_msgs/cmake/ament_cmake_export_dependencies-extras.cmake
[3.538s] -- Up-to-date: /home/robot/app/robot_ws/install/nav_msgs/share/nav_msgs/cmake/ament_cmake_export_include_directories-extras.cmake
[3.538s] -- Up-to-date: /home/robot/app/robot_ws/install/nav_msgs/share/nav_msgs/cmake/ament_cmake_export_libraries-extras.cmake
[3.539s] -- Up-to-date: /home/robot/app/robot_ws/install/nav_msgs/share/nav_msgs/cmake/ament_cmake_export_targets-extras.cmake
[3.539s] -- Up-to-date: /home/robot/app/robot_ws/install/nav_msgs/share/nav_msgs/cmake/rosidl_cmake_export_typesupport_targets-extras.cmake
[3.539s] -- Up-to-date: /home/robot/app/robot_ws/install/nav_msgs/share/nav_msgs/cmake/rosidl_cmake_export_typesupport_libraries-extras.cmake
[3.539s] -- Up-to-date: /home/robot/app/robot_ws/install/nav_msgs/share/nav_msgs/cmake/nav_msgsConfig.cmake
[3.540s] -- Up-to-date: /home/robot/app/robot_ws/install/nav_msgs/share/nav_msgs/cmake/nav_msgsConfig-version.cmake
[3.540s] -- Up-to-date: /home/robot/app/robot_ws/install/nav_msgs/share/nav_msgs/package.xml
[3.542s] Invoked command in '/home/robot/app/robot_ws/build/nav_msgs' returned '0': CMAKE_PREFIX_PATH=/home/robot/app/robot_ws/install/geometry_msgs:/home/robot/app/robot_ws/install/std_msgs:/home/robot/app/robot_ws/install/builtin_interfaces:/home/robot/app/robot_ws/install/micro_ros_demos_rclc:/home/robot/app/robot_ws/install/common_interfaces:/home/robot/app/robot_ws/install/visualization_msgs:/home/robot/app/robot_ws/install/test_msgs:/home/robot/app/robot_ws/install/example_interfaces:/home/robot/app/robot_ws/install/action_msgs:/home/robot/app/robot_ws/install/unique_identifier_msgs:/home/robot/app/robot_ws/install/trajectory_msgs:/home/robot/app/robot_ws/install/stereo_msgs:/home/robot/app/robot_ws/install/std_srvs:/home/robot/app/robot_ws/install/shape_msgs:/home/robot/app/robot_ws/install/sensor_msgs:/home/robot/app/robot_ws/install/nav_msgs:/home/robot/app/robot_ws/install/diagnostic_msgs:/home/robot/app/robot_ws/install/actionlib_msgs:/home/robot/app/robot_ws/install/statistics_msgs:/home/robot/app/robot_ws/install/rosidl_typesupport_microxrcedds_test_msg:/home/robot/app/robot_ws/install/rosidl_typesupport_microxrcedds_cpp_tests:/home/robot/app/robot_ws/install/rmw_microxrcedds:/home/robot/app/robot_ws/install/rosidl_typesupport_microxrcedds_cpp:/home/robot/app/robot_ws/install/rosidl_typesupport_microxrcedds_c_tests:/home/robot/app/robot_ws/install/rosidl_typesupport_microxrcedds_c:/home/robot/app/robot_ws/install/rosgraph_msgs:/home/robot/app/robot_ws/install/rclc_parameter:/home/robot/app/robot_ws/install/rclc:/home/robot/app/robot_ws/install/composition_interfaces:/home/robot/app/robot_ws/install/rcl_interfaces:/home/robot/app/robot_ws/install/microxrcedds_client:/home/robot/app/robot_ws/install/microcdr:/home/robot/app/robot_ws/install/micro_ros_utilities:/home/robot/app/robot_ws/install/micro_ros_msgs:/home/robot/app/robot_ws/install/lifecycle_msgs:/home/robot/app/robot_ws/install/complex_msgs:/home/robot/app/robot_ws/install/micro_ros_setup:/home/robot/app/robot_ws/install/my_custom_message:/home/robot/app/robot_ws/install/sensor_msgs_py:/opt/ros/humble LD_LIBRARY_PATH=/home/robot/app/robot_ws/install/geometry_msgs/lib:/home/robot/app/robot_ws/install/std_msgs/lib:/home/robot/app/robot_ws/install/builtin_interfaces/lib:/home/robot/app/robot_ws/install/visualization_msgs/lib:/home/robot/app/robot_ws/install/test_msgs/lib:/home/robot/app/robot_ws/install/example_interfaces/lib:/home/robot/app/robot_ws/install/action_msgs/lib:/home/robot/app/robot_ws/install/unique_identifier_msgs/lib:/home/robot/app/robot_ws/install/trajectory_msgs/lib:/home/robot/app/robot_ws/install/stereo_msgs/lib:/home/robot/app/robot_ws/install/std_srvs/lib:/home/robot/app/robot_ws/install/shape_msgs/lib:/home/robot/app/robot_ws/install/sensor_msgs/lib:/home/robot/app/robot_ws/install/nav_msgs/lib:/home/robot/app/robot_ws/install/diagnostic_msgs/lib:/home/robot/app/robot_ws/install/actionlib_msgs/lib:/home/robot/app/robot_ws/install/statistics_msgs/lib:/home/robot/app/robot_ws/install/rmw_microxrcedds/lib:/home/robot/app/robot_ws/install/rosidl_typesupport_microxrcedds_cpp/lib:/home/robot/app/robot_ws/install/rosidl_typesupport_microxrcedds_c/lib:/home/robot/app/robot_ws/install/rosgraph_msgs/lib:/home/robot/app/robot_ws/install/rclc_parameter/lib:/home/robot/app/robot_ws/install/rclc/lib:/home/robot/app/robot_ws/install/composition_interfaces/lib:/home/robot/app/robot_ws/install/rcl_interfaces/lib:/home/robot/app/robot_ws/install/microxrcedds_client/lib:/home/robot/app/robot_ws/install/microcdr/lib:/home/robot/app/robot_ws/install/micro_ros_utilities/lib:/home/robot/app/robot_ws/install/micro_ros_msgs/lib:/home/robot/app/robot_ws/install/lifecycle_msgs/lib:/home/robot/app/robot_ws/install/complex_msgs/lib:/home/robot/app/robot_ws/install/my_custom_message/lib:/opt/ros/humble/opt/rviz_ogre_vendor/lib:/opt/ros/humble/lib/x86_64-linux-gnu:/opt/ros/humble/lib /usr/bin/cmake --install /home/robot/app/robot_ws/build/nav_msgs
